  dw dhalsimPage3frame000
  dw dhalsimPage3frame001
  dw dhalsimPage3frame002
  dw dhalsimPage3frame003
  dw dhalsimPage3frame004
  dw dhalsimPage3frame005
  dw dhalsimPage3frame006
  dw dhalsimPage3frame007
  dw dhalsimPage3frame008
  dw dhalsimPage3frame009
  dw dhalsimPage3frame010
  dw dhalsimPage3frame011
  dw dhalsimPage3frame012
  dw dhalsimPage3frame013
  dw dhalsimPage3frame014
  dw dhalsimPage3frame015
  dw dhalsimPage3frame016
  dw dhalsimPage3frame017
  dw dhalsimPage3frame018
  dw dhalsimPage3frame019
  dw dhalsimPage3frame020
  dw dhalsimPage3frame021
  dw dhalsimPage3frame022
  dw dhalsimPage3frame023
  dw dhalsimPage3frame024
  dw dhalsimPage3frame025
  dw dhalsimPage3frame026
  dw dhalsimPage3frame027
  dw dhalsimPage3frame028
  dw dhalsimPage3frame029
  dw dhalsimPage3frame030

dhalsimPage3frame000:
  db 024h,03Bh,06Ch,049h
  db 080h
  db 070h,022h,02Ah,06Dh,022h
  db 000h,000h
  db 000h,000h
  dw 00280h,base+00048h
  dw 00379h,base+00159h
  dw 00306h,base+00045h
  dw 00479h,base+0351Bh
  dw 00507h,base+0320Fh
  dw 00479h,base+0351Fh
  dw 00607h,base+02EEBh
  dw 00479h,base+02D3Dh
  dw 00C80h,base+01ACCh
  dw 00C80h,base+01AD8h
  dw 00C80h,base+01AE4h
  dw 00C81h,base+01AF0h
  dw 00B80h,base+01ED4h
  dw 00B81h,base+01EDFh
  dw 00A80h,base+0232Bh
  dw 00C7Fh,base+01AFCh
  dw 00E80h,base+01536h
  dw 00F80h,base+01239h
  dw 00F7Fh,base+01248h
  dw 01080h,base+01079h
  dw 01080h,base+01089h
  dw 01080h,base+01099h
  dw 01081h,base+010A9h
  dw 00F80h,base+01257h
  dw 00F81h,base+01266h
  dw 00D82h,base+0180Eh
  dw 00B80h,base+01EEAh
  dw 00A80h,base+02335h
  dw 00A81h,base+0233Fh
  dw 00881h,base+02A18h
  dw 00780h,base+02C98h
  dw 00680h,base+02EF1h
  dw 00679h,base+02EF7h
  dw 00207h,base+00038h
  dw 00679h,base+02EFDh
  dw 00307h,base+00037h
  dw 00778h,base+02C9Fh
  dw 00508h,base+03214h
  dw 00778h,base+02CA6h
  dw 00608h,base+02F03h
  dw 00778h,base+02CADh
  dw 00F80h,base+01275h
  dw 00F80h,base+01284h
  dw 00F81h,base+01293h
  dw 00E80h,base+01544h
  dw 00E81h,base+01552h
  dw 00D80h,base+0181Bh
  dw 00D81h,base+01828h
  dw 00C80h,base+01B08h
  dw 00C81h,base+01B14h
  dw 00A80h,base+02349h
  dw 00A81h,base+02353h
  dw 00980h,base+02763h
  dw 00980h,base+0276Ch
  dw 00B80h,base+01EF5h
  dw 00C81h,base+01B20h
  dw 00B80h,base+01F00h
  dw 00204h,base+00088h
  dw 0077Ch,base+02CB4h
  dw 00207h,base+00006h
  dw 00478h,base+03523h
  dw 00309h,base+004FBh
  dw 00376h,base+00005h
  dw 0040Ah,base+03527h
  dw 00374h,base+002F0h
  dw 0060Bh,base+02F09h
  dw 00475h,base+0352Bh
  dw 0060Ah,base+02F0Fh
  dw 00576h,base+03219h
  dw 0060Ah,base+01B9Ah
  dw 00576h,base+0321Eh
  dw 00104h,base+00020h
  dw 00106h,base+00020h
  dw 00480h,base+0352Fh
  dw 00400h,base+01958h

dhalsimPage3frame001:
  db 030h,04Eh,068h,035h
  db 088h
  db 074h,024h,037h,070h,022h
  db 000h,000h
  db 000h,000h
  dw 00380h,base+002F0h
  dw 0047Fh,base+0156Ah
  dw 00580h,base+03223h
  dw 0057Fh,base+03228h
  dw 00680h,base+0085Ch
  dw 0077Fh,base+02CBBh
  dw 0097Fh,base+02775h
  dw 00B7Ch,base+01F0Bh
  dw 00204h,base+033A7h
  dw 00B7Bh,base+01F16h
  dw 01180h,base+00E48h
  dw 01180h,base+00E59h
  dw 0117Fh,base+00E6Ah
  dw 01280h,base+00C50h
  dw 0127Ch,base+00C62h
  dw 00205h,base+00004h
  dw 0117Ah,base+00E7Bh
  dw 00506h,base+0322Dh
  dw 0107Ah,base+010B9h
  dw 00607h,base+02F15h
  dw 00E78h,base+01560h
  dw 01680h,base+0071Bh
  dw 01680h,base+00731h
  dw 01581h,base+007B5h
  dw 01580h,base+007CAh
  dw 00C0Eh,base+01B2Ch
  dw 00775h,base+02CC2h
  dw 0090Bh,base+0277Eh
  dw 00775h,base+02CC9h
  dw 00506h,base+03232h
  dw 00306h,base+0250Dh
  dw 00674h,base+02F1Bh
  dw 00406h,base+0004Dh
  dw 00102h,base+00011h
  dw 00103h,base+00004h
  dw 0067Bh,base+02F21h
  dw 00102h,base+00004h
  dw 00102h,base+00011h
  dw 0077Ch,base+02CD0h
  dw 00104h,base+00011h
  dw 0077Fh,base+02CD7h
  dw 0087Fh,base+02A20h
  dw 00A80h,base+0235Dh
  dw 00A7Fh,base+02367h
  dw 00B80h,base+01F21h
  dw 00B80h,base+01F2Ch
  dw 00B80h,base+01F37h
  dw 00B80h,base+01F42h
  dw 00A80h,base+02371h
  dw 00A80h,base+0237Bh
  dw 00A80h,base+02385h
  dw 00A80h,base+0238Fh
  dw 00A7Fh,base+02399h
  dw 00A80h,base+023A3h
  dw 00A7Fh,base+023ADh
  dw 00506h,base+00048h
  dw 0047Ah,base+03533h
  dw 00406h,base+000EFh
  dw 0047Ah,base+021E2h
  dw 00405h,base+03537h
  dw 0047Bh,base+0353Bh
  dw 00305h,base+008D0h
  dw 0047Bh,base+015C5h
  dw 00305h,base+004A7h
  dw 0037Bh,base+015A0h
  dw 00305h,base+00451h
  dw 0037Bh,base+01F77h
  dw 00305h,base+00738h
  dw 0037Bh,base+016C0h
  dw 00305h,base+0375Ch
  dw 0037Bh,base+00306h
  dw 00305h,base+004FBh
  dw 0047Bh,base+0353Fh
  dw 00305h,base+03803h
  dw 0047Bh,base+03543h
  dw 00306h,base+03803h
  dw 0037Ah,base+03718h
  dw 00306h,base+002F8h
  dw 0037Ah,base+02176h
  dw 00306h,base+03806h
  dw 0037Ah,base+02810h
  dw 00306h,base+000F2h
  dw 0037Ah,base+03809h
  dw 00206h,base+00004h
  dw 00379h,base+0380Ch
  dw 00307h,base+003FFh
  dw 00379h,base+0380Fh
  dw 00308h,base+0004Dh
  dw 00278h,base+005E3h
  dw 00308h,base+00415h
  dw 00378h,base+00A0Bh
  dw 00308h,base+03812h
  dw 00378h,base+03815h
  dw 00308h,base+00415h
  dw 00378h,base+00416h
  dw 00208h,base+00C04h
  dw 00378h,base+03818h
  dw 00208h,base+000D0h
  dw 00378h,base+00416h
  dw 00208h,base+00C04h
  dw 00377h,base+0381Bh
  dw 00309h,base+0004Bh
  dw 00376h,base+0004Dh
  dw 0050Ah,base+03237h
  dw 00375h,base+00677h
  dw 0060Bh,base+02F27h
  dw 00374h,base+00019h
  dw 0070Ch,base+02CDEh
  dw 00473h,base+01CF5h
  dw 0080Ch,base+02A28h
  dw 00574h,base+0323Ch
  dw 0070Ch,base+02CE5h
  dw 00574h,base+03241h
  dw 0050Ch,base+03246h
  dw 00574h,base+0324Bh
  dw 0040Bh,base+03547h
  dw 00576h,base+03250h
  dw 0020Ah,base+00047h
  dw 0057Fh,base+03255h
  dw 00580h,base+02CE4h
  dw 00580h,base+0325Ah
  dw 00580h,base+0325Fh
  dw 00481h,base+0354Bh
  dw 00300h,base+0004Dh

dhalsimPage3frame002:
  db 024h,03Dh,06Ch,047h
  db 084h
  db 06Dh,022h,02Ah,06Ah,023h
  db 000h,000h
  db 000h,000h
  dw 0027Fh,base+008F7h
  dw 00480h,base+01CE5h
  dw 0057Fh,base+03264h
  dw 00680h,base+02F2Dh
  dw 00680h,base+02F33h
  dw 00680h,base+02F39h
  dw 00681h,base+02F3Fh
  dw 00580h,base+03269h
  dw 00480h,base+0354Fh
  dw 0067Dh,base+02F45h
  dw 0097Fh,base+02787h
  dw 00B80h,base+01F4Dh
  dw 00B80h,base+01F58h
  dw 00B80h,base+01F63h
  dw 00B80h,base+01F6Eh
  dw 00B7Ch,base+01F79h
  dw 00104h,base+00004h
  dw 00B7Ch,base+01F84h
  dw 00104h,base+00001h
  dw 00A7Dh,base+023B7h
  dw 00103h,base+00003h
  dw 00B7Bh,base+01F8Fh
  dw 00305h,base+00004h
  dw 00B7Bh,base+01F9Ah
  dw 00305h,base+00043h
  dw 00B7Bh,base+01FA5h
  dw 00405h,base+03553h
  dw 00B7Bh,base+01FB0h
  dw 0107Fh,base+010C9h
  dw 01180h,base+00E8Ch
  dw 01181h,base+00E9Dh
  dw 01081h,base+010D9h
  dw 00F81h,base+012A2h
  dw 00E80h,base+0156Eh
  dw 00E80h,base+0157Ch
  dw 00D80h,base+01835h
  dw 00D80h,base+01842h
  dw 00B7Dh,base+01FBBh
  dw 00204h,base+00045h
  dw 00A7Bh,base+023C1h
  dw 00408h,base+003FAh
  dw 00678h,base+02F4Bh
  dw 00508h,base+0326Eh
  dw 00678h,base+02F51h
  dw 00608h,base+02F57h
  dw 00678h,base+0004Ch
  dw 00F80h,base+012B1h
  dw 00F80h,base+012C0h
  dw 00F80h,base+012CFh
  dw 00F81h,base+012DEh
  dw 00E80h,base+0158Ah
  dw 00E81h,base+01598h
  dw 00C80h,base+01B38h
  dw 00C81h,base+01B44h
  dw 00B80h,base+01FC6h
  dw 00B81h,base+01FD1h
  dw 00980h,base+02790h
  dw 00980h,base+02799h
  dw 00A81h,base+023CBh
  dw 00B80h,base+01FDCh
  dw 00B80h,base+01FE7h
  dw 00C80h,base+01B50h
  dw 00204h,base+00047h
  dw 0087Ch,base+02A30h
  dw 00208h,base+0002Ch
  dw 00477h,base+03557h
  dw 00409h,base+023ADh
  dw 00376h,base+0033Bh
  dw 0050Ah,base+03273h
  dw 00374h,base+0054Dh
  dw 0070Ch,base+02CECh
  dw 00374h,base+0381Eh
  dw 0070Bh,base+02CF3h
  dw 00475h,base+0355Bh
  dw 0060Ah,base+02F5Dh
  dw 00578h,base+03278h
  dw 00102h,base+00020h
  dw 00206h,base+00046h
  dw 00581h,base+0327Dh
  dw 00300h,base+000CFh

dhalsimPage3frame003:
  db 036h,04Bh,068h,035h
  db 086h
  db 06Bh,033h,027h,068h,02Ah
  db 000h,000h
  db 000h,000h
  dw 0017Ch,base+00020h
  dw 00203h,base+00045h
  dw 0030Ah,base+03821h
  dw 00173h,base+00020h
  dw 00608h,base+02F63h
  dw 00204h,base+00004h
  dw 00373h,base+03560h
  dw 00809h,base+02A38h
  dw 00304h,base+03824h
  dw 00473h,base+0355Fh
  dw 01180h,base+00EAEh
  dw 01180h,base+00EBFh
  dw 0117Fh,base+00ED0h
  dw 01280h,base+00C74h
  dw 0127Bh,base+00C86h
  dw 00305h,base+0004Ch
  dw 0127Ah,base+00C98h
  dw 01880h,base+00601h
  dw 0187Fh,base+00619h
  dw 01980h,base+00552h
  dw 01980h,base+0056Bh
  dw 01980h,base+00584h
  dw 01980h,base+0059Dh
  dw 0090Ah,base+027A2h
  dw 00F76h,base+012EDh
  dw 00102h,base+00025h
  dw 00708h,base+02CFAh
  dw 00F79h,base+012FCh
  dw 00508h,base+003FBh
  dw 00E78h,base+015A6h
  dw 00308h,base+0004Dh
  dw 0090Ah,base+027ABh
  dw 00477h,base+03563h
  dw 0080Ah,base+02A40h
  dw 00376h,base+01F43h
  dw 0080Bh,base+02A48h
  dw 00175h,base+00004h
  dw 00779h,base+02D01h
  dw 00106h,base+00015h
  dw 00879h,base+02A50h
  dw 00307h,base+00037h
  dw 00879h,base+02A58h
  dw 00408h,base+03567h
  dw 00678h,base+02F69h
  dw 00506h,base+03282h
  dw 0087Ah,base+02A60h
  dw 00E80h,base+015B4h
  dw 00F80h,base+0130Bh
  dw 00E80h,base+015C2h
  dw 00E80h,base+015D0h
  dw 00D80h,base+0184Fh
  dw 00E80h,base+015DEh
  dw 00E7Fh,base+015ECh
  dw 00F80h,base+0131Ah
  dw 00F80h,base+01329h
  dw 00F80h,base+01338h
  dw 00405h,base+0356Bh
  dw 00A7Bh,base+023D5h
  dw 00406h,base+03523h
  dw 00976h,base+027B4h
  dw 00104h,base+00040h
  dw 00406h,base+0356Fh
  dw 00976h,base+027BDh
  dw 00104h,base+00003h
  dw 00407h,base+02A7Ch
  dw 00875h,base+02A68h
  dw 00104h,base+00018h
  dw 00408h,base+03573h
  dw 00773h,base+02D08h
  dw 00305h,base+000B8h
  dw 00309h,base+03827h
  dw 00572h,base+03287h
  dw 00405h,base+03577h
  dw 00309h,base+02719h
  dw 00572h,base+0328Ch
  dw 0080Fh,base+02A70h
  dw 00371h,base+01129h
  dw 0080Eh,base+02A78h
  dw 00472h,base+01134h
  dw 0070Eh,base+02D0Fh
  dw 00472h,base+0357Bh
  dw 0070Eh,base+02D16h
  dw 00472h,base+02030h
  dw 0070Eh,base+02D1Dh
  dw 00473h,base+00ED8h
  dw 0060Dh,base+02F6Fh
  dw 00474h,base+0357Fh
  dw 0050Dh,base+03291h
  dw 00374h,base+0382Ah
  dw 0040Ch,base+03583h
  dw 00374h,base+0382Dh
  dw 0040Bh,base+03587h
  dw 00476h,base+0358Bh
  dw 0030Ah,base+02358h
  dw 00476h,base+0358Fh
  dw 0020Ah,base+0006Dh
  dw 00476h,base+03593h
  dw 0020Ah,base+00004h
  dw 00477h,base+03597h
  dw 0010Ah,base+00020h
  dw 00380h,base+0038Dh
  dw 00380h,base+003F2h
  dw 00380h,base+002D5h
  dw 00380h,base+00DE2h
  dw 00380h,base+002D5h
  dw 00280h,base+006AAh
  dw 00280h,base+00046h
  dw 00380h,base+002D5h
  dw 0037Fh,base+0096Fh
  dw 00480h,base+03583h
  dw 00480h,base+0359Bh
  dw 00480h,base+0359Fh
  dw 00480h,base+035A3h
  dw 00480h,base+035A7h
  dw 00480h,base+035ABh
  dw 00480h,base+020FAh
  dw 00480h,base+035AFh
  dw 00480h,base+035B3h
  dw 00300h,base+00415h

dhalsimPage3frame004:
  db 03Ah,032h,066h,053h
  db 08Ah
  db 065h,03Ah,017h,075h,02Bh
  db 000h,000h
  db 000h,000h
  dw 0016Fh,base+00004h
  dw 00111h,base+00020h
  dw 0026Eh,base+003A0h
  dw 00412h,base+035B7h
  dw 0036Eh,base+03376h
  dw 00412h,base+035BBh
  dw 0036Eh,base+0020Eh
  dw 00412h,base+02958h
  dw 0046Eh,base+013ADh
  dw 00412h,base+00CF8h
  dw 0046Eh,base+035BFh
  dw 00411h,base+035C3h
  dw 0046Fh,base+035C7h
  dw 00411h,base+035CBh
  dw 0046Fh,base+035CFh
  dw 00411h,base+035D3h
  dw 0046Fh,base+035D7h
  dw 0030Fh,base+00F98h
  dw 00671h,base+02F75h
  dw 00304h,base+00019h
  dw 00405h,base+00046h
  dw 00106h,base+00004h
  dw 00671h,base+02F7Bh
  dw 00B0Fh,base+01FF2h
  dw 00571h,base+03296h
  dw 00B0Eh,base+01FFDh
  dw 00672h,base+02F81h
  dw 00B0Eh,base+02008h
  dw 00672h,base+02F87h
  dw 00B0Eh,base+02013h
  dw 00672h,base+02F8Dh
  dw 00C0Eh,base+01B5Ch
  dw 00672h,base+02F93h
  dw 00C0Eh,base+01B68h
  dw 00672h,base+02F99h
  dw 00C0Eh,base+01B74h
  dw 00672h,base+02F9Fh
  dw 00304h,base+00672h
  dw 0080Ah,base+02A80h
  dw 00572h,base+0083Bh
  dw 00305h,base+00037h
  dw 00709h,base+02D24h
  dw 00473h,base+01574h
  dw 00107h,base+00004h
  dw 00406h,base+035DBh
  dw 00408h,base+02CF6h
  dw 00172h,base+00020h
  dw 00506h,base+0329Bh
  dw 00407h,base+00427h
  dw 00273h,base+00DC7h
  dw 00506h,base+032A0h
  dw 00406h,base+035DFh
  dw 00474h,base+035E3h
  dw 00506h,base+032A5h
  dw 00406h,base+005EBh
  dw 00475h,base+035E7h
  dw 0090Bh,base+027C6h
  dw 00575h,base+032AAh
  dw 00A0Bh,base+023DFh
  dw 00675h,base+02FA5h
  dw 00A0Bh,base+023E9h
  dw 00675h,base+02FABh
  dw 00A0Bh,base+023F3h
  dw 00775h,base+02D2Bh
  dw 01280h,base+00CAAh
  dw 01280h,base+00CBCh
  dw 00C0Eh,base+01B80h
  dw 00572h,base+032AFh
  dw 01380h,base+00AAEh
  dw 00A0Bh,base+023FDh
  dw 00975h,base+027CFh
  dw 00A0Bh,base+02407h
  dw 00304h,base+0129Eh
  dw 00571h,base+032B4h
  dw 00E10h,base+015FAh
  dw 00471h,base+00019h
  dw 00C0Eh,base+01B8Ch
  dw 00571h,base+032B9h
  dw 00E0Fh,base+01608h
  dw 00471h,base+005CFh
  dw 01380h,base+00AC1h
  dw 01380h,base+00AD4h
  dw 01380h,base+00AE7h
  dw 01281h,base+00CCEh
  dw 01180h,base+00EE1h
  dw 01081h,base+010E9h
  dw 00F81h,base+01347h
  dw 00E80h,base+01616h
  dw 00E81h,base+01624h
  dw 00C81h,base+01B98h
  dw 00B81h,base+0201Eh
  dw 00981h,base+027D8h
  dw 00204h,base+00046h
  dw 00200h,base+00046h

dhalsimPage3frame005:
  db 04Ah,01Ch,070h,069h
  db 086h
  db 081h,025h,008h,06Fh,04Ch
  db 000h,000h
  db 000h,000h
  dw 00280h,base+00004h
  dw 0037Fh,base+0053Fh
  dw 0050Bh,base+032BEh
  dw 00275h,base+00020h
  dw 0060Ah,base+02FB1h
  dw 00376h,base+01D8Bh
  dw 0070Ah,base+02D32h
  dw 00476h,base+035EBh
  dw 0080Ah,base+02A88h
  dw 00475h,base+035EFh
  dw 00A0Bh,base+02411h
  dw 0060Ah,base+02FB7h
  dw 0026Bh,base+00455h
  dw 01213h,base+00CE0h
  dw 0046Dh,base+035F3h
  dw 01880h,base+00631h
  dw 0187Fh,base+00649h
  dw 00405h,base+035F7h
  dw 0147Bh,base+0096Eh
  dw 00406h,base+035FBh
  dw 01379h,base+00AFAh
  dw 00507h,base+021AFh
  dw 01679h,base+00747h
  dw 00408h,base+035FFh
  dw 01578h,base+007DFh
  dw 00407h,base+03603h
  dw 01778h,base+00691h
  dw 00407h,base+03607h
  dw 01879h,base+00661h
  dw 00306h,base+01ED4h
  dw 01979h,base+005B6h
  dw 00407h,base+0360Bh
  dw 01978h,base+005CFh
  dw 00407h,base+0360Fh
  dw 01A79h,base+00468h
  dw 00407h,base+03613h
  dw 01A78h,base+00482h
  dw 00408h,base+03617h
  dw 01A77h,base+0049Ch
  dw 00509h,base+032C3h
  dw 01A76h,base+004B6h
  dw 0060Ah,base+02FBDh
  dw 01A75h,base+004D0h
  dw 0070Bh,base+02D39h
  dw 01A75h,base+004EAh
  dw 0070Ch,base+02D40h
  dw 01874h,base+00679h
  dw 00102h,base+00020h
  dw 00103h,base+00020h
  dw 0010Ah,base+00020h
  dw 00209h,base+00004h
  dw 00B82h,base+02029h
  dw 00406h,base+0361Bh
  dw 0037Bh,base+00019h
  dw 00200h,base+00004h

dhalsimPage3frame006:
  db 044h,03Ch,070h,047h
  db 08Eh
  db 084h,030h,01Ah,06Fh,047h
  db 000h,000h
  db 000h,000h
  dw 0017Fh,base+00004h
  dw 00380h,base+008C3h
  dw 00580h,base+032C8h
  dw 00580h,base+032CDh
  dw 00680h,base+02FC3h
  dw 00680h,base+02FC9h
  dw 0067Eh,base+02FCFh
  dw 0097Fh,base+027E1h
  dw 00A80h,base+0241Bh
  dw 00B80h,base+02034h
  dw 00B80h,base+0203Fh
  dw 00C80h,base+01BA4h
  dw 00C80h,base+01BB0h
  dw 00608h,base+02FD5h
  dw 00579h,base+032D2h
  dw 00608h,base+02FDBh
  dw 00478h,base+0361Fh
  dw 00608h,base+02FE1h
  dw 00679h,base+02FE7h
  dw 00508h,base+032D7h
  dw 00679h,base+02FEDh
  dw 00D80h,base+0185Ch
  dw 00D81h,base+01869h
  dw 00D81h,base+01876h
  dw 00C7Fh,base+01BBCh
  dw 00E80h,base+01632h
  dw 00E7Fh,base+01640h
  dw 01180h,base+00EF2h
  dw 0127Dh,base+00CF2h
  dw 00203h,base+003BAh
  dw 0127Dh,base+00D04h
  dw 0157Bh,base+007F4h
  dw 00104h,base+00004h
  dw 0177Ch,base+006A8h
  dw 00F10h,base+01356h
  dw 00B6Fh,base+0204Ah
  dw 01012h,base+010F9h
  dw 00A6Eh,base+02425h
  dw 01012h,base+01109h
  dw 00B6Eh,base+02055h
  dw 01013h,base+01119h
  dw 00A6Dh,base+0242Fh
  dw 00F13h,base+01365h
  dw 00A6Dh,base+02439h
  dw 00F14h,base+01374h
  dw 0096Dh,base+027EAh
  dw 00E14h,base+0164Eh
  dw 0086Ch,base+02A90h
  dw 00204h,base+00006h
  dw 00A13h,base+02443h
  dw 00569h,base+032DCh
  dw 00306h,base+007DFh
  dw 00711h,base+02D47h
  dw 00469h,base+03623h
  dw 00307h,base+00006h
  dw 00611h,base+02FF3h
  dw 00368h,base+0108Eh
  dw 00307h,base+004FBh
  dw 00611h,base+02FF9h
  dw 00268h,base+00046h
  dw 00307h,base+01418h
  dw 00679h,base+02FFFh
  dw 00307h,base+00496h
  dw 00579h,base+032E1h
  dw 00307h,base+00496h
  dw 00579h,base+032E6h
  dw 00307h,base+00005h
  dw 00579h,base+032EBh
  dw 00307h,base+00048h
  dw 00479h,base+023B2h
  dw 00307h,base+000E3h
  dw 00479h,base+03627h
  dw 00306h,base+00276h
  dw 00479h,base+0362Bh
  dw 00307h,base+03830h
  dw 00579h,base+032F0h
  dw 00307h,base+02E27h
  dw 00679h,base+03005h
  dw 00307h,base+03833h
  dw 00779h,base+02D4Eh
  dw 00307h,base+00AA3h
  dw 0070Ah,base+02D55h
  dw 0026Fh,base+00004h
  dw 00207h,base+015E5h
  dw 0080Ah,base+02A98h
  dw 0026Fh,base+00006h
  dw 00207h,base+00398h
  dw 00C78h,base+01BC8h
  dw 00308h,base+03836h
  dw 00C77h,base+01BD4h
  dw 00409h,base+0362Fh
  dw 00D76h,base+01883h
  dw 0040Ah,base+03633h
  dw 00E76h,base+0165Ch
  dw 0040Bh,base+02077h
  dw 00104h,base+00015h
  dw 0096Fh,base+027F3h
  dw 00614h,base+0300Bh
  dw 0076Ch,base+02D5Ch
  dw 00616h,base+03011h
  dw 0056Ah,base+032F5h
  dw 00617h,base+03017h
  dw 00469h,base+03637h
  dw 00102h,base+00020h
  dw 00103h,base+00020h
  dw 00113h,base+00020h
  dw 00400h,base+0363Bh

dhalsimPage3frame007:
  db 044h,04Eh,064h,036h
  db 082h
  db 072h,022h,037h,061h,02Bh
  db 000h,000h
  db 000h,000h
  dw 0027Fh,base+00038h
  dw 00380h,base+03839h
  dw 00411h,base+0363Fh
  dw 0016Fh,base+00020h
  dw 0040Eh,base+03643h
  dw 00102h,base+00020h
  dw 00270h,base+00020h
  dw 0040Dh,base+03647h
  dw 00672h,base+0301Dh
  dw 0050Bh,base+032FAh
  dw 00A75h,base+0244Dh
  dw 0050Ah,base+032FFh
  dw 00A76h,base+02457h
  dw 00508h,base+03304h
  dw 00C76h,base+01BE0h
  dw 00709h,base+02D63h
  dw 00E76h,base+0166Ah
  dw 00809h,base+02AA0h
  dw 00E77h,base+01678h
  dw 0177Fh,base+006BFh
  dw 01780h,base+006D6h
  dw 01780h,base+006EDh
  dw 01480h,base+00982h
  dw 00E10h,base+01686h
  dw 00470h,base+01934h
  dw 00D0Fh,base+01890h
  dw 00471h,base+0364Bh
  dw 00C0Eh,base+01BECh
  dw 00572h,base+03309h
  dw 00C0Dh,base+01BF8h
  dw 00673h,base+03023h
  dw 01380h,base+00B0Dh
  dw 0117Fh,base+00F03h
  dw 01280h,base+00D16h
  dw 01180h,base+00F14h
  dw 01180h,base+00F25h
  dw 01080h,base+01129h
  dw 01080h,base+01139h
  dw 00F80h,base+01383h
  dw 00F80h,base+01392h
  dw 00A0Ch,base+02461h
  dw 00274h,base+0025Ch
  dw 0090Ch,base+027FCh
  dw 00174h,base+00040h
  dw 0097Fh,base+02805h
  dw 00980h,base+0280Eh
  dw 00881h,base+02AA8h
  dw 00680h,base+03029h
  dw 00780h,base+02D6Ah
  dw 00780h,base+02D71h
  dw 00680h,base+0302Fh
  dw 00680h,base+03035h
  dw 0067Fh,base+0303Bh
  dw 00780h,base+02D78h
  dw 00780h,base+02D7Fh
  dw 00980h,base+02817h
  dw 00980h,base+02820h
  dw 00980h,base+02829h
  dw 00A80h,base+0246Bh
  dw 00B80h,base+02060h
  dw 00C80h,base+01C04h
  dw 00C80h,base+01C10h
  dw 00D80h,base+0189Dh
  dw 00E80h,base+01694h
  dw 00E80h,base+016A2h
  dw 00E80h,base+016B0h
  dw 00E80h,base+016BEh
  dw 0060Ah,base+016BEh
  dw 00376h,base+002F0h
  dw 00509h,base+0330Eh
  dw 00478h,base+01651h
  dw 00408h,base+0364Fh
  dw 00478h,base+03653h
  dw 00308h,base+0364Fh
  dw 00378h,base+0131Fh
  dw 00308h,base+0383Ch
  dw 00378h,base+02D94h
  dw 00308h,base+030CEh
  dw 00377h,base+02D94h
  dw 00409h,base+03657h
  dw 00376h,base+00731h
  dw 0050Ah,base+03313h
  dw 00376h,base+00048h
  dw 0050Ah,base+03318h
  dw 00375h,base+00047h
  dw 0060Bh,base+03041h
  dw 00374h,base+0073Bh
  dw 0070Ch,base+02D86h
  dw 00373h,base+01F23h
  dw 0080Eh,base+02AB0h
  dw 00270h,base+0004Ch
  dw 00A10h,base+02475h
  dw 0026Fh,base+00652h
  dw 00A11h,base+0247Fh
  dw 0026Fh,base+0004Ch
  dw 00911h,base+02832h
  dw 0026Fh,base+00652h
  dw 00711h,base+02D8Dh
  dw 0026Fh,base+00046h
  dw 00411h,base+02BFAh
  dw 0026Fh,base+0082Bh
  dw 00311h,base+004C5h
  dw 0026Fh,base+00046h
  dw 00311h,base+004C5h
  dw 0036Fh,base+00AD2h
  dw 00311h,base+02C9Ah
  dw 0046Fh,base+00AF6h
  dw 00311h,base+02F97h
  dw 0056Fh,base+0331Dh
  dw 00311h,base+005EDh
  dw 0076Fh,base+02D94h
  dw 00511h,base+03322h
  dw 0076Fh,base+02D9Bh
  dw 00511h,base+03327h
  dw 0076Fh,base+01B9Ah
  dw 00512h,base+0332Ch
  dw 00103h,base+00020h
  dw 0016Ch,base+00020h
  dw 00400h,base+0004Dh

dhalsimPage3frame008:
  db 04Ch,039h,048h,04Bh
  db 068h
  db 047h,040h,030h,065h,031h
  db 000h,000h
  db 000h,000h
  dw 0027Fh,base+00004h
  dw 00480h,base+0365Bh
  dw 0077Fh,base+02DA2h
  dw 00880h,base+02AB8h
  dw 0097Fh,base+0283Bh
  dw 00B80h,base+0206Bh
  dw 00B7Fh,base+02076h
  dw 00F7Eh,base+013A1h
  dw 0117Fh,base+00F36h
  dw 01280h,base+00D28h
  dw 0127Fh,base+00D3Ah
  dw 01380h,base+00B20h
  dw 01480h,base+00996h
  dw 01580h,base+00809h
  dw 01580h,base+0081Eh
  dw 01680h,base+0075Dh
  dw 01680h,base+00773h
  dw 01680h,base+00789h
  dw 00A0Dh,base+02489h
  dw 00A72h,base+02493h
  dw 00A0Eh,base+0249Dh
  dw 00A72h,base+024A7h
  dw 00A0Dh,base+024B1h
  dw 00C73h,base+01C1Ch
  dw 00A0Dh,base+024BBh
  dw 00C72h,base+01C28h
  dw 00A0Dh,base+024C5h
  dw 00D73h,base+018AAh
  dw 00A0Dh,base+024CFh
  dw 00C72h,base+01C34h
  dw 00B0Dh,base+02081h
  dw 00D73h,base+018B7h
  dw 00B0Dh,base+0208Ch
  dw 00D71h,base+018C4h
  dw 00C0Eh,base+01C40h
  dw 00E71h,base+016CCh
  dw 00D0Fh,base+018D1h
  dw 00E71h,base+016DAh
  dw 00D0Eh,base+018DEh
  dw 0090Ah,base+02844h
  dw 00668h,base+03047h
  dw 00C0Eh,base+01C4Ch
  dw 0080Bh,base+02AC0h
  dw 00567h,base+02A6Ah
  dw 00C0Eh,base+01C58h
  dw 00607h,base+0304Dh
  dw 00104h,base+00015h
  dw 00567h,base+03331h
  dw 00C0Eh,base+01C64h
  dw 0050Ch,base+03336h
  dw 00466h,base+0365Fh
  dw 0080Eh,base+02AC8h
  dw 0060Ch,base+03053h
  dw 00566h,base+0333Bh
  dw 0080Eh,base+02AD0h
  dw 0060Ch,base+03059h
  dw 00665h,base+0305Fh
  dw 00910h,base+0284Dh
  dw 0050Bh,base+03340h
  dw 00665h,base+03065h
  dw 00607h,base+0306Bh
  dw 00109h,base+00020h
  dw 0060Bh,base+03071h
  dw 00765h,base+02DA9h
  dw 00511h,base+03345h
  dw 0050Bh,base+0334Ah
  dw 00664h,base+03077h
  dw 00411h,base+03487h
  dw 0050Bh,base+0334Fh
  dw 00663h,base+0307Dh
  dw 00413h,base+03663h
  dw 0040Ch,base+03667h
  dw 00561h,base+03354h
  dw 00413h,base+0366Bh
  dw 0040Ch,base+0366Fh
  dw 00561h,base+03359h
  dw 00414h,base+03673h
  dw 0040Ch,base+03677h
  dw 00460h,base+0367Bh
  dw 00414h,base+0367Fh
  dw 0040Ch,base+03683h
  dw 00460h,base+0366Fh
  dw 00315h,base+00918h
  dw 0040Bh,base+03687h
  dw 00560h,base+0335Eh
  dw 00315h,base+01792h
  dw 0050Ch,base+03363h
  dw 0045Fh,base+0368Bh
  dw 00216h,base+0036Ah
  dw 0040Bh,base+0368Fh
  dw 0055Fh,base+03368h
  dw 00216h,base+000E9h
  dw 0040Ch,base+03693h
  dw 0045Eh,base+03697h
  dw 00116h,base+00004h
  dw 0040Dh,base+0369Bh
  dw 0035Dh,base+0383Fh
  dw 00116h,base+00003h
  dw 0040Dh,base+0369Fh
  dw 0035Dh,base+02726h
  dw 00116h,base+00004h
  dw 0040Dh,base+036A3h
  dw 00373h,base+00270h
  dw 0040Dh,base+004E9h
  dw 00373h,base+01DF0h
  dw 0030Dh,base+002C9h
  dw 00373h,base+0046Bh
  dw 0030Dh,base+002C9h
  dw 00373h,base+03842h
  dw 0030Dh,base+00004h
  dw 00372h,base+000A7h
  dw 0040Dh,base+0001Ah
  dw 00473h,base+00EECh
  dw 0040Ch,base+036A7h
  dw 00574h,base+0336Dh
  dw 0040Ch,base+036ABh
  dw 00574h,base+03372h
  dw 0040Ch,base+00E09h
  dw 00400h,base+0004Dh

dhalsimPage3frame009:
  db 04Ah,04Eh,05Ah,035h
  db 09Ch
  db 07Bh,022h,038h,065h,032h
  db 000h,000h
  db 000h,000h
  dw 00162h,base+00004h
  dw 0011Dh,base+00004h
  dw 00263h,base+00A77h
  dw 0021Ch,base+00ED7h
  dw 00304h,base+03845h
  dw 0015Eh,base+00001h
  dw 00102h,base+00003h
  dw 0031Ch,base+02F42h
  dw 00562h,base+03377h
  dw 0051Eh,base+0337Ch
  dw 00562h,base+03381h
  dw 0051Eh,base+03386h
  dw 00661h,base+03083h
  dw 00611h,base+03089h
  dw 0020Dh,base+00048h
  dw 00762h,base+02DB0h
  dw 00711h,base+02DB7h
  dw 0030Dh,base+03848h
  dw 00663h,base+0308Fh
  dw 00610h,base+03095h
  dw 0030Ch,base+0384Bh
  dw 00764h,base+02DBEh
  dw 0070Fh,base+02DC5h
  dw 0040Dh,base+036AFh
  dw 00764h,base+02DCCh
  dw 0070Fh,base+02DD3h
  dw 0040Dh,base+036B3h
  dw 00566h,base+0338Bh
  dw 0050Dh,base+03390h
  dw 0040Dh,base+036B7h
  dw 00467h,base+036BBh
  dw 0040Ch,base+036BFh
  dw 0050Ch,base+03395h
  dw 00568h,base+0339Ah
  dw 0050Ch,base+0339Fh
  dw 0050Bh,base+033A4h
  dw 00669h,base+0309Bh
  dw 00709h,base+02DDAh
  dw 00203h,base+00038h
  dw 00506h,base+033A9h
  dw 00204h,base+00004h
  dw 0066Bh,base+030A1h
  dw 01B80h,base+0044Dh
  dw 01982h,base+005E8h
  dw 01780h,base+00704h
  dw 01681h,base+0079Fh
  dw 01580h,base+00833h
  dw 01481h,base+009AAh
  dw 01281h,base+00D4Ch
  dw 01081h,base+01149h
  dw 00E81h,base+016E8h
  dw 00C81h,base+01C70h
  dw 00B80h,base+02097h
  dw 00A80h,base+024D9h
  dw 00A81h,base+024E3h
  dw 00980h,base+02856h
  dw 00980h,base+0285Fh
  dw 00980h,base+02868h
  dw 00880h,base+02AD8h
  dw 00881h,base+02AE0h
  dw 00780h,base+02DE1h
  dw 0077Fh,base+02DE8h
  dw 00880h,base+02AE8h
  dw 00880h,base+02AF0h
  dw 00881h,base+02AF8h
  dw 00780h,base+02DEFh
  dw 00781h,base+02DF6h
  dw 00580h,base+033AEh
  dw 0057Dh,base+033B3h
  dw 00B7Fh,base+020A2h
  dw 00D7Fh,base+018EBh
  dw 00F7Eh,base+013B0h
  dw 0137Fh,base+00B33h
  dw 01580h,base+00848h
  dw 01580h,base+0085Dh
  dw 01580h,base+00872h
  dw 01580h,base+00887h
  dw 01580h,base+0089Ch
  dw 01580h,base+008B1h
  dw 00405h,base+036C3h
  dw 00B0Ch,base+020ADh
  dw 00470h,base+036C7h
  dw 00305h,base+0384Eh
  dw 0090Bh,base+02871h
  dw 00370h,base+01A78h
  dw 00306h,base+03851h
  dw 00106h,base+00020h
  dw 00104h,base+00020h
  dw 00370h,base+03854h
  dw 00310h,base+03857h
  dw 00370h,base+019B5h
  dw 00310h,base+03720h
  dw 00370h,base+0385Ah
  dw 00310h,base+03720h
  dw 00370h,base+0385Ah
  dw 00310h,base+0385Dh
  dw 00370h,base+01BD2h
  dw 00310h,base+01098h
  dw 00370h,base+03860h
  dw 00310h,base+01A19h
  dw 00370h,base+03863h
  dw 00310h,base+00044h
  dw 00370h,base+00430h
  dw 00211h,base+00046h
  dw 0026Fh,base+00046h
  dw 00211h,base+00E01h
  dw 0026Fh,base+0043Eh
  dw 00211h,base+00046h
  dw 0026Fh,base+00046h
  dw 00211h,base+00215h
  dw 0026Fh,base+00878h
  dw 00211h,base+00046h
  dw 0026Fh,base+00046h
  dw 00211h,base+0028Eh
  dw 0026Fh,base+01EA4h
  dw 00112h,base+00020h
  dw 0016Eh,base+00020h
  dw 00112h,base+00269h
  dw 0016Eh,base+00067h
  dw 00112h,base+00020h
  dw 0016Dh,base+00020h
  dw 00213h,base+000D8h
  dw 0026Ch,base+00671h
  dw 00314h,base+00779h
  dw 0036Ch,base+03866h
  dw 00413h,base+00CAAh
  dw 0046Bh,base+033EEh
  dw 00615h,base+030A7h
  dw 0066Ah,base+030ADh
  dw 00716h,base+02DFDh
  dw 0076Ah,base+02E04h
  dw 00716h,base+02E0Bh
  dw 0076Ch,base+02E12h
  dw 00103h,base+00020h
  dw 00112h,base+00020h
  dw 00103h,base+00020h
  dw 00100h,base+00020h

dhalsimPage3frame010:
  db 032h,055h,072h,02Fh
  db 098h
  db 079h,029h,037h,073h,022h
  db 000h,000h
  db 000h,000h
  dw 00180h,base+00004h
  dw 0027Fh,base+00029h
  dw 00480h,base+01863h
  dw 0047Bh,base+0071Bh
  dw 00205h,base+00004h
  dw 0047Bh,base+036CBh
  dw 00204h,base+00002h
  dw 0057Bh,base+033B8h
  dw 00A80h,base+024EDh
  dw 00A80h,base+024F7h
  dw 00A80h,base+02501h
  dw 00A7Eh,base+0250Bh
  dw 00D7Fh,base+018F8h
  dw 00E7Fh,base+016F6h
  dw 01080h,base+01159h
  dw 01080h,base+01169h
  dw 0107Fh,base+01179h
  dw 01180h,base+00F47h
  dw 01180h,base+00F58h
  dw 01180h,base+00F69h
  dw 01180h,base+00F7Ah
  dw 01180h,base+00F8Bh
  dw 01180h,base+00F9Ch
  dw 01180h,base+00FADh
  dw 00C0Dh,base+01C7Ch
  dw 00473h,base+036CFh
  dw 00C0Dh,base+01C88h
  dw 00573h,base+033BDh
  dw 00B0Dh,base+020B8h
  dw 00574h,base+033C2h
  dw 00A0Dh,base+02515h
  dw 00473h,base+036D3h
  dw 0090Dh,base+0287Ah
  dw 00473h,base+036D7h
  dw 0080Eh,base+02B00h
  dw 00372h,base+03869h
  dw 0080Eh,base+02B08h
  dw 00371h,base+0386Ch
  dw 0090Eh,base+02883h
  dw 00471h,base+036DBh
  dw 00A0Fh,base+0251Fh
  dw 00471h,base+036DFh
  dw 00A0Fh,base+02529h
  dw 00471h,base+036E3h
  dw 0090Fh,base+0288Ch
  dw 00470h,base+036E7h
  dw 00A0Fh,base+02533h
  dw 00471h,base+036EBh
  dw 00A0Eh,base+0253Dh
  dw 00572h,base+006FCh
  dw 00A0Eh,base+02547h
  dw 00572h,base+033C7h
  dw 00B0Dh,base+020C3h
  dw 00672h,base+030B3h
  dw 00C0Eh,base+01C94h
  dw 00672h,base+030B9h
  dw 00C0Eh,base+01CA0h
  dw 00672h,base+030BFh
  dw 00C0Dh,base+01CACh
  dw 00773h,base+02E19h
  dw 00C0Eh,base+01CB8h
  dw 00672h,base+030C5h
  dw 00C0Fh,base+01CC4h
  dw 00471h,base+036EFh
  dw 00B0Fh,base+020CEh
  dw 00471h,base+036F3h
  dw 00B81h,base+020D9h
  dw 00A80h,base+02551h
  dw 00A80h,base+0255Bh
  dw 00405h,base+036F7h
  dw 0047Ah,base+036FBh
  dw 00506h,base+033CCh
  dw 0047Ah,base+02A6Bh
  dw 00406h,base+00A4Ah
  dw 0047Ah,base+036FFh
  dw 00406h,base+012C0h
  dw 0037Ah,base+0386Fh
  dw 00306h,base+00777h
  dw 0037Ah,base+00833h
  dw 00306h,base+00EEFh
  dw 0037Ah,base+03872h
  dw 00306h,base+00577h
  dw 0027Ah,base+002A2h
  dw 00305h,base+00451h
  dw 0037Bh,base+03875h
  dw 00305h,base+0122Fh
  dw 0047Bh,base+03703h
  dw 00405h,base+00AF7h
  dw 0047Bh,base+03707h
  dw 00405h,base+02321h
  dw 0057Bh,base+033D1h
  dw 00405h,base+0370Bh
  dw 0057Bh,base+033D6h
  dw 00406h,base+01872h
  dw 0047Ah,base+0370Fh
  dw 00406h,base+03713h
  dw 0047Ah,base+03717h
  dw 00406h,base+0371Bh
  dw 0047Ah,base+0371Fh
  dw 00406h,base+00CD5h
  dw 0047Ah,base+03723h
  dw 00306h,base+00415h
  dw 0047Ah,base+03727h
  dw 00306h,base+03878h
  dw 0047Ah,base+0372Bh
  dw 00307h,base+00CCBh
  dw 00379h,base+0387Bh
  dw 00307h,base+02A5Ah
  dw 00379h,base+0387Eh
  dw 00207h,base+0004Ch
  dw 00378h,base+03881h
  dw 00308h,base+03878h
  dw 00378h,base+00733h
  dw 00308h,base+00415h
  dw 00378h,base+003F2h
  dw 00308h,base+02A5Ah
  dw 00378h,base+00A0Ah
  dw 00208h,base+0004Ch
  dw 00378h,base+03884h
  dw 00309h,base+024FCh
  dw 00276h,base+003B7h
  dw 0040Ah,base+0372Fh
  dw 00276h,base+02638h
  dw 0040Ah,base+01A69h
  dw 00276h,base+003B7h
  dw 0040Ah,base+03733h
  dw 00276h,base+01BB8h
  dw 0040Ah,base+03737h
  dw 00275h,base+00545h
  dw 0050Bh,base+033DBh
  dw 00275h,base+00878h
  dw 0040Bh,base+00CAAh
  dw 00275h,base+0004Ch
  dw 0040Ah,base+0373Bh
  dw 00376h,base+00731h
  dw 0020Ah,base+002F9h
  dw 00475h,base+036D3h
  dw 0030Ah,base+0025Bh
  dw 00576h,base+033E0h
  dw 00309h,base+00CB1h
  dw 00677h,base+030CBh
  dw 00208h,base+0025Eh
  dw 00778h,base+02E20h
  dw 00108h,base+00040h
  dw 00681h,base+030D1h
  dw 00500h,base+020A9h

dhalsimPage3frame011:
  db 036h,051h,056h,033h
  db 074h
  db 05Eh,02Fh,03Ch,069h,023h
  db 000h,000h
  db 000h,000h
  dw 0017Fh,base+00020h
  dw 00204h,base+003BFh
  dw 0027Ch,base+00004h
  dw 0067Fh,base+030D7h
  dw 0077Fh,base+02E27h
  dw 0097Fh,base+02895h
  dw 00A7Fh,base+02565h
  dw 00B80h,base+020E4h
  dw 00B7Eh,base+020EFh
  dw 00D7Fh,base+01905h
  dw 00D80h,base+01912h
  dw 00D80h,base+0191Fh
  dw 00D80h,base+0192Ch
  dw 00D80h,base+01939h
  dw 00D80h,base+01946h
  dw 00D80h,base+01953h
  dw 00C80h,base+01CD0h
  dw 00708h,base+02E2Eh
  dw 00102h,base+00020h
  dw 00276h,base+00046h
  dw 00680h,base+030DDh
  dw 0077Fh,base+02E35h
  dw 00980h,base+0289Eh
  dw 00980h,base+028A7h
  dw 00B7Ch,base+020FAh
  dw 00204h,base+00038h
  dw 00C7Bh,base+01CDCh
  dw 00305h,base+03887h
  dw 00C7Bh,base+01CE8h
  dw 00405h,base+0373Fh
  dw 00E7Bh,base+01704h
  dw 00405h,base+03743h
  dw 00E7Ah,base+01712h
  dw 01580h,base+008C6h
  dw 01580h,base+008DBh
  dw 01581h,base+008F0h
  dw 01480h,base+009BEh
  dw 0147Fh,base+009D2h
  dw 01480h,base+009E6h
  dw 01480h,base+009FAh
  dw 01580h,base+00905h
  dw 00405h,base+0172Ah
  dw 00103h,base+00020h
  dw 00D78h,base+01960h
  dw 00408h,base+0051Ah
  dw 00D78h,base+0196Dh
  dw 00409h,base+0122Eh
  dw 00D79h,base+0197Ah
  dw 00203h,base+00038h
  dw 00103h,base+000B6h
  dw 00106h,base+00011h
  dw 00874h,base+02B10h
  dw 00102h,base+00020h
  dw 00609h,base+030E3h
  dw 00977h,base+028B0h
  dw 00608h,base+030E9h
  dw 00A78h,base+0256Fh
  dw 00608h,base+030EFh
  dw 00A78h,base+02579h
  dw 00607h,base+030F5h
  dw 00B79h,base+02105h
  dw 00607h,base+030FBh
  dw 00B79h,base+02110h
  dw 00607h,base+03101h
  dw 00B7Bh,base+0211Bh
  dw 00102h,base+00004h
  dw 00103h,base+00020h
  dw 00B7Ah,base+02126h
  dw 00206h,base+010C2h
  dw 00B7Fh,base+02131h
  dw 00C80h,base+01CF4h
  dw 00C80h,base+01D00h
  dw 00C7Fh,base+01D0Ch
  dw 00C80h,base+01D18h
  dw 00607h,base+03107h
  dw 00579h,base+033E5h
  dw 00507h,base+033EAh
  dw 00478h,base+03747h
  dw 00608h,base+0310Dh
  dw 00478h,base+0374Bh
  dw 00508h,base+033EFh
  dw 00478h,base+03288h
  dw 00408h,base+0233Bh
  dw 00478h,base+0374Fh
  dw 00508h,base+033F4h
  dw 00378h,base+01B70h
  dw 00608h,base+03113h
  dw 00378h,base+008E5h
  dw 00607h,base+03119h
  dw 0047Ah,base+03753h
  dw 00B81h,base+0213Ch
  dw 00A80h,base+02583h
  dw 00B81h,base+02147h
  dw 00A80h,base+0258Dh
  dw 00A81h,base+02597h
  dw 00A81h,base+025A1h
  dw 00980h,base+028B9h
  dw 00981h,base+028C2h
  dw 00405h,base+03757h
  dw 0057Bh,base+033F9h
  dw 00405h,base+0375Bh
  dw 0067Ch,base+0311Fh
  dw 00305h,base+02F13h
  dw 0057Bh,base+033FEh
  dw 00305h,base+002F3h
  dw 0057Bh,base+03403h
  dw 00306h,base+0112Bh
  dw 0047Ah,base+0375Fh
  dw 00306h,base+00804h
  dw 0047Ah,base+03763h
  dw 00207h,base+00777h
  dw 00479h,base+03767h
  dw 00207h,base+003AEh
  dw 00479h,base+0376Bh
  dw 00208h,base+000BDh
  dw 00377h,base+0388Ah
  dw 00309h,base+01FA2h
  dw 00476h,base+0376Fh
  dw 0040Ah,base+03773h
  dw 00476h,base+03777h
  dw 0040Ah,base+0038Ch
  dw 00476h,base+015C3h
  dw 00409h,base+00036h
  dw 00577h,base+03408h
  dw 00102h,base+00020h
  dw 00107h,base+00020h
  dw 00581h,base+0340Dh
  dw 00400h,base+01FF5h

dhalsimPage3frame012:
  db 01Ah,012h,058h,049h
  db 05Eh
  db 000h,000h,0B7h,000h,000h
  db 064h,052h
  db 000h,000h
  dw 00380h,base+0025Bh
  dw 00405h,base+025C5h
  dw 0027Ah,base+000B3h
  dw 0067Fh,base+03125h
  dw 00580h,base+03412h
  dw 00680h,base+0312Bh
  dw 0077Fh,base+02E3Ch
  dw 00880h,base+02B18h
  dw 00980h,base+028CBh
  dw 00A0Bh,base+025ABh
  dw 00275h,base+000CAh
  dw 0090Bh,base+028D4h
  dw 00175h,base+0000Ah
  dw 00A80h,base+025B5h
  dw 00880h,base+02B20h
  dw 00881h,base+02B28h
  dw 00A80h,base+025BFh
  dw 00507h,base+03417h
  dw 00279h,base+00001h
  dw 00681h,base+03131h
  dw 00480h,base+00A4Ah
  dw 00300h,base+00019h

dhalsimPage3frame013:
  db 018h,00Fh,058h,04Bh
  db 05Eh
  db 000h,000h,0B5h,000h,000h
  db 064h,052h
  db 000h,000h
  dw 00108h,base+00002h
  dw 00177h,base+00001h
  dw 0047Fh,base+00D69h
  dw 00680h,base+03137h
  dw 00880h,base+02B30h
  dw 0077Fh,base+01D29h
  dw 00A80h,base+025C9h
  dw 00A80h,base+025D3h
  dw 00B80h,base+02152h
  dw 00C80h,base+01D24h
  dw 00C81h,base+01D30h
  dw 00A80h,base+025DDh
  dw 00880h,base+02B38h
  dw 00608h,base+01D3Eh
  dw 00179h,base+00018h
  dw 00406h,base+011A4h
  dw 0017Ah,base+0000Bh
  dw 00102h,base+00002h
  dw 00100h,base+00002h

dhalsimPage3frame014:
  db 016h,01Ch,05Eh,044h
  db 064h
  db 000h,000h,0BCh,000h,000h
  db 000h,000h
  db 000h,000h
  dw 00102h,base+00029h
  dw 00102h,base+00029h
  dw 00179h,base+00004h
  dw 00105h,base+00004h
  dw 0017Bh,base+00003h
  dw 00102h,base+00029h
  dw 00105h,base+00003h
  dw 00179h,base+0002Ah
  dw 00106h,base+00001h
  dw 0017Ah,base+00004h
  dw 00108h,base+00004h
  dw 0017Ch,base+00003h
  dw 0017Fh,base+00004h
  dw 00180h,base+00029h
  dw 00102h,base+00003h
  dw 00104h,base+00003h
  dw 00178h,base+00003h
  dw 00107h,base+00004h
  dw 00178h,base+00001h
  dw 0010Ah,base+00001h
  dw 00176h,base+00004h
  dw 00206h,base+00018h
  dw 0017Ah,base+00003h
  dw 00203h,base+0002Ah
  dw 00102h,base+00029h
  dw 0017Bh,base+00001h
  dw 00207h,base+0025Ch
  dw 0017Ah,base+00004h
  dw 00180h,base+00015h
  dw 0017Fh,base+00015h
  dw 00207h,base+0025Ch
  dw 00179h,base+00004h
  dw 00203h,base+0002Ah
  dw 00102h,base+00029h
  dw 0017Bh,base+00001h
  dw 00206h,base+00018h
  dw 0017Ah,base+00003h
  dw 0010Ah,base+00001h
  dw 00177h,base+00004h
  dw 00107h,base+00004h
  dw 0017Bh,base+00001h
  dw 00102h,base+00003h
  dw 00104h,base+00003h
  dw 0017Ah,base+00003h
  dw 00181h,base+00029h
  dw 0017Ch,base+00004h
  dw 00108h,base+00004h
  dw 00178h,base+00003h
  dw 00106h,base+00001h
  dw 0017Ah,base+00004h
  dw 00102h,base+00029h
  dw 00105h,base+00003h
  dw 00179h,base+0002Ah
  dw 00105h,base+00004h
  dw 0017Eh,base+00003h
  dw 00102h,base+00029h
  dw 00102h,base+00029h
  dw 00100h,base+00004h

dhalsimPage3frame015:
  db 04Ah,051h,042h,033h
  db 074h
  db 05Eh,02Fh,03Ch,069h,023h
  db 000h,000h
  db 000h,000h
  dw 0017Fh,base+00020h
  dw 00204h,base+003BFh
  dw 0027Ch,base+00004h
  dw 0067Fh,base+030D7h
  dw 0077Fh,base+02E27h
  dw 0097Fh,base+02895h
  dw 00A7Fh,base+02565h
  dw 00B80h,base+020E4h
  dw 00B7Eh,base+020EFh
  dw 00D7Fh,base+01905h
  dw 00D80h,base+01912h
  dw 00D80h,base+0191Fh
  dw 00D80h,base+0192Ch
  dw 00D80h,base+01939h
  dw 00D80h,base+01946h
  dw 00D80h,base+01953h
  dw 00C80h,base+01CD0h
  dw 00708h,base+02E2Eh
  dw 00102h,base+00020h
  dw 00276h,base+00046h
  dw 00680h,base+030DDh
  dw 0077Fh,base+02E35h
  dw 00980h,base+0289Eh
  dw 00980h,base+028A7h
  dw 00B7Ch,base+020FAh
  dw 00204h,base+00038h
  dw 00C7Bh,base+01CDCh
  dw 00305h,base+03887h
  dw 00C7Bh,base+01CE8h
  dw 00405h,base+0373Fh
  dw 00E7Bh,base+01704h
  dw 00405h,base+03743h
  dw 00E7Ah,base+01712h
  dw 01580h,base+008C6h
  dw 01578h,base+008DBh
  dw 00308h,base+0019Ch
  dw 01577h,base+008F0h
  dw 0060Ah,base+0313Dh
  dw 01476h,base+009BEh
  dw 0050Ah,base+0341Ch
  dw 01476h,base+009D2h
  dw 00609h,base+03143h
  dw 01476h,base+009E6h
  dw 0080Ah,base+02B40h
  dw 01476h,base+009FAh
  dw 0080Ah,base+02B48h
  dw 01576h,base+00905h
  dw 00E0Fh,base+01720h
  dw 00103h,base+00020h
  dw 00D6Eh,base+01960h
  dw 0090Ah,base+028DDh
  dw 00408h,base+0051Ah
  dw 00D6Eh,base+0196Dh
  dw 0090Ah,base+028E6h
  dw 00409h,base+0122Eh
  dw 00D6Eh,base+0197Ah
  dw 00506h,base+03421h
  dw 00105h,base+0000Bh
  dw 00203h,base+00038h
  dw 00103h,base+000B6h
  dw 00106h,base+00011h
  dw 00869h,base+02B10h
  dw 0060Bh,base+03149h
  dw 00102h,base+00020h
  dw 00609h,base+030E3h
  dw 0096Ah,base+028B0h
  dw 0060Dh,base+0314Fh
  dw 00608h,base+030E9h
  dw 00A6Bh,base+0256Fh
  dw 0050Dh,base+03426h
  dw 00608h,base+030EFh
  dw 00A6Ch,base+02579h
  dw 0040Ch,base+02F0Bh
  dw 00607h,base+030F5h
  dw 00B6Dh,base+02105h
  dw 00102h,base+00002h
  dw 0010Ah,base+00001h
  dw 00607h,base+030FBh
  dw 00B79h,base+02110h
  dw 00607h,base+03101h
  dw 00B7Bh,base+0211Bh
  dw 00102h,base+00004h
  dw 00103h,base+00020h
  dw 00B7Ah,base+02126h
  dw 00206h,base+010C2h
  dw 00B7Fh,base+02131h
  dw 00C80h,base+01CF4h
  dw 00C80h,base+01D00h
  dw 00C7Fh,base+01D0Ch
  dw 00C80h,base+01D18h
  dw 00607h,base+03107h
  dw 00579h,base+033E5h
  dw 00507h,base+033EAh
  dw 00478h,base+03747h
  dw 00608h,base+0310Dh
  dw 00478h,base+0374Bh
  dw 00508h,base+033EFh
  dw 00478h,base+03288h
  dw 00408h,base+0233Bh
  dw 00478h,base+0374Fh
  dw 00508h,base+033F4h
  dw 00378h,base+01B70h
  dw 00608h,base+03113h
  dw 00378h,base+008E5h
  dw 00607h,base+03119h
  dw 0047Ah,base+03753h
  dw 00B81h,base+0213Ch
  dw 00A80h,base+02583h
  dw 00B81h,base+02147h
  dw 00A80h,base+0258Dh
  dw 00A81h,base+02597h
  dw 00A81h,base+025A1h
  dw 00980h,base+028B9h
  dw 00981h,base+028C2h
  dw 00405h,base+03757h
  dw 0057Bh,base+033F9h
  dw 00405h,base+0375Bh
  dw 0067Ch,base+0311Fh
  dw 00305h,base+02F13h
  dw 0057Bh,base+033FEh
  dw 00305h,base+002F3h
  dw 0057Bh,base+03403h
  dw 00306h,base+0112Bh
  dw 0047Ah,base+0375Fh
  dw 00306h,base+00804h
  dw 0047Ah,base+03763h
  dw 00207h,base+00777h
  dw 00479h,base+03767h
  dw 00207h,base+003AEh
  dw 00479h,base+0376Bh
  dw 00208h,base+000BDh
  dw 00377h,base+0388Ah
  dw 00309h,base+01FA2h
  dw 00476h,base+0376Fh
  dw 0040Ah,base+03773h
  dw 00476h,base+03777h
  dw 0040Ah,base+0038Ch
  dw 00476h,base+015C3h
  dw 00409h,base+00036h
  dw 00577h,base+03408h
  dw 00102h,base+00020h
  dw 00107h,base+00020h
  dw 00581h,base+0340Dh
  dw 00400h,base+01FF5h

dhalsimPage3frame016:
  db 064h,051h,028h,033h
  db 074h
  db 05Eh,02Fh,03Ch,069h,023h
  db 02Ch,05Eh
  db 04Ch,03Dh
  dw 0017Fh,base+00020h
  dw 00204h,base+003BFh
  dw 0027Ch,base+00004h
  dw 00662h,base+030D7h
  dw 0011Dh,base+00004h
  dw 00762h,base+02E27h
  dw 0031Dh,base+002F0h
  dw 00961h,base+02895h
  dw 0061Eh,base+03155h
  dw 00A62h,base+02565h
  dw 0061Dh,base+0315Bh
  dw 00B63h,base+020E4h
  dw 00607h,base+03161h
  dw 00116h,base+00004h
  dw 00B63h,base+020EFh
  dw 0081Bh,base+02B50h
  dw 00D65h,base+01905h
  dw 0091Ah,base+028EFh
  dw 00D65h,base+01912h
  dw 00A1Bh,base+025E7h
  dw 00D64h,base+0191Fh
  dw 00B1Ch,base+0215Dh
  dw 00D64h,base+0192Ch
  dw 00B1Ch,base+02168h
  dw 00D64h,base+01939h
  dw 00C1Ch,base+01D3Ch
  dw 00D64h,base+01946h
  dw 00C1Ch,base+01D48h
  dw 00D62h,base+01953h
  dw 00102h,base+00003h
  dw 00D1Ch,base+01987h
  dw 00C62h,base+01CD0h
  dw 00F1Eh,base+013BFh
  dw 00708h,base+02E2Eh
  dw 00102h,base+00020h
  dw 00258h,base+00046h
  dw 00F1Eh,base+013CEh
  dw 00663h,base+030DDh
  dw 00E1Dh,base+0172Eh
  dw 00763h,base+02E35h
  dw 00D1Ch,base+01994h
  dw 00963h,base+0289Eh
  dw 00F1Dh,base+013DDh
  dw 00963h,base+028A7h
  dw 00F1Dh,base+013ECh
  dw 00B63h,base+020FAh
  dw 00F19h,base+013FBh
  dw 00204h,base+00038h
  dw 00C63h,base+01CDCh
  dw 00F18h,base+0140Ah
  dw 00305h,base+03887h
  dw 00C63h,base+01CE8h
  dw 00F18h,base+01419h
  dw 00405h,base+0373Fh
  dw 00E64h,base+01704h
  dw 00E17h,base+0173Ch
  dw 00405h,base+03743h
  dw 00E63h,base+01712h
  dw 00F17h,base+01428h
  dw 01569h,base+008C6h
  dw 01017h,base+01189h
  dw 01569h,base+008DBh
  dw 01017h,base+01199h
  dw 01569h,base+008F0h
  dw 01118h,base+00FBEh
  dw 01468h,base+009BEh
  dw 01218h,base+00D5Eh
  dw 01468h,base+009D2h
  dw 01217h,base+00D70h
  dw 0146Ah,base+009E6h
  dw 01316h,base+00B46h
  dw 0146Ah,base+009FAh
  dw 01416h,base+00A0Eh
  dw 0156Ah,base+00905h
  dw 01516h,base+0091Ah
  dw 00405h,base+0172Ah
  dw 00103h,base+00020h
  dw 00D62h,base+01960h
  dw 01A1Eh,base+00504h
  dw 00D62h,base+0196Dh
  dw 01516h,base+0092Fh
  dw 00409h,base+0122Eh
  dw 00D61h,base+0197Ah
  dw 01318h,base+00B59h
  dw 00203h,base+00038h
  dw 00103h,base+000B6h
  dw 00106h,base+00011h
  dw 0085Ch,base+02B10h
  dw 01318h,base+00B6Ch
  dw 00102h,base+00020h
  dw 00609h,base+030E3h
  dw 0095Eh,base+028B0h
  dw 01219h,base+00D82h
  dw 00608h,base+030E9h
  dw 00A5Fh,base+0256Fh
  dw 01119h,base+00FCFh
  dw 00608h,base+030EFh
  dw 00A5Fh,base+02579h
  dw 00F19h,base+01437h
  dw 00607h,base+030F5h
  dw 00B60h,base+02105h
  dw 00D19h,base+019A1h
  dw 00607h,base+030FBh
  dw 00B61h,base+02110h
  dw 00C18h,base+01D54h
  dw 00607h,base+03101h
  dw 00B61h,base+0211Bh
  dw 00A1Ah,base+025F1h
  dw 00102h,base+00004h
  dw 00103h,base+00020h
  dw 00B63h,base+02126h
  dw 00406h,base+0315Bh
  dw 00211h,base+00004h
  dw 00206h,base+010C2h
  dw 00B64h,base+02131h
  dw 0031Bh,base+00006h
  dw 00C80h,base+01CF4h
  dw 00C80h,base+01D00h
  dw 00C7Fh,base+01D0Ch
  dw 00C80h,base+01D18h
  dw 00607h,base+03107h
  dw 00579h,base+033E5h
  dw 00507h,base+033EAh
  dw 00478h,base+03747h
  dw 00608h,base+0310Dh
  dw 00478h,base+0374Bh
  dw 00508h,base+033EFh
  dw 00478h,base+03288h
  dw 00408h,base+0233Bh
  dw 00478h,base+0374Fh
  dw 00508h,base+033F4h
  dw 00378h,base+01B70h
  dw 00608h,base+03113h
  dw 00378h,base+008E5h
  dw 00607h,base+03119h
  dw 0047Ah,base+03753h
  dw 00B81h,base+0213Ch
  dw 00A80h,base+02583h
  dw 00B81h,base+02147h
  dw 00A80h,base+0258Dh
  dw 00A81h,base+02597h
  dw 00A81h,base+025A1h
  dw 00980h,base+028B9h
  dw 00981h,base+028C2h
  dw 00405h,base+03757h
  dw 0057Bh,base+033F9h
  dw 00405h,base+0375Bh
  dw 0067Ch,base+0311Fh
  dw 00305h,base+02F13h
  dw 0057Bh,base+033FEh
  dw 00305h,base+002F3h
  dw 0057Bh,base+03403h
  dw 00306h,base+0112Bh
  dw 0047Ah,base+0375Fh
  dw 00306h,base+00804h
  dw 0047Ah,base+03763h
  dw 00207h,base+00777h
  dw 00479h,base+03767h
  dw 00207h,base+003AEh
  dw 00479h,base+0376Bh
  dw 00208h,base+000BDh
  dw 00377h,base+0388Ah
  dw 00309h,base+01FA2h
  dw 00476h,base+0376Fh
  dw 0040Ah,base+03773h
  dw 00476h,base+03777h
  dw 0040Ah,base+0038Ch
  dw 00476h,base+015C3h
  dw 00409h,base+00036h
  dw 00577h,base+03408h
  dw 00102h,base+00020h
  dw 00107h,base+00020h
  dw 00581h,base+0340Dh
  dw 00400h,base+01FF5h

dhalsimPage3frame017:
  db 064h,051h,028h,033h
  db 074h
  db 05Eh,02Fh,03Ch,069h,023h
  db 069h,061h
  db 049h,062h
  dw 00161h,base+00020h
  dw 0021Eh,base+0006Dh
  dw 00204h,base+003BFh
  dw 0025Dh,base+00004h
  dw 0031Fh,base+024B3h
  dw 00660h,base+030D7h
  dw 0041Fh,base+02BF8h
  dw 00761h,base+02E27h
  dw 0041Eh,base+0377Bh
  dw 00962h,base+02895h
  dw 0041Dh,base+0198Bh
  dw 00A62h,base+02565h
  dw 0061Dh,base+03167h
  dw 00B63h,base+020E4h
  dw 0061Dh,base+0316Dh
  dw 00B62h,base+020EFh
  dw 0081Ch,base+02B58h
  dw 00D63h,base+01905h
  dw 0090Ah,base+028F8h
  dw 00112h,base+00003h
  dw 00D64h,base+01912h
  dw 00B1Ch,base+02173h
  dw 00D64h,base+0191Fh
  dw 00B1Ch,base+0217Eh
  dw 00D63h,base+0192Ch
  dw 00C1Dh,base+01D60h
  dw 00D63h,base+01939h
  dw 00C1Dh,base+01D6Ch
  dw 00D62h,base+01946h
  dw 00D1Eh,base+019AEh
  dw 00D62h,base+01953h
  dw 00D1Eh,base+019BBh
  dw 00C62h,base+01CD0h
  dw 00D1Eh,base+019C8h
  dw 00708h,base+02E2Eh
  dw 00102h,base+00020h
  dw 00259h,base+00046h
  dw 00E1Dh,base+0174Ah
  dw 00663h,base+030DDh
  dw 00E1Dh,base+01758h
  dw 00762h,base+02E35h
  dw 00F1Dh,base+01446h
  dw 00963h,base+0289Eh
  dw 00F1Dh,base+01455h
  dw 00963h,base+028A7h
  dw 00F1Dh,base+01464h
  dw 00B63h,base+020FAh
  dw 00F19h,base+01473h
  dw 00204h,base+00038h
  dw 00C63h,base+01CDCh
  dw 00E18h,base+01766h
  dw 00305h,base+03887h
  dw 00C63h,base+01CE8h
  dw 00E18h,base+01774h
  dw 00405h,base+0373Fh
  dw 00E63h,base+01704h
  dw 00F18h,base+01482h
  dw 00405h,base+03743h
  dw 00E63h,base+01712h
  dw 01017h,base+011A9h
  dw 01569h,base+008C6h
  dw 01017h,base+011B9h
  dw 01569h,base+008DBh
  dw 01017h,base+011C9h
  dw 01569h,base+008F0h
  dw 01012h,base+011D9h
  dw 00106h,base+00004h
  dw 01469h,base+009BEh
  dw 01117h,base+00FE0h
  dw 01469h,base+009D2h
  dw 01216h,base+00D94h
  dw 0146Ah,base+009E6h
  dw 01316h,base+00B7Fh
  dw 0146Ah,base+009FAh
  dw 01416h,base+00A22h
  dw 0156Ah,base+00905h
  dw 01316h,base+00B92h
  dw 00405h,base+0172Ah
  dw 00103h,base+00020h
  dw 00D62h,base+01960h
  dw 01A1Eh,base+0051Eh
  dw 00D62h,base+0196Dh
  dw 01416h,base+00A36h
  dw 00409h,base+0122Eh
  dw 00D61h,base+0197Ah
  dw 01318h,base+00BA5h
  dw 00203h,base+00038h
  dw 00103h,base+000B6h
  dw 00106h,base+00011h
  dw 0085Ch,base+02B10h
  dw 01218h,base+00DA6h
  dw 00102h,base+00020h
  dw 00609h,base+030E3h
  dw 0095Dh,base+028B0h
  dw 0111Ah,base+00FF1h
  dw 00608h,base+030E9h
  dw 00A5Fh,base+0256Fh
  dw 00F19h,base+01491h
  dw 00608h,base+030EFh
  dw 00A5Fh,base+02579h
  dw 01019h,base+011E9h
  dw 00607h,base+030F5h
  dw 00B60h,base+02105h
  dw 00E19h,base+01782h
  dw 00607h,base+030FBh
  dw 00B61h,base+02110h
  dw 00C18h,base+01D78h
  dw 00607h,base+03101h
  dw 00B61h,base+0211Bh
  dw 00B1Ah,base+02189h
  dw 00102h,base+00004h
  dw 00103h,base+00020h
  dw 00B61h,base+02126h
  dw 00406h,base+0053Dh
  dw 00413h,base+0377Fh
  dw 00206h,base+010C2h
  dw 00B62h,base+02131h
  dw 00206h,base+00001h
  dw 00217h,base+00018h
  dw 00C63h,base+01CF4h
  dw 00205h,base+00004h
  dw 00218h,base+00004h
  dw 00C80h,base+01D00h
  dw 00C7Fh,base+01D0Ch
  dw 00C80h,base+01D18h
  dw 00607h,base+03107h
  dw 00579h,base+033E5h
  dw 00507h,base+033EAh
  dw 00478h,base+03747h
  dw 00608h,base+0310Dh
  dw 00478h,base+0374Bh
  dw 00508h,base+033EFh
  dw 00478h,base+03288h
  dw 00408h,base+0233Bh
  dw 00478h,base+0374Fh
  dw 00508h,base+033F4h
  dw 00378h,base+01B70h
  dw 00608h,base+03113h
  dw 00378h,base+008E5h
  dw 00607h,base+03119h
  dw 0047Ah,base+03753h
  dw 00B81h,base+0213Ch
  dw 00A80h,base+02583h
  dw 00B81h,base+02147h
  dw 00A80h,base+0258Dh
  dw 00A81h,base+02597h
  dw 00A81h,base+025A1h
  dw 00980h,base+028B9h
  dw 00981h,base+028C2h
  dw 00405h,base+03757h
  dw 0057Bh,base+033F9h
  dw 00405h,base+0375Bh
  dw 0067Ch,base+0311Fh
  dw 00305h,base+02F13h
  dw 0057Bh,base+033FEh
  dw 00305h,base+002F3h
  dw 0057Bh,base+03403h
  dw 00306h,base+0112Bh
  dw 0047Ah,base+0375Fh
  dw 00306h,base+00804h
  dw 0047Ah,base+03763h
  dw 00207h,base+00777h
  dw 00479h,base+03767h
  dw 00207h,base+003AEh
  dw 00479h,base+0376Bh
  dw 00208h,base+000BDh
  dw 00377h,base+0388Ah
  dw 00309h,base+01FA2h
  dw 00476h,base+0376Fh
  dw 0040Ah,base+03773h
  dw 00476h,base+03777h
  dw 0040Ah,base+0038Ch
  dw 00476h,base+015C3h
  dw 00409h,base+00036h
  dw 00577h,base+03408h
  dw 00102h,base+00020h
  dw 00107h,base+00020h
  dw 00581h,base+0340Dh
  dw 00400h,base+01FF5h

dhalsimPage3frame018:
  db 02Ch,042h,068h,023h
  db 07Eh
  db 06Eh,020h,01Fh,068h,02Ah
  db 000h,000h
  db 000h,000h
  dw 00280h,base+00048h
  dw 0037Fh,base+00159h
  dw 00480h,base+03783h
  dw 00480h,base+0351Fh
  dw 00480h,base+0238Fh
  dw 00580h,base+0342Bh
  dw 00580h,base+03430h
  dw 00580h,base+03435h
  dw 00580h,base+0343Ah
  dw 00580h,base+0343Fh
  dw 00480h,base+0040Dh
  dw 00480h,base+03787h
  dw 00481h,base+0004Eh
  dw 00380h,base+00048h
  dw 00405h,base+0025Ch
  dw 00177h,base+00004h
  dw 00204h,base+0004Ch
  dw 0077Ch,base+02E43h
  dw 00B7Fh,base+02194h
  dw 00D80h,base+019D5h
  dw 00D80h,base+019E2h
  dw 00D80h,base+019EFh
  dw 00D7Fh,base+019FCh
  dw 00E80h,base+01790h
  dw 00E80h,base+0179Eh
  dw 00E80h,base+017ACh
  dw 00E7Fh,base+017BAh
  dw 00F80h,base+014A0h
  dw 00F80h,base+014AFh
  dw 00F80h,base+014BEh
  dw 00F80h,base+014CDh
  dw 00F80h,base+014DCh
  dw 00F80h,base+014EBh
  dw 00E81h,base+017C8h
  dw 00B82h,base+0219Fh
  dw 00880h,base+02B60h
  dw 00881h,base+02B68h
  dw 00880h,base+02B70h
  dw 00880h,base+02B78h
  dw 00880h,base+02B80h
  dw 00881h,base+02B88h
  dw 00780h,base+02E4Ah
  dw 0077Fh,base+02E51h
  dw 0087Fh,base+02B90h
  dw 0097Fh,base+02901h
  dw 00A7Fh,base+025FBh
  dw 00D80h,base+01A09h
  dw 00D7Fh,base+01A16h
  dw 00F80h,base+014FAh
  dw 00F7Fh,base+01509h
  dw 01080h,base+011F9h
  dw 0107Fh,base+01209h
  dw 01180h,base+01002h
  dw 0127Fh,base+00DB8h
  dw 01380h,base+00BB8h
  dw 01380h,base+00BCBh
  dw 01380h,base+00BDEh
  dw 0147Fh,base+00A4Ah
  dw 01580h,base+00944h
  dw 0090Bh,base+0290Ah
  dw 00A75h,base+02605h
  dw 0080Ch,base+02B98h
  dw 00974h,base+02913h
  dw 0060Dh,base+03173h
  dw 00873h,base+02BA0h
  dw 0040Eh,base+0378Bh
  dw 00873h,base+02BA8h
  dw 0020Dh,base+00004h
  dw 00881h,base+02BB0h
  dw 00781h,base+02E58h
  dw 00681h,base+03179h
  dw 00481h,base+0247Ah
  dw 00300h,base+0005Eh

dhalsimPage3frame019:
  db 044h,048h,05Ch,029h
  db 08Ah
  db 06Eh,031h,028h,05Bh,02Dh
  db 05Eh,070h
  db 07Ch,058h
  dw 00380h,base+00019h
  dw 00380h,base+0382Dh
  dw 00408h,base+0378Fh
  dw 00177h,base+00004h
  dw 00507h,base+03444h
  dw 00479h,base+03793h
  dw 00507h,base+03449h
  dw 00579h,base+0344Eh
  dw 00506h,base+03453h
  dw 0067Ah,base+0317Fh
  dw 00C80h,base+01D84h
  dw 00C80h,base+01D90h
  dw 00C80h,base+01D9Ch
  dw 00C80h,base+01DA8h
  dw 00C7Fh,base+01DB4h
  dw 00D80h,base+01A23h
  dw 00D80h,base+01A30h
  dw 00C80h,base+01DC0h
  dw 00C80h,base+01DCCh
  dw 00B80h,base+021AAh
  dw 00B80h,base+021B5h
  dw 00A7Fh,base+0260Fh
  dw 00B80h,base+021C0h
  dw 00C80h,base+01DD8h
  dw 00D7Eh,base+01A3Dh
  dw 00F7Fh,base+01518h
  dw 0107Fh,base+01219h
  dw 0117Fh,base+01013h
  dw 01280h,base+00DCAh
  dw 01280h,base+00DDCh
  dw 01280h,base+00DEEh
  dw 01280h,base+00E00h
  dw 01280h,base+00E12h
  dw 0117Fh,base+01024h
  dw 01280h,base+00E24h
  dw 0117Fh,base+01035h
  dw 00D80h,base+01A4Ah
  dw 00B7Fh,base+021CBh
  dw 00C80h,base+01DE4h
  dw 00B80h,base+021D6h
  dw 00B7Fh,base+021E1h
  dw 00C7Fh,base+01DF0h
  dw 00C80h,base+01DFCh
  dw 00C80h,base+01E08h
  dw 00C7Fh,base+01E14h
  dw 00C7Fh,base+01E20h
  dw 00B0Ch,base+021ECh
  dw 00173h,base+00004h
  dw 00C80h,base+01E2Ch
  dw 00B80h,base+021F7h
  dw 00A7Fh,base+02619h
  dw 00506h,base+03458h
  dw 0057Ah,base+0345Dh
  dw 00A80h,base+02623h
  dw 00A80h,base+0262Dh
  dw 0097Fh,base+0291Ch
  dw 00A80h,base+02637h
  dw 0087Fh,base+02BB8h
  dw 0097Fh,base+02925h
  dw 00A7Fh,base+02641h
  dw 00B7Fh,base+02202h
  dw 00B7Fh,base+0220Dh
  dw 00B80h,base+02218h
  dw 00B80h,base+02223h
  dw 00A80h,base+0264Bh
  dw 00980h,base+0292Eh
  dw 00880h,base+02BC0h
  dw 00780h,base+02E5Fh
  dw 00780h,base+02E66h
  dw 00780h,base+02E6Dh
  dw 00780h,base+02E74h
  dw 00681h,base+03185h
  dw 00580h,base+03462h
  dw 00580h,base+03467h
  dw 00481h,base+03797h
  dw 00380h,base+0388Dh
  dw 00281h,base+00B45h
  dw 00100h,base+00020h

dhalsimPage3frame020:
  db 03Ch,049h,05Ch,023h
  db 092h
  db 077h,022h,028h,05Eh,023h
  db 05Bh,06Ch
  db 06Fh,04Dh
  dw 0017Fh,base+00020h
  dw 0037Fh,base+00048h
  dw 00480h,base+00C63h
  dw 00580h,base+0346Ch
  dw 0057Bh,base+03471h
  dw 00305h,base+00019h
  dw 0057Bh,base+03476h
  dw 00304h,base+00363h
  dw 0067Bh,base+0318Bh
  dw 00B80h,base+0222Eh
  dw 00B80h,base+02239h
  dw 00A80h,base+02655h
  dw 00980h,base+02937h
  dw 00980h,base+02940h
  dw 00880h,base+02BC8h
  dw 00709h,base+02E7Bh
  dw 00177h,base+00020h
  dw 00A80h,base+0265Fh
  dw 00A80h,base+02669h
  dw 00A80h,base+02673h
  dw 00A80h,base+0267Dh
  dw 00A80h,base+02687h
  dw 00A80h,base+02691h
  dw 00A80h,base+0269Bh
  dw 0097Eh,base+02949h
  dw 00102h,base+00004h
  dw 0097Eh,base+02952h
  dw 00A80h,base+026A5h
  dw 00A7Eh,base+026AFh
  dw 0097Fh,base+0295Bh
  dw 00980h,base+02964h
  dw 0097Fh,base+0296Dh
  dw 00A80h,base+026B9h
  dw 0097Fh,base+02976h
  dw 00A80h,base+026C3h
  dw 00980h,base+0297Fh
  dw 00880h,base+02BD0h
  dw 00880h,base+02BD8h
  dw 00880h,base+02BE0h
  dw 0077Fh,base+02E82h
  dw 00880h,base+02BE8h
  dw 00880h,base+02BF0h
  dw 00880h,base+02BF8h
  dw 00780h,base+02E89h
  dw 0057Fh,base+0347Bh
  dw 00680h,base+03191h
  dw 00580h,base+03480h
  dw 00580h,base+03485h
  dw 00480h,base+0379Bh
  dw 0047Eh,base+0379Fh
  dw 0057Eh,base+0348Ah
  dw 00780h,base+02E90h
  dw 00780h,base+02E97h
  dw 0077Fh,base+02E9Eh
  dw 00780h,base+02EA5h
  dw 00680h,base+03197h
  dw 00580h,base+0348Fh
  dw 00480h,base+037A3h
  dw 0047Fh,base+037A7h
  dw 00480h,base+037ABh
  dw 00480h,base+037AFh
  dw 0037Eh,base+034E0h
  dw 0057Fh,base+03494h
  dw 00580h,base+03499h
  dw 00480h,base+037B3h
  dw 00480h,base+037B7h
  dw 00481h,base+00362h
  dw 0037Fh,base+005CFh
  dw 00380h,base+0046Bh
  dw 00380h,base+030DAh
  dw 00380h,base+005CFh
  dw 00280h,base+003D7h
  dw 00280h,base+00543h
  dw 0017Fh,base+00001h
  dw 00280h,base+000F2h
  dw 00280h,base+00055h
  dw 00100h,base+00004h

dhalsimPage3frame021:
  db 048h,047h,05Ah,029h
  db 08Ah
  db 06Dh,031h,028h,05Ah,022h
  db 05Dh,06Fh
  db 07Eh,05Bh
  dw 00380h,base+00363h
  dw 0037Fh,base+02676h
  dw 00409h,base+037BBh
  dw 00177h,base+00020h
  dw 00508h,base+0349Eh
  dw 00378h,base+03890h
  dw 00508h,base+034A3h
  dw 00478h,base+037BFh
  dw 00507h,base+034A8h
  dw 00579h,base+034ADh
  dw 00507h,base+034B2h
  dw 00579h,base+034B7h
  dw 00507h,base+01D00h
  dw 00578h,base+034BCh
  dw 00D80h,base+01A57h
  dw 00D80h,base+01A64h
  dw 00D80h,base+01A71h
  dw 00C80h,base+01E38h
  dw 00C80h,base+01E44h
  dw 00B80h,base+02244h
  dw 00A81h,base+026CDh
  dw 00980h,base+02988h
  dw 0097Fh,base+02991h
  dw 00B7Fh,base+0224Fh
  dw 00C80h,base+01E50h
  dw 00D80h,base+01A7Eh
  dw 00E7Eh,base+017D6h
  dw 0107Fh,base+01229h
  dw 0117Fh,base+01046h
  dw 0137Fh,base+00BF1h
  dw 01480h,base+00A5Eh
  dw 01480h,base+00A72h
  dw 01480h,base+00A86h
  dw 01380h,base+00C04h
  dw 0137Fh,base+00C17h
  dw 01480h,base+00A9Ah
  dw 00C0Eh,base+01E5Ch
  dw 00571h,base+003E9h
  dw 00C12h,base+01E68h
  dw 0016Eh,base+00020h
  dw 00B80h,base+0225Ah
  dw 00B80h,base+02265h
  dw 00A7Fh,base+026D7h
  dw 00B7Fh,base+02270h
  dw 00C7Fh,base+01E74h
  dw 00D80h,base+01A8Bh
  dw 00C7Fh,base+01E80h
  dw 00D7Fh,base+01A98h
  dw 00D80h,base+01AA5h
  dw 00D7Fh,base+01AB2h
  dw 00C80h,base+01E8Ch
  dw 00C80h,base+01E98h
  dw 00B7Fh,base+0227Bh
  dw 00B80h,base+02286h
  dw 00A80h,base+026E1h
  dw 0097Fh,base+0299Ah
  dw 00A80h,base+026EBh
  dw 00A80h,base+026F5h
  dw 0097Fh,base+029A3h
  dw 00A7Fh,base+026FFh
  dw 00B7Fh,base+02291h
  dw 00B80h,base+0229Ch
  dw 00B7Fh,base+022A7h
  dw 00B80h,base+022B2h
  dw 00A7Fh,base+02709h
  dw 00A80h,base+02713h
  dw 0097Fh,base+029ACh
  dw 00980h,base+029B5h
  dw 00980h,base+029BEh
  dw 00880h,base+02C00h
  dw 00880h,base+02C08h
  dw 00880h,base+02C10h
  dw 00881h,base+02C18h
  dw 00680h,base+0319Dh
  dw 00681h,base+031A3h
  dw 00480h,base+037C3h
  dw 00481h,base+037C7h
  dw 00280h,base+001DEh
  dw 00200h,base+0059Ch

dhalsimPage3frame022:
  db 048h,03Ch,05Eh,031h
  db 09Eh
  db 079h,02Ah,028h,05Fh,022h
  db 05Bh,06Fh
  db 079h,064h
  dw 0027Ah,base+0389Ch
  dw 00305h,base+0004Ch
  dw 0047Bh,base+037CBh
  dw 00305h,base+00021h
  dw 0047Ah,base+037CFh
  dw 00406h,base+037D3h
  dw 0047Ah,base+0182Dh
  dw 00405h,base+02679h
  dw 0057Ah,base+034C1h
  dw 00506h,base+034C6h
  dw 0067Ah,base+031A9h
  dw 00506h,base+034CBh
  dw 0067Ah,base+031AFh
  dw 00C80h,base+01EA4h
  dw 00B80h,base+022BDh
  dw 00B80h,base+022C8h
  dw 00A80h,base+0271Dh
  dw 0097Fh,base+029C7h
  dw 00980h,base+029D0h
  dw 00A7Fh,base+02727h
  dw 00B7Fh,base+022D3h
  dw 00C80h,base+01EB0h
  dw 00C80h,base+01EBCh
  dw 00C7Fh,base+01EC8h
  dw 00D7Fh,base+01ABFh
  dw 00E80h,base+017E4h
  dw 00E7Eh,base+017F2h
  dw 00F80h,base+01527h
  dw 00E80h,base+01800h
  dw 00880h,base+02C20h
  dw 00880h,base+02C28h
  dw 00880h,base+02C30h
  dw 0077Fh,base+02EACh
  dw 00880h,base+02C38h
  dw 0087Fh,base+02C40h
  dw 00980h,base+029D9h
  dw 0087Fh,base+02C48h
  dw 00980h,base+029E2h
  dw 0097Eh,base+029EBh
  dw 00A80h,base+02731h
  dw 0097Fh,base+029F4h
  dw 00A80h,base+0273Bh
  dw 00880h,base+02C50h
  dw 00780h,base+02EB3h
  dw 0067Fh,base+031B5h
  dw 00680h,base+031BBh
  dw 00480h,base+037D7h
  dw 0037Fh,base+00FEDh
  dw 00480h,base+037DBh
  dw 0047Fh,base+037DFh
  dw 00580h,base+034D0h
  dw 0057Fh,base+034D5h
  dw 00680h,base+031C1h
  dw 0057Fh,base+034DAh
  dw 0067Fh,base+031C7h
  dw 0067Fh,base+031CDh
  dw 0057Fh,base+034DFh
  dw 00580h,base+034E4h
  dw 0047Fh,base+037E3h
  dw 00580h,base+034E9h
  dw 0057Fh,base+034EEh
  dw 0067Fh,base+031D3h
  dw 00780h,base+02EBAh
  dw 00405h,base+03528h
  dw 0017Bh,base+00004h
  dw 00380h,base+00003h
  dw 00100h,base+00004h

dhalsimPage3frame023:
  db 058h,018h,05Ah,044h
  db 064h
  db 057h,05Ch,00Ch,056h,05Ch
  db 056h,057h
  db 06Ah,05Dh
  dw 00380h,base+00001h
  dw 0047Fh,base+0098Ch
  dw 00580h,base+034F3h
  dw 0060Dh,base+031D9h
  dw 00373h,base+0004Dh
  dw 0070Dh,base+02EC1h
  dw 00472h,base+037E7h
  dw 0080Ah,base+02C58h
  dw 00203h,base+00276h
  dw 00572h,base+034F8h
  dw 00A0Bh,base+02745h
  dw 00818h,base+02C60h
  dw 0025Ch,base+00004h
  dw 00B0Dh,base+022DEh
  dw 00B0Eh,base+022E9h
  dw 00409h,base+008B4h
  dw 0025Bh,base+0133Ah
  dw 01A1Ch,base+00538h
  dw 00609h,base+031DFh
  dw 0035Bh,base+0261Ah
  dw 02880h,base+00255h
  dw 02A80h,base+00185h
  dw 02A80h,base+001AFh
  dw 02A80h,base+001D9h
  dw 00506h,base+034FDh
  dw 0257Ah,base+00366h
  dw 00507h,base+03502h
  dw 02579h,base+0038Bh
  dw 00407h,base+037EBh
  dw 01113h,base+01057h
  dw 0030Dh,base+03893h
  dw 0055Ah,base+03507h
  dw 00204h,base+00B07h
  dw 01215h,base+00E36h
  dw 00211h,base+00004h
  dw 0015Ah,base+00004h
  dw 0117Eh,base+01068h
  dw 01380h,base+00C2Ah
  dw 00B0Ch,base+022F4h
  dw 00102h,base+0000Eh
  dw 00203h,base+00046h
  dw 0016Fh,base+00040h
  dw 00981h,base+029FDh
  dw 00780h,base+02EC8h
  dw 00680h,base+031E5h
  dw 00304h,base+00019h
  dw 00200h,base+00046h

dhalsimPage3frame024:
  db 058h,026h,058h,03Dh
  db 064h
  db 056h,05Ch,012h,055h,05Ch
  db 055h,05Bh
  db 080h,063h
  dw 00380h,base+00019h
  dw 0037Fh,base+00ED0h
  dw 00580h,base+0350Ch
  dw 00580h,base+03511h
  dw 00680h,base+031EBh
  dw 00680h,base+031F1h
  dw 00680h,base+031F7h
  dw 0070Fh,base+02ECFh
  dw 00171h,base+00020h
  dw 0070Fh,base+02ED6h
  dw 00371h,base+0020Ch
  dw 0080Bh,base+02C68h
  dw 0080Bh,base+02C70h
  dw 0066Ah,base+0004Bh
  dw 0080Ah,base+02C78h
  dw 01319h,base+00C3Dh
  dw 0035Eh,base+00087h
  dw 00708h,base+02EDDh
  dw 01518h,base+00959h
  dw 00560h,base+03516h
  dw 0257Ch,base+003B0h
  dw 00104h,base+00020h
  dw 0267Bh,base+002F4h
  dw 00304h,base+00037h
  dw 0277Ch,base+002CDh
  dw 02B7Fh,base+00058h
  dw 02C80h,base+00000h
  dw 02C80h,base+0002Ch
  dw 02026h,base+003D5h
  dw 0065Ah,base+031FDh
  dw 02026h,base+003D5h
  dw 0065Ah,base+031FDh
  dw 02C80h,base+0002Ch
  dw 02C81h,base+00000h
  dw 02B80h,base+00058h
  dw 00304h,base+00037h
  dw 0277Dh,base+002CDh
  dw 00104h,base+00020h
  dw 02680h,base+002F4h
  dw 02580h,base+003B0h
  dw 00708h,base+02EDDh
  dw 01518h,base+00959h
  dw 0055Fh,base+03516h
  dw 0080Ah,base+02C78h
  dw 01319h,base+00C3Dh
  dw 0035Dh,base+00087h
  dw 0080Bh,base+02C68h
  dw 0080Bh,base+02C70h
  dw 0066Ah,base+0004Bh
  dw 0070Fh,base+02ED6h
  dw 00371h,base+0020Ch
  dw 0070Fh,base+02ECFh
  dw 00171h,base+00020h
  dw 00680h,base+031F7h
  dw 00680h,base+031F1h
  dw 00680h,base+031EBh
  dw 00580h,base+03511h
  dw 00581h,base+0350Ch
  dw 00380h,base+00ED0h
  dw 00300h,base+00019h

dhalsimPage3frame025:
  db 058h,018h,05Ah,044h
  db 062h
  db 057h,05Ch,00Ch,056h,05Ch
  db 056h,058h
  db 06Bh,05Eh
  dw 00304h,base+00019h
  dw 0027Ch,base+00046h
  dw 00680h,base+031E5h
  dw 0077Fh,base+02EC8h
  dw 00980h,base+029FDh
  dw 00B0Ch,base+022F4h
  dw 00102h,base+0000Eh
  dw 00203h,base+00046h
  dw 0016Fh,base+00040h
  dw 01382h,base+00C2Ah
  dw 0117Ch,base+01068h
  dw 00204h,base+00B07h
  dw 01215h,base+00E36h
  dw 00211h,base+00004h
  dw 00155h,base+00004h
  dw 00407h,base+037EBh
  dw 01113h,base+01057h
  dw 0030Dh,base+03893h
  dw 00559h,base+03507h
  dw 00507h,base+03502h
  dw 02579h,base+0038Bh
  dw 00506h,base+034FDh
  dw 0257Ah,base+00366h
  dw 02A80h,base+001D9h
  dw 02A80h,base+001AFh
  dw 02A80h,base+00185h
  dw 02880h,base+00255h
  dw 01A1Ch,base+00538h
  dw 00609h,base+031DFh
  dw 0035Ch,base+0261Ah
  dw 00B0Dh,base+022DEh
  dw 00B0Eh,base+022E9h
  dw 00409h,base+008B4h
  dw 0025Dh,base+0133Ah
  dw 00A0Bh,base+02745h
  dw 00818h,base+02C60h
  dw 0025Eh,base+00004h
  dw 0080Ah,base+02C58h
  dw 00203h,base+00276h
  dw 00574h,base+034F8h
  dw 0070Dh,base+02EC1h
  dw 00473h,base+037E7h
  dw 0060Dh,base+031D9h
  dw 00373h,base+0004Dh
  dw 00581h,base+034F3h
  dw 00480h,base+0098Ch
  dw 00300h,base+00001h

dhalsimPage3frame026:
  db 056h,026h,05Ah,03Dh
  db 064h
  db 055h,05Ch,012h,054h,05Ch
  db 055h,05Ah
  db 085h,064h
  dw 00680h,base+03203h
  dw 0077Fh,base+02EE4h
  dw 00980h,base+02A06h
  dw 00980h,base+02A0Fh
  dw 00A80h,base+0274Fh
  dw 00A80h,base+02759h
  dw 00B80h,base+022FFh
  dw 00B10h,base+0230Ah
  dw 00170h,base+00020h
  dw 00B0Fh,base+02315h
  dw 00371h,base+00415h
  dw 00B0Ch,base+02320h
  dw 0080Ch,base+02C80h
  dw 00369h,base+003EBh
  dw 01C80h,base+00431h
  dw 01D21h,base+00414h
  dw 0035Eh,base+003FFh
  dw 0267Eh,base+0031Ah
  dw 0287Fh,base+0027Dh
  dw 0297Fh,base+00203h
  dw 02B80h,base+00083h
  dw 02B80h,base+000AEh
  dw 02B80h,base+000D9h
  dw 01F24h,base+003F5h
  dw 0065Ch,base+02022h
  dw 01F24h,base+003F5h
  dw 0065Ch,base+02022h
  dw 02B80h,base+00104h
  dw 02B80h,base+0012Fh
  dw 02B81h,base+0015Ah
  dw 02981h,base+0022Ch
  dw 02882h,base+002A5h
  dw 02681h,base+00340h
  dw 01D21h,base+00414h
  dw 0045Fh,base+024A6h
  dw 01C7Fh,base+00431h
  dw 00B0Ch,base+02320h
  dw 0080Ch,base+02C80h
  dw 00368h,base+003EBh
  dw 00B0Fh,base+02315h
  dw 00371h,base+00415h
  dw 00B10h,base+0230Ah
  dw 00170h,base+00020h
  dw 00B80h,base+022FFh
  dw 00A80h,base+02759h
  dw 00A80h,base+0274Fh
  dw 00980h,base+02A0Fh
  dw 00981h,base+02A06h
  dw 00780h,base+02EE4h
  dw 00600h,base+03203h

dhalsimPage3frame027:
  db 010h,010h,060h,04Ah
  db 066h
  db 000h,000h,0B6h,000h,000h
  db 000h,000h
  db 000h,000h
  dw 0027Fh,base+0000Bh
  dw 0047Fh,base+00520h
  dw 00680h,base+03209h
  dw 00680h,base+01468h
  dw 0067Fh,base+004D1h
  dw 00880h,base+02C88h
  dw 00880h,base+02C90h
  dw 00880h,base+02C90h
  dw 00880h,base+02C90h
  dw 00880h,base+02C90h
  dw 00881h,base+02C88h
  dw 00680h,base+004D1h
  dw 00680h,base+01468h
  dw 00681h,base+03209h
  dw 00481h,base+00520h
  dw 00200h,base+0000Bh

dhalsimPage3frame028:
  db 008h,016h,060h,047h
  db 064h
  db 000h,000h,0B9h,000h,000h
  db 000h,000h
  db 000h,000h
  dw 00180h,base+00003h
  dw 0027Fh,base+00003h
  dw 00280h,base+00018h
  dw 0027Fh,base+0132Ah
  dw 00380h,base+03896h
  dw 00480h,base+037EFh
  dw 00480h,base+037F3h
  dw 00380h,base+03899h
  dw 00480h,base+037F7h
  dw 00480h,base+006F5h
  dw 00380h,base+009C7h
  dw 00380h,base+009C7h
  dw 00480h,base+006F5h
  dw 00480h,base+037F7h
  dw 00380h,base+03899h
  dw 00480h,base+037F3h
  dw 00480h,base+037EFh
  dw 00381h,base+03896h
  dw 00280h,base+0132Ah
  dw 00281h,base+00018h
  dw 00280h,base+00003h
  dw 00100h,base+00003h

dhalsimPage3frame029:
  db 012h,01Ah,05Eh,045h
  db 066h
  db 000h,000h,0BBh,000h,000h
  db 000h,000h
  db 000h,000h
  dw 00102h,base+00029h
  dw 0017Ch,base+00029h
  dw 00102h,base+00003h
  dw 00102h,base+00003h
  dw 0017Bh,base+00003h
  dw 00103h,base+00029h
  dw 0017Dh,base+00004h
  dw 00180h,base+00002h
  dw 00280h,base+00A69h
  dw 00205h,base+00438h
  dw 0017Bh,base+00029h
  dw 00380h,base+009D6h
  dw 00280h,base+0002Fh
  dw 00207h,base+030DCh
  dw 00179h,base+00029h
  dw 00203h,base+0007Dh
  dw 00103h,base+0000Ah
  dw 00279h,base+0055Bh
  dw 00480h,base+037FBh
  dw 00380h,base+01B70h
  dw 00480h,base+037FFh
  dw 00480h,base+037FFh
  dw 00380h,base+01B70h
  dw 00481h,base+037FBh
  dw 00203h,base+0007Dh
  dw 00103h,base+0000Ah
  dw 0027Ah,base+0055Bh
  dw 00207h,base+030DCh
  dw 00179h,base+00029h
  dw 00280h,base+0002Fh
  dw 00380h,base+009D6h
  dw 00205h,base+00438h
  dw 0017Bh,base+00029h
  dw 00280h,base+00A69h
  dw 00180h,base+00002h
  dw 00103h,base+00029h
  dw 0017Eh,base+00004h
  dw 00102h,base+00003h
  dw 00102h,base+00003h
  dw 0017Eh,base+00003h
  dw 00102h,base+00029h
  dw 00100h,base+00029h

dhalsimPage3frame030:
  db 002h,001h,06Ah,052h
  db 06Ah
  db 000h,000h,0AEh,000h,000h
  db 000h,000h
  db 000h,000h
  dw 00100h,base+00020h


