  dw guilePage0frame000
  dw guilePage0frame001
  dw guilePage0frame002
  dw guilePage0frame003
  dw guilePage0frame004
  dw guilePage0frame005
  dw guilePage0frame006
  dw guilePage0frame007
  dw guilePage0frame008
  dw guilePage0frame009
  dw guilePage0frame010
  dw guilePage0frame011
  dw guilePage0frame012
  dw guilePage0frame013
  dw guilePage0frame014
  dw guilePage0frame015
  dw guilePage0frame016
  dw guilePage0frame017
  dw guilePage0frame018
  dw guilePage0frame019
  dw guilePage0frame020
  dw guilePage0frame021
  dw guilePage0frame022
  dw guilePage0frame023
  dw guilePage0frame024
  dw guilePage0frame025
  dw guilePage0frame026

guilePage0frame000:
  db 02Ch,04Fh,06Eh,035h
  db 080h
  db 06Eh,022h,031h,06Ch,022h
  db 000h,000h
  db 000h,000h
  dw 00881h,base+0261Ch
  dw 00980h,base+021F6h
  dw 00881h,base+02624h
  dw 00680h,base+02F99h
  dw 00680h,base+02F9Fh
  dw 0057Eh,base+01DF5h
  dw 0077Fh,base+02AB4h
  dw 0087Eh,base+0262Ch
  dw 00A80h,base+01D6Eh
  dw 00A7Fh,base+01D78h
  dw 00C80h,base+0146Eh
  dw 00C0Eh,base+0147Ah
  dw 00172h,base+00087h
  dw 00C0Eh,base+01486h
  dw 00272h,base+00798h
  dw 00C0Eh,base+01492h
  dw 00272h,base+009FDh
  dw 00C0Dh,base+0149Eh
  dw 00373h,base+03F02h
  dw 01080h,base+00888h
  dw 01180h,base+00789h
  dw 01180h,base+0079Ah
  dw 01180h,base+007ABh
  dw 01081h,base+00898h
  dw 00F80h,base+00A98h
  dw 00E80h,base+00DB3h
  dw 00E80h,base+00DC1h
  dw 00D80h,base+010EDh
  dw 00D80h,base+010FAh
  dw 00708h,base+01155h
  dw 00578h,base+0341Fh
  dw 00708h,base+02ABBh
  dw 00478h,base+03AE6h
  dw 00608h,base+02FA5h
  dw 00478h,base+03AEAh
  dw 00608h,base+02FABh
  dw 00378h,base+03F05h
  dw 00609h,base+02FB1h
  dw 00277h,base+0002Fh
  dw 00609h,base+02FB7h
  dw 00176h,base+00010h
  dw 00780h,base+02AC2h
  dw 00880h,base+02634h
  dw 00880h,base+0263Ch
  dw 00880h,base+02644h
  dw 00880h,base+0264Ch
  dw 00880h,base+02654h
  dw 00980h,base+021FFh
  dw 00980h,base+02208h
  dw 00980h,base+02211h
  dw 00A80h,base+01D82h
  dw 00A80h,base+01D8Ch
  dw 00B80h,base+018CAh
  dw 00B80h,base+018D5h
  dw 00B80h,base+018E0h
  dw 00B80h,base+018EBh
  dw 00C80h,base+014AAh
  dw 00C80h,base+014B6h
  dw 00506h,base+03424h
  dw 0067Ah,base+02FBDh
  dw 00507h,base+03429h
  dw 0057Ah,base+0342Eh
  dw 00406h,base+03AEEh
  dw 0057Ah,base+03433h
  dw 00407h,base+03AF2h
  dw 00479h,base+03AF6h
  dw 00407h,base+03AFAh
  dw 00478h,base+03AFEh
  dw 00508h,base+03438h
  dw 00478h,base+03B02h
  dw 00508h,base+0343Dh
  dw 00477h,base+03B06h
  dw 00609h,base+02FC3h
  dw 00477h,base+03B0Ah
  dw 00608h,base+02FC9h
  dw 00578h,base+03442h
  dw 00608h,base+02FCFh
  dw 00577h,base+03447h
  dw 00609h,base+02FD5h
  dw 00477h,base+03B0Eh
  dw 00609h,base+02FDBh
  dw 00477h,base+03B12h
  dw 00509h,base+0344Ch
  dw 00477h,base+03B16h
  dw 00509h,base+03451h
  dw 00477h,base+03B1Ah
  dw 00409h,base+03B1Eh
  dw 00477h,base+03B22h
  dw 00409h,base+03B26h
  dw 00476h,base+03B2Ah
  dw 0050Ah,base+03456h
  dw 00476h,base+03B2Eh
  dw 0040Ah,base+03B32h
  dw 00476h,base+03B36h
  dw 0040Ah,base+03B3Ah
  dw 00475h,base+03B3Eh
  dw 0040Bh,base+0029Fh
  dw 00374h,base+001BDh
  dw 0050Ch,base+0345Bh
  dw 00374h,base+00236h
  dw 0040Ch,base+03B42h
  dw 00374h,base+0017Fh
  dw 0040Ch,base+03B46h
  dw 00374h,base+0289Dh
  dw 0040Ch,base+0350Eh
  dw 00374h,base+0017Fh
  dw 0040Ch,base+03B4Ah
  dw 00475h,base+03B4Eh
  dw 0030Bh,base+0017Fh
  dw 00576h,base+03460h
  dw 0030Ah,base+00A8Bh
  dw 00576h,base+03465h
  dw 0030Ah,base+03F08h
  dw 00676h,base+02FE1h
  dw 0030Ch,base+0325Ah
  dw 00474h,base+02F60h
  dw 0030Dh,base+002DCh
  dw 00374h,base+01556h
  dw 0020Ch,base+00867h
  dw 00200h,base+00855h

guilePage0frame001:
  db 02Ah,050h,06Eh,034h
  db 082h
  db 06Eh,022h,032h,06Ch,022h
  db 000h,000h
  db 000h,000h
  dw 00781h,base+02AC9h
  dw 00880h,base+0265Ch
  dw 00880h,base+02664h
  dw 00780h,base+02AD0h
  dw 00680h,base+02FE7h
  dw 0067Fh,base+02FEDh
  dw 0067Fh,base+02FF3h
  dw 0077Eh,base+02AD7h
  dw 0097Fh,base+0221Ah
  dw 00A80h,base+01D96h
  dw 00B80h,base+018F6h
  dw 00B80h,base+01901h
  dw 00C0Dh,base+014C2h
  dw 00173h,base+00000h
  dw 00E80h,base+00DCFh
  dw 00F80h,base+00AA7h
  dw 00F80h,base+00AB6h
  dw 00F80h,base+00AC5h
  dw 00F80h,base+00AD4h
  dw 00F80h,base+00AE3h
  dw 00F80h,base+00AF2h
  dw 00F80h,base+00B01h
  dw 00E80h,base+00DDDh
  dw 00E80h,base+00DEBh
  dw 00E81h,base+00DF9h
  dw 00C80h,base+014CEh
  dw 00708h,base+02ADEh
  dw 00478h,base+03B52h
  dw 00608h,base+02FF9h
  dw 00477h,base+03B56h
  dw 00709h,base+02AE5h
  dw 00477h,base+03B5Ah
  dw 00609h,base+02FFFh
  dw 00377h,base+00127h
  dw 00609h,base+03005h
  dw 00377h,base+0127Eh
  dw 0060Ah,base+0300Bh
  dw 00275h,base+0002Dh
  dw 0070Bh,base+02AECh
  dw 00175h,base+00010h
  dw 00880h,base+0266Ch
  dw 00880h,base+02674h
  dw 00880h,base+0267Ch
  dw 00880h,base+02684h
  dw 00880h,base+0268Ch
  dw 00880h,base+02694h
  dw 00980h,base+02223h
  dw 00980h,base+0222Ch
  dw 00A80h,base+01DA0h
  dw 00A80h,base+01DAAh
  dw 00A80h,base+01DB4h
  dw 00A80h,base+01DBEh
  dw 00B80h,base+0190Ch
  dw 00B80h,base+01917h
  dw 00B80h,base+01922h
  dw 00C80h,base+014DAh
  dw 00506h,base+0346Ah
  dw 0067Ah,base+03011h
  dw 00507h,base+0346Fh
  dw 0057Ah,base+03474h
  dw 00406h,base+03B5Eh
  dw 0057Ah,base+03479h
  dw 00407h,base+03B62h
  dw 00479h,base+03B66h
  dw 00407h,base+0103Dh
  dw 00479h,base+03B6Ah
  dw 00407h,base+03B6Eh
  dw 00478h,base+03B72h
  dw 00508h,base+0347Eh
  dw 00477h,base+03B76h
  dw 00608h,base+03017h
  dw 00578h,base+03483h
  dw 00608h,base+0301Dh
  dw 00578h,base+03488h
  dw 00608h,base+03023h
  dw 00477h,base+03B7Ah
  dw 00609h,base+03029h
  dw 00477h,base+03B7Eh
  dw 00609h,base+0302Fh
  dw 00477h,base+03B82h
  dw 00509h,base+0348Dh
  dw 00477h,base+03B86h
  dw 00509h,base+03492h
  dw 00477h,base+03B8Ah
  dw 00409h,base+03451h
  dw 00476h,base+03B8Eh
  dw 0050Ah,base+03497h
  dw 00476h,base+03B92h
  dw 0050Ah,base+0349Ch
  dw 00475h,base+03B96h
  dw 0050Bh,base+034A1h
  dw 00475h,base+03B36h
  dw 0050Bh,base+034A6h
  dw 00374h,base+03F0Bh
  dw 0050Ch,base+034ABh
  dw 00374h,base+001A7h
  dw 0050Ch,base+034B0h
  dw 00374h,base+00236h
  dw 0040Ch,base+0057Dh
  dw 00375h,base+0017Fh
  dw 0030Bh,base+0057Fh
  dw 00375h,base+0289Dh
  dw 0030Bh,base+01061h
  dw 00375h,base+00266h
  dw 0030Bh,base+00DD5h
  dw 00376h,base+00182h
  dw 0020Ah,base+00145h
  dw 00476h,base+02E91h
  dw 0030Ah,base+00A8Bh
  dw 00576h,base+003E1h
  dw 0030Bh,base+017EEh
  dw 00475h,base+002A0h
  dw 0030Ch,base+01698h
  dw 00474h,base+03005h
  dw 0030Ch,base+01FF7h
  dw 00475h,base+02F60h
  dw 0020Ch,base+0003Dh
  dw 00374h,base+01556h
  dw 0020Ch,base+003A8h
  dw 00200h,base+00855h

guilePage0frame002:
  db 02Ch,050h,06Eh,034h
  db 080h
  db 06Eh,022h,038h,06Ch,022h
  db 000h,000h
  db 000h,000h
  dw 00881h,base+0261Ch
  dw 00981h,base+02235h
  dw 00780h,base+02625h
  dw 00680h,base+02F99h
  dw 00680h,base+02F9Fh
  dw 00580h,base+01DF5h
  dw 0057Eh,base+034B5h
  dw 0077Fh,base+02AF3h
  dw 0087Fh,base+0269Ch
  dw 0097Fh,base+0223Eh
  dw 00A80h,base+01DC8h
  dw 00B80h,base+0192Dh
  dw 00B80h,base+01938h
  dw 00B0Dh,base+01943h
  dw 00273h,base+00796h
  dw 00F80h,base+00B10h
  dw 00F80h,base+00B1Fh
  dw 01080h,base+008A8h
  dw 01080h,base+008B8h
  dw 01080h,base+008C8h
  dw 00F80h,base+00B2Eh
  dw 00F80h,base+00B3Dh
  dw 00E80h,base+00E07h
  dw 00E80h,base+00E15h
  dw 00E80h,base+00E23h
  dw 00D80h,base+01107h
  dw 00D80h,base+01114h
  dw 00709h,base+02AFAh
  dw 00477h,base+03B9Ah
  dw 00709h,base+02B01h
  dw 00477h,base+03B9Eh
  dw 00709h,base+02B08h
  dw 00377h,base+0006Dh
  dw 00609h,base+03035h
  dw 00377h,base+03F0Eh
  dw 00609h,base+0303Bh
  dw 00277h,base+001EFh
  dw 0060Ah,base+03041h
  dw 00175h,base+00010h
  dw 00780h,base+02B0Fh
  dw 00880h,base+026A4h
  dw 00880h,base+026ACh
  dw 00880h,base+026B4h
  dw 00880h,base+026BCh
  dw 00880h,base+026C4h
  dw 00880h,base+026CCh
  dw 00980h,base+02247h
  dw 00980h,base+02250h
  dw 00A80h,base+01DD2h
  dw 00A80h,base+01DDCh
  dw 00A80h,base+01DE6h
  dw 00B80h,base+0194Eh
  dw 00B80h,base+01959h
  dw 00B80h,base+01964h
  dw 00B80h,base+0196Fh
  dw 00C80h,base+014E6h
  dw 00506h,base+034BAh
  dw 0067Ah,base+03047h
  dw 00507h,base+034BFh
  dw 0057Ah,base+034C4h
  dw 00406h,base+03AEEh
  dw 0057Ah,base+034C9h
  dw 00406h,base+03BA2h
  dw 0057Ah,base+034CEh
  dw 00407h,base+03BA6h
  dw 00479h,base+03BAAh
  dw 00407h,base+03BAEh
  dw 00478h,base+03BB2h
  dw 00508h,base+034D3h
  dw 00477h,base+03BB6h
  dw 00608h,base+0304Dh
  dw 00578h,base+034D8h
  dw 00608h,base+03053h
  dw 00578h,base+034DDh
  dw 00508h,base+034E2h
  dw 00477h,base+03BBAh
  dw 00609h,base+03059h
  dw 00477h,base+03BBEh
  dw 00609h,base+0305Fh
  dw 00477h,base+03BC2h
  dw 00509h,base+034E7h
  dw 00477h,base+03BC6h
  dw 00509h,base+034ECh
  dw 00477h,base+03BCAh
  dw 00409h,base+03B1Eh
  dw 00476h,base+03BCEh
  dw 0050Ah,base+034F1h
  dw 00476h,base+00E6Fh
  dw 0050Ah,base+034F6h
  dw 00476h,base+03BD2h
  dw 0040Ah,base+03BD6h
  dw 00476h,base+03B36h
  dw 0040Ah,base+03B3Ah
  dw 00475h,base+03BDAh
  dw 0040Bh,base+0029Fh
  dw 00374h,base+001BDh
  dw 0050Ch,base+034FBh
  dw 00374h,base+00236h
  dw 0040Ch,base+03B42h
  dw 00374h,base+0017Fh
  dw 0040Ch,base+03BDEh
  dw 00374h,base+0289Dh
  dw 0040Ch,base+0350Eh
  dw 00374h,base+00266h
  dw 0040Ch,base+03B4Ah
  dw 00475h,base+03BE2h
  dw 0030Bh,base+00144h
  dw 00576h,base+02CBCh
  dw 0030Ah,base+000D4h
  dw 00576h,base+03465h
  dw 0030Ah,base+03F08h
  dw 00676h,base+02FE1h
  dw 0030Ch,base+017EEh
  dw 00474h,base+02F60h
  dw 0030Dh,base+00392h
  dw 00374h,base+01556h
  dw 0020Ch,base+00502h
  dw 00200h,base+00855h

guilePage0frame003:
  db 02Eh,050h,06Ah,034h
  db 082h
  db 06Dh,022h,031h,06Bh,022h
  db 000h,000h
  db 000h,000h
  dw 00781h,base+0261Dh
  dw 00880h,base+021F7h
  dw 00780h,base+02625h
  dw 0067Ch,base+02F99h
  dw 00104h,base+00010h
  dw 0067Bh,base+02F9Fh
  dw 00A80h,base+01DF0h
  dw 00A80h,base+01DFAh
  dw 00A80h,base+01E04h
  dw 00A80h,base+01E0Eh
  dw 00B0Dh,base+0197Ah
  dw 00173h,base+000B2h
  dw 00B0Ch,base+01985h
  dw 00374h,base+03521h
  dw 00F80h,base+00B4Ch
  dw 00F80h,base+00B5Bh
  dw 00F80h,base+00B6Ah
  dw 00F80h,base+00B79h
  dw 00B0Ch,base+01990h
  dw 00374h,base+02127h
  dw 00E80h,base+00E31h
  dw 00E80h,base+00E3Fh
  dw 00E80h,base+00E4Dh
  dw 00D80h,base+01121h
  dw 00D80h,base+0112Eh
  dw 00D80h,base+0113Bh
  dw 00809h,base+026D4h
  dw 00477h,base+03BE6h
  dw 00809h,base+026DCh
  dw 00477h,base+03BEAh
  dw 00709h,base+02B16h
  dw 00377h,base+00D77h
  dw 0070Ah,base+02B1Dh
  dw 00276h,base+0002Fh
  dw 0070Ah,base+02B24h
  dw 00276h,base+0003Dh
  dw 0070Ah,base+02B2Bh
  dw 00176h,base+00087h
  dw 00780h,base+02B32h
  dw 00780h,base+02B39h
  dw 00780h,base+02B40h
  dw 00780h,base+02B47h
  dw 00780h,base+02B4Eh
  dw 00780h,base+02B55h
  dw 00880h,base+026E4h
  dw 0087Fh,base+026ECh
  dw 00980h,base+02259h
  dw 00980h,base+02262h
  dw 00980h,base+0226Bh
  dw 00980h,base+02274h
  dw 00980h,base+0227Dh
  dw 00A80h,base+01E18h
  dw 00A80h,base+01E22h
  dw 00A80h,base+01E2Ch
  dw 00A80h,base+01E36h
  dw 00A80h,base+01E40h
  dw 00A80h,base+01E4Ah
  dw 00B80h,base+0199Bh
  dw 00B80h,base+019A6h
  dw 00B80h,base+019B1h
  dw 00B80h,base+019BCh
  dw 00B80h,base+019C7h
  dw 00B7Fh,base+019D2h
  dw 00C80h,base+014F2h
  dw 00C7Fh,base+014FEh
  dw 00D80h,base+01148h
  dw 00708h,base+02B5Ch
  dw 00477h,base+03BEEh
  dw 00809h,base+026F4h
  dw 00477h,base+03BF2h
  dw 00709h,base+02B63h
  dw 00477h,base+03BF6h
  dw 00709h,base+02B6Ah
  dw 00477h,base+030F2h
  dw 00609h,base+03065h
  dw 00376h,base+0039Bh
  dw 00609h,base+0306Bh
  dw 00477h,base+03BFAh
  dw 00509h,base+03500h
  dw 00376h,base+03F11h
  dw 0060Ah,base+03071h
  dw 00375h,base+03F14h
  dw 0060Bh,base+03077h
  dw 00374h,base+00183h
  dw 0060Ch,base+0307Dh
  dw 00374h,base+001A6h
  dw 0050Bh,base+03505h
  dw 00475h,base+03466h
  dw 0040Bh,base+0073Bh
  dw 00375h,base+03C03h
  dw 0040Ah,base+00F43h
  dw 00477h,base+03BFEh
  dw 00209h,base+0018Fh
  dw 00477h,base+03C02h
  dw 00209h,base+003C5h
  dw 00477h,base+0169Ch
  dw 0020Ah,base+00145h
  dw 00376h,base+0316Eh
  dw 0020Ah,base+00087h
  dw 00376h,base+002E1h
  dw 0020Ah,base+0007Ah
  dw 00476h,base+0018Dh
  dw 0030Bh,base+02FE4h
  dw 00375h,base+011C9h
  dw 0030Bh,base+03F17h
  dw 00375h,base+0359Ch
  dw 0030Bh,base+00303h
  dw 00375h,base+01FF7h
  dw 0030Ch,base+00914h
  dw 00275h,base+0007Ah
  dw 0020Bh,base+00094h
  dw 00275h,base+00144h
  dw 0010Ch,base+00001h
  dw 00100h,base+00018h

guilePage0frame004:
  db 026h,04Eh,072h,033h
  db 082h
  db 06Ch,022h,031h,06Ah,022h
  db 000h,000h
  db 000h,000h
  dw 00781h,base+0261Dh
  dw 00880h,base+021F7h
  dw 00780h,base+02625h
  dw 0067Bh,base+02F99h
  dw 00205h,base+00030h
  dw 0067Bh,base+02F9Fh
  dw 00A7Fh,base+01E54h
  dw 00B80h,base+019DDh
  dw 00B80h,base+019E8h
  dw 00C80h,base+0150Ah
  dw 00C0Eh,base+01516h
  dw 00172h,base+000B2h
  dw 00C0Eh,base+01522h
  dw 00272h,base+0012Ah
  dw 01080h,base+008D8h
  dw 01080h,base+008E8h
  dw 01080h,base+008F8h
  dw 01080h,base+00908h
  dw 00C0Dh,base+0152Eh
  dw 00373h,base+02127h
  dw 00F80h,base+00B88h
  dw 00F80h,base+00B97h
  dw 00E80h,base+00E5Bh
  dw 00E80h,base+00E69h
  dw 00E81h,base+00E77h
  dw 00D80h,base+01155h
  dw 00709h,base+02B71h
  dw 00477h,base+03C06h
  dw 00709h,base+02B78h
  dw 00377h,base+03F1Ah
  dw 00609h,base+03083h
  dw 00377h,base+00007h
  dw 00609h,base+02B1Dh
  dw 00377h,base+00303h
  dw 00609h,base+02B24h
  dw 00277h,base+0007Ah
  dw 0060Ah,base+03089h
  dw 00175h,base+00087h
  dw 00780h,base+02B7Fh
  dw 00780h,base+02B86h
  dw 00880h,base+026FCh
  dw 00880h,base+02704h
  dw 0087Fh,base+0270Ch
  dw 00980h,base+02286h
  dw 00880h,base+02714h
  dw 00880h,base+0271Ch
  dw 00980h,base+0228Fh
  dw 00980h,base+02298h
  dw 00980h,base+022A1h
  dw 00980h,base+022AAh
  dw 00980h,base+022B3h
  dw 00980h,base+022BCh
  dw 00980h,base+022C5h
  dw 00980h,base+022CEh
  dw 00980h,base+022D7h
  dw 00980h,base+022E0h
  dw 00981h,base+022E9h
  dw 00880h,base+02724h
  dw 00880h,base+0272Ch
  dw 00880h,base+02734h
  dw 00880h,base+0273Ch
  dw 00880h,base+02744h
  dw 00880h,base+0274Ch
  dw 00880h,base+02754h
  dw 0077Fh,base+02B8Dh
  dw 00880h,base+0275Ch
  dw 00880h,base+02764h
  dw 00780h,base+02B94h
  dw 00780h,base+02B9Bh
  dw 00680h,base+0308Fh
  dw 00680h,base+03095h
  dw 00680h,base+0309Bh
  dw 0057Fh,base+0350Ah
  dw 00680h,base+030A1h
  dw 0057Fh,base+0350Fh
  dw 00680h,base+030A7h
  dw 00580h,base+03514h
  dw 00580h,base+03519h
  dw 00580h,base+0351Eh
  dw 00580h,base+03523h
  dw 00580h,base+0073Ch
  dw 00580h,base+03528h
  dw 00581h,base+0352Dh
  dw 00580h,base+03532h
  dw 00580h,base+03537h
  dw 00580h,base+0353Ch
  dw 00580h,base+0333Ch
  dw 00203h,base+00018h
  dw 00100h,base+00010h

guilePage0frame005:
  db 020h,051h,078h,032h
  db 082h
  db 06Dh,022h,031h,06Bh,022h
  db 000h,000h
  db 000h,000h
  dw 00781h,base+0261Dh
  dw 00880h,base+021F7h
  dw 00780h,base+02625h
  dw 0067Ch,base+02F99h
  dw 00104h,base+00010h
  dw 0067Bh,base+02F9Fh
  dw 00A80h,base+01DF0h
  dw 00A80h,base+01DFAh
  dw 00A80h,base+01E04h
  dw 00A80h,base+01E0Eh
  dw 00B0Dh,base+0197Ah
  dw 00173h,base+000B2h
  dw 00B0Ch,base+01985h
  dw 00374h,base+03521h
  dw 00F80h,base+00B4Ch
  dw 00F80h,base+00B5Bh
  dw 00F80h,base+00B6Ah
  dw 00F80h,base+00B79h
  dw 00B0Ch,base+01990h
  dw 00374h,base+02127h
  dw 00E80h,base+00E31h
  dw 00E80h,base+00E3Fh
  dw 00E80h,base+00E4Dh
  dw 00D80h,base+01121h
  dw 00D80h,base+0112Eh
  dw 00D80h,base+0113Bh
  dw 00809h,base+026D4h
  dw 00477h,base+03BE6h
  dw 00809h,base+026DCh
  dw 00477h,base+03BEAh
  dw 00709h,base+02BA2h
  dw 00377h,base+00D77h
  dw 0070Ah,base+02BA9h
  dw 00276h,base+0002Fh
  dw 0070Ah,base+02BB0h
  dw 00276h,base+0003Dh
  dw 0070Ah,base+02BB7h
  dw 00176h,base+00087h
  dw 00780h,base+02BBEh
  dw 00780h,base+02BC5h
  dw 00780h,base+02BCCh
  dw 00780h,base+02BD3h
  dw 00780h,base+02BDAh
  dw 0077Fh,base+02BE1h
  dw 00880h,base+0276Ch
  dw 00880h,base+02774h
  dw 00880h,base+0277Ch
  dw 00880h,base+02784h
  dw 00880h,base+0278Ch
  dw 00880h,base+02794h
  dw 00980h,base+022F2h
  dw 00980h,base+022FBh
  dw 00980h,base+02304h
  dw 00980h,base+0230Dh
  dw 00980h,base+02316h
  dw 00980h,base+0231Fh
  dw 00981h,base+02328h
  dw 00880h,base+0279Ch
  dw 00981h,base+02331h
  dw 00880h,base+027A4h
  dw 00880h,base+027ACh
  dw 00880h,base+027B4h
  dw 00880h,base+027BCh
  dw 00880h,base+027C4h
  dw 00880h,base+027CCh
  dw 00880h,base+027D4h
  dw 00880h,base+027DCh
  dw 00780h,base+02BE8h
  dw 00780h,base+02BEFh
  dw 00780h,base+02BF6h
  dw 00680h,base+030ADh
  dw 00680h,base+030B3h
  dw 00680h,base+030B9h
  dw 00580h,base+03541h
  dw 00580h,base+03546h
  dw 00580h,base+0354Bh
  dw 00580h,base+004B5h
  dw 00580h,base+03550h
  dw 00580h,base+02573h
  dw 00580h,base+03550h
  dw 00580h,base+02D64h
  dw 00580h,base+03550h
  dw 00580h,base+02D64h
  dw 00580h,base+03555h
  dw 00580h,base+0355Ah
  dw 00580h,base+0355Fh
  dw 00580h,base+03564h
  dw 00580h,base+03569h
  dw 00304h,base+01CC5h
  dw 0017Dh,base+00004h
  dw 00280h,base+0001Ah
  dw 00100h,base+00023h

guilePage0frame006:
  db 020h,04Fh,078h,033h
  db 082h
  db 071h,022h,031h,06Fh,022h
  db 000h,000h
  db 000h,000h
  dw 00781h,base+0261Dh
  dw 00880h,base+021F7h
  dw 00780h,base+02625h
  dw 0067Bh,base+02F99h
  dw 00205h,base+00030h
  dw 0067Bh,base+02F9Fh
  dw 00A7Fh,base+01E54h
  dw 00B80h,base+019DDh
  dw 00B80h,base+019E8h
  dw 00C80h,base+0150Ah
  dw 00C0Eh,base+01516h
  dw 00172h,base+000B2h
  dw 00C0Eh,base+01522h
  dw 00272h,base+0012Ah
  dw 01080h,base+008D8h
  dw 01080h,base+008E8h
  dw 01080h,base+008F8h
  dw 01080h,base+00908h
  dw 00C0Dh,base+0152Eh
  dw 00373h,base+02127h
  dw 00F80h,base+00B88h
  dw 00F80h,base+00B97h
  dw 00E80h,base+00E5Bh
  dw 00E80h,base+00E69h
  dw 00E81h,base+00E77h
  dw 00D80h,base+01155h
  dw 00709h,base+02BFDh
  dw 00477h,base+03C06h
  dw 00709h,base+02C04h
  dw 00377h,base+03F1Ah
  dw 00609h,base+030BFh
  dw 00377h,base+00007h
  dw 00609h,base+030C5h
  dw 00377h,base+00303h
  dw 00609h,base+030CBh
  dw 00277h,base+0007Ah
  dw 0070Ah,base+02C0Bh
  dw 00175h,base+00087h
  dw 00880h,base+027E4h
  dw 00880h,base+027ECh
  dw 00780h,base+02C12h
  dw 00880h,base+027F4h
  dw 00880h,base+027FCh
  dw 00880h,base+02804h
  dw 00880h,base+0280Ch
  dw 00980h,base+0233Ah
  dw 00980h,base+02343h
  dw 00980h,base+0234Ch
  dw 00A80h,base+01E5Eh
  dw 00A80h,base+01E68h
  dw 00A80h,base+01E72h
  dw 00A80h,base+01E7Ch
  dw 00B81h,base+019F3h
  dw 00A80h,base+01E86h
  dw 00A80h,base+01E90h
  dw 00A80h,base+01E9Ah
  dw 00A80h,base+01EA4h
  dw 00A81h,base+01EAEh
  dw 00980h,base+02355h
  dw 00981h,base+0235Eh
  dw 00880h,base+02814h
  dw 00880h,base+0281Ch
  dw 00880h,base+02824h
  dw 00880h,base+0282Ch
  dw 00880h,base+02834h
  dw 00880h,base+0283Ch
  dw 00881h,base+02844h
  dw 00780h,base+02C19h
  dw 00780h,base+02C20h
  dw 00780h,base+02C27h
  dw 00780h,base+02C2Eh
  dw 00781h,base+02C35h
  dw 00680h,base+030D1h
  dw 00780h,base+02C3Ch
  dw 00781h,base+02C43h
  dw 00780h,base+02C4Ah
  dw 00203h,base+0018Fh
  dw 0047Dh,base+03C0Ah
  dw 00304h,base+03646h
  dw 0037Ch,base+01248h
  dw 00304h,base+001BDh
  dw 0037Ch,base+002DCh
  dw 00305h,base+000CCh
  dw 0027Bh,base+00093h
  dw 00305h,base+00093h
  dw 0027Bh,base+001EFh
  dw 00480h,base+03C0Eh
  dw 00481h,base+03C12h
  dw 00380h,base+00183h
  dw 00380h,base+00854h
  dw 00380h,base+0165Dh
  dw 00381h,base+00928h
  dw 00280h,base+00093h
  dw 00200h,base+0037Bh

guilePage0frame007:
  db 022h,04Eh,078h,035h
  db 082h
  db 072h,022h,031h,070h,025h
  db 000h,000h
  db 000h,000h
  dw 00781h,base+0261Dh
  dw 00880h,base+021F7h
  dw 00780h,base+02625h
  dw 00680h,base+02F99h
  dw 00680h,base+02F9Fh
  dw 0057Ch,base+01DF5h
  dw 0097Fh,base+02367h
  dw 00A80h,base+01EB8h
  dw 00A80h,base+01EC2h
  dw 00B0Dh,base+019FEh
  dw 00173h,base+000B2h
  dw 00B0Dh,base+01A09h
  dw 00273h,base+0018Fh
  dw 00B0Ch,base+01A14h
  dw 00374h,base+03F1Dh
  dw 00B0Ch,base+01A1Fh
  dw 00374h,base+03F20h
  dw 00B0Ch,base+01A2Ah
  dw 00374h,base+03F23h
  dw 00B0Ch,base+01A35h
  dw 00374h,base+0142Eh
  dw 00B0Ch,base+01A40h
  dw 00374h,base+008FDh
  dw 00B0Ch,base+01A4Bh
  dw 00374h,base+0351Ch
  dw 00E80h,base+00E85h
  dw 00E80h,base+00E93h
  dw 00E80h,base+00EA1h
  dw 00E80h,base+00EAFh
  dw 00D80h,base+01162h
  dw 00D80h,base+0116Fh
  dw 00809h,base+0284Ch
  dw 00477h,base+03C16h
  dw 00709h,base+02C51h
  dw 00477h,base+01144h
  dw 00709h,base+02C58h
  dw 00477h,base+03C1Ah
  dw 0070Ah,base+02C5Fh
  dw 00276h,base+001B8h
  dw 0070Ah,base+02C66h
  dw 00276h,base+00030h
  dw 0070Ah,base+02C6Dh
  dw 00176h,base+0004Ch
  dw 00780h,base+02C74h
  dw 00780h,base+02C7Bh
  dw 00780h,base+02C82h
  dw 00780h,base+02C89h
  dw 00780h,base+02C90h
  dw 0077Fh,base+02C97h
  dw 00880h,base+02854h
  dw 00981h,base+02370h
  dw 00880h,base+0285Ch
  dw 00980h,base+02379h
  dw 00980h,base+02382h
  dw 00980h,base+0238Bh
  dw 00980h,base+02394h
  dw 00A80h,base+01ECCh
  dw 00A80h,base+01ED6h
  dw 00B80h,base+01A56h
  dw 00B80h,base+01A61h
  dw 00B81h,base+01A6Ch
  dw 00A80h,base+01EE0h
  dw 00B80h,base+01A77h
  dw 00B81h,base+01A82h
  dw 00405h,base+00C16h
  dw 0057Bh,base+0356Eh
  dw 00405h,base+0056Ah
  dw 0057Bh,base+03573h
  dw 00406h,base+00964h
  dw 00479h,base+0056Ah
  dw 00507h,base+03578h
  dw 00479h,base+0052Eh
  dw 00507h,base+0357Dh
  dw 00479h,base+00192h
  dw 00507h,base+03582h
  dw 00479h,base+03C1Eh
  dw 00507h,base+03587h
  dw 00479h,base+03C22h
  dw 00407h,base+03C26h
  dw 00479h,base+03C2Ah
  dw 00407h,base+03C2Eh
  dw 00479h,base+03C32h
  dw 00408h,base+03C36h
  dw 00378h,base+01025h
  dw 00408h,base+03C3Ah
  dw 00378h,base+002D3h
  dw 00308h,base+00D92h
  dw 00478h,base+03C3Eh
  dw 00308h,base+001ABh
  dw 00478h,base+03C42h
  dw 00309h,base+00342h
  dw 00377h,base+03F26h
  dw 00309h,base+03F29h
  dw 00377h,base+001A7h
  dw 00309h,base+001A8h
  dw 00377h,base+00094h
  dw 00309h,base+03646h
  dw 00377h,base+0057Fh
  dw 00209h,base+00145h
  dw 00376h,base+0017Fh
  dw 0030Ah,base+01063h
  dw 00476h,base+03C46h
  dw 0030Ah,base+0017Fh
  dw 00476h,base+00266h
  dw 0030Ah,base+03E88h
  dw 00476h,base+03C4Ah
  dw 0030Ah,base+00266h
  dw 00476h,base+0029Eh
  dw 0030Ah,base+029CDh
  dw 00576h,base+0358Ch
  dw 0040Bh,base+03C4Eh
  dw 00576h,base+03591h
  dw 0030Bh,base+03BF2h
  dw 00475h,base+02C2Bh
  dw 0030Bh,base+00363h
  dw 00475h,base+00266h
  dw 0030Ch,base+00A79h
  dw 00375h,base+01FABh
  dw 00200h,base+003A8h

guilePage0frame008:
  db 026h,039h,070h,04Bh
  db 07Eh
  db 063h,031h,01Bh,061h,031h
  db 000h,000h
  db 000h,000h
  dw 00781h,base+02AC9h
  dw 00881h,base+0265Ch
  dw 00780h,base+02665h
  dw 00680h,base+02AD1h
  dw 00580h,base+02FE8h
  dw 0057Bh,base+02FEEh
  dw 00980h,base+0239Dh
  dw 0097Fh,base+023A6h
  dw 00B80h,base+01A8Dh
  dw 00B0Eh,base+01A98h
  dw 00172h,base+00001h
  dw 00C0Dh,base+0153Ah
  dw 00273h,base+00094h
  dw 00C0Dh,base+01546h
  dw 00273h,base+007DFh
  dw 00C0Dh,base+01552h
  dw 00373h,base+03F2Ch
  dw 00C0Dh,base+0155Eh
  dw 00373h,base+03F2Fh
  dw 00C0Dh,base+0156Ah
  dw 00373h,base+03F32h
  dw 00C0Dh,base+01576h
  dw 00373h,base+008C5h
  dw 00C0Dh,base+01582h
  dw 00273h,base+0016Dh
  dw 00F80h,base+00BA6h
  dw 00E80h,base+00EBDh
  dw 00E80h,base+00ECBh
  dw 00E80h,base+00ED9h
  dw 00E80h,base+00EE7h
  dw 00E80h,base+00EF5h
  dw 00809h,base+02864h
  dw 00477h,base+03C52h
  dw 00809h,base+0286Ch
  dw 00477h,base+00FC3h
  dw 0080Ah,base+02874h
  dw 00376h,base+0006Ah
  dw 0080Ah,base+0287Ch
  dw 00376h,base+03F35h
  dw 0080Ah,base+02884h
  dw 00276h,base+00303h
  dw 0080Bh,base+0288Ch
  dw 00274h,base+000F0h
  dw 0090Ah,base+023AFh
  dw 00576h,base+03596h
  dw 01080h,base+00918h
  dw 01080h,base+00928h
  dw 01080h,base+00938h
  dw 01080h,base+00948h
  dw 01080h,base+00958h
  dw 01080h,base+00968h
  dw 01080h,base+00978h
  dw 01080h,base+00988h
  dw 01080h,base+00998h
  dw 00F81h,base+00BB5h
  dw 00E80h,base+00F03h
  dw 00E81h,base+00F11h
  dw 00C7Dh,base+0158Eh
  dw 00F7Fh,base+00BC4h
  dw 00F80h,base+00BD3h
  dw 00F80h,base+00BE2h
  dw 00E80h,base+00F1Fh
  dw 00E80h,base+00F2Dh
  dw 00D81h,base+0117Ch
  dw 00C80h,base+0159Ah
  dw 00203h,base+00145h
  dw 00A7Dh,base+01EEAh
  dw 00204h,base+0007Ah
  dw 00A7Ch,base+01EF4h
  dw 00305h,base+03F38h
  dw 00405h,base+0023Eh
  dw 00476h,base+03C56h
  dw 0030Ah,base+00806h
  dw 00576h,base+0359Bh
  dw 0030Bh,base+02388h
  dw 00475h,base+03C5Ah
  dw 0030Ch,base+0017Fh
  dw 00375h,base+00093h
  dw 0020Bh,base+00008h
  dw 00200h,base+00000h

guilePage0frame009:
  db 028h,05Eh,06Eh,028h
  db 084h
  db 072h,022h,031h,06Bh,022h
  db 000h,000h
  db 000h,000h
  dw 0047Fh,base+03C5Eh
  dw 00680h,base+030D7h
  dw 00780h,base+02C9Eh
  dw 00881h,base+02894h
  dw 0067Ah,base+030DDh
  dw 00206h,base+00030h
  dw 0077Ah,base+02CA5h
  dw 00406h,base+02DE4h
  dw 00779h,base+02CACh
  dw 00D80h,base+01189h
  dw 00C80h,base+015A6h
  dw 00B80h,base+01AA3h
  dw 00B7Fh,base+01AAEh
  dw 00C80h,base+015B2h
  dw 00C80h,base+015BEh
  dw 00B7Fh,base+01AB9h
  dw 00D80h,base+01196h
  dw 00E80h,base+00F3Bh
  dw 00E80h,base+00F49h
  dw 00E80h,base+00F57h
  dw 00E7Fh,base+00F65h
  dw 00F80h,base+00BF1h
  dw 00F80h,base+00C00h
  dw 00F80h,base+00C0Fh
  dw 00F7Fh,base+00C1Eh
  dw 00506h,base+035A0h
  dw 00A7Ah,base+01EFEh
  dw 00506h,base+035A5h
  dw 00A7Ah,base+01F08h
  dw 00406h,base+01189h
  dw 0090Ah,base+023B8h
  dw 00270h,base+003ABh
  dw 00406h,base+00451h
  dw 0090Ah,base+023C1h
  dw 00270h,base+00318h
  dw 00406h,base+03C62h
  dw 0090Ah,base+023CAh
  dw 00270h,base+009CBh
  dw 00406h,base+03C66h
  dw 0090Ah,base+023D3h
  dw 00270h,base+00318h
  dw 00306h,base+0002Fh
  dw 00C7Bh,base+015CAh
  dw 00205h,base+001A8h
  dw 00C80h,base+015D6h
  dw 00C7Fh,base+015E2h
  dw 00D80h,base+011A3h
  dw 00D80h,base+011B0h
  dw 00C80h,base+015EEh
  dw 00D80h,base+011BDh
  dw 00D80h,base+011CAh
  dw 00E80h,base+00F73h
  dw 00E80h,base+00F81h
  dw 00E80h,base+00F8Fh
  dw 00F80h,base+00C2Dh
  dw 00F80h,base+00C3Ch
  dw 00F80h,base+00C4Bh
  dw 00F80h,base+00C5Ah
  dw 00F80h,base+00C69h
  dw 00E80h,base+00F9Dh
  dw 00509h,base+035AAh
  dw 00577h,base+00C15h
  dw 00509h,base+035AFh
  dw 00577h,base+035B4h
  dw 00509h,base+035B9h
  dw 00577h,base+035BEh
  dw 00509h,base+035C3h
  dw 00477h,base+03C6Ah
  dw 00508h,base+035C8h
  dw 00578h,base+035CDh
  dw 00508h,base+035D2h
  dw 00578h,base+035D7h
  dw 00508h,base+035DCh
  dw 00578h,base+035E1h
  dw 00508h,base+035E6h
  dw 00478h,base+03C6Eh
  dw 00508h,base+035EBh
  dw 00478h,base+03C72h
  dw 00508h,base+00C5Ah
  dw 00378h,base+0052Ch
  dw 00507h,base+035F0h
  dw 00479h,base+03C76h
  dw 00507h,base+035F5h
  dw 00379h,base+03B4Bh
  dw 00506h,base+035FAh
  dw 0047Bh,base+0159Ah
  dw 00405h,base+02F6Bh
  dw 0047Bh,base+03C7Ah
  dw 00405h,base+00884h
  dw 0047Bh,base+03330h
  dw 00406h,base+00884h
  dw 00379h,base+0018Eh
  dw 00507h,base+035FFh
  dw 00379h,base+00F6Eh
  dw 00508h,base+03604h
  dw 00278h,base+0018Fh
  dw 00508h,base+03609h
  dw 00278h,base+000E7h
  dw 00508h,base+0360Eh
  dw 00278h,base+00145h
  dw 00508h,base+03613h
  dw 00278h,base+000D4h
  dw 00508h,base+03618h
  dw 00378h,base+03F3Bh
  dw 00508h,base+0361Dh
  dw 00378h,base+03F3Eh
  dw 00508h,base+035D7h
  dw 00378h,base+00914h
  dw 00509h,base+03622h
  dw 00278h,base+00094h
  dw 00408h,base+03C7Eh
  dw 00178h,base+00010h
  dw 00480h,base+03C82h
  dw 00480h,base+03C86h
  dw 00480h,base+001BDh
  dw 00480h,base+03C8Ah
  dw 00480h,base+0352Bh
  dw 00380h,base+001BDh
  dw 00380h,base+0289Dh
  dw 00380h,base+0017Fh
  dw 00380h,base+0289Dh
  dw 00380h,base+0017Fh
  dw 00380h,base+00236h
  dw 00380h,base+001BDh
  dw 00380h,base+00236h
  dw 00380h,base+001A6h
  dw 00380h,base+001BDh
  dw 00380h,base+00180h
  dw 00480h,base+03C8Eh
  dw 00480h,base+00EC0h
  dw 00481h,base+0005Ch
  dw 00380h,base+0021Bh
  dw 00381h,base+00093h
  dw 00100h,base+00010h

guilePage0frame010:
  db 01Eh,050h,074h,02Dh
  db 07Eh
  db 070h,022h,031h,066h,022h
  db 000h,000h
  db 000h,000h
  dw 00780h,base+02CB3h
  dw 00981h,base+023DCh
  dw 00780h,base+02625h
  dw 00680h,base+02F99h
  dw 00680h,base+02F9Fh
  dw 00580h,base+01DF5h
  dw 00580h,base+034B5h
  dw 00580h,base+03627h
  dw 00506h,base+0362Ch
  dw 00277h,base+0015Dh
  dw 00809h,base+0289Ch
  dw 00376h,base+03F41h
  dw 0090Ah,base+023E5h
  dw 00376h,base+03517h
  dw 0080Ah,base+028A4h
  dw 00376h,base+03F44h
  dw 0080Ah,base+028ACh
  dw 00376h,base+01061h
  dw 0090Ah,base+023EEh
  dw 00375h,base+03F47h
  dw 00A0Bh,base+01F12h
  dw 00375h,base+03F4Ah
  dw 00B0Ch,base+01AC4h
  dw 00274h,base+0004Bh
  dw 00B0Ch,base+01ACFh
  dw 00274h,base+0010Ah
  dw 00E7Fh,base+00FABh
  dw 00F80h,base+00C78h
  dw 00F80h,base+00C87h
  dw 00F80h,base+00C96h
  dw 00F80h,base+00CA5h
  dw 00F80h,base+00CB4h
  dw 00F80h,base+00CC3h
  dw 00E80h,base+00FB9h
  dw 0090Bh,base+023F7h
  dw 00375h,base+01FABh
  dw 0090Bh,base+02400h
  dw 00375h,base+017EEh
  dw 0090Ch,base+02409h
  dw 00274h,base+00030h
  dw 0090Ch,base+02412h
  dw 00174h,base+00087h
  dw 00781h,base+02CBAh
  dw 00680h,base+030E3h
  dw 00A7Fh,base+01F1Ch
  dw 00C80h,base+015FAh
  dw 00D80h,base+011D7h
  dw 00D80h,base+011E4h
  dw 00D80h,base+011F1h
  dw 00D80h,base+011FEh
  dw 00D80h,base+0120Bh
  dw 00D80h,base+01218h
  dw 00D80h,base+01225h
  dw 00D80h,base+01232h
  dw 00C81h,base+01606h
  dw 00B81h,base+01ADAh
  dw 00A80h,base+01F26h
  dw 00981h,base+0241Bh
  dw 00880h,base+028B4h
  dw 00781h,base+02CC1h
  dw 0067Fh,base+030E9h
  dw 00780h,base+02CC8h
  dw 00780h,base+02CCFh
  dw 00780h,base+02CD6h
  dw 00780h,base+02CDDh
  dw 00780h,base+02CE4h
  dw 00780h,base+02CEBh
  dw 00780h,base+02CF2h
  dw 00780h,base+02CF9h
  dw 00780h,base+02D00h
  dw 00680h,base+030EFh
  dw 00680h,base+030F5h
  dw 00680h,base+030FBh
  dw 00581h,base+03631h
  dw 00480h,base+00BE4h
  dw 00481h,base+03C92h
  dw 00380h,base+00BA3h
  dw 0027Fh,base+00145h
  dw 00380h,base+001BDh
  dw 0037Fh,base+0017Fh
  dw 00480h,base+03C96h
  dw 00480h,base+03C9Ah
  dw 00480h,base+0057Dh
  dw 00481h,base+01BEEh
  dw 00380h,base+001A8h
  dw 00381h,base+00093h
  dw 00280h,base+00145h
  dw 00280h,base+000D4h
  dw 00380h,base+00269h
  dw 00380h,base+00352h
  dw 00381h,base+03F4Dh
  dw 00280h,base+00093h
  dw 00200h,base+00018h

guilePage0frame011:
  db 01Eh,03Ah,072h,02Fh
  db 07Eh
  db 067h,028h,031h,05Dh,028h
  db 000h,000h
  db 000h,000h
  dw 00581h,base+03636h
  dw 00781h,base+02D07h
  dw 00580h,base+0363Bh
  dw 00780h,base+02D0Eh
  dw 00780h,base+02D15h
  dw 0067Bh,base+03101h
  dw 00A80h,base+01F30h
  dw 00A7Fh,base+01F3Ah
  dw 00B80h,base+01AE5h
  dw 00B80h,base+01AF0h
  dw 00B80h,base+01AFBh
  dw 00C80h,base+01612h
  dw 00C80h,base+0161Eh
  dw 00C80h,base+0162Ah
  dw 00C80h,base+01636h
  dw 00C7Fh,base+01642h
  dw 00D80h,base+0123Fh
  dw 00D80h,base+0124Ch
  dw 00D80h,base+01259h
  dw 00D80h,base+01266h
  dw 00D80h,base+01273h
  dw 00E80h,base+00FC7h
  dw 00E80h,base+00FD5h
  dw 00E80h,base+00FE3h
  dw 00E81h,base+00FF1h
  dw 00D80h,base+01280h
  dw 00809h,base+028BCh
  dw 00477h,base+01289h
  dw 00809h,base+028C4h
  dw 00477h,base+03C9Eh
  dw 0080Ah,base+028CCh
  dw 00375h,base+03F50h
  dw 0090Bh,base+02424h
  dw 00275h,base+0007Ah
  dw 00D80h,base+0128Dh
  dw 00D80h,base+0129Ah
  dw 00D7Fh,base+012A7h
  dw 00E80h,base+00FFFh
  dw 00F80h,base+00CD2h
  dw 00F80h,base+00CE1h
  dw 00F80h,base+00CF0h
  dw 00F81h,base+00CFFh
  dw 00E80h,base+0100Dh
  dw 00D81h,base+012B4h
  dw 00C80h,base+0164Eh
  dw 00B81h,base+01B06h
  dw 00A83h,base+01F44h
  dw 0057Fh,base+03640h
  dw 00580h,base+03645h
  dw 0047Fh,base+001D6h
  dw 00480h,base+02CD6h
  dw 00480h,base+03CA2h
  dw 00480h,base+02CD6h
  dw 00481h,base+03CA6h
  dw 00380h,base+00236h
  dw 00481h,base+001BDh
  dw 00380h,base+0070Ah
  dw 00380h,base+03F53h
  dw 00380h,base+00EE4h
  dw 00381h,base+00392h
  dw 00280h,base+00094h
  dw 00200h,base+007ADh

guilePage0frame012:
  db 02Ch,05Ch,074h,02Ah
  db 08Eh
  db 078h,022h,02Bh,069h,022h
  db 000h,000h
  db 000h,000h
  dw 0017Fh,base+00009h
  dw 00380h,base+03F56h
  dw 00380h,base+03594h
  dw 00480h,base+03CAAh
  dw 00480h,base+03CAEh
  dw 00580h,base+0364Ah
  dw 00580h,base+0364Fh
  dw 00580h,base+03654h
  dw 00580h,base+03659h
  dw 00680h,base+03107h
  dw 00609h,base+0310Dh
  dw 00177h,base+00000h
  dw 00609h,base+03113h
  dw 00177h,base+00003h
  dw 00609h,base+03119h
  dw 00177h,base+00003h
  dw 00A80h,base+01F4Eh
  dw 00A80h,base+01F58h
  dw 00A7Fh,base+01F62h
  dw 00B80h,base+01B11h
  dw 00B7Fh,base+01B1Ch
  dw 00C79h,base+0165Ah
  dw 00207h,base+00750h
  dw 00C78h,base+01666h
  dw 00408h,base+03CB2h
  dw 00C78h,base+01672h
  dw 00408h,base+03CB6h
  dw 00C78h,base+0167Eh
  dw 00508h,base+0365Eh
  dw 00C77h,base+0168Ah
  dw 00609h,base+0311Fh
  dw 00C77h,base+01696h
  dw 00609h,base+03125h
  dw 0090Ah,base+0242Dh
  dw 0016Dh,base+000B3h
  dw 00709h,base+02D1Ch
  dw 00977h,base+02436h
  dw 00708h,base+02D23h
  dw 00A78h,base+01F6Ch
  dw 00708h,base+02D2Ah
  dw 00A78h,base+01F76h
  dw 01280h,base+005D9h
  dw 01280h,base+005EBh
  dw 01280h,base+005FDh
  dw 01280h,base+0060Fh
  dw 01280h,base+00621h
  dw 01280h,base+00633h
  dw 01281h,base+00645h
  dw 01180h,base+007BCh
  dw 00B0Dh,base+01B27h
  dw 00473h,base+03CBAh
  dw 00B0Dh,base+01B32h
  dw 00473h,base+03CBEh
  dw 00304h,base+000E5h
  dw 00609h,base+0312Bh
  dw 00473h,base+03CC2h
  dw 00304h,base+00BA3h
  dw 00609h,base+03131h
  dw 00473h,base+03CC6h
  dw 00205h,base+00093h
  dw 00509h,base+03663h
  dw 00272h,base+001D1h
  dw 00205h,base+00145h
  dw 00509h,base+03668h
  dw 00272h,base+007B9h
  dw 00205h,base+00144h
  dw 00509h,base+0366Dh
  dw 00172h,base+00087h
  dw 00305h,base+001BDh
  dw 0057Bh,base+03672h
  dw 00305h,base+03BFFh
  dw 0057Bh,base+03677h
  dw 00305h,base+00180h
  dw 0057Bh,base+0367Ch
  dw 00304h,base+00180h
  dw 0067Ch,base+03137h
  dw 00304h,base+0018Eh
  dw 0067Bh,base+0313Dh
  dw 00405h,base+002ECh
  dw 0067Bh,base+03143h
  dw 00305h,base+001BDh
  dw 0067Ah,base+03149h
  dw 00306h,base+000E5h
  dw 0057Ah,base+03681h
  dw 00306h,base+02FB2h
  dw 0057Ah,base+03686h
  dw 00306h,base+021BDh
  dw 0057Ah,base+0368Bh
  dw 00206h,base+00145h
  dw 0057Ah,base+03690h
  dw 00206h,base+001B8h
  dw 00580h,base+03695h
  dw 00580h,base+0369Ah
  dw 00580h,base+0369Fh
  dw 00580h,base+036A4h
  dw 00580h,base+036A9h
  dw 00580h,base+036AEh
  dw 00580h,base+01BB1h
  dw 00480h,base+03CCAh
  dw 00480h,base+03CCEh
  dw 00480h,base+03CD2h
  dw 00480h,base+03CD6h
  dw 00480h,base+03CDAh
  dw 00480h,base+03CDEh
  dw 00480h,base+03CE2h
  dw 00480h,base+03CE6h
  dw 00480h,base+00E6Fh
  dw 00480h,base+02139h
  dw 00480h,base+03CEAh
  dw 00480h,base+03CEEh
  dw 00481h,base+03CEAh
  dw 00380h,base+032C1h
  dw 00380h,base+001BDh
  dw 00280h,base+00382h
  dw 00280h,base+00145h
  dw 00280h,base+00382h
  dw 00280h,base+00145h
  dw 00280h,base+009D6h
  dw 00280h,base+00145h
  dw 00280h,base+01F48h
  dw 00280h,base+00145h
  dw 0027Fh,base+0003Dh
  dw 00380h,base+00093h
  dw 00380h,base+004CBh
  dw 00380h,base+03F59h
  dw 00380h,base+03F59h
  dw 00380h,base+00303h
  dw 00381h,base+002E3h
  dw 00100h,base+00003h

guilePage0frame013:
  db 032h,035h,068h,036h
  db 08Eh
  db 068h,02Fh,023h,066h,02Fh
  db 000h,000h
  db 000h,000h
  dw 00180h,base+00010h
  dw 0017Fh,base+00018h
  dw 00380h,base+00007h
  dw 00377h,base+0162Ah
  dw 00209h,base+000F1h
  dw 00376h,base+0171Ah
  dw 0030Ah,base+03F5Ch
  dw 00376h,base+03F5Fh
  dw 0040Ah,base+03CF2h
  dw 00375h,base+00115h
  dw 0050Bh,base+036B3h
  dw 00375h,base+03F62h
  dw 0050Bh,base+036B8h
  dw 00375h,base+00800h
  dw 0050Bh,base+036BDh
  dw 00475h,base+03CF6h
  dw 0050Bh,base+036C2h
  dw 00474h,base+03CFAh
  dw 0070Ch,base+02D31h
  dw 00474h,base+03CFEh
  dw 0070Ch,base+02D38h
  dw 00474h,base+00E4Dh
  dw 0070Ch,base+02D3Fh
  dw 00474h,base+03D02h
  dw 0070Bh,base+02D46h
  dw 00575h,base+036C7h
  dw 0070Ah,base+02D4Dh
  dw 00676h,base+0314Fh
  dw 0080Ah,base+028D4h
  dw 00675h,base+03155h
  dw 0090Ah,base+0243Fh
  dw 00709h,base+02D54h
  dw 0016Dh,base+000B3h
  dw 0080Ah,base+028DCh
  dw 00709h,base+02D5Bh
  dw 0016Dh,base+000B3h
  dw 00809h,base+028E4h
  dw 00809h,base+028ECh
  dw 0026Eh,base+001A1h
  dw 01480h,base+00465h
  dw 01480h,base+00479h
  dw 01480h,base+0048Dh
  dw 0147Ch,base+004A1h
  dw 00103h,base+00010h
  dw 0157Dh,base+00369h
  dw 0187Fh,base+0029Eh
  dw 01980h,base+0018Bh
  dw 01980h,base+001A4h
  dw 01980h,base+001BDh
  dw 01981h,base+001D6h
  dw 01516h,base+0037Eh
  dw 0026Ah,base+01865h
  dw 01516h,base+00393h
  dw 0026Bh,base+01A4Bh
  dw 01480h,base+004B5h
  dw 01481h,base+004C9h
  dw 01282h,base+00657h
  dw 00203h,base+00087h
  dw 00D7Dh,base+012C1h
  dw 00203h,base+00094h
  dw 00D81h,base+012CEh
  dw 00307h,base+01D56h
  dw 00579h,base+036CCh
  dw 00208h,base+00043h
  dw 0047Eh,base+03D06h
  dw 00680h,base+0315Bh
  dw 00680h,base+03161h
  dw 00680h,base+03167h
  dw 00580h,base+036D1h
  dw 00580h,base+036D6h
  dw 00580h,base+036DBh
  dw 00581h,base+036E0h
  dw 00480h,base+03D0Ah
  dw 00480h,base+03D0Eh
  dw 00380h,base+03F65h
  dw 00380h,base+026D5h
  dw 00281h,base+00000h
  dw 00180h,base+00009h
  dw 00100h,base+00010h

guilePage0frame014:
  db 02Ch,040h,06Ah,032h
  db 080h
  db 06Ch,022h,023h,067h,02Dh
  db 000h,000h
  db 000h,000h
  dw 00180h,base+00001h
  dw 0027Eh,base+000E7h
  dw 00480h,base+0057Ch
  dw 00480h,base+03BE0h
  dw 00480h,base+03D12h
  dw 00480h,base+03D16h
  dw 00480h,base+03D1Ah
  dw 00480h,base+00266h
  dw 00480h,base+0354Dh
  dw 0047Fh,base+001BDh
  dw 00580h,base+036E5h
  dw 0057Fh,base+004B5h
  dw 00680h,base+0316Dh
  dw 0067Fh,base+02F5Ch
  dw 0077Fh,base+02D62h
  dw 0087Fh,base+028F4h
  dw 0097Fh,base+02448h
  dw 00880h,base+028FCh
  dw 0087Fh,base+02904h
  dw 00B80h,base+01B3Dh
  dw 00C80h,base+016A2h
  dw 00D7Fh,base+012DBh
  dw 00E80h,base+0101Bh
  dw 00E80h,base+01029h
  dw 00F80h,base+00D0Eh
  dw 00F81h,base+00D1Dh
  dw 00E80h,base+01037h
  dw 00E80h,base+01045h
  dw 00E81h,base+01053h
  dw 00C81h,base+016AEh
  dw 00B80h,base+01B48h
  dw 00B7Dh,base+01B53h
  dw 00204h,base+000CCh
  dw 00A7Ch,base+01F80h
  dw 00207h,base+02110h
  dw 00779h,base+02D69h
  dw 00307h,base+01FA8h
  dw 00779h,base+02D70h
  dw 00307h,base+03F68h
  dw 00779h,base+01459h
  dw 00306h,base+03F6Bh
  dw 0080Bh,base+01459h
  dw 0026Fh,base+0015Dh
  dw 00305h,base+005CFh
  dw 0090Ch,base+02451h
  dw 0036Fh,base+03F6Eh
  dw 00305h,base+00CC4h
  dw 0090Ch,base+0245Ah
  dw 0036Fh,base+03F6Eh
  dw 00205h,base+00018h
  dw 0090Ch,base+02463h
  dw 0036Eh,base+03F71h
  dw 00305h,base+02F96h
  dw 00A0Dh,base+01F8Ah
  dw 0036Eh,base+03F74h
  dw 00305h,base+03F77h
  dw 00B0Dh,base+01B5Eh
  dw 0036Eh,base+03F74h
  dw 01012h,base+009A8h
  dw 0036Eh,base+03F7Ah
  dw 01012h,base+009B8h
  dw 0036Eh,base+03F7Dh
  dw 01013h,base+009C8h
  dw 0026Dh,base+00353h
  dw 01013h,base+009D8h
  dw 0026Dh,base+00D9Ch
  dw 01580h,base+003A8h
  dw 01680h,base+002E5h
  dw 01680h,base+002FBh
  dw 01681h,base+00311h
  dw 01581h,base+003BDh
  dw 01480h,base+004DDh
  dw 01483h,base+004F1h
  dw 01082h,base+009E8h
  dw 00E80h,base+01061h
  dw 00607h,base+03173h
  dw 00679h,base+03179h
  dw 00580h,base+036EAh
  dw 00580h,base+036EFh
  dw 00580h,base+036F4h
  dw 00580h,base+036F9h
  dw 0067Fh,base+0317Fh
  dw 00780h,base+02D77h
  dw 00780h,base+02D7Eh
  dw 00600h,base+03185h

guilePage0frame015:
  db 032h,034h,068h,039h
  db 076h
  db 06Ah,02Fh,022h,068h,027h
  db 000h,000h
  db 000h,000h
  dw 00280h,base+0013Dh
  dw 00280h,base+0033Eh
  dw 0027Fh,base+0004Dh
  dw 00480h,base+03D1Eh
  dw 00480h,base+03D22h
  dw 0047Fh,base+03D26h
  dw 00580h,base+036FEh
  dw 00580h,base+03703h
  dw 00580h,base+03708h
  dw 00680h,base+0318Bh
  dw 00680h,base+03191h
  dw 0067Fh,base+03197h
  dw 00680h,base+0319Dh
  dw 0050Ah,base+0370Dh
  dw 00276h,base+00043h
  dw 00609h,base+031A3h
  dw 00477h,base+03D2Ah
  dw 00D0Fh,base+012E8h
  dw 00171h,base+00087h
  dw 00D0Fh,base+012F5h
  dw 00271h,base+00093h
  dw 01380h,base+00541h
  dw 0137Dh,base+00554h
  dw 00103h,base+0013Ch
  dw 0147Dh,base+00505h
  dw 00103h,base+000B3h
  dw 0147Dh,base+00519h
  dw 00203h,base+01194h
  dw 0157Ch,base+003D2h
  dw 01980h,base+001EFh
  dw 01980h,base+00208h
  dw 01980h,base+00221h
  dw 01980h,base+0023Ah
  dw 01980h,base+00253h
  dw 01517h,base+003E7h
  dw 00169h,base+00010h
  dw 01580h,base+003FCh
  dw 01580h,base+00411h
  dw 01581h,base+00426h
  dw 01380h,base+00567h
  dw 00103h,base+0013Ch
  dw 00708h,base+02D85h
  dw 00875h,base+0290Ch
  dw 00103h,base+00010h
  dw 00708h,base+02D8Ch
  dw 00878h,base+02914h
  dw 00608h,base+031A9h
  dw 00878h,base+0291Ch
  dw 00608h,base+031AFh
  dw 00877h,base+02924h
  dw 00609h,base+031B5h
  dw 00877h,base+0292Ch
  dw 00609h,base+031BBh
  dw 00877h,base+02934h
  dw 00509h,base+03712h
  dw 00877h,base+0293Ch
  dw 0050Ah,base+03717h
  dw 00677h,base+031C1h
  dw 00409h,base+03D2Eh
  dw 00677h,base+031C7h
  dw 00409h,base+01BAAh
  dw 00677h,base+031CDh
  dw 00409h,base+03D32h
  dw 00677h,base+031D3h
  dw 00409h,base+03D36h
  dw 00577h,base+0371Ch
  dw 0040Ah,base+03D3Ah
  dw 00476h,base+03D3Eh
  dw 0040Ah,base+03D42h
  dw 00476h,base+03D46h
  dw 0040Ah,base+03D4Ah
  dw 00376h,base+03F80h
  dw 0040Bh,base+03D4Eh
  dw 00176h,base+00065h
  dw 00280h,base+00000h
  dw 00280h,base+0134Dh
  dw 00280h,base+001EFh
  dw 00100h,base+00010h

guilePage0frame016:
  db 02Ch,05Ch,068h,02Ch
  db 076h
  db 067h,02Ah,031h,069h,022h
  db 000h,000h
  db 000h,000h
  dw 00280h,base+00072h
  dw 0027Fh,base+00855h
  dw 00380h,base+00E4Dh
  dw 0047Fh,base+03D52h
  dw 00580h,base+03721h
  dw 00580h,base+03726h
  dw 0057Fh,base+0372Bh
  dw 00680h,base+031D9h
  dw 00680h,base+031DFh
  dw 00680h,base+031E5h
  dw 00680h,base+031EBh
  dw 0067Ch,base+031F1h
  dw 00104h,base+00009h
  dw 0057Ch,base+03730h
  dw 00980h,base+0246Ch
  dw 00980h,base+02475h
  dw 00A80h,base+01F94h
  dw 00A80h,base+01F9Eh
  dw 00B80h,base+01B69h
  dw 00B80h,base+01B74h
  dw 00B11h,base+01B7Fh
  dw 0026Fh,base+00386h
  dw 00C10h,base+016BAh
  dw 00370h,base+014E8h
  dw 00C0Fh,base+016C6h
  dw 00571h,base+03735h
  dw 00C0Fh,base+016D2h
  dw 00571h,base+0373Ah
  dw 00C0Eh,base+016DEh
  dw 00672h,base+031F7h
  dw 00102h,base+000B3h
  dw 00A0Ch,base+01FA8h
  dw 00672h,base+031FDh
  dw 00103h,base+00010h
  dw 0090Bh,base+0247Eh
  dw 00674h,base+03203h
  dw 00A0Ch,base+01FB2h
  dw 00674h,base+03209h
  dw 00B0Ch,base+01B8Ah
  dw 00674h,base+0320Fh
  dw 01280h,base+00669h
  dw 01280h,base+0067Bh
  dw 01280h,base+0068Dh
  dw 01280h,base+0069Fh
  dw 01280h,base+006B1h
  dw 01280h,base+006C3h
  dw 01280h,base+006D5h
  dw 01280h,base+006E7h
  dw 00506h,base+0373Fh
  dw 00C7Ah,base+016EAh
  dw 00507h,base+03744h
  dw 00B7Ah,base+01B95h
  dw 00406h,base+03D56h
  dw 00708h,base+02D93h
  dw 00372h,base+00184h
  dw 00306h,base+00755h
  dw 00608h,base+03215h
  dw 00372h,base+0044Eh
  dw 00306h,base+03F83h
  dw 00608h,base+0321Bh
  dw 00373h,base+00180h
  dw 00205h,base+01571h
  dw 00608h,base+03221h
  dw 00273h,base+00145h
  dw 00105h,base+00087h
  dw 00608h,base+03227h
  dw 00279h,base+00145h
  dw 00507h,base+03749h
  dw 00279h,base+00145h
  dw 00506h,base+0374Eh
  dw 0037Ah,base+001A8h
  dw 00506h,base+03753h
  dw 0037Ah,base+02CC8h
  dw 00506h,base+03758h
  dw 0047Ah,base+02CD6h
  dw 00506h,base+0375Dh
  dw 0047Ah,base+02D62h
  dw 00507h,base+03762h
  dw 00379h,base+001BDh
  dw 00507h,base+03767h
  dw 00479h,base+001D6h
  dw 00508h,base+0376Ch
  dw 00378h,base+00183h
  dw 00508h,base+03771h
  dw 00478h,base+03D5Ah
  dw 00509h,base+03776h
  dw 00377h,base+021BCh
  dw 00509h,base+0377Bh
  dw 00377h,base+0017Fh
  dw 0050Ah,base+03780h
  dw 00276h,base+000EFh
  dw 00580h,base+03785h
  dw 00580h,base+0378Ah
  dw 00581h,base+0378Fh
  dw 00480h,base+03D5Eh
  dw 00480h,base+03D62h
  dw 00480h,base+0038Eh
  dw 00480h,base+03D66h
  dw 00480h,base+03D6Ah
  dw 00480h,base+03D6Eh
  dw 00480h,base+03D72h
  dw 00480h,base+03D76h
  dw 00480h,base+03D7Ah
  dw 00481h,base+03D7Eh
  dw 00380h,base+00517h
  dw 00380h,base+0039Bh
  dw 00380h,base+006DBh
  dw 00380h,base+01B86h
  dw 00380h,base+0002Eh
  dw 00380h,base+01B86h
  dw 00380h,base+02388h
  dw 00380h,base+001BDh
  dw 00380h,base+003AFh
  dw 00380h,base+001BDh
  dw 00380h,base+003AFh
  dw 00380h,base+001BDh
  dw 00380h,base+02E8Dh
  dw 00380h,base+001BDh
  dw 00380h,base+03646h
  dw 00380h,base+001BDh
  dw 00380h,base+000D4h
  dw 00380h,base+001A8h
  dw 00380h,base+00B84h
  dw 00380h,base+03F86h
  dw 00380h,base+03F86h
  dw 00381h,base+03F89h
  dw 00280h,base+00030h
  dw 00200h,base+00B8Dh

guilePage0frame017:
  db 03Ah,050h,072h,034h
  db 082h
  db 071h,03Bh,016h,06Fh,022h
  db 0ACh,03Fh
  db 092h,047h
  dw 00781h,base+0261Dh
  dw 00880h,base+021F7h
  dw 00780h,base+02625h
  dw 00680h,base+02F99h
  dw 00680h,base+02F9Fh
  dw 00580h,base+01DF5h
  dw 0057Dh,base+03794h
  dw 0087Fh,base+02944h
  dw 0097Fh,base+02487h
  dw 00A80h,base+01FBCh
  dw 00D80h,base+01302h
  dw 01080h,base+009F8h
  dw 01380h,base+0057Ah
  dw 01980h,base+0026Ch
  dw 0197Fh,base+00285h
  dw 01A80h,base+00123h
  dw 01A80h,base+0013Dh
  dw 01A80h,base+00157h
  dw 01012h,base+00A08h
  dw 00305h,base+0021Bh
  dw 00369h,base+03F8Ch
  dw 00C13h,base+016F6h
  dw 00104h,base+00087h
  dw 00269h,base+00077h
  dw 00B18h,base+01BA0h
  dw 00168h,base+00087h
  dw 00B81h,base+01BABh
  dw 00A80h,base+01FC6h
  dw 00980h,base+02490h
  dw 00980h,base+02499h
  dw 00880h,base+0294Ch
  dw 00780h,base+02D9Ah
  dw 00780h,base+02DA1h
  dw 00781h,base+02DA8h
  dw 00680h,base+0322Dh
  dw 0067Fh,base+03233h
  dw 00780h,base+02DAFh
  dw 00780h,base+02DB6h
  dw 00780h,base+02DBDh
  dw 00780h,base+02DC4h
  dw 00880h,base+02954h
  dw 0087Fh,base+0295Ch
  dw 00980h,base+024A2h
  dw 00980h,base+024ABh
  dw 00A80h,base+01FD0h
  dw 00A80h,base+01FDAh
  dw 00B80h,base+01BB6h
  dw 00B80h,base+01BC1h
  dw 00B80h,base+01BCCh
  dw 00C80h,base+01702h
  dw 00C80h,base+0170Eh
  dw 00C80h,base+0171Ah
  dw 00607h,base+03239h
  dw 00579h,base+03799h
  dw 00507h,base+0379Eh
  dw 00679h,base+0323Fh
  dw 00508h,base+037A3h
  dw 00578h,base+037A8h
  dw 00508h,base+037ADh
  dw 00578h,base+037B2h
  dw 00508h,base+037B7h
  dw 00579h,base+037BCh
  dw 00407h,base+00FF5h
  dw 00578h,base+037C1h
  dw 00508h,base+037C6h
  dw 00578h,base+037CBh
  dw 00508h,base+037D0h
  dw 00578h,base+037D5h
  dw 00507h,base+037DAh
  dw 00679h,base+03245h
  dw 00507h,base+037DFh
  dw 00579h,base+037E4h
  dw 00507h,base+037E9h
  dw 00578h,base+037EEh
  dw 00608h,base+0324Bh
  dw 00578h,base+037F3h
  dw 00508h,base+037F8h
  dw 00478h,base+03D82h
  dw 00508h,base+037FDh
  dw 00478h,base+03D86h
  dw 00509h,base+03802h
  dw 00377h,base+0271Ah
  dw 00509h,base+03807h
  dw 00377h,base+00480h
  dw 00409h,base+003A3h
  dw 00376h,base+007CFh
  dw 0050Ah,base+0380Ch
  dw 00376h,base+03F8Fh
  dw 0050Ah,base+03811h
  dw 00376h,base+00092h
  dw 0040Ah,base+03D8Ah
  dw 00276h,base+000E7h
  dw 0030Ah,base+00180h
  dw 00276h,base+00145h
  dw 0030Ah,base+001A7h
  dw 00276h,base+000E7h
  dw 0030Ah,base+001BDh
  dw 00276h,base+00145h
  dw 0030Ah,base+0018Fh
  dw 00376h,base+0070Ah
  dw 00209h,base+00145h
  dw 00476h,base+03C96h
  dw 0030Ah,base+03511h
  dw 00576h,base+03816h
  dw 0030Ah,base+00A8Bh
  dw 00676h,base+03251h
  dw 0030Ah,base+00269h
  dw 00676h,base+03257h
  dw 0030Bh,base+03593h
  dw 00675h,base+0325Dh
  dw 0030Ch,base+00311h
  dw 00574h,base+0381Bh
  dw 0030Eh,base+000D4h
  dw 00372h,base+002E1h
  dw 0030Eh,base+00266h
  dw 00273h,base+003A8h
  dw 00200h,base+0003Ch

guilePage0frame018:
  db 022h,054h,074h,031h
  db 080h
  db 06Eh,022h,031h,06Ch,022h
  db 000h,000h
  db 000h,000h
  dw 0027Ch,base+018E1h
  dw 00104h,base+00010h
  dw 0047Ch,base+03D8Eh
  dw 00205h,base+0016Bh
  dw 0047Ah,base+03D92h
  dw 00306h,base+00E12h
  dw 0057Ah,base+03820h
  dw 00406h,base+03D96h
  dw 0067Ah,base+03263h
  dw 00406h,base+03D9Ah
  dw 0077Ah,base+02DCBh
  dw 00506h,base+03825h
  dw 0067Ah,base+03269h
  dw 00B80h,base+01BD7h
  dw 00B80h,base+01BE2h
  dw 00A80h,base+01FE4h
  dw 00A80h,base+01FEEh
  dw 00A80h,base+01FF8h
  dw 00B80h,base+01BEDh
  dw 00C80h,base+01726h
  dw 00C80h,base+01732h
  dw 00C80h,base+0173Eh
  dw 00D80h,base+0130Fh
  dw 00D80h,base+0131Ch
  dw 00D83h,base+01329h
  dw 00A80h,base+02002h
  dw 00A80h,base+0200Ch
  dw 00A80h,base+02016h
  dw 00A80h,base+02020h
  dw 00A80h,base+0202Ah
  dw 00A80h,base+02034h
  dw 00A82h,base+0203Eh
  dw 00880h,base+02964h
  dw 00780h,base+02DD2h
  dw 00780h,base+02DD9h
  dw 00780h,base+02DE0h
  dw 00780h,base+02DE7h
  dw 00781h,base+02DEEh
  dw 00680h,base+0326Fh
  dw 00580h,base+0382Ah
  dw 0057Fh,base+00618h
  dw 00680h,base+03275h
  dw 00680h,base+0327Bh
  dw 00780h,base+02DF5h
  dw 00780h,base+02DFCh
  dw 0077Fh,base+02E03h
  dw 00880h,base+0296Ch
  dw 0087Fh,base+02974h
  dw 00980h,base+024B4h
  dw 0097Fh,base+024BDh
  dw 00A80h,base+02048h
  dw 00A7Fh,base+02052h
  dw 00B80h,base+01BF8h
  dw 00B7Fh,base+01C03h
  dw 00C80h,base+0174Ah
  dw 00C80h,base+01756h
  dw 00C80h,base+01762h
  dw 00C7Fh,base+0176Eh
  dw 00D80h,base+01336h
  dw 00607h,base+03281h
  dw 00579h,base+0382Fh
  dw 00507h,base+03834h
  dw 00579h,base+03839h
  dw 00507h,base+0383Eh
  dw 00579h,base+03843h
  dw 00507h,base+03848h
  dw 0057Ah,base+0384Dh
  dw 00406h,base+03D9Eh
  dw 0057Ah,base+03852h
  dw 00406h,base+03DA2h
  dw 0057Ah,base+03857h
  dw 00406h,base+03DA6h
  dw 0057Ah,base+0385Ch
  dw 00406h,base+0007Eh
  dw 0067Ah,base+03287h
  dw 00406h,base+03DAAh
  dw 0067Bh,base+0328Dh
  dw 00305h,base+00303h
  dw 0067Bh,base+03293h
  dw 00306h,base+0021Bh
  dw 0067Ah,base+03299h
  dw 00306h,base+001A8h
  dw 0067Bh,base+0329Fh
  dw 00205h,base+00145h
  dw 0067Bh,base+032A5h
  dw 00206h,base+00145h
  dw 0057Ah,base+03861h
  dw 00206h,base+000D4h
  dw 0067Ah,base+032ABh
  dw 00307h,base+004CBh
  dw 00578h,base+03866h
  dw 00408h,base+03DAEh
  dw 00578h,base+0386Bh
  dw 00409h,base+02CBAh
  dw 00577h,base+03870h
  dw 0040Ah,base+038D0h
  dw 00475h,base+03C79h
  dw 0050Ch,base+0073Ch
  dw 00474h,base+0018Dh
  dw 0040Ch,base+03DB2h
  dw 00473h,base+03DB6h
  dw 0040Eh,base+0352Ch
  dw 00372h,base+0354Dh
  dw 0040Eh,base+0049Fh
  dw 00372h,base+03F92h
  dw 0030Eh,base+03F95h
  dw 00373h,base+0018Eh
  dw 0020Dh,base+00145h
  dw 0037Fh,base+00236h
  dw 00380h,base+000E5h
  dw 00380h,base+00BD3h
  dw 00380h,base+0162Ah
  dw 00380h,base+0162Ah
  dw 00380h,base+02A4Ah
  dw 00200h,base+00003h

guilePage0frame019:
  db 040h,052h,07Ch,032h
  db 08Ch
  db 080h,03Bh,016h,07Ah,026h
  db 0BAh,03Ah
  db 09Fh,045h
  dw 00680h,base+032B1h
  dw 00780h,base+02E0Ah
  dw 00780h,base+02E11h
  dw 00680h,base+032B7h
  dw 00681h,base+032BDh
  dw 00480h,base+03DBAh
  dw 00480h,base+03DBEh
  dw 00480h,base+03DC2h
  dw 00405h,base+03DC6h
  dw 00310h,base+00131h
  dw 0016Ah,base+00010h
  dw 00C15h,base+0177Ah
  dw 0026Bh,base+00077h
  dw 00D15h,base+01343h
  dw 00365h,base+03F98h
  dw 00103h,base+00010h
  dw 01318h,base+0058Dh
  dw 00364h,base+01AA4h
  dw 00203h,base+0001Ah
  dw 01C7Dh,base+000D0h
  dw 01F80h,base+00000h
  dw 01E80h,base+0001Fh
  dw 01E80h,base+0003Dh
  dw 01E80h,base+0005Bh
  dw 01D7Fh,base+00079h
  dw 01A80h,base+00171h
  dw 01017h,base+00A18h
  dw 00269h,base+00145h
  dw 01080h,base+00A28h
  dw 01080h,base+00A38h
  dw 00F80h,base+00D2Ch
  dw 00F80h,base+00D3Bh
  dw 00506h,base+03875h
  dw 0097Ah,base+024C6h
  dw 00406h,base+03DCAh
  dw 0097Ah,base+024CFh
  dw 00306h,base+00A9Bh
  dw 0087Ah,base+0297Ch
  dw 00307h,base+00B9Bh
  dw 00779h,base+0297Dh
  dw 00207h,base+00018h
  dw 00779h,base+0297Dh
  dw 00207h,base+00094h
  dw 00780h,base+02E18h
  dw 00680h,base+02E18h
  dw 00780h,base+02E1Fh
  dw 00780h,base+02E26h
  dw 00780h,base+02E2Dh
  dw 00780h,base+02E34h
  dw 00780h,base+02E3Bh
  dw 00780h,base+02E42h
  dw 0087Fh,base+02984h
  dw 00A7Fh,base+0205Ch
  dw 00B80h,base+01C0Eh
  dw 00C80h,base+01786h
  dw 00C7Fh,base+01792h
  dw 00D80h,base+01350h
  dw 00D80h,base+0135Dh
  dw 00D7Fh,base+0136Ah
  dw 00F80h,base+00D4Ah
  dw 00F80h,base+00D59h
  dw 00708h,base+02E49h
  dw 00778h,base+02E50h
  dw 00709h,base+02E57h
  dw 00677h,base+032C3h
  dw 00609h,base+032C9h
  dw 00677h,base+032CFh
  dw 00609h,base+032D5h
  dw 00677h,base+032DBh
  dw 00509h,base+01A89h
  dw 00677h,base+032E1h
  dw 0050Ah,base+0387Ah
  dw 00576h,base+0387Fh
  dw 0040Ah,base+00D36h
  dw 00576h,base+03884h
  dw 0040Ah,base+03DCEh
  dw 00575h,base+03889h
  dw 0040Bh,base+03DD2h
  dw 00675h,base+032E7h
  dw 0050Ch,base+0388Eh
  dw 00574h,base+03893h
  dw 0050Ch,base+03898h
  dw 00574h,base+0389Dh
  dw 0050Ch,base+038A2h
  dw 00674h,base+032EDh
  dw 0050Dh,base+038A7h
  dw 00573h,base+038ACh
  dw 0050Dh,base+038B1h
  dw 00573h,base+038B6h
  dw 0050Dh,base+038BBh
  dw 00573h,base+038C0h
  dw 0050Dh,base+038C5h
  dw 00574h,base+038CAh
  dw 0040Dh,base+03DD6h
  dw 00473h,base+03DDAh
  dw 0030Dh,base+00EACh
  dw 00473h,base+03DDEh
  dw 0030Dh,base+01CC5h
  dw 00473h,base+03DE2h
  dw 0030Eh,base+001BDh
  dw 00372h,base+01F33h
  dw 0030Eh,base+001BDh
  dw 00472h,base+0024Dh
  dw 0030Fh,base+001BDh
  dw 00371h,base+001BDh
  dw 0030Fh,base+001BDh
  dw 00371h,base+001BDh
  dw 0030Fh,base+001BDh
  dw 00371h,base+001BDh
  dw 0030Fh,base+001BDh
  dw 00471h,base+02CBAh
  dw 00310h,base+0070Ah
  dw 00370h,base+00184h
  dw 00310h,base+001D9h
  dw 0036Fh,base+03E86h
  dw 00411h,base+03259h
  dw 0036Fh,base+03F53h
  dw 00411h,base+001BDh
  dw 0036Eh,base+001A8h
  dw 00512h,base+038CFh
  dw 0036Dh,base+001A8h
  dw 00613h,base+032F3h
  dw 0036Dh,base+001BDh
  dw 00612h,base+0073Bh
  dw 0046Eh,base+0029Eh
  dw 00412h,base+03DE6h
  dw 0046Eh,base+0029Eh
  dw 00412h,base+0024Dh
  dw 0046Eh,base+00266h
  dw 00312h,base+00266h
  dw 00300h,base+00266h

guilePage0frame020:
  db 022h,04Fh,076h,036h
  db 07Ch
  db 075h,022h,031h,071h,022h
  db 000h,000h
  db 000h,000h
  dw 0067Fh,base+032F9h
  dw 00881h,base+0298Ch
  dw 00880h,base+02994h
  dw 00981h,base+024D8h
  dw 00980h,base+024E1h
  dw 00980h,base+024EAh
  dw 00980h,base+024F3h
  dw 00C80h,base+0179Eh
  dw 00C80h,base+017AAh
  dw 00C7Fh,base+017B6h
  dw 0070Ah,base+02E5Eh
  dw 00376h,base+00EDAh
  dw 0070Ah,base+02E65h
  dw 00475h,base+03DEAh
  dw 0080Bh,base+0299Ch
  dw 00475h,base+03DEEh
  dw 0090Bh,base+024FCh
  dw 00475h,base+03DF2h
  dw 0090Ch,base+02505h
  dw 00274h,base+00368h
  dw 00980h,base+0250Eh
  dw 0097Fh,base+02517h
  dw 00A80h,base+02066h
  dw 00A80h,base+02070h
  dw 00980h,base+02520h
  dw 0097Fh,base+02529h
  dw 00A80h,base+0207Ah
  dw 00A80h,base+02084h
  dw 00981h,base+02532h
  dw 00880h,base+029A4h
  dw 00881h,base+029ACh
  dw 00782h,base+02E6Ch
  dw 00580h,base+00042h
  dw 00580h,base+038D4h
  dw 00680h,base+032FFh
  dw 00780h,base+02E73h
  dw 00780h,base+02E7Ah
  dw 0087Fh,base+029B4h
  dw 00980h,base+0253Bh
  dw 00A80h,base+0208Eh
  dw 00A80h,base+02098h
  dw 00B80h,base+01C19h
  dw 00B81h,base+01C24h
  dw 00A80h,base+020A2h
  dw 00B80h,base+01C2Fh
  dw 00B81h,base+01C3Ah
  dw 00A80h,base+020ACh
  dw 00B80h,base+01C45h
  dw 00B81h,base+01C50h
  dw 00A80h,base+020B6h
  dw 00A80h,base+020C0h
  dw 00A81h,base+020CAh
  dw 00980h,base+02544h
  dw 00980h,base+0254Dh
  dw 00980h,base+02556h
  dw 00981h,base+0255Fh
  dw 0087Fh,base+029BCh
  dw 0097Fh,base+02568h
  dw 00A80h,base+020D4h
  dw 00A7Fh,base+020DEh
  dw 00A80h,base+020E8h
  dw 00A80h,base+020F2h
  dw 00980h,base+02571h
  dw 00880h,base+029C4h
  dw 0077Fh,base+02E81h
  dw 00780h,base+02E88h
  dw 00680h,base+03305h
  dw 00680h,base+0330Bh
  dw 0067Fh,base+03311h
  dw 0077Fh,base+02E8Fh
  dw 00880h,base+029CCh
  dw 00880h,base+029D4h
  dw 00405h,base+0024Dh
  dw 0037Bh,base+0018Eh
  dw 00405h,base+03079h
  dw 0047Bh,base+00709h
  dw 00305h,base+001A7h
  dw 0047Bh,base+00657h
  dw 00306h,base+001A6h
  dw 0037Ah,base+0354Dh
  dw 00306h,base+001BDh
  dw 0037Ah,base+00180h
  dw 00307h,base+001A6h
  dw 00179h,base+00087h
  dw 00380h,base+001BDh
  dw 00380h,base+001A7h
  dw 00480h,base+02CBAh
  dw 00481h,base+00657h
  dw 00380h,base+00180h
  dw 00300h,base+001BDh

guilePage0frame021:
  db 044h,052h,076h,032h
  db 084h
  db 072h,022h,01Eh,080h,02Ah
  db 0B9h,063h
  db 099h,05Eh
  dw 0037Fh,base+0289Ah
  dw 00580h,base+038D9h
  dw 0067Fh,base+03317h
  dw 0077Fh,base+02E96h
  dw 0077Eh,base+02E9Dh
  dw 0097Fh,base+0257Ah
  dw 00A7Fh,base+020FCh
  dw 00B80h,base+01C5Bh
  dw 00B80h,base+01C66h
  dw 00C80h,base+017C2h
  dw 00D80h,base+01377h
  dw 00306h,base+03F9Bh
  dw 0077Ah,base+02EA4h
  dw 00306h,base+03F9Eh
  dw 0077Ch,base+02EABh
  dw 00104h,base+00002h
  dw 0077Eh,base+02EB2h
  dw 00102h,base+00087h
  dw 0077Dh,base+02EB9h
  dw 00A80h,base+02106h
  dw 00A80h,base+02110h
  dw 00A80h,base+0211Ah
  dw 00A80h,base+02124h
  dw 00A80h,base+0212Eh
  dw 00A80h,base+02138h
  dw 00A81h,base+02142h
  dw 00980h,base+02583h
  dw 00981h,base+0258Ch
  dw 00880h,base+029DCh
  dw 00781h,base+02EC0h
  dw 00680h,base+00456h
  dw 00680h,base+0331Dh
  dw 00680h,base+03323h
  dw 00780h,base+02EC7h
  dw 00B80h,base+01C71h
  dw 00C80h,base+017CEh
  dw 00E80h,base+0106Fh
  dw 00E80h,base+0107Dh
  dw 00E80h,base+0108Bh
  dw 01080h,base+00A48h
  dw 01280h,base+006F9h
  dw 01380h,base+005A0h
  dw 01380h,base+005B3h
  dw 01480h,base+0052Dh
  dw 01580h,base+0043Bh
  dw 01681h,base+00327h
  dw 00508h,base+00543h
  dw 00D78h,base+01384h
  dw 0050Ah,base+038DEh
  dw 00D76h,base+01391h
  dw 0050Ch,base+038E3h
  dw 00B74h,base+01C7Ch
  dw 0050Dh,base+038E8h
  dw 00B73h,base+01C87h
  dw 0050Eh,base+038EDh
  dw 00304h,base+012FCh
  dw 0066Eh,base+03329h
  dw 00514h,base+038F2h
  dw 0056Dh,base+00F66h
  dw 00514h,base+038F7h
  dw 0056Ch,base+038FCh
  dw 00515h,base+03901h
  dw 0046Bh,base+0029Fh
  dw 00516h,base+03906h
  dw 0046Ah,base+02CBAh
  dw 00516h,base+0390Bh
  dw 0046Bh,base+01BF0h
  dw 00416h,base+00BEAh
  dw 0036Ah,base+00BA3h
  dw 00417h,base+00471h
  dw 00269h,base+00093h
  dw 00417h,base+03ABEh
  dw 00169h,base+00087h
  dw 00480h,base+03DF6h
  dw 0047Fh,base+03DFAh
  dw 00580h,base+03910h
  dw 00580h,base+03915h
  dw 00580h,base+0391Ah
  dw 00580h,base+0391Fh
  dw 00580h,base+03924h
  dw 00480h,base+03DFEh
  dw 00480h,base+03E02h
  dw 00480h,base+03E06h
  dw 00480h,base+03E0Ah
  dw 00480h,base+03E0Eh
  dw 00480h,base+025D0h
  dw 00380h,base+001AAh
  dw 00380h,base+0063Bh
  dw 00380h,base+021BCh
  dw 00380h,base+021BCh
  dw 00380h,base+000D4h
  dw 00380h,base+001BDh
  dw 00380h,base+001BDh
  dw 00380h,base+0017Fh
  dw 00580h,base+00280h
  dw 00580h,base+03929h
  dw 00680h,base+0332Fh
  dw 00680h,base+03335h
  dw 00683h,base+0333Bh
  dw 00200h,base+00010h

guilePage0frame022:
  db 026h,058h,07Ah,02Ch
  db 080h
  db 07Ch,022h,031h,073h,022h
  db 000h,000h
  db 000h,000h
  dw 0037Fh,base+02A9Ch
  dw 0057Fh,base+0392Eh
  dw 00680h,base+03341h
  dw 0057Fh,base+03933h
  dw 00680h,base+03347h
  dw 00680h,base+0334Dh
  dw 00607h,base+03353h
  dw 0017Ah,base+00010h
  dw 00506h,base+03938h
  dw 0027Ah,base+00E11h
  dw 00881h,base+029E4h
  dw 00880h,base+029ECh
  dw 00880h,base+029F4h
  dw 0087Fh,base+029FCh
  dw 00780h,base+02ECEh
  dw 00780h,base+02ED5h
  dw 00780h,base+02EDCh
  dw 00780h,base+02EE3h
  dw 00780h,base+02EEAh
  dw 00780h,base+02EF1h
  dw 00780h,base+02EF8h
  dw 0070Fh,base+02EFFh
  dw 00271h,base+000F1h
  dw 0080Dh,base+02A04h
  dw 00473h,base+00533h
  dw 0080Dh,base+02A0Ch
  dw 00574h,base+0393Dh
  dw 0070Bh,base+02F06h
  dw 00675h,base+03359h
  dw 0070Ah,base+02F0Dh
  dw 00776h,base+02F14h
  dw 00709h,base+02F1Bh
  dw 00877h,base+02A14h
  dw 00709h,base+02F22h
  dw 00877h,base+02A1Ch
  dw 01180h,base+007CDh
  dw 01180h,base+007DEh
  dw 01180h,base+007EFh
  dw 01180h,base+00800h
  dw 01181h,base+00811h
  dw 01080h,base+00A58h
  dw 01081h,base+00A68h
  dw 00E82h,base+01099h
  dw 00C80h,base+017DAh
  dw 00C80h,base+017E6h
  dw 00B80h,base+01C92h
  dw 00708h,base+02F29h
  dw 00379h,base+001BDh
  dw 00507h,base+024C1h
  dw 00279h,base+00145h
  dw 00506h,base+01BB1h
  dw 0037Ah,base+001BDh
  dw 00406h,base+023B8h
  dw 0037Ah,base+00550h
  dw 00406h,base+00043h
  dw 0037Ah,base+0073Bh
  dw 00405h,base+00359h
  dw 0047Bh,base+001BDh
  dw 00405h,base+03E12h
  dw 0047Ah,base+03E16h
  dw 00506h,base+03942h
  dw 0057Ah,base+001A6h
  dw 00507h,base+03947h
  dw 00479h,base+001BDh
  dw 00507h,base+0394Ch
  dw 00579h,base+02E88h
  dw 00508h,base+03951h
  dw 00478h,base+03E1Ah
  dw 00509h,base+03956h
  dw 00377h,base+00093h
  dw 00509h,base+0395Bh
  dw 00377h,base+001BDh
  dw 0050Ah,base+03960h
  dw 00276h,base+00145h
  dw 0050Ah,base+03965h
  dw 00176h,base+00087h
  dw 00581h,base+0396Ah
  dw 00480h,base+03E1Eh
  dw 00580h,base+0396Fh
  dw 00581h,base+03974h
  dw 00480h,base+03E22h
  dw 00480h,base+00328h
  dw 00480h,base+03E26h
  dw 00480h,base+03E2Ah
  dw 00480h,base+03C0Ch
  dw 00480h,base+009B9h
  dw 00480h,base+03E2Eh
  dw 00480h,base+03E32h
  dw 00480h,base+03E36h
  dw 00480h,base+03E3Ah
  dw 00480h,base+03E3Eh
  dw 00380h,base+0084Bh
  dw 00380h,base+03FA1h
  dw 00380h,base+01F36h
  dw 00380h,base+00131h
  dw 00380h,base+00182h
  dw 00380h,base+001BDh
  dw 00381h,base+001BDh
  dw 00280h,base+00145h
  dw 00280h,base+00145h
  dw 00280h,base+000E6h
  dw 00280h,base+0007Ch
  dw 00280h,base+0007Ch
  dw 00280h,base+00145h
  dw 00280h,base+00107h
  dw 00280h,base+0002Dh
  dw 00280h,base+00145h
  dw 00380h,base+001BDh
  dw 00380h,base+001BDh
  dw 00380h,base+002DFh
  dw 00380h,base+002DFh
  dw 00200h,base+00145h

guilePage0frame023:
  db 03Ah,05Ah,078h,02Ah
  db 0AEh
  db 07Bh,035h,01Fh,072h,022h
  db 0B2h,03Eh
  db 094h,03Eh
  dw 00280h,base+00145h
  dw 00280h,base+00145h
  dw 0027Fh,base+00093h
  dw 0037Fh,base+001A7h
  dw 0046Bh,base+02BE0h
  dw 00215h,base+0013Dh
  dw 0046Ah,base+02FE1h
  dw 00304h,base+03E43h
  dw 00211h,base+007C9h
  dw 0046Ah,base+03C4Ch
  dw 00405h,base+03E42h
  dw 00311h,base+03FA4h
  dw 0046Ah,base+03E46h
  dw 00405h,base+03E4Ah
  dw 00310h,base+00550h
  dw 0046Ah,base+03E4Eh
  dw 00506h,base+03979h
  dw 00310h,base+00108h
  dw 0046Ah,base+03E52h
  dw 00915h,base+02595h
  dw 0046Bh,base+03E56h
  dw 00A14h,base+0214Ch
  dw 0056Bh,base+0397Eh
  dw 00B14h,base+01C9Dh
  dw 0056Ch,base+03983h
  dw 00B13h,base+01CA8h
  dw 0066Eh,base+0335Fh
  dw 00A12h,base+02156h
  dw 0066Fh,base+03365h
  dw 00911h,base+0259Eh
  dw 0056Fh,base+03988h
  dw 00910h,base+025A7h
  dw 00670h,base+0336Bh
  dw 00910h,base+025B0h
  dw 00570h,base+0398Dh
  dw 0090Eh,base+025B9h
  dw 00771h,base+02F30h
  dw 00A0Eh,base+02160h
  dw 00872h,base+02A24h
  dw 00A0Eh,base+0216Ah
  dw 00771h,base+02F37h
  dw 00B0Eh,base+01CB3h
  dw 00872h,base+02A2Ch
  dw 00B0Eh,base+01CBEh
  dw 00872h,base+02A34h
  dw 00B0Eh,base+01CC9h
  dw 00772h,base+02F3Eh
  dw 00B0Dh,base+01CD4h
  dw 00773h,base+02F45h
  dw 00B0Dh,base+01CDFh
  dw 00673h,base+03371h
  dw 00C0Dh,base+017F2h
  dw 00673h,base+03377h
  dw 01380h,base+005C6h
  dw 01281h,base+0070Bh
  dw 01180h,base+00822h
  dw 01181h,base+00833h
  dw 00F81h,base+00D68h
  dw 00E80h,base+010A7h
  dw 00E81h,base+010B5h
  dw 00C80h,base+017FEh
  dw 00C81h,base+0180Ah
  dw 00A81h,base+02174h
  dw 00981h,base+025C2h
  dw 00781h,base+02F4Ch
  dw 00680h,base+0337Dh
  dw 00680h,base+03383h
  dw 00580h,base+03992h
  dw 00580h,base+03997h
  dw 00580h,base+00A41h
  dw 00580h,base+0399Ch
  dw 00580h,base+039A1h
  dw 00580h,base+039A6h
  dw 00580h,base+039ABh
  dw 00580h,base+039B0h
  dw 00580h,base+039B5h
  dw 00580h,base+039BAh
  dw 00580h,base+039BFh
  dw 00580h,base+039C4h
  dw 00580h,base+039C9h
  dw 00580h,base+039CEh
  dw 00580h,base+039D3h
  dw 00580h,base+039D8h
  dw 00580h,base+039DDh
  dw 00580h,base+039E2h
  dw 00580h,base+039E7h
  dw 00581h,base+039ECh
  dw 00480h,base+03E5Ah
  dw 0047Fh,base+03E5Eh
  dw 00580h,base+039F1h
  dw 00580h,base+039F6h
  dw 00580h,base+039FBh
  dw 00580h,base+03A00h
  dw 00580h,base+03A05h
  dw 00580h,base+03A0Ah
  dw 00581h,base+03A0Fh
  dw 00380h,base+0017Ah
  dw 00380h,base+03FA7h
  dw 00380h,base+00202h
  dw 00380h,base+0007Bh
  dw 00380h,base+0017Fh
  dw 00380h,base+001BDh
  dw 00380h,base+001BDh
  dw 00380h,base+001BDh
  dw 00380h,base+001BDh
  dw 00380h,base+00BA3h
  dw 00380h,base+03006h
  dw 00380h,base+00202h
  dw 00380h,base+00181h
  dw 00380h,base+03C1Bh
  dw 00380h,base+03FAAh
  dw 00380h,base+001BDh
  dw 00380h,base+001BDh
  dw 00380h,base+00030h
  dw 00381h,base+00184h
  dw 00200h,base+00145h

guilePage0frame024:
  db 02Eh,056h,072h,02Fh
  db 080h
  db 072h,022h,032h,070h,022h
  db 000h,000h
  db 000h,000h
  dw 0027Eh,base+002F9h
  dw 00408h,base+03E62h
  dw 00177h,base+00087h
  dw 00509h,base+03A14h
  dw 00277h,base+0003Dh
  dw 00508h,base+03A19h
  dw 00377h,base+017EEh
  dw 00609h,base+03389h
  dw 00377h,base+00180h
  dw 00608h,base+0338Fh
  dw 00479h,base+03E66h
  dw 00507h,base+03A1Eh
  dw 0047Ah,base+03E6Ah
  dw 00A80h,base+0217Eh
  dw 00A80h,base+02188h
  dw 00B80h,base+01CEAh
  dw 00B80h,base+01CF5h
  dw 00B80h,base+01D00h
  dw 00B7Fh,base+01D0Bh
  dw 00C80h,base+01816h
  dw 00C7Fh,base+01822h
  dw 00D80h,base+0139Eh
  dw 00E80h,base+010C3h
  dw 00E7Fh,base+010D1h
  dw 00F7Fh,base+00D77h
  dw 01180h,base+00844h
  dw 01180h,base+00855h
  dw 0127Fh,base+0071Dh
  dw 01580h,base+00450h
  dw 01680h,base+0033Dh
  dw 01680h,base+00353h
  dw 00506h,base+03A23h
  dw 00B0Ch,base+01D16h
  dw 0056Eh,base+03A28h
  dw 00507h,base+03A2Dh
  dw 00A0Bh,base+02192h
  dw 0056Eh,base+03A32h
  dw 00407h,base+03E6Eh
  dw 00A0Bh,base+0219Ch
  dw 0056Eh,base+03A37h
  dw 00408h,base+02A45h
  dw 0090Ah,base+025CBh
  dw 0046Fh,base+03E72h
  dw 00207h,base+0070Bh
  dw 00981h,base+025D4h
  dw 00781h,base+02F53h
  dw 00680h,base+03395h
  dw 00680h,base+0339Bh
  dw 00680h,base+033A1h
  dw 00680h,base+033A7h
  dw 00681h,base+033ADh
  dw 00580h,base+03A3Ch
  dw 00580h,base+03A41h
  dw 00580h,base+03A46h
  dw 0057Fh,base+03A4Bh
  dw 00680h,base+033B3h
  dw 00680h,base+033B9h
  dw 00680h,base+033BFh
  dw 00680h,base+033C5h
  dw 00580h,base+03A50h
  dw 00580h,base+03A55h
  dw 00580h,base+03A5Ah
  dw 00580h,base+03A5Fh
  dw 00580h,base+03A64h
  dw 00580h,base+03A69h
  dw 00580h,base+03A6Eh
  dw 00580h,base+03A73h
  dw 00581h,base+03A78h
  dw 00480h,base+03E76h
  dw 00480h,base+004D8h
  dw 00480h,base+003DCh
  dw 00480h,base+03E7Ah
  dw 00480h,base+03E7Eh
  dw 00480h,base+03E82h
  dw 00480h,base+03E86h
  dw 00480h,base+03E8Ah
  dw 00480h,base+03E8Eh
  dw 00480h,base+03E92h
  dw 00480h,base+03E96h
  dw 00480h,base+03E9Ah
  dw 00480h,base+03E9Eh
  dw 00481h,base+03EA2h
  dw 00380h,base+001F4h
  dw 00380h,base+0039Bh
  dw 00380h,base+00043h
  dw 00380h,base+01CC5h
  dw 00380h,base+01CC5h
  dw 00380h,base+00269h
  dw 00380h,base+001BDh
  dw 00380h,base+003B0h
  dw 00380h,base+001BDh
  dw 00380h,base+003B0h
  dw 00380h,base+001BDh
  dw 00380h,base+003B0h
  dw 00480h,base+02C45h
  dw 0047Eh,base+03BFFh
  dw 00680h,base+033CBh
  dw 0067Fh,base+033D1h
  dw 00780h,base+02F5Ah
  dw 00781h,base+02F61h
  dw 00100h,base+00087h

guilePage0frame025:
  db 03Ah,034h,070h,050h
  db 082h
  db 06Eh,03Bh,016h,068h,039h
  db 0AAh,066h
  db 08Ch,066h
  dw 00781h,base+0261Dh
  dw 00880h,base+021F7h
  dw 00780h,base+02625h
  dw 00680h,base+033D7h
  dw 00680h,base+033DDh
  dw 00581h,base+03A7Dh
  dw 00480h,base+03EA6h
  dw 0047Bh,base+03EAAh
  dw 00102h,base+00010h
  dw 0087Dh,base+02A3Ch
  dw 00C7Fh,base+0182Eh
  dw 00F12h,base+00D86h
  dw 0026Dh,base+00030h
  dw 01112h,base+00866h
  dw 0086Dh,base+02A44h
  dw 01B7Fh,base+00108h
  dw 01C7Fh,base+000ECh
  dw 01D80h,base+00096h
  dw 01D80h,base+000B3h
  dw 0181Ah,base+002B6h
  dw 00366h,base+0017Fh
  dw 0171Ah,base+002CEh
  dw 00266h,base+0016Fh
  dw 0121Bh,base+0072Fh
  dw 00166h,base+00009h
  dw 00E80h,base+010DFh
  dw 00D81h,base+013ABh
  dw 00C82h,base+0183Ah
  dw 00A0Bh,base+021A6h
  dw 00276h,base+000F1h
  dw 00D80h,base+013B8h
  dw 00D80h,base+013C5h
  dw 00D7Fh,base+013D2h
  dw 00F80h,base+00D95h
  dw 00F7Fh,base+00DA4h
  dw 01080h,base+00A78h
  dw 0107Fh,base+00A88h
  dw 01180h,base+00877h
  dw 01280h,base+00741h
  dw 01280h,base+00753h
  dw 01280h,base+00765h
  dw 01280h,base+00777h
  dw 00C0Dh,base+01846h
  dw 00571h,base+03A82h
  dw 00D0Fh,base+013DFh
  dw 00571h,base+03A87h
  dw 00C10h,base+01852h
  dw 00570h,base+03A8Ch
  dw 00B10h,base+01D21h
  dw 00570h,base+03A91h
  dw 00811h,base+02A4Ch
  dw 0046Fh,base+03EAEh
  dw 00812h,base+02A54h
  dw 0036Eh,base+0033Ah
  dw 00812h,base+02A5Ch
  dw 0036Eh,base+0017Fh
  dw 00812h,base+02A64h
  dw 0046Eh,base+02C46h
  dw 00813h,base+02A6Ch
  dw 0036Dh,base+001BDh
  dw 00813h,base+02A74h
  dw 0056Dh,base+03A96h
  dw 00813h,base+02A7Ch
  dw 0066Dh,base+033E3h
  dw 00813h,base+02A84h
  dw 0066Dh,base+033E9h
  dw 00813h,base+02A8Ch
  dw 0066Dh,base+033EFh
  dw 00813h,base+02A94h
  dw 0066Eh,base+033F5h
  dw 00780h,base+02F68h
  dw 00203h,base+001EFh
  dw 00481h,base+03EB2h
  dw 00200h,base+00082h

guilePage0frame026:
  db 020h,074h,07Ah,010h
  db 096h
  db 078h,022h,031h,076h,022h
  db 09Bh,011h
  db 09Bh,045h
  dw 0027Fh,base+0013Dh
  dw 00380h,base+012E8h
  dw 00380h,base+03FADh
  dw 00380h,base+00158h
  dw 00380h,base+03FB0h
  dw 00381h,base+03F6Ah
  dw 00280h,base+0033Eh
  dw 00280h,base+00072h
  dw 00280h,base+0001Fh
  dw 00280h,base+007ADh
  dw 00280h,base+00502h
  dw 00280h,base+00502h
  dw 0027Fh,base+00502h
  dw 00380h,base+00DE0h
  dw 00380h,base+01641h
  dw 00380h,base+00058h
  dw 00380h,base+00058h
  dw 00380h,base+00B3Eh
  dw 00380h,base+0006Dh
  dw 00380h,base+00873h
  dw 0037Ah,base+03FB3h
  dw 00206h,base+00ABCh
  dw 00378h,base+00007h
  dw 00508h,base+03A9Bh
  dw 00379h,base+00108h
  dw 00507h,base+03AA0h
  dw 00378h,base+00189h
  dw 00608h,base+033FBh
  dw 00377h,base+03FB6h
  dw 00809h,base+02A9Ch
  dw 00377h,base+03FB9h
  dw 00C81h,base+0185Eh
  dw 00B81h,base+01D2Ch
  dw 00A80h,base+021B0h
  dw 00A80h,base+021BAh
  dw 00A80h,base+021C4h
  dw 00A80h,base+021CEh
  dw 00A81h,base+021D8h
  dw 00980h,base+025DDh
  dw 00980h,base+025E6h
  dw 0097Fh,base+025EFh
  dw 00980h,base+025F8h
  dw 00980h,base+02601h
  dw 0097Dh,base+0260Ah
  dw 00C80h,base+0186Ah
  dw 00C7Fh,base+01876h
  dw 00D80h,base+013ECh
  dw 00D80h,base+013F9h
  dw 00D80h,base+01406h
  dw 00D80h,base+01413h
  dw 00D80h,base+01420h
  dw 00C7Fh,base+01882h
  dw 00D80h,base+0142Dh
  dw 00D80h,base+0143Ah
  dw 00D80h,base+01447h
  dw 00D80h,base+01454h
  dw 00D80h,base+01461h
  dw 00405h,base+03EB6h
  dw 0087Ah,base+01459h
  dw 00507h,base+03AA5h
  dw 00679h,base+01459h
  dw 00507h,base+03AAAh
  dw 00679h,base+01234h
  dw 00507h,base+03AAFh
  dw 00679h,base+03401h
  dw 00407h,base+03EBAh
  dw 00679h,base+03407h
  dw 00407h,base+03EBEh
  dw 00679h,base+0340Dh
  dw 00307h,base+010BCh
  dw 0077Ah,base+02F6Fh
  dw 00206h,base+00068h
  dw 00780h,base+02F76h
  dw 00780h,base+02F7Dh
  dw 00780h,base+02F84h
  dw 00780h,base+02F8Bh
  dw 0077Fh,base+02F92h
  dw 00880h,base+02AA4h
  dw 0087Fh,base+02AACh
  dw 0097Fh,base+02613h
  dw 00A80h,base+021E2h
  dw 00A7Fh,base+021ECh
  dw 00B80h,base+01D37h
  dw 00B80h,base+01D42h
  dw 00B80h,base+01D4Dh
  dw 00B7Fh,base+01D58h
  dw 00C80h,base+0188Eh
  dw 00C80h,base+0189Ah
  dw 00C80h,base+018A6h
  dw 00C80h,base+018B2h
  dw 00C81h,base+018BEh
  dw 00B7Fh,base+01D63h
  dw 00607h,base+03413h
  dw 00579h,base+03AB4h
  dw 00607h,base+03419h
  dw 00579h,base+03AB9h
  dw 00507h,base+03ABEh
  dw 00579h,base+03AC3h
  dw 00507h,base+03AC8h
  dw 00579h,base+03ACDh
  dw 00407h,base+0017Ah
  dw 0057Ah,base+03AD2h
  dw 00306h,base+0020Eh
  dw 0057Ah,base+03AD7h
  dw 00407h,base+00C8Ch
  dw 00479h,base+02835h
  dw 00407h,base+03EC2h
  dw 00479h,base+03EC6h
  dw 00407h,base+03ECAh
  dw 00479h,base+0306Eh
  dw 00407h,base+03ECEh
  dw 00579h,base+03ADCh
  dw 00407h,base+03ED2h
  dw 00579h,base+03AE1h
  dw 00408h,base+03ED6h
  dw 00478h,base+03EDAh
  dw 00408h,base+00D93h
  dw 00478h,base+03EDEh
  dw 00408h,base+03EE2h
  dw 00478h,base+03EE6h
  dw 00408h,base+00402h
  dw 00478h,base+03EEAh
  dw 00308h,base+000F1h
  dw 00478h,base+03EEEh
  dw 00308h,base+00734h
  dw 00478h,base+03EF2h
  dw 00308h,base+00E06h
  dw 00478h,base+03EF6h
  dw 00308h,base+03C5Ah
  dw 00478h,base+03EFAh
  dw 00309h,base+03C5Ah
  dw 00378h,base+000F1h
  dw 00208h,base+00093h
  dw 00378h,base+00547h
  dw 00208h,base+00145h
  dw 00378h,base+0206Eh
  dw 00208h,base+00144h
  dw 00378h,base+03FBCh
  dw 00309h,base+029CDh
  dw 00377h,base+0345Bh
  dw 00309h,base+03E72h
  dw 00377h,base+001BDh
  dw 00309h,base+00236h
  dw 00377h,base+0316Dh
  dw 00309h,base+001BDh
  dw 00376h,base+001BDh
  dw 0030Ah,base+001BDh
  dw 00376h,base+0316Dh
  dw 0030Ah,base+01FFFh
  dw 00376h,base+001BDh
  dw 0030Ah,base+03FBFh
  dw 00375h,base+001BDh
  dw 0030Bh,base+00392h
  dw 00375h,base+001BDh
  dw 0030Ah,base+03BFFh
  dw 00377h,base+00BA3h
  dw 00209h,base+00008h
  dw 0037Fh,base+03FC2h
  dw 00480h,base+03EFEh
  dw 00380h,base+0021Bh
  dw 00381h,base+0187Dh
  dw 00100h,base+0000Fh


