  dw chunliPage2frame000
  dw chunliPage2frame001
  dw chunliPage2frame002
  dw chunliPage2frame003
  dw chunliPage2frame004
  dw chunliPage2frame005
  dw chunliPage2frame006
  dw chunliPage2frame007
  dw chunliPage2frame008
  dw chunliPage2frame009
  dw chunliPage2frame010
  dw chunliPage2frame011
  dw chunliPage2frame012
  dw chunliPage2frame013
  dw chunliPage2frame014
  dw chunliPage2frame015
  dw chunliPage2frame016
  dw chunliPage2frame017
  dw chunliPage2frame018
  dw chunliPage2frame019
  dw chunliPage2frame020
  dw chunliPage2frame021
  dw chunliPage2frame022

chunliPage2frame000:
  db 028h,042h,062h,042h
  db 078h
  dw base+00000h
  dw 00280h
  dw 0047Fh
  dw 0057Ch
  dw 00A80h
  dw 00A7Fh
  dw 00B80h
  dw 00B7Fh
  dw 00C80h
  dw 00C80h
  dw 00A7Fh
  dw 00B80h
  dw 00B7Fh
  dw 00C80h
  dw 00C0Dh
  dw 00172h
  dw 00D0Eh
  dw 00472h
  dw 00C0Fh
  dw 00371h
  dw 00D0Eh
  dw 00571h
  dw 00E10h
  dw 00470h
  dw 00E10h
  dw 00470h
  dw 0090Ah
  dw 00102h
  dw 00203h
  dw 00471h
  dw 0090Ch
  dw 00774h
  dw 0090Ch
  dw 00774h
  dw 0090Ch
  dw 00774h
  dw 00A0Dh
  dw 00373h
  dw 00A0Dh
  dw 00373h
  dw 00B0Dh
  dw 00273h
  dw 00B0Dh
  dw 00273h
  dw 00C80h
  dw 00C80h
  dw 00C80h
  dw 00D80h
  dw 00D80h
  dw 00D80h
  dw 00E81h
  dw 00D80h
  dw 00D80h
  dw 00D80h
  dw 00E81h
  dw 00809h
  dw 00477h
  dw 0080Ah
  dw 00377h
  dw 00709h
  dw 00377h
  dw 00709h
  dw 00378h
  dw 00608h
  dw 0037Ah
  dw 00406h
  dw 0037Ah
  dw 00406h
  dw 0047Ah
  dw 00406h
  dw 0047Ah
  dw 00306h
  dw 0047Ah
  dw 00307h
  dw 00379h
  dw 00307h
  dw 00379h
  dw 00307h
  dw 00379h
  dw 00307h
  dw 00379h
  dw 00307h
  dw 00379h
  dw 00308h
  dw 00278h
  dw 00308h
  dw 00278h
  dw 00308h
  dw 00278h
  dw 00308h
  dw 00378h
  dw 00209h
  dw 00277h
  dw 00209h
  dw 00277h
  dw 00209h
  dw 00376h
  dw 0030Ah
  dw 00476h
  dw 0040Ah
  dw 00476h
  dw 0040Ah
  dw 00577h
  dw 00309h
  dw 00102h
  dw 00375h
  dw 0040Ch
  dw 00275h
  dw 00380h
  dw 00300h

chunliPage2frame001:
  db 034h,034h,062h,050h
  db 07Ah
  dw base+0029Bh
  dw 00379h
  dw 00107h
  dw 00378h
  dw 00206h
  dw 00102h
  dw 00476h
  dw 00102h
  dw 00305h
  dw 00778h
  dw 00607h
  dw 00979h
  dw 0107Fh
  dw 01181h
  dw 01080h
  dw 00F80h
  dw 00C80h
  dw 00C7Fh
  dw 00E80h
  dw 00E81h
  dw 00D80h
  dw 00D81h
  dw 00C81h
  dw 00A82h
  dw 00980h
  dw 00980h
  dw 00980h
  dw 00980h
  dw 00A81h
  dw 0090Fh
  dw 00172h
  dw 0080Ch
  dw 00476h
  dw 00509h
  dw 00578h
  dw 00407h
  dw 00678h
  dw 00507h
  dw 00779h
  dw 00506h
  dw 00879h
  dw 00F80h
  dw 00F80h
  dw 00F7Fh
  dw 01080h
  dw 01080h
  dw 01080h
  dw 01080h
  dw 00C0Dh
  dw 00373h
  dw 00B0Dh
  dw 00373h
  dw 00B0Eh
  dw 00272h
  dw 00A0Dh
  dw 00473h
  dw 00A0Dh
  dw 00473h
  dw 00A0Eh
  dw 00271h
  dw 00B0Fh
  dw 00271h
  dw 00C0Fh
  dw 00271h
  dw 00C0Fh
  dw 00271h
  dw 00D0Fh
  dw 00271h
  dw 00D0Fh
  dw 00371h
  dw 00D0Fh
  dw 00371h
  dw 00A0Fh
  dw 00471h
  dw 0090Fh
  dw 00571h
  dw 00405h
  dw 0040Ah
  dw 00571h
  dw 0040Fh
  dw 00572h
  dw 00310h
  dw 00300h

chunliPage2frame002:
  db 030h,034h,06Ah,03Dh
  db 07Ch
  dw base+00527h
  dw 0017Fh
  dw 00580h
  dw 00580h
  dw 00780h
  dw 00680h
  dw 00780h
  dw 00780h
  dw 00780h
  dw 00780h
  dw 00681h
  dw 0057Ch
  dw 00104h
  dw 0047Bh
  dw 00204h
  dw 0057Ch
  dw 00880h
  dw 00880h
  dw 00A7Fh
  dw 00B80h
  dw 00B80h
  dw 00B81h
  dw 00A80h
  dw 00A80h
  dw 00A80h
  dw 00A80h
  dw 00C7Eh
  dw 00E80h
  dw 00F80h
  dw 00F7Fh
  dw 0107Fh
  dw 01113h
  dw 0016Dh
  dw 01480h
  dw 01581h
  dw 01580h
  dw 01480h
  dw 01480h
  dw 01580h
  dw 01482h
  dw 00B0Ch
  dw 00674h
  dw 00A0Dh
  dw 00473h
  dw 00A0Dh
  dw 00474h
  dw 0080Ch
  dw 00406h
  dw 0016Eh
  dw 00405h
  dw 00308h
  dw 00773h
  dw 00305h
  dw 00209h
  dw 00672h
  dw 0030Eh
  dw 00672h
  dw 0030Eh
  dw 00672h
  dw 0030Eh
  dw 00572h
  dw 0030Eh
  dw 00372h
  dw 0030Eh
  dw 00171h
  dw 00480h
  dw 00480h
  dw 00481h
  dw 00381h
  dw 00200h

chunliPage2frame003:
  db 036h,03Eh,05Ch,046h
  db 082h
  dw base+00746h
  dw 0017Fh
  dw 00280h
  dw 00280h
  dw 00280h
  dw 00280h
  dw 00280h
  dw 00207h
  dw 00179h
  dw 00207h
  dw 00179h
  dw 00207h
  dw 00279h
  dw 00307h
  dw 00279h
  dw 00307h
  dw 00279h
  dw 00307h
  dw 00279h
  dw 00307h
  dw 00279h
  dw 00207h
  dw 00279h
  dw 00207h
  dw 00279h
  dw 00207h
  dw 00278h
  dw 00307h
  dw 00379h
  dw 00207h
  dw 00379h
  dw 00207h
  dw 00379h
  dw 00207h
  dw 00278h
  dw 00307h
  dw 00279h
  dw 00307h
  dw 00279h
  dw 00306h
  dw 0037Ah
  dw 00306h
  dw 00379h
  dw 00406h
  dw 0047Ah
  dw 00406h
  dw 0047Ah
  dw 00405h
  dw 0057Bh
  dw 00405h
  dw 00576h
  dw 00105h
  dw 00405h
  dw 00473h
  dw 00102h
  dw 00305h
  dw 00A79h
  dw 00507h
  dw 00A78h
  dw 00608h
  dw 00A78h
  dw 00608h
  dw 00978h
  dw 00608h
  dw 00979h
  dw 00506h
  dw 00A7Ah
  dw 00506h
  dw 0097Ah
  dw 00F7Fh
  dw 01080h
  dw 0107Fh
  dw 01180h
  dw 01180h
  dw 01180h
  dw 01280h
  dw 01280h
  dw 0127Fh
  dw 01380h
  dw 01480h
  dw 00304h
  dw 00F7Ah
  dw 00406h
  dw 00F7Ah
  dw 00406h
  dw 01078h
  dw 00608h
  dw 01078h
  dw 00609h
  dw 00F77h
  dw 00509h
  dw 00D0Eh
  dw 0026Ah
  dw 00409h
  dw 00B0Dh
  dw 0016Ah
  dw 00409h
  dw 00A0Bh
  dw 0016Bh
  dw 0060Ah
  dw 00A0Bh
  dw 0016Ch
  dw 00409h
  dw 0090Ah
  dw 0026Dh
  dw 00409h
  dw 00C76h
  dw 0050Bh
  dw 00B75h
  dw 0050Bh
  dw 00A76h
  dw 0030Bh
  dw 00506h
  dw 00270h
  dw 0020Bh
  dw 00400h

chunliPage2frame004:
  db 036h,03Bh,05Eh,04Ah
  db 086h
  dw base+009EDh
  dw 00280h
  dw 00280h
  dw 00280h
  dw 00205h
  dw 0027Bh
  dw 00205h
  dw 0027Bh
  dw 00205h
  dw 0027Bh
  dw 00204h
  dw 0037Ch
  dw 00204h
  dw 0037Ch
  dw 00204h
  dw 0037Ch
  dw 00204h
  dw 0027Bh
  dw 00405h
  dw 0027Bh
  dw 00780h
  dw 0077Fh
  dw 0087Fh
  dw 00506h
  dw 0037Ah
  dw 00406h
  dw 0037Ah
  dw 00305h
  dw 0047Ah
  dw 00406h
  dw 0037Ah
  dw 00406h
  dw 00379h
  dw 00406h
  dw 0037Ah
  dw 00406h
  dw 00379h
  dw 00506h
  dw 0047Ah
  dw 00506h
  dw 00479h
  dw 00506h
  dw 0047Ah
  dw 00506h
  dw 00479h
  dw 00607h
  dw 00479h
  dw 00506h
  dw 0057Ah
  dw 00506h
  dw 0057Ah
  dw 00405h
  dw 0057Bh
  dw 00405h
  dw 0057Bh
  dw 00405h
  dw 0047Ah
  dw 00506h
  dw 0047Ah
  dw 00506h
  dw 0037Ah
  dw 00980h
  dw 00980h
  dw 00980h
  dw 00980h
  dw 00980h
  dw 00980h
  dw 0097Fh
  dw 00A80h
  dw 00C7Dh
  dw 00F7Bh
  dw 00204h
  dw 0107Ch
  dw 00203h
  dw 0107Ch
  dw 00304h
  dw 0107Ch
  dw 01480h
  dw 0137Fh
  dw 01480h
  dw 01480h
  dw 01380h
  dw 01380h
  dw 01281h
  dw 01181h
  dw 00F80h
  dw 00E81h
  dw 00C81h
  dw 00709h
  dw 00179h
  dw 00400h

chunliPage2frame005:
  db 050h,01Ch,05Ah,06Bh
  db 084h
  dw base+00C35h
  dw 0027Fh
  dw 0037Fh
  dw 0057Fh
  dw 00675h
  dw 0020Ah
  dw 00776h
  dw 00209h
  dw 00976h
  dw 0040Ah
  dw 00971h
  dw 00205h
  dw 00509h
  dw 00A72h
  dw 00304h
  dw 00708h
  dw 00C74h
  dw 01980h
  dw 0197Fh
  dw 01B80h
  dw 01E80h
  dw 01E80h
  dw 01F26h
  dw 0015Bh
  dw 02024h
  dw 0035Ch
  dw 02223h
  dw 0045Dh
  dw 02781h
  dw 02580h
  dw 00203h
  dw 0227Dh
  dw 00203h
  dw 00607h
  dw 01A79h
  dw 00608h
  dw 00C0Dh
  dw 00B6Bh
  dw 00609h
  dw 0090Dh
  dw 00506h
  dw 00465h
  dw 00409h
  dw 0080Ch
  dw 00102h
  dw 00305h
  dw 00264h
  dw 0040Ah
  dw 0080Dh
  dw 00369h
  dw 00480h
  dw 00481h
  dw 00300h

chunliPage2frame006:
  db 03Ch,02Fh,062h,059h
  db 074h
  dw base+00E72h
  dw 0017Fh
  dw 00580h
  dw 00580h
  dw 00680h
  dw 00680h
  dw 00780h
  dw 00780h
  dw 00780h
  dw 00780h
  dw 00681h
  dw 00580h
  dw 00480h
  dw 0047Dh
  dw 00780h
  dw 0087Fh
  dw 00980h
  dw 0087Fh
  dw 00A80h
  dw 00A80h
  dw 00B11h
  dw 00270h
  dw 00A0Fh
  dw 00371h
  dw 00B0Eh
  dw 00572h
  dw 00C0Dh
  dw 00673h
  dw 0137Fh
  dw 0080Ah
  dw 00A76h
  dw 0090Bh
  dw 00975h
  dw 0090Bh
  dw 00A75h
  dw 00A0Bh
  dw 00A75h
  dw 00203h
  dw 0127Dh
  dw 00204h
  dw 0117Ch
  dw 00204h
  dw 0127Ch
  dw 00204h
  dw 00C0Eh
  dw 0046Dh
  dw 00304h
  dw 00D0Fh
  dw 0046Dh
  dw 00304h
  dw 00D10h
  dw 0036Ch
  dw 00304h
  dw 00D10h
  dw 0036Bh
  dw 00305h
  dw 00C11h
  dw 0026Ah
  dw 00304h
  dw 00D12h
  dw 0036Ah
  dw 00304h
  dw 00C13h
  dw 00268h
  dw 00405h
  dw 00E13h
  dw 00368h
  dw 01318h
  dw 00467h
  dw 01519h
  dw 00568h
  dw 01418h
  dw 00569h
  dw 00305h
  dw 00E12h
  dw 00568h
  dw 00406h
  dw 00D12h
  dw 00203h
  dw 00265h
  dw 00409h
  dw 00577h
  dw 00480h
  dw 00200h

chunliPage2frame007:
  db 02Ah,053h,06Eh,035h
  db 078h
  dw base+010DBh
  dw 0017Fh
  dw 00306h
  dw 0017Ah
  dw 00405h
  dw 0027Bh
  dw 00780h
  dw 00780h
  dw 00880h
  dw 00A81h
  dw 00203h
  dw 0077Dh
  dw 00203h
  dw 0077Dh
  dw 00B80h
  dw 00C80h
  dw 00B80h
  dw 00B80h
  dw 00B80h
  dw 00B80h
  dw 00980h
  dw 00980h
  dw 00880h
  dw 00880h
  dw 00780h
  dw 00780h
  dw 0087Fh
  dw 00980h
  dw 00980h
  dw 00981h
  dw 00880h
  dw 0087Fh
  dw 00980h
  dw 00980h
  dw 00507h
  dw 00279h
  dw 00407h
  dw 00279h
  dw 00407h
  dw 00305h
  dw 00173h
  dw 00508h
  dw 00305h
  dw 00173h
  dw 00508h
  dw 00305h
  dw 00273h
  dw 00509h
  dw 00876h
  dw 0070Ah
  dw 00876h
  dw 0080Ah
  dw 00976h
  dw 0090Bh
  dw 00875h
  dw 0090Bh
  dw 00775h
  dw 00A0Eh
  dw 00472h
  dw 00A0Eh
  dw 00371h
  dw 00C0Fh
  dw 00171h
  dw 00C0Fh
  dw 00171h
  dw 00D80h
  dw 00D80h
  dw 00E80h
  dw 00E80h
  dw 00E80h
  dw 00F80h
  dw 00F80h
  dw 00809h
  dw 00677h
  dw 0080Ah
  dw 00576h
  dw 0080Ch
  dw 00374h
  dw 0080Ch
  dw 00374h
  dw 0080Ch
  dw 00375h
  dw 0070Bh
  dw 00476h
  dw 0060Ah
  dw 00476h
  dw 0050Ah
  dw 00476h
  dw 0050Ah
  dw 00476h
  dw 0050Ah
  dw 00476h
  dw 0050Ah
  dw 00576h
  dw 0040Bh
  dw 00475h
  dw 0040Bh
  dw 00475h
  dw 0030Bh
  dw 00474h
  dw 0040Ch
  dw 00474h
  dw 0040Dh
  dw 00373h
  dw 0030Dh
  dw 00373h
  dw 0030Dh
  dw 00373h
  dw 0020Eh
  dw 00271h
  dw 0030Fh
  dw 00271h
  dw 0020Fh
  dw 00270h
  dw 00310h
  dw 00370h
  dw 00310h
  dw 00370h
  dw 00310h
  dw 00370h
  dw 00410h
  dw 00470h
  dw 00410h
  dw 00471h
  dw 00310h
  dw 00470h
  dw 00312h
  dw 0026Eh
  dw 00313h
  dw 0016Dh
  dw 00380h
  dw 00380h
  dw 00381h
  dw 00200h

chunliPage2frame008:
  db 040h,02Fh,070h,055h
  db 09Ah
  dw base+013CFh
  dw 00207h
  dw 00179h
  dw 00206h
  dw 00375h
  dw 0070Bh
  dw 00374h
  dw 0090Ch
  dw 00373h
  dw 00A0Ch
  dw 00474h
  dw 01080h
  dw 01080h
  dw 0117Fh
  dw 00507h
  dw 00B78h
  dw 00608h
  dw 00B79h
  dw 00506h
  dw 00D7Ah
  dw 00406h
  dw 00C7Bh
  dw 00305h
  dw 00C7Bh
  dw 00305h
  dw 00C7Ah
  dw 0127Fh
  dw 00E0Fh
  dw 00370h
  dw 00F11h
  dw 0016Fh
  dw 0107Fh
  dw 01180h
  dw 01113h
  dw 0016Ch
  dw 01580h
  dw 00C0Eh
  dw 00771h
  dw 00E11h
  dw 0056Fh
  dw 00E11h
  dw 0066Eh
  dw 01013h
  dw 0056Dh
  dw 00102h
  dw 00F10h
  dw 0066Fh
  dw 01012h
  dw 0046Eh
  dw 00203h
  dw 00E0Fh
  dw 0046Dh
  dw 00204h
  dw 00E0Fh
  dw 00471h
  dw 00F12h
  dw 0016Eh
  dw 00F80h
  dw 00507h
  dw 0086Fh
  dw 0010Ah
  dw 00509h
  dw 0066Ch
  dw 0020Bh
  dw 00508h
  dw 0076Dh
  dw 00306h
  dw 00105h
  dw 00408h
  dw 0076Dh
  dw 0090Bh
  dw 00407h
  dw 0086Eh
  dw 00F12h
  dw 0076Eh
  dw 00F10h
  dw 00870h
  dw 00E0Fh
  dw 00971h
  dw 01580h
  dw 00204h
  dw 00A0Bh
  dw 00471h
  dw 00205h
  dw 0090Ah
  dw 00371h
  dw 00206h
  dw 00709h
  dw 00471h
  dw 00208h
  dw 00508h
  dw 00470h
  dw 00209h
  dw 00308h
  dw 0036Fh
  dw 0020Ah
  dw 00207h
  dw 00370h
  dw 00111h
  dw 00200h

chunliPage2frame009:
  db 028h,052h,06Eh,033h
  db 080h
  dw base+016B4h
  dw 0027Fh
  dw 0037Fh
  dw 0067Fh
  dw 00780h
  dw 00780h
  dw 00780h
  dw 00780h
  dw 00781h
  dw 00680h
  dw 00680h
  dw 00680h
  dw 0067Eh
  dw 0097Fh
  dw 00B80h
  dw 00B80h
  dw 00B80h
  dw 00B80h
  dw 00B80h
  dw 00B80h
  dw 00B80h
  dw 00C80h
  dw 00C80h
  dw 00C80h
  dw 00B80h
  dw 00B81h
  dw 00980h
  dw 00883h
  dw 0047Fh
  dw 00580h
  dw 00580h
  dw 0067Fh
  dw 00780h
  dw 00780h
  dw 00880h
  dw 0087Fh
  dw 00980h
  dw 00980h
  dw 00980h
  dw 00A80h
  dw 00A80h
  dw 00A7Fh
  dw 00B80h
  dw 00B80h
  dw 00B80h
  dw 00B80h
  dw 00B80h
  dw 00B80h
  dw 00B80h
  dw 00B80h
  dw 00B80h
  dw 00B80h
  dw 00506h
  dw 0057Ah
  dw 00506h
  dw 0057Ah
  dw 00506h
  dw 0057Ah
  dw 00506h
  dw 0067Ah
  dw 00304h
  dw 00103h
  dw 00102h
  dw 00376h
  dw 00405h
  dw 00105h
  dw 00376h
  dw 0040Ah
  dw 00376h
  dw 0040Ah
  dw 00476h
  dw 0040Ah
  dw 00476h
  dw 0040Ah
  dw 00476h
  dw 0040Ah
  dw 00476h
  dw 0040Ah
  dw 00476h
  dw 0040Ah
  dw 00476h
  dw 0030Ah
  dw 00476h
  dw 0030Ah
  dw 00476h
  dw 0030Bh
  dw 00375h
  dw 0030Bh
  dw 00375h
  dw 0030Bh
  dw 00375h
  dw 0020Bh
  dw 00375h
  dw 0020Ch
  dw 00273h
  dw 0030Dh
  dw 00273h
  dw 0030Dh
  dw 00273h
  dw 0020Dh
  dw 00273h
  dw 0020Dh
  dw 00372h
  dw 0030Eh
  dw 00372h
  dw 0030Fh
  dw 00370h
  dw 00410h
  dw 00370h
  dw 00410h
  dw 00370h
  dw 00410h
  dw 00470h
  dw 00410h
  dw 00470h
  dw 00211h
  dw 00300h

chunliPage2frame010:
  db 038h,04Bh,05Ah,02Eh
  db 064h
  dw base+0194Fh
  dw 00103h
  dw 0017Dh
  dw 0047Fh
  dw 00680h
  dw 00780h
  dw 0077Dh
  dw 00B0Dh
  dw 00173h
  dw 00E7Fh
  dw 01080h
  dw 00608h
  dw 00878h
  dw 00509h
  dw 00877h
  dw 00509h
  dw 00877h
  dw 0050Ah
  dw 00876h
  dw 0050Ah
  dw 00976h
  dw 0050Ah
  dw 00976h
  dw 0040Bh
  dw 0080Dh
  dw 00368h
  dw 0040Ah
  dw 00A0Dh
  dw 0046Ah
  dw 00208h
  dw 00B0Eh
  dw 00572h
  dw 00C0Dh
  dw 00204h
  dw 0026Eh
  dw 00F12h
  dw 0026Eh
  dw 00E12h
  dw 0026Ch
  dw 00102h
  dw 00E12h
  dw 0016Ch
  dw 01014h
  dw 0016Ch
  dw 00607h
  dw 00A78h
  dw 00708h
  dw 00A7Ah
  dw 00506h
  dw 00B7Ah
  dw 01280h
  dw 01280h
  dw 01381h
  dw 01280h
  dw 01381h
  dw 01281h
  dw 00405h
  dw 00C7Bh
  dw 00102h
  dw 00203h
  dw 00D7Eh
  dw 00102h
  dw 00D81h
  dw 00C80h
  dw 00507h
  dw 00579h
  dw 00509h
  dw 00377h
  dw 00508h
  dw 00478h
  dw 00508h
  dw 00478h
  dw 00408h
  dw 00378h
  dw 00408h
  dw 00378h
  dw 00408h
  dw 00378h
  dw 00408h
  dw 00378h
  dw 00308h
  dw 00278h
  dw 00307h
  dw 00379h
  dw 00307h
  dw 00378h
  dw 00408h
  dw 00378h
  dw 00408h
  dw 00378h
  dw 00408h
  dw 00278h
  dw 00408h
  dw 00278h
  dw 00308h
  dw 00278h
  dw 00308h
  dw 00278h
  dw 00308h
  dw 00178h
  dw 00306h
  dw 0037Ah
  dw 00206h
  dw 0037Ah
  dw 00206h
  dw 00379h
  dw 00307h
  dw 00379h
  dw 00307h
  dw 00279h
  dw 00207h
  dw 00279h
  dw 00306h
  dw 0037Ah
  dw 00306h
  dw 0027Ah
  dw 00206h
  dw 0027Ah
  dw 00106h
  dw 00278h
  dw 00308h
  dw 00278h
  dw 00308h
  dw 00278h
  dw 00309h
  dw 00177h
  dw 00380h
  dw 00280h
  dw 00280h
  dw 0027Fh
  dw 00380h
  dw 00280h
  dw 00280h
  dw 00280h
  dw 00200h

chunliPage2frame011:
  db 03Eh,04Bh,064h,039h
  db 06Ah
  dw base+01C0Eh
  dw 0017Eh
  dw 00203h
  dw 0017Dh
  dw 00580h
  dw 00580h
  dw 00680h
  dw 00680h
  dw 00780h
  dw 00780h
  dw 00881h
  dw 00780h
  dw 0080Fh
  dw 00572h
  dw 0070Eh
  dw 00572h
  dw 0080Dh
  dw 00675h
  dw 0060Bh
  dw 00777h
  dw 0040Ah
  dw 00675h
  dw 0050Bh
  dw 00675h
  dw 0060Ah
  dw 0070Dh
  dw 00168h
  dw 0070Ah
  dw 0070Eh
  dw 00268h
  dw 0070Ah
  dw 0070Eh
  dw 00268h
  dw 00709h
  dw 0080Fh
  dw 00268h
  dw 00708h
  dw 00910h
  dw 00268h
  dw 01012h
  dw 00204h
  dw 00102h
  dw 00268h
  dw 01A80h
  dw 01A80h
  dw 01A80h
  dw 01A80h
  dw 01A81h
  dw 00D10h
  dw 00970h
  dw 00D11h
  dw 00103h
  dw 0046Bh
  dw 00E16h
  dw 00169h
  dw 00E80h
  dw 00A0Bh
  dw 00374h
  dw 00B0Ch
  dw 00273h
  dw 00304h
  dw 0087Ch
  dw 00205h
  dw 0077Ah
  dw 00306h
  dw 0087Ah
  dw 00206h
  dw 00879h
  dw 00207h
  dw 00879h
  dw 00207h
  dw 00881h
  dw 00780h
  dw 00304h
  dw 0037Ch
  dw 00304h
  dw 0037Ch
  dw 00305h
  dw 0027Bh
  dw 00305h
  dw 0037Bh
  dw 00305h
  dw 0037Bh
  dw 00305h
  dw 0037Bh
  dw 00305h
  dw 0047Bh
  dw 00305h
  dw 0047Bh
  dw 00305h
  dw 0047Bh
  dw 00306h
  dw 0037Ah
  dw 00306h
  dw 0047Ah
  dw 00307h
  dw 00379h
  dw 00306h
  dw 0047Bh
  dw 00305h
  dw 0047Bh
  dw 00306h
  dw 0037Ah
  dw 00307h
  dw 00279h
  dw 00307h
  dw 0027Ah
  dw 00207h
  dw 00179h
  dw 00207h
  dw 00279h
  dw 00207h
  dw 0027Ah
  dw 00106h
  dw 0027Ah
  dw 00106h
  dw 0027Ah
  dw 00206h
  dw 0037Ah
  dw 00206h
  dw 0037Ah
  dw 00206h
  dw 0037Ah
  dw 00206h
  dw 0037Ah
  dw 00206h
  dw 0047Ah
  dw 00207h
  dw 00379h
  dw 00308h
  dw 00378h
  dw 00308h
  dw 00378h
  dw 00309h
  dw 00278h
  dw 00209h
  dw 00177h
  dw 00280h
  dw 00281h
  dw 00100h

chunliPage2frame012:
  db 022h,018h,06Eh,051h
  db 078h
  dw base+01ECBh
  dw 0077Fh
  dw 0097Fh
  dw 00B7Fh
  dw 00D80h
  dw 00E7Fh
  dw 00F80h
  dw 01080h
  dw 0107Fh
  dw 01180h
  dw 01180h
  dw 00305h
  dw 00305h
  dw 0077Ch
  dw 00104h
  dw 00780h
  dw 00780h
  dw 00780h
  dw 00780h
  dw 00780h
  dw 00780h
  dw 00780h
  dw 00680h
  dw 0067Fh
  dw 0077Dh
  dw 0097Fh
  dw 00983h
  dw 00500h

chunliPage2frame013:
  db 024h,017h,06Ch,058h
  db 07Ah
  dw base+01FBBh
  dw 0077Eh
  dw 00A80h
  dw 00B7Eh
  dw 00D7Fh
  dw 00F7Fh
  dw 01080h
  dw 0107Fh
  dw 01280h
  dw 01280h
  dw 01284h
  dw 00E81h
  dw 00D80h
  dw 00D80h
  dw 00D80h
  dw 00D7Fh
  dw 00E7Fh
  dw 00708h
  dw 00778h
  dw 00708h
  dw 00678h
  dw 00608h
  dw 00679h
  dw 00406h
  dw 0077Bh
  dw 00B82h
  dw 00981h
  dw 00700h

chunliPage2frame014:
  db 00Eh,018h,07Eh,058h
  db 084h
  dw base+020E6h
  dw 00100h

chunliPage2frame015:
  db 052h,03Dh,058h,02Bh
  db 0A2h
  dw base+020E7h
  dw 0015Bh
  dw 00125h
  dw 0025Bh
  dw 00124h
  dw 0035Ch
  dw 00223h
  dw 0045Dh
  dw 00221h
  dw 0065Fh
  dw 0031Fh
  dw 00961h
  dw 0041Eh
  dw 00A63h
  dw 00D1Ch
  dw 00B64h
  dw 01A1Bh
  dw 0080Ah
  dw 0035Bh
  dw 02226h
  dw 0025Bh
  dw 02126h
  dw 0015Ah
  dw 01F80h
  dw 00203h
  dw 01C7Dh
  dw 00204h
  dw 01A82h
  dw 00203h
  dw 01381h
  dw 01181h
  dw 00F81h
  dw 00D7Fh
  dw 00D7Fh
  dw 00D80h
  dw 00E80h
  dw 00E80h
  dw 00F80h
  dw 00F7Fh
  dw 01080h
  dw 00F80h
  dw 00F80h
  dw 00C0Dh
  dw 00273h
  dw 00C0Dh
  dw 00173h
  dw 00203h
  dw 00204h
  dw 00506h
  dw 00173h
  dw 00203h
  dw 00203h
  dw 0087Bh
  dw 00102h
  dw 00103h
  dw 0077Bh
  dw 00102h
  dw 00102h
  dw 0097Ch
  dw 00104h
  dw 00880h
  dw 0087Fh
  dw 00980h
  dw 0097Fh
  dw 00A80h
  dw 00980h
  dw 00980h
  dw 00B80h
  dw 00B80h
  dw 00608h
  dw 00378h
  dw 00608h
  dw 00479h
  dw 00506h
  dw 0057Ah
  dw 00506h
  dw 0057Bh
  dw 00405h
  dw 0047Bh
  dw 00405h
  dw 0047Ch
  dw 00305h
  dw 0037Ah
  dw 00406h
  dw 0037Ah
  dw 00506h
  dw 0037Ah
  dw 00780h
  dw 00780h
  dw 00680h
  dw 0067Fh
  dw 00780h
  dw 00780h
  dw 00680h
  dw 00681h
  dw 00480h
  dw 00203h
  dw 00100h

chunliPage2frame016:
  db 01Ah,03Ch,072h,02Ah
  db 076h
  dw base+023D8h
  dw 0017Fh
  dw 00280h
  dw 00280h
  dw 00380h
  dw 00380h
  dw 00308h
  dw 00278h
  dw 00308h
  dw 00278h
  dw 00308h
  dw 00278h
  dw 00408h
  dw 00277h
  dw 00508h
  dw 00378h
  dw 00508h
  dw 00278h
  dw 00608h
  dw 00278h
  dw 00708h
  dw 00278h
  dw 00A81h
  dw 00A80h
  dw 00A80h
  dw 00A81h
  dw 00980h
  dw 00980h
  dw 00980h
  dw 00980h
  dw 00981h
  dw 00880h
  dw 00880h
  dw 00880h
  dw 00880h
  dw 00781h
  dw 00680h
  dw 00680h
  dw 00580h
  dw 00581h
  dw 0047Ch
  dw 0097Fh
  dw 00B80h
  dw 00B80h
  dw 00B80h
  dw 00A80h
  dw 00A80h
  dw 00A80h
  dw 00A81h
  dw 00980h
  dw 00C80h
  dw 00C80h
  dw 00C80h
  dw 00C80h
  dw 00C80h
  dw 00203h
  dw 0087Eh
  dw 00103h
  dw 00780h
  dw 0067Fh
  dw 00580h
  dw 00580h
  dw 00580h
  dw 00580h
  dw 0057Fh
  dw 00680h
  dw 00780h
  dw 00780h
  dw 00780h
  dw 00780h
  dw 00102h
  dw 00102h
  dw 00100h

chunliPage2frame017:
  db 054h,03Dh,052h,02Dh
  db 05Ah
  dw base+0259Bh
  dw 0017Fh
  dw 00226h
  dw 0015Ah
  dw 00326h
  dw 0015Ah
  dw 00425h
  dw 0025Bh
  dw 00625h
  dw 0025Ah
  dw 00925h
  dw 0035Bh
  dw 00A24h
  dw 0045Ch
  dw 00B1Ah
  dw 00D65h
  dw 00305h
  dw 00809h
  dw 01A71h
  dw 00307h
  dw 0227Ah
  dw 00106h
  dw 02182h
  dw 01F80h
  dw 01C1Dh
  dw 00264h
  dw 01A1Ch
  dw 00266h
  dw 01314h
  dw 0026Dh
  dw 01181h
  dw 00F81h
  dw 00D81h
  dw 00D81h
  dw 00D7Fh
  dw 00E80h
  dw 00E7Fh
  dw 00F80h
  dw 00F80h
  dw 01081h
  dw 00F80h
  dw 00F80h
  dw 00203h
  dw 00C7Eh
  dw 00102h
  dw 00C7Eh
  dw 00102h
  dw 00507h
  dw 00203h
  dw 00274h
  dw 00809h
  dw 00203h
  dw 00275h
  dw 00709h
  dw 00102h
  dw 00174h
  dw 0090Ah
  dw 00102h
  dw 00175h
  dw 0080Bh
  dw 00175h
  dw 00880h
  dw 00980h
  dw 00980h
  dw 00A81h
  dw 00980h
  dw 0097Eh
  dw 00B80h
  dw 00B80h
  dw 00305h
  dw 0067Ah
  dw 00406h
  dw 0067Ah
  dw 00506h
  dw 0057Ah
  dw 00506h
  dw 0057Bh
  dw 00405h
  dw 0047Bh
  dw 00405h
  dw 0047Bh
  dw 00305h
  dw 0037Bh
  dw 00305h
  dw 0047Bh
  dw 00304h
  dw 0057Eh
  dw 00780h
  dw 00781h
  dw 00680h
  dw 00680h
  dw 00780h
  dw 00781h
  dw 00680h
  dw 00681h
  dw 00480h
  dw 00102h
  dw 00200h

chunliPage2frame018:
  db 01Eh,03Eh,070h,02Dh
  db 076h
  dw base+0288Dh
  dw 0017Fh
  dw 00280h
  dw 00380h
  dw 00380h
  dw 00380h
  dw 00380h
  dw 00380h
  dw 0030Ah
  dw 00176h
  dw 00509h
  dw 00377h
  dw 00609h
  dw 00377h
  dw 00809h
  dw 00277h
  dw 00B80h
  dw 00B80h
  dw 00C80h
  dw 00C80h
  dw 00C80h
  dw 00C81h
  dw 00B80h
  dw 00B80h
  dw 00B80h
  dw 00B80h
  dw 00B80h
  dw 00B80h
  dw 00B80h
  dw 00B80h
  dw 00A81h
  dw 00980h
  dw 00981h
  dw 0077Fh
  dw 00880h
  dw 00880h
  dw 00980h
  dw 00980h
  dw 00980h
  dw 00980h
  dw 00B81h
  dw 00A80h
  dw 00A80h
  dw 00A80h
  dw 00A80h
  dw 00607h
  dw 00378h
  dw 00B7Fh
  dw 00C7Eh
  dw 00E80h
  dw 00E7Fh
  dw 00E80h
  dw 00E80h
  dw 00E81h
  dw 00C80h
  dw 00C82h
  dw 00781h
  dw 0067Fh
  dw 00780h
  dw 00782h
  dw 00581h
  dw 00580h
  dw 0057Fh
  dw 00780h
  dw 00780h
  dw 00781h
  dw 00580h
  dw 00104h
  dw 00100h

chunliPage2frame019:
  db 03Ch,051h,072h,033h
  db 07Eh
  dw base+02AAAh
  dw 00203h
  dw 0017Dh
  dw 0047Fh
  dw 00680h
  dw 00680h
  dw 00780h
  dw 00780h
  dw 00780h
  dw 00780h
  dw 0077Eh
  dw 00203h
  dw 0067Ch
  dw 00304h
  dw 0057Ch
  dw 00305h
  dw 0047Bh
  dw 00305h
  dw 00304h
  dw 00177h
  dw 00304h
  dw 00405h
  dw 00275h
  dw 00506h
  dw 0077Bh
  dw 00405h
  dw 0077Bh
  dw 00C81h
  dw 00B80h
  dw 00C80h
  dw 00203h
  dw 0097Dh
  dw 00D80h
  dw 00D80h
  dw 00E10h
  dw 00170h
  dw 00A0Bh
  dw 00305h
  dw 00170h
  dw 00F10h
  dw 00170h
  dw 00304h
  dw 00D7Ch
  dw 00205h
  dw 00D7Bh
  dw 00105h
  dw 00D81h
  dw 00D81h
  dw 00C80h
  dw 00D7Fh
  dw 00E80h
  dw 00E80h
  dw 00C7Fh
  dw 00C0Dh
  dw 00173h
  dw 00D80h
  dw 00F11h
  dw 0016Eh
  dw 01213h
  dw 0016Dh
  dw 01214h
  dw 0026Bh
  dw 01516h
  dw 0016Ah
  dw 01617h
  dw 00169h
  dw 01880h
  dw 01881h
  dw 00B0Ch
  dw 00B74h
  dw 00B0Dh
  dw 00B73h
  dw 00B0Dh
  dw 00B73h
  dw 00B0Eh
  dw 00A73h
  dw 00A0Dh
  dw 00506h
  dw 0046Dh
  dw 00A0Dh
  dw 00973h
  dw 00A0Eh
  dw 00873h
  dw 0080Dh
  dw 00673h
  dw 0080Eh
  dw 00673h
  dw 0060Eh
  dw 00673h
  dw 0030Dh
  dw 00773h
  dw 0030Dh
  dw 00773h
  dw 0030Eh
  dw 00672h
  dw 0030Fh
  dw 00570h
  dw 00410h
  dw 00570h
  dw 0040Fh
  dw 00671h
  dw 0040Fh
  dw 00671h
  dw 00410h
  dw 00570h
  dw 00410h
  dw 00570h
  dw 00411h
  dw 0046Fh
  dw 00312h
  dw 0036Dh
  dw 00414h
  dw 0016Ch
  dw 00480h
  dw 00481h
  dw 00380h
  dw 00380h
  dw 00380h
  dw 00380h
  dw 00280h
  dw 00280h
  dw 00280h
  dw 00280h
  dw 00280h
  dw 00280h
  dw 00280h
  dw 00380h
  dw 00380h
  dw 00300h

chunliPage2frame020:
  db 04Ch,053h,074h,031h
  db 07Eh
  dw base+02E05h
  dw 0017Fh
  dw 00580h
  dw 0057Fh
  dw 00780h
  dw 00780h
  dw 00880h
  dw 00880h
  dw 00880h
  dw 0087Eh
  dw 00102h
  dw 0077Eh
  dw 00980h
  dw 00880h
  dw 00809h
  dw 00178h
  dw 00607h
  dw 00379h
  dw 00A7Fh
  dw 00B80h
  dw 00304h
  dw 0077Ch
  dw 00204h
  dw 0077Bh
  dw 00C80h
  dw 00D11h
  dw 0026Fh
  dw 00D10h
  dw 00470h
  dw 00E0Fh
  dw 00571h
  dw 01480h
  dw 01480h
  dw 00A0Ch
  dw 00874h
  dw 01484h
  dw 01012h
  dw 0016Eh
  dw 01081h
  dw 01080h
  dw 01080h
  dw 00F81h
  dw 00E0Fh
  dw 00172h
  dw 0090Ah
  dw 00476h
  dw 0080Ah
  dw 00476h
  dw 0080Ah
  dw 00375h
  dw 0080Bh
  dw 00375h
  dw 0090Ah
  dw 00475h
  dw 00A0Bh
  dw 00575h
  dw 00B0Ch
  dw 00374h
  dw 00B0Ch
  dw 00373h
  dw 00E80h
  dw 00C80h
  dw 00C7Fh
  dw 00D81h
  dw 00C80h
  dw 00C80h
  dw 00C1Ch
  dw 00165h
  dw 00B1Ch
  dw 00164h
  dw 00B18h
  dw 00103h
  dw 00102h
  dw 00163h
  dw 00B19h
  dw 00103h
  dw 00364h
  dw 00B17h
  dw 00103h
  dw 00667h
  dw 00917h
  dw 00103h
  dw 00566h
  dw 00918h
  dw 00103h
  dw 00566h
  dw 00718h
  dw 00769h
  dw 00618h
  dw 00668h
  dw 00319h
  dw 00567h
  dw 0031Ah
  dw 00466h
  dw 0031Bh
  dw 00365h
  dw 0031Ch
  dw 00164h
  dw 00380h
  dw 00380h
  dw 00380h
  dw 00316h
  dw 0016Ah
  dw 00317h
  dw 00369h
  dw 00317h
  dw 00469h
  dw 00314h
  dw 00103h
  dw 00568h
  dw 00416h
  dw 00103h
  dw 00467h
  dw 00417h
  dw 00769h
  dw 00418h
  dw 00669h
  dw 00318h
  dw 00568h
  dw 00317h
  dw 00669h
  dw 00318h
  dw 00468h
  dw 00318h
  dw 00468h
  dw 00219h
  dw 00267h
  dw 00280h
  dw 00280h
  dw 00280h
  dw 00280h
  dw 00280h
  dw 00280h
  dw 00380h
  dw 00380h
  dw 00300h

chunliPage2frame021:
  db 03Eh,057h,074h,02Dh
  db 0A4h
  dw base+03141h
  dw 0027Eh
  dw 00104h
  dw 0027Bh
  dw 00304h
  dw 0047Ch
  dw 00970h
  dw 00111h
  dw 0086Eh
  dw 00511h
  dw 00305h
  dw 0046Ah
  dw 00511h
  dw 00A6Eh
  dw 00711h
  dw 00B6Fh
  dw 00710h
  dw 00C70h
  dw 00810h
  dw 00C70h
  dw 0080Fh
  dw 00D71h
  dw 00810h
  dw 00B70h
  dw 0080Fh
  dw 00C6Fh
  dw 00102h
  dw 0070Fh
  dw 00C6Fh
  dw 00910h
  dw 0090Ah
  dw 00266h
  dw 00810h
  dw 0090Bh
  dw 00165h
  dw 00809h
  dw 00107h
  dw 0080Ah
  dw 00167h
  dw 00607h
  dw 00307h
  dw 0080Bh
  dw 00167h
  dw 00A0Eh
  dw 00871h
  dw 00B0Eh
  dw 00872h
  dw 00304h
  dw 0070Bh
  dw 00771h
  dw 00204h
  dw 0070Ch
  dw 00506h
  dw 00169h
  dw 00C10h
  dw 00670h
  dw 00D0Fh
  dw 00671h
  dw 00D0Eh
  dw 00672h
  dw 01480h
  dw 01380h
  dw 01380h
  dw 00A0Ch
  dw 00674h
  dw 01284h
  dw 00D0Eh
  dw 00172h
  dw 00E81h
  dw 00D80h
  dw 00C80h
  dw 00C81h
  dw 00A81h
  dw 00880h
  dw 00880h
  dw 0087Fh
  dw 00980h
  dw 0087Fh
  dw 00A80h
  dw 00A80h
  dw 00A7Fh
  dw 00B80h
  dw 00B80h
  dw 00B7Fh
  dw 00D81h
  dw 00C80h
  dw 00C80h
  dw 00C81h
  dw 00B80h
  dw 00B80h
  dw 00B80h
  dw 00B81h
  dw 00980h
  dw 00981h
  dw 00781h
  dw 00680h
  dw 00380h
  dw 00380h
  dw 00380h
  dw 00380h
  dw 00380h
  dw 00380h
  dw 00380h
  dw 00380h
  dw 00380h
  dw 00380h
  dw 0037Fh
  dw 00480h
  dw 00480h
  dw 00481h
  dw 00380h
  dw 00380h
  dw 00380h
  dw 00380h
  dw 00280h
  dw 00280h
  dw 00280h
  dw 00280h
  dw 00280h
  dw 00280h
  dw 00280h
  dw 00380h
  dw 00380h
  dw 00300h

chunliPage2frame022:
  db 046h,059h,074h,02Bh
  db 0B0h
  dw base+034A5h
  dw 0027Fh
  dw 00380h
  dw 00480h
  dw 0047Fh
  dw 0057Fh
  dw 0066Ah
  dw 00116h
  dw 00669h
  dw 00516h
  dw 0076Ah
  dw 00516h
  dw 00769h
  dw 00718h
  dw 00568h
  dw 00717h
  dw 00669h
  dw 00818h
  dw 00203h
  dw 00165h
  dw 00816h
  dw 0016Ah
  dw 00880h
  dw 0087Eh
  dw 00102h
  dw 0077Eh
  dw 00980h
  dw 00880h
  dw 00809h
  dw 00116h
  dw 00262h
  dw 00607h
  dw 00317h
  dw 00262h
  dw 00A1Dh
  dw 00462h
  dw 00B1Dh
  dw 00563h
  dw 00304h
  dw 00718h
  dw 00664h
  dw 00204h
  dw 00718h
  dw 00663h
  dw 00C1Ch
  dw 00764h
  dw 00D1Bh
  dw 00102h
  dw 00563h
  dw 00D1Dh
  dw 00102h
  dw 00361h
  dw 00D1Ch
  dw 00103h
  dw 00161h
  dw 00E1Bh
  dw 00165h
  dw 00E80h
  dw 00A0Ch
  dw 00310h
  dw 00164h
  dw 00F1Bh
  dw 00169h
  dw 00B16h
  dw 0016Ah
  dw 00B81h
  dw 00B80h
  dw 00C80h
  dw 00C81h
  dw 00C81h
  dw 00B80h
  dw 00C80h
  dw 00C7Fh
  dw 00D80h
  dw 00D7Fh
  dw 00F80h
  dw 00F80h
  dw 00F7Fh
  dw 01080h
  dw 01080h
  dw 0107Fh
  dw 01181h
  dw 01080h
  dw 01080h
  dw 01081h
  dw 00E80h
  dw 00B0Dh
  dw 00273h
  dw 00B0Ch
  dw 00474h
  dw 00D81h
  dw 00B80h
  dw 00A81h
  dw 00881h
  dw 00680h
  dw 00380h
  dw 00380h
  dw 00380h
  dw 00380h
  dw 00380h
  dw 00380h
  dw 00380h
  dw 00380h
  dw 00380h
  dw 00380h
  dw 0037Fh
  dw 00480h
  dw 00480h
  dw 00481h
  dw 00380h
  dw 00380h
  dw 00380h
  dw 00380h
  dw 00280h
  dw 00280h
  dw 00280h
  dw 00280h
  dw 00280h
  dw 00280h
  dw 00280h
  dw 00380h
  dw 00380h
  dw 00300h


