  dw chunliPage2frame000
  dw chunliPage2frame001
  dw chunliPage2frame002
  dw chunliPage2frame003
  dw chunliPage2frame004
  dw chunliPage2frame005
  dw chunliPage2frame006
  dw chunliPage2frame007
  dw chunliPage2frame008
  dw chunliPage2frame009
  dw chunliPage2frame010
  dw chunliPage2frame011
  dw chunliPage2frame012
  dw chunliPage2frame013
  dw chunliPage2frame014
  dw chunliPage2frame015
  dw chunliPage2frame016
  dw chunliPage2frame017
  dw chunliPage2frame018
  dw chunliPage2frame019
  dw chunliPage2frame020
  dw chunliPage2frame021
  dw chunliPage2frame022
  dw chunliPage2frame023
  dw chunliPage2frame024
  dw chunliPage2frame025
  dw chunliPage2frame026
  dw chunliPage2frame027
  dw chunliPage2frame028
  dw chunliPage2frame029
  dw chunliPage2frame030

chunliPage2frame000:
  db 02Ah,042h,062h,042h
  db 07Ah
  db 060h,02Ah,01Ah,061h,02Ah
  db 000h,000h
  db 000h,000h
  dw 0027Fh,base+000D2h
  dw 00480h,base+0327Fh
  dw 0057Ch,base+02FCDh
  dw 0097Fh,base+021DBh
  dw 00A80h,base+01EF7h
  dw 00A7Fh,base+01F01h
  dw 00B80h,base+01AABh
  dw 00C7Fh,base+016C7h
  dw 00C80h,base+016D3h
  dw 00B80h,base+01AB6h
  dw 00A7Fh,base+01F0Bh
  dw 00B80h,base+01AC1h
  dw 00C7Fh,base+016DFh
  dw 00D0Eh,base+01346h
  dw 00172h,base+00052h
  dw 00C0Eh,base+016EBh
  dw 00371h,base+03597h
  dw 00D0Fh,base+01353h
  dw 00471h,base+03283h
  dw 00D0Fh,base+01360h
  dw 00471h,base+03287h
  dw 00D0Fh,base+0136Dh
  dw 00471h,base+0328Bh
  dw 00E0Fh,base+0106Eh
  dw 00470h,base+0328Fh
  dw 0090Ah,base+021E4h
  dw 00102h,base+00017h
  dw 00304h,base+0122Bh
  dw 00470h,base+03293h
  dw 0090Ch,base+021EDh
  dw 00774h,base+029B6h
  dw 0090Dh,base+021F6h
  dw 00673h,base+02D4Bh
  dw 00A0Dh,base+01F15h
  dw 00673h,base+02D51h
  dw 00A0Dh,base+01F1Fh
  dw 00405h,base+004D8h
  dw 0016Eh,base+00001h
  dw 00B0Dh,base+01ACCh
  dw 00373h,base+0359Ah
  dw 00B0Eh,base+01AD7h
  dw 00272h,base+00143h
  dw 00C0Eh,base+016F7h
  dw 00172h,base+00012h
  dw 00C0Eh,base+01703h
  dw 00172h,base+00017h
  dw 00D80h,base+0137Ah
  dw 00D80h,base+01387h
  dw 00D81h,base+01394h
  dw 00D80h,base+013A1h
  dw 00D80h,base+013AEh
  dw 00D80h,base+013BBh
  dw 00D80h,base+013C8h
  dw 00E81h,base+0107Ch
  dw 00D80h,base+013D5h
  dw 00D80h,base+013E2h
  dw 0090Ah,base+021FFh
  dw 00377h,base+0208Ch
  dw 00809h,base+02676h
  dw 00377h,base+0005Eh
  dw 00809h,base+0267Eh
  dw 00478h,base+03297h
  dw 00608h,base+02D57h
  dw 00479h,base+0329Bh
  dw 00507h,base+02FD2h
  dw 0047Ah,base+0329Fh
  dw 00406h,base+032A3h
  dw 0047Ah,base+032A7h
  dw 00406h,base+032ABh
  dw 0047Ah,base+032AFh
  dw 00407h,base+032B3h
  dw 0037Ah,base+0093Dh
  dw 00306h,base+0359Dh
  dw 0037Ah,base+020AFh
  dw 00306h,base+0359Dh
  dw 0047Ah,base+032B7h
  dw 00306h,base+01C08h
  dw 0047Ah,base+032BBh
  dw 00206h,base+00167h
  dw 00479h,base+032BFh
  dw 00408h,base+032C3h
  dw 00379h,base+0034Dh
  dw 00307h,base+035A0h
  dw 00379h,base+035A3h
  dw 00207h,base+0001Fh
  dw 00379h,base+035A6h
  dw 00207h,base+015CEh
  dw 00379h,base+018EFh
  dw 00208h,base+00070h
  dw 00278h,base+033A1h
  dw 00208h,base+00070h
  dw 00278h,base+002C0h
  dw 00208h,base+0018Fh
  dw 00278h,base+00132h
  dw 00208h,base+0018Fh
  dw 00377h,base+018EFh
  dw 00309h,base+035A9h
  dw 00377h,base+035ACh
  dw 00309h,base+035AFh
  dw 00477h,base+032C7h
  dw 00309h,base+01FACh
  dw 00577h,base+02FD7h
  dw 00309h,base+035B2h
  dw 00578h,base+02FDCh
  dw 0030Bh,base+00432h
  dw 00375h,base+035B5h
  dw 0030Bh,base+01171h
  dw 00375h,base+00078h
  dw 00481h,base+032CBh
  dw 00300h,base+002FEh

chunliPage2frame001:
  db 034h,034h,064h,050h
  db 07Ch
  db 063h,022h,015h,06Bh,02Ch
  db 000h,000h
  db 000h,000h
  dw 00278h,base+03777h
  dw 00208h,base+0003Ch
  dw 00276h,base+001BDh
  dw 00409h,base+032CFh
  dw 00477h,base+032D3h
  dw 00406h,base+032D7h
  dw 00879h,base+02686h
  dw 00507h,base+02FE1h
  dw 00879h,base+0268Eh
  dw 0107Fh,base+00B81h
  dw 01180h,base+00961h
  dw 01081h,base+00B91h
  dw 00F7Fh,base+00D71h
  dw 00C80h,base+0170Fh
  dw 00D80h,base+013EFh
  dw 00D80h,base+013FCh
  dw 00D81h,base+01409h
  dw 00C80h,base+0171Bh
  dw 00C81h,base+01727h
  dw 00B81h,base+01AE2h
  dw 00A81h,base+01F29h
  dw 00980h,base+02208h
  dw 00980h,base+02211h
  dw 00A80h,base+01F33h
  dw 00A81h,base+01F3Dh
  dw 00980h,base+0221Ah
  dw 0090Fh,base+02223h
  dw 00272h,base+00098h
  dw 0080Dh,base+02696h
  dw 00375h,base+005D8h
  dw 0060Ah,base+02D5Dh
  dw 00577h,base+009E0h
  dw 00508h,base+02FE6h
  dw 00678h,base+02D63h
  dw 00407h,base+02E1Ch
  dw 00778h,base+029BDh
  dw 00607h,base+02D69h
  dw 00879h,base+0269Eh
  dw 00F7Fh,base+00D80h
  dw 01080h,base+00BA1h
  dw 01080h,base+00BB1h
  dw 01080h,base+00BC1h
  dw 01080h,base+00BD1h
  dw 0107Fh,base+00BE1h
  dw 01180h,base+00972h
  dw 00C0Eh,base+01733h
  dw 00372h,base+00DF2h
  dw 00C0Eh,base+0173Fh
  dw 00372h,base+00375h
  dw 00B0Eh,base+01AEDh
  dw 00372h,base+015FBh
  dw 00B0Eh,base+01AF8h
  dw 00372h,base+031B8h
  dw 00A0Eh,base+01F47h
  dw 00372h,base+035B8h
  dw 00A0Eh,base+01F51h
  dw 00372h,base+035BBh
  dw 00B0Eh,base+01B03h
  dw 00371h,base+035BEh
  dw 00C0Fh,base+0174Bh
  dw 00371h,base+035BEh
  dw 00D10h,base+01416h
  dw 00270h,base+01592h
  dw 00E10h,base+0108Ah
  dw 00270h,base+005DDh
  dw 00E10h,base+01098h
  dw 00271h,base+00414h
  dw 00C0Eh,base+01757h
  dw 00372h,base+035C1h
  dw 0090Eh,base+0222Ch
  dw 00472h,base+032DBh
  dw 0090Eh,base+02235h
  dw 00572h,base+02FEBh
  dw 00304h,base+00B41h
  dw 0040Ah,base+00078h
  dw 00672h,base+02D6Fh
  dw 0030Fh,base+033BBh
  dw 00571h,base+02FF0h
  dw 00311h,base+0093Dh
  dw 00300h,base+0007Bh

chunliPage2frame002:
  db 032h,034h,06Ah,03Dh
  db 07Ch
  db 069h,022h,015h,06Ah,031h
  db 000h,000h
  db 000h,000h
  dw 00203h,base+0008Fh
  dw 0017Dh,base+00003h
  dw 0047Fh,base+0308Bh
  dw 00680h,base+02D75h
  dw 00780h,base+029C4h
  dw 00780h,base+029CBh
  dw 00880h,base+026A6h
  dw 00780h,base+029D2h
  dw 00780h,base+029D9h
  dw 00780h,base+029E0h
  dw 00781h,base+029E7h
  dw 0067Ch,base+02D7Bh
  dw 00104h,base+00003h
  dw 0057Ch,base+02FF5h
  dw 00204h,base+007EBh
  dw 0047Bh,base+032DFh
  dw 00980h,base+0223Eh
  dw 00980h,base+02247h
  dw 00A80h,base+01F5Bh
  dw 00B80h,base+01B0Eh
  dw 00B80h,base+01B19h
  dw 00B80h,base+01B24h
  dw 00B81h,base+01B2Fh
  dw 00980h,base+02250h
  dw 00980h,base+02259h
  dw 0097Fh,base+02262h
  dw 00C7Eh,base+01763h
  dw 00F80h,base+00D8Fh
  dw 00F80h,base+00D9Eh
  dw 00F80h,base+00DADh
  dw 0107Fh,base+00BF1h
  dw 01112h,base+00983h
  dw 0016Dh,base+00054h
  dw 01481h,base+00474h
  dw 01580h,base+003B7h
  dw 01581h,base+003CCh
  dw 01480h,base+00488h
  dw 01480h,base+0049Ch
  dw 01480h,base+004B0h
  dw 01481h,base+004C4h
  dw 00B0Dh,base+01B3Ah
  dw 00573h,base+02FFAh
  dw 00B0Eh,base+01B45h
  dw 00473h,base+032E3h
  dw 0090Dh,base+0226Bh
  dw 00473h,base+032E7h
  dw 0090Dh,base+02274h
  dw 00306h,base+035C4h
  dw 0016Eh,base+00003h
  dw 00304h,base+035C7h
  dw 00308h,base+00799h
  dw 00774h,base+029EEh
  dw 00305h,base+035CAh
  dw 00108h,base+00001h
  dw 00773h,base+029F5h
  dw 0020Dh,base+00413h
  dw 00773h,base+029FCh
  dw 0020Dh,base+00413h
  dw 00673h,base+02D81h
  dw 0020Dh,base+00329h
  dw 00573h,base+02FFFh
  dw 0020Dh,base+00408h
  dw 00372h,base+006BAh
  dw 0030Fh,base+035CDh
  dw 00171h,base+00001h
  dw 00480h,base+01B35h
  dw 00480h,base+032EBh
  dw 00480h,base+000E4h
  dw 00381h,base+00073h
  dw 00200h,base+0002Bh

chunliPage2frame003:
  db 038h,03Eh,05Ch,046h
  db 082h
  db 071h,022h,01Ch,05Ch,032h
  db 000h,000h
  db 000h,000h
  dw 00180h,base+00009h
  dw 00280h,base+0002Ah
  dw 00280h,base+01EBBh
  dw 00280h,base+00DE9h
  dw 00280h,base+00DE9h
  dw 00280h,base+00DE9h
  dw 00207h,base+00785h
  dw 00179h,base+00001h
  dw 00207h,base+0101Bh
  dw 00179h,base+00001h
  dw 00206h,base+0101Bh
  dw 0027Ah,base+0319Eh
  dw 00206h,base+01243h
  dw 00279h,base+0039Fh
  dw 00307h,base+035D0h
  dw 00279h,base+0039Fh
  dw 00307h,base+035D3h
  dw 00279h,base+01254h
  dw 00307h,base+035D6h
  dw 00279h,base+0207Eh
  dw 00307h,base+035D9h
  dw 00279h,base+0207Eh
  dw 00207h,base+0001Fh
  dw 00279h,base+008E3h
  dw 00207h,base+000AEh
  dw 00379h,base+035DCh
  dw 00207h,base+00070h
  dw 00379h,base+03123h
  dw 00207h,base+00408h
  dw 00378h,base+03123h
  dw 00307h,base+035DFh
  dw 00379h,base+035E2h
  dw 00307h,base+01AB8h
  dw 00379h,base+035E5h
  dw 00306h,base+035E8h
  dw 0037Ah,base+035EBh
  dw 00306h,base+02958h
  dw 00379h,base+035EEh
  dw 00307h,base+035F1h
  dw 00379h,base+035F4h
  dw 00306h,base+00200h
  dw 0047Ah,base+032EFh
  dw 00306h,base+00200h
  dw 0047Ah,base+032F3h
  dw 00305h,base+0013Dh
  dw 0047Ah,base+032F7h
  dw 00406h,base+032FBh
  dw 0047Ah,base+032FFh
  dw 00406h,base+0033Ah
  dw 00475h,base+0082Ah
  dw 00205h,base+0002Bh
  dw 00405h,base+00074h
  dw 00575h,base+03004h
  dw 00306h,base+0002Bh
  dw 00A78h,base+01F65h
  dw 00508h,base+03009h
  dw 00978h,base+0227Dh
  dw 00508h,base+0300Eh
  dw 00978h,base+02286h
  dw 00507h,base+03013h
  dw 00A79h,base+01F6Fh
  dw 00507h,base+03018h
  dw 00A79h,base+01F79h
  dw 00607h,base+02D87h
  dw 0097Ah,base+0228Fh
  dw 00506h,base+0301Dh
  dw 0097Ah,base+02298h
  dw 00E7Fh,base+010A6h
  dw 00F7Fh,base+00DBCh
  dw 01080h,base+00C01h
  dw 0107Fh,base+00C11h
  dw 01180h,base+00994h
  dw 01280h,base+0080Bh
  dw 01281h,base+0081Dh
  dw 0117Fh,base+009A5h
  dw 01280h,base+0082Fh
  dw 0127Fh,base+00841h
  dw 01480h,base+004D8h
  dw 00304h,base+00200h
  dw 0107Bh,base+00C21h
  dw 00405h,base+03303h
  dw 0107Ah,base+00C31h
  dw 00507h,base+03022h
  dw 00F78h,base+00DCBh
  dw 00508h,base+002CCh
  dw 00F77h,base+00DDAh
  dw 00609h,base+02D8Dh
  dw 01078h,base+00C41h
  dw 00509h,base+03027h
  dw 00C0Dh,base+0176Fh
  dw 0026Ah,base+0049Dh
  dw 00509h,base+0302Ch
  dw 00B0Eh,base+01B50h
  dw 00169h,base+0017Ch
  dw 00509h,base+03031h
  dw 00B77h,base+01B5Bh
  dw 00509h,base+03036h
  dw 00A0Bh,base+01F83h
  dw 0026Ch,base+03779h
  dw 00509h,base+0303Bh
  dw 00A0Bh,base+01F8Dh
  dw 0026Ch,base+012B1h
  dw 0040Ah,base+000FBh
  dw 00C76h,base+0177Bh
  dw 0040Ah,base+03307h
  dw 00B76h,base+01B66h
  dw 0040Bh,base+0330Bh
  dw 00A76h,base+01F97h
  dw 0020Ah,base+00C4Eh
  dw 00607h,base+02D93h
  dw 00270h,base+0008Fh
  dw 0010Ah,base+00016h
  dw 00400h,base+01EF3h

chunliPage2frame004:
  db 034h,03Ch,060h,049h
  db 088h
  db 072h,022h,01Eh,05Fh,02Ch
  db 000h,000h
  db 000h,000h
  dw 00180h,base+000CDh
  dw 0017Fh,base+003AAh
  dw 00280h,base+01BEAh
  dw 00306h,base+035F7h
  dw 0017Ah,base+000CDh
  dw 00306h,base+035F7h
  dw 0017Ah,base+00016h
  dw 00305h,base+035FAh
  dw 0027Bh,base+0377Bh
  dw 00305h,base+035FAh
  dw 0027Bh,base+0377Dh
  dw 00305h,base+035FDh
  dw 0027Bh,base+0051Bh
  dw 00305h,base+035FDh
  dw 0027Bh,base+00783h
  dw 00304h,base+03600h
  dw 0037Ch,base+03603h
  dw 00304h,base+03606h
  dw 0037Ch,base+03609h
  dw 00304h,base+0360Ch
  dw 0037Ch,base+0360Fh
  dw 0077Fh,base+02A03h
  dw 00780h,base+02A0Ah
  dw 0077Fh,base+02A11h
  dw 00506h,base+03040h
  dw 00279h,base+010B6h
  dw 00406h,base+0330Fh
  dw 0037Ah,base+03612h
  dw 00406h,base+03313h
  dw 0037Ah,base+00306h
  dw 00305h,base+03615h
  dw 0047Ah,base+03317h
  dw 00406h,base+0331Bh
  dw 0037Ah,base+0194Fh
  dw 00406h,base+0331Fh
  dw 00379h,base+03618h
  dw 00406h,base+0174Fh
  dw 0047Ah,base+03323h
  dw 00406h,base+03327h
  dw 00479h,base+0332Bh
  dw 00506h,base+03045h
  dw 0047Ah,base+0332Fh
  dw 00506h,base+0304Ah
  dw 00479h,base+03333h
  dw 00607h,base+02D99h
  dw 00479h,base+00885h
  dw 00506h,base+0304Fh
  dw 0057Ah,base+01F6Ah
  dw 00506h,base+03054h
  dw 00479h,base+00611h
  dw 00506h,base+03059h
  dw 0057Ah,base+0305Eh
  dw 00506h,base+03063h
  dw 0057Ah,base+03068h
  dw 00406h,base+03337h
  dw 0047Ah,base+0064Fh
  dw 00405h,base+0333Bh
  dw 0057Bh,base+0306Dh
  dw 00405h,base+0333Fh
  dw 0047Bh,base+03343h
  dw 00405h,base+03347h
  dw 0047Bh,base+0093Dh
  dw 00980h,base+022A1h
  dw 00980h,base+022AAh
  dw 00980h,base+022B3h
  dw 0097Fh,base+022BCh
  dw 00A80h,base+01FA1h
  dw 00980h,base+022C5h
  dw 00980h,base+022CEh
  dw 0090Bh,base+022D7h
  dw 00174h,base+00036h
  dw 00D79h,base+01423h
  dw 00105h,base+00001h
  dw 00F7Bh,base+00DE9h
  dw 00104h,base+00001h
  dw 00F7Bh,base+00DF8h
  dw 00304h,base+00799h
  dw 0107Ch,base+00C51h
  dw 00203h,base+00649h
  dw 0117Dh,base+009B6h
  dw 0137Fh,base+0067Ch
  dw 01480h,base+004ECh
  dw 01480h,base+00500h
  dw 01380h,base+0068Fh
  dw 01380h,base+006A2h
  dw 01280h,base+00853h
  dw 01280h,base+00865h
  dw 01182h,base+009C7h
  dw 00F80h,base+00E07h
  dw 00E80h,base+010B4h
  dw 00D81h,base+01430h
  dw 00809h,base+026AEh
  dw 00179h,base+00003h
  dw 00500h,base+01438h

chunliPage2frame005:
  db 04Eh,01Ch,05Ch,06Bh
  db 086h
  db 06Dh,022h,005h,05Bh,04Fh
  db 000h,000h
  db 000h,000h
  dw 0017Eh,base+00001h
  dw 0047Fh,base+0329Fh
  dw 0057Fh,base+03072h
  dw 00776h,base+02A18h
  dw 0010Ah,base+00003h
  dw 00775h,base+02A1Fh
  dw 0030Ah,base+0361Bh
  dw 00876h,base+026B6h
  dw 00309h,base+0361Eh
  dw 00972h,base+022E0h
  dw 00204h,base+0002Bh
  dw 00509h,base+03077h
  dw 00B73h,base+01B71h
  dw 00203h,base+0002Bh
  dw 00709h,base+02A26h
  dw 00C73h,base+01787h
  dw 01980h,base+00325h
  dw 01A80h,base+00221h
  dw 01A80h,base+0023Bh
  dw 01D80h,base+001B3h
  dw 01E80h,base+00195h
  dw 01F26h,base+00176h
  dw 0015Ah,base+00003h
  dw 02125h,base+000B2h
  dw 0025Bh,base+01035h
  dw 02223h,base+0004Ch
  dw 0045Eh,base+0334Bh
  dw 02680h,base+00000h
  dw 02680h,base+00026h
  dw 00304h,base+0002Bh
  dw 0217Dh,base+000D3h
  dw 00103h,base+00001h
  dw 00607h,base+02D9Fh
  dw 01978h,base+0033Eh
  dw 00709h,base+02A2Dh
  dw 00B0Dh,base+01B7Ch
  dw 00A6Bh,base+01FABh
  dw 00508h,base+0307Ch
  dw 00A0Dh,base+01FB5h
  dw 00506h,base+03081h
  dw 00466h,base+0334Fh
  dw 00308h,base+03621h
  dw 0090Eh,base+022E9h
  dw 00406h,base+03353h
  dw 00164h,base+00001h
  dw 0040Ah,base+03357h
  dw 0070Ch,base+02A34h
  dw 00469h,base+00078h
  dw 00581h,base+03086h
  dw 00380h,base+03624h
  dw 00300h,base+03627h

chunliPage2frame006:
  db 03Ch,02Fh,064h,059h
  db 074h
  db 060h,022h,012h,064h,03Bh
  db 000h,000h
  db 000h,000h
  dw 00203h,base+0008Fh
  dw 0017Dh,base+00003h
  dw 0057Fh,base+0308Bh
  dw 00680h,base+02D75h
  dw 00680h,base+029C4h
  dw 00780h,base+029CBh
  dw 00780h,base+026A6h
  dw 00780h,base+029D2h
  dw 00780h,base+029D9h
  dw 00780h,base+02A3Bh
  dw 00781h,base+029E7h
  dw 00580h,base+03090h
  dw 00480h,base+02FF5h
  dw 0057Eh,base+03095h
  dw 0077Fh,base+02A42h
  dw 00880h,base+026BEh
  dw 0087Fh,base+026C6h
  dw 00980h,base+022F2h
  dw 00980h,base+022FBh
  dw 00A80h,base+01FBFh
  dw 00A10h,base+01FC9h
  dw 00270h,base+0002Bh
  dw 00B0Fh,base+01B87h
  dw 00471h,base+014F9h
  dw 00C0Eh,base+01793h
  dw 00572h,base+0309Ah
  dw 00C0Dh,base+0179Fh
  dw 00673h,base+02DA5h
  dw 01480h,base+00514h
  dw 00809h,base+026CEh
  dw 00B77h,base+01B92h
  dw 0080Ah,base+026D6h
  dw 00A76h,base+01FD3h
  dw 0090Bh,base+02304h
  dw 00975h,base+0230Dh
  dw 0090Ah,base+02316h
  dw 00A76h,base+01FDDh
  dw 00203h,base+00201h
  dw 0117Dh,base+009D8h
  dw 00203h,base+01349h
  dw 0127Ch,base+00877h
  dw 00304h,base+0362Ah
  dw 0127Ch,base+00889h
  dw 00204h,base+000FBh
  dw 00D0Eh,base+0143Dh
  dw 0046Eh,base+0335Bh
  dw 00204h,base+000FBh
  dw 00D0Fh,base+0144Ah
  dw 0036Dh,base+0362Dh
  dw 00204h,base+00094h
  dw 00C0Fh,base+017ABh
  dw 0036Dh,base+03630h
  dw 00203h,base+0377Fh
  dw 00D11h,base+01457h
  dw 0036Ah,base+03633h
  dw 00405h,base+0335Fh
  dw 00D11h,base+01464h
  dw 0036Ah,base+03636h
  dw 00305h,base+009E9h
  dw 00C12h,base+017B7h
  dw 00269h,base+00413h
  dw 00305h,base+0002Bh
  dw 00C12h,base+017C3h
  dw 00369h,base+03639h
  dw 00405h,base+002CCh
  dw 00D12h,base+01471h
  dw 00368h,base+0044Ah
  dw 01418h,base+00528h
  dw 00468h,base+03363h
  dw 01418h,base+0053Ch
  dw 00568h,base+0309Fh
  dw 01418h,base+00550h
  dw 00669h,base+02DABh
  dw 00305h,base+00686h
  dw 00E12h,base+010C2h
  dw 00669h,base+02DB1h
  dw 00306h,base+0363Ch
  dw 00D12h,base+0147Eh
  dw 00102h,base+00017h
  dw 00365h,base+00078h
  dw 0050Ah,base+030A4h
  dw 00577h,base+0103Ch
  dw 00480h,base+03367h
  dw 00200h,base+00C4Eh

chunliPage2frame007:
  db 036h,04Bh,062h,039h
  db 06Eh
  db 05Fh,022h,018h,060h,029h
  db 000h,000h
  db 000h,000h
  dw 00180h,base+00054h
  dw 00180h,base+00054h
  dw 0027Eh,base+0002Bh
  dw 0047Fh,base+0336Bh
  dw 00780h,base+02A49h
  dw 00880h,base+026DEh
  dw 00880h,base+026E6h
  dw 00981h,base+0231Fh
  dw 00880h,base+026EEh
  dw 00881h,base+026F6h
  dw 00780h,base+02A50h
  dw 0087Dh,base+026FEh
  dw 00304h,base+0363Fh
  dw 0077Ch,base+02A57h
  dw 00204h,base+00059h
  dw 0077Ch,base+02A5Eh
  dw 00204h,base+02A8Ch
  dw 0077Ch,base+02A65h
  dw 00304h,base+03642h
  dw 00405h,base+0336Fh
  dw 00275h,base+000FEh
  dw 00102h,base+00001h
  dw 00304h,base+03645h
  dw 00304h,base+02CFBh
  dw 00376h,base+00557h
  dw 00406h,base+03373h
  dw 0077Ah,base+02A6Ch
  dw 00406h,base+03377h
  dw 0077Bh,base+02A73h
  dw 00C80h,base+017CFh
  dw 00C81h,base+017DBh
  dw 00B80h,base+01B9Dh
  dw 00102h,base+00048h
  dw 0087Eh,base+02131h
  dw 00A7Fh,base+01943h
  dw 00B80h,base+01212h
  dw 00B80h,base+01220h
  dw 00B80h,base+01BA8h
  dw 00B80h,base+00F8Dh
  dw 00B80h,base+01BB3h
  dw 00305h,base+018FDh
  dw 0067Ch,base+02DB7h
  dw 00104h,base+00017h
  dw 00681h,base+02DBDh
  dw 00580h,base+030A9h
  dw 00681h,base+02DC3h
  dw 00580h,base+030AEh
  dw 00580h,base+030B3h
  dw 0057Fh,base+030B8h
  dw 0067Fh,base+02DC9h
  dw 00880h,base+02706h
  dw 0097Fh,base+02328h
  dw 00A80h,base+01FE7h
  dw 00B80h,base+01BBEh
  dw 00C80h,base+017E7h
  dw 00D80h,base+0148Bh
  dw 00D80h,base+01498h
  dw 00E80h,base+010D0h
  dw 00F80h,base+00E16h
  dw 00F80h,base+00E25h
  dw 01080h,base+00C61h
  dw 01080h,base+00C71h
  dw 01080h,base+00C81h
  dw 0090Ah,base+02331h
  dw 00676h,base+02DCFh
  dw 0090Ch,base+0233Ah
  dw 00474h,base+0337Bh
  dw 0090Dh,base+02343h
  dw 00473h,base+0329Bh
  dw 0090Dh,base+0234Ch
  dw 00473h,base+00EA7h
  dw 00A0Dh,base+01FF1h
  dw 00473h,base+00EA7h
  dw 00A0Dh,base+01FFBh
  dw 00473h,base+0337Fh
  dw 00A0Dh,base+02005h
  dw 00473h,base+03383h
  dw 00A0Dh,base+0200Fh
  dw 00473h,base+03387h
  dw 00A0Eh,base+02019h
  dw 00373h,base+0122Bh
  dw 0080Dh,base+0270Eh
  dw 00374h,base+020AFh
  dw 0070Ch,base+02A7Ah
  dw 00475h,base+0338Bh
  dw 0050Bh,base+00012h
  dw 00474h,base+0338Fh
  dw 0050Ch,base+030BDh
  dw 00474h,base+03393h
  dw 0050Dh,base+030C2h
  dw 00373h,base+01350h
  dw 0040Dh,base+03397h
  dw 00373h,base+03636h
  dw 0030Dh,base+03648h
  dw 00372h,base+02208h
  dw 0040Fh,base+0339Bh
  dw 00271h,base+00413h
  dw 0040Fh,base+0339Fh
  dw 00270h,base+0003Fh
  dw 00410h,base+033A3h
  dw 00370h,base+0364Bh
  dw 00310h,base+00413h
  dw 00370h,base+01801h
  dw 00210h,base+000E9h
  dw 00470h,base+033A7h
  dw 00310h,base+0034Dh
  dw 00570h,base+030C7h
  dw 00410h,base+033ABh
  dw 00570h,base+030CCh
  dw 00411h,base+033AFh
  dw 0056Fh,base+030D1h
  dw 00413h,base+00CC5h
  dw 00300h,base+00078h

chunliPage2frame008:
  db 040h,030h,070h,054h
  db 09Ch
  db 089h,028h,013h,070h,03Fh
  db 000h,000h
  db 000h,000h
  dw 00180h,base+00003h
  dw 00106h,base+00005h
  dw 00279h,base+0008Fh
  dw 00307h,base+0364Eh
  dw 00274h,base+002C0h
  dw 0080Ch,base+02716h
  dw 00274h,base+00045h
  dw 0080Bh,base+0271Eh
  dw 00373h,base+03651h
  dw 00A0Dh,base+02023h
  dw 00373h,base+000F1h
  dw 01180h,base+009E9h
  dw 01180h,base+009FAh
  dw 0117Fh,base+00A0Bh
  dw 00508h,base+030D6h
  dw 00A78h,base+0202Dh
  dw 00607h,base+02DD5h
  dw 00B79h,base+01BC9h
  dw 00507h,base+030DBh
  dw 00C7Ah,base+017F3h
  dw 00405h,base+033B3h
  dw 00D7Bh,base+014A5h
  dw 00305h,base+03654h
  dw 00D7Bh,base+014B2h
  dw 00405h,base+033B7h
  dw 00C7Bh,base+017FFh
  dw 0117Fh,base+00A1Ch
  dw 00E0Fh,base+010DEh
  dw 00270h,base+01364h
  dw 00F11h,base+00E34h
  dw 0016Eh,base+00001h
  dw 01080h,base+00C91h
  dw 0117Fh,base+00A2Dh
  dw 01280h,base+0089Bh
  dw 0157Fh,base+003E1h
  dw 00D0Fh,base+014BFh
  dw 00771h,base+02A81h
  dw 00D10h,base+014CCh
  dw 0056Fh,base+030E0h
  dw 00F12h,base+00E43h
  dw 0056Eh,base+030E5h
  dw 01012h,base+00CA1h
  dw 0066Fh,base+02DDBh
  dw 00F11h,base+00E52h
  dw 0056Fh,base+030EAh
  dw 01011h,base+00CB1h
  dw 0056Eh,base+030EFh
  dw 00304h,base+02116h
  dw 00D0Fh,base+014D9h
  dw 0046Dh,base+02A84h
  dw 00204h,base+0000Dh
  dw 00E0Fh,base+010ECh
  dw 00471h,base+003F2h
  dw 00E0Fh,base+010FAh
  dw 00170h,base+00001h
  dw 01080h,base+00CC1h
  dw 00607h,base+02DE1h
  dw 0096Fh,base+02355h
  dw 0010Ah,base+00003h
  dw 00509h,base+030F4h
  dw 0076Dh,base+02A88h
  dw 0020Ah,base+0036Eh
  dw 00509h,base+01F6Ah
  dw 0076Ch,base+02A8Fh
  dw 00306h,base+03657h
  dw 00105h,base+00003h
  dw 00508h,base+01F6Ah
  dw 0086Dh,base+02726h
  dw 00A0Bh,base+02037h
  dw 00508h,base+030F9h
  dw 0076Dh,base+02A96h
  dw 00F12h,base+00E61h
  dw 0086Eh,base+0272Eh
  dw 00F10h,base+00E70h
  dw 00971h,base+0235Eh
  dw 00E0Fh,base+01108h
  dw 00871h,base+02736h
  dw 01480h,base+00564h
  dw 00204h,base+0017Eh
  dw 0090Ah,base+02367h
  dw 00471h,base+033BBh
  dw 00206h,base+0151Ah
  dw 00809h,base+0273Eh
  dw 00471h,base+033BFh
  dw 00206h,base+02A28h
  dw 0080Ah,base+02746h
  dw 00370h,base+0365Ah
  dw 00308h,base+0365Dh
  dw 00508h,base+030FEh
  dw 00470h,base+033C3h
  dw 00309h,base+03660h
  dw 00408h,base+00787h
  dw 00470h,base+033C7h
  dw 00209h,base+008A9h
  dw 00208h,base+0002Bh
  dw 0036Fh,base+01C8Ch
  dw 00212h,base+0003Ch
  dw 00200h,base+0003Ch

chunliPage2frame009:
  db 01Eh,059h,074h,02Bh
  db 080h
  db 06Ch,022h,026h,06Fh,027h
  db 000h,000h
  db 000h,000h
  dw 0037Eh,base+0002Bh
  dw 00780h,base+02A9Dh
  dw 00780h,base+02AA4h
  dw 00780h,base+02AABh
  dw 00780h,base+02AB2h
  dw 00780h,base+02AB9h
  dw 00781h,base+02AC0h
  dw 00580h,base+03103h
  dw 00580h,base+03108h
  dw 00581h,base+0310Dh
  dw 00380h,base+03663h
  dw 0037Dh,base+03666h
  dw 00102h,base+00003h
  dw 00506h,base+03112h
  dw 00178h,base+00003h
  dw 00980h,base+02370h
  dw 0097Fh,base+02379h
  dw 00B80h,base+01BD4h
  dw 00B80h,base+01BDFh
  dw 00B80h,base+01BEAh
  dw 00B81h,base+01BF5h
  dw 00980h,base+02382h
  dw 00980h,base+0238Bh
  dw 00981h,base+02394h
  dw 00780h,base+02AC7h
  dw 00780h,base+02ACEh
  dw 00780h,base+02AD5h
  dw 00780h,base+02ADCh
  dw 00780h,base+02AE3h
  dw 00781h,base+02AEAh
  dw 00580h,base+03117h
  dw 00580h,base+0311Ch
  dw 00580h,base+03121h
  dw 0057Fh,base+03126h
  dw 00780h,base+02AF1h
  dw 00780h,base+02AF8h
  dw 00780h,base+02AFFh
  dw 0077Fh,base+02B06h
  dw 00980h,base+0239Dh
  dw 00980h,base+023A6h
  dw 00980h,base+023AFh
  dw 0097Fh,base+023B8h
  dw 00B80h,base+01C00h
  dw 00B80h,base+01C0Bh
  dw 00B80h,base+01C16h
  dw 00B80h,base+01C21h
  dw 00B80h,base+01C2Ch
  dw 00B80h,base+01C37h
  dw 00B80h,base+01C42h
  dw 00B80h,base+01C4Dh
  dw 00B80h,base+01C58h
  dw 00B80h,base+01C63h
  dw 00B80h,base+01C6Eh
  dw 00B81h,base+01C79h
  dw 00980h,base+023C1h
  dw 00980h,base+023CAh
  dw 00980h,base+023D3h
  dw 00980h,base+023DCh
  dw 00405h,base+033CBh
  dw 0047Bh,base+033CFh
  dw 00405h,base+033D3h
  dw 0047Bh,base+033D7h
  dw 00405h,base+025DFh
  dw 0047Bh,base+033DBh
  dw 00305h,base+00980h
  dw 0047Bh,base+033DFh
  dw 00306h,base+03669h
  dw 0037Ah,base+0366Ch
  dw 00306h,base+00B18h
  dw 00379h,base+0000Bh
  dw 00407h,base+00EA7h
  dw 00479h,base+00EA7h
  dw 00407h,base+0093Dh
  dw 00479h,base+0329Fh
  dw 00407h,base+033E3h
  dw 00479h,base+033E7h
  dw 00407h,base+033E3h
  dw 00479h,base+033E7h
  dw 00407h,base+033EBh
  dw 00479h,base+033EFh
  dw 00407h,base+00EA7h
  dw 00479h,base+00EA7h
  dw 00407h,base+00EA7h
  dw 00479h,base+00EA7h
  dw 00308h,base+00145h
  dw 00378h,base+0000Dh
  dw 00308h,base+0093Dh
  dw 00378h,base+00DF2h
  dw 00308h,base+020AFh
  dw 00378h,base+00980h
  dw 00308h,base+0366Fh
  dw 00378h,base+03672h
  dw 00308h,base+000E8h
  dw 00378h,base+01FACh
  dw 00308h,base+00654h
  dw 00378h,base+00654h
  dw 00308h,base+01F3Ah
  dw 00378h,base+01DD5h
  dw 00209h,base+0001Fh
  dw 00277h,base+00408h
  dw 00308h,base+03675h
  dw 00378h,base+02208h
  dw 00308h,base+03678h
  dw 00378h,base+0367Bh
  dw 00209h,base+00408h
  dw 00276h,base+0001Fh
  dw 00409h,base+033F3h
  dw 00477h,base+033F7h
  dw 00409h,base+033FBh
  dw 00477h,base+033FFh
  dw 0030Ah,base+019A9h
  dw 00376h,base+0367Eh
  dw 0030Ah,base+01CF6h
  dw 00375h,base+03681h
  dw 0040Bh,base+03403h
  dw 00475h,base+03407h
  dw 0030Ch,base+000AEh
  dw 00374h,base+0006Fh
  dw 0030Ch,base+0043Bh
  dw 00374h,base+03684h
  dw 0030Ch,base+02E5Fh
  dw 00374h,base+02E98h
  dw 0020Dh,base+0025Ah
  dw 00200h,base+0025Ah

chunliPage2frame010:
  db 03Ah,04Ch,05Ah,02Eh
  db 066h
  db 05Ah,034h,015h,064h,02Fh
  db 000h,000h
  db 000h,000h
  dw 00102h,base+0000Bh
  dw 0017Dh,base+00017h
  dw 00580h,base+0312Bh
  dw 0057Fh,base+03130h
  dw 0077Eh,base+02B0Dh
  dw 00102h,base+00017h
  dw 0087Eh,base+0274Eh
  dw 00A0Ch,base+02041h
  dw 00173h,base+00003h
  dw 00F80h,base+00E7Fh
  dw 00F80h,base+00E8Eh
  dw 00607h,base+02DE7h
  dw 00978h,base+023E5h
  dw 00609h,base+02DEDh
  dw 00877h,base+02756h
  dw 0060Ah,base+02DF3h
  dw 00876h,base+0275Eh
  dw 0060Ah,base+02DF9h
  dw 00876h,base+02766h
  dw 0060Ah,base+02DFFh
  dw 00976h,base+023EEh
  dw 0060Bh,base+02E05h
  dw 00876h,base+0276Eh
  dw 0040Ah,base+0021Ch
  dw 0090Dh,base+023F7h
  dw 00369h,base+03687h
  dw 0030Ah,base+00015h
  dw 0090Dh,base+02400h
  dw 00469h,base+0340Bh
  dw 00309h,base+00078h
  dw 00B0Dh,base+01C84h
  dw 00572h,base+03135h
  dw 00C0Dh,base+0180Bh
  dw 00204h,base+008BAh
  dw 0026Fh,base+03781h
  dw 00F12h,base+00E9Dh
  dw 0016Dh,base+003A7h
  dw 00F13h,base+00EACh
  dw 0016Bh,base+00328h
  dw 00102h,base+00001h
  dw 00E13h,base+01116h
  dw 0016Ch,base+00002h
  dw 01013h,base+00CD1h
  dw 0016Ch,base+00285h
  dw 00708h,base+02B14h
  dw 0090Ch,base+02409h
  dw 0016Ch,base+0003Eh
  dw 00608h,base+02E0Bh
  dw 00A79h,base+0204Bh
  dw 00506h,base+0313Ah
  dw 00C7Ah,base+01817h
  dw 01280h,base+008ADh
  dw 01381h,base+006B5h
  dw 01280h,base+008BFh
  dw 01381h,base+006C8h
  dw 01281h,base+008D1h
  dw 01280h,base+008E3h
  dw 00506h,base+0313Fh
  dw 00C7Ch,base+01823h
  dw 00304h,base+0368Ah
  dw 00C7Dh,base+0182Fh
  dw 00103h,base+0000Dh
  dw 00D80h,base+014E6h
  dw 00D80h,base+014F3h
  dw 00607h,base+02E11h
  dw 00679h,base+02E17h
  dw 00509h,base+02E11h
  dw 00477h,base+0340Fh
  dw 00509h,base+02E11h
  dw 00478h,base+03413h
  dw 00408h,base+03417h
  dw 00378h,base+004A5h
  dw 00407h,base+01F75h
  dw 00479h,base+0341Bh
  dw 00407h,base+0196Fh
  dw 00479h,base+00EA7h
  dw 00307h,base+0026Eh
  dw 00379h,base+0093Dh
  dw 00307h,base+0368Dh
  dw 00379h,base+0093Dh
  dw 00307h,base+02D7Bh
  dw 00379h,base+000D4h
  dw 00307h,base+03690h
  dw 00378h,base+00375h
  dw 00407h,base+0341Fh
  dw 00379h,base+03693h
  dw 00307h,base+000C0h
  dw 00378h,base+03696h
  dw 00408h,base+03423h
  dw 00378h,base+000C9h
  dw 00408h,base+03427h
  dw 00378h,base+03699h
  dw 00408h,base+0342Bh
  dw 00378h,base+0369Ch
  dw 00408h,base+00611h
  dw 00278h,base+00B5Fh
  dw 00408h,base+000C5h
  dw 00278h,base+0025Dh
  dw 00408h,base+004E5h
  dw 00278h,base+002C0h
  dw 00307h,base+00145h
  dw 00379h,base+016E3h
  dw 00306h,base+0369Fh
  dw 0037Ah,base+036A2h
  dw 00306h,base+036A5h
  dw 0037Ah,base+036A8h
  dw 00206h,base+00BB1h
  dw 00379h,base+036ABh
  dw 00307h,base+036AEh
  dw 00379h,base+036B1h
  dw 00307h,base+036B4h
  dw 00379h,base+036B7h
  dw 00307h,base+036BAh
  dw 00279h,base+00795h
  dw 00307h,base+03699h
  dw 00279h,base+0094Ch
  dw 00207h,base+00B5Fh
  dw 00279h,base+005A6h
  dw 00207h,base+0025Dh
  dw 00278h,base+0073Ch
  dw 00308h,base+036BDh
  dw 00177h,base+00007h
  dw 00309h,base+036C0h
  dw 00177h,base+00018h
  dw 00309h,base+036C3h
  dw 00177h,base+001ACh
  dw 00380h,base+036C6h
  dw 00380h,base+036C9h
  dw 00380h,base+036C9h
  dw 00280h,base+00136h
  dw 00280h,base+001B8h
  dw 00280h,base+00240h
  dw 00280h,base+00240h
  dw 00180h,base+00007h
  dw 00180h,base+00000h
  dw 00100h,base+0003Eh

chunliPage2frame011:
  db 040h,04Bh,064h,039h
  db 06Ch
  db 066h,03Dh,020h,069h,028h
  db 000h,000h
  db 000h,000h
  dw 0017Eh,base+00017h
  dw 00102h,base+00016h
  dw 0027Dh,base+01460h
  dw 00580h,base+03144h
  dw 00681h,base+02E1Dh
  dw 00580h,base+03149h
  dw 00680h,base+02E23h
  dw 00680h,base+02E29h
  dw 00780h,base+02B1Bh
  dw 00780h,base+02B22h
  dw 00881h,base+02776h
  dw 0070Fh,base+02B29h
  dw 00471h,base+0342Fh
  dw 0080Eh,base+0277Eh
  dw 00573h,base+0314Eh
  dw 0070Dh,base+02B30h
  dw 00675h,base+02E2Fh
  dw 0050Bh,base+03153h
  dw 00676h,base+02E35h
  dw 0050Ah,base+03158h
  dw 00776h,base+02B37h
  dw 0050Ah,base+0315Dh
  dw 00775h,base+02B3Eh
  dw 0060Bh,base+02E3Bh
  dw 0070Dh,base+02B45h
  dw 00168h,base+00017h
  dw 0060Ah,base+02E41h
  dw 0070Dh,base+02B4Ch
  dw 00268h,base+003CEh
  dw 0080Ah,base+02786h
  dw 0070Eh,base+02B53h
  dw 00368h,base+036CCh
  dw 0080Ah,base+0278Eh
  dw 0070Eh,base+02B5Ah
  dw 00368h,base+036CCh
  dw 00809h,base+02796h
  dw 0080Fh,base+0279Eh
  dw 00368h,base+036CCh
  dw 01112h,base+00A3Eh
  dw 00304h,base+005D8h
  dw 00102h,base+00001h
  dw 00268h,base+00364h
  dw 01A80h,base+00255h
  dw 01B81h,base+001D0h
  dw 01A80h,base+0026Fh
  dw 01A80h,base+00289h
  dw 01A80h,base+002A3h
  dw 00E10h,base+01124h
  dw 00970h,base+02412h
  dw 00E11h,base+01132h
  dw 00104h,base+00017h
  dw 0046Bh,base+00A0Ch
  dw 00D15h,base+01500h
  dw 0016Ah,base+00001h
  dw 00E7Fh,base+01140h
  dw 00A0Bh,base+02055h
  dw 00374h,base+036CFh
  dw 00C0Dh,base+0183Bh
  dw 00173h,base+0003Eh
  dw 00304h,base+036D2h
  dw 0087Bh,base+027A6h
  dw 00305h,base+036D5h
  dw 0087Bh,base+027A6h
  dw 00205h,base+03783h
  dw 0087Ah,base+027AEh
  dw 00206h,base+0114Ah
  dw 0087Ah,base+027B6h
  dw 00207h,base+02056h
  dw 00778h,base+02B61h
  dw 00208h,base+00012h
  dw 00780h,base+02B68h
  dw 00780h,base+02B6Fh
  dw 00304h,base+00216h
  dw 0047Dh,base+02278h
  dw 00204h,base+000FBh
  dw 0037Ch,base+014FDh
  dw 00204h,base+00141h
  dw 0037Ch,base+02C7Fh
  dw 00205h,base+000FEh
  dw 0027Bh,base+00034h
  dw 00205h,base+00038h
  dw 0037Bh,base+0018Ah
  dw 00205h,base+018EBh
  dw 0037Ah,base+0018Ah
  dw 00306h,base+0343Bh
  dw 0037Ah,base+036D8h
  dw 00406h,base+03433h
  dw 0037Ah,base+00FB6h
  dw 00406h,base+03437h
  dw 0037Ah,base+002C7h
  dw 00406h,base+0343Bh
  dw 0047Ah,base+0343Fh
  dw 00407h,base+03443h
  dw 0037Ah,base+036DBh
  dw 00306h,base+036DEh
  dw 0037Ah,base+036E1h
  dw 00306h,base+036E4h
  dw 0037Ah,base+036E7h
  dw 00306h,base+036EAh
  dw 0037Ah,base+00412h
  dw 00306h,base+036EDh
  dw 0047Ah,base+03447h
  dw 00307h,base+00572h
  dw 0037Ah,base+018EFh
  dw 00207h,base+002A9h
  dw 00279h,base+033A1h
  dw 00307h,base+02228h
  dw 0027Ah,base+0025Dh
  dw 00207h,base+00137h
  dw 00179h,base+00020h
  dw 00207h,base+033A1h
  dw 00179h,base+00007h
  dw 00207h,base+008C1h
  dw 00279h,base+00424h
  dw 00207h,base+0167Ch
  dw 0027Ah,base+00424h
  dw 00105h,base+00000h
  dw 0037Bh,base+036F0h
  dw 00105h,base+00007h
  dw 0037Bh,base+0055Eh
  dw 00205h,base+0036Eh
  dw 0047Bh,base+0344Bh
  dw 00205h,base+00137h
  dw 0047Bh,base+0344Fh
  dw 00206h,base+0017Eh
  dw 0037Ah,base+013FEh
  dw 00207h,base+00408h
  dw 00379h,base+036F3h
  dw 00207h,base+000E9h
  dw 00379h,base+033BBh
  dw 00208h,base+00022h
  dw 00378h,base+0032Dh
  dw 00308h,base+03633h
  dw 00378h,base+036F6h
  dw 00309h,base+00654h
  dw 00177h,base+00017h
  dw 00381h,base+036F9h
  dw 00180h,base+00009h
  dw 00100h,base+00017h

chunliPage2frame012:
  db 024h,018h,088h,046h
  db 092h
  db 000h,000h,0BAh,000h,000h
  db 09Ch,052h
  db 000h,000h
  dw 0087Fh,base+0254Eh
  dw 00A7Fh,base+0205Fh
  dw 00C80h,base+01847h
  dw 00D7Fh,base+0150Dh
  dw 00E80h,base+0114Eh
  dw 00F7Fh,base+00EBBh
  dw 01080h,base+00CE1h
  dw 01080h,base+00CF1h
  dw 01180h,base+00A4Fh
  dw 0117Fh,base+00A60h
  dw 00305h,base+011EEh
  dw 00405h,base+00F08h
  dw 00876h,base+027BEh
  dw 00106h,base+00003h
  dw 00205h,base+0008Fh
  dw 00775h,base+027BFh
  dw 0010Bh,base+00003h
  dw 0077Bh,base+027BFh
  dw 00105h,base+0000Dh
  dw 00780h,base+027BFh
  dw 0077Fh,base+027BFh
  dw 0087Ah,base+027C6h
  dw 00106h,base+00001h
  dw 0077Eh,base+02B76h
  dw 00102h,base+0000Dh
  dw 0077Eh,base+02B7Dh
  dw 00102h,base+00017h
  dw 00780h,base+02B84h
  dw 0077Fh,base+02B8Bh
  dw 0077Eh,base+02B92h
  dw 0097Eh,base+0241Bh
  dw 00A83h,base+02069h
  dw 00600h,base+01847h

chunliPage2frame013:
  db 026h,017h,086h,046h
  db 098h
  db 000h,000h,0BAh,000h,000h
  db 09Ch,051h
  db 000h,000h
  dw 0067Eh,base+01C90h
  dw 0097Fh,base+02424h
  dw 00B7Eh,base+01C8Fh
  dw 00406h,base+03453h
  dw 0077Ah,base+02B99h
  dw 00507h,base+03162h
  dw 00778h,base+02BA0h
  dw 00709h,base+02BA7h
  dw 00678h,base+02E47h
  dw 00708h,base+02BAEh
  dw 00678h,base+02E4Dh
  dw 00E81h,base+0115Ch
  dw 00E7Bh,base+0116Ah
  dw 00105h,base+00003h
  dw 00E7Bh,base+01178h
  dw 00105h,base+00003h
  dw 00E7Bh,base+01186h
  dw 00105h,base+00003h
  dw 00E7Bh,base+01194h
  dw 00105h,base+0006Dh
  dw 00E7Bh,base+011A2h
  dw 01381h,base+006DBh
  dw 01180h,base+00A71h
  dw 01180h,base+00A82h
  dw 01181h,base+00A93h
  dw 01080h,base+00D01h
  dw 00F81h,base+00ECAh
  dw 00E82h,base+011B0h
  dw 00B81h,base+01C9Ah
  dw 00981h,base+0242Dh
  dw 00700h,base+02BB5h

chunliPage2frame014:
  db 016h,01Ch,08Ch,044h
  db 092h
  db 000h,000h,0BCh,000h,000h
  db 000h,000h
  db 000h,000h
  dw 00102h,base+00003h
  dw 00102h,base+0002Fh
  dw 0017Eh,base+0002Fh
  dw 00105h,base+00009h
  dw 00179h,base+00003h
  dw 00105h,base+0008Eh
  dw 00102h,base+00009h
  dw 0017Ah,base+0002Fh
  dw 00106h,base+00003h
  dw 00178h,base+0006Dh
  dw 00108h,base+00009h
  dw 0017Ch,base+00003h
  dw 00181h,base+00003h
  dw 0017Ah,base+0002Fh
  dw 00104h,base+00009h
  dw 00102h,base+00009h
  dw 0017Bh,base+00009h
  dw 00107h,base+0006Dh
  dw 00177h,base+00003h
  dw 0010Ah,base+00003h
  dw 0017Ah,base+0006Dh
  dw 00105h,base+00009h
  dw 0027Ch,base+0045Fh
  dw 00102h,base+0006Dh
  dw 00102h,base+0002Fh
  dw 0027Ah,base+00172h
  dw 00106h,base+00003h
  dw 00280h,base+00C31h
  dw 00180h,base+00036h
  dw 0017Ah,base+00036h
  dw 00106h,base+00003h
  dw 0027Ch,base+00C31h
  dw 00102h,base+0006Dh
  dw 00102h,base+0002Fh
  dw 0027Bh,base+00172h
  dw 00105h,base+00009h
  dw 00277h,base+0045Fh
  dw 0010Ah,base+00003h
  dw 00178h,base+0006Dh
  dw 00107h,base+0006Dh
  dw 00178h,base+00003h
  dw 00104h,base+00009h
  dw 00102h,base+00009h
  dw 00180h,base+00009h
  dw 0017Fh,base+0002Fh
  dw 0017Ch,base+00003h
  dw 00108h,base+00009h
  dw 0017Ah,base+00003h
  dw 00106h,base+00003h
  dw 00179h,base+0006Dh
  dw 00105h,base+0008Eh
  dw 00102h,base+00009h
  dw 0017Bh,base+0002Fh
  dw 00105h,base+00009h
  dw 00179h,base+00003h
  dw 00102h,base+00003h
  dw 00102h,base+0002Fh
  dw 00100h,base+0002Fh

chunliPage2frame015:
  db 054h,03Dh,058h,02Bh
  db 0A4h
  db 057h,055h,015h,06Bh,022h
  db 0AEh,03Fh
  db 08Dh,03Fh
  dw 0015Ah,base+000CDh
  dw 00125h,base+00003h
  dw 0025Bh,base+00173h
  dw 00225h,base+00A5Eh
  dw 0035Bh,base+02A03h
  dw 00224h,base+02A28h
  dw 0045Ch,base+03457h
  dw 00322h,base+036FCh
  dw 0065Fh,base+02E53h
  dw 0031Eh,base+00575h
  dw 00962h,base+02436h
  dw 0041Dh,base+0345Bh
  dw 00B63h,base+01CA5h
  dw 00D1Ch,base+0151Ah
  dw 00C64h,base+01853h
  dw 01A1Bh,base+002BDh
  dw 0090Ah,base+0243Fh
  dw 0045Ch,base+0345Fh
  dw 02226h,base+0006Eh
  dw 0025Ah,base+00833h
  dw 02127h,base+000F4h
  dw 00159h,base+00003h
  dw 02080h,base+00136h
  dw 00204h,base+013F6h
  dw 01B7Dh,base+001EBh
  dw 00103h,base+00003h
  dw 01A82h,base+002D7h
  dw 00204h,base+0002Bh
  dw 01380h,base+006EEh
  dw 01181h,base+00AA4h
  dw 00F81h,base+00ED9h
  dw 00D7Fh,base+01527h
  dw 00D80h,base+01534h
  dw 00C7Fh,base+0185Fh
  dw 00E80h,base+011BEh
  dw 00F80h,base+00EE8h
  dw 00F80h,base+00EF7h
  dw 00F80h,base+00F06h
  dw 00F80h,base+00F15h
  dw 00F80h,base+00F24h
  dw 00E80h,base+011CCh
  dw 00B0Dh,base+01CB0h
  dw 00173h,base+00071h
  dw 00C0Dh,base+0186Bh
  dw 00173h,base+0006Dh
  dw 00102h,base+00005h
  dw 00304h,base+036FFh
  dw 00607h,base+02E59h
  dw 00173h,base+0006Dh
  dw 00102h,base+00005h
  dw 00204h,base+0113Ch
  dw 0077Ah,base+02BBCh
  dw 00102h,base+00094h
  dw 00203h,base+03785h
  dw 0087Bh,base+027CEh
  dw 00102h,base+00094h
  dw 00103h,base+0006Eh
  dw 0087Bh,base+027D6h
  dw 00104h,base+00094h
  dw 00980h,base+02448h
  dw 00880h,base+027DEh
  dw 0087Fh,base+027E6h
  dw 00980h,base+02451h
  dw 00980h,base+0245Ah
  dw 0097Fh,base+02463h
  dw 00A80h,base+02073h
  dw 00B80h,base+01CBBh
  dw 00B80h,base+01CC6h
  dw 00B81h,base+01CD1h
  dw 00B80h,base+01CDCh
  dw 00C81h,base+01877h
  dw 00A80h,base+0207Dh
  dw 00A81h,base+02087h
  dw 00980h,base+0246Ch
  dw 00980h,base+02475h
  dw 00980h,base+0247Eh
  dw 0097Fh,base+02487h
  dw 00880h,base+027EEh
  dw 00780h,base+02BC3h
  dw 00780h,base+02BCAh
  dw 00780h,base+02BD1h
  dw 00780h,base+02847h
  dw 00680h,base+02C50h
  dw 00680h,base+02E5Fh
  dw 00580h,base+03167h
  dw 00581h,base+0316Ch
  dw 00100h,base+00003h

chunliPage2frame016:
  db 01Ch,03Ch,072h,02Ah
  db 076h
  db 068h,022h,01Fh,06Bh,022h
  db 000h,000h
  db 000h,000h
  dw 00180h,base+00001h
  dw 00280h,base+00034h
  dw 00280h,base+00744h
  dw 00280h,base+00059h
  dw 00208h,base+00488h
  dw 00178h,base+00003h
  dw 00208h,base+00488h
  dw 00178h,base+00021h
  dw 00207h,base+015A9h
  dw 00278h,base+00224h
  dw 00408h,base+031A3h
  dw 00278h,base+0023Eh
  dw 00408h,base+03463h
  dw 00278h,base+00661h
  dw 00408h,base+03467h
  dw 00278h,base+0066Dh
  dw 00508h,base+03171h
  dw 00278h,base+00341h
  dw 00507h,base+03176h
  dw 00379h,base+007D3h
  dw 00607h,base+02E65h
  dw 00379h,base+0002Bh
  dw 00A80h,base+02091h
  dw 00A81h,base+0209Bh
  dw 00980h,base+02490h
  dw 00A80h,base+020A5h
  dw 00A81h,base+020AFh
  dw 00980h,base+02499h
  dw 00980h,base+024A2h
  dw 00980h,base+024ABh
  dw 00980h,base+024B4h
  dw 00980h,base+024BDh
  dw 00881h,base+027F6h
  dw 00780h,base+02BD8h
  dw 00780h,base+02BDFh
  dw 00780h,base+02BE6h
  dw 00781h,base+02BEDh
  dw 00580h,base+0317Bh
  dw 00580h,base+03180h
  dw 00480h,base+0346Bh
  dw 0047Dh,base+0346Fh
  dw 0097Fh,base+024C6h
  dw 00A7Fh,base+020B9h
  dw 00B80h,base+01CE7h
  dw 00B80h,base+01CF2h
  dw 00B80h,base+01CFDh
  dw 00A81h,base+020C3h
  dw 00980h,base+024CFh
  dw 00980h,base+024D8h
  dw 00980h,base+024E1h
  dw 00C80h,base+01883h
  dw 00D80h,base+01541h
  dw 00D80h,base+0154Eh
  dw 00D80h,base+0155Bh
  dw 00C81h,base+0188Fh
  dw 00203h,base+00F86h
  dw 0087Dh,base+027FEh
  dw 00104h,base+00003h
  dw 0067Fh,base+02E6Bh
  dw 00680h,base+02E71h
  dw 00580h,base+03185h
  dw 0057Fh,base+0318Ah
  dw 00680h,base+02E77h
  dw 00580h,base+0318Fh
  dw 00580h,base+03194h
  dw 0067Fh,base+02E7Dh
  dw 00780h,base+02BF4h
  dw 00780h,base+02BFBh
  dw 00780h,base+02C02h
  dw 00781h,base+02C09h
  dw 00103h,base+00003h
  dw 00102h,base+00001h
  dw 00100h,base+00003h

chunliPage2frame017:
  db 054h,03Dh,054h,02Dh
  db 05Ah
  db 052h,055h,00Fh,06Bh,026h
  db 0A9h,03Bh
  db 091h,03Fh
  dw 00180h,base+0003Eh
  dw 00226h,base+00137h
  dw 00159h,base+00003h
  dw 00326h,base+033BBh
  dw 0025Ah,base+035F7h
  dw 00426h,base+03473h
  dw 0025Ah,base+00867h
  dw 00625h,base+02E83h
  dw 0035Bh,base+035D3h
  dw 00924h,base+024EAh
  dw 0035Bh,base+0045Fh
  dw 00B24h,base+01D08h
  dw 0045Ch,base+03477h
  dw 00C1Bh,base+0189Bh
  dw 00D64h,base+01568h
  dw 00405h,base+0347Bh
  dw 0090Ah,base+024F3h
  dw 01A71h,base+002F1h
  dw 00206h,base+001BAh
  dw 0227Ah,base+00090h
  dw 00107h,base+00003h
  dw 02181h,base+00115h
  dw 02081h,base+00156h
  dw 01B1Dh,base+00206h
  dw 00264h,base+004F1h
  dw 01A1Ch,base+0030Bh
  dw 00165h,base+00003h
  dw 01315h,base+00701h
  dw 0026Dh,base+0002Bh
  dw 01181h,base+00AB5h
  dw 00F81h,base+00F33h
  dw 00D81h,base+01575h
  dw 00D81h,base+01582h
  dw 00C7Fh,base+018A7h
  dw 00E7Fh,base+011DAh
  dw 00F80h,base+00F42h
  dw 00F80h,base+00F51h
  dw 00F80h,base+00F60h
  dw 00F80h,base+00F6Fh
  dw 00F81h,base+00F7Eh
  dw 00E80h,base+011E8h
  dw 00103h,base+00018h
  dw 00B7Dh,base+01D13h
  dw 00102h,base+00009h
  dw 00C7Eh,base+018B3h
  dw 00102h,base+00009h
  dw 00607h,base+02E89h
  dw 00304h,base+03702h
  dw 00174h,base+00007h
  dw 00709h,base+02C10h
  dw 00203h,base+011FBh
  dw 00174h,base+00007h
  dw 00809h,base+02806h
  dw 00203h,base+03787h
  dw 00174h,base+00048h
  dw 0080Ah,base+0280Eh
  dw 00102h,base+000B1h
  dw 00174h,base+00048h
  dw 0090Ch,base+024FCh
  dw 00175h,base+00048h
  dw 00880h,base+02816h
  dw 00880h,base+0281Eh
  dw 00980h,base+02505h
  dw 00980h,base+0250Eh
  dw 00980h,base+02517h
  dw 00A7Fh,base+020CDh
  dw 00B80h,base+01D1Eh
  dw 00B80h,base+01D29h
  dw 00B7Fh,base+01D34h
  dw 00B7Fh,base+01D3Fh
  dw 00C81h,base+018BFh
  dw 00A80h,base+020D7h
  dw 00A80h,base+020E1h
  dw 00980h,base+02520h
  dw 00980h,base+02529h
  dw 00980h,base+02532h
  dw 00982h,base+0253Bh
  dw 00881h,base+02826h
  dw 00780h,base+02C17h
  dw 00780h,base+02C1Eh
  dw 00780h,base+02C25h
  dw 00781h,base+02C2Ch
  dw 00680h,base+02E8Fh
  dw 00681h,base+02E95h
  dw 00580h,base+03199h
  dw 00583h,base+0319Eh
  dw 00100h,base+00003h

chunliPage2frame018:
  db 01Eh,03Eh,072h,02Dh
  db 076h
  db 06Dh,022h,01Eh,06Eh,022h
  db 000h,000h
  db 000h,000h
  dw 00180h,base+00017h
  dw 0027Fh,base+00E39h
  dw 00380h,base+03705h
  dw 00380h,base+03708h
  dw 00380h,base+03255h
  dw 00380h,base+03255h
  dw 00380h,base+017BEh
  dw 0030Ah,base+0370Bh
  dw 00276h,base+0008Fh
  dw 0050Ah,base+031A3h
  dw 00277h,base+00070h
  dw 00508h,base+031A8h
  dw 00378h,base+00F2Ch
  dw 00708h,base+02C33h
  dw 00378h,base+0370Eh
  dw 00B7Fh,base+01D4Ah
  dw 00C80h,base+018CBh
  dw 00C80h,base+018D7h
  dw 00D80h,base+0158Fh
  dw 00D81h,base+0159Ch
  dw 00C80h,base+018E3h
  dw 00C80h,base+018EFh
  dw 00C80h,base+018FBh
  dw 00C80h,base+01907h
  dw 00C80h,base+01913h
  dw 00C80h,base+0191Fh
  dw 00C80h,base+0192Bh
  dw 00B81h,base+01D55h
  dw 00A80h,base+020EBh
  dw 00A80h,base+020F5h
  dw 00A81h,base+020FFh
  dw 00880h,base+0282Eh
  dw 00880h,base+02836h
  dw 0087Fh,base+0283Eh
  dw 00980h,base+02544h
  dw 00980h,base+0254Dh
  dw 00980h,base+02556h
  dw 00980h,base+0255Fh
  dw 00981h,base+02568h
  dw 00A80h,base+02109h
  dw 00B81h,base+01D60h
  dw 00A80h,base+02113h
  dw 00A7Fh,base+0211Dh
  dw 00B80h,base+01D6Bh
  dw 00708h,base+02C3Ah
  dw 00278h,base+00D52h
  dw 00A7Fh,base+02127h
  dw 00B7Eh,base+01D76h
  dw 00D7Fh,base+015A9h
  dw 00E80h,base+011F6h
  dw 00E80h,base+01204h
  dw 00D80h,base+015B6h
  dw 00D80h,base+015C3h
  dw 00D81h,base+015D0h
  dw 00B82h,base+01D81h
  dw 00680h,base+02E9Bh
  dw 00680h,base+02EA1h
  dw 00780h,base+02C41h
  dw 00780h,base+02C48h
  dw 00102h,base+00001h
  dw 00581h,base+031ADh
  dw 0047Fh,base+0347Fh
  dw 00680h,base+02EA7h
  dw 00680h,base+02EADh
  dw 00680h,base+02EB3h
  dw 00680h,base+02EB9h
  dw 00684h,base+02EBFh
  dw 00100h,base+00003h

chunliPage2frame019:
  db 03Ch,051h,074h,033h
  db 080h
  db 073h,02Ch,01Fh,07Ch,033h
  db 0B0h,067h
  db 0A0h,053h
  dw 0017Fh,base+00003h
  dw 00580h,base+0316Ch
  dw 00580h,base+03167h
  dw 0067Fh,base+02E5Fh
  dw 00780h,base+02C4Fh
  dw 00881h,base+02846h
  dw 00780h,base+02BD1h
  dw 00780h,base+02C56h
  dw 0077Dh,base+02BC3h
  dw 00304h,base+0363Fh
  dw 0057Ch,base+027EFh
  dw 00204h,base+00059h
  dw 0057Ch,base+02487h
  dw 00204h,base+02A8Ch
  dw 0047Ch,base+0247Eh
  dw 00304h,base+03642h
  dw 00405h,base+0336Fh
  dw 00175h,base+00003h
  dw 00102h,base+00001h
  dw 00304h,base+03645h
  dw 00304h,base+02CFBh
  dw 00276h,base+000B2h
  dw 00406h,base+03373h
  dw 0067Ah,base+02EC5h
  dw 00406h,base+03377h
  dw 0077Bh,base+02C5Dh
  dw 00C80h,base+01937h
  dw 00C81h,base+017DBh
  dw 00B80h,base+01B9Dh
  dw 00102h,base+00048h
  dw 00A7Eh,base+02131h
  dw 00C7Fh,base+01943h
  dw 00E80h,base+01212h
  dw 00E10h,base+01220h
  dw 00170h,base+00008h
  dw 00B0Ch,base+01BA8h
  dw 00304h,base+018F2h
  dw 00170h,base+00054h
  dw 00F10h,base+00F8Dh
  dw 00270h,base+0002Bh
  dw 00405h,base+01BB3h
  dw 00D7Bh,base+015DDh
  dw 00305h,base+018FDh
  dw 00D7Ch,base+015EAh
  dw 00105h,base+00017h
  dw 00C81h,base+0194Fh
  dw 00C80h,base+0195Bh
  dw 00D80h,base+015F7h
  dw 00D80h,base+01604h
  dw 00D80h,base+01611h
  dw 00D7Fh,base+0161Eh
  dw 00C80h,base+01967h
  dw 00C7Fh,base+01973h
  dw 00E80h,base+0122Eh
  dw 00F80h,base+00F9Ch
  dw 0117Fh,base+00AC6h
  dw 01315h,base+00714h
  dw 0016Bh,base+00000h
  dw 01416h,base+00578h
  dw 0016Ah,base+00000h
  dw 01516h,base+003F6h
  dw 00169h,base+00000h
  dw 01881h,base+00357h
  dw 01880h,base+0036Fh
  dw 00C0Dh,base+0197Fh
  dw 00B73h,base+01D8Ch
  dw 00C0Dh,base+0198Bh
  dw 00B74h,base+01D97h
  dw 00B0Dh,base+01DA2h
  dw 00A73h,base+0213Bh
  dw 00B0Dh,base+01DADh
  dw 00A73h,base+02145h
  dw 00B0Dh,base+01DB8h
  dw 00607h,base+02ECBh
  dw 0036Ch,base+03711h
  dw 00B0Eh,base+01DC3h
  dw 00973h,base+02571h
  dw 0090Dh,base+0257Ah
  dw 00873h,base+0284Eh
  dw 0090Eh,base+02583h
  dw 00673h,base+02ED1h
  dw 0070Eh,base+02C64h
  dw 00506h,base+031B2h
  dw 0016Dh,base+00000h
  dw 0060Ch,base+02ED7h
  dw 00102h,base+00000h
  dw 00672h,base+02EDDh
  dw 0030Dh,base+03714h
  dw 00773h,base+02C6Bh
  dw 0030Eh,base+03717h
  dw 00672h,base+02EE3h
  dw 0030Fh,base+00285h
  dw 00671h,base+02EE9h
  dw 0030Fh,base+003C5h
  dw 00671h,base+02EEFh
  dw 0030Fh,base+0371Ah
  dw 00671h,base+02EF5h
  dw 0030Eh,base+02020h
  dw 00772h,base+02C72h
  dw 0030Fh,base+03484h
  dw 00670h,base+02EFBh
  dw 00410h,base+03483h
  dw 00670h,base+02F01h
  dw 00411h,base+03487h
  dw 0056Fh,base+031B7h
  dw 00411h,base+0097Fh
  dw 0056Fh,base+031BCh
  dw 00412h,base+0097Fh
  dw 0036Eh,base+0371Dh
  dw 00413h,base+0348Bh
  dw 0026Dh,base+00413h
  dw 00480h,base+0348Fh
  dw 00480h,base+03493h
  dw 00380h,base+01D13h
  dw 00380h,base+00572h
  dw 00380h,base+02208h
  dw 00381h,base+02208h
  dw 00280h,base+00408h
  dw 00280h,base+0094Ch
  dw 00280h,base+0022Bh
  dw 0027Fh,base+00040h
  dw 00380h,base+03720h
  dw 00380h,base+02208h
  dw 00380h,base+035D9h
  dw 00380h,base+035CDh
  dw 00380h,base+01C8Bh
  dw 00300h,base+0093Dh

chunliPage2frame020:
  db 04Eh,053h,074h,031h
  db 07Eh
  db 074h,030h,02Ch,07Bh,046h
  db 0C1h,05Ch
  db 0A1h,058h
  dw 00203h,base+0008Fh
  dw 0017Dh,base+00003h
  dw 0047Fh,base+0308Bh
  dw 00680h,base+02D75h
  dw 00680h,base+029C4h
  dw 00780h,base+029CBh
  dw 00780h,base+02C79h
  dw 00780h,base+02C80h
  dw 00780h,base+02C87h
  dw 0077Dh,base+02C8Eh
  dw 00102h,base+00001h
  dw 0087Eh,base+02856h
  dw 00980h,base+0258Ch
  dw 00881h,base+0285Eh
  dw 00708h,base+02C95h
  dw 00278h,base+0008Fh
  dw 00708h,base+02C9Ch
  dw 00278h,base+0006Ch
  dw 00A80h,base+0214Fh
  dw 00B7Fh,base+01DCEh
  dw 00405h,base+03497h
  dw 0077Bh,base+02CA3h
  dw 00304h,base+03723h
  dw 0087Ch,base+02866h
  dw 00C80h,base+01997h
  dw 00C10h,base+019A3h
  dw 0026Fh,base+0003Ch
  dw 00E10h,base+0123Ch
  dw 00470h,base+002FDh
  dw 00E0Fh,base+005B4h
  dw 00571h,base+031C1h
  dw 01480h,base+0058Ch
  dw 01580h,base+0040Bh
  dw 00B0Ch,base+01DD9h
  dw 00975h,base+02595h
  dw 01483h,base+005A0h
  dw 01181h,base+00AD7h
  dw 01011h,base+00D11h
  dw 00170h,base+0000Dh
  dw 01080h,base+00D21h
  dw 00F80h,base+00FABh
  dw 00F10h,base+00FBAh
  dw 00170h,base+0000Dh
  dw 00F81h,base+00FC9h
  dw 0090Ah,base+0259Eh
  dw 00577h,base+031C6h
  dw 00809h,base+0286Eh
  dw 00476h,base+0349Bh
  dw 0080Ah,base+02876h
  dw 00476h,base+0349Fh
  dw 0080Ah,base+0287Eh
  dw 00475h,base+034A3h
  dw 0090Bh,base+025A7h
  dw 00475h,base+034A7h
  dw 00A0Bh,base+02159h
  dw 00475h,base+034ABh
  dw 00B0Ch,base+01DE4h
  dw 00373h,base+03726h
  dw 00B0Ch,base+01DEFh
  dw 00374h,base+03729h
  dw 00E7Fh,base+0124Ah
  dw 00D80h,base+0162Bh
  dw 00D80h,base+01638h
  dw 00C80h,base+019AFh
  dw 00C81h,base+019BBh
  dw 00B80h,base+01DFAh
  dw 00B19h,base+01E05h
  dw 00167h,base+00021h
  dw 00B1Ah,base+01E10h
  dw 00166h,base+00021h
  dw 00B18h,base+01E1Bh
  dw 00103h,base+00021h
  dw 00166h,base+00021h
  dw 00A18h,base+02163h
  dw 00103h,base+00021h
  dw 00365h,base+007B9h
  dw 00A19h,base+0216Dh
  dw 00667h,base+02F07h
  dw 00A18h,base+02177h
  dw 00103h,base+00132h
  dw 00566h,base+031CBh
  dw 00818h,base+025DDh
  dw 00102h,base+00000h
  dw 00566h,base+031D0h
  dw 00819h,base+02886h
  dw 00768h,base+02CAAh
  dw 00619h,base+02F0Dh
  dw 00668h,base+02F13h
  dw 00318h,base+01C08h
  dw 00668h,base+02F19h
  dw 00319h,base+0372Ch
  dw 00567h,base+031D5h
  dw 0031Ah,base+004AAh
  dw 00366h,base+00021h
  dw 0031Ch,base+00B18h
  dw 00163h,base+00021h
  dw 00480h,base+034AFh
  dw 00480h,base+034B3h
  dw 00416h,base+034B7h
  dw 0016Ah,base+00021h
  dw 00414h,base+034B7h
  dw 00103h,base+00021h
  dw 00169h,base+00021h
  dw 00415h,base+0267Ah
  dw 00102h,base+00021h
  dw 00369h,base+0025Fh
  dw 00416h,base+0097Fh
  dw 00102h,base+00021h
  dw 00368h,base+01802h
  dw 00414h,base+034BBh
  dw 00203h,base+001DAh
  dw 00569h,base+031DAh
  dw 00415h,base+0348Bh
  dw 00203h,base+001DAh
  dw 00568h,base+031DFh
  dw 00416h,base+0348Fh
  dw 0076Ah,base+02CB1h
  dw 00417h,base+03493h
  dw 00669h,base+0119Ah
  dw 00318h,base+01D13h
  dw 00568h,base+0119Ah
  dw 00317h,base+00572h
  dw 00669h,base+02F1Fh
  dw 00318h,base+02208h
  dw 00568h,base+01B27h
  dw 00319h,base+02208h
  dw 00468h,base+00381h
  dw 00219h,base+00408h
  dw 00267h,base+001DAh
  dw 00280h,base+0094Ch
  dw 00280h,base+0022Bh
  dw 0027Fh,base+00040h
  dw 00380h,base+03720h
  dw 00380h,base+02208h
  dw 00380h,base+035D9h
  dw 00380h,base+035CDh
  dw 00380h,base+01C8Bh
  dw 00300h,base+0093Dh

chunliPage2frame021:
  db 03Eh,057h,074h,02Dh
  db 0A4h
  db 074h,03Eh,024h,072h,022h
  db 0B3h,035h
  db 09Fh,045h
  dw 0037Eh,base+011BAh
  dw 00104h,base+00000h
  dw 0037Bh,base+011BAh
  dw 00305h,base+011BAh
  dw 0047Ah,base+031D0h
  dw 00102h,base+00000h
  dw 0086Fh,base+0288Eh
  dw 00203h,base+0008Fh
  dw 0010Fh,base+00003h
  dw 0086Eh,base+02896h
  dw 00411h,base+0308Bh
  dw 00304h,base+00305h
  dw 0056Ah,base+031E4h
  dw 00611h,base+02D75h
  dw 00A6Fh,base+02181h
  dw 00610h,base+029C4h
  dw 00B70h,base+01E26h
  dw 00710h,base+029CBh
  dw 00B70h,base+01E31h
  dw 0070Fh,base+02C79h
  dw 00C71h,base+019C7h
  dw 0070Fh,base+02C80h
  dw 00C71h,base+019D3h
  dw 0070Fh,base+02C87h
  dw 00C71h,base+019DFh
  dw 0070Fh,base+02C8Eh
  dw 00C6Eh,base+019EBh
  dw 00102h,base+00001h
  dw 0080Fh,base+02856h
  dw 00C6Fh,base+019F7h
  dw 00911h,base+0258Ch
  dw 0090Ah,base+025B0h
  dw 00265h,base+000E9h
  dw 00811h,base+0285Eh
  dw 0080Ah,base+0289Eh
  dw 00166h,base+00007h
  dw 00708h,base+02C95h
  dw 00207h,base+0008Fh
  dw 0080Bh,base+028A6h
  dw 00166h,base+00005h
  dw 00708h,base+02C9Ch
  dw 00207h,base+0006Ch
  dw 00871h,base+028AEh
  dw 00A0Eh,base+0214Fh
  dw 00872h,base+028B6h
  dw 00B0Eh,base+01DCEh
  dw 00871h,base+028BEh
  dw 00405h,base+03497h
  dw 00709h,base+02CA3h
  dw 00102h,base+0000Dh
  dw 00670h,base+02F25h
  dw 00304h,base+03723h
  dw 0080Dh,base+02866h
  dw 0056Fh,base+031E9h
  dw 00C10h,base+01997h
  dw 00506h,base+031EEh
  dw 0016Ah,base+00000h
  dw 00C0Fh,base+019A3h
  dw 00670h,base+02F2Bh
  dw 00E0Fh,base+0123Ch
  dw 00671h,base+02F31h
  dw 01480h,base+005B4h
  dw 01480h,base+005C8h
  dw 01380h,base+00727h
  dw 00B0Ch,base+01DD9h
  dw 00775h,base+02CB8h
  dw 01183h,base+00AE8h
  dw 00E81h,base+01258h
  dw 00E81h,base+01266h
  dw 00C80h,base+01A03h
  dw 00B80h,base+01E3Ch
  dw 00B80h,base+01E47h
  dw 00A81h,base+0218Bh
  dw 00981h,base+025B9h
  dw 00708h,base+02CBFh
  dw 00177h,base+00008h
  dw 00980h,base+025C2h
  dw 0087Fh,base+028C6h
  dw 00980h,base+025CBh
  dw 00980h,base+025D4h
  dw 00A7Fh,base+02195h
  dw 00B80h,base+01E52h
  dw 00B7Fh,base+01E5Dh
  dw 00C80h,base+01A0Fh
  dw 00C80h,base+01A1Bh
  dw 00C80h,base+019AFh
  dw 00C81h,base+019BBh
  dw 00B80h,base+01DFAh
  dw 00B80h,base+01E05h
  dw 00B80h,base+01E10h
  dw 00B81h,base+01E1Bh
  dw 00A80h,base+02163h
  dw 00A80h,base+0216Dh
  dw 00A81h,base+02177h
  dw 00880h,base+025DDh
  dw 00881h,base+02886h
  dw 00681h,base+02F0Dh
  dw 00380h,base+01C08h
  dw 00380h,base+0372Ch
  dw 00380h,base+004AAh
  dw 0037Fh,base+00B18h
  dw 00480h,base+034AFh
  dw 00480h,base+034B3h
  dw 00480h,base+034B7h
  dw 00480h,base+034B7h
  dw 00480h,base+0267Ah
  dw 00480h,base+0097Fh
  dw 00480h,base+034BBh
  dw 00480h,base+0348Bh
  dw 00480h,base+0348Fh
  dw 00480h,base+03493h
  dw 00380h,base+01D13h
  dw 00380h,base+00572h
  dw 00380h,base+02208h
  dw 00381h,base+02208h
  dw 00280h,base+00408h
  dw 00280h,base+0094Ch
  dw 00280h,base+0022Bh
  dw 0027Fh,base+00040h
  dw 00380h,base+03720h
  dw 00380h,base+02208h
  dw 00380h,base+035D9h
  dw 00380h,base+035CDh
  dw 00380h,base+01C8Bh
  dw 00300h,base+0093Dh

chunliPage2frame022:
  db 046h,059h,074h,02Bh
  db 0B0h
  db 073h,047h,021h,07Bh,022h
  db 0BBh,047h
  db 09Dh,041h
  dw 0027Fh,base+001DAh
  dw 0047Fh,base+034BFh
  dw 00102h,base+00021h
  dw 0037Dh,base+01798h
  dw 00102h,base+00021h
  dw 0047Fh,base+019EAh
  dw 00680h,base+02F37h
  dw 00669h,base+02F3Dh
  dw 00203h,base+0008Fh
  dw 00113h,base+00003h
  dw 0076Ah,base+02CC6h
  dw 00416h,base+0308Bh
  dw 00669h,base+02F43h
  dw 00617h,base+02D75h
  dw 00669h,base+02F49h
  dw 00617h,base+029C4h
  dw 00669h,base+02F4Fh
  dw 00717h,base+029CBh
  dw 00569h,base+031F3h
  dw 00716h,base+02C79h
  dw 00102h,base+00059h
  dw 00102h,base+0000Ch
  dw 00166h,base+00021h
  dw 00718h,base+02C80h
  dw 00168h,base+0000Dh
  dw 00780h,base+02C87h
  dw 0077Dh,base+02C8Eh
  dw 00102h,base+00001h
  dw 0087Eh,base+02856h
  dw 00980h,base+0258Ch
  dw 00881h,base+0285Eh
  dw 00708h,base+02C95h
  dw 00216h,base+0008Fh
  dw 00262h,base+001DAh
  dw 00708h,base+02C9Ch
  dw 00216h,base+0006Ch
  dw 00262h,base+00022h
  dw 00A1Dh,base+0214Fh
  dw 00463h,base+031D6h
  dw 00B1Ch,base+01DCEh
  dw 00563h,base+01B27h
  dw 00405h,base+03497h
  dw 00717h,base+02CA3h
  dw 00664h,base+02F55h
  dw 00304h,base+03723h
  dw 00818h,base+02866h
  dw 00664h,base+02F5Bh
  dw 00C1Bh,base+01997h
  dw 00765h,base+02CCDh
  dw 00C1Ah,base+019A3h
  dw 00102h,base+00021h
  dw 00563h,base+031F8h
  dw 00D1Dh,base+0123Ch
  dw 00102h,base+00021h
  dw 00361h,base+010CBh
  dw 00E1Ch,base+01274h
  dw 00103h,base+00021h
  dw 00161h,base+00000h
  dw 00E1Bh,base+01282h
  dw 00165h,base+00021h
  dw 00F80h,base+00FD8h
  dw 00B0Ch,base+01DD9h
  dw 00310h,base+01C42h
  dw 00165h,base+00021h
  dw 00E1Ah,base+01290h
  dw 00169h,base+00021h
  dw 00C16h,base+01A27h
  dw 0016Bh,base+00021h
  dw 00B81h,base+01E68h
  dw 00B80h,base+01E73h
  dw 00B80h,base+01E7Eh
  dw 00C80h,base+01A33h
  dw 00C81h,base+01A3Fh
  dw 00C81h,base+01A4Bh
  dw 00B7Fh,base+01E89h
  dw 00C80h,base+01A57h
  dw 00D7Fh,base+01645h
  dw 00E80h,base+0129Eh
  dw 00E80h,base+012ACh
  dw 00E7Fh,base+012BAh
  dw 00F80h,base+00FE7h
  dw 0107Fh,base+00D31h
  dw 01180h,base+00AF9h
  dw 01180h,base+00B0Ah
  dw 01180h,base+00B1Bh
  dw 01181h,base+00B2Ch
  dw 01080h,base+00D41h
  dw 00F80h,base+00FF6h
  dw 00F80h,base+01005h
  dw 00C0Dh,base+01A63h
  dw 00274h,base+00280h
  dw 00A0Bh,base+0219Fh
  dw 00475h,base+002E8h
  dw 00D80h,base+01652h
  dw 00B81h,base+01E94h
  dw 00980h,base+025DDh
  dw 00881h,base+02886h
  dw 00681h,base+02F0Dh
  dw 00380h,base+01C08h
  dw 00380h,base+0372Ch
  dw 00380h,base+004AAh
  dw 0037Fh,base+00B18h
  dw 00480h,base+034AFh
  dw 00480h,base+034B3h
  dw 00480h,base+034B7h
  dw 00480h,base+034B7h
  dw 00480h,base+0267Ah
  dw 00480h,base+0097Fh
  dw 00480h,base+034BBh
  dw 00480h,base+0348Bh
  dw 00480h,base+0348Fh
  dw 00480h,base+03493h
  dw 00380h,base+01D13h
  dw 00380h,base+00572h
  dw 00380h,base+02208h
  dw 00381h,base+02208h
  dw 00280h,base+00408h
  dw 00280h,base+0094Ch
  dw 00280h,base+0022Bh
  dw 0027Fh,base+00040h
  dw 00380h,base+03720h
  dw 00380h,base+02208h
  dw 00380h,base+035D9h
  dw 00380h,base+035CDh
  dw 00380h,base+01C8Bh
  dw 00300h,base+0093Dh

chunliPage2frame023:
  db 010h,010h,090h,04Ah
  db 096h
  db 000h,000h,0B6h,000h,000h
  db 000h,000h
  db 000h,000h
  dw 0027Fh,base+006E2h
  dw 0047Fh,base+02B8Bh
  dw 00680h,base+02F61h
  dw 00680h,base+02F13h
  dw 0067Fh,base+028CFh
  dw 00880h,base+028CEh
  dw 00880h,base+028D6h
  dw 00880h,base+028D6h
  dw 00880h,base+028D6h
  dw 00880h,base+028D6h
  dw 00881h,base+028CEh
  dw 00680h,base+028CFh
  dw 00680h,base+02F13h
  dw 00681h,base+02F61h
  dw 00481h,base+02B8Bh
  dw 00200h,base+006E2h

chunliPage2frame024:
  db 008h,016h,098h,047h
  db 09Ah
  db 000h,000h,0B9h,000h,000h
  db 000h,000h
  db 000h,000h
  dw 0017Fh,base+00009h
  dw 00281h,base+0023Ah
  dw 00280h,base+0045Fh
  dw 00280h,base+00434h
  dw 0037Fh,base+0372Fh
  dw 00480h,base+034C3h
  dw 00481h,base+034C7h
  dw 0037Fh,base+03732h
  dw 00480h,base+034CBh
  dw 00481h,base+01150h
  dw 00380h,base+0105Ah
  dw 0037Fh,base+0105Ah
  dw 00480h,base+01150h
  dw 00481h,base+034CBh
  dw 0037Fh,base+03732h
  dw 00480h,base+034C7h
  dw 00481h,base+034C3h
  dw 00380h,base+0372Fh
  dw 00280h,base+00434h
  dw 0027Fh,base+0045Fh
  dw 00281h,base+0023Ah
  dw 00100h,base+00009h

chunliPage2frame025:
  db 012h,01Ah,090h,045h
  db 094h
  db 000h,000h,0BBh,000h,000h
  db 000h,000h
  db 000h,000h
  dw 00102h,base+0002Fh
  dw 0017Eh,base+0002Fh
  dw 00102h,base+00009h
  dw 00102h,base+00009h
  dw 0017Eh,base+00009h
  dw 00103h,base+00003h
  dw 00180h,base+0002Fh
  dw 0017Fh,base+00021h
  dw 0027Ch,base+01BDEh
  dw 00104h,base+0002Fh
  dw 0027Fh,base+00A45h
  dw 00381h,base+01D43h
  dw 0027Ah,base+00B6Ah
  dw 00106h,base+0002Fh
  dw 0027Ah,base+03789h
  dw 00204h,base+00090h
  dw 00102h,base+0001Ah
  dw 0027Fh,base+0044Ah
  dw 00481h,base+034CFh
  dw 0037Fh,base+03735h
  dw 00480h,base+034D3h
  dw 00481h,base+034D3h
  dw 0037Fh,base+03735h
  dw 0047Bh,base+034CFh
  dw 00204h,base+00090h
  dw 00102h,base+0001Ah
  dw 0027Ah,base+0044Ah
  dw 00106h,base+0002Fh
  dw 00280h,base+03789h
  dw 0027Fh,base+00B6Ah
  dw 0037Dh,base+01D43h
  dw 00104h,base+0002Fh
  dw 00280h,base+00A45h
  dw 00281h,base+01BDEh
  dw 0017Dh,base+00021h
  dw 00103h,base+00003h
  dw 0017Bh,base+0002Fh
  dw 00102h,base+00009h
  dw 00102h,base+00009h
  dw 0017Ch,base+00009h
  dw 00102h,base+0002Fh
  dw 00100h,base+0002Fh

chunliPage2frame026:
  db 002h,001h,094h,052h
  db 094h
  db 000h,000h,0AEh,000h,000h
  db 000h,000h
  db 000h,000h
  dw 00100h,base+00001h

chunliPage2frame027:
  db 02Ah,036h,074h,04Bh
  db 07Ah
  db 074h,022h,010h,072h,026h
  db 000h,000h
  db 000h,000h
  dw 00102h,base+00001h
  dw 0027Eh,base+00323h
  dw 0047Fh,base+034D7h
  dw 0057Fh,base+031FDh
  dw 00680h,base+02F67h
  dw 00680h,base+02F6Dh
  dw 00680h,base+02F73h
  dw 00780h,base+02CD4h
  dw 0080Ch,base+028DEh
  dw 00174h,base+00052h
  dw 0080Ch,base+028E6h
  dw 00174h,base+00052h
  dw 0080Ch,base+028EEh
  dw 00102h,base+00001h
  dw 00173h,base+00001h
  dw 00F80h,base+01014h
  dw 00F81h,base+01023h
  dw 00E80h,base+012C8h
  dw 00E7Fh,base+012D6h
  dw 00E7Fh,base+012E4h
  dw 00809h,base+028F6h
  dw 00708h,base+02CDBh
  dw 0026Fh,base+0008Fh
  dw 0137Fh,base+0073Ah
  dw 01580h,base+00420h
  dw 01580h,base+00435h
  dw 01480h,base+005DCh
  dw 01380h,base+0074Dh
  dw 01180h,base+00B3Dh
  dw 01181h,base+00B4Eh
  dw 00F80h,base+01032h
  dw 00E81h,base+012F2h
  dw 00A80h,base+021A9h
  dw 00980h,base+025E6h
  dw 00980h,base+025EFh
  dw 00980h,base+025F8h
  dw 00980h,base+02601h
  dw 00880h,base+028FEh
  dw 00980h,base+0260Ah
  dw 0090Ah,base+02613h
  dw 00176h,base+00003h
  dw 00C80h,base+01A6Fh
  dw 00C80h,base+01A7Bh
  dw 00D80h,base+0165Fh
  dw 00D80h,base+0166Ch
  dw 00E80h,base+01300h
  dw 00E81h,base+0130Eh
  dw 00D80h,base+01679h
  dw 00D81h,base+01686h
  dw 00304h,base+03738h
  dw 00506h,base+03202h
  dw 00274h,base+00224h
  dw 00507h,base+03207h
  dw 00406h,base+003C4h
  dw 00173h,base+00003h
  dw 00508h,base+0320Ch
  dw 00278h,base+00098h
  dw 00581h,base+03211h
  dw 00380h,base+0373Bh
  dw 00481h,base+034DBh
  dw 0037Fh,base+0136Eh
  dw 00480h,base+034DFh
  dw 00380h,base+0373Eh
  dw 00380h,base+03741h
  dw 00381h,base+03744h
  dw 00280h,base+0049Dh
  dw 00100h,base+00012h

chunliPage2frame028:
  db 03Ch,04Ah,06Ch,039h
  db 086h
  db 074h,022h,01Dh,072h,026h
  db 000h,000h
  db 000h,000h
  dw 0017Fh,base+00003h
  dw 00580h,base+0316Ch
  dw 00580h,base+03167h
  dw 00680h,base+02E5Fh
  dw 00680h,base+02C50h
  dw 00780h,base+02847h
  dw 00780h,base+02BD1h
  dw 00780h,base+02CE2h
  dw 00781h,base+02BC3h
  dw 0057Dh,base+027EFh
  dw 00103h,base+00003h
  dw 0057Dh,base+03216h
  dw 0077Fh,base+02CE9h
  dw 00780h,base+02CF0h
  dw 00780h,base+02CF7h
  dw 00780h,base+02CFEh
  dw 00780h,base+02D05h
  dw 00880h,base+02906h
  dw 00880h,base+0290Eh
  dw 00781h,base+02D0Ch
  dw 00680h,base+02F79h
  dw 00780h,base+02D13h
  dw 0077Fh,base+02D1Ah
  dw 00880h,base+02916h
  dw 00880h,base+0291Eh
  dw 00880h,base+02926h
  dw 00880h,base+0292Eh
  dw 00880h,base+02936h
  dw 00780h,base+02D21h
  dw 00681h,base+02F7Fh
  dw 00581h,base+0321Bh
  dw 00480h,base+034E3h
  dw 00480h,base+01872h
  dw 0047Fh,base+00A64h
  dw 00580h,base+03220h
  dw 0057Fh,base+03225h
  dw 00780h,base+02D28h
  dw 0097Fh,base+0261Ch
  dw 00B80h,base+01E9Fh
  dw 00D7Fh,base+01693h
  dw 00F80h,base+01041h
  dw 0107Fh,base+00D51h
  dw 01280h,base+008F5h
  dw 0127Fh,base+00907h
  dw 01480h,base+005F0h
  dw 01480h,base+00604h
  dw 01480h,base+00618h
  dw 01480h,base+0062Ch
  dw 01480h,base+00640h
  dw 0090Ch,base+02625h
  dw 00304h,base+000DCh
  dw 00470h,base+004A4h
  dw 0090Dh,base+0262Eh
  dw 00103h,base+00001h
  dw 00470h,base+034E7h
  dw 00910h,base+02637h
  dw 00470h,base+034EBh
  dw 00910h,base+02640h
  dw 00471h,base+034E7h
  dw 0080Fh,base+0293Eh
  dw 00471h,base+00756h
  dw 00810h,base+02946h
  dw 00370h,base+000A8h
  dw 00810h,base+0294Eh
  dw 00370h,base+00885h
  dw 00810h,base+02956h
  dw 0036Fh,base+00BBDh
  dw 00811h,base+0295Eh
  dw 0036Fh,base+00897h
  dw 00812h,base+02966h
  dw 0036Eh,base+03747h
  dw 00612h,base+02F85h
  dw 0036Dh,base+0374Ah
  dw 00513h,base+0322Ah
  dw 0036Dh,base+00591h
  dw 00413h,base+034EFh
  dw 0036Dh,base+0374Dh
  dw 00313h,base+03750h
  dw 0036Dh,base+0194Fh
  dw 00313h,base+03753h
  dw 0036Dh,base+0235Fh
  dw 00314h,base+03756h
  dw 0026Bh,base+00446h
  dw 00315h,base+03759h
  dw 0036Bh,base+0375Ch
  dw 00315h,base+03678h
  dw 0056Bh,base+0322Fh
  dw 00215h,base+00408h
  dw 0066Ah,base+02F8Bh
  dw 00316h,base+02228h
  dw 0066Ah,base+02F91h
  dw 00216h,base+000AEh
  dw 00569h,base+03234h
  dw 00317h,base+02208h
  dw 00369h,base+0375Fh
  dw 00318h,base+02EE5h
  dw 00167h,base+00001h
  dw 00480h,base+034F3h
  dw 00480h,base+034F7h
  dw 00400h,base+0329Bh

chunliPage2frame029:
  db 028h,04Fh,076h,034h
  db 080h
  db 074h,022h,029h,072h,026h
  db 000h,000h
  db 000h,000h
  dw 00180h,base+00001h
  dw 0017Eh,base+00007h
  dw 00580h,base+03239h
  dw 00580h,base+0323Eh
  dw 00480h,base+034FBh
  dw 00480h,base+034FFh
  dw 00581h,base+03243h
  dw 00480h,base+03503h
  dw 00580h,base+03248h
  dw 00583h,base+0324Dh
  dw 00280h,base+000FBh
  dw 0027Fh,base+000FBh
  dw 00380h,base+00200h
  dw 00380h,base+00686h
  dw 0037Fh,base+004D9h
  dw 00380h,base+03762h
  dw 0037Fh,base+002EBh
  dw 00480h,base+03507h
  dw 00480h,base+0350Bh
  dw 00406h,base+0350Fh
  dw 0027Ah,base+00272h
  dw 00405h,base+03513h
  dw 0057Bh,base+03252h
  dw 00B7Dh,base+01EAAh
  dw 00103h,base+00003h
  dw 00C7Dh,base+01A87h
  dw 00F7Fh,base+01050h
  dw 01180h,base+00B5Fh
  dw 01180h,base+00B70h
  dw 01280h,base+00919h
  dw 01280h,base+0092Bh
  dw 01380h,base+00760h
  dw 01380h,base+00773h
  dw 01380h,base+00786h
  dw 01381h,base+00799h
  dw 0127Fh,base+0093Dh
  dw 01380h,base+007ACh
  dw 01380h,base+007BFh
  dw 01481h,base+00654h
  dw 01380h,base+007D2h
  dw 01380h,base+007E5h
  dw 0127Fh,base+0094Fh
  dw 01381h,base+007F8h
  dw 00E81h,base+0131Ch
  dw 00809h,base+0296Eh
  dw 00478h,base+03517h
  dw 00608h,base+02F97h
  dw 00478h,base+0351Bh
  dw 00608h,base+02F9Dh
  dw 00478h,base+0351Fh
  dw 00508h,base+03257h
  dw 00478h,base+03523h
  dw 00508h,base+0325Ch
  dw 00478h,base+03527h
  dw 00408h,base+0352Bh
  dw 00479h,base+0352Fh
  dw 00307h,base+03765h
  dw 00479h,base+03533h
  dw 00207h,base+001F4h
  dw 00479h,base+03537h
  dw 00107h,base+00017h
  dw 00480h,base+0353Bh
  dw 00480h,base+0353Fh
  dw 00481h,base+03543h
  dw 00380h,base+03768h
  dw 00380h,base+018EAh
  dw 00480h,base+03547h
  dw 00480h,base+0354Bh
  dw 00480h,base+0354Fh
  dw 00480h,base+03553h
  dw 00480h,base+03557h
  dw 00480h,base+032A3h
  dw 00480h,base+0353Fh
  dw 00481h,base+0353Fh
  dw 00380h,base+024B2h
  dw 00380h,base+0376Bh
  dw 00380h,base+02AA0h
  dw 00380h,base+00B41h
  dw 00380h,base+01A93h
  dw 00380h,base+0376Eh
  dw 00381h,base+03771h
  dw 00280h,base+01592h
  dw 00280h,base+01592h
  dw 00280h,base+022F4h
  dw 0027Fh,base+00446h
  dw 00480h,base+0355Bh
  dw 0047Fh,base+0355Fh
  dw 0057Fh,base+03261h
  dw 00680h,base+02FA3h
  dw 00680h,base+02FA9h
  dw 00304h,base+00078h
  dw 00200h,base+0003Ch

chunliPage2frame030:
  db 03Ch,049h,06Ch,03Bh
  db 084h
  db 073h,022h,01Eh,071h,026h
  db 000h,000h
  db 000h,000h
  dw 00180h,base+00008h
  dw 00180h,base+00054h
  dw 00581h,base+03266h
  dw 0047Fh,base+03563h
  dw 00579h,base+0326Bh
  dw 00206h,base+0008Fh
  dw 0067Ah,base+02FAFh
  dw 00206h,base+015B2h
  dw 00676h,base+02FB5h
  dw 00103h,base+00003h
  dw 00506h,base+03270h
  dw 00776h,base+02D2Fh
  dw 00E80h,base+0132Ah
  dw 00D0Eh,base+016A0h
  dw 00172h,base+00052h
  dw 00C0Eh,base+01A93h
  dw 00172h,base+0004Eh
  dw 00C13h,base+01A9Fh
  dw 0036Dh,base+00078h
  dw 00B12h,base+01EB5h
  dw 0046Fh,base+00073h
  dw 0090Fh,base+02649h
  dw 00771h,base+02D36h
  dw 0090Eh,base+02652h
  dw 00872h,base+02976h
  dw 0090Dh,base+0265Bh
  dw 00972h,base+02664h
  dw 00B0Dh,base+01EC0h
  dw 00A73h,base+021B3h
  dw 01880h,base+00387h
  dw 01881h,base+0039Fh
  dw 00203h,base+00DE9h
  dw 0147Dh,base+00668h
  dw 00103h,base+00003h
  dw 01580h,base+0044Ah
  dw 01518h,base+0045Fh
  dw 00168h,base+00021h
  dw 01011h,base+00D61h
  dw 00407h,base+03567h
  dw 00268h,base+00134h
  dw 00F12h,base+0105Fh
  dw 0086Eh,base+0297Eh
  dw 00E13h,base+01338h
  dw 0076Dh,base+02D3Dh
  dw 00D13h,base+016ADh
  dw 0066Dh,base+02FBBh
  dw 00D14h,base+016BAh
  dw 0056Dh,base+03275h
  dw 00405h,base+0356Bh
  dw 0070Eh,base+02D44h
  dw 00472h,base+0356Fh
  dw 0080Eh,base+02986h
  dw 00472h,base+03573h
  dw 0090Eh,base+0266Dh
  dw 00272h,base+02EBFh
  dw 00A0Fh,base+021BDh
  dw 00171h,base+00001h
  dw 00B0Fh,base+01ECBh
  dw 00171h,base+00011h
  dw 00B80h,base+01ED6h
  dw 00B80h,base+01EE1h
  dw 00B80h,base+01EECh
  dw 00A80h,base+021C7h
  dw 00A80h,base+021D1h
  dw 00809h,base+0298Eh
  dw 00177h,base+00017h
  dw 00880h,base+02996h
  dw 00880h,base+0299Eh
  dw 00880h,base+029A6h
  dw 00881h,base+029AEh
  dw 00203h,base+0378Bh
  dw 0047Dh,base+03577h
  dw 00203h,base+015F9h
  dw 0047Dh,base+0357Bh
  dw 00203h,base+01B9Fh
  dw 0047Eh,base+0357Fh
  dw 00102h,base+0002Fh
  dw 00480h,base+03583h
  dw 00480h,base+03587h
  dw 00480h,base+00BCDh
  dw 00480h,base+0358Bh
  dw 00480h,base+0358Fh
  dw 00480h,base+03593h
  dw 00480h,base+01DD9h
  dw 00481h,base+0039Bh
  dw 00380h,base+00061h
  dw 00380h,base+002FEh
  dw 00380h,base+00DF2h
  dw 00380h,base+000D4h
  dw 00380h,base+000D4h
  dw 00380h,base+0047Dh
  dw 00380h,base+00228h
  dw 00380h,base+0223Eh
  dw 00380h,base+0194Fh
  dw 00380h,base+03774h
  dw 00381h,base+035BEh
  dw 00280h,base+01592h
  dw 00280h,base+01592h
  dw 00280h,base+022F4h
  dw 0037Fh,base+007FEh
  dw 00480h,base+0023Eh
  dw 00580h,base+0327Ah
  dw 00680h,base+02FC1h
  dw 00680h,base+02FC7h
  dw 00204h,base+002C3h
  dw 00200h,base+0003Ch


