  dw chunliPage0frame000
  dw chunliPage0frame001
  dw chunliPage0frame002
  dw chunliPage0frame003
  dw chunliPage0frame004
  dw chunliPage0frame005
  dw chunliPage0frame006
  dw chunliPage0frame007
  dw chunliPage0frame008
  dw chunliPage0frame009
  dw chunliPage0frame010
  dw chunliPage0frame011
  dw chunliPage0frame012
  dw chunliPage0frame013
  dw chunliPage0frame014
  dw chunliPage0frame015
  dw chunliPage0frame016
  dw chunliPage0frame017
  dw chunliPage0frame018
  dw chunliPage0frame019
  dw chunliPage0frame020
  dw chunliPage0frame021
  dw chunliPage0frame022
  dw chunliPage0frame023
  dw chunliPage0frame024
  dw chunliPage0frame025
  dw chunliPage0frame026
  dw chunliPage0frame027
  dw chunliPage0frame028

chunliPage0frame000:
  db 02Ah,04Bh,06Eh,039h
  db 07Ch
  db 067h,022h,022h,06Ah,024h
  db 000h,000h
  db 000h,000h
  dw 0017Fh,base+0001Ah
  dw 00580h,base+02220h
  dw 00580h,base+01D43h
  dw 00580h,base+0222Ah
  dw 00680h,base+026A7h
  dw 00680h,base+02F64h
  dw 00680h,base+02F6Bh
  dw 00680h,base+026C2h
  dw 00681h,base+0306Eh
  dw 00580h,base+036C2h
  dw 00480h,base+026D5h
  dw 0047Ch,base+02C46h
  dw 00880h,base+02A46h
  dw 0087Fh,base+02A4Eh
  dw 00980h,base+02374h
  dw 00980h,base+0237Dh
  dw 00880h,base+02A56h
  dw 00880h,base+02A5Eh
  dw 00880h,base+02A66h
  dw 0080Dh,base+02A6Eh
  dw 00173h,base+00154h
  dw 0080Bh,base+02A76h
  dw 00475h,base+03A50h
  dw 0080Bh,base+02A7Eh
  dw 00475h,base+03A54h
  dw 0080Bh,base+02A86h
  dw 00475h,base+03A58h
  dw 0090Ch,base+02386h
  dw 00374h,base+03DD8h
  dw 0090Bh,base+0238Fh
  dw 00475h,base+03A5Ch
  dw 0090Bh,base+02398h
  dw 00375h,base+03DDBh
  dw 00E80h,base+00F13h
  dw 00D80h,base+011A5h
  dw 00C80h,base+0155Ah
  dw 00B80h,base+01902h
  dw 00B80h,base+0190Dh
  dw 00B7Fh,base+01918h
  dw 0080Ah,base+02A8Eh
  dw 00176h,base+00011h
  dw 0080Ah,base+02A96h
  dw 00176h,base+0000Fh
  dw 0087Fh,base+02A9Eh
  dw 00980h,base+023A1h
  dw 00A80h,base+01E56h
  dw 00A80h,base+01E60h
  dw 00B80h,base+01923h
  dw 00B80h,base+0192Eh
  dw 00C80h,base+01566h
  dw 00C80h,base+01572h
  dw 00D80h,base+011B2h
  dw 00D80h,base+011BFh
  dw 00E80h,base+00F21h
  dw 00E80h,base+00F2Fh
  dw 00E80h,base+00F3Dh
  dw 00E80h,base+00F4Bh
  dw 00809h,base+02AA6h
  dw 00677h,base+033E0h
  dw 0090Ah,base+023AAh
  dw 00576h,base+036C7h
  dw 0090Bh,base+023B3h
  dw 00475h,base+03A60h
  dw 0090Ch,base+023BCh
  dw 00374h,base+00223h
  dw 0090Ch,base+023C5h
  dw 00374h,base+03AF2h
  dw 0090Ch,base+023CEh
  dw 00375h,base+009DFh
  dw 0070Bh,base+02F1Eh
  dw 00376h,base+008D0h
  dw 0060Ah,base+033E6h
  dw 00476h,base+0149Fh
  dw 0050Ah,base+036CCh
  dw 00477h,base+03A64h
  dw 00409h,base+00540h
  dw 00476h,base+03A64h
  dw 0050Ah,base+036D1h
  dw 00476h,base+01123h
  dw 0050Bh,base+036D6h
  dw 00375h,base+03AB5h
  dw 0040Bh,base+03A68h
  dw 00375h,base+03DDEh
  dw 0040Bh,base+03A6Ch
  dw 00475h,base+03A70h
  dw 0030Bh,base+03DE1h
  dw 00375h,base+03DE4h
  dw 0030Bh,base+03DE7h
  dw 00374h,base+00E49h
  dw 0040Dh,base+03A74h
  dw 00273h,base+00E54h
  dw 0030Dh,base+03DEAh
  dw 00273h,base+0106Ch
  dw 0020Eh,base+00087h
  dw 00172h,base+00071h
  dw 0020Eh,base+00324h
  dw 00272h,base+000BBh
  dw 0020Eh,base+00173h
  dw 00371h,base+03DEDh
  dw 0030Fh,base+033D5h
  dw 00371h,base+03DF0h
  dw 0030Fh,base+03DF3h
  dw 00471h,base+03A78h
  dw 0030Fh,base+03DF6h
  dw 00571h,base+036DBh
  dw 0040Fh,base+03A7Ch
  dw 00571h,base+035D8h
  dw 0040Fh,base+03A80h
  dw 00671h,base+033ECh
  dw 00410h,base+03188h
  dw 00102h,base+00029h
  dw 00300h,base+003C1h

chunliPage0frame001:
  db 02Ah,04Ch,06Eh,038h
  db 07Ch
  db 067h,022h,022h,06Ah,024h
  db 000h,000h
  db 000h,000h
  dw 0017Fh,base+0001Ah
  dw 00580h,base+02220h
  dw 00580h,base+01D43h
  dw 00580h,base+0222Ah
  dw 00680h,base+026A7h
  dw 00680h,base+02F64h
  dw 00680h,base+02F6Bh
  dw 00680h,base+026C2h
  dw 00681h,base+033F2h
  dw 00580h,base+036C2h
  dw 0047Ch,base+026D5h
  dw 00104h,base+0001Ah
  dw 0047Ch,base+028F5h
  dw 0087Fh,base+02AAEh
  dw 00980h,base+023D7h
  dw 00980h,base+023E0h
  dw 00980h,base+023E9h
  dw 00880h,base+02AB6h
  dw 00880h,base+02ABEh
  dw 00880h,base+02671h
  dw 0080Dh,base+02AC6h
  dw 00173h,base+00154h
  dw 0080Bh,base+02ACEh
  dw 00475h,base+03A50h
  dw 0080Bh,base+02AD6h
  dw 00475h,base+03A54h
  dw 0090Bh,base+023F2h
  dw 00475h,base+03A58h
  dw 0090Ch,base+023FBh
  dw 00374h,base+03DD8h
  dw 0090Bh,base+02404h
  dw 00475h,base+03A5Ch
  dw 00A0Bh,base+01E6Ah
  dw 00375h,base+03DDBh
  dw 00E80h,base+00F59h
  dw 00D80h,base+011CCh
  dw 00C80h,base+0157Eh
  dw 00B80h,base+01939h
  dw 00B80h,base+01944h
  dw 00809h,base+02ADEh
  dw 00177h,base+00011h
  dw 00709h,base+02F25h
  dw 00176h,base+0000Fh
  dw 00880h,base+02AE6h
  dw 00780h,base+02F2Ch
  dw 0087Fh,base+02AEEh
  dw 00980h,base+0240Dh
  dw 00A80h,base+01E56h
  dw 00A80h,base+01E60h
  dw 00B80h,base+01923h
  dw 00B80h,base+0192Eh
  dw 00C80h,base+01566h
  dw 00C80h,base+01572h
  dw 00D80h,base+011B2h
  dw 00D80h,base+011BFh
  dw 00E80h,base+00F21h
  dw 00E80h,base+00F2Fh
  dw 00E80h,base+00F3Dh
  dw 00E80h,base+00F4Bh
  dw 00809h,base+02AA6h
  dw 00677h,base+033E0h
  dw 0090Ah,base+023AAh
  dw 00576h,base+036C7h
  dw 0090Bh,base+023B3h
  dw 00475h,base+03A60h
  dw 0090Ch,base+023BCh
  dw 00374h,base+00223h
  dw 0090Ch,base+023C5h
  dw 00374h,base+03AF2h
  dw 0090Ch,base+023CEh
  dw 00375h,base+009DFh
  dw 0070Bh,base+02F1Eh
  dw 00376h,base+008D0h
  dw 0060Ah,base+033E6h
  dw 00476h,base+0149Fh
  dw 0050Ah,base+036CCh
  dw 00477h,base+03A64h
  dw 00409h,base+00540h
  dw 00476h,base+03A64h
  dw 0050Ah,base+036D1h
  dw 00476h,base+01123h
  dw 0050Bh,base+036D6h
  dw 00375h,base+03AB5h
  dw 0040Bh,base+03A68h
  dw 00375h,base+03DDEh
  dw 0040Bh,base+03A6Ch
  dw 00475h,base+03A70h
  dw 0030Bh,base+03DE1h
  dw 00375h,base+03DE4h
  dw 0030Bh,base+03DE7h
  dw 00374h,base+00E49h
  dw 0040Dh,base+03A74h
  dw 00273h,base+00E54h
  dw 0030Dh,base+03DEAh
  dw 00273h,base+0106Ch
  dw 0020Eh,base+00087h
  dw 00172h,base+00071h
  dw 0020Eh,base+00324h
  dw 00272h,base+000BBh
  dw 0020Eh,base+00173h
  dw 00371h,base+03DEDh
  dw 0030Fh,base+033D5h
  dw 00371h,base+03DF0h
  dw 0030Fh,base+03DF3h
  dw 00471h,base+03A78h
  dw 0030Fh,base+03DF6h
  dw 00571h,base+036DBh
  dw 0040Fh,base+03A7Ch
  dw 00571h,base+035D8h
  dw 0040Fh,base+03A80h
  dw 00671h,base+033ECh
  dw 00410h,base+03188h
  dw 00102h,base+00029h
  dw 00300h,base+003C1h

chunliPage0frame002:
  db 02Ah,04Dh,06Eh,037h
  db 07Ah
  db 067h,022h,022h,06Ah,024h
  db 000h,000h
  db 000h,000h
  dw 00203h,base+0001Ah
  dw 0017Dh,base+0001Ah
  dw 0047Fh,base+03861h
  dw 00680h,base+033F8h
  dw 00680h,base+0329Eh
  dw 00680h,base+030ECh
  dw 00780h,base+02F33h
  dw 00781h,base+02F3Ah
  dw 0067Fh,base+03102h
  dw 00781h,base+02F41h
  dw 0067Dh,base+033FEh
  dw 00103h,base+0001Ah
  dw 0057Ch,base+0201Dh
  dw 00304h,base+03DF9h
  dw 0057Ch,base+036E0h
  dw 0097Fh,base+02416h
  dw 00A80h,base+01E74h
  dw 00980h,base+0241Fh
  dw 00980h,base+02428h
  dw 00980h,base+02431h
  dw 00981h,base+0243Ah
  dw 00880h,base+02AF6h
  dw 0080Ch,base+02AFEh
  dw 00274h,base+01449h
  dw 0080Bh,base+02B06h
  dw 00475h,base+03A84h
  dw 0080Bh,base+02B0Eh
  dw 00475h,base+03A88h
  dw 0090Bh,base+02443h
  dw 00475h,base+03A8Ch
  dw 0090Bh,base+0244Ch
  dw 00475h,base+03A90h
  dw 0090Bh,base+02455h
  dw 00374h,base+03DFCh
  dw 00F80h,base+00C9Dh
  dw 00F80h,base+00CACh
  dw 00E80h,base+00F67h
  dw 00C80h,base+0158Ah
  dw 00C81h,base+01596h
  dw 00708h,base+02F48h
  dw 00279h,base+00001h
  dw 0067Fh,base+03404h
  dw 00780h,base+02F4Fh
  dw 0067Fh,base+0340Ah
  dw 00780h,base+02F56h
  dw 00780h,base+02F5Dh
  dw 0087Fh,base+02B16h
  dw 00980h,base+0240Dh
  dw 00A80h,base+01E56h
  dw 00A80h,base+01E60h
  dw 00B80h,base+01923h
  dw 00B80h,base+0192Eh
  dw 00C80h,base+01566h
  dw 00C80h,base+01572h
  dw 00D80h,base+011B2h
  dw 00D80h,base+011BFh
  dw 00E80h,base+00F21h
  dw 00E80h,base+00F2Fh
  dw 00E80h,base+00F3Dh
  dw 00E80h,base+00F4Bh
  dw 00809h,base+02AA6h
  dw 00677h,base+033E0h
  dw 0090Ah,base+023AAh
  dw 00576h,base+036C7h
  dw 0090Bh,base+023B3h
  dw 00475h,base+03A60h
  dw 0090Ch,base+023BCh
  dw 00374h,base+00223h
  dw 0090Ch,base+023C5h
  dw 00374h,base+03AF2h
  dw 0090Ch,base+023CEh
  dw 00375h,base+009DFh
  dw 0070Bh,base+02F1Eh
  dw 00376h,base+008D0h
  dw 0060Ah,base+033E6h
  dw 00476h,base+0149Fh
  dw 0050Ah,base+036CCh
  dw 00477h,base+03A64h
  dw 00409h,base+00540h
  dw 00476h,base+03A64h
  dw 0050Ah,base+036D1h
  dw 00476h,base+01123h
  dw 0050Bh,base+036D6h
  dw 00375h,base+03AB5h
  dw 0040Bh,base+03A68h
  dw 00375h,base+03DDEh
  dw 0040Bh,base+03A6Ch
  dw 00475h,base+03A70h
  dw 0030Bh,base+03DE1h
  dw 00375h,base+03DE4h
  dw 0030Bh,base+03DE7h
  dw 00374h,base+00E49h
  dw 0040Dh,base+03A74h
  dw 00273h,base+00E54h
  dw 0030Dh,base+03DEAh
  dw 00273h,base+0106Ch
  dw 0020Eh,base+00087h
  dw 00172h,base+00071h
  dw 0020Eh,base+00324h
  dw 00272h,base+000BBh
  dw 0020Eh,base+00173h
  dw 00371h,base+03DEDh
  dw 0030Fh,base+033D5h
  dw 00371h,base+03DF0h
  dw 0030Fh,base+03DF3h
  dw 00471h,base+03A78h
  dw 0030Fh,base+03DF6h
  dw 00571h,base+036DBh
  dw 0040Fh,base+03A7Ch
  dw 00571h,base+035D8h
  dw 0040Fh,base+03A80h
  dw 00671h,base+033ECh
  dw 00410h,base+03188h
  dw 00102h,base+00029h
  dw 00300h,base+003C1h

chunliPage0frame003:
  db 02Eh,04Ah,06Ch,03Ah
  db 08Ah
  db 076h,023h,022h,06Ch,02Ah
  db 000h,000h
  db 000h,000h
  dw 00102h,base+0001Ah
  dw 0017Dh,base+0001Ah
  dw 00580h,base+02220h
  dw 00580h,base+01D43h
  dw 00680h,base+02C3Eh
  dw 00680h,base+026A7h
  dw 00780h,base+02F64h
  dw 00780h,base+02F6Bh
  dw 00780h,base+02F72h
  dw 00780h,base+01FE6h
  dw 00681h,base+03410h
  dw 0057Dh,base+036E5h
  dw 0077Fh,base+02F79h
  dw 0087Fh,base+02B1Eh
  dw 00880h,base+02B26h
  dw 00880h,base+02B2Eh
  dw 0087Fh,base+02B36h
  dw 00708h,base+02F80h
  dw 00178h,base+0000Fh
  dw 00780h,base+02F87h
  dw 00780h,base+02F8Eh
  dw 00809h,base+02B3Eh
  dw 00103h,base+008C8h
  dw 00174h,base+00013h
  dw 0070Ah,base+02F95h
  dw 00476h,base+03A94h
  dw 0070Ah,base+02F9Ch
  dw 00476h,base+03A98h
  dw 0070Ah,base+02FA3h
  dw 00476h,base+03A9Ch
  dw 0080Ah,base+02B46h
  dw 00476h,base+03AA0h
  dw 00809h,base+02B4Eh
  dw 00477h,base+03AA4h
  dw 00D80h,base+011D9h
  dw 00D7Fh,base+011E6h
  dw 00607h,base+03416h
  dw 00479h,base+03AA8h
  dw 00B7Fh,base+0194Fh
  dw 00C80h,base+015A2h
  dw 00D7Fh,base+011F3h
  dw 00E80h,base+00F75h
  dw 00D80h,base+01200h
  dw 0070Ah,base+02FAAh
  dw 00102h,base+00028h
  dw 00173h,base+00029h
  dw 0090Bh,base+0245Eh
  dw 00175h,base+00029h
  dw 0090Bh,base+02467h
  dw 00175h,base+00028h
  dw 00A0Bh,base+01E7Eh
  dw 00175h,base+00028h
  dw 00A80h,base+01E88h
  dw 00B80h,base+0195Ah
  dw 00B80h,base+01965h
  dw 00C80h,base+015AEh
  dw 00C80h,base+015BAh
  dw 00D80h,base+0120Dh
  dw 00D80h,base+0121Ah
  dw 00E80h,base+00F83h
  dw 00E80h,base+00F91h
  dw 00E80h,base+00F9Fh
  dw 00809h,base+02B56h
  dw 00577h,base+036EAh
  dw 00809h,base+02B5Eh
  dw 00577h,base+036EFh
  dw 0080Ah,base+02B5Eh
  dw 00476h,base+03AACh
  dw 0080Bh,base+02B66h
  dw 00375h,base+000AFh
  dw 0060Bh,base+0341Ch
  dw 00375h,base+000AFh
  dw 0060Bh,base+03422h
  dw 00375h,base+009D2h
  dw 0060Ah,base+03428h
  dw 00476h,base+03AB0h
  dw 0060Ah,base+0342Eh
  dw 00476h,base+03AB0h
  dw 0060Ah,base+03434h
  dw 00476h,base+03AB0h
  dw 0050Ah,base+01DEEh
  dw 00475h,base+03AB0h
  dw 0060Bh,base+01A9Ah
  dw 00474h,base+03AB4h
  dw 0060Dh,base+0343Ah
  dw 00373h,base+03AB5h
  dw 0050Dh,base+036F4h
  dw 00273h,base+00CBFh
  dw 0040Dh,base+03AB8h
  dw 00372h,base+00355h
  dw 0040Eh,base+03ABCh
  dw 00371h,base+03DFFh
  dw 0050Fh,base+036F9h
  dw 00271h,base+0015Ah
  dw 0050Fh,base+036FEh
  dw 00270h,base+00791h
  dw 00510h,base+03703h
  dw 00270h,base+00791h
  dw 00310h,base+03E02h
  dw 00270h,base+006A3h
  dw 00310h,base+01144h
  dw 00270h,base+0001Dh
  dw 00310h,base+03E05h
  dw 00270h,base+0036Fh
  dw 00310h,base+03E08h
  dw 00371h,base+03E0Bh
  dw 0020Fh,base+000F0h
  dw 00471h,base+03AC0h
  dw 0030Fh,base+03E0Eh
  dw 00572h,base+000EBh
  dw 0030Eh,base+025A7h
  dw 00572h,base+03708h
  dw 0030Eh,base+010DDh
  dw 00572h,base+0370Dh
  dw 0030Eh,base+006C3h
  dw 00103h,base+0001Ch
  dw 00200h,base+000B0h

chunliPage0frame004:
  db 028h,04Dh,072h,037h
  db 08Ah
  db 075h,025h,024h,06Dh,022h
  db 000h,000h
  db 000h,000h
  dw 00102h,base+0001Ah
  dw 0017Dh,base+0001Ah
  dw 00580h,base+02220h
  dw 00580h,base+01D43h
  dw 00680h,base+02C3Eh
  dw 00680h,base+026A7h
  dw 00780h,base+02F64h
  dw 00780h,base+02F6Bh
  dw 00780h,base+02F72h
  dw 00780h,base+01FE6h
  dw 0067Eh,base+03410h
  dw 00103h,base+0001Ah
  dw 0057Fh,base+036E5h
  dw 0057Dh,base+03712h
  dw 00102h,base+00036h
  dw 0067Eh,base+01F36h
  dw 00780h,base+02FB1h
  dw 0077Fh,base+02FB8h
  dw 00880h,base+02B6Eh
  dw 00880h,base+02B76h
  dw 00780h,base+02FBFh
  dw 0077Fh,base+02FC6h
  dw 0080Ch,base+02B7Eh
  dw 00274h,base+0019Ah
  dw 0080Ah,base+02B86h
  dw 00102h,base+000BEh
  dw 00274h,base+00113h
  dw 0070Ah,base+02FCDh
  dw 00476h,base+03AC4h
  dw 0080Ah,base+02B8Eh
  dw 00476h,base+03AC8h
  dw 0080Ah,base+02B96h
  dw 00476h,base+03ACCh
  dw 0080Ah,base+02B9Eh
  dw 00477h,base+01B1Ch
  dw 00C7Fh,base+015C6h
  dw 00D80h,base+01227h
  dw 00E7Fh,base+00FADh
  dw 00C0Eh,base+015D2h
  dw 00172h,base+008C8h
  dw 00B7Fh,base+01970h
  dw 00C80h,base+015DEh
  dw 00B80h,base+0197Bh
  dw 00B7Fh,base+01986h
  dw 00B80h,base+01991h
  dw 00980h,base+02470h
  dw 00980h,base+02479h
  dw 00980h,base+02482h
  dw 00980h,base+0248Bh
  dw 00980h,base+02494h
  dw 00980h,base+0249Dh
  dw 00A80h,base+01E92h
  dw 00A80h,base+01E9Ch
  dw 00A80h,base+01EA6h
  dw 00A80h,base+01EB0h
  dw 00B80h,base+0199Ch
  dw 00B80h,base+019A7h
  dw 00B80h,base+019B2h
  dw 00B80h,base+019BDh
  dw 00B80h,base+019C8h
  dw 00C80h,base+015EAh
  dw 00C80h,base+015F6h
  dw 00C80h,base+01602h
  dw 00C81h,base+0160Eh
  dw 00607h,base+03440h
  dw 00479h,base+00A00h
  dw 00A81h,base+01EBAh
  dw 0097Fh,base+024A6h
  dw 00A80h,base+01EC4h
  dw 00506h,base+03717h
  dw 0047Ah,base+019B9h
  dw 00506h,base+0371Ch
  dw 00479h,base+019B9h
  dw 00507h,base+03721h
  dw 00378h,base+00B88h
  dw 00608h,base+03446h
  dw 00378h,base+03E11h
  dw 00508h,base+03726h
  dw 00378h,base+03E11h
  dw 00408h,base+03AD0h
  dw 00378h,base+03E14h
  dw 00408h,base+03AD4h
  dw 00378h,base+03E17h
  dw 00308h,base+03E1Ah
  dw 00377h,base+03BB5h
  dw 00409h,base+03AD8h
  dw 00278h,base+00172h
  dw 00308h,base+03B6Dh
  dw 00276h,base+00321h
  dw 0040Ah,base+03ADCh
  dw 00276h,base+01815h
  dw 0030Ah,base+03E1Dh
  dw 00276h,base+000C9h
  dw 0030Ah,base+03ADDh
  dw 00276h,base+000C9h
  dw 0020Ah,base+000ECh
  dw 00276h,base+004A5h
  dw 00309h,base+010C7h
  dw 00377h,base+03E20h
  dw 00309h,base+00D17h
  dw 00477h,base+03AE0h
  dw 00409h,base+03AE4h
  dw 00577h,base+0372Bh
  dw 00509h,base+03730h
  dw 00678h,base+0344Ch
  dw 0040Ah,base+03AE8h
  dw 00477h,base+03AECh
  dw 0030Ah,base+000B0h
  dw 00300h,base+000B0h

chunliPage0frame005:
  db 024h,04Eh,078h,036h
  db 08Ah
  db 078h,023h,021h,069h,022h
  db 000h,000h
  db 000h,000h
  dw 00102h,base+0001Ah
  dw 0017Dh,base+0001Ah
  dw 00580h,base+02220h
  dw 00580h,base+01D43h
  dw 00680h,base+02C3Eh
  dw 00680h,base+026A7h
  dw 00780h,base+02F64h
  dw 00780h,base+02F6Bh
  dw 00780h,base+02F72h
  dw 00780h,base+01FE6h
  dw 0067Ch,base+03410h
  dw 00205h,base+0001Ah
  dw 0057Bh,base+036E5h
  dw 00204h,base+00159h
  dw 0057Bh,base+03712h
  dw 00A80h,base+01ECEh
  dw 00980h,base+024AFh
  dw 00980h,base+024B8h
  dw 00980h,base+024C1h
  dw 00980h,base+024CAh
  dw 00980h,base+024D3h
  dw 00980h,base+024DCh
  dw 0090Ah,base+024E5h
  dw 00103h,base+00110h
  dw 00173h,base+00013h
  dw 0080Bh,base+02BA6h
  dw 00475h,base+03AF0h
  dw 0080Bh,base+02BAEh
  dw 00475h,base+03AF4h
  dw 0080Bh,base+02BB6h
  dw 00475h,base+03AF8h
  dw 0080Bh,base+02BBEh
  dw 00475h,base+03AFCh
  dw 0090Bh,base+024EEh
  dw 00375h,base+0126Eh
  dw 0090Ah,base+024F7h
  dw 00476h,base+03B00h
  dw 00E80h,base+00FBBh
  dw 00E7Fh,base+00FC9h
  dw 00C0Fh,base+0161Ah
  dw 00171h,base+00143h
  dw 00C7Fh,base+01626h
  dw 0090Ah,base+02500h
  dw 00276h,base+00010h
  dw 0090Ah,base+02509h
  dw 00276h,base+009CCh
  dw 0087Fh,base+02BC6h
  dw 00880h,base+02BCEh
  dw 00880h,base+02BD6h
  dw 00880h,base+02BDEh
  dw 00880h,base+02BE6h
  dw 00880h,base+02BEEh
  dw 00980h,base+02512h
  dw 00980h,base+0251Bh
  dw 00980h,base+02524h
  dw 00980h,base+0252Dh
  dw 00980h,base+02536h
  dw 00980h,base+0253Fh
  dw 00980h,base+02548h
  dw 00A80h,base+01ED8h
  dw 00A80h,base+01EE2h
  dw 00A80h,base+01EECh
  dw 00A80h,base+01EF6h
  dw 00A80h,base+01F00h
  dw 00A80h,base+01F0Ah
  dw 00A80h,base+01F14h
  dw 00A80h,base+01F1Eh
  dw 00A80h,base+01F28h
  dw 00304h,base+0100Fh
  dw 0067Dh,base+03452h
  dw 00203h,base+00090h
  dw 00680h,base+03458h
  dw 0057Fh,base+03735h
  dw 00680h,base+0345Eh
  dw 00680h,base+03464h
  dw 00580h,base+0373Ah
  dw 00580h,base+0373Fh
  dw 0057Fh,base+03744h
  dw 00580h,base+03749h
  dw 00581h,base+0374Eh
  dw 00480h,base+03B04h
  dw 00480h,base+03B08h
  dw 00480h,base+03B0Ch
  dw 0037Fh,base+03E23h
  dw 00480h,base+03B10h
  dw 00380h,base+03E26h
  dw 00380h,base+03E29h
  dw 0037Fh,base+03E2Ch
  dw 00480h,base+03B14h
  dw 00680h,base+0346Ah
  dw 00680h,base+03470h
  dw 00780h,base+02FD4h
  dw 00780h,base+02FDBh
  dw 00700h,base+007EBh

chunliPage0frame006:
  db 028h,04Dh,074h,037h
  db 08Ah
  db 077h,025h,021h,06Ah,022h
  db 000h,000h
  db 000h,000h
  dw 00102h,base+0001Ah
  dw 0017Dh,base+0001Ah
  dw 00580h,base+02220h
  dw 00580h,base+01D43h
  dw 00680h,base+02C3Eh
  dw 00680h,base+026A7h
  dw 00780h,base+02F64h
  dw 00780h,base+02F6Bh
  dw 00780h,base+02F72h
  dw 00780h,base+01FE6h
  dw 0067Ch,base+03410h
  dw 00205h,base+0001Ah
  dw 0057Bh,base+036E5h
  dw 00204h,base+00326h
  dw 0057Bh,base+03712h
  dw 00A80h,base+01F32h
  dw 00980h,base+02551h
  dw 00980h,base+0255Ah
  dw 00980h,base+02563h
  dw 00980h,base+0256Ch
  dw 00980h,base+02575h
  dw 00980h,base+0257Eh
  dw 0090Dh,base+02587h
  dw 00273h,base+0019Ah
  dw 0090Bh,base+02590h
  dw 00102h,base+000BEh
  dw 00273h,base+00002h
  dw 0090Bh,base+02599h
  dw 00475h,base+03B18h
  dw 0090Bh,base+025A2h
  dw 00474h,base+03AC8h
  dw 00A0Ch,base+01F3Ch
  dw 00474h,base+03B1Ch
  dw 00A0Ch,base+01F46h
  dw 00474h,base+03B20h
  dw 00B0Ch,base+019D3h
  dw 00374h,base+00580h
  dw 00F80h,base+00CBBh
  dw 00709h,base+02FE2h
  dw 00677h,base+03476h
  dw 00709h,base+02FE9h
  dw 00405h,base+00590h
  dw 00272h,base+00FB9h
  dw 00709h,base+02FF0h
  dw 00406h,base+03B24h
  dw 00170h,base+008C8h
  dw 0080Ah,base+02BF6h
  dw 00376h,base+03028h
  dw 0070Bh,base+02FF7h
  dw 00274h,base+001E2h
  dw 0080Ch,base+02BFEh
  dw 00174h,base+00001h
  dw 00780h,base+02FFEh
  dw 00780h,base+03005h
  dw 0077Fh,base+0300Ch
  dw 00980h,base+025ABh
  dw 00980h,base+025B4h
  dw 00980h,base+025BDh
  dw 00980h,base+025C6h
  dw 00980h,base+025CFh
  dw 00980h,base+025D8h
  dw 00980h,base+025E1h
  dw 00980h,base+025EAh
  dw 00980h,base+025F3h
  dw 00A80h,base+01F50h
  dw 00A80h,base+01F5Ah
  dw 00A80h,base+01F64h
  dw 00A80h,base+01F6Eh
  dw 00B80h,base+019DEh
  dw 00B80h,base+019E9h
  dw 00B80h,base+019F4h
  dw 00B80h,base+019FFh
  dw 00B81h,base+01A0Ah
  dw 00A81h,base+01F78h
  dw 00981h,base+025FCh
  dw 00780h,base+03013h
  dw 0077Fh,base+0301Ah
  dw 00880h,base+02C06h
  dw 00880h,base+02C0Eh
  dw 0077Fh,base+03021h
  dw 00881h,base+02C16h
  dw 00304h,base+03E2Fh
  dw 0037Ch,base+01460h
  dw 00304h,base+03E32h
  dw 0037Bh,base+03E35h
  dw 00405h,base+03B28h
  dw 0037Ah,base+03E38h
  dw 00406h,base+03B2Ch
  dw 0037Ah,base+03BB5h
  dw 00306h,base+02191h
  dw 00279h,base+00173h
  dw 00307h,base+029B2h
  dw 00279h,base+00035h
  dw 00307h,base+03E3Bh
  dw 00279h,base+00035h
  dw 00307h,base+010C7h
  dw 00279h,base+00ABFh
  dw 00307h,base+03E3Eh
  dw 00279h,base+002F9h
  dw 00307h,base+03E41h
  dw 0037Ah,base+03DFFh
  dw 00305h,base+03507h
  dw 0047Bh,base+03B30h
  dw 00305h,base+00241h
  dw 0067Bh,base+0347Ch
  dw 00305h,base+03E44h
  dw 0067Ch,base+03482h
  dw 00204h,base+00045h
  dw 00681h,base+03488h
  dw 00102h,base+00029h
  dw 00300h,base+003C1h

chunliPage0frame007:
  db 02Eh,04Ch,06Eh,038h
  db 08Ah
  db 077h,025h,020h,06Fh,025h
  db 000h,000h
  db 000h,000h
  dw 00102h,base+0001Ah
  dw 0017Dh,base+0001Ah
  dw 00580h,base+02220h
  dw 00580h,base+01D43h
  dw 00680h,base+02C3Eh
  dw 00680h,base+026A7h
  dw 00780h,base+02F64h
  dw 00780h,base+02F6Bh
  dw 00780h,base+02F72h
  dw 0077Ch,base+01FE6h
  dw 00104h,base+0001Ah
  dw 0067Ch,base+03410h
  dw 00205h,base+000D9h
  dw 0057Ah,base+036E5h
  dw 00305h,base+029C4h
  dw 0057Bh,base+03712h
  dw 00A80h,base+01F82h
  dw 00980h,base+02605h
  dw 00980h,base+0260Eh
  dw 0097Fh,base+02617h
  dw 00A80h,base+01F8Ch
  dw 00A80h,base+01F96h
  dw 00A80h,base+01FA0h
  dw 00A7Fh,base+01FAAh
  dw 00B0Dh,base+01A15h
  dw 00102h,base+00143h
  dw 00271h,base+0019Ah
  dw 00B0Dh,base+01A20h
  dw 00473h,base+03B34h
  dw 00B0Dh,base+01A2Bh
  dw 00473h,base+03B38h
  dw 00B0Dh,base+01A36h
  dw 00472h,base+03B3Ch
  dw 00C0Fh,base+01632h
  dw 00371h,base+03E47h
  dw 00D0Eh,base+01234h
  dw 00473h,base+03B40h
  dw 00C0Dh,base+0163Eh
  dw 00373h,base+03E4Ah
  dw 00809h,base+02C1Eh
  dw 00778h,base+03028h
  dw 00609h,base+0348Eh
  dw 00776h,base+0302Fh
  dw 0070Ah,base+03036h
  dw 00406h,base+03B44h
  dw 00170h,base+00110h
  dw 0070Ah,base+0303Dh
  dw 00375h,base+005F3h
  dw 0070Ch,base+03044h
  dw 00274h,base+001E2h
  dw 0070Ch,base+0304Bh
  dw 00174h,base+00001h
  dw 00780h,base+03052h
  dw 0087Fh,base+02C26h
  dw 00980h,base+02620h
  dw 00980h,base+02629h
  dw 00980h,base+02632h
  dw 00980h,base+0263Bh
  dw 00980h,base+02644h
  dw 00980h,base+0264Dh
  dw 00A80h,base+01FB4h
  dw 00A80h,base+01FBEh
  dw 00B80h,base+01A41h
  dw 00B80h,base+01A4Ch
  dw 00C80h,base+0164Ah
  dw 00C80h,base+01656h
  dw 00D80h,base+01241h
  dw 00D80h,base+0124Eh
  dw 00D80h,base+0125Bh
  dw 00D80h,base+01268h
  dw 00D80h,base+01275h
  dw 00709h,base+03059h
  dw 00477h,base+03B48h
  dw 0070Ah,base+03060h
  dw 00377h,base+03E4Dh
  dw 00608h,base+03494h
  dw 00477h,base+03B4Ch
  dw 00709h,base+03067h
  dw 00477h,base+03B50h
  dw 00609h,base+0349Ah
  dw 00477h,base+03B50h
  dw 00609h,base+034A0h
  dw 00476h,base+03B54h
  dw 0060Ah,base+034A6h
  dw 00476h,base+03B58h
  dw 0050Bh,base+03753h
  dw 00374h,base+0380Dh
  dw 0050Ch,base+03758h
  dw 00374h,base+03B81h
  dw 0040Ch,base+03B5Ch
  dw 00274h,base+00147h
  dw 0030Bh,base+03E50h
  dw 00474h,base+03B60h
  dw 0040Ch,base+03B64h
  dw 00473h,base+03B68h
  dw 0050Eh,base+0375Dh
  dw 00372h,base+03E53h
  dw 0030Eh,base+03E56h
  dw 00272h,base+0014Fh
  dw 0030Eh,base+020D3h
  dw 00272h,base+00035h
  dw 0030Eh,base+03E59h
  dw 00272h,base+00035h
  dw 0030Eh,base+0172Bh
  dw 00272h,base+00791h
  dw 0030Eh,base+02FA0h
  dw 00272h,base+00035h
  dw 0030Eh,base+02FA0h
  dw 00372h,base+03E5Ch
  dw 0030Eh,base+02FB8h
  dw 00472h,base+03B6Ch
  dw 0040Eh,base+03B70h
  dw 00572h,base+03762h
  dw 0040Eh,base+03B74h
  dw 00572h,base+03767h
  dw 0040Eh,base+01206h
  dw 00580h,base+0376Ch
  dw 00102h,base+0000Fh
  dw 00300h,base+000B0h

chunliPage0frame008:
  db 02Ah,040h,06Eh,044h
  db 082h
  db 06Eh,022h,01Dh,06Eh,024h
  db 000h,000h
  db 000h,000h
  dw 0017Fh,base+0001Ah
  dw 00580h,base+02220h
  dw 00580h,base+01D43h
  dw 00580h,base+0222Ah
  dw 00680h,base+026A7h
  dw 00780h,base+02F64h
  dw 00780h,base+02F6Bh
  dw 00780h,base+026C2h
  dw 00781h,base+0306Eh
  dw 00580h,base+036C2h
  dw 0057Ch,base+026D5h
  dw 00104h,base+0001Ah
  dw 0047Ch,base+02C46h
  dw 0087Fh,base+02AAEh
  dw 00980h,base+02656h
  dw 00980h,base+0265Fh
  dw 00980h,base+02668h
  dw 00880h,base+02C2Eh
  dw 00880h,base+02ABEh
  dw 00980h,base+02671h
  dw 0080Dh,base+02AC6h
  dw 00173h,base+00154h
  dw 0080Bh,base+02ACEh
  dw 00475h,base+03A50h
  dw 0080Bh,base+02AD6h
  dw 00475h,base+03A54h
  dw 0090Bh,base+023F2h
  dw 00475h,base+03A58h
  dw 0090Ch,base+023FBh
  dw 00374h,base+03DD8h
  dw 0090Bh,base+02404h
  dw 00475h,base+03A5Ch
  dw 00A0Bh,base+01E6Ah
  dw 00375h,base+03DDBh
  dw 00E80h,base+00F59h
  dw 00D80h,base+011CCh
  dw 00C80h,base+0157Eh
  dw 00B80h,base+01939h
  dw 00B80h,base+01944h
  dw 00809h,base+02ADEh
  dw 00177h,base+00011h
  dw 00780h,base+03075h
  dw 00709h,base+0307Ch
  dw 00476h,base+003C1h
  dw 00E80h,base+00FD7h
  dw 00F80h,base+00CCAh
  dw 00F7Fh,base+00CD9h
  dw 01080h,base+00A5Dh
  dw 01080h,base+00A6Dh
  dw 01080h,base+00A7Dh
  dw 00F80h,base+00CE8h
  dw 00F7Fh,base+00CF7h
  dw 01080h,base+00A8Dh
  dw 01080h,base+00A9Dh
  dw 00C0Dh,base+01662h
  dw 00373h,base+00091h
  dw 00B0Dh,base+01A57h
  dw 00373h,base+00117h
  dw 00B0Dh,base+01A62h
  dw 00373h,base+00B66h
  dw 00A0Dh,base+01FC8h
  dw 00373h,base+03796h
  dw 0090Dh,base+0267Ah
  dw 00373h,base+03E5Fh
  dw 0090Dh,base+02683h
  dw 00373h,base+00E43h
  dw 0090Dh,base+0268Ch
  dw 00373h,base+03703h
  dw 0090Dh,base+02695h
  dw 00373h,base+00D2Dh
  dw 0090Dh,base+0269Eh
  dw 00372h,base+03E62h
  dw 00A0Eh,base+01FD2h
  dw 00371h,base+03E65h
  dw 00B0Fh,base+01A6Dh
  dw 00371h,base+03E68h
  dw 00A0Fh,base+01FDCh
  dw 00371h,base+03E6Bh
  dw 0080Fh,base+02C36h
  dw 00371h,base+03E6Eh
  dw 0070Fh,base+03083h
  dw 00371h,base+03E71h
  dw 0050Fh,base+03771h
  dw 00371h,base+03E74h
  dw 00304h,base+03E77h
  dw 0010Bh,base+0001Ah
  dw 00471h,base+03B78h
  dw 0030Fh,base+03E7Ah
  dw 00571h,base+036DBh
  dw 0040Fh,base+03B7Ch
  dw 00572h,base+035D8h
  dw 0030Eh,base+03E7Dh
  dw 00672h,base+033ECh
  dw 0030Fh,base+009D2h
  dw 00102h,base+00029h
  dw 00300h,base+003C1h

chunliPage0frame009:
  db 01Ch,05Fh,074h,024h
  db 07Ah
  db 069h,022h,028h,06Ch,022h
  db 000h,000h
  db 000h,000h
  dw 0017Fh,base+0001Ah
  dw 00580h,base+02220h
  dw 00507h,base+01D43h
  dw 00179h,base+0000Fh
  dw 00880h,base+02C3Eh
  dw 00980h,base+026A7h
  dw 00980h,base+026B0h
  dw 00980h,base+026B9h
  dw 00980h,base+026C2h
  dw 00A80h,base+01FE6h
  dw 00980h,base+026CBh
  dw 0097Fh,base+026D4h
  dw 00102h,base+0001Ah
  dw 0087Dh,base+02C46h
  dw 00B80h,base+01A78h
  dw 00A80h,base+01FF0h
  dw 00980h,base+026DDh
  dw 00980h,base+026E6h
  dw 00980h,base+026EFh
  dw 00880h,base+02C4Eh
  dw 00880h,base+02C56h
  dw 00981h,base+026F8h
  dw 00880h,base+02C5Eh
  dw 00880h,base+02C66h
  dw 00880h,base+02C6Eh
  dw 00780h,base+0308Ah
  dw 00781h,base+03091h
  dw 00680h,base+034ACh
  dw 00680h,base+034B2h
  dw 00681h,base+034B8h
  dw 00780h,base+03098h
  dw 00780h,base+0309Fh
  dw 00780h,base+030A6h
  dw 00780h,base+030ADh
  dw 00780h,base+030B4h
  dw 0057Fh,base+03776h
  dw 00680h,base+034BEh
  dw 0077Fh,base+030BBh
  dw 00880h,base+02C76h
  dw 00880h,base+02C7Eh
  dw 00880h,base+02C86h
  dw 0087Fh,base+02C8Eh
  dw 00980h,base+02701h
  dw 00A80h,base+01FFAh
  dw 00A80h,base+02004h
  dw 00A80h,base+0200Eh
  dw 00B80h,base+01A83h
  dw 00B80h,base+01A8Eh
  dw 00B80h,base+01A99h
  dw 00C80h,base+0166Eh
  dw 00C80h,base+0167Ah
  dw 00C80h,base+01686h
  dw 00D80h,base+01282h
  dw 00D80h,base+0128Fh
  dw 00D80h,base+0129Ch
  dw 00708h,base+030C2h
  dw 00678h,base+034C4h
  dw 00709h,base+030C9h
  dw 00577h,base+0377Bh
  dw 0070Ah,base+030D0h
  dw 00476h,base+03B80h
  dw 0070Ah,base+030D7h
  dw 00476h,base+03B84h
  dw 0070Ah,base+030DEh
  dw 00376h,base+001DBh
  dw 00709h,base+030E5h
  dw 00477h,base+0157Ah
  dw 00609h,base+034CAh
  dw 00478h,base+0149Fh
  dw 00508h,base+03780h
  dw 00378h,base+001F5h
  dw 00507h,base+03785h
  dw 0047Ah,base+03067h
  dw 00406h,base+03B88h
  dw 0047Ah,base+019B9h
  dw 00306h,base+01554h
  dw 0047Ah,base+019B9h
  dw 00306h,base+00109h
  dw 0037Ah,base+00B66h
  dw 00305h,base+02740h
  dw 0047Bh,base+03B8Ch
  dw 00305h,base+03E80h
  dw 0047Bh,base+03B90h
  dw 00306h,base+028DCh
  dw 0037Ah,base+03E83h
  dw 00306h,base+00A45h
  dw 0037Ah,base+03DFFh
  dw 00306h,base+005F3h
  dw 0027Ah,base+00219h
  dw 00306h,base+01622h
  dw 0027Ah,base+00321h
  dw 00305h,base+008C1h
  dw 0037Bh,base+03E86h
  dw 00304h,base+008C1h
  dw 0037Ch,base+03E89h
  dw 00304h,base+03E8Ch
  dw 0037Ch,base+03E8Fh
  dw 00304h,base+03E92h
  dw 0037Ch,base+03E95h
  dw 00305h,base+03E98h
  dw 0027Bh,base+00219h
  dw 00305h,base+006D9h
  dw 0027Bh,base+00723h
  dw 00305h,base+02717h
  dw 0027Ch,base+00723h
  dw 00204h,base+03CCFh
  dw 0027Ch,base+00723h
  dw 00204h,base+03CCFh
  dw 0027Ch,base+01C23h
  dw 00204h,base+00321h
  dw 0027Bh,base+006A8h
  dw 00305h,base+03E20h
  dw 0027Bh,base+005B3h
  dw 00305h,base+016D0h
  dw 0027Bh,base+03F94h
  dw 00306h,base+0277Ch
  dw 0017Ah,base+0001Ah
  dw 00380h,base+03E9Bh
  dw 00280h,base+0014Fh
  dw 00280h,base+00035h
  dw 00280h,base+03F96h
  dw 00280h,base+00395h
  dw 00280h,base+02DDEh
  dw 00381h,base+03E9Eh
  dw 00280h,base+0026Eh
  dw 00281h,base+03F98h
  dw 00180h,base+0001Ah
  dw 00100h,base+00011h

chunliPage0frame010:
  db 022h,03Ah,072h,025h
  db 086h
  db 070h,022h,015h,072h,022h
  db 000h,000h
  db 000h,000h
  dw 00203h,base+0001Ah
  dw 0017Dh,base+0001Ah
  dw 0047Fh,base+03861h
  dw 00680h,base+033F8h
  dw 00680h,base+0329Eh
  dw 00780h,base+030ECh
  dw 00780h,base+030F3h
  dw 0077Dh,base+030FAh
  dw 00203h,base+0001Ah
  dw 0077Ch,base+03101h
  dw 00B80h,base+01AA4h
  dw 00405h,base+02A7Ah
  dw 0067Bh,base+0318Dh
  dw 00A80h,base+02018h
  dw 00A80h,base+02022h
  dw 00980h,base+0270Ah
  dw 00A7Fh,base+0202Ch
  dw 00B80h,base+01AAFh
  dw 00B7Fh,base+01ABAh
  dw 00C80h,base+01692h
  dw 00C7Fh,base+0169Eh
  dw 00C80h,base+016AAh
  dw 00C80h,base+016B6h
  dw 00304h,base+00FAFh
  dw 0077Ch,base+03108h
  dw 00B80h,base+01AC5h
  dw 00B80h,base+01AD0h
  dw 00B80h,base+01ADBh
  dw 00B81h,base+01AE6h
  dw 00A80h,base+02036h
  dw 00A7Fh,base+02040h
  dw 00B80h,base+01AF1h
  dw 00A7Fh,base+0204Ah
  dw 00C80h,base+016C2h
  dw 00D80h,base+012A9h
  dw 00E80h,base+00FE5h
  dw 00F7Fh,base+00D06h
  dw 01080h,base+00AADh
  dw 01180h,base+00870h
  dw 01180h,base+00881h
  dw 01180h,base+00892h
  dw 01180h,base+008A3h
  dw 01180h,base+008B4h
  dw 01180h,base+008C5h
  dw 01180h,base+008D6h
  dw 01080h,base+00ABDh
  dw 00F80h,base+00D15h
  dw 00D80h,base+012B6h
  dw 00C80h,base+016CEh
  dw 0090Ah,base+02713h
  dw 00176h,base+0001Ah
  dw 00980h,base+0271Ch
  dw 00980h,base+02725h
  dw 00981h,base+0272Eh
  dw 00880h,base+02C96h
  dw 00880h,base+02C9Eh
  dw 00405h,base+03B94h
  dw 0037Bh,base+03EA1h
  dw 00405h,base+03B98h
  dw 0037Ch,base+01F65h
  dw 00304h,base+0100Fh
  dw 0037Ch,base+03EA4h
  dw 00304h,base+01497h
  dw 0027Dh,base+00F2Fh
  dw 00203h,base+00D60h
  dw 0027Dh,base+03F9Ah
  dw 00203h,base+00147h
  dw 0027Eh,base+00A54h
  dw 00100h,base+0000Fh

chunliPage0frame011:
  db 046h,03Eh,066h,03Dh
  db 072h
  db 066h,033h,01Bh,07Eh,02Eh
  db 000h,000h
  db 000h,000h
  dw 0017Fh,base+00185h
  dw 00204h,base+00AF5h
  dw 0027Ch,base+000B0h
  dw 00203h,base+00045h
  dw 0037Dh,base+002D8h
  dw 00680h,base+034D0h
  dw 0067Fh,base+034D6h
  dw 00780h,base+0310Fh
  dw 00780h,base+03116h
  dw 0077Eh,base+0311Dh
  dw 00102h,base+00029h
  dw 00781h,base+03124h
  dw 0077Ch,base+0312Bh
  dw 00102h,base+00029h
  dw 00102h,base+00029h
  dw 0087Ch,base+02CA6h
  dw 00204h,base+00045h
  dw 0087Ch,base+02CAEh
  dw 01080h,base+00ACDh
  dw 0117Fh,base+008E7h
  dw 01380h,base+006ECh
  dw 01380h,base+006FFh
  dw 01480h,base+00598h
  dw 01581h,base+00487h
  dw 01580h,base+0049Ch
  dw 01680h,base+0033Dh
  dw 01680h,base+00353h
  dw 00A0Bh,base+02054h
  dw 00C75h,base+016DAh
  dw 00405h,base+03B20h
  dw 00406h,base+03B9Ch
  dw 00C76h,base+016E6h
  dw 00304h,base+00639h
  dw 00406h,base+03BA0h
  dw 00D76h,base+012C3h
  dw 00204h,base+00045h
  dw 00407h,base+03BA4h
  dw 00C75h,base+016F2h
  dw 00205h,base+00045h
  dw 00206h,base+00173h
  dw 00B7Ah,base+01AFCh
  dw 00206h,base+0001Ah
  dw 00C80h,base+016FEh
  dw 00C80h,base+0170Ah
  dw 00D80h,base+012D0h
  dw 00D81h,base+012DDh
  dw 00C80h,base+01716h
  dw 00D80h,base+012EAh
  dw 00405h,base+03BA8h
  dw 0087Bh,base+02CB6h
  dw 00405h,base+03BACh
  dw 0087Ch,base+02CBEh
  dw 00305h,base+03EA7h
  dw 0077Bh,base+03132h
  dw 00405h,base+03BB0h
  dw 0087Ch,base+02CC6h
  dw 00305h,base+03EAAh
  dw 0077Ch,base+03139h
  dw 00104h,base+00110h
  dw 0087Ch,base+02CCEh
  dw 00104h,base+0008Ah
  dw 00880h,base+02CD6h
  dw 00980h,base+02737h
  dw 00980h,base+02740h
  dw 00406h,base+02760h
  dw 0037Ah,base+03EADh
  dw 00406h,base+00095h
  dw 0037Ah,base+038FDh
  dw 00406h,base+0192Fh
  dw 0047Ah,base+03BB4h
  dw 00407h,base+02131h
  dw 0037Ah,base+03DF6h
  dw 00407h,base+03BB8h
  dw 00379h,base+01C99h
  dw 00407h,base+03BBCh
  dw 0047Ah,base+03911h
  dw 00306h,base+03E95h
  dw 0067Ah,base+034DCh
  dw 00306h,base+03EB0h
  dw 0067Ah,base+034E2h
  dw 00406h,base+03BC0h
  dw 0067Bh,base+034E8h
  dw 00306h,base+033D5h
  dw 0057Bh,base+0378Ah
  dw 00205h,base+000C5h
  dw 0027Bh,base+00207h
  dw 00381h,base+0218Ah
  dw 00280h,base+0006Ch
  dw 0027Fh,base+01F9Bh
  dw 00480h,base+03BC4h
  dw 00480h,base+03BC8h
  dw 00480h,base+03BCCh
  dw 00583h,base+0378Fh
  dw 00380h,base+025A7h
  dw 00381h,base+02B4Ah
  dw 00200h,base+0002Ch

chunliPage0frame012:
  db 03Eh,047h,074h,020h
  db 0A4h
  db 084h,02Dh,019h,073h,028h
  db 000h,000h
  db 000h,000h
  dw 00380h,base+000B0h
  dw 0047Fh,base+03BD0h
  dw 0047Fh,base+008BFh
  dw 00580h,base+03794h
  dw 00480h,base+03BD4h
  dw 00480h,base+03BD8h
  dw 0037Fh,base+00170h
  dw 00405h,base+03BC4h
  dw 0017Ah,base+00029h
  dw 00405h,base+03BDCh
  dw 0037Bh,base+03799h
  dw 00305h,base+03EB3h
  dw 0057Ah,base+03799h
  dw 00406h,base+03BE0h
  dw 00679h,base+034EEh
  dw 00407h,base+03BE4h
  dw 00579h,base+0379Eh
  dw 00C7Fh,base+01722h
  dw 00C80h,base+0172Eh
  dw 00B80h,base+01B07h
  dw 00980h,base+02749h
  dw 0087Fh,base+02CDEh
  dw 0087Fh,base+02CE6h
  dw 0097Eh,base+02752h
  dw 0097Fh,base+0275Bh
  dw 00A7Fh,base+0205Eh
  dw 00A80h,base+02068h
  dw 00A7Fh,base+02072h
  dw 00A7Fh,base+0207Ch
  dw 00B7Fh,base+01B12h
  dw 00B80h,base+01B1Dh
  dw 00B7Fh,base+01B28h
  dw 00B80h,base+01B33h
  dw 00B80h,base+01B3Eh
  dw 00A80h,base+02086h
  dw 00A80h,base+02090h
  dw 0097Bh,base+02764h
  dw 00305h,base+00052h
  dw 0097Ah,base+0276Dh
  dw 00E80h,base+00FF3h
  dw 00E7Fh,base+01001h
  dw 00E80h,base+0100Fh
  dw 00D80h,base+012F7h
  dw 00102h,base+0001Ah
  dw 00204h,base+00157h
  dw 0077Ah,base+03140h
  dw 00102h,base+0001Ch
  dw 00104h,base+0001Ah
  dw 0067Ah,base+034F4h
  dw 00102h,base+0001Ch
  dw 00105h,base+0001Ch
  dw 0057Bh,base+037A3h
  dw 00105h,base+0001Ch
  dw 00580h,base+037A8h
  dw 00680h,base+034FAh
  dw 00609h,base+03500h
  dw 00177h,base+000E8h
  dw 00609h,base+03506h
  dw 00176h,base+00008h
  dw 00709h,base+03147h
  dw 00276h,base+00476h
  dw 0080Ah,base+02CEEh
  dw 00276h,base+000A6h
  dw 00607h,base+0350Ch
  dw 00578h,base+037ADh
  dw 00708h,base+0314Eh
  dw 00577h,base+037B2h
  dw 00809h,base+02CF6h
  dw 00477h,base+037B2h
  dw 0080Ah,base+02CFEh
  dw 00375h,base+03EB6h
  dw 0090Ch,base+02776h
  dw 00174h,base+00011h
  dw 00980h,base+0277Fh
  dw 00880h,base+02D06h
  dw 00881h,base+02D0Eh
  dw 00780h,base+03155h
  dw 00880h,base+02D16h
  dw 0097Dh,base+02788h
  dw 00C80h,base+0173Ah
  dw 00C80h,base+01746h
  dw 0080Ah,base+02D1Eh
  dw 00576h,base+037B7h
  dw 0070Bh,base+0315Ch
  dw 00375h,base+00FB0h
  dw 0070Bh,base+03163h
  dw 00375h,base+003BFh
  dw 0060Ah,base+03512h
  dw 00376h,base+03EB9h
  dw 0060Ah,base+03518h
  dw 00476h,base+01746h
  dw 00609h,base+0351Eh
  dw 00578h,base+037BCh
  dw 00409h,base+03BE8h
  dw 00577h,base+037C1h
  dw 00409h,base+03BECh
  dw 00478h,base+03BF0h
  dw 00308h,base+0046Fh
  dw 00378h,base+03EBCh
  dw 00209h,base+00285h
  dw 00278h,base+0089Bh
  dw 00208h,base+00B09h
  dw 00179h,base+00029h
  dw 00100h,base+00029h

chunliPage0frame013:
  db 01Eh,05Ch,070h,00Fh
  db 07Ah
  db 066h,022h,030h,06Ch,022h
  db 000h,000h
  db 000h,000h
  dw 00180h,base+0001Ah
  dw 0017Fh,base+0006Eh
  dw 00204h,base+00168h
  dw 0027Ch,base+0360Ch
  dw 00204h,base+00CA1h
  dw 0027Ch,base+03BDAh
  dw 00204h,base+003CCh
  dw 0027Ch,base+003CCh
  dw 00204h,base+000C7h
  dw 0017Ch,base+00033h
  dw 00204h,base+00152h
  dw 0017Ch,base+00034h
  dw 00204h,base+00107h
  dw 0017Ch,base+00034h
  dw 00203h,base+00107h
  dw 0027Dh,base+01073h
  dw 00203h,base+000BAh
  dw 0027Ch,base+000C6h
  dw 00680h,base+03524h
  dw 00680h,base+0352Ah
  dw 00304h,base+01128h
  dw 0027Dh,base+00568h
  dw 00203h,base+004CCh
  dw 0027Dh,base+004CCh
  dw 00581h,base+037C6h
  dw 00480h,base+03BF4h
  dw 00480h,base+03BF8h
  dw 0047Fh,base+03BFCh
  dw 00680h,base+03530h
  dw 00681h,base+03536h
  dw 00580h,base+037CBh
  dw 00580h,base+037CBh
  dw 00580h,base+037D0h
  dw 00580h,base+037D5h
  dw 00580h,base+037DAh
  dw 00580h,base+037DFh
  dw 00580h,base+037E4h
  dw 00580h,base+037E9h
  dw 00581h,base+037EEh
  dw 00580h,base+037F3h
  dw 00580h,base+037F8h
  dw 00581h,base+037FDh
  dw 00480h,base+03C00h
  dw 0047Fh,base+03C04h
  dw 00580h,base+03802h
  dw 00580h,base+03807h
  dw 00580h,base+0380Ch
  dw 00580h,base+03811h
  dw 00580h,base+03816h
  dw 00680h,base+0353Ch
  dw 00680h,base+0353Ch
  dw 00680h,base+03542h
  dw 00680h,base+03548h
  dw 0067Fh,base+03548h
  dw 00780h,base+0316Ah
  dw 00780h,base+0316Ah
  dw 00780h,base+03171h
  dw 0077Eh,base+03178h
  dw 00102h,base+0000Fh
  dw 0077Dh,base+0317Fh
  dw 00A7Fh,base+0209Ah
  dw 00B80h,base+01B49h
  dw 00B0Ch,base+01B54h
  dw 00174h,base+0001Ah
  dw 00D80h,base+01304h
  dw 00E80h,base+0101Dh
  dw 00E7Fh,base+0102Bh
  dw 00F80h,base+00D24h
  dw 00F80h,base+00D33h
  dw 00F80h,base+00D42h
  dw 00C0Dh,base+01752h
  dw 00273h,base+0077Dh
  dw 00C0Dh,base+0175Eh
  dw 00173h,base+00009h
  dw 00203h,base+03F9Ch
  dw 00204h,base+000F1h
  dw 00506h,base+0381Bh
  dw 00173h,base+00009h
  dw 00203h,base+03F9Ch
  dw 00203h,base+022BDh
  dw 0087Bh,base+02D26h
  dw 00102h,base+0003Ch
  dw 00103h,base+00033h
  dw 0077Bh,base+03186h
  dw 00102h,base+0003Ch
  dw 00102h,base+0003Ch
  dw 0097Ch,base+02791h
  dw 00104h,base+0003Ch
  dw 00880h,base+02D2Eh
  dw 0087Fh,base+02D36h
  dw 00980h,base+0279Ah
  dw 0097Fh,base+027A3h
  dw 00A80h,base+020A4h
  dw 00980h,base+027ACh
  dw 00980h,base+027B5h
  dw 00B80h,base+01B5Fh
  dw 00B80h,base+01B6Ah
  dw 00B80h,base+01B75h
  dw 00C81h,base+0176Ah
  dw 00B80h,base+01B80h
  dw 00B81h,base+01B8Bh
  dw 00980h,base+027BEh
  dw 00981h,base+027C7h
  dw 0087Fh,base+02D3Eh
  dw 00980h,base+027D0h
  dw 00980h,base+027D9h
  dw 00780h,base+0318Dh
  dw 00780h,base+03194h
  dw 00680h,base+03102h
  dw 0067Fh,base+02F3Bh
  dw 00780h,base+030F3h
  dw 00780h,base+030ECh
  dw 00680h,base+0329Eh
  dw 00681h,base+033F8h
  dw 00480h,base+03861h
  dw 00203h,base+0001Ah
  dw 00100h,base+0001Ah

chunliPage0frame014:
  db 03Eh,04Dh,058h,023h
  db 066h
  db 058h,033h,02Ch,072h,024h
  db 000h,000h
  db 000h,000h
  dw 00180h,base+00175h
  dw 00280h,base+00038h
  dw 00280h,base+000BAh
  dw 00280h,base+00667h
  dw 00280h,base+017ABh
  dw 00380h,base+03EBFh
  dw 00381h,base+03EC2h
  dw 00380h,base+03EBFh
  dw 00380h,base+03EC5h
  dw 00481h,base+03C08h
  dw 00381h,base+0213Eh
  dw 00380h,base+03374h
  dw 00480h,base+03C0Ch
  dw 00581h,base+03820h
  dw 00480h,base+03C10h
  dw 00580h,base+03825h
  dw 00581h,base+0382Ah
  dw 00480h,base+03C14h
  dw 00580h,base+01168h
  dw 00580h,base+00E00h
  dw 00675h,base+0354Eh
  dw 0010Ch,base+0000Fh
  dw 00673h,base+03554h
  dw 0030Dh,base+00B3Dh
  dw 00773h,base+0319Bh
  dw 0050Eh,base+0382Fh
  dw 00772h,base+031A2h
  dw 0050Fh,base+03834h
  dw 00771h,base+031A9h
  dw 0070Fh,base+031B0h
  dw 00772h,base+031B7h
  dw 0090Eh,base+027E2h
  dw 00874h,base+02D46h
  dw 0080Dh,base+02D4Eh
  dw 00774h,base+031BEh
  dw 0070Ch,base+031C5h
  dw 00875h,base+02D56h
  dw 0070Ch,base+031CCh
  dw 00774h,base+031D3h
  dw 0080Ch,base+02D5Eh
  dw 00775h,base+031DAh
  dw 0090Bh,base+027EBh
  dw 00776h,base+031E1h
  dw 0090Bh,base+027F4h
  dw 00776h,base+031E8h
  dw 0090Ah,base+027FDh
  dw 00777h,base+031EFh
  dw 0090Ah,base+02806h
  dw 00677h,base+0355Ah
  dw 00F81h,base+00D51h
  dw 00E80h,base+01039h
  dw 00E81h,base+01047h
  dw 00D80h,base+01311h
  dw 00D81h,base+0131Eh
  dw 00C80h,base+01776h
  dw 00C81h,base+01782h
  dw 00B80h,base+01B96h
  dw 00B80h,base+01BA1h
  dw 00B80h,base+01BACh
  dw 00B0Eh,base+01BB7h
  dw 00171h,base+0000Fh
  dw 00D0Eh,base+0132Bh
  dw 00372h,base+00319h
  dw 01180h,base+008F8h
  dw 01180h,base+00909h
  dw 01180h,base+0091Ah
  dw 01180h,base+0092Bh
  dw 00506h,base+03839h
  dw 00B7Ah,base+01BC2h
  dw 00506h,base+0383Eh
  dw 00B7Ah,base+01BCDh
  dw 00506h,base+03843h
  dw 00B7Ah,base+01BD8h
  dw 00507h,base+03848h
  dw 00A79h,base+020AEh
  dw 00203h,base+011EAh
  dw 00204h,base+002EDh
  dw 00B79h,base+01BE3h
  dw 00104h,base+000C3h
  dw 00103h,base+0001Ah
  dw 00B7Dh,base+01BEEh
  dw 00103h,base+002E0h
  dw 00B80h,base+01BF9h
  dw 00B80h,base+01C04h
  dw 00B81h,base+01C0Fh
  dw 00A7Fh,base+020B8h
  dw 00A80h,base+020C2h
  dw 00708h,base+031F6h
  dw 00278h,base+00311h
  dw 00809h,base+02D66h
  dw 00178h,base+0001Ah
  dw 00780h,base+031FDh
  dw 00304h,base+03EC8h
  dw 0047Dh,base+03C18h
  dw 00103h,base+00057h
  dw 0047Dh,base+03C1Ch
  dw 00103h,base+0001Ah
  dw 00480h,base+03C20h
  dw 00480h,base+03C24h
  dw 0047Fh,base+03C28h
  dw 00680h,base+03560h
  dw 0067Fh,base+03566h
  dw 00780h,base+03204h
  dw 00780h,base+0320Bh
  dw 00781h,base+03212h
  dw 00680h,base+0356Ch
  dw 00300h,base+021EEh

chunliPage0frame015:
  db 034h,049h,06Ch,03Ch
  db 08Eh
  db 071h,02Eh,01Fh,063h,022h
  db 000h,000h
  db 000h,000h
  dw 0017Fh,base+0001Ah
  dw 0027Fh,base+00311h
  dw 00480h,base+03C2Ch
  dw 0047Fh,base+03C30h
  dw 00580h,base+0384Dh
  dw 00580h,base+03852h
  dw 0057Fh,base+03857h
  dw 00680h,base+03572h
  dw 0077Ch,base+03219h
  dw 00B0Dh,base+01C1Ah
  dw 00172h,base+002E0h
  dw 00C0Dh,base+0178Eh
  dw 00372h,base+01CD1h
  dw 01180h,base+0093Ch
  dw 0127Fh,base+007AAh
  dw 01380h,base+00712h
  dw 0137Fh,base+00725h
  dw 01580h,base+004B1h
  dw 01580h,base+004C6h
  dw 01580h,base+004DBh
  dw 0147Fh,base+005ACh
  dw 01580h,base+004F0h
  dw 01480h,base+005C0h
  dw 01480h,base+005D4h
  dw 01011h,base+00ADDh
  dw 0036Fh,base+03AF2h
  dw 01011h,base+00AEDh
  dw 0026Fh,base+00502h
  dw 01080h,base+00AFDh
  dw 00809h,base+02810h
  dw 00809h,base+02D6Eh
  dw 0016Dh,base+00029h
  dw 0090Bh,base+0280Fh
  dw 00775h,base+03220h
  dw 0090Bh,base+02818h
  dw 00102h,base+00028h
  dw 00573h,base+0385Ch
  dw 0090Bh,base+02821h
  dw 00103h,base+008C8h
  dw 00473h,base+03C34h
  dw 0080Eh,base+02D76h
  dw 00272h,base+00556h
  dw 00880h,base+02D7Eh
  dw 00880h,base+02D7Eh
  dw 00880h,base+02D86h
  dw 00880h,base+02D8Eh
  dw 00880h,base+02D96h
  dw 00880h,base+02D9Eh
  dw 00880h,base+02D9Eh
  dw 00880h,base+02DA6h
  dw 00880h,base+02DAEh
  dw 00304h,base+00B3Dh
  dw 0047Ch,base+03C38h
  dw 00304h,base+00533h
  dw 0047Ch,base+03C3Ch
  dw 00304h,base+010F7h
  dw 0047Bh,base+03C40h
  dw 00305h,base+00872h
  dw 0047Bh,base+03C44h
  dw 00305h,base+03006h
  dw 0037Bh,base+009D0h
  dw 00305h,base+008B1h
  dw 0037Ah,base+009D2h
  dw 00405h,base+03C48h
  dw 0047Bh,base+03C4Ch
  dw 00405h,base+03C50h
  dw 0047Bh,base+03C54h
  dw 00405h,base+03C58h
  dw 0037Bh,base+01552h
  dw 00405h,base+03C5Ch
  dw 0037Bh,base+0023Eh
  dw 00305h,base+03ECBh
  dw 0037Bh,base+036EBh
  dw 00305h,base+03ECBh
  dw 0037Ah,base+036EBh
  dw 00406h,base+03C60h
  dw 0037Bh,base+009D2h
  dw 00305h,base+03DFFh
  dw 0037Bh,base+009D2h
  dw 00304h,base+03E3Bh
  dw 0037Ch,base+03ECEh
  dw 00204h,base+000C5h
  dw 0037Ch,base+03ED1h
  dw 00204h,base+00087h
  dw 0037Ch,base+03ED4h
  dw 00204h,base+0006Ch
  dw 0037Bh,base+03ED7h
  dw 00305h,base+03EDAh
  dw 0037Bh,base+02AFAh
  dw 00305h,base+03ADDh
  dw 0027Bh,base+0006Ch
  dw 00304h,base+03EDDh
  dw 0037Ch,base+02ED5h
  dw 00204h,base+00087h
  dw 0027Ch,base+00037h
  dw 00203h,base+00578h
  dw 0037Ch,base+03EE0h
  dw 00304h,base+03EE3h
  dw 0037Ch,base+03EE6h
  dw 00304h,base+03EE9h
  dw 0037Ch,base+01533h
  dw 00304h,base+03EECh
  dw 0037Ch,base+03EEFh
  dw 00205h,base+0060Dh
  dw 0027Bh,base+000BAh
  dw 00205h,base+00A19h
  dw 0027Bh,base+00107h
  dw 00205h,base+00A19h
  dw 0027Bh,base+00152h
  dw 00205h,base+02DDEh
  dw 0027Bh,base+00152h
  dw 00205h,base+00704h
  dw 0027Ch,base+000C9h
  dw 00104h,base+0001Ah
  dw 0027Ch,base+00717h
  dw 00104h,base+00002h
  dw 00280h,base+0045Ch
  dw 00100h,base+0027Fh

chunliPage0frame016:
  db 03Ah,04Eh,06Ch,036h
  db 082h
  db 075h,031h,019h,06Ch,031h
  db 0A6h,046h
  db 093h,044h
  dw 00203h,base+0001Ah
  dw 0017Dh,base+0001Ah
  dw 0057Fh,base+03861h
  dw 00680h,base+033F8h
  dw 00680h,base+0329Eh
  dw 00780h,base+030ECh
  dw 00780h,base+030F3h
  dw 00780h,base+03227h
  dw 00780h,base+0322Eh
  dw 00781h,base+03235h
  dw 00680h,base+0318Dh
  dw 0057Fh,base+03866h
  dw 00580h,base+0386Bh
  dw 0050Dh,base+03870h
  dw 00171h,base+008C8h
  dw 0090Fh,base+0282Ah
  dw 00103h,base+00028h
  dw 0016Eh,base+00014h
  dw 0090Dh,base+02833h
  dw 00102h,base+0000Fh
  dw 00570h,base+03875h
  dw 01680h,base+00369h
  dw 01680h,base+0037Fh
  dw 01680h,base+00395h
  dw 01580h,base+00505h
  dw 01580h,base+0051Ah
  dw 01280h,base+007BCh
  dw 0090Dh,base+0283Ch
  dw 00203h,base+0010Bh
  dw 0026Fh,base+00045h
  dw 00A11h,base+020CCh
  dw 0016Fh,base+00028h
  dw 00A11h,base+020D6h
  dw 0016Fh,base+008C8h
  dw 00980h,base+02845h
  dw 00980h,base+0284Eh
  dw 0087Fh,base+02DB6h
  dw 00304h,base+0076Ch
  dw 0057Ch,base+0387Ah
  dw 00304h,base+03443h
  dw 0047Dh,base+03482h
  dw 00103h,base+00000h
  dw 0047Fh,base+03C64h
  dw 0057Fh,base+0387Fh
  dw 0067Fh,base+03578h
  dw 00780h,base+0323Ch
  dw 0077Fh,base+03243h
  dw 00880h,base+02DBEh
  dw 0097Fh,base+02857h
  dw 00A80h,base+020E0h
  dw 00B7Fh,base+01C25h
  dw 00C80h,base+0179Ah
  dw 00D7Fh,base+01338h
  dw 00E80h,base+01055h
  dw 00F7Fh,base+00D60h
  dw 01080h,base+00B0Dh
  dw 01180h,base+0094Dh
  dw 01180h,base+0095Eh
  dw 01281h,base+007CEh
  dw 01180h,base+0096Fh
  dw 01180h,base+00980h
  dw 00A0Bh,base+020EAh
  dw 00775h,base+0324Ah
  dw 00304h,base+03EF2h
  dw 00608h,base+0357Eh
  dw 00674h,base+03584h
  dw 00203h,base+03F9Eh
  dw 0060Ah,base+0358Ah
  dw 00574h,base+0000Eh
  dw 00102h,base+000F4h
  dw 0060Bh,base+03590h
  dw 00475h,base+00EFBh
  dw 0060Ch,base+03596h
  dw 00375h,base+03EF5h
  dw 0040Ch,base+03597h
  dw 00274h,base+000B0h
  dw 0040Bh,base+03C68h
  dw 00375h,base+0023Dh
  dw 0030Bh,base+03EF8h
  dw 00374h,base+00EFCh
  dw 0040Ch,base+03C6Ch
  dw 00474h,base+01ECAh
  dw 0040Ch,base+03C70h
  dw 00473h,base+019B9h
  dw 0050Dh,base+03884h
  dw 00473h,base+03597h
  dw 0050Dh,base+03889h
  dw 00472h,base+03C74h
  dw 0050Fh,base+0388Eh
  dw 00371h,base+03728h
  dw 0050Fh,base+03893h
  dw 00371h,base+01F23h
  dw 0050Fh,base+03898h
  dw 00371h,base+00E37h
  dw 0040Fh,base+03C78h
  dw 00370h,base+03EFBh
  dw 00510h,base+0389Dh
  dw 00370h,base+02ECAh
  dw 00410h,base+03C7Ch
  dw 00370h,base+033D2h
  dw 00310h,base+03EFEh
  dw 00370h,base+03E20h
  dw 00310h,base+001B1h
  dw 0036Fh,base+03F01h
  dw 00412h,base+03C80h
  dw 0026Eh,base+00321h
  dw 00312h,base+01C99h
  dw 0026Dh,base+00321h
  dw 00313h,base+033A3h
  dw 0026Dh,base+01815h
  dw 00313h,base+03AD8h
  dw 0026Dh,base+00037h
  dw 00313h,base+03CB4h
  dw 0036Dh,base+03F04h
  dw 00413h,base+03C80h
  dw 0046Dh,base+03C84h
  dw 00413h,base+03C88h
  dw 0056Eh,base+038A2h
  dw 00412h,base+03C8Ch
  dw 0056Eh,base+038A7h
  dw 00412h,base+03C90h
  dw 0066Fh,base+0359Ch
  dw 00312h,base+0002Bh
  dw 00102h,base+00029h
  dw 00300h,base+003C1h

chunliPage0frame017:
  db 04Ah,043h,06Eh,042h
  db 0B2h
  db 088h,030h,015h,06Dh,045h
  db 0B7h,044h
  db 09Dh,059h
  dw 00171h,base+0006Eh
  dw 0040Dh,base+03C94h
  dw 00473h,base+03C98h
  dw 0050Ch,base+038ACh
  dw 00573h,base+038B1h
  dw 0070Ch,base+03251h
  dw 00774h,base+03258h
  dw 0070Ch,base+0325Fh
  dw 00774h,base+03266h
  dw 0070Dh,base+0326Dh
  dw 00673h,base+035A2h
  dw 0070Dh,base+03274h
  dw 00673h,base+035A8h
  dw 0070Dh,base+0327Bh
  dw 00674h,base+035AEh
  dw 0060Bh,base+035B4h
  dw 00772h,base+03282h
  dw 00203h,base+0056Eh
  dw 0060Ah,base+035BAh
  dw 00873h,base+02DC6h
  dw 00204h,base+00492h
  dw 00507h,base+038B6h
  dw 00974h,base+02860h
  dw 01480h,base+005E8h
  dw 01480h,base+005FCh
  dw 01112h,base+00991h
  dw 0026Eh,base+00069h
  dw 00F12h,base+00D6Fh
  dw 0026Eh,base+00309h
  dw 00E81h,base+01063h
  dw 00C80h,base+017A6h
  dw 00B80h,base+01C30h
  dw 00980h,base+02869h
  dw 00981h,base+02872h
  dw 0087Eh,base+02DCEh
  dw 0097Fh,base+0287Bh
  dw 00A80h,base+020F4h
  dw 00980h,base+02884h
  dw 00980h,base+0288Dh
  dw 00980h,base+02896h
  dw 00881h,base+02DD6h
  dw 00680h,base+035C0h
  dw 0067Fh,base+035C6h
  dw 00781h,base+03289h
  dw 00780h,base+03290h
  dw 0077Fh,base+03297h
  dw 00A7Fh,base+020FEh
  dw 00D7Fh,base+01345h
  dw 0107Fh,base+00B1Dh
  dw 0127Fh,base+007E0h
  dw 0147Fh,base+00610h
  dw 01580h,base+0052Fh
  dw 0167Fh,base+003ABh
  dw 01780h,base+001CDh
  dw 01780h,base+001E4h
  dw 01780h,base+001FBh
  dw 01780h,base+00212h
  dw 01781h,base+00229h
  dw 01213h,base+007F2h
  dw 0036Dh,base+0020Bh
  dw 00B0Eh,base+01C3Bh
  dw 00305h,base+003C1h
  dw 0036Dh,base+001F5h
  dw 00B12h,base+01C46h
  dw 0046Fh,base+03C9Ch
  dw 00911h,base+0289Fh
  dw 0046Eh,base+03067h
  dw 00A12h,base+02108h
  dw 0046Dh,base+03CA0h
  dw 00B13h,base+01C51h
  dw 0046Dh,base+03CA4h
  dw 00A13h,base+02112h
  dw 0046Ch,base+03CA8h
  dw 00B14h,base+01C5Ch
  dw 0046Ch,base+03727h
  dw 00A14h,base+0211Ch
  dw 0046Bh,base+03CACh
  dw 00506h,base+038BBh
  dw 0050Fh,base+038C0h
  dw 0046Bh,base+03CB0h
  dw 00507h,base+038C5h
  dw 0030Fh,base+03F07h
  dw 00369h,base+00170h
  dw 00509h,base+038CAh
  dw 0020Eh,base+000B0h
  dw 00369h,base+03DFFh
  dw 00517h,base+038CFh
  dw 00368h,base+03E71h
  dw 00518h,base+038D4h
  dw 00367h,base+03F0Ah
  dw 00519h,base+038D9h
  dw 00366h,base+03F0Dh
  dw 0061Bh,base+035CCh
  dw 00264h,base+00321h
  dw 0061Ch,base+035D2h
  dw 00263h,base+002FAh
  dw 0051Ch,base+038DEh
  dw 00364h,base+031C5h
  dw 0051Ch,base+038E3h
  dw 00464h,base+03CB4h
  dw 0041Ch,base+035CDh
  dw 00564h,base+038E8h
  dw 0041Ch,base+03CB8h
  dw 00665h,base+035D8h
  dw 0021Ch,base+000B0h
  dw 00580h,base+038EDh
  dw 00500h,base+01CC5h

chunliPage0frame018:
  db 032h,03Bh,070h,04Ah
  db 090h
  db 07Fh,022h,019h,070h,02Eh
  db 000h,000h
  db 000h,000h
  dw 00203h,base+0001Ah
  dw 0017Dh,base+0001Ah
  dw 0047Fh,base+03861h
  dw 00680h,base+033F8h
  dw 00780h,base+0329Eh
  dw 00780h,base+030ECh
  dw 00780h,base+030F3h
  dw 00780h,base+02F3Ah
  dw 00780h,base+03101h
  dw 0077Dh,base+032A5h
  dw 00104h,base+0001Ah
  dw 0067Ch,base+0318Dh
  dw 00203h,base+00051h
  dw 0067Ch,base+035DEh
  dw 00980h,base+028A8h
  dw 00980h,base+028B1h
  dw 0097Fh,base+028BAh
  dw 00981h,base+028C3h
  dw 00880h,base+02DDEh
  dw 00980h,base+028CCh
  dw 00D80h,base+01352h
  dw 00D80h,base+0135Fh
  dw 00E80h,base+01071h
  dw 00E80h,base+0107Fh
  dw 00809h,base+02DE6h
  dw 00477h,base+03CBCh
  dw 00809h,base+02DEEh
  dw 00476h,base+03876h
  dw 00E80h,base+0108Dh
  dw 00E80h,base+0109Bh
  dw 00E80h,base+010A9h
  dw 00B0Ch,base+01C67h
  dw 00174h,base+00185h
  dw 00A80h,base+02126h
  dw 00980h,base+028D5h
  dw 00980h,base+028DEh
  dw 00681h,base+035E4h
  dw 00508h,base+038F2h
  dw 00377h,base+003C1h
  dw 00608h,base+035EAh
  dw 00578h,base+007FFh
  dw 00D7Fh,base+0136Ch
  dw 00F80h,base+00D7Eh
  dw 00F7Fh,base+00D8Dh
  dw 01080h,base+00B2Dh
  dw 0107Fh,base+00B3Dh
  dw 01180h,base+009A2h
  dw 01180h,base+009B3h
  dw 0117Fh,base+009C4h
  dw 01180h,base+009D5h
  dw 01180h,base+009E6h
  dw 0117Bh,base+009F7h
  dw 00104h,base+0001Ah
  dw 0127Ch,base+00804h
  dw 0157Fh,base+00544h
  dw 01112h,base+00A08h
  dw 0046Eh,base+03CC0h
  dw 01112h,base+00A19h
  dw 0046Eh,base+03CC4h
  dw 01012h,base+00B4Dh
  dw 0046Eh,base+03CC8h
  dw 00F12h,base+00D9Ch
  dw 0036Eh,base+030A7h
  dw 00F12h,base+00DABh
  dw 0036Fh,base+03F10h
  dw 00E11h,base+010B7h
  dw 0036Fh,base+03F13h
  dw 00203h,base+000BAh
  dw 00B0Eh,base+01C72h
  dw 0026Fh,base+01F9Bh
  dw 00203h,base+00107h
  dw 00A0Dh,base+02130h
  dw 00370h,base+034E2h
  dw 00204h,base+000ECh
  dw 0090Ch,base+028E7h
  dw 00470h,base+03CCCh
  dw 00306h,base+01CAFh
  dw 0050Ah,base+038F7h
  dw 00570h,base+038E8h
  dw 00308h,base+03A2Fh
  dw 00208h,base+000B0h
  dw 00570h,base+038FCh
  dw 00310h,base+00699h
  dw 00583h,base+03901h
  dw 00200h,base+000B0h

chunliPage0frame019:
  db 048h,03Bh,074h,04Ah
  db 098h
  db 084h,038h,01Ah,074h,02Dh
  db 0BDh,05Ch
  db 0A1h,060h
  dw 00102h,base+0001Ah
  dw 0017Dh,base+0001Ah
  dw 00580h,base+02220h
  dw 00580h,base+01D43h
  dw 00680h,base+02C3Eh
  dw 00680h,base+026A7h
  dw 00780h,base+02F64h
  dw 0077Dh,base+02F6Bh
  dw 00103h,base+0001Ah
  dw 0077Dh,base+026C2h
  dw 00203h,base+000D9h
  dw 0077Ch,base+032ACh
  dw 00405h,base+03CD0h
  dw 0057Bh,base+03411h
  dw 00405h,base+03CD4h
  dw 0057Bh,base+026D5h
  dw 00980h,base+028F0h
  dw 00880h,base+02DF6h
  dw 00813h,base+02DFEh
  dw 0016Dh,base+008C8h
  dw 00809h,base+02E06h
  dw 0010Ah,base+0001Ah
  dw 0016Dh,base+00028h
  dw 00B13h,base+01C7Dh
  dw 00102h,base+00029h
  dw 0016Bh,base+00011h
  dw 00E0Fh,base+010C5h
  dw 00304h,base+001F6h
  dw 0046Dh,base+03CD8h
  dw 01780h,base+00240h
  dw 0177Fh,base+00257h
  dw 0187Eh,base+0016Dh
  dw 00102h,base+00185h
  dw 0187Eh,base+00185h
  dw 0197Fh,base+000BEh
  dw 00D13h,base+01379h
  dw 00304h,base+000B0h
  dw 00168h,base+00029h
  dw 00E18h,base+010D3h
  dw 00169h,base+00028h
  dw 00B17h,base+01C88h
  dw 00169h,base+008C8h
  dw 00B80h,base+01C93h
  dw 00405h,base+03CDCh
  dw 0057Bh,base+03906h
  dw 00A80h,base+0213Ah
  dw 00980h,base+028F9h
  dw 00882h,base+02E0Eh
  dw 00680h,base+035F0h
  dw 0067Fh,base+035F6h
  dw 00780h,base+032B3h
  dw 00809h,base+02E16h
  dw 00376h,base+005DCh
  dw 00D80h,base+01386h
  dw 00D7Fh,base+01393h
  dw 00F80h,base+00DBAh
  dw 00F80h,base+00DC9h
  dw 00F7Fh,base+00DD8h
  dw 01080h,base+00B5Dh
  dw 01080h,base+00B6Dh
  dw 00F80h,base+00DE7h
  dw 00F80h,base+00DF6h
  dw 00F7Fh,base+00E05h
  dw 01080h,base+00B7Dh
  dw 00F7Dh,base+00E14h
  dw 00102h,base+00008h
  dw 0107Ch,base+00B8Dh
  dw 01480h,base+00624h
  dw 01380h,base+00738h
  dw 0137Fh,base+0074Bh
  dw 00F10h,base+00E23h
  dw 00370h,base+03506h
  dw 0090Ah,base+02902h
  dw 00406h,base+03CE0h
  dw 00270h,base+00037h
  dw 0090Ah,base+0290Bh
  dw 00306h,base+02E1Ah
  dw 00270h,base+02E08h
  dw 00809h,base+02E1Eh
  dw 00307h,base+00583h
  dw 00270h,base+00069h
  dw 00809h,base+02E26h
  dw 00307h,base+0001Ah
  dw 00370h,base+00B4Eh
  dw 00710h,base+032BAh
  dw 00370h,base+00BF0h
  dw 00305h,base+01073h
  dw 0020Bh,base+00045h
  dw 00471h,base+03CE4h
  dw 00210h,base+000B0h
  dw 00380h,base+03E7Dh
  dw 00300h,base+00305h

chunliPage0frame020:
  db 03Eh,055h,07Eh,02Fh
  db 088h
  db 07Eh,03Dh,026h,07Bh,022h
  db 0BAh,052h
  db 09Ah,05Ah
  dw 00203h,base+0001Ah
  dw 0017Dh,base+0001Ah
  dw 0047Fh,base+03861h
  dw 00680h,base+033F8h
  dw 0067Eh,base+035FCh
  dw 00980h,base+02914h
  dw 00981h,base+0291Dh
  dw 00880h,base+02E2Eh
  dw 00881h,base+02E36h
  dw 0077Fh,base+032C1h
  dw 0087Fh,base+02E3Eh
  dw 00880h,base+02E46h
  dw 0077Fh,base+032C8h
  dw 00880h,base+02E4Eh
  dw 00304h,base+03F16h
  dw 0047Bh,base+03CE8h
  dw 00405h,base+03CECh
  dw 00405h,base+03CF0h
  dw 00176h,base+0001Ah
  dw 0090Ah,base+02926h
  dw 00176h,base+00008h
  dw 00C81h,base+017B2h
  dw 00B80h,base+01C9Eh
  dw 00B81h,base+01CA9h
  dw 00B81h,base+01CB4h
  dw 00A80h,base+02144h
  dw 00980h,base+0292Fh
  dw 00981h,base+02938h
  dw 00880h,base+02E56h
  dw 00880h,base+02E5Eh
  dw 00506h,base+0390Bh
  dw 0027Ah,base+00014h
  dw 00506h,base+03910h
  dw 0037Ah,base+00533h
  dw 00981h,base+02941h
  dw 00B0Fh,base+01CBFh
  dw 00271h,base+00045h
  dw 00D0Eh,base+013A0h
  dw 00572h,base+03915h
  dw 01780h,base+0026Eh
  dw 01980h,base+000D7h
  dw 01A80h,base+00056h
  dw 01A80h,base+00070h
  dw 0197Fh,base+000F0h
  dw 01A80h,base+0008Ah
  dw 01213h,base+00816h
  dw 00104h,base+0001Ah
  dw 00269h,base+02791h
  dw 00D18h,base+013ADh
  dw 00168h,base+0000Fh
  dw 00C7Fh,base+017BEh
  dw 00D80h,base+013BAh
  dw 0090Ah,base+0294Ah
  dw 00475h,base+03CF4h
  dw 00A0Bh,base+0214Eh
  dw 00475h,base+03CF8h
  dw 00F7Fh,base+00E32h
  dw 00A0Bh,base+02158h
  dw 00203h,base+010A5h
  dw 00272h,base+006D7h
  dw 00A0Eh,base+02162h
  dw 00272h,base+002AAh
  dw 00A0Fh,base+0216Ch
  dw 00171h,base+00029h
  dw 00A81h,base+02176h
  dw 00880h,base+02E66h
  dw 00880h,base+02E6Eh
  dw 00781h,base+032CFh
  dw 00581h,base+0391Ah
  dw 00480h,base+011F3h
  dw 00480h,base+001F5h
  dw 00480h,base+00F39h
  dw 00480h,base+03CFCh
  dw 00480h,base+03CFCh
  dw 00380h,base+00556h
  dw 0037Fh,base+03F19h
  dw 00480h,base+03D00h
  dw 00380h,base+03F1Ch
  dw 00380h,base+01272h
  dw 0037Fh,base+00DE3h
  dw 00480h,base+03D04h
  dw 00480h,base+03D08h
  dw 00480h,base+03D0Ch
  dw 00480h,base+03D10h
  dw 00480h,base+03597h
  dw 00380h,base+00C69h
  dw 00380h,base+03F1Fh
  dw 00380h,base+03F22h
  dw 00380h,base+03F25h
  dw 00380h,base+03F28h
  dw 00380h,base+03E3Bh
  dw 0037Fh,base+025A7h
  dw 00380h,base+006D9h
  dw 00380h,base+03F28h
  dw 00380h,base+0218Ah
  dw 00380h,base+03F13h
  dw 00280h,base+00326h
  dw 00280h,base+0003Ah
  dw 00280h,base+000C5h
  dw 00380h,base+03507h
  dw 00380h,base+01435h
  dw 00380h,base+00170h
  dw 00300h,base+00305h

chunliPage0frame021:
  db 048h,056h,06Eh,02Eh
  db 0B2h
  db 06Eh,045h,020h,06Dh,02Eh
  db 0B2h,03Eh
  db 095h,050h
  dw 00280h,base+03FA0h
  dw 0027Fh,base+00922h
  dw 00380h,base+03F2Bh
  dw 0037Fh,base+03F2Eh
  dw 0047Fh,base+03D14h
  dw 0047Fh,base+03D18h
  dw 00571h,base+0391Fh
  dw 0010Eh,base+00029h
  dw 00572h,base+03924h
  dw 0010Dh,base+00033h
  dw 00573h,base+03929h
  dw 0040Dh,base+03D1Ch
  dw 00473h,base+03D20h
  dw 0050Ch,base+0392Eh
  dw 00574h,base+03933h
  dw 0050Bh,base+03938h
  dw 00574h,base+0393Dh
  dw 0060Bh,base+03602h
  dw 00674h,base+03608h
  dw 0070Ch,base+032D6h
  dw 00573h,base+03942h
  dw 0070Ch,base+032DDh
  dw 00673h,base+0360Eh
  dw 00405h,base+03D24h
  dw 00208h,base+021FAh
  dw 00573h,base+03947h
  dw 00406h,base+03D28h
  dw 00107h,base+00034h
  dw 00572h,base+0394Ch
  dw 00407h,base+005F3h
  dw 00105h,base+00029h
  dw 00771h,base+032E4h
  dw 0070Eh,base+032EBh
  dw 00771h,base+032F2h
  dw 0070Eh,base+032F9h
  dw 0086Eh,base+02E76h
  dw 00103h,base+00029h
  dw 0080Eh,base+02E7Eh
  dw 0086Eh,base+02E86h
  dw 00304h,base+02950h
  dw 0060Dh,base+03614h
  dw 0076Fh,base+03300h
  dw 00204h,base+03FA2h
  dw 0050Dh,base+03951h
  dw 0076Eh,base+03307h
  dw 00405h,base+03D2Ch
  dw 0040Ch,base+03D30h
  dw 0086Fh,base+02E8Eh
  dw 00A10h,base+02180h
  dw 00970h,base+02953h
  dw 00A0Fh,base+0218Ah
  dw 00972h,base+0295Ch
  dw 00A0Dh,base+02194h
  dw 00A72h,base+0219Eh
  dw 00C0Dh,base+017CAh
  dw 00A73h,base+021A8h
  dw 01780h,base+00285h
  dw 01680h,base+003C1h
  dw 01680h,base+003D7h
  dw 01580h,base+00559h
  dw 01480h,base+00638h
  dw 01480h,base+0064Ch
  dw 00304h,base+03F31h
  dw 00F7Dh,base+00E41h
  dw 00104h,base+00033h
  dw 00F7Ch,base+00E50h
  dw 00104h,base+0001Ah
  dw 00F80h,base+00E5Fh
  dw 01080h,base+00B9Dh
  dw 01080h,base+00BADh
  dw 00607h,base+0361Ah
  dw 00979h,base+02965h
  dw 00407h,base+03D34h
  dw 00979h,base+0296Eh
  dw 00306h,base+0218Ah
  dw 00B7Bh,base+01CCAh
  dw 00205h,base+0001Ah
  dw 00B80h,base+01CD5h
  dw 00B80h,base+01CE0h
  dw 00B80h,base+01CEBh
  dw 00C80h,base+017D6h
  dw 00C80h,base+017E2h
  dw 00C80h,base+017EEh
  dw 00C80h,base+017FAh
  dw 00203h,base+00311h
  dw 0097Dh,base+02977h
  dw 00204h,base+00311h
  dw 0077Ch,base+0330Eh
  dw 00204h,base+00311h
  dw 0067Ch,base+03620h
  dw 00304h,base+03F34h
  dw 0047Ch,base+03D38h
  dw 00304h,base+03F37h
  dw 0047Dh,base+03D3Ch
  dw 00203h,base+03FA4h
  dw 0037Eh,base+01198h
  dw 00102h,base+00013h
  dw 0037Eh,base+00B6Dh
  dw 00582h,base+03956h
  dw 00380h,base+03F3Ah
  dw 00380h,base+00555h
  dw 00380h,base+00555h
  dw 00380h,base+03F3Dh
  dw 00380h,base+0298Ah
  dw 00380h,base+018FDh
  dw 00380h,base+018FDh
  dw 00380h,base+00010h
  dw 00380h,base+00074h
  dw 00380h,base+00305h
  dw 00380h,base+009BFh
  dw 00381h,base+000AFh
  dw 0027Fh,base+000B0h
  dw 00380h,base+00052h
  dw 00380h,base+03DF6h
  dw 00381h,base+00D2Dh
  dw 00280h,base+00107h
  dw 00280h,base+00152h
  dw 00280h,base+00152h
  dw 00280h,base+00107h
  dw 00280h,base+0006Ch
  dw 00280h,base+0006Ch
  dw 0027Fh,base+0003Ah
  dw 00480h,base+03B68h
  dw 00480h,base+03D40h
  dw 00580h,base+0395Bh
  dw 00580h,base+03960h
  dw 00680h,base+03626h
  dw 00203h,base+00BBCh
  dw 00300h,base+000B0h

chunliPage0frame022:
  db 03Eh,029h,072h,05Dh
  db 082h
  db 06Fh,022h,014h,071h,03Eh
  db 0B0h,075h
  db 09Ch,070h
  dw 00580h,base+03965h
  dw 0057Fh,base+0396Ah
  dw 00680h,base+0362Ch
  dw 00680h,base+03632h
  dw 00680h,base+03638h
  dw 00781h,base+03315h
  dw 0067Fh,base+0363Eh
  dw 0077Eh,base+0331Ch
  dw 0097Fh,base+02980h
  dw 00A7Fh,base+021B2h
  dw 00B80h,base+01CF6h
  dw 00B80h,base+01D01h
  dw 00C80h,base+01806h
  dw 00C80h,base+01812h
  dw 00C81h,base+0181Eh
  dw 00A80h,base+021BCh
  dw 00A80h,base+021C6h
  dw 00A7Fh,base+021D0h
  dw 00B80h,base+01D0Ch
  dw 00B7Fh,base+01D17h
  dw 00D80h,base+013C7h
  dw 00E7Fh,base+010E1h
  dw 01080h,base+00BBDh
  dw 01180h,base+00A2Ah
  dw 0127Fh,base+00828h
  dw 01380h,base+0075Eh
  dw 01480h,base+00660h
  dw 01680h,base+003EDh
  dw 01780h,base+0029Ch
  dw 01980h,base+00109h
  dw 01980h,base+00122h
  dw 01D81h,base+00000h
  dw 00B0Eh,base+01D22h
  dw 00F72h,base+00E6Eh
  dw 00C13h,base+0182Ah
  dw 00A6Eh,base+021DAh
  dw 00B12h,base+01D2Dh
  dw 00A70h,base+021E4h
  dw 00A11h,base+021EEh
  dw 00A6Fh,base+021F8h
  dw 00A14h,base+02202h
  dw 0076Bh,base+03323h
  dw 00506h,base+0396Fh
  dw 00513h,base+03974h
  dw 0036Ah,base+03F40h
  dw 00304h,base+00579h
  dw 00312h,base+0011Bh
  dw 00369h,base+03F43h
  dw 00203h,base+013CAh
  dw 00304h,base+03F46h
  dw 00211h,base+001FFh
  dw 00268h,base+027ACh
  dw 00103h,base+00029h
  dw 00104h,base+00029h
  dw 00212h,base+00045h
  dw 00100h,base+0001Ch

chunliPage0frame023:
  db 04Ah,03Bh,076h,04Bh
  db 09Ch
  db 075h,04Ah,011h,074h,036h
  db 0BDh,054h
  db 09Dh,05Ch
  dw 0017Fh,base+00185h
  dw 00480h,base+03D44h
  dw 0057Eh,base+03979h
  dw 00710h,base+0332Ah
  dw 0026Fh,base+0001Ah
  dw 0080Bh,base+02E96h
  dw 00204h,base+000B0h
  dw 00665h,base+03644h
  dw 0010Ah,base+0001Ah
  dw 01876h,base+0019Dh
  dw 00206h,base+020ABh
  dw 00103h,base+0001Ah
  dw 01976h,base+0013Bh
  dw 00406h,base+003C1h
  dw 01D7Ah,base+0001Dh
  dw 00406h,base+03D48h
  dw 01C79h,base+0003Ah
  dw 00506h,base+0397Eh
  dw 0187Ah,base+001B5h
  dw 00506h,base+03983h
  dw 0177Ah,base+002B3h
  dw 00506h,base+03988h
  dw 0177Ah,base+002CAh
  dw 00506h,base+0398Dh
  dw 00406h,base+03D4Ch
  dw 00B0Dh,base+01D38h
  dw 00267h,base+00045h
  dw 01780h,base+002E1h
  dw 0167Fh,base+00403h
  dw 01680h,base+00419h
  dw 01480h,base+00674h
  dw 01380h,base+00771h
  dw 01480h,base+00688h
  dw 01481h,base+0069Ch
  dw 00102h,base+0001Ah
  dw 01214h,base+0083Ah
  dw 0026Eh,base+0001Ah
  dw 01011h,base+00BCDh
  dw 0046Fh,base+03D50h
  dw 01680h,base+0042Fh
  dw 0167Fh,base+00445h
  dw 01780h,base+002F8h
  dw 01780h,base+0030Fh
  dw 01780h,base+00326h
  dw 00708h,base+03331h
  dw 00A78h,base+0220Ch
  dw 00608h,base+0364Ah
  dw 00A78h,base+02216h
  dw 00304h,base+03F49h
  dw 00204h,base+01155h
  dw 00978h,base+02989h
  dw 00308h,base+03F4Ch
  dw 00978h,base+02992h
  dw 00308h,base+03F4Fh
  dw 00878h,base+02E9Eh
  dw 00308h,base+01F8Ch
  dw 00778h,base+03338h
  dw 00308h,base+02A86h
  dw 00578h,base+03992h
  dw 00308h,base+0012Dh
  dw 00578h,base+03997h
  dw 00308h,base+0012Dh
  dw 00578h,base+0399Ch
  dw 00308h,base+00B3Dh
  dw 00578h,base+039A1h
  dw 00308h,base+01795h
  dw 00203h,base+03FA6h
  dw 00175h,base+0001Ah
  dw 00308h,base+024A6h
  dw 00103h,base+00344h
  dw 00175h,base+00002h
  dw 00308h,base+03F52h
  dw 00178h,base+0009Ch
  dw 00380h,base+01548h
  dw 00307h,base+00FAFh
  dw 00179h,base+002E0h
  dw 00380h,base+03F55h
  dw 00380h,base+03F55h
  dw 00380h,base+03F55h
  dw 00280h,base+00065h
  dw 00280h,base+00015h
  dw 0027Fh,base+00015h
  dw 0037Fh,base+03F58h
  dw 0047Fh,base+03D54h
  dw 00681h,base+03650h
  dw 00680h,base+03656h
  dw 00581h,base+039A6h
  dw 00480h,base+03D58h
  dw 0037Fh,base+003C1h
  dw 00380h,base+03F5Bh
  dw 0037Fh,base+03F5Eh
  dw 00381h,base+03F61h
  dw 00100h,base+00154h

chunliPage0frame024:
  db 026h,056h,072h,02Dh
  db 088h
  db 074h,023h,01Fh,06Ah,022h
  db 098h,039h
  db 096h,04Fh
  dw 00280h,base+00BBCh
  dw 00380h,base+03F64h
  dw 00481h,base+03D5Ch
  dw 00580h,base+039ABh
  dw 0057Dh,base+035D8h
  dw 00103h,base+0001Ah
  dw 0057Ch,base+039B0h
  dw 00A80h,base+02220h
  dw 00B80h,base+01D43h
  dw 00A80h,base+0222Ah
  dw 00980h,base+0299Bh
  dw 00980h,base+029A4h
  dw 00980h,base+029ADh
  dw 00980h,base+029B6h
  dw 00981h,base+029BFh
  dw 0087Fh,base+02EA6h
  dw 0097Dh,base+029C8h
  dw 00203h,base+0001Ah
  dw 0097Dh,base+029D1h
  dw 00C7Fh,base+01836h
  dw 00D80h,base+013D4h
  dw 00D80h,base+013E1h
  dw 00D80h,base+013EEh
  dw 00D80h,base+013FBh
  dw 00D80h,base+01408h
  dw 00D80h,base+01415h
  dw 00C80h,base+01842h
  dw 00C7Fh,base+0184Eh
  dw 00C80h,base+0185Ah
  dw 00C80h,base+01866h
  dw 00B80h,base+01D4Eh
  dw 00B80h,base+01D59h
  dw 00A7Fh,base+02234h
  dw 00304h,base+00014h
  dw 0077Ch,base+0333Fh
  dw 00304h,base+00533h
  dw 0077Ch,base+03346h
  dw 00203h,base+01071h
  dw 0087Dh,base+02EAEh
  dw 00B80h,base+01D64h
  dw 00A80h,base+0223Eh
  dw 00A80h,base+02248h
  dw 00A80h,base+02252h
  dw 00A80h,base+0225Ch
  dw 00A80h,base+02266h
  dw 00A7Fh,base+02270h
  dw 00A7Fh,base+0227Ah
  dw 00B81h,base+01D6Fh
  dw 00A80h,base+02284h
  dw 00A80h,base+0228Eh
  dw 00A80h,base+02298h
  dw 00B80h,base+01D7Ah
  dw 00B80h,base+01D85h
  dw 00B80h,base+01D90h
  dw 00B80h,base+01D9Bh
  dw 00B80h,base+01DA6h
  dw 00B80h,base+01DB1h
  dw 00B80h,base+01DBCh
  dw 00C80h,base+01872h
  dw 00C80h,base+0187Eh
  dw 00506h,base+039B5h
  dw 0067Ah,base+0365Ch
  dw 00203h,base+03EABh
  dw 00203h,base+01040h
  dw 0067Ah,base+03662h
  dw 00203h,base+000A8h
  dw 00203h,base+002E0h
  dw 0067Ah,base+03668h
  dw 00203h,base+0043Eh
  dw 00103h,base+00029h
  dw 0067Ah,base+0366Eh
  dw 00205h,base+002EDh
  dw 0077Ch,base+0334Dh
  dw 00105h,base+0008Ah
  dw 0067Bh,base+03674h
  dw 00106h,base+00029h
  dw 00580h,base+039BAh
  dw 00580h,base+039BFh
  dw 00580h,base+039C4h
  dw 0057Fh,base+002C5h
  dw 00580h,base+039C9h
  dw 0047Fh,base+0044Eh
  dw 00580h,base+039CEh
  dw 00480h,base+03D60h
  dw 0047Fh,base+03D64h
  dw 00480h,base+03D68h
  dw 0047Fh,base+03D6Ch
  dw 0047Fh,base+03D70h
  dw 00480h,base+03D74h
  dw 00480h,base+03D78h
  dw 00380h,base+00D17h
  dw 00380h,base+03F67h
  dw 00381h,base+01732h
  dw 00280h,base+0014Fh
  dw 00280h,base+00035h
  dw 00280h,base+01F9Bh
  dw 00280h,base+0003Ah
  dw 00280h,base+03FA8h
  dw 00281h,base+03FAAh
  dw 00180h,base+0026Eh
  dw 00100h,base+0027Fh

chunliPage0frame025:
  db 034h,043h,070h,03Ch
  db 084h
  db 06Fh,022h,01Ah,06Fh,030h
  db 0A4h,063h
  db 099h,073h
  dw 00203h,base+0001Ah
  dw 0017Dh,base+0001Ah
  dw 0047Fh,base+03861h
  dw 00680h,base+033F8h
  dw 00780h,base+0329Eh
  dw 00780h,base+030ECh
  dw 00780h,base+030F3h
  dw 00780h,base+02F3Ah
  dw 0077Ch,base+03101h
  dw 00204h,base+00717h
  dw 0077Ch,base+032A5h
  dw 00304h,base+03F6Ah
  dw 0077Bh,base+03354h
  dw 00B80h,base+01DC7h
  dw 00A80h,base+022A2h
  dw 00A81h,base+022ACh
  dw 00980h,base+029DAh
  dw 00880h,base+02EB6h
  dw 00880h,base+02EBEh
  dw 0097Fh,base+029E3h
  dw 00B7Fh,base+01DD2h
  dw 00C80h,base+0188Ah
  dw 00D80h,base+01422h
  dw 00D7Eh,base+0142Fh
  dw 00F80h,base+00E7Dh
  dw 00F80h,base+00E8Ch
  dw 00F81h,base+00E9Bh
  dw 00E80h,base+010EFh
  dw 00A0Bh,base+022B6h
  dw 00375h,base+03F6Dh
  dw 0080Bh,base+02EC6h
  dw 00475h,base+03D7Ch
  dw 0080Ch,base+02ECEh
  dw 00374h,base+01B4Eh
  dw 0070Ch,base+0335Bh
  dw 00475h,base+03D80h
  dw 0060Bh,base+0367Ah
  dw 00574h,base+039D3h
  dw 00A0Dh,base+022C0h
  dw 00473h,base+03D84h
  dw 00B0Dh,base+01DDDh
  dw 00573h,base+039D8h
  dw 00B0Eh,base+01DE8h
  dw 00471h,base+03362h
  dw 00C0Fh,base+01896h
  dw 00471h,base+03D88h
  dw 00D10h,base+0143Ch
  dw 00406h,base+03D8Ch
  dw 0016Ah,base+00028h
  dw 00D10h,base+01449h
  dw 00770h,base+03362h
  dw 00D11h,base+01456h
  dw 0056Fh,base+039DDh
  dw 00D12h,base+01463h
  dw 0046Dh,base+03D90h
  dw 00E14h,base+010FDh
  dw 0036Ch,base+005DCh
  dw 00D14h,base+01470h
  dw 0046Ch,base+03D94h
  dw 00D14h,base+0147Dh
  dw 0046Ch,base+03D98h
  dw 00D14h,base+0148Ah
  dw 0046Ch,base+03D9Ch
  dw 00D14h,base+01497h
  dw 0056Ch,base+039E2h
  dw 00D13h,base+014A4h
  dw 0066Dh,base+03680h
  dw 00D13h,base+014B1h
  dw 00103h,base+00029h
  dw 0046Ah,base+03DA0h
  dw 00E16h,base+0110Bh
  dw 0036Ah,base+02A86h
  dw 00E17h,base+01119h
  dw 00269h,base+0228Fh
  dw 00E17h,base+01127h
  dw 00269h,base+001F9h
  dw 00E80h,base+01135h
  dw 00E80h,base+01143h
  dw 00E80h,base+01151h
  dw 00E80h,base+0115Fh
  dw 00506h,base+039E7h
  dw 0077Bh,base+03369h
  dw 00405h,base+03DA4h
  dw 0067Bh,base+03686h
  dw 00405h,base+03DA8h
  dw 0057Ch,base+039ECh
  dw 00880h,base+02ED6h
  dw 00780h,base+03370h
  dw 00102h,base+00018h
  dw 00581h,base+039F1h
  dw 00280h,base+000ECh
  dw 0027Fh,base+00107h
  dw 00380h,base+03F70h
  dw 00280h,base+01073h
  dw 00280h,base+01128h
  dw 00280h,base+0083Dh
  dw 00280h,base+0083Dh
  dw 00281h,base+01BDAh
  dw 00100h,base+00019h

chunliPage0frame026:
  db 040h,031h,070h,033h
  db 076h
  db 070h,02Eh,019h,06Fh,040h
  db 0AEh,054h
  db 09Fh,063h
  dw 00102h,base+00029h
  dw 0017Eh,base+00029h
  dw 0047Fh,base+003C1h
  dw 0057Fh,base+039F6h
  dw 00780h,base+03377h
  dw 00780h,base+0337Eh
  dw 00880h,base+02EDEh
  dw 00780h,base+03385h
  dw 00780h,base+0338Ch
  dw 00780h,base+03393h
  dw 00708h,base+0339Ah
  dw 00278h,base+0001Ah
  dw 00608h,base+0368Ch
  dw 00278h,base+00058h
  dw 00102h,base+000D7h
  dw 00980h,base+029ECh
  dw 00980h,base+029F5h
  dw 00A80h,base+022CAh
  dw 00E11h,base+0116Dh
  dw 0016Eh,base+008C8h
  dw 01012h,base+00BDDh
  dw 0016Dh,base+00028h
  dw 01580h,base+0056Eh
  dw 01680h,base+0045Bh
  dw 00A0Ch,base+022D4h
  dw 00A74h,base+022DEh
  dw 00A0Bh,base+022E8h
  dw 00B75h,base+01DF3h
  dw 00F13h,base+00EAAh
  dw 0036Dh,base+03F73h
  dw 01013h,base+00BEDh
  dw 0036Dh,base+00AF6h
  dw 01113h,base+00A3Bh
  dw 0036Eh,base+0250Fh
  dw 01012h,base+00BFDh
  dw 0026Fh,base+0135Ch
  dw 01011h,base+00C0Dh
  dw 0016Fh,base+000BEh
  dw 01180h,base+00A4Ch
  dw 01481h,base+006B0h
  dw 01480h,base+006C4h
  dw 01581h,base+00583h
  dw 01415h,base+006D8h
  dw 0016Bh,base+0001Ah
  dw 01680h,base+00471h
  dw 01980h,base+00154h
  dw 01A80h,base+000A4h
  dw 00A0Bh,base+022F2h
  dw 00305h,base+003C1h
  dw 00A70h,base+022FCh
  dw 00A10h,base+02306h
  dw 00A6Fh,base+02310h
  dw 00B12h,base+01DFEh
  dw 0096Ah,base+029FEh
  dw 00F12h,base+00EB9h
  dw 00105h,base+0001Ah
  dw 00102h,base+00029h
  dw 00767h,base+033A1h
  dw 00E11h,base+0117Bh
  dw 0020Ch,base+0090Ch
  dw 00364h,base+03F76h
  dw 00E10h,base+01189h
  dw 0020Dh,base+000A1h
  dw 00263h,base+03328h
  dw 0131Dh,base+00784h
  dw 00264h,base+03328h
  dw 0121Ch,base+0084Ch
  dw 00264h,base+00521h
  dw 0121Ch,base+0085Eh
  dw 00264h,base+0241Fh
  dw 0131Dh,base+00797h
  dw 00164h,base+00358h
  dw 00203h,base+00042h
  dw 00F19h,base+00EC8h
  dw 00164h,base+0001Ch
  dw 00103h,base+0000Fh
  dw 00B0Dh,base+01E09h
  dw 00273h,base+000A1h
  dw 0090Dh,base+02A07h
  dw 00273h,base+00568h
  dw 00708h,base+033A8h
  dw 00106h,base+0001Ah
  dw 00173h,base+00036h
  dw 0050Dh,base+039FBh
  dw 00173h,base+0001Ah
  dw 00400h,base+003C1h

chunliPage0frame027:
  db 030h,04Ah,068h,03Ah
  db 070h
  db 061h,022h,01Dh,06Bh,023h
  db 000h,000h
  db 000h,000h
  dw 00203h,base+0001Ah
  dw 0017Dh,base+0001Ah
  dw 0047Fh,base+03861h
  dw 00680h,base+033F8h
  dw 00680h,base+0329Eh
  dw 00780h,base+030ECh
  dw 00780h,base+030F3h
  dw 00780h,base+02F3Ah
  dw 00780h,base+03101h
  dw 00781h,base+033AFh
  dw 00680h,base+03692h
  dw 00580h,base+03A00h
  dw 00680h,base+03698h
  dw 0077Dh,base+033B6h
  dw 00203h,base+00058h
  dw 0087Dh,base+02EE6h
  dw 00C7Fh,base+018A2h
  dw 00D80h,base+014BEh
  dw 00D80h,base+014CBh
  dw 00D80h,base+014D8h
  dw 00D80h,base+014E5h
  dw 00C80h,base+018AEh
  dw 00D81h,base+014F2h
  dw 00C80h,base+018BAh
  dw 00D81h,base+014FFh
  dw 00C80h,base+018C6h
  dw 00C80h,base+018D2h
  dw 00B80h,base+01E14h
  dw 00809h,base+02EEEh
  dw 00177h,base+00029h
  dw 00881h,base+02EF6h
  dw 00780h,base+033BDh
  dw 00681h,base+0369Eh
  dw 00580h,base+03A05h
  dw 00681h,base+036A4h
  dw 00580h,base+03A0Ah
  dw 00580h,base+03A0Fh
  dw 0057Fh,base+03A14h
  dw 0067Fh,base+036AAh
  dw 00880h,base+02EFEh
  dw 0097Fh,base+02A10h
  dw 00A80h,base+0231Ah
  dw 00B80h,base+01E1Fh
  dw 00C80h,base+018DEh
  dw 00D80h,base+0150Ch
  dw 00D80h,base+01519h
  dw 00E80h,base+01197h
  dw 00F80h,base+00ED7h
  dw 00F80h,base+00EE6h
  dw 01080h,base+00C1Dh
  dw 01080h,base+00C2Dh
  dw 01080h,base+00C3Dh
  dw 0090Ah,base+02A19h
  dw 00676h,base+036B0h
  dw 0090Ch,base+02A22h
  dw 00474h,base+03DACh
  dw 0090Dh,base+02A2Bh
  dw 00473h,base+01123h
  dw 0090Dh,base+02A34h
  dw 00473h,base+019B9h
  dw 00A0Dh,base+02324h
  dw 00473h,base+019B9h
  dw 00A0Dh,base+0232Eh
  dw 00473h,base+0366Ah
  dw 00A0Dh,base+02338h
  dw 00473h,base+0044Eh
  dw 00A0Dh,base+02342h
  dw 00473h,base+01611h
  dw 00A0Eh,base+0234Ch
  dw 00373h,base+0123Eh
  dw 0080Dh,base+02F06h
  dw 00374h,base+03E11h
  dw 0070Ch,base+033C4h
  dw 00475h,base+03DB0h
  dw 0050Bh,base+0054Bh
  dw 00474h,base+030AEh
  dw 0050Ch,base+03A19h
  dw 00474h,base+03911h
  dw 0050Dh,base+03A1Eh
  dw 00373h,base+03F79h
  dw 0040Dh,base+03DB4h
  dw 00373h,base+033D5h
  dw 0030Dh,base+03F7Ch
  dw 00372h,base+03F28h
  dw 0040Fh,base+03DB8h
  dw 00271h,base+00087h
  dw 0040Fh,base+03DBCh
  dw 00270h,base+00035h
  dw 00410h,base+03DC0h
  dw 00370h,base+03F7Fh
  dw 00310h,base+00459h
  dw 00370h,base+021BDh
  dw 00210h,base+000C6h
  dw 00470h,base+03DC4h
  dw 00310h,base+025A7h
  dw 00570h,base+038E8h
  dw 00410h,base+03DC8h
  dw 00570h,base+03A23h
  dw 00411h,base+03DCCh
  dw 0056Fh,base+03A28h
  dw 00413h,base+03DD0h
  dw 00300h,base+000B0h

chunliPage0frame028:
  db 02Ah,03Bh,06Ch,049h
  db 074h
  db 065h,022h,01Eh,06Dh,025h
  db 000h,000h
  db 000h,000h
  dw 00203h,base+0001Ah
  dw 0017Dh,base+0001Ah
  dw 0047Fh,base+03861h
  dw 00680h,base+033F8h
  dw 00680h,base+0329Eh
  dw 00780h,base+030ECh
  dw 00780h,base+030F3h
  dw 00780h,base+02F3Ah
  dw 00780h,base+03101h
  dw 00781h,base+033AFh
  dw 00680h,base+03692h
  dw 00580h,base+03A00h
  dw 00680h,base+03698h
  dw 0077Dh,base+033B6h
  dw 00203h,base+00058h
  dw 0087Dh,base+02EE6h
  dw 00C7Fh,base+018A2h
  dw 00D80h,base+014BEh
  dw 00D80h,base+014CBh
  dw 00D80h,base+014D8h
  dw 00D80h,base+014E5h
  dw 00C80h,base+018AEh
  dw 00D81h,base+014F2h
  dw 00C80h,base+018BAh
  dw 00D81h,base+014FFh
  dw 00C80h,base+018C6h
  dw 00C80h,base+018D2h
  dw 00B80h,base+01E14h
  dw 00809h,base+02F0Eh
  dw 00178h,base+00029h
  dw 00780h,base+033CBh
  dw 0070Dh,base+033D2h
  dw 00274h,base+00045h
  dw 0060Bh,base+036B6h
  dw 00476h,base+02068h
  dw 00509h,base+03A2Dh
  dw 00577h,base+03A32h
  dw 00508h,base+03A37h
  dw 00678h,base+036BCh
  dw 00507h,base+03A3Ch
  dw 00779h,base+033D9h
  dw 00506h,base+03A41h
  dw 00879h,base+02F16h
  dw 00F80h,base+00EF5h
  dw 00F7Fh,base+00F04h
  dw 01080h,base+00C4Dh
  dw 01080h,base+00C5Dh
  dw 01080h,base+00C6Dh
  dw 01080h,base+00C7Dh
  dw 01080h,base+00C8Dh
  dw 00C0Dh,base+018EAh
  dw 00373h,base+00699h
  dw 00B0Dh,base+01E2Ah
  dw 00373h,base+03F82h
  dw 00B0Dh,base+01E35h
  dw 00373h,base+03F85h
  dw 00A0Dh,base+02356h
  dw 00373h,base+028FAh
  dw 00A0Dh,base+02360h
  dw 00373h,base+00792h
  dw 00A0Dh,base+0236Ah
  dw 00372h,base+03F88h
  dw 00B0Eh,base+01E40h
  dw 00371h,base+03F8Bh
  dw 00C0Fh,base+018F6h
  dw 00371h,base+0218Ah
  dw 00D0Fh,base+01526h
  dw 00371h,base+03F8Eh
  dw 00D0Fh,base+01533h
  dw 00371h,base+03F8Eh
  dw 00D0Fh,base+01540h
  dw 00371h,base+03F91h
  dw 00D0Fh,base+0154Dh
  dw 00372h,base+03F10h
  dw 00B0Eh,base+01E4Bh
  dw 00372h,base+000C5h
  dw 0090Eh,base+02A3Dh
  dw 00472h,base+03DD4h
  dw 00204h,base+000BAh
  dw 0050Ah,base+0021Fh
  dw 00572h,base+03A46h
  dw 00305h,base+03F68h
  dw 00209h,base+000B0h
  dw 00572h,base+03A4Bh
  dw 0030Fh,base+02B4Ah
  dw 00102h,base+0000Fh
  dw 00270h,base+00362h
  dw 00210h,base+00001h
  dw 00200h,base+000B0h


