  dw chunliPage0frame000
  dw chunliPage0frame001
  dw chunliPage0frame002
  dw chunliPage0frame003
  dw chunliPage0frame004
  dw chunliPage0frame005
  dw chunliPage0frame006
  dw chunliPage0frame007
  dw chunliPage0frame008
  dw chunliPage0frame009
  dw chunliPage0frame010
  dw chunliPage0frame011
  dw chunliPage0frame012
  dw chunliPage0frame013
  dw chunliPage0frame014
  dw chunliPage0frame015
  dw chunliPage0frame016
  dw chunliPage0frame017
  dw chunliPage0frame018
  dw chunliPage0frame019
  dw chunliPage0frame020
  dw chunliPage0frame021
  dw chunliPage0frame022
  dw chunliPage0frame023
  dw chunliPage0frame024
  dw chunliPage0frame025
  dw chunliPage0frame026
  dw chunliPage0frame027
  dw chunliPage0frame028

chunliPage0frame000:
  db 028h,04Bh,06Eh,039h
  db 07Ah
  dw base+00000h
  dw 00203h
  dw 0017Dh
  dw 0047Fh
  dw 00680h
  dw 00680h
  dw 00780h
  dw 00780h
  dw 00781h
  dw 0067Fh
  dw 00781h
  dw 00680h
  dw 00580h
  dw 0047Dh
  dw 0077Fh
  dw 00880h
  dw 0077Fh
  dw 00880h
  dw 00880h
  dw 00980h
  dw 00880h
  dw 0080Dh
  dw 00274h
  dw 0080Bh
  dw 00375h
  dw 0080Bh
  dw 00375h
  dw 0080Bh
  dw 00375h
  dw 0080Bh
  dw 00375h
  dw 0090Bh
  dw 00375h
  dw 0090Ah
  dw 00476h
  dw 00E7Fh
  dw 00E80h
  dw 00C80h
  dw 00C80h
  dw 00C80h
  dw 00B80h
  dw 00809h
  dw 00276h
  dw 00880h
  dw 00880h
  dw 00980h
  dw 00980h
  dw 00A80h
  dw 00A80h
  dw 00B80h
  dw 00B80h
  dw 00C80h
  dw 00C80h
  dw 00D80h
  dw 00D80h
  dw 00D80h
  dw 00E80h
  dw 00E80h
  dw 00809h
  dw 00577h
  dw 0080Ah
  dw 00476h
  dw 0080Bh
  dw 00375h
  dw 0080Bh
  dw 00375h
  dw 0080Bh
  dw 00475h
  dw 00203h
  dw 00508h
  dw 00475h
  dw 00203h
  dw 00508h
  dw 00476h
  dw 0060Ah
  dw 00477h
  dw 00509h
  dw 00477h
  dw 0050Ah
  dw 00376h
  dw 0040Ah
  dw 00376h
  dw 0040Ah
  dw 00375h
  dw 0050Bh
  dw 00475h
  dw 0040Ch
  dw 00374h
  dw 0040Bh
  dw 00476h
  dw 0020Bh
  dw 00275h
  dw 0020Bh
  dw 00374h
  dw 0030Dh
  dw 00273h
  dw 0020Dh
  dw 00272h
  dw 0020Eh
  dw 00372h
  dw 0020Fh
  dw 00271h
  dw 0020Eh
  dw 00472h
  dw 0020Eh
  dw 00472h
  dw 0030Eh
  dw 00572h
  dw 0030Fh
  dw 00571h
  dw 0030Fh
  dw 00571h
  dw 0030Fh
  dw 00103h
  dw 00200h

chunliPage0frame001:
  db 028h,04Ch,06Eh,038h
  db 07Ah
  dw base+0029Dh
  dw 00203h
  dw 0017Dh
  dw 0047Fh
  dw 00680h
  dw 00680h
  dw 00780h
  dw 00780h
  dw 00781h
  dw 0067Fh
  dw 00781h
  dw 00680h
  dw 0057Dh
  dw 00103h
  dw 0047Ch
  dw 00880h
  dw 0087Fh
  dw 00880h
  dw 00880h
  dw 00980h
  dw 00980h
  dw 00981h
  dw 0080Ch
  dw 00274h
  dw 0080Bh
  dw 00375h
  dw 0080Bh
  dw 00375h
  dw 0080Bh
  dw 00375h
  dw 0090Bh
  dw 00375h
  dw 0090Bh
  dw 00375h
  dw 0090Ah
  dw 00475h
  dw 00F80h
  dw 00E80h
  dw 00C80h
  dw 00C80h
  dw 00B81h
  dw 00708h
  dw 00277h
  dw 00880h
  dw 0077Fh
  dw 00880h
  dw 00880h
  dw 00980h
  dw 00980h
  dw 00A80h
  dw 00A80h
  dw 00B80h
  dw 00B80h
  dw 00C80h
  dw 00C80h
  dw 00D80h
  dw 00D80h
  dw 00D80h
  dw 00E80h
  dw 00E80h
  dw 00809h
  dw 00577h
  dw 0080Ah
  dw 00476h
  dw 0080Bh
  dw 00375h
  dw 0080Bh
  dw 00375h
  dw 0080Bh
  dw 00475h
  dw 00203h
  dw 00508h
  dw 00475h
  dw 00203h
  dw 00508h
  dw 00476h
  dw 0060Ah
  dw 00477h
  dw 00509h
  dw 00477h
  dw 0050Ah
  dw 00376h
  dw 0040Ah
  dw 00376h
  dw 0040Ah
  dw 00375h
  dw 0050Bh
  dw 00475h
  dw 0040Ch
  dw 00374h
  dw 0040Bh
  dw 00476h
  dw 0020Bh
  dw 00275h
  dw 0020Bh
  dw 00374h
  dw 0030Dh
  dw 00273h
  dw 0020Dh
  dw 00272h
  dw 0020Eh
  dw 00372h
  dw 0020Fh
  dw 00271h
  dw 0020Eh
  dw 00472h
  dw 0020Eh
  dw 00472h
  dw 0030Eh
  dw 00572h
  dw 0030Fh
  dw 00571h
  dw 0030Fh
  dw 00571h
  dw 0030Fh
  dw 00103h
  dw 00200h

chunliPage0frame002:
  db 028h,04Dh,06Eh,037h
  db 07Ah
  dw base+00543h
  dw 0017Fh
  dw 00580h
  dw 00580h
  dw 00580h
  dw 00680h
  dw 00780h
  dw 00780h
  dw 00780h
  dw 00781h
  dw 0057Ch
  dw 00104h
  dw 0057Ch
  dw 00204h
  dw 0047Bh
  dw 00880h
  dw 00880h
  dw 00880h
  dw 00880h
  dw 00880h
  dw 00880h
  dw 00980h
  dw 0090Dh
  dw 00173h
  dw 0090Bh
  dw 00475h
  dw 0090Bh
  dw 00475h
  dw 0090Bh
  dw 00475h
  dw 0090Ch
  dw 00374h
  dw 00A0Bh
  dw 00475h
  dw 00E80h
  dw 00E80h
  dw 00D80h
  dw 00C80h
  dw 00B80h
  dw 00809h
  dw 00278h
  dw 00708h
  dw 00178h
  dw 0067Fh
  dw 00780h
  dw 0067Fh
  dw 00880h
  dw 00880h
  dw 00980h
  dw 00980h
  dw 00A80h
  dw 00A80h
  dw 00B80h
  dw 00B80h
  dw 00C80h
  dw 00C80h
  dw 00D80h
  dw 00D80h
  dw 00D80h
  dw 00E80h
  dw 00E80h
  dw 00809h
  dw 00577h
  dw 0080Ah
  dw 00476h
  dw 0080Bh
  dw 00375h
  dw 0080Bh
  dw 00375h
  dw 0080Bh
  dw 00475h
  dw 00203h
  dw 00508h
  dw 00475h
  dw 00203h
  dw 00508h
  dw 00476h
  dw 0060Ah
  dw 00477h
  dw 00509h
  dw 00477h
  dw 0050Ah
  dw 00376h
  dw 0040Ah
  dw 00376h
  dw 0040Ah
  dw 00375h
  dw 0050Bh
  dw 00475h
  dw 0040Ch
  dw 00374h
  dw 0040Bh
  dw 00476h
  dw 0020Bh
  dw 00275h
  dw 0020Bh
  dw 00374h
  dw 0030Dh
  dw 00273h
  dw 0020Dh
  dw 00272h
  dw 0020Eh
  dw 00372h
  dw 0020Fh
  dw 00271h
  dw 0020Eh
  dw 00472h
  dw 0020Eh
  dw 00472h
  dw 0030Eh
  dw 00572h
  dw 0030Fh
  dw 00571h
  dw 0030Fh
  dw 00571h
  dw 0030Fh
  dw 00103h
  dw 00200h

chunliPage0frame003:
  db 02Ch,04Ah,06Ch,03Ah
  db 088h
  dw base+007EDh
  dw 00203h
  dw 0017Dh
  dw 0047Fh
  dw 00680h
  dw 00680h
  dw 00780h
  dw 00781h
  dw 0067Fh
  dw 00780h
  dw 00780h
  dw 00781h
  dw 0057Dh
  dw 0087Fh
  dw 00880h
  dw 0087Fh
  dw 00980h
  dw 00880h
  dw 00680h
  dw 0067Fh
  dw 00780h
  dw 0080Ah
  dw 00102h
  dw 00274h
  dw 0080Ah
  dw 00476h
  dw 0080Ah
  dw 00477h
  dw 00709h
  dw 00477h
  dw 00709h
  dw 00477h
  dw 00708h
  dw 00577h
  dw 00D80h
  dw 00E80h
  dw 00507h
  dw 00406h
  dw 00172h
  dw 00C80h
  dw 00C7Fh
  dw 00D80h
  dw 00D7Fh
  dw 00E80h
  dw 0080Bh
  dw 00175h
  dw 0080Bh
  dw 00175h
  dw 0090Bh
  dw 00174h
  dw 00A0Ch
  dw 00174h
  dw 00B80h
  dw 00B80h
  dw 00C80h
  dw 00C80h
  dw 00D80h
  dw 00D80h
  dw 00E80h
  dw 00E80h
  dw 00E80h
  dw 00F80h
  dw 00809h
  dw 00677h
  dw 0080Ah
  dw 00576h
  dw 0080Bh
  dw 00475h
  dw 0080Ch
  dw 00374h
  dw 0070Bh
  dw 00476h
  dw 0050Ah
  dw 00376h
  dw 0050Ah
  dw 00376h
  dw 0050Ah
  dw 00375h
  dw 0060Bh
  dw 00375h
  dw 0060Bh
  dw 00375h
  dw 0050Bh
  dw 00374h
  dw 0060Ch
  dw 00374h
  dw 0050Ch
  dw 00373h
  dw 0050Dh
  dw 00372h
  dw 0050Eh
  dw 00372h
  dw 0050Eh
  dw 00371h
  dw 00610h
  dw 00270h
  dw 00410h
  dw 00270h
  dw 00310h
  dw 00270h
  dw 00310h
  dw 00270h
  dw 00310h
  dw 00270h
  dw 00310h
  dw 00271h
  dw 0020Eh
  dw 00472h
  dw 0030Eh
  dw 00572h
  dw 0030Fh
  dw 00571h
  dw 0030Fh
  dw 00572h
  dw 0020Eh
  dw 00102h
  dw 00300h

chunliPage0frame004:
  db 02Ah,04Dh,070h,037h
  db 088h
  dw base+00A9Ah
  dw 00203h
  dw 0017Dh
  dw 0047Fh
  dw 00680h
  dw 00680h
  dw 00780h
  dw 00781h
  dw 0067Fh
  dw 00780h
  dw 00781h
  dw 0067Dh
  dw 00103h
  dw 00580h
  dw 0057Dh
  dw 00102h
  dw 0057Eh
  dw 0077Fh
  dw 0087Fh
  dw 00880h
  dw 00880h
  dw 00880h
  dw 00880h
  dw 0080Ch
  dw 00174h
  dw 00809h
  dw 00102h
  dw 00375h
  dw 0070Ah
  dw 00476h
  dw 0070Ah
  dw 00476h
  dw 0080Ah
  dw 00476h
  dw 0080Ah
  dw 00476h
  dw 00D80h
  dw 00D7Fh
  dw 00E80h
  dw 00B0Eh
  dw 00171h
  dw 00C80h
  dw 00B7Fh
  dw 00C80h
  dw 00B80h
  dw 00B80h
  dw 0097Fh
  dw 00A80h
  dw 00980h
  dw 00980h
  dw 00A80h
  dw 00A80h
  dw 00A80h
  dw 00A80h
  dw 00B80h
  dw 00B80h
  dw 00B80h
  dw 00B80h
  dw 00C80h
  dw 00C80h
  dw 00C80h
  dw 00C80h
  dw 00C81h
  dw 00B80h
  dw 00B80h
  dw 00708h
  dw 00379h
  dw 00A80h
  dw 00A80h
  dw 00980h
  dw 00506h
  dw 00379h
  dw 00507h
  dw 00378h
  dw 00608h
  dw 00378h
  dw 00508h
  dw 00378h
  dw 00407h
  dw 00479h
  dw 00407h
  dw 00378h
  dw 00408h
  dw 00378h
  dw 00408h
  dw 00378h
  dw 00408h
  dw 00378h
  dw 00308h
  dw 00377h
  dw 00309h
  dw 00376h
  dw 0040Ah
  dw 00276h
  dw 0030Ah
  dw 00276h
  dw 0030Ah
  dw 00276h
  dw 0030Ah
  dw 00276h
  dw 0040Ah
  dw 00376h
  dw 0050Ah
  dw 00576h
  dw 0050Ah
  dw 00578h
  dw 00308h
  dw 00102h
  dw 00376h
  dw 0030Ah
  dw 00300h

chunliPage0frame005:
  db 024h,04Eh,076h,036h
  db 088h
  dw base+00D45h
  dw 00203h
  dw 0017Dh
  dw 0047Fh
  dw 00680h
  dw 00680h
  dw 00780h
  dw 00781h
  dw 0067Fh
  dw 00780h
  dw 00781h
  dw 0067Ch
  dw 00104h
  dw 0057Bh
  dw 00304h
  dw 0067Ch
  dw 0097Fh
  dw 00A80h
  dw 00A80h
  dw 00981h
  dw 00880h
  dw 00880h
  dw 0087Fh
  dw 0090Bh
  dw 00102h
  dw 00273h
  dw 0090Bh
  dw 00475h
  dw 0080Bh
  dw 00475h
  dw 0080Bh
  dw 00476h
  dw 0080Ah
  dw 00476h
  dw 0080Ah
  dw 00476h
  dw 00809h
  dw 00477h
  dw 00D7Fh
  dw 00F80h
  dw 00C0Eh
  dw 00171h
  dw 00C80h
  dw 00809h
  dw 00376h
  dw 0090Bh
  dw 00175h
  dw 0090Bh
  dw 00175h
  dw 00880h
  dw 0087Fh
  dw 00880h
  dw 00980h
  dw 00980h
  dw 00980h
  dw 00980h
  dw 00980h
  dw 00A80h
  dw 00A80h
  dw 00A80h
  dw 00A80h
  dw 00A80h
  dw 00A80h
  dw 00A80h
  dw 00A80h
  dw 00A80h
  dw 00A80h
  dw 00A80h
  dw 00A81h
  dw 00980h
  dw 00304h
  dw 0057Ch
  dw 00204h
  dw 0057Fh
  dw 00680h
  dw 00680h
  dw 0057Fh
  dw 00680h
  dw 00680h
  dw 00580h
  dw 00580h
  dw 00581h
  dw 0037Fh
  dw 00480h
  dw 00480h
  dw 0047Fh
  dw 00481h
  dw 00380h
  dw 00280h
  dw 0027Fh
  dw 0047Fh
  dw 00680h
  dw 00780h
  dw 00780h
  dw 00781h
  dw 00600h

chunliPage0frame006:
  db 02Ah,04Dh,072h,037h
  db 088h
  dw base+00FB6h
  dw 00203h
  dw 0017Dh
  dw 0047Fh
  dw 00680h
  dw 00680h
  dw 00780h
  dw 00781h
  dw 0067Fh
  dw 00780h
  dw 00780h
  dw 0077Dh
  dw 00104h
  dw 0057Bh
  dw 00304h
  dw 0067Ch
  dw 0097Fh
  dw 00A80h
  dw 00A80h
  dw 00980h
  dw 00981h
  dw 00880h
  dw 00980h
  dw 0090Dh
  dw 00172h
  dw 00A0Bh
  dw 00102h
  dw 00373h
  dw 0090Ch
  dw 00474h
  dw 0090Ch
  dw 00474h
  dw 00A0Ch
  dw 00474h
  dw 00A0Ch
  dw 00374h
  dw 00A0Bh
  dw 00374h
  dw 01080h
  dw 00709h
  dw 00777h
  dw 00709h
  dw 00506h
  dw 00171h
  dw 0070Ah
  dw 00306h
  dw 00170h
  dw 0070Ah
  dw 00375h
  dw 0080Bh
  dw 00275h
  dw 0070Ch
  dw 00174h
  dw 0067Fh
  dw 00880h
  dw 00880h
  dw 00880h
  dw 00880h
  dw 00980h
  dw 00980h
  dw 00980h
  dw 00980h
  dw 00980h
  dw 00980h
  dw 00980h
  dw 00980h
  dw 00980h
  dw 00A80h
  dw 00A80h
  dw 00A80h
  dw 00A80h
  dw 00A80h
  dw 00A80h
  dw 00A80h
  dw 00A81h
  dw 00981h
  dw 00880h
  dw 00880h
  dw 0077Fh
  dw 00880h
  dw 00880h
  dw 00880h
  dw 00304h
  dw 0037Dh
  dw 00204h
  dw 0027Ah
  dw 00405h
  dw 0037Bh
  dw 00405h
  dw 0037Ah
  dw 00406h
  dw 0037Ah
  dw 00306h
  dw 00379h
  dw 00308h
  dw 00278h
  dw 00308h
  dw 00278h
  dw 00308h
  dw 00279h
  dw 00306h
  dw 0037Ah
  dw 00306h
  dw 0047Ah
  dw 00406h
  dw 0057Bh
  dw 00305h
  dw 0067Bh
  dw 00305h
  dw 00680h
  dw 00102h
  dw 00400h

chunliPage0frame007:
  db 030h,04Ch,06Ch,038h
  db 088h
  dw base+0124Dh
  dw 00203h
  dw 0017Dh
  dw 0047Fh
  dw 00680h
  dw 00680h
  dw 00780h
  dw 00781h
  dw 0067Fh
  dw 00780h
  dw 0077Dh
  dw 00103h
  dw 0077Ch
  dw 00205h
  dw 0057Bh
  dw 00304h
  dw 0067Bh
  dw 00A80h
  dw 00A80h
  dw 00A80h
  dw 00980h
  dw 00980h
  dw 0097Fh
  dw 00B80h
  dw 00B80h
  dw 00B0Ch
  dw 00103h
  dw 00171h
  dw 00B0Dh
  dw 00472h
  dw 00B0Eh
  dw 00472h
  dw 00C0Eh
  dw 00472h
  dw 00C0Eh
  dw 00472h
  dw 00C0Eh
  dw 00372h
  dw 00C0Dh
  dw 00474h
  dw 00809h
  dw 00777h
  dw 00709h
  dw 00777h
  dw 0060Ah
  dw 00306h
  dw 0016Fh
  dw 0070Bh
  dw 00375h
  dw 0070Bh
  dw 00275h
  dw 0070Ch
  dw 00173h
  dw 00880h
  dw 00880h
  dw 00880h
  dw 00880h
  dw 00880h
  dw 00880h
  dw 00880h
  dw 00980h
  dw 00980h
  dw 00A80h
  dw 00A80h
  dw 00B80h
  dw 00B80h
  dw 00C80h
  dw 00C80h
  dw 00D80h
  dw 00D80h
  dw 00D80h
  dw 00D80h
  dw 00709h
  dw 00477h
  dw 00709h
  dw 00477h
  dw 00609h
  dw 00477h
  dw 00609h
  dw 00376h
  dw 0070Ah
  dw 00376h
  dw 0060Ah
  dw 00376h
  dw 0060Ah
  dw 00375h
  dw 0060Bh
  dw 00375h
  dw 0050Bh
  dw 00375h
  dw 0040Bh
  dw 00374h
  dw 0040Ch
  dw 00373h
  dw 0050Dh
  dw 00373h
  dw 0040Dh
  dw 00372h
  dw 0040Eh
  dw 00372h
  dw 0030Eh
  dw 00372h
  dw 0030Fh
  dw 00271h
  dw 0030Fh
  dw 00271h
  dw 0030Fh
  dw 00172h
  dw 0020Eh
  dw 00272h
  dw 0030Dh
  dw 00473h
  dw 0030Dh
  dw 00573h
  dw 0030Dh
  dw 00673h
  dw 0030Dh
  dw 00681h
  dw 00102h
  dw 00300h

chunliPage0frame008:
  db 02Ah,040h,06Ch,044h
  db 080h
  dw base+0150Ch
  dw 00203h
  dw 0017Dh
  dw 0047Fh
  dw 00680h
  dw 00680h
  dw 00780h
  dw 00780h
  dw 00781h
  dw 0067Fh
  dw 00781h
  dw 00680h
  dw 0057Dh
  dw 00103h
  dw 0047Ch
  dw 00880h
  dw 0087Fh
  dw 00880h
  dw 00880h
  dw 00980h
  dw 00980h
  dw 00981h
  dw 0080Ch
  dw 00274h
  dw 0080Bh
  dw 00375h
  dw 0080Bh
  dw 00375h
  dw 0080Bh
  dw 00375h
  dw 0090Bh
  dw 00375h
  dw 0090Bh
  dw 00375h
  dw 0090Ah
  dw 00475h
  dw 00F80h
  dw 00E80h
  dw 00C80h
  dw 00C80h
  dw 00B81h
  dw 00708h
  dw 00278h
  dw 00708h
  dw 00177h
  dw 00709h
  dw 00477h
  dw 00E7Fh
  dw 00F80h
  dw 00F80h
  dw 00F80h
  dw 00F7Fh
  dw 01080h
  dw 01080h
  dw 01080h
  dw 01080h
  dw 01080h
  dw 00B0Ch
  dw 00474h
  dw 00B0Ch
  dw 00474h
  dw 00A0Dh
  dw 00373h
  dw 0090Dh
  dw 00373h
  dw 0090Ch
  dw 00374h
  dw 00980h
  dw 0090Dh
  dw 00273h
  dw 00980h
  dw 0090Dh
  dw 00171h
  dw 00102h
  dw 0090Dh
  dw 00270h
  dw 00203h
  dw 0080Dh
  dw 00270h
  dw 00203h
  dw 0080Dh
  dw 00270h
  dw 00203h
  dw 0060Dh
  dw 00270h
  dw 00710h
  dw 00270h
  dw 00510h
  dw 00371h
  dw 0020Eh
  dw 00472h
  dw 0030Eh
  dw 00572h
  dw 0030Fh
  dw 00571h
  dw 0030Fh
  dw 00572h
  dw 0020Eh
  dw 00103h
  dw 00200h

chunliPage0frame009:
  db 01Ch,05Eh,072h,024h
  db 078h
  dw base+0179Eh
  dw 00203h
  dw 0017Dh
  dw 0047Fh
  dw 00680h
  dw 00980h
  dw 00980h
  dw 00980h
  dw 00980h
  dw 00980h
  dw 00A80h
  dw 00A81h
  dw 0087Eh
  dw 00203h
  dw 0087Dh
  dw 00B7Fh
  dw 00A80h
  dw 00A80h
  dw 00A80h
  dw 00980h
  dw 00980h
  dw 00981h
  dw 00880h
  dw 00881h
  dw 00780h
  dw 00780h
  dw 00780h
  dw 00680h
  dw 00680h
  dw 00681h
  dw 00506h
  dw 0017Ah
  dw 00780h
  dw 00880h
  dw 00880h
  dw 00881h
  dw 0067Fh
  dw 00680h
  dw 0067Fh
  dw 00780h
  dw 00780h
  dw 0077Fh
  dw 00880h
  dw 00880h
  dw 00980h
  dw 0097Fh
  dw 00A80h
  dw 00B80h
  dw 00B80h
  dw 00B80h
  dw 00C80h
  dw 00C80h
  dw 00C80h
  dw 00D80h
  dw 00D80h
  dw 00D80h
  dw 00E80h
  dw 00809h
  dw 00577h
  dw 00809h
  dw 00577h
  dw 0080Ah
  dw 00476h
  dw 0080Bh
  dw 00375h
  dw 0080Ah
  dw 00476h
  dw 0070Ah
  dw 00477h
  dw 00608h
  dw 00478h
  dw 00608h
  dw 00479h
  dw 00407h
  dw 00479h
  dw 00407h
  dw 00379h
  dw 00407h
  dw 00379h
  dw 00406h
  dw 0047Ah
  dw 00406h
  dw 0047Ah
  dw 00406h
  dw 0047Ah
  dw 00406h
  dw 0047Ah
  dw 00406h
  dw 0037Ah
  dw 00406h
  dw 0037Bh
  dw 00305h
  dw 0027Bh
  dw 00304h
  dw 0037Ch
  dw 00304h
  dw 0037Bh
  dw 00405h
  dw 0037Bh
  dw 00405h
  dw 0037Ch
  dw 00304h
  dw 0027Ch
  dw 00304h
  dw 0027Ch
  dw 00204h
  dw 0027Ch
  dw 00204h
  dw 0027Ch
  dw 00204h
  dw 0027Ch
  dw 00204h
  dw 0027Ch
  dw 00204h
  dw 0027Bh
  dw 00306h
  dw 0017Ah
  dw 00306h
  dw 0017Ah
  dw 00380h
  dw 00380h
  dw 00381h
  dw 00280h
  dw 00280h
  dw 00280h
  dw 00280h
  dw 00381h
  dw 00280h
  dw 00200h

chunliPage0frame010:
  db 022h,03Ah,072h,025h
  db 086h
  dw base+01A68h
  dw 0017Fh
  dw 00580h
  dw 00580h
  dw 00680h
  dw 00680h
  dw 00780h
  dw 0077Ch
  dw 00203h
  dw 0087Dh
  dw 00B7Fh
  dw 00406h
  dw 0057Ah
  dw 00B80h
  dw 00A80h
  dw 00A80h
  dw 00A80h
  dw 00B7Fh
  dw 00C80h
  dw 00C7Fh
  dw 00C80h
  dw 00C80h
  dw 00B7Fh
  dw 00405h
  dw 0077Bh
  dw 00B80h
  dw 00B80h
  dw 00C81h
  dw 00B80h
  dw 00B80h
  dw 00B80h
  dw 00A7Fh
  dw 00B80h
  dw 00B80h
  dw 00C7Fh
  dw 00E80h
  dw 00F80h
  dw 01080h
  dw 01080h
  dw 01180h
  dw 01180h
  dw 01180h
  dw 01180h
  dw 01180h
  dw 01080h
  dw 01080h
  dw 00E80h
  dw 00D80h
  dw 00B80h
  dw 00980h
  dw 00980h
  dw 00980h
  dw 00980h
  dw 00980h
  dw 00981h
  dw 00405h
  dw 0037Bh
  dw 00405h
  dw 0027Bh
  dw 00405h
  dw 0027Ch
  dw 00304h
  dw 0027Ch
  dw 00304h
  dw 0027Dh
  dw 00203h
  dw 0017Eh
  dw 00102h
  dw 00100h

chunliPage0frame011:
  db 046h,03Eh,066h,03Dh
  db 070h
  dw base+01CC4h
  dw 00180h
  dw 00103h
  dw 0027Dh
  dw 00102h
  dw 0047Eh
  dw 0067Fh
  dw 00780h
  dw 00780h
  dw 00680h
  dw 00680h
  dw 0077Dh
  dw 00103h
  dw 0087Eh
  dw 00103h
  dw 0077Ch
  dw 00204h
  dw 0087Bh
  dw 01080h
  dw 01180h
  dw 01280h
  dw 01380h
  dw 01480h
  dw 01580h
  dw 01580h
  dw 01680h
  dw 01780h
  dw 00B0Ch
  dw 00B75h
  dw 00405h
  dw 00406h
  dw 00C75h
  dw 00305h
  dw 00306h
  dw 00C75h
  dw 00305h
  dw 00306h
  dw 00C76h
  dw 00104h
  dw 00306h
  dw 00C7Bh
  dw 00105h
  dw 00C80h
  dw 00D81h
  dw 00C80h
  dw 00C80h
  dw 00D80h
  dw 00D81h
  dw 00304h
  dw 0087Ch
  dw 00405h
  dw 0087Bh
  dw 00405h
  dw 0087Ch
  dw 00305h
  dw 0077Bh
  dw 00405h
  dw 0077Ch
  dw 00204h
  dw 0097Dh
  dw 00103h
  dw 00980h
  dw 00980h
  dw 00980h
  dw 00406h
  dw 0047Ah
  dw 00406h
  dw 0047Bh
  dw 00406h
  dw 0037Ah
  dw 00407h
  dw 00379h
  dw 00407h
  dw 0047Ah
  dw 00307h
  dw 00479h
  dw 00407h
  dw 00579h
  dw 00407h
  dw 0067Ah
  dw 00306h
  dw 0067Bh
  dw 00205h
  dw 0057Bh
  dw 00306h
  dw 0017Bh
  dw 00280h
  dw 00280h
  dw 00380h
  dw 00380h
  dw 00380h
  dw 00480h
  dw 00582h
  dw 00381h
  dw 00280h
  dw 00200h

chunliPage0frame012:
  db 03Eh,047h,072h,020h
  db 0A4h
  dw base+01F3Ah
  dw 0037Fh
  dw 0047Fh
  dw 00580h
  dw 00480h
  dw 0047Fh
  dw 00480h
  dw 00480h
  dw 00304h
  dw 0027Bh
  dw 00305h
  dw 0037Ah
  dw 00406h
  dw 00579h
  dw 00407h
  dw 00579h
  dw 00406h
  dw 00679h
  dw 00D80h
  dw 00C80h
  dw 00A7Fh
  dw 00A80h
  dw 00980h
  dw 0087Eh
  dw 0097Fh
  dw 0097Fh
  dw 0097Fh
  dw 00A7Fh
  dw 00A80h
  dw 00A7Fh
  dw 00A7Fh
  dw 00B7Fh
  dw 00B80h
  dw 00B80h
  dw 00A7Fh
  dw 00B80h
  dw 00A80h
  dw 00A7Bh
  dw 00405h
  dw 0097Bh
  dw 00E7Fh
  dw 00E80h
  dw 00D80h
  dw 00D7Fh
  dw 00203h
  dw 00103h
  dw 0077Ah
  dw 00103h
  dw 00104h
  dw 00679h
  dw 00102h
  dw 00105h
  dw 00679h
  dw 00102h
  dw 00106h
  dw 00509h
  dw 0016Fh
  dw 00102h
  dw 00106h
  dw 00509h
  dw 00171h
  dw 00106h
  dw 00509h
  dw 00177h
  dw 00508h
  dw 00276h
  dw 0070Ah
  dw 00276h
  dw 00709h
  dw 00376h
  dw 00607h
  dw 00679h
  dw 00607h
  dw 00578h
  dw 00709h
  dw 00476h
  dw 0080Ah
  dw 00376h
  dw 0080Bh
  dw 00175h
  dw 00880h
  dw 00880h
  dw 00880h
  dw 00881h
  dw 0087Dh
  dw 00103h
  dw 0087Dh
  dw 00C7Fh
  dw 00D0Eh
  dw 00172h
  dw 0080Ah
  dw 00576h
  dw 0070Bh
  dw 00476h
  dw 0060Ah
  dw 00376h
  dw 0060Ah
  dw 00376h
  dw 00609h
  dw 00477h
  dw 00509h
  dw 00577h
  dw 00509h
  dw 00578h
  dw 00409h
  dw 00477h
  dw 00309h
  dw 00378h
  dw 00208h
  dw 00379h
  dw 00208h
  dw 00178h
  dw 00100h

chunliPage0frame013:
  db 01Eh,05Bh,070h,010h
  db 078h
  dw base+021B6h
  dw 00204h
  dw 0017Ch
  dw 00204h
  dw 0017Bh
  dw 00204h
  dw 0027Ch
  dw 00204h
  dw 0027Ch
  dw 00204h
  dw 0027Ch
  dw 00204h
  dw 0027Ch
  dw 00204h
  dw 0027Ch
  dw 00204h
  dw 0027Ch
  dw 00203h
  dw 0037Dh
  dw 00680h
  dw 00680h
  dw 00304h
  dw 0027Ch
  dw 00304h
  dw 0027Dh
  dw 00580h
  dw 00580h
  dw 00580h
  dw 00580h
  dw 00580h
  dw 00580h
  dw 00580h
  dw 00580h
  dw 00680h
  dw 00680h
  dw 00680h
  dw 00680h
  dw 00681h
  dw 00580h
  dw 00580h
  dw 00580h
  dw 00581h
  dw 00480h
  dw 00480h
  dw 00480h
  dw 00580h
  dw 00580h
  dw 00580h
  dw 00580h
  dw 0057Fh
  dw 00680h
  dw 00680h
  dw 00680h
  dw 00680h
  dw 00680h
  dw 00680h
  dw 00680h
  dw 00680h
  dw 0067Dh
  dw 00203h
  dw 0067Ch
  dw 00A80h
  dw 00A7Fh
  dw 00B0Ch
  dw 00174h
  dw 00E80h
  dw 00E80h
  dw 00F80h
  dw 00F80h
  dw 00F80h
  dw 00E80h
  dw 00B0Dh
  dw 00173h
  dw 00C0Dh
  dw 00173h
  dw 00102h
  dw 00304h
  dw 00607h
  dw 00173h
  dw 00102h
  dw 00204h
  dw 0077Ah
  dw 00102h
  dw 00203h
  dw 0087Bh
  dw 00102h
  dw 00103h
  dw 0087Bh
  dw 00104h
  dw 00980h
  dw 00880h
  dw 0087Fh
  dw 00980h
  dw 00980h
  dw 0097Fh
  dw 00A80h
  dw 00B80h
  dw 00B80h
  dw 00708h
  dw 00379h
  dw 00507h
  dw 00479h
  dw 00507h
  dw 0057Ah
  dw 00406h
  dw 0047Ah
  dw 00406h
  dw 0047Bh
  dw 00305h
  dw 0047Bh
  dw 00405h
  dw 0047Bh
  dw 00406h
  dw 0037Ah
  dw 00506h
  dw 00379h
  dw 00880h
  dw 00780h
  dw 00780h
  dw 00780h
  dw 00780h
  dw 00680h
  dw 00680h
  dw 00580h
  dw 00581h
  dw 00100h

chunliPage0frame014:
  db 040h,04Dh,056h,023h
  db 064h
  dw base+02441h
  dw 00280h
  dw 00280h
  dw 00280h
  dw 00380h
  dw 00380h
  dw 00381h
  dw 00380h
  dw 00381h
  dw 00380h
  dw 00381h
  dw 00380h
  dw 00480h
  dw 00481h
  dw 00480h
  dw 00580h
  dw 00581h
  dw 00480h
  dw 00580h
  dw 00581h
  dw 00580h
  dw 00674h
  dw 0020Ch
  dw 00774h
  dw 0020Dh
  dw 00772h
  dw 0050Fh
  dw 00671h
  dw 0060Fh
  dw 00771h
  dw 00810h
  dw 00771h
  dw 0090Fh
  dw 00773h
  dw 0080Dh
  dw 00875h
  dw 0070Ch
  dw 00774h
  dw 0070Ch
  dw 00775h
  dw 0070Bh
  dw 00875h
  dw 00A0Ch
  dw 00776h
  dw 0090Ah
  dw 00776h
  dw 00A0Bh
  dw 00676h
  dw 0090Ah
  dw 00677h
  dw 01081h
  dw 00F81h
  dw 00E80h
  dw 00E81h
  dw 00D80h
  dw 00C81h
  dw 00B80h
  dw 00B81h
  dw 00A80h
  dw 00B7Fh
  dw 00C0Fh
  dw 00171h
  dw 00C0Dh
  dw 00373h
  dw 01180h
  dw 01180h
  dw 01180h
  dw 01180h
  dw 00506h
  dw 00B7Ah
  dw 00506h
  dw 00B7Ah
  dw 00506h
  dw 00B7Ah
  dw 00506h
  dw 00B7Ah
  dw 00103h
  dw 00203h
  dw 00B7Ah
  dw 00103h
  dw 00203h
  dw 00C7Eh
  dw 00102h
  dw 00C7Eh
  dw 00103h
  dw 00B80h
  dw 00A80h
  dw 00A80h
  dw 00A80h
  dw 00708h
  dw 00278h
  dw 00708h
  dw 00178h
  dw 00881h
  dw 00203h
  dw 0047Dh
  dw 00203h
  dw 0047Eh
  dw 00102h
  dw 00580h
  dw 00580h
  dw 00580h
  dw 0057Fh
  dw 00780h
  dw 00780h
  dw 00780h
  dw 00780h
  dw 00681h
  dw 00204h
  dw 00100h

chunliPage0frame015:
  db 032h,04Ah,06Ch,03Ch
  db 08Ch
  dw base+02724h
  dw 0017Fh
  dw 00380h
  dw 0037Fh
  dw 00580h
  dw 00580h
  dw 0057Fh
  dw 00680h
  dw 0067Dh
  dw 00102h
  dw 0077Dh
  dw 00A0Ch
  dw 00273h
  dw 00C0Dh
  dw 00272h
  dw 0117Fh
  dw 01280h
  dw 0127Fh
  dw 01480h
  dw 0147Fh
  dw 01580h
  dw 01580h
  dw 01580h
  dw 01480h
  dw 01480h
  dw 0147Fh
  dw 01011h
  dw 0036Fh
  dw 01012h
  dw 0016Eh
  dw 01180h
  dw 0090Ah
  dw 00776h
  dw 0090Bh
  dw 00675h
  dw 0090Bh
  dw 00102h
  dw 00473h
  dw 0090Bh
  dw 00103h
  dw 00372h
  dw 0090Fh
  dw 00271h
  dw 0090Fh
  dw 00171h
  dw 00981h
  dw 00880h
  dw 00880h
  dw 00880h
  dw 00780h
  dw 00780h
  dw 0077Fh
  dw 00880h
  dw 00405h
  dw 0037Bh
  dw 00405h
  dw 0037Bh
  dw 00305h
  dw 0037Bh
  dw 00305h
  dw 0037Ah
  dw 00406h
  dw 0037Ah
  dw 00405h
  dw 0047Bh
  dw 00405h
  dw 0037Bh
  dw 00405h
  dw 0037Bh
  dw 00304h
  dw 0047Ch
  dw 00304h
  dw 0047Ch
  dw 00304h
  dw 0047Bh
  dw 00405h
  dw 0047Bh
  dw 00305h
  dw 0037Bh
  dw 00305h
  dw 0037Bh
  dw 00305h
  dw 0037Bh
  dw 00304h
  dw 0047Ch
  dw 00304h
  dw 0037Ch
  dw 00204h
  dw 0037Ch
  dw 00204h
  dw 0037Bh
  dw 00305h
  dw 0037Bh
  dw 00305h
  dw 0027Bh
  dw 00304h
  dw 0037Ch
  dw 00304h
  dw 0037Ch
  dw 00204h
  dw 0037Ch
  dw 00204h
  dw 0037Ch
  dw 00204h
  dw 0027Ch
  dw 00204h
  dw 0027Ch
  dw 00204h
  dw 0027Ch
  dw 00204h
  dw 0027Ch
  dw 00204h
  dw 0027Ch
  dw 00104h
  dw 0027Ch
  dw 00104h
  dw 00280h
  dw 00281h
  dw 00180h
  dw 00100h

chunliPage0frame016:
  db 03Ah,04Eh,06Ch,036h
  db 082h
  dw base+029BEh
  dw 0017Fh
  dw 00580h
  dw 00580h
  dw 00680h
  dw 00680h
  dw 00780h
  dw 00780h
  dw 00780h
  dw 00781h
  dw 0057Fh
  dw 00680h
  dw 0057Fh
  dw 0060Eh
  dw 00171h
  dw 0080Fh
  dw 00102h
  dw 0026Eh
  dw 00A0Dh
  dw 00203h
  dw 00570h
  dw 01680h
  dw 01580h
  dw 01680h
  dw 01580h
  dw 0147Fh
  dw 01280h
  dw 00A0Dh
  dw 00304h
  dw 0016Fh
  dw 00A11h
  dw 0016Fh
  dw 00911h
  dw 0016Eh
  dw 00A80h
  dw 00980h
  dw 00980h
  dw 00304h
  dw 0047Ch
  dw 00204h
  dw 0047Ch
  dw 00203h
  dw 0057Fh
  dw 00580h
  dw 0057Fh
  dw 0067Fh
  dw 00880h
  dw 0087Fh
  dw 00980h
  dw 00A7Fh
  dw 00B80h
  dw 00C7Fh
  dw 00D80h
  dw 00E7Fh
  dw 00F80h
  dw 0107Fh
  dw 01180h
  dw 01280h
  dw 01281h
  dw 01280h
  dw 01280h
  dw 00A0Ch
  dw 00674h
  dw 00304h
  dw 00608h
  dw 00675h
  dw 00203h
  dw 00609h
  dw 00674h
  dw 00103h
  dw 0060Ah
  dw 00575h
  dw 0060Dh
  dw 00373h
  dw 00102h
  dw 0030Bh
  dw 00375h
  dw 0030Bh
  dw 00374h
  dw 0040Ch
  dw 00374h
  dw 0040Ch
  dw 00373h
  dw 0050Dh
  dw 00373h
  dw 0040Dh
  dw 00372h
  dw 0050Eh
  dw 00372h
  dw 0050Eh
  dw 00372h
  dw 0050Eh
  dw 00371h
  dw 0050Fh
  dw 00471h
  dw 0050Fh
  dw 00471h
  dw 0040Fh
  dw 00471h
  dw 00310h
  dw 0026Fh
  dw 00411h
  dw 0026Fh
  dw 00411h
  dw 0026Fh
  dw 00311h
  dw 0026Eh
  dw 00312h
  dw 0026Eh
  dw 00312h
  dw 0026Eh
  dw 00312h
  dw 0036Eh
  dw 00312h
  dw 0036Eh
  dw 00312h
  dw 0046Eh
  dw 00412h
  dw 0056Eh
  dw 00412h
  dw 0066Fh
  dw 00312h
  dw 0056Eh
  dw 00312h
  dw 00102h
  dw 00300h

chunliPage0frame017:
  db 04Ch,043h,06Ch,042h
  db 0B2h
  dw base+02CC3h
  dw 00171h
  dw 0040Ch
  dw 00473h
  dw 0060Dh
  dw 00573h
  dw 0060Ch
  dw 00674h
  dw 0070Bh
  dw 00875h
  dw 0070Ch
  dw 00774h
  dw 0070Dh
  dw 00673h
  dw 0070Ch
  dw 00774h
  dw 0070Bh
  dw 00773h
  dw 00103h
  dw 0050Ah
  dw 00772h
  dw 00304h
  dw 00608h
  dw 00974h
  dw 01480h
  dw 01480h
  dw 01012h
  dw 0026Eh
  dw 00E11h
  dw 0026Fh
  dw 00E80h
  dw 00D81h
  dw 00A80h
  dw 00980h
  dw 00880h
  dw 0087Eh
  dw 00A80h
  dw 00980h
  dw 00980h
  dw 0097Fh
  dw 00981h
  dw 00880h
  dw 00780h
  dw 00780h
  dw 00780h
  dw 00780h
  dw 0077Fh
  dw 00A7Fh
  dw 00E7Fh
  dw 0107Fh
  dw 0127Fh
  dw 01480h
  dw 0157Fh
  dw 01680h
  dw 01780h
  dw 01780h
  dw 01780h
  dw 01780h
  dw 01780h
  dw 01213h
  dw 0046Dh
  dw 00C0Eh
  dw 00305h
  dw 0046Eh
  dw 00A12h
  dw 0046Eh
  dw 00A12h
  dw 0046Eh
  dw 00912h
  dw 0046Dh
  dw 00A13h
  dw 0046Ch
  dw 00B14h
  dw 0046Ch
  dw 00A14h
  dw 0036Bh
  dw 00B15h
  dw 0046Ah
  dw 00607h
  dw 0040Fh
  dw 0046Ah
  dw 00508h
  dw 0030Eh
  dw 0046Ah
  dw 00509h
  dw 0010Dh
  dw 00369h
  dw 00518h
  dw 00268h
  dw 00518h
  dw 00267h
  dw 00519h
  dw 00266h
  dw 0051Ah
  dw 00264h
  dw 0071Ch
  dw 00263h
  dw 0051Dh
  dw 00363h
  dw 0051Dh
  dw 00463h
  dw 0051Dh
  dw 00564h
  dw 0031Ch
  dw 00564h
  dw 0021Ch
  dw 00681h
  dw 00500h

chunliPage0frame018:
  db 030h,03Bh,070h,04Ah
  db 090h
  dw base+03018h
  dw 00102h
  dw 0017Dh
  dw 00580h
  dw 00580h
  dw 00680h
  dw 00680h
  dw 00780h
  dw 00780h
  dw 00780h
  dw 0077Dh
  dw 00104h
  dw 0057Bh
  dw 00203h
  dw 0077Dh
  dw 0097Fh
  dw 00980h
  dw 00980h
  dw 00980h
  dw 00981h
  dw 00809h
  dw 00177h
  dw 00C80h
  dw 00D80h
  dw 00D7Fh
  dw 00E80h
  dw 0090Ah
  dw 00476h
  dw 0090Ah
  dw 00376h
  dw 00D80h
  dw 00E80h
  dw 00D7Fh
  dw 00B0Ch
  dw 00174h
  dw 00B80h
  dw 00A80h
  dw 00981h
  dw 00680h
  dw 00609h
  dw 00277h
  dw 00608h
  dw 00477h
  dw 00E80h
  dw 00E7Fh
  dw 00F80h
  dw 00F7Fh
  dw 01080h
  dw 0107Fh
  dw 01180h
  dw 01180h
  dw 01180h
  dw 01180h
  dw 0107Fh
  dw 0117Bh
  dw 01680h
  dw 01112h
  dw 0046Eh
  dw 01012h
  dw 0036Eh
  dw 01012h
  dw 0036Eh
  dw 00F12h
  dw 0036Eh
  dw 00E12h
  dw 0026Eh
  dw 00E12h
  dw 0026Eh
  dw 00203h
  dw 00B0Eh
  dw 0036Fh
  dw 00204h
  dw 00A0Dh
  dw 0036Fh
  dw 00304h
  dw 0090Dh
  dw 0036Fh
  dw 00306h
  dw 0050Bh
  dw 0046Fh
  dw 00309h
  dw 00208h
  dw 00570h
  dw 00210h
  dw 00582h
  dw 00300h

chunliPage0frame019:
  db 048h,03Bh,074h,04Ah
  db 096h
  dw base+032D8h
  dw 00203h
  dw 0017Dh
  dw 0047Fh
  dw 00680h
  dw 00780h
  dw 00780h
  dw 00780h
  dw 0077Eh
  dw 00102h
  dw 0077Dh
  dw 00203h
  dw 0077Dh
  dw 00304h
  dw 0067Bh
  dw 00405h
  dw 0057Bh
  dw 00980h
  dw 00980h
  dw 00914h
  dw 0016Ch
  dw 00809h
  dw 0020Bh
  dw 0016Ch
  dw 00C14h
  dw 00102h
  dw 0016Ah
  dw 00E10h
  dw 00203h
  dw 0056Dh
  dw 01880h
  dw 01880h
  dw 0187Dh
  dw 00102h
  dw 0197Eh
  dw 01A7Fh
  dw 00E13h
  dw 00304h
  dw 00269h
  dw 00D18h
  dw 00168h
  dw 00C18h
  dw 00169h
  dw 00A80h
  dw 00304h
  dw 0067Bh
  dw 00A80h
  dw 00A80h
  dw 00982h
  dw 00680h
  dw 00780h
  dw 0077Fh
  dw 0080Ah
  dw 00276h
  dw 00D7Fh
  dw 00E80h
  dw 00E7Fh
  dw 00F80h
  dw 00F80h
  dw 00F80h
  dw 00F7Fh
  dw 01080h
  dw 01080h
  dw 00F80h
  dw 00F80h
  dw 00F7Bh
  dw 00103h
  dw 0117Dh
  dw 0137Fh
  dw 01480h
  dw 01380h
  dw 00F10h
  dw 00370h
  dw 0090Ah
  dw 00406h
  dw 00270h
  dw 00809h
  dw 00306h
  dw 00371h
  dw 00809h
  dw 00306h
  dw 00371h
  dw 00708h
  dw 00307h
  dw 00371h
  dw 0070Fh
  dw 00471h
  dw 00304h
  dw 0020Ch
  dw 00370h
  dw 00310h
  dw 00381h
  dw 00200h

chunliPage0frame020:
  db 03Ch,055h,07Eh,02Fh
  db 088h
  dw base+035C9h
  dw 0017Fh
  dw 00580h
  dw 0057Eh
  dw 00102h
  dw 0067Eh
  dw 00880h
  dw 00980h
  dw 00981h
  dw 00880h
  dw 00880h
  dw 0077Fh
  dw 0087Fh
  dw 00880h
  dw 0077Fh
  dw 00405h
  dw 0037Bh
  dw 00305h
  dw 0037Bh
  dw 00809h
  dw 00277h
  dw 00B80h
  dw 00C81h
  dw 00B80h
  dw 00B81h
  dw 00A80h
  dw 00A81h
  dw 00980h
  dw 00980h
  dw 00980h
  dw 00607h
  dw 00279h
  dw 00607h
  dw 0027Ah
  dw 00880h
  dw 00B10h
  dw 00270h
  dw 00D0Fh
  dw 00472h
  dw 01680h
  dw 01980h
  dw 01980h
  dw 0197Fh
  dw 01A80h
  dw 01980h
  dw 01217h
  dw 00268h
  dw 00E80h
  dw 00D80h
  dw 00D7Fh
  dw 0090Bh
  dw 00375h
  dw 0090Ah
  dw 00575h
  dw 01080h
  dw 00A0Bh
  dw 00102h
  dw 00372h
  dw 00B0Ch
  dw 00103h
  dw 00171h
  dw 00A0Fh
  dw 00172h
  dw 00980h
  dw 00980h
  dw 00881h
  dw 00780h
  dw 00681h
  dw 00580h
  dw 00580h
  dw 00480h
  dw 00480h
  dw 00480h
  dw 00480h
  dw 00480h
  dw 00380h
  dw 0037Fh
  dw 00480h
  dw 00480h
  dw 00380h
  dw 00380h
  dw 00380h
  dw 00380h
  dw 00380h
  dw 0037Fh
  dw 00480h
  dw 00380h
  dw 00480h
  dw 00480h
  dw 00380h
  dw 00380h
  dw 00380h
  dw 00380h
  dw 00280h
  dw 0027Fh
  dw 00380h
  dw 00380h
  dw 00380h
  dw 00380h
  dw 00480h
  dw 00480h
  dw 00400h

chunliPage0frame021:
  db 046h,056h,06Eh,02Eh
  db 0B2h
  dw base+03888h
  dw 0017Fh
  dw 00280h
  dw 0027Fh
  dw 0037Fh
  dw 00480h
  dw 0047Fh
  dw 0047Fh
  dw 00571h
  dw 0020Eh
  dw 00472h
  dw 0050Dh
  dw 00574h
  dw 0040Bh
  dw 00574h
  dw 0050Bh
  dw 00674h
  dw 0060Ch
  dw 00573h
  dw 0070Ch
  dw 00673h
  dw 0080Dh
  dw 00573h
  dw 00405h
  dw 00208h
  dw 00572h
  dw 00406h
  dw 00207h
  dw 00572h
  dw 0050Dh
  dw 00671h
  dw 0060Dh
  dw 00872h
  dw 0070Dh
  dw 00872h
  dw 0070Dh
  dw 0086Fh
  dw 00203h
  dw 0070Eh
  dw 0076Eh
  dw 00304h
  dw 0060Dh
  dw 0086Fh
  dw 00304h
  dw 0050Dh
  dw 0076Fh
  dw 00910h
  dw 00870h
  dw 00A0Fh
  dw 00971h
  dw 00A0Eh
  dw 00972h
  dw 00B0Dh
  dw 00A73h
  dw 01680h
  dw 01680h
  dw 01580h
  dw 01480h
  dw 01480h
  dw 01380h
  dw 00304h
  dw 00F7Ch
  dw 00204h
  dw 00F80h
  dw 01080h
  dw 01080h
  dw 01080h
  dw 00607h
  dw 00A79h
  dw 00407h
  dw 00A7Ah
  dw 00306h
  dw 00A7Ah
  dw 00206h
  dw 00A80h
  dw 00B80h
  dw 00B80h
  dw 00B80h
  dw 00B80h
  dw 00C80h
  dw 00C80h
  dw 00203h
  dw 0087Dh
  dw 00203h
  dw 0087Dh
  dw 00203h
  dw 0077Dh
  dw 00203h
  dw 00405h
  dw 00178h
  dw 00203h
  dw 0047Eh
  dw 00102h
  dw 0047Eh
  dw 00102h
  dw 0047Fh
  dw 00580h
  dw 00102h
  dw 00380h
  dw 00380h
  dw 00380h
  dw 00380h
  dw 0037Fh
  dw 00480h
  dw 00480h
  dw 00480h
  dw 00480h
  dw 00481h
  dw 00380h
  dw 00380h
  dw 00380h
  dw 00380h
  dw 00380h
  dw 00380h
  dw 00280h
  dw 00280h
  dw 00280h
  dw 00280h
  dw 00280h
  dw 00380h
  dw 00380h
  dw 00380h
  dw 00480h
  dw 00480h
  dw 00580h
  dw 00580h
  dw 00102h
  dw 00300h

chunliPage0frame022:
  db 03Ch,02Ah,072h,05Ch
  db 082h
  dw base+03B95h
  dw 00180h
  dw 0047Fh
  dw 00680h
  dw 00680h
  dw 00680h
  dw 00680h
  dw 00680h
  dw 0067Fh
  dw 0077Eh
  dw 0097Fh
  dw 00A80h
  dw 00B80h
  dw 00B80h
  dw 00B80h
  dw 00B80h
  dw 00B80h
  dw 00B81h
  dw 0097Fh
  dw 00A80h
  dw 00A7Fh
  dw 00C80h
  dw 00D7Fh
  dw 00F80h
  dw 0107Fh
  dw 01180h
  dw 01280h
  dw 01380h
  dw 01380h
  dw 01680h
  dw 01780h
  dw 01880h
  dw 01980h
  dw 01D80h
  dw 00C0Eh
  dw 00F73h
  dw 00B12h
  dw 00B6Fh
  dw 00B12h
  dw 00A70h
  dw 00910h
  dw 00A6Fh
  dw 00B14h
  dw 0076Ch
  dw 00506h
  dw 00413h
  dw 00269h
  dw 00304h
  dw 00313h
  dw 00268h
  dw 00203h
  dw 00304h
  dw 00212h
  dw 00168h
  dw 00104h
  dw 00103h
  dw 00111h
  dw 00100h

chunliPage0frame023:
  db 04Ah,03Bh,074h,04Bh
  db 09Ah
  dw base+03DBDh
  dw 00180h
  dw 00480h
  dw 0047Dh
  dw 00710h
  dw 0036Fh
  dw 0080Bh
  dw 00304h
  dw 00770h
  dw 01775h
  dw 00309h
  dw 01977h
  dw 00306h
  dw 01C79h
  dw 00506h
  dw 01D7Ah
  dw 00506h
  dw 0187Ah
  dw 00506h
  dw 01779h
  dw 00607h
  dw 01679h
  dw 00607h
  dw 00306h
  dw 00B0Ch
  dw 00267h
  dw 00B0Ch
  dw 00B74h
  dw 01680h
  dw 0157Fh
  dw 01580h
  dw 01480h
  dw 01481h
  dw 01480h
  dw 00102h
  dw 01214h
  dw 0026Eh
  dw 01012h
  dw 0046Eh
  dw 01680h
  dw 01780h
  dw 0177Fh
  dw 01880h
  dw 01780h
  dw 00709h
  dw 00A77h
  dw 00708h
  dw 00A78h
  dw 00305h
  dw 00103h
  dw 00A79h
  dw 00207h
  dw 00979h
  dw 00207h
  dw 00879h
  dw 00207h
  dw 00779h
  dw 00207h
  dw 00579h
  dw 00207h
  dw 00679h
  dw 00208h
  dw 00578h
  dw 00208h
  dw 00478h
  dw 00208h
  dw 00102h
  dw 00276h
  dw 00208h
  dw 00178h
  dw 0027Fh
  dw 00308h
  dw 00178h
  dw 00380h
  dw 00380h
  dw 00380h
  dw 00380h
  dw 00380h
  dw 00380h
  dw 0037Fh
  dw 0037Fh
  dw 00480h
  dw 00680h
  dw 00681h
  dw 00580h
  dw 00480h
  dw 00480h
  dw 0037Fh
  dw 00380h
  dw 00380h
  dw 00100h

chunliPage0frame024:
  db 024h,055h,072h,02Dh
  db 088h
  dw base+040A6h
  dw 00180h
  dw 00280h
  dw 00380h
  dw 00581h
  dw 0057Ch
  dw 00203h
  dw 0067Dh
  dw 00A7Fh
  dw 00B80h
  dw 00B80h
  dw 00A80h
  dw 00980h
  dw 00980h
  dw 00980h
  dw 00981h
  dw 00880h
  dw 0087Dh
  dw 00102h
  dw 0097Dh
  dw 00C80h
  dw 00C7Fh
  dw 00D80h
  dw 00D80h
  dw 00D80h
  dw 00D81h
  dw 00C7Fh
  dw 00D80h
  dw 00C80h
  dw 00C80h
  dw 00B7Fh
  dw 00C80h
  dw 00B80h
  dw 00B80h
  dw 00203h
  dw 0077Dh
  dw 00203h
  dw 0077Dh
  dw 00203h
  dw 0077Dh
  dw 00A80h
  dw 00A80h
  dw 00A80h
  dw 00A7Fh
  dw 00A80h
  dw 00A80h
  dw 00A7Fh
  dw 00B80h
  dw 00B80h
  dw 00B81h
  dw 00A80h
  dw 00A80h
  dw 00A80h
  dw 00A80h
  dw 00A80h
  dw 00B7Fh
  dw 00C80h
  dw 00C80h
  dw 00C80h
  dw 00C80h
  dw 00C80h
  dw 00607h
  dw 00579h
  dw 00304h
  dw 00203h
  dw 00579h
  dw 00304h
  dw 00102h
  dw 0077Ah
  dw 00306h
  dw 0077Bh
  dw 00205h
  dw 0077Bh
  dw 00105h
  dw 00781h
  dw 00681h
  dw 0057Fh
  dw 00680h
  dw 00580h
  dw 0057Fh
  dw 00580h
  dw 00480h
  dw 0047Fh
  dw 00480h
  dw 0047Fh
  dw 0047Fh
  dw 00580h
  dw 0047Fh
  dw 00480h
  dw 00480h
  dw 00481h
  dw 00380h
  dw 00380h
  dw 00380h
  dw 00380h
  dw 00381h
  dw 00280h
  dw 00280h
  dw 00200h

chunliPage0frame025:
  db 034h,043h,06Eh,03Ch
  db 084h
  dw base+04364h
  dw 0017Fh
  dw 00580h
  dw 00580h
  dw 00680h
  dw 00680h
  dw 00780h
  dw 0077Ch
  dw 00104h
  dw 0077Ch
  dw 00204h
  dw 0077Bh
  dw 00304h
  dw 0077Ch
  dw 00B80h
  dw 00A80h
  dw 00980h
  dw 00981h
  dw 0087Fh
  dw 00980h
  dw 00A80h
  dw 00A7Eh
  dw 00D80h
  dw 00D81h
  dw 00C7Eh
  dw 00E7Fh
  dw 00F81h
  dw 00E81h
  dw 00D80h
  dw 0090Ah
  dw 00475h
  dw 0090Ch
  dw 00374h
  dw 0080Ch
  dw 00475h
  dw 0060Ch
  dw 00374h
  dw 0060Ch
  dw 00474h
  dw 0090Ch
  dw 00573h
  dw 00B0Eh
  dw 00472h
  dw 00C0Eh
  dw 00572h
  dw 00C0Fh
  dw 00407h
  dw 0016Ah
  dw 00C0Fh
  dw 00407h
  dw 00169h
  dw 00D11h
  dw 0066Fh
  dw 00D11h
  dw 0066Fh
  dw 00D12h
  dw 0056Eh
  dw 00D13h
  dw 0046Dh
  dw 00D13h
  dw 0046Dh
  dw 00C14h
  dw 0046Ch
  dw 00C14h
  dw 0046Bh
  dw 00D14h
  dw 0056Ch
  dw 00E14h
  dw 0066Ch
  dw 00E16h
  dw 0046Ah
  dw 00E17h
  dw 00369h
  dw 00E17h
  dw 00369h
  dw 00F18h
  dw 00268h
  dw 00F80h
  dw 00F80h
  dw 00F81h
  dw 00D80h
  dw 00405h
  dw 0087Bh
  dw 00405h
  dw 0077Ch
  dw 00304h
  dw 0067Ch
  dw 00980h
  dw 00881h
  dw 00102h
  dw 00480h
  dw 00380h
  dw 00280h
  dw 00280h
  dw 00280h
  dw 00280h
  dw 00180h
  dw 00180h
  dw 00180h
  dw 00100h

chunliPage0frame026:
  db 040h,031h,06Eh,033h
  db 076h
  dw base+0463Ah
  dw 0017Fh
  dw 0047Fh
  dw 00680h
  dw 0067Fh
  dw 00880h
  dw 00880h
  dw 00880h
  dw 00880h
  dw 00880h
  dw 00709h
  dw 00178h
  dw 00607h
  dw 0037Ah
  dw 00981h
  dw 00980h
  dw 00A80h
  dw 00E11h
  dw 0016Dh
  dw 01113h
  dw 0016Dh
  dw 0147Fh
  dw 01680h
  dw 00A0Dh
  dw 00A73h
  dw 00B0Ch
  dw 00B74h
  dw 01013h
  dw 0046Dh
  dw 01113h
  dw 0046Eh
  dw 01012h
  dw 0036Eh
  dw 01112h
  dw 0036Fh
  dw 01011h
  dw 00170h
  dw 01180h
  dw 01380h
  dw 01481h
  dw 01480h
  dw 01580h
  dw 01780h
  dw 01A80h
  dw 01A81h
  dw 0090Bh
  dw 00304h
  dw 00A71h
  dw 00910h
  dw 00A6Eh
  dw 00B12h
  dw 00A6Ah
  dw 00F17h
  dw 00103h
  dw 00667h
  dw 00E11h
  dw 0020Bh
  dw 00364h
  dw 00F10h
  dw 0030Dh
  dw 00264h
  dw 0121Ch
  dw 00264h
  dw 0121Dh
  dw 00163h
  dw 0131Dh
  dw 00164h
  dw 0121Ch
  dw 00164h
  dw 00203h
  dw 01019h
  dw 00167h
  dw 00B0Dh
  dw 00373h
  dw 00A0Eh
  dw 00273h
  dw 0070Dh
  dw 00273h
  dw 0050Eh
  dw 00173h
  dw 00300h

chunliPage0frame027:
  db 030h,04Ah,066h,03Ah
  db 070h
  dw base+0492Ah
  dw 00102h
  dw 0017Dh
  dw 00580h
  dw 00580h
  dw 00680h
  dw 00680h
  dw 00780h
  dw 00780h
  dw 00780h
  dw 00781h
  dw 0057Fh
  dw 00680h
  dw 00680h
  dw 0087Eh
  dw 00102h
  dw 0097Dh
  dw 00C80h
  dw 00D7Fh
  dw 00E80h
  dw 00E80h
  dw 00D80h
  dw 00D81h
  dw 00C80h
  dw 00D81h
  dw 00C80h
  dw 00C80h
  dw 00C80h
  dw 00C81h
  dw 00809h
  dw 00177h
  dw 00880h
  dw 00781h
  dw 00680h
  dw 00681h
  dw 00580h
  dw 00580h
  dw 00580h
  dw 0057Fh
  dw 00780h
  dw 0077Fh
  dw 00980h
  dw 00A80h
  dw 00B7Fh
  dw 00C80h
  dw 00D80h
  dw 00E80h
  dw 00F80h
  dw 00F80h
  dw 01080h
  dw 01080h
  dw 01080h
  dw 01180h
  dw 0090Ah
  dw 00776h
  dw 00A0Ch
  dw 00574h
  dw 00A0Eh
  dw 00372h
  dw 00A0Eh
  dw 00372h
  dw 00A0Eh
  dw 00372h
  dw 00A0Eh
  dw 00472h
  dw 00A0Eh
  dw 00472h
  dw 00A0Eh
  dw 00473h
  dw 0090Dh
  dw 00473h
  dw 0090Dh
  dw 00474h
  dw 0070Dh
  dw 00374h
  dw 0060Ch
  dw 00374h
  dw 0050Ch
  dw 00374h
  dw 0040Ch
  dw 00373h
  dw 0050Eh
  dw 00272h
  dw 0040Eh
  dw 00272h
  dw 0030Eh
  dw 00271h
  dw 0040Fh
  dw 00371h
  dw 00410h
  dw 0026Fh
  dw 00411h
  dw 0036Fh
  dw 00311h
  dw 0036Fh
  dw 00411h
  dw 0046Fh
  dw 00411h
  dw 0056Fh
  dw 00411h
  dw 0056Fh
  dw 00414h
  dw 00200h

chunliPage0frame028:
  db 02Ch,03Bh,06Ah,049h
  db 074h
  dw base+04BFBh
  dw 00102h
  dw 0017Dh
  dw 00580h
  dw 00580h
  dw 00680h
  dw 00680h
  dw 00780h
  dw 00780h
  dw 00780h
  dw 00781h
  dw 0057Fh
  dw 00680h
  dw 00680h
  dw 0087Eh
  dw 00102h
  dw 0097Dh
  dw 00C80h
  dw 00D7Fh
  dw 00E80h
  dw 00E80h
  dw 00D80h
  dw 00D81h
  dw 00C80h
  dw 00D81h
  dw 00C80h
  dw 00C80h
  dw 00C80h
  dw 00C81h
  dw 00809h
  dw 00177h
  dw 00881h
  dw 0060Ch
  dw 00374h
  dw 0060Bh
  dw 00476h
  dw 00509h
  dw 00678h
  dw 00407h
  dw 00779h
  dw 00406h
  dw 00879h
  dw 00507h
  dw 00879h
  dw 00F7Fh
  dw 01080h
  dw 00F80h
  dw 00F7Fh
  dw 01080h
  dw 01080h
  dw 01080h
  dw 00C0Dh
  dw 00373h
  dw 00C0Dh
  dw 00373h
  dw 00B0Eh
  dw 00272h
  dw 00B0Eh
  dw 00272h
  dw 00A0Dh
  dw 00473h
  dw 00A0Dh
  dw 00472h
  dw 00C0Fh
  dw 00271h
  dw 00C0Fh
  dw 00271h
  dw 00C0Fh
  dw 00271h
  dw 00C0Fh
  dw 00271h
  dw 00C0Fh
  dw 00271h
  dw 00C0Fh
  dw 00271h
  dw 00C0Eh
  dw 00472h
  dw 00A0Eh
  dw 00472h
  dw 00305h
  dw 00409h
  dw 00572h
  dw 00306h
  dw 00209h
  dw 00572h
  dw 0020Eh
  dw 00102h
  dw 00370h
  dw 00311h
  dw 00200h


