  dw cammyPage3frame000
  dw cammyPage3frame001
  dw cammyPage3frame002
  dw cammyPage3frame003
  dw cammyPage3frame004
  dw cammyPage3frame005
  dw cammyPage3frame006
  dw cammyPage3frame007
  dw cammyPage3frame008
  dw cammyPage3frame009
  dw cammyPage3frame010
  dw cammyPage3frame011
  dw cammyPage3frame012
  dw cammyPage3frame013
  dw cammyPage3frame014
  dw cammyPage3frame015
  dw cammyPage3frame016
  dw cammyPage3frame017
  dw cammyPage3frame018
  dw cammyPage3frame019
  dw cammyPage3frame020
  dw cammyPage3frame021
  dw cammyPage3frame022
  dw cammyPage3frame023
  dw cammyPage3frame024
  dw cammyPage3frame025
  dw cammyPage3frame026
  dw cammyPage3frame027
  dw cammyPage3frame028
  dw cammyPage3frame029
  dw cammyPage3frame030
  dw cammyPage3frame031
  dw cammyPage3frame032
  dw cammyPage3frame033
  dw cammyPage3frame034
  dw cammyPage3frame035
  dw cammyPage3frame036
  dw cammyPage3frame037

cammyPage3frame000:
  db 03Eh,02Eh,04Eh,055h
  db 080h
  db 073h,02Dh,017h,04Dh,0B3h
  db 04Fh,068h
  db 06Eh,069h
  dw 0027Fh,base+00034h
  dw 00480h,base+0109Ah
  dw 00480h,base+0005Eh
  dw 00580h,base+02A7Eh
  dw 0057Fh,base+02B8Bh
  dw 00680h,base+027A7h
  dw 0067Fh,base+027ADh
  dw 00780h,base+02244h
  dw 00103h,base+00053h
  dw 0047Dh,base+02FF0h
  dw 00103h,base+00053h
  dw 0047Dh,base+02FF4h
  dw 00103h,base+0000Bh
  dw 00480h,base+02FF8h
  dw 0047Dh,base+0100Fh
  dw 0077Fh,base+0224Bh
  dw 00880h,base+01D74h
  dw 00880h,base+01D7Ch
  dw 00881h,base+01D84h
  dw 00880h,base+01D8Ch
  dw 00880h,base+01D94h
  dw 00607h,base+027B3h
  dw 00279h,base+02AF6h
  dw 00607h,base+027B9h
  dw 00179h,base+0002Bh
  dw 00607h,base+027BFh
  dw 00279h,base+034EBh
  dw 00607h,base+027C5h
  dw 00263h,base+007C5h
  dw 00116h,base+00000h
  dw 0056Ah,base+02B90h
  dw 00215h,base+009BBh
  dw 00608h,base+027CBh
  dw 00263h,base+005D2h
  dw 00306h,base+03398h
  dw 0010Bh,base+0002Bh
  dw 00A0Ch,base+01546h
  dw 00264h,base+007C5h
  dw 0060Bh,base+027D1h
  dw 00203h,base+0082Eh
  dw 00C0Dh,base+00EBAh
  dw 00265h,base+0004Fh
  dw 01A1Bh,base+004C3h
  dw 00366h,base+0339Bh
  dw 01819h,base+005AAh
  dw 00466h,base+02FFCh
  dw 01B80h,base+00472h
  dw 01B1Ch,base+0048Dh
  dw 00164h,base+00026h
  dw 01A1Ch,base+004DDh
  dw 00165h,base+0001Fh
  dw 0191Ah,base+0055Fh
  dw 00167h,base+00026h
  dw 01A80h,base+004F7h
  dw 00203h,base+0003Ah
  dw 01683h,base+0061Fh
  dw 01386h,base+00744h
  dw 00B0Ch,base+01202h
  dw 00175h,base+00134h
  dw 00A81h,base+01550h
  dw 00982h,base+01906h
  dw 00205h,base+0022Bh
  dw 0017Bh,base+00007h
  dw 00205h,base+001CFh
  dw 0017Ah,base+00006h
  dw 00306h,base+0022Bh
  dw 0017Ah,base+00007h
  dw 00306h,base+0082Ah
  dw 00179h,base+0001Fh
  dw 00203h,base+00123h
  dw 00103h,base+00008h
  dw 0027Ah,base+0022Bh
  dw 00103h,base+0002Bh
  dw 00102h,base+00023h
  dw 00480h,base+01466h
  dw 00482h,base+03000h
  dw 00200h,base+00604h

cammyPage3frame001:
  db 02Ch,02Fh,05Ah,054h
  db 072h
  db 05Dh,02Dh,01Ah,059h,046h
  db 000h,000h
  db 000h,000h
  dw 0027Fh,base+00034h
  dw 0037Fh,base+0052Bh
  dw 00580h,base+017DFh
  dw 00580h,base+00967h
  dw 00580h,base+00967h
  dw 00580h,base+02B95h
  dw 00681h,base+027D7h
  dw 0057Fh,base+02B9Ah
  dw 00580h,base+02B9Fh
  dw 0067Fh,base+027DDh
  dw 00102h,base+00053h
  dw 0057Eh,base+02BA4h
  dw 00102h,base+00002h
  dw 0067Eh,base+027E3h
  dw 00103h,base+00002h
  dw 0057Dh,base+02BA9h
  dw 00103h,base+00002h
  dw 0067Dh,base+027E9h
  dw 00203h,base+00884h
  dw 0067Eh,base+027EFh
  dw 00880h,base+01D9Ch
  dw 00880h,base+01DA4h
  dw 00980h,base+0190Fh
  dw 0097Fh,base+01918h
  dw 00B7Fh,base+0120Dh
  dw 00D80h,base+00B7Ah
  dw 00304h,base+00254h
  dw 00974h,base+01921h
  dw 00208h,base+001CFh
  dw 00204h,base+00206h
  dw 00974h,base+0192Ah
  dw 00304h,base+0339Eh
  dw 00104h,base+0002Bh
  dw 00205h,base+00348h
  dw 00973h,base+01933h
  dw 0090Dh,base+0193Ch
  dw 00506h,base+02BAEh
  dw 0036Dh,base+0321Ch
  dw 01315h,base+00757h
  dw 0016Bh,base+00002h
  dw 00203h,base+00B5Ah
  dw 01012h,base+009EFh
  dw 0016Ch,base+0002Bh
  dw 01380h,base+0076Ah
  dw 01381h,base+0077Dh
  dw 01281h,base+0083Bh
  dw 01280h,base+0084Dh
  dw 01282h,base+0085Fh
  dw 01081h,base+009FFh
  dw 00F82h,base+00A3Fh
  dw 00C81h,base+00EC6h
  dw 00B81h,base+01218h
  dw 00A81h,base+0155Ah
  dw 00881h,base+01DACh
  dw 00785h,base+02252h
  dw 00280h,base+004DDh
  dw 00280h,base+00100h
  dw 00280h,base+00050h
  dw 00280h,base+000A7h
  dw 0027Fh,base+0005Eh
  dw 00380h,base+033A1h
  dw 00482h,base+03004h
  dw 00200h,base+00034h

cammyPage3frame002:
  db 022h,02Eh,060h,055h
  db 06Ch
  db 063h,02Fh,026h,063h,02Dh
  db 000h,000h
  db 000h,000h
  dw 0027Fh,base+00034h
  dw 00380h,base+0052Bh
  dw 0047Fh,base+0089Eh
  dw 00580h,base+006CCh
  dw 00580h,base+02A7Eh
  dw 00680h,base+027F5h
  dw 00680h,base+027FBh
  dw 00780h,base+02259h
  dw 00780h,base+02260h
  dw 0087Fh,base+01DB4h
  dw 00203h,base+025B3h
  dw 0067Dh,base+02801h
  dw 00103h,base+00002h
  dw 0077Dh,base+02267h
  dw 00103h,base+00002h
  dw 0077Dh,base+0226Eh
  dw 00104h,base+00002h
  dw 0067Ch,base+02807h
  dw 00103h,base+00053h
  dw 0087Dh,base+01DBCh
  dw 00B7Fh,base+01223h
  dw 00C7Fh,base+00ED2h
  dw 00D80h,base+00B87h
  dw 00D80h,base+00B94h
  dw 00406h,base+03008h
  dw 00779h,base+02275h
  dw 00407h,base+0300Ch
  dw 00879h,base+01DC4h
  dw 00408h,base+03010h
  dw 00778h,base+0227Ch
  dw 00102h,base+00024h
  dw 00107h,base+0002Bh
  dw 00781h,base+02283h
  dw 0067Eh,base+0280Dh
  dw 0087Eh,base+01DCCh
  dw 00B7Fh,base+0122Eh
  dw 00C7Fh,base+00EDEh
  dw 00D80h,base+00BA1h
  dw 00D80h,base+00BAEh
  dw 00D80h,base+00BBBh
  dw 00C7Fh,base+00EEAh
  dw 00D7Fh,base+00BC8h
  dw 00E80h,base+00AA8h
  dw 00407h,base+03014h
  dw 0067Ah,base+02813h
  dw 00102h,base+0002Bh
  dw 00102h,base+0002Bh
  dw 00102h,base+0002Bh
  dw 0067Dh,base+02819h
  dw 0087Fh,base+01DD4h
  dw 0097Fh,base+01945h
  dw 00A80h,base+01564h
  dw 00A80h,base+0156Eh
  dw 00A80h,base+01578h
  dw 00103h,base+0002Bh
  dw 00406h,base+03018h
  dw 0017Ah,base+00007h
  dw 00306h,base+02184h
  dw 0017Bh,base+00022h
  dw 00105h,base+0000Eh
  dw 0027Fh,base+001CFh
  dw 00380h,base+0052Bh
  dw 00482h,base+0301Ch
  dw 00200h,base+00034h

cammyPage3frame003:
  db 034h,054h,062h,022h
  db 074h
  db 066h,02Fh,01Dh,071h,02Fh
  db 062h,069h
  db 081h,06Ah
  dw 0017Fh,base+0000Eh
  dw 00280h,base+0058Eh
  dw 00280h,base+000F3h
  dw 00281h,base+008DFh
  dw 00103h,base+00002h
  dw 0017Dh,base+0002Bh
  dw 00102h,base+00081h
  dw 0027Eh,base+02339h
  dw 00103h,base+0000Eh
  dw 00203h,base+0058Bh
  dw 0017Bh,base+0002Ah
  dw 00102h,base+00027h
  dw 0037Eh,base+00020h
  dw 00102h,base+002C0h
  dw 0037Eh,base+0022Bh
  dw 00103h,base+0002Bh
  dw 0027Dh,base+001CFh
  dw 00103h,base+00026h
  dw 0027Dh,base+001CFh
  dw 00103h,base+00026h
  dw 00180h,base+0002Bh
  dw 0017Eh,base+00022h
  dw 00102h,base+00027h
  dw 0027Eh,base+00100h
  dw 00102h,base+00027h
  dw 0027Eh,base+004DDh
  dw 00102h,base+0002Bh
  dw 0027Eh,base+001CFh
  dw 00480h,base+03020h
  dw 00481h,base+03024h
  dw 00380h,base+033A4h
  dw 00376h,base+033A7h
  dw 0010Ah,base+0001Fh
  dw 00375h,base+0044Ch
  dw 0020Bh,base+01508h
  dw 00374h,base+033AAh
  dw 0030Ch,base+033ADh
  dw 00375h,base+033B0h
  dw 0020Ch,base+0144Eh
  dw 00274h,base+01214h
  dw 0020Bh,base+021FDh
  dw 00376h,base+0003Ch
  dw 0010Ah,base+0002Bh
  dw 00377h,base+00254h
  dw 00108h,base+00024h
  dw 00478h,base+0052Bh
  dw 00208h,base+00034h
  dw 00479h,base+0005Eh
  dw 00107h,base+0000Ah
  dw 00479h,base+0005Eh
  dw 00207h,base+00527h
  dw 0067Ah,base+0281Fh
  dw 00206h,base+006B1h
  dw 0067Ah,base+02825h
  dw 00206h,base+0012Ch
  dw 0067Bh,base+0282Bh
  dw 0090Ah,base+0102Eh
  dw 00277h,base+009C6h
  dw 00B82h,base+01239h
  dw 00982h,base+01759h
  dw 0067Fh,base+02831h
  dw 00780h,base+0228Ah
  dw 00780h,base+02291h
  dw 00680h,base+02837h
  dw 0067Fh,base+0283Dh
  dw 00780h,base+02298h
  dw 00780h,base+0229Fh
  dw 00680h,base+02843h
  dw 0077Fh,base+022A6h
  dw 00880h,base+01DDCh
  dw 00980h,base+0194Eh
  dw 00980h,base+01957h
  dw 00A80h,base+01582h
  dw 00A7Fh,base+0158Ch
  dw 00B80h,base+01244h
  dw 00C7Fh,base+00EF6h
  dw 00D80h,base+00BD5h
  dw 00D80h,base+00BE2h
  dw 00304h,base+0022Bh
  dw 00405h,base+03028h
  dw 00477h,base+0302Ch
  dw 00304h,base+0022Bh
  dw 00405h,base+03030h
  dw 00477h,base+03034h
  dw 00204h,base+0022Bh
  dw 00405h,base+03038h
  dw 00477h,base+0303Ch
  dw 00204h,base+0022Bh
  dw 00406h,base+03040h
  dw 00376h,base+0303Dh
  dw 00204h,base+001CFh
  dw 00406h,base+03044h
  dw 00376h,base+033B3h
  dw 00104h,base+00007h
  dw 00406h,base+03048h
  dw 00375h,base+0138Eh
  dw 00205h,base+0022Bh
  dw 00306h,base+033B6h
  dw 00374h,base+00A0Fh
  dw 0030Ch,base+00206h
  dw 00374h,base+00A0Fh
  dw 0030Dh,base+01849h
  dw 00373h,base+033B9h
  dw 0030Dh,base+01013h
  dw 00373h,base+033BCh
  dw 0020Dh,base+00327h
  dw 00373h,base+00D5Bh
  dw 0020Eh,base+03677h
  dw 00372h,base+0304Dh
  dw 0020Eh,base+0046Eh
  dw 00472h,base+0304Ch
  dw 0010Fh,base+00008h
  dw 00371h,base+033BFh
  dw 0010Fh,base+0002Bh
  dw 00380h,base+00D00h
  dw 00381h,base+0000Bh
  dw 00380h,base+00509h
  dw 00381h,base+033C2h
  dw 00280h,base+008A9h
  dw 00280h,base+03679h
  dw 00280h,base+0012Ah
  dw 00382h,base+00567h
  dw 00180h,base+00007h
  dw 00280h,base+00385h
  dw 00280h,base+0032Dh
  dw 00381h,base+033C5h
  dw 00280h,base+000B7h
  dw 00280h,base+0153Ah
  dw 00281h,base+0080Eh
  dw 00180h,base+00002h
  dw 00100h,base+0002Bh

cammyPage3frame004:
  db 03Ch,029h,058h,03Eh
  db 082h
  db 07Bh,02Dh,017h,057h,046h
  db 058h,067h
  db 077h,068h
  dw 00280h,base+00034h
  dw 0037Fh,base+00254h
  dw 00580h,base+017DFh
  dw 00580h,base+006CCh
  dw 0057Fh,base+02BB3h
  dw 00680h,base+02849h
  dw 0067Fh,base+0284Fh
  dw 00780h,base+022ADh
  dw 00103h,base+00002h
  dw 0057Dh,base+02BB8h
  dw 00103h,base+002C0h
  dw 0057Dh,base+02BBDh
  dw 00102h,base+002C0h
  dw 0067Eh,base+02855h
  dw 00102h,base+002C0h
  dw 0077Fh,base+022B4h
  dw 00880h,base+01DE4h
  dw 00780h,base+022BBh
  dw 00780h,base+022C2h
  dw 00780h,base+022C9h
  dw 00780h,base+022D0h
  dw 00780h,base+022D7h
  dw 0077Fh,base+022DEh
  dw 0087Fh,base+01DECh
  dw 0090Bh,base+01960h
  dw 00174h,base+0002Bh
  dw 00B0Ch,base+0124Fh
  dw 00174h,base+00040h
  dw 00607h,base+0285Bh
  dw 00678h,base+02861h
  dw 00809h,base+01DF4h
  dw 00676h,base+02867h
  dw 0107Fh,base+00A0Fh
  dw 01180h,base+00901h
  dw 0117Fh,base+00912h
  dw 01280h,base+00871h
  dw 0117Dh,base+00923h
  dw 0147Fh,base+006E0h
  dw 0157Eh,base+00677h
  dw 00102h,base+00007h
  dw 0090Ah,base+01969h
  dw 00A74h,base+01596h
  dw 00A0Dh,base+015A0h
  dw 0096Eh,base+01972h
  dw 00C14h,base+00F02h
  dw 0066Bh,base+0286Dh
  dw 00B14h,base+0125Ah
  dw 0066Ch,base+02873h
  dw 00814h,base+01DFCh
  dw 0066Ch,base+02879h
  dw 00713h,base+022E5h
  dw 0046Dh,base+03050h
  dw 00406h,base+03054h
  dw 0010Dh,base+0002Bh
  dw 0036Dh,base+0288Fh
  dw 00212h,base+00768h
  dw 00380h,base+022E5h
  dw 00280h,base+0025Dh
  dw 00100h,base+0002Bh

cammyPage3frame005:
  db 02Ch,03Bh,06Ah,037h
  db 092h
  db 069h,02Fh,026h,072h,02Eh
  db 000h,000h
  db 000h,000h
  dw 0017Dh,base+0000Eh
  dw 00102h,base+0000Eh
  dw 0027Eh,base+00216h
  dw 0047Fh,base+03058h
  dw 00203h,base+013DAh
  dw 0027Dh,base+00BB6h
  dw 00104h,base+00002h
  dw 0017Bh,base+0024Fh
  dw 00280h,base+013DAh
  dw 00180h,base+0000Ah
  dw 00104h,base+0002Ah
  dw 0017Bh,base+001BBh
  dw 00105h,base+0024Fh
  dw 0027Bh,base+00050h
  dw 00105h,base+0002Ah
  dw 0027Bh,base+01591h
  dw 00105h,base+00024h
  dw 0027Bh,base+00100h
  dw 00104h,base+0002Bh
  dw 0037Ch,base+0048Ch
  dw 00102h,base+0002Ah
  dw 0067Eh,base+0287Fh
  dw 00780h,base+022ECh
  dw 00880h,base+01E04h
  dw 00506h,base+0144Fh
  dw 00278h,base+00009h
  dw 00708h,base+022F3h
  dw 00278h,base+00BB6h
  dw 00709h,base+022FAh
  dw 00176h,base+00134h
  dw 00880h,base+01E0Ch
  dw 00880h,base+01E14h
  dw 00880h,base+01E1Ch
  dw 00780h,base+02301h
  dw 0077Ch,base+02308h
  dw 00B7Fh,base+01265h
  dw 00C80h,base+00F0Eh
  dw 00C7Fh,base+00F1Ah
  dw 00D80h,base+00BEFh
  dw 00D80h,base+00BFCh
  dw 00B0Ch,base+01270h
  dw 00174h,base+002C0h
  dw 00A81h,base+015AAh
  dw 0077Ch,base+0230Fh
  dw 00204h,base+004DDh
  dw 0067Ch,base+02885h
  dw 00B80h,base+0127Bh
  dw 00B7Fh,base+01286h
  dw 00C80h,base+00F26h
  dw 00C80h,base+00F32h
  dw 00204h,base+0367Bh
  dw 0087Ch,base+01E24h
  dw 00205h,base+013E7h
  dw 0077Ah,base+02316h
  dw 00207h,base+000DDh
  dw 00779h,base+0231Dh
  dw 00207h,base+010CEh
  dw 00879h,base+01E2Ch
  dw 00108h,base+00000h
  dw 00878h,base+01E34h
  dw 00109h,base+0001Fh
  dw 00780h,base+02324h
  dw 00781h,base+0232Bh
  dw 00580h,base+02BC2h
  dw 00480h,base+0305Ch
  dw 0037Fh,base+001CCh
  dw 00380h,base+033C8h
  dw 00380h,base+033CBh
  dw 00280h,base+0012Ah
  dw 00280h,base+00031h
  dw 0027Fh,base+000DEh
  dw 00280h,base+00222h
  dw 00280h,base+00006h
  dw 0057Fh,base+02BC7h
  dw 00680h,base+0288Bh
  dw 00680h,base+02891h
  dw 00580h,base+02BCCh
  dw 00481h,base+03060h
  dw 00100h,base+0003Eh

cammyPage3frame006:
  db 04Ch,037h,052h,039h
  db 074h
  db 073h,02Dh,016h,057h,045h
  db 055h,067h
  db 074h,068h
  dw 00280h,base+02396h
  dw 00209h,base+00CB3h
  dw 00276h,base+02396h
  dw 0030Ah,base+033CEh
  dw 00277h,base+00CB3h
  dw 00209h,base+0002Ch
  dw 00277h,base+00CB3h
  dw 00308h,base+033D1h
  dw 0037Ah,base+019F3h
  dw 00106h,base+00134h
  dw 00177h,base+0002Bh
  dw 00103h,base+00024h
  dw 00206h,base+00ACEh
  dw 00176h,base+000FEh
  dw 00205h,base+0044Fh
  dw 00105h,base+0000Ah
  dw 00176h,base+00024h
  dw 0070Ah,base+02332h
  dw 00176h,base+00026h
  dw 0070Ah,base+02339h
  dw 00102h,base+0001Eh
  dw 00275h,base+00034h
  dw 0070Ah,base+02340h
  dw 00476h,base+03064h
  dw 0080Ah,base+01E3Ch
  dw 00579h,base+017DFh
  dw 00607h,base+02897h
  dw 0057Ah,base+006CCh
  dw 00B83h,base+01291h
  dw 00880h,base+01E44h
  dw 00880h,base+01E4Ch
  dw 00880h,base+01E54h
  dw 00880h,base+01E5Ch
  dw 00880h,base+01E64h
  dw 00607h,base+0289Dh
  dw 00279h,base+0367Dh
  dw 00608h,base+028A3h
  dw 00177h,base+00134h
  dw 00709h,base+02347h
  dw 00174h,base+00002h
  dw 0090Ch,base+0197Bh
  dw 00173h,base+00002h
  dw 00A0Dh,base+015B4h
  dw 00172h,base+002C0h
  dw 00B0Eh,base+0129Ch
  dw 00172h,base+00134h
  dw 00C80h,base+00F3Eh
  dw 00C0Dh,base+00F4Ah
  dw 00172h,base+0000Eh
  dw 00D80h,base+00C09h
  dw 0080Ah,base+01E6Ch
  dw 00375h,base+0023Ch
  dw 00A0Ch,base+015BEh
  dw 00474h,base+03068h
  dw 00A0Ch,base+015C8h
  dw 00508h,base+02BD1h
  dw 0026Bh,base+00204h
  dw 00B0Eh,base+012A7h
  dw 00507h,base+02BD6h
  dw 00166h,base+0004Eh
  dw 01113h,base+00934h
  dw 00969h,base+01984h
  dw 00203h,base+02941h
  dw 01315h,base+00790h
  dw 00968h,base+0198Dh
  dw 00D0Fh,base+00C16h
  dw 0070Ah,base+0234Eh
  dw 00865h,base+01E74h
  dw 00E12h,base+00AB6h
  dw 0070Eh,base+02355h
  dw 0035Eh,base+027DAh
  dw 00F15h,base+00A4Eh
  dw 0060Eh,base+028A9h
  dw 0015Dh,base+0001Eh
  dw 00E15h,base+00AC4h
  dw 0076Ah,base+0235Ch
  dw 00406h,base+0306Ch
  dw 00103h,base+0002Bh
  dw 0010Eh,base+0002Bh
  dw 00669h,base+028AFh
  dw 00318h,base+033D4h
  dw 00568h,base+02BDBh
  dw 00219h,base+00304h
  dw 00482h,base+03070h
  dw 00280h,base+002B4h
  dw 00380h,base+033D7h
  dw 00380h,base+033DAh
  dw 00380h,base+033DDh
  dw 00380h,base+033E0h
  dw 00381h,base+01146h
  dw 00281h,base+0022Bh
  dw 00280h,base+01456h
  dw 00380h,base+03135h
  dw 00680h,base+028B5h
  dw 00680h,base+028BBh
  dw 00680h,base+028C1h
  dw 00581h,base+0288Eh
  dw 00300h,base+0312Eh

cammyPage3frame007:
  db 026h,04Fh,06Ch,035h
  db 082h
  db 075h,02Fh,025h,072h,038h
  db 000h,000h
  db 000h,000h
  dw 0027Dh,base+00100h
  dw 00102h,base+0002Bh
  dw 0047Dh,base+01466h
  dw 00780h,base+02363h
  dw 00780h,base+0236Ah
  dw 00780h,base+02371h
  dw 00780h,base+02378h
  dw 00203h,base+01146h
  dw 0047Dh,base+02335h
  dw 00203h,base+00103h
  dw 0057Dh,base+02BE0h
  dw 00103h,base+001BBh
  dw 0057Dh,base+02BE5h
  dw 00103h,base+00007h
  dw 0057Dh,base+02BEAh
  dw 0097Fh,base+01996h
  dw 00A80h,base+015D2h
  dw 00B80h,base+012B2h
  dw 00B80h,base+012BDh
  dw 00B80h,base+012C8h
  dw 00B80h,base+012D3h
  dw 00B80h,base+012DEh
  dw 00B80h,base+012E9h
  dw 00304h,base+03003h
  dw 00780h,base+0237Fh
  dw 00780h,base+02386h
  dw 00781h,base+0238Dh
  dw 00780h,base+02394h
  dw 00780h,base+0239Bh
  dw 00680h,base+028C7h
  dw 00405h,base+03074h
  dw 0027Ah,base+00026h
  dw 00607h,base+028CDh
  dw 00179h,base+00024h
  dw 00781h,base+023A2h
  dw 0077Fh,base+023A9h
  dw 00880h,base+01E7Ch
  dw 0097Fh,base+0199Fh
  dw 00981h,base+019A8h
  dw 00880h,base+01E84h
  dw 00780h,base+023B0h
  dw 0077Fh,base+023B7h
  dw 00980h,base+019B1h
  dw 00980h,base+019BAh
  dw 0097Fh,base+019C3h
  dw 00A80h,base+015DCh
  dw 00A80h,base+015E6h
  dw 00A80h,base+015F0h
  dw 00506h,base+02BEFh
  dw 00479h,base+03078h
  dw 00507h,base+02BF4h
  dw 00479h,base+0307Ch
  dw 00507h,base+02BF9h
  dw 00479h,base+03080h
  dw 00507h,base+02BFEh
  dw 00479h,base+03084h
  dw 00407h,base+03088h
  dw 00479h,base+0308Ch
  dw 00407h,base+0263Eh
  dw 00378h,base+033E3h
  dw 00408h,base+03090h
  dw 00378h,base+033E6h
  dw 00408h,base+03094h
  dw 00378h,base+033E9h
  dw 00308h,base+00092h
  dw 00378h,base+033ECh
  dw 00309h,base+015E3h
  dw 00277h,base+0367Fh
  dw 00209h,base+0025Bh
  dw 00277h,base+01D2Eh
  dw 00209h,base+007FDh
  dw 00277h,base+02396h
  dw 00209h,base+014B1h
  dw 00276h,base+00846h
  dw 0030Ah,base+033EFh
  dw 00276h,base+00042h
  dw 0030Ah,base+033F2h
  dw 00276h,base+00091h
  dw 0030Ah,base+033F5h
  dw 00276h,base+011C2h
  dw 0030Ah,base+01236h
  dw 00375h,base+033F8h
  dw 0030Bh,base+0017Dh
  dw 00375h,base+027B6h
  dw 0030Bh,base+00F92h
  dw 00375h,base+033FBh
  dw 0030Bh,base+00C7Eh
  dw 00375h,base+033FEh
  dw 0020Bh,base+00240h
  dw 00275h,base+00012h
  dw 0020Bh,base+01979h
  dw 00274h,base+00432h
  dw 0030Ch,base+03401h
  dw 00274h,base+009DCh
  dw 0030Ch,base+03404h
  dw 00274h,base+0022Bh
  dw 0030Ch,base+03407h
  dw 00275h,base+0005Eh
  dw 0010Bh,base+0002Bh
  dw 00274h,base+000C8h
  dw 0020Ch,base+000A7h
  dw 00274h,base+00146h
  dw 0020Ch,base+009EEh
  dw 00274h,base+003FEh
  dw 0020Ch,base+00050h
  dw 00274h,base+022D5h
  dw 0020Ch,base+013EAh
  dw 00174h,base+00157h
  dw 0020Ch,base+003E1h
  dw 00174h,base+00157h
  dw 0020Ch,base+00946h
  dw 00173h,base+00078h
  dw 0020Dh,base+02496h
  dw 00273h,base+000A4h
  dw 0020Dh,base+0061Fh
  dw 00273h,base+00FAEh
  dw 0020Dh,base+00BDCh
  dw 00272h,base+0021Fh
  dw 0020Eh,base+000A7h
  dw 00272h,base+001E3h
  dw 0020Eh,base+00146h
  dw 00371h,base+0340Ah
  dw 00310h,base+00A1Fh
  dw 00270h,base+0035Ch
  dw 00210h,base+00036h
  dw 00200h,base+00036h

cammyPage3frame008:
  db 024h,032h,06Eh,055h
  db 07Eh
  db 06Fh,02Fh,024h,072h,02Dh
  db 000h,000h
  db 000h,000h
  dw 0027Dh,base+00204h
  dw 00103h,base+0001Fh
  dw 0027Ch,base+00433h
  dw 00580h,base+02C03h
  dw 00507h,base+02C08h
  dw 00279h,base+00034h
  dw 00506h,base+02C0Dh
  dw 0037Ah,base+0005Eh
  dw 00405h,base+03098h
  dw 0057Bh,base+006CCh
  dw 00305h,base+02447h
  dw 0057Ch,base+006CCh
  dw 00204h,base+0086Ah
  dw 0057Ch,base+006CCh
  dw 00304h,base+01213h
  dw 0057Ch,base+006CCh
  dw 00305h,base+01ECCh
  dw 0047Ch,base+0309Ch
  dw 00880h,base+01E8Ch
  dw 00881h,base+01E94h
  dw 00780h,base+023BEh
  dw 00780h,base+023C5h
  dw 00781h,base+023CCh
  dw 00780h,base+023D3h
  dw 00781h,base+023DAh
  dw 00780h,base+023E1h
  dw 0077Fh,base+023E8h
  dw 0087Bh,base+01E9Ch
  dw 00105h,base+0000Eh
  dw 0087Ah,base+01EA4h
  dw 00306h,base+01399h
  dw 0087Ah,base+01EACh
  dw 00407h,base+00DD0h
  dw 00779h,base+023EFh
  dw 00506h,base+02C12h
  dw 0087Ah,base+01EB4h
  dw 00E80h,base+00AD2h
  dw 00E80h,base+00AE0h
  dw 00708h,base+023F6h
  dw 00679h,base+028D3h
  dw 00D80h,base+00C23h
  dw 00D80h,base+00C30h
  dw 00D80h,base+00C3Dh
  dw 00D80h,base+00C4Ah
  dw 00203h,base+00068h
  dw 00A7Dh,base+015FAh
  dw 00204h,base+004DAh
  dw 00A7Ch,base+01604h
  dw 00204h,base+00E4Fh
  dw 00A7Ch,base+0160Eh
  dw 00205h,base+00E4Fh
  dw 0097Bh,base+019CCh
  dw 00205h,base+00077h
  dw 0097Bh,base+019D5h
  dw 00206h,base+00003h
  dw 0087Ah,base+01EBCh
  dw 00207h,base+00100h
  dw 00779h,base+023FDh
  dw 00206h,base+03681h
  dw 0097Ah,base+019DEh
  dw 00106h,base+00157h
  dw 0097Ah,base+019E7h
  dw 00105h,base+000C4h
  dw 00A7Bh,base+01618h
  dw 00205h,base+001B7h
  dw 00A7Ah,base+01622h
  dw 00306h,base+0340Dh
  dw 00708h,base+02404h
  dw 00271h,base+00E4Fh
  dw 00406h,base+030A0h
  dw 00809h,base+01EC4h
  dw 00270h,base+003AAh
  dw 00507h,base+02C17h
  dw 00809h,base+01ECCh
  dw 00270h,base+00340h
  dw 00507h,base+0286Ah
  dw 00A79h,base+0162Ch
  dw 00308h,base+00135h
  dw 00980h,base+019F0h
  dw 00781h,base+0240Bh
  dw 00102h,base+0002Bh
  dw 00481h,base+030A4h
  dw 00300h,base+01E4Eh

cammyPage3frame009:
  db 028h,04Fh,06Ch,035h
  db 08Eh
  db 077h,02Fh,025h,074h,038h
  db 000h,000h
  db 000h,000h
  dw 00180h,base+0002Bh
  dw 0027Eh,base+001E2h
  dw 00102h,base+0000Bh
  dw 0027Dh,base+0005Eh
  dw 0067Fh,base+028D9h
  dw 00780h,base+02412h
  dw 00102h,base+00081h
  dw 0057Eh,base+02C1Ch
  dw 00102h,base+00134h
  dw 00580h,base+02C21h
  dw 00580h,base+02C26h
  dw 0057Bh,base+02C2Bh
  dw 00205h,base+00034h
  dw 0057Bh,base+02C30h
  dw 00206h,base+0005Eh
  dw 0037Ah,base+03410h
  dw 00205h,base+024A8h
  dw 0047Bh,base+030A8h
  dw 00205h,base+0021Bh
  dw 0047Bh,base+030ACh
  dw 00203h,base+000FBh
  dw 0067Dh,base+028DFh
  dw 00203h,base+000A7h
  dw 0067Dh,base+028E5h
  dw 00980h,base+019F9h
  dw 00980h,base+01A02h
  dw 00980h,base+01A0Bh
  dw 00980h,base+01A14h
  dw 0097Ch,base+01A1Dh
  dw 00203h,base+00036h
  dw 0097Dh,base+01A26h
  dw 00C80h,base+00F56h
  dw 00B80h,base+012F4h
  dw 00B80h,base+012FFh
  dw 00102h,base+0002Bh
  dw 00880h,base+01ED4h
  dw 00880h,base+01EDCh
  dw 00203h,base+00974h
  dw 0047Dh,base+030B0h
  dw 00104h,base+0002Bh
  dw 00380h,base+03413h
  dw 0037Fh,base+0082Ah
  dw 00580h,base+02C35h
  dw 00580h,base+02C3Ah
  dw 00580h,base+02C3Fh
  dw 00580h,base+02C44h
  dw 0057Fh,base+02C49h
  dw 00780h,base+02419h
  dw 0077Fh,base+02420h
  dw 00880h,base+01EE4h
  dw 00880h,base+01EECh
  dw 0087Fh,base+01EF4h
  dw 00980h,base+01A2Fh
  dw 00980h,base+01A38h
  dw 00980h,base+01A41h
  dw 00880h,base+01EFCh
  dw 00405h,base+030B4h
  dw 0037Bh,base+03416h
  dw 00305h,base+03419h
  dw 0037Ah,base+0341Ch
  dw 00406h,base+030B8h
  dw 0037Ah,base+0341Fh
  dw 00406h,base+030BCh
  dw 0037Ah,base+0160Fh
  dw 00306h,base+00F92h
  dw 0037Ah,base+0230Bh
  dw 00306h,base+0016Dh
  dw 0037Ah,base+02B88h
  dw 00206h,base+0004Bh
  dw 00379h,base+03422h
  dw 00307h,base+03425h
  dw 00379h,base+03428h
  dw 00207h,base+00270h
  dw 00379h,base+00D5Bh
  dw 00207h,base+00068h
  dw 00379h,base+01333h
  dw 00208h,base+00010h
  dw 00277h,base+00123h
  dw 00309h,base+02308h
  dw 00277h,base+014B1h
  dw 00309h,base+0342Bh
  dw 00277h,base+00292h
  dw 00309h,base+027B6h
  dw 00277h,base+0000Bh
  dw 00309h,base+022E1h
  dw 00376h,base+019A3h
  dw 0030Ah,base+00CBCh
  dw 00376h,base+0342Eh
  dw 0030Ah,base+00F92h
  dw 00376h,base+0186Ch
  dw 0030Ah,base+00C7Eh
  dw 00276h,base+0046Ah
  dw 0020Bh,base+00068h
  dw 00175h,base+00008h
  dw 0020Bh,base+00A59h
  dw 00174h,base+00008h
  dw 0020Ch,base+00564h
  dw 00274h,base+008A9h
  dw 0020Bh,base+008ADh
  dw 00375h,base+03431h
  dw 0020Bh,base+00220h
  dw 00375h,base+03434h
  dw 0020Ch,base+00222h
  dw 00274h,base+00524h
  dw 0020Ch,base+00100h
  dw 00174h,base+00157h
  dw 0010Ch,base+00006h
  dw 00174h,base+00023h
  dw 0010Ch,base+00006h
  dw 00174h,base+00022h
  dw 0010Ch,base+00006h
  dw 00174h,base+00023h
  dw 0010Ch,base+00078h
  dw 00274h,base+0022Bh
  dw 0010Ch,base+000B7h
  dw 00274h,base+03683h
  dw 0010Ch,base+00006h
  dw 00274h,base+005ABh
  dw 0010Ch,base+0004Eh
  dw 00271h,base+00BFBh
  dw 00103h,base+0002Bh
  dw 0010Ch,base+00158h
  dw 00271h,base+005ABh
  dw 0010Fh,base+00022h
  dw 00371h,base+03437h
  dw 00110h,base+00003h
  dw 00270h,base+001CFh
  dw 00110h,base+0000Eh
  dw 00200h,base+00036h

cammyPage3frame010:
  db 026h,039h,06Ch,04Eh
  db 084h
  db 06Eh,02Fh,025h,070h,033h
  db 000h,000h
  db 000h,000h
  dw 0017Fh,base+0000Bh
  dw 00280h,base+00012h
  dw 0027Dh,base+0002Ch
  dw 00102h,base+0002Bh
  dw 0037Dh,base+0343Ah
  dw 0047Fh,base+030C0h
  dw 00480h,base+030C4h
  dw 00580h,base+02C4Eh
  dw 0057Fh,base+02C53h
  dw 00680h,base+028EBh
  dw 00680h,base+028F1h
  dw 00680h,base+028F7h
  dw 00681h,base+028FDh
  dw 00581h,base+02C58h
  dw 00480h,base+00310h
  dw 00480h,base+030C8h
  dw 00580h,base+02C5Dh
  dw 00680h,base+02903h
  dw 00780h,base+02427h
  dw 0077Ch,base+0242Eh
  dw 00103h,base+00023h
  dw 0087Dh,base+01F04h
  dw 00203h,base+0044Fh
  dw 0087Ch,base+01F0Ch
  dw 00304h,base+0343Dh
  dw 0087Ch,base+01F14h
  dw 00304h,base+02E80h
  dw 0087Ch,base+01F1Ch
  dw 00203h,base+00297h
  dw 0097Dh,base+01A4Ah
  dw 00203h,base+0005Dh
  dw 0097Dh,base+01A53h
  dw 00C80h,base+00F62h
  dw 00C80h,base+00F6Eh
  dw 00506h,base+02C62h
  dw 0067Ah,base+02909h
  dw 00406h,base+030CCh
  dw 0067Bh,base+0290Fh
  dw 00B80h,base+0130Ah
  dw 00607h,base+02915h
  dw 00479h,base+01E4Ah
  dw 00607h,base+0291Bh
  dw 00579h,base+02C67h
  dw 00C80h,base+00F7Ah
  dw 00D80h,base+00C57h
  dw 00D80h,base+00C64h
  dw 00D80h,base+00C71h
  dw 00D80h,base+00C7Eh
  dw 00D81h,base+00C8Bh
  dw 00203h,base+0000Dh
  dw 0097Dh,base+01A5Ch
  dw 00103h,base+00007h
  dw 0097Dh,base+01A65h
  dw 00104h,base+00007h
  dw 0087Bh,base+01F24h
  dw 00305h,base+03404h
  dw 0097Bh,base+01A6Eh
  dw 00306h,base+033E0h
  dw 0087Bh,base+01F2Ch
  dw 00106h,base+0002Bh
  dw 0087Ah,base+01F34h
  dw 00105h,base+000B7h
  dw 0097Bh,base+01A77h
  dw 00104h,base+000E4h
  dw 00A7Ch,base+01636h
  dw 00104h,base+000E4h
  dw 00A7Ch,base+01640h
  dw 00104h,base+000E4h
  dw 00B7Bh,base+01315h
  dw 00205h,base+0032Dh
  dw 00709h,base+02435h
  dw 00272h,base+03685h
  dw 00205h,base+000DDh
  dw 00709h,base+0243Ch
  dw 00271h,base+03687h
  dw 00306h,base+020D4h
  dw 00709h,base+02443h
  dw 00270h,base+018EEh
  dw 00407h,base+030D0h
  dw 00608h,base+02921h
  dw 00370h,base+03440h
  dw 00508h,base+02C6Ch
  dw 00508h,base+02C71h
  dw 00270h,base+00389h
  dw 00308h,base+00135h
  dw 00508h,base+02C76h
  dw 00278h,base+00036h
  dw 00480h,base+030D4h
  dw 00381h,base+03443h
  dw 00100h,base+0002Bh

cammyPage3frame011:
  db 032h,03Eh,066h,02Eh
  db 088h
  db 072h,028h,025h,066h,03Ah
  db 000h,000h
  db 000h,000h
  dw 00179h,base+0000Eh
  dw 00207h,base+00380h
  dw 00279h,base+0044Dh
  dw 00207h,base+00008h
  dw 00279h,base+018BAh
  dw 00207h,base+00BB6h
  dw 00279h,base+009C6h
  dw 00207h,base+008DFh
  dw 0027Ah,base+009C6h
  dw 00106h,base+00002h
  dw 0017Ah,base+0024Fh
  dw 00106h,base+0024Fh
  dw 0017Ah,base+0024Fh
  dw 00186h,base+00216h
  dw 0017Ah,base+0024Fh
  dw 00106h,base+0024Fh
  dw 0017Ah,base+0024Fh
  dw 00186h,base+0024Fh
  dw 0017Bh,base+0024Fh
  dw 00105h,base+00027h
  dw 0017Bh,base+00026h
  dw 00280h,base+00080h
  dw 00205h,base+00052h
  dw 0017Bh,base+0024Fh
  dw 00305h,base+03446h
  dw 0017Bh,base+0024Fh
  dw 00102h,base+0024Fh
  dw 00183h,base+00053h
  dw 0017Bh,base+0024Fh
  dw 00105h,base+0024Fh
  dw 0017Bh,base+0024Fh
  dw 00102h,base+0024Fh
  dw 00280h,base+01FA9h
  dw 0047Eh,base+030D8h
  dw 00680h,base+02927h
  dw 00681h,base+0292Dh
  dw 00580h,base+02C7Bh
  dw 00580h,base+02C80h
  dw 00580h,base+02C85h
  dw 00580h,base+02C8Ah
  dw 0057Fh,base+02C8Fh
  dw 0067Fh,base+02933h
  dw 00980h,base+01A80h
  dw 00980h,base+01A89h
  dw 00A80h,base+0164Ah
  dw 00A7Fh,base+01654h
  dw 00B80h,base+01320h
  dw 00B80h,base+0132Bh
  dw 00B7Fh,base+01336h
  dw 00C80h,base+00F86h
  dw 00204h,base+0085Ah
  dw 0087Bh,base+01F3Ch
  dw 00304h,base+02882h
  dw 00507h,base+02C94h
  dw 00375h,base+0046Ah
  dw 00304h,base+00D76h
  dw 00A7Ch,base+0165Eh
  dw 00203h,base+0005Eh
  dw 00B7Ch,base+01341h
  dw 00304h,base+006C7h
  dw 00B7Bh,base+0134Ch
  dw 00304h,base+00709h
  dw 00C7Ch,base+00F92h
  dw 00304h,base+0022Bh
  dw 00E7Bh,base+00AEEh
  dw 01380h,base+007A3h
  dw 00F10h,base+00A5Dh
  dw 00470h,base+030DCh
  dw 00103h,base+0001Eh
  dw 00C0Dh,base+00F9Eh
  dw 00373h,base+03449h
  dw 00C0Eh,base+00FAAh
  dw 00272h,base+0041Bh
  dw 00C78h,base+00FB6h
  dw 00107h,base+0000Eh
  dw 00E79h,base+00AFCh
  dw 00107h,base+0003Eh
  dw 00708h,base+0244Ah
  dw 00771h,base+02451h
  dw 00205h,base+00ACEh
  dw 00102h,base+0002Bh
  dw 00609h,base+02939h
  dw 00670h,base+0293Fh
  dw 00205h,base+0193Ch
  dw 00102h,base+00006h
  dw 0030Bh,base+019A3h
  dw 0046Eh,base+030E0h
  dw 00204h,base+0003Ah
  dw 00203h,base+00CDCh
  dw 0030Bh,base+009ACh
  dw 0046Eh,base+030E4h
  dw 00304h,base+01EBFh
  dw 00203h,base+00591h
  dw 0020Ch,base+00040h
  dw 0036Dh,base+0288Eh
  dw 00607h,base+02945h
  dw 0020Ch,base+00473h
  dw 0026Eh,base+00768h
  dw 00512h,base+02C99h
  dw 0026Eh,base+0003Ah
  dw 00512h,base+02C9Eh
  dw 0026Eh,base+0034Bh
  dw 00312h,base+03398h
  dw 0026Eh,base+0003Ah
  dw 00212h,base+0003Dh
  dw 0016Eh,base+0001Fh
  dw 00212h,base+00034h
  dw 0016Fh,base+0001Fh
  dw 00111h,base+0002Bh
  dw 00100h,base+0002Bh

cammyPage3frame012:
  db 03Eh,032h,05Ah,03Dh
  db 05Ch
  db 05Bh,034h,024h,05Eh,037h
  db 000h,000h
  db 000h,000h
  dw 00112h,base+0002Bh
  dw 0026Eh,base+00036h
  dw 00112h,base+0000Eh
  dw 0026Eh,base+00ACEh
  dw 00112h,base+0003Eh
  dw 0026Dh,base+008DAh
  dw 00213h,base+008DAh
  dw 0026Dh,base+000D2h
  dw 00213h,base+00ACEh
  dw 0026Dh,base+008DAh
  dw 0020Eh,base+008DAh
  dw 00305h,base+0344Ch
  dw 00203h,base+000D2h
  dw 0026Ah,base+03689h
  dw 0020Fh,base+00ACEh
  dw 00204h,base+00582h
  dw 00203h,base+008DAh
  dw 0026Ah,base+0002Dh
  dw 0030Fh,base+0344Fh
  dw 00204h,base+0002Dh
  dw 00103h,base+0002Bh
  dw 0026Ah,base+0002Dh
  dw 0030Fh,base+03452h
  dw 00104h,base+0024Fh
  dw 00103h,base+0000Eh
  dw 0016Ah,base+00081h
  dw 0030Fh,base+03455h
  dw 00104h,base+0024Fh
  dw 00103h,base+0003Eh
  dw 0016Ah,base+00024h
  dw 00313h,base+03458h
  dw 0016Dh,base+0003Eh
  dw 0030Fh,base+00F04h
  dw 00103h,base+0024Fh
  dw 00204h,base+00035h
  dw 0016Ah,base+00027h
  dw 0060Fh,base+0294Bh
  dw 00103h,base+0024Fh
  dw 00204h,base+0004Fh
  dw 0016Ah,base+00027h
  dw 00612h,base+02951h
  dw 0026Eh,base+02DA1h
  dw 0070Fh,base+02458h
  dw 00102h,base+00216h
  dw 00305h,base+0345Bh
  dw 0016Dh,base+00027h
  dw 0050Ch,base+02CA3h
  dw 00102h,base+0024Fh
  dw 00305h,base+0345Eh
  dw 0016Eh,base+00027h
  dw 0050Dh,base+02CA8h
  dw 00373h,base+01548h
  dw 0060Ch,base+02957h
  dw 00405h,base+030E8h
  dw 00170h,base+0024Fh
  dw 0050Bh,base+02CADh
  dw 00405h,base+030ECh
  dw 00171h,base+00216h
  dw 0050Bh,base+02CB2h
  dw 00304h,base+03461h
  dw 00171h,base+00024h
  dw 0050Ah,base+02CB7h
  dw 00305h,base+03464h
  dw 00173h,base+00027h
  dw 00408h,base+030F0h
  dw 00378h,base+01040h
  dw 00408h,base+01052h
  dw 00304h,base+03467h
  dw 00274h,base+01508h
  dw 00508h,base+02CBCh
  dw 00304h,base+01BC1h
  dw 00275h,base+004A6h
  dw 00407h,base+030F4h
  dw 00379h,base+000E8h
  dw 00A0Bh,base+01668h
  dw 00175h,base+0024Fh
  dw 00A0Bh,base+01672h
  dw 00175h,base+0024Fh
  dw 00A81h,base+0167Ch
  dw 00C80h,base+00FC2h
  dw 00C80h,base+00FCEh
  dw 00B81h,base+01357h
  dw 00A80h,base+01686h
  dw 00B81h,base+01362h
  dw 00A80h,base+01690h
  dw 00A81h,base+0169Ah
  dw 00A80h,base+016A4h
  dw 00B7Fh,base+0136Dh
  dw 00C7Fh,base+00FDAh
  dw 00F7Fh,base+00A6Ch
  dw 00507h,base+02CC1h
  dw 00304h,base+0346Ah
  dw 00673h,base+0295Dh
  dw 00509h,base+02CC6h
  dw 00305h,base+0022Bh
  dw 00572h,base+02CCBh
  dw 0050Ah,base+00F08h
  dw 00106h,base+0002Bh
  dw 0046Fh,base+030F8h
  dw 00511h,base+02CD0h
  dw 0056Fh,base+02CD5h
  dw 00412h,base+030FCh
  dw 0046Dh,base+03100h
  dw 00515h,base+02CDAh
  dw 00369h,base+004DFh
  dw 00618h,base+00D3Fh
  dw 00267h,base+0022Bh
  dw 00619h,base+02963h
  dw 00366h,base+0346Dh
  dw 0051Bh,base+02CDFh
  dw 00265h,base+01B00h
  dw 0031Bh,base+00B16h
  dw 00265h,base+008DDh
  dw 00200h,base+0058Bh

cammyPage3frame013:
  db 040h,03Fh,05Ch,043h
  db 090h
  db 06Eh,033h,017h,05Bh,03Bh
  db 000h,000h
  db 000h,000h
  dw 00280h,base+03689h
  dw 0027Fh,base+0002Ch
  dw 00683h,base+02969h
  dw 00380h,base+0163Ch
  dw 0047Eh,base+03104h
  dw 0067Bh,base+0296Fh
  dw 00203h,base+00079h
  dw 0087Dh,base+01F44h
  dw 00B7Fh,base+01378h
  dw 00C7Eh,base+00FE6h
  dw 00D7Fh,base+00C98h
  dw 00E7Bh,base+00B0Ah
  dw 00204h,base+00036h
  dw 00F7Ch,base+00A7Bh
  dw 01280h,base+00883h
  dw 00203h,base+00026h
  dw 00D7Dh,base+00CA5h
  dw 00104h,base+00026h
  dw 00B7Fh,base+01383h
  dw 00C7Fh,base+00FF2h
  dw 00D7Fh,base+00CB2h
  dw 00E80h,base+00B18h
  dw 00E7Fh,base+00B26h
  dw 0080Ah,base+01F4Ch
  dw 00476h,base+03108h
  dw 0080Bh,base+01F54h
  dw 00374h,base+03470h
  dw 0090Ch,base+01A92h
  dw 00374h,base+00D71h
  dw 0090Ch,base+01A9Bh
  dw 00273h,base+0004Bh
  dw 00A0Ch,base+016AEh
  dw 00374h,base+02111h
  dw 00A0Bh,base+016B8h
  dw 00374h,base+0001Bh
  dw 00B0Ch,base+0138Eh
  dw 00374h,base+023E5h
  dw 00A0Ch,base+016C2h
  dw 00373h,base+009ACh
  dw 00B0Dh,base+01399h
  dw 00273h,base+00007h
  dw 00306h,base+03473h
  dw 00506h,base+02CE4h
  dw 00374h,base+02BAEh
  dw 00305h,base+03476h
  dw 00507h,base+02CE9h
  dw 00374h,base+00254h
  dw 00205h,base+000FCh
  dw 00407h,base+0310Ch
  dw 00273h,base+0005Eh
  dw 00306h,base+01399h
  dw 00407h,base+03110h
  dw 00273h,base+001CFh
  dw 00306h,base+0043Ah
  dw 00306h,base+03479h
  dw 00274h,base+00100h
  dw 00306h,base+00200h
  dw 00205h,base+00068h
  dw 00275h,base+0005Dh
  dw 00206h,base+0004Bh
  dw 00204h,base+01B37h
  dw 00375h,base+006C7h
  dw 00306h,base+0347Ch
  dw 00305h,base+0347Fh
  dw 00374h,base+01AE5h
  dw 00307h,base+01769h
  dw 00204h,base+00038h
  dw 00375h,base+00346h
  dw 00206h,base+006ABh
  dw 00306h,base+0062Eh
  dw 00274h,base+0022Bh
  dw 00206h,base+0368Bh
  dw 00306h,base+03482h
  dw 00274h,base+0098Dh
  dw 00206h,base+00146h
  dw 00305h,base+03485h
  dw 00374h,base+03488h
  dw 00307h,base+00100h
  dw 00306h,base+00687h
  dw 00273h,base+00283h
  dw 00207h,base+018E3h
  dw 00206h,base+0000Ch
  dw 00173h,base+0002Bh
  dw 00107h,base+00007h
  dw 00278h,base+0004Bh
  dw 00208h,base+009BEh
  dw 00277h,base+00201h
  dw 00309h,base+0348Bh
  dw 00177h,base+00008h
  dw 00308h,base+020DFh
  dw 00277h,base+00C55h
  dw 00408h,base+03114h
  dw 00377h,base+0348Eh
  dw 00309h,base+03491h
  dw 00377h,base+03494h
  dw 00209h,base+00036h
  dw 00381h,base+03497h
  dw 00280h,base+00016h
  dw 00280h,base+00034h
  dw 00180h,base+00020h
  dw 0017Fh,base+0004Eh
  dw 00180h,base+0001Eh
  dw 00180h,base+00022h
  dw 00180h,base+00000h
  dw 0017Fh,base+00024h
  dw 00280h,base+0131Bh
  dw 00280h,base+0368Dh
  dw 0017Fh,base+00018h
  dw 00280h,base+0239Eh
  dw 00280h,base+0063Bh
  dw 00200h,base+00AC8h

cammyPage3frame014:
  db 04Ah,02Ah,056h,04Ah
  db 05Ch
  db 05Eh,046h,0B6h,000h,000h
  db 000h,000h
  db 000h,000h
  dw 00180h,base+0024Fh
  dw 00280h,base+0368Fh
  dw 00280h,base+021F1h
  dw 00280h,base+03691h
  dw 00381h,base+0349Ah
  dw 00211h,base+00ED8h
  dw 0016Fh,base+00026h
  dw 00311h,base+0349Dh
  dw 0026Fh,base+01104h
  dw 00410h,base+03118h
  dw 00371h,base+034A0h
  dw 00510h,base+02CEEh
  dw 00270h,base+00835h
  dw 00511h,base+02CF3h
  dw 0026Fh,base+0014Eh
  dw 00711h,base+0245Fh
  dw 00272h,base+00884h
  dw 0060Dh,base+02975h
  dw 0030Bh,base+034A3h
  dw 00168h,base+00081h
  dw 0070Dh,base+02466h
  dw 0050Ah,base+02CF8h
  dw 00369h,base+000BCh
  dw 0080Dh,base+01F5Ch
  dw 0060Ch,base+0297Bh
  dw 00369h,base+034A6h
  dw 0070Eh,base+0246Dh
  dw 00409h,base+0311Ch
  dw 0046Ah,base+03120h
  dw 0070Dh,base+02474h
  dw 00509h,base+02CFDh
  dw 0046Ah,base+03124h
  dw 0080Eh,base+01F64h
  dw 00607h,base+02981h
  dw 0056Ch,base+02D02h
  dw 0080Eh,base+01F6Ch
  dw 00B71h,base+013A4h
  dw 00A10h,base+016CCh
  dw 00A6Ch,base+016D6h
  dw 00103h,base+0002Bh
  dw 00C11h,base+00FFEh
  dw 00A6Bh,base+016E0h
  dw 01114h,base+00945h
  dw 00B6Ch,base+013AFh
  dw 00809h,base+01F74h
  dw 01676h,base+00635h
  dw 0080Bh,base+01F7Ch
  dw 01572h,base+0068Ch
  dw 00B0Eh,base+013BAh
  dw 01571h,base+006A1h
  dw 00B10h,base+013C5h
  dw 0136Fh,base+007B6h
  dw 00811h,base+01F84h
  dw 00F11h,base+00A8Ah
  dw 0015Eh,base+0002Bh
  dw 00507h,base+02D07h
  dw 0010Ah,base+0002Bh
  dw 00E70h,base+00B34h
  dw 00411h,base+013CCh
  dw 00D80h,base+00CBFh
  dw 00D81h,base+00CCCh
  dw 00407h,base+01C59h
  dw 00579h,base+02D0Ch
  dw 00406h,base+03128h
  dw 0057Bh,base+02D11h
  dw 00203h,base+00604h
  dw 00680h,base+02987h
  dw 0057Fh,base+02D16h
  dw 0057Fh,base+00F6Eh
  dw 0057Dh,base+02D1Bh
  dw 0087Fh,base+01F8Ch
  dw 00781h,base+0247Bh
  dw 00480h,base+006C7h
  dw 00380h,base+0022Bh
  dw 0027Fh,base+0098Dh
  dw 00381h,base+034A9h
  dw 00100h,base+0002Bh

cammyPage3frame015:
  db 034h,030h,06Ah,058h
  db 09Ch
  db 06Fh,037h,017h,06Bh,042h
  db 000h,000h
  db 000h,000h
  dw 0017Fh,base+0000Eh
  dw 0027Fh,base+00ACEh
  dw 0037Fh,base+01DFCh
  dw 00480h,base+0312Ch
  dw 0047Fh,base+03130h
  dw 0047Eh,base+00102h
  dw 00480h,base+03134h
  dw 0037Eh,base+034ACh
  dw 0047Fh,base+03138h
  dw 00580h,base+02D20h
  dw 0057Fh,base+02D25h
  dw 00580h,base+02D2Ah
  dw 0047Fh,base+0313Ch
  dw 0047Eh,base+01AE8h
  dw 0067Fh,base+0298Dh
  dw 0067Fh,base+02993h
  dw 00680h,base+02999h
  dw 0067Fh,base+0299Fh
  dw 0067Fh,base+029A5h
  dw 0077Eh,base+02482h
  dw 0087Fh,base+01F94h
  dw 0097Fh,base+01AA4h
  dw 00980h,base+01AADh
  dw 00B81h,base+013D0h
  dw 00B80h,base+013DBh
  dw 00203h,base+00082h
  dw 00980h,base+01AB6h
  dw 00A0Bh,base+016EAh
  dw 00176h,base+0002Bh
  dw 00304h,base+01DAAh
  dw 0077Ch,base+02489h
  dw 00709h,base+02490h
  dw 00376h,base+001CEh
  dw 00809h,base+01F9Ch
  dw 00477h,base+03140h
  dw 00D80h,base+00CD9h
  dw 00D80h,base+00CE6h
  dw 00D80h,base+00CF3h
  dw 00D80h,base+00D00h
  dw 00D80h,base+00D0Dh
  dw 00D81h,base+00D1Ah
  dw 00C78h,base+0100Ah
  dw 00104h,base+00023h
  dw 00204h,base+0034Bh
  dw 00A77h,base+016F4h
  dw 00304h,base+034AFh
  dw 00E7Ch,base+00B42h
  dw 01180h,base+00956h
  dw 01180h,base+00967h
  dw 01081h,base+00A1Fh
  dw 00E87h,base+00B50h
  dw 00203h,base+00034h
  dw 00580h,base+02D2Fh
  dw 00580h,base+02D34h
  dw 00582h,base+02D39h
  dw 00380h,base+0312Eh
  dw 00300h,base+0288Eh

cammyPage3frame016:
  db 02Ah,046h,06Eh,041h
  db 094h
  db 06Eh,02Dh,025h,076h,02Bh
  db 000h,000h
  db 000h,000h
  dw 00180h,base+0000Eh
  dw 0026Eh,base+0036Bh
  dw 00112h,base+0000Eh
  dw 0026Dh,base+008ADh
  dw 00213h,base+00E41h
  dw 0026Dh,base+00222h
  dw 00213h,base+00768h
  dw 0026Dh,base+01456h
  dw 00313h,base+01DFCh
  dw 0016Eh,base+00007h
  dw 00212h,base+00503h
  dw 0016Eh,base+00003h
  dw 00211h,base+00103h
  dw 0026Fh,base+01874h
  dw 00210h,base+00604h
  dw 00371h,base+034B2h
  dw 0020Fh,base+030EAh
  dw 00271h,base+00017h
  dw 0020Fh,base+00385h
  dw 00272h,base+000B6h
  dw 0020Dh,base+00103h
  dw 00373h,base+034B5h
  dw 0020Dh,base+00545h
  dw 00373h,base+02111h
  dw 0030Dh,base+034B8h
  dw 00274h,base+0000Ch
  dw 0020Bh,base+01830h
  dw 00375h,base+034BBh
  dw 0020Bh,base+00FB4h
  dw 00375h,base+00D5Bh
  dw 0030Bh,base+034BEh
  dw 00275h,base+000BFh
  dw 0030Ah,base+034C1h
  dw 00377h,base+034C4h
  dw 00209h,base+0025Bh
  dw 00377h,base+00170h
  dw 00208h,base+00170h
  dw 00378h,base+00F92h
  dw 00308h,base+02308h
  dw 00378h,base+0113Ah
  dw 00407h,base+03144h
  dw 00479h,base+03148h
  dw 00407h,base+00A40h
  dw 00479h,base+01053h
  dw 00507h,base+02D3Eh
  dw 0047Ah,base+0314Ch
  dw 00405h,base+03150h
  dw 0057Bh,base+02D43h
  dw 00405h,base+003CEh
  dw 0057Bh,base+02D48h
  dw 00980h,base+01ABFh
  dw 00980h,base+01AC8h
  dw 00981h,base+01AD1h
  dw 00780h,base+02497h
  dw 00781h,base+0249Eh
  dw 00680h,base+029ABh
  dw 00680h,base+029B1h
  dw 00680h,base+029B7h
  dw 00680h,base+029BDh
  dw 00580h,base+02D4Dh
  dw 00580h,base+02D52h
  dw 00480h,base+03154h
  dw 00481h,base+03158h
  dw 00380h,base+0005Eh
  dw 00380h,base+0005Eh
  dw 00380h,base+000B5h
  dw 0047Fh,base+0315Ch
  dw 00580h,base+02D57h
  dw 00680h,base+029C3h
  dw 00680h,base+029C9h
  dw 00680h,base+029CFh
  dw 00780h,base+024A5h
  dw 00780h,base+024ACh
  dw 0077Fh,base+024B3h
  dw 00980h,base+01ADAh
  dw 00980h,base+01AE3h
  dw 00506h,base+02D5Ch
  dw 0047Ah,base+03160h
  dw 00507h,base+02D61h
  dw 00378h,base+00067h
  dw 00708h,base+024BAh
  dw 00478h,base+03164h
  dw 00809h,base+01FA4h
  dw 00377h,base+012A6h
  dw 00304h,base+00C83h
  dw 00405h,base+027EEh
  dw 00376h,base+0071Ch
  dw 00304h,base+001CAh
  dw 00506h,base+02D66h
  dw 00376h,base+0046Ah
  dw 00304h,base+03002h
  dw 00506h,base+02D6Bh
  dw 00376h,base+034C7h
  dw 00204h,base+0025Bh
  dw 00506h,base+02D70h
  dw 00276h,base+0005Eh
  dw 00204h,base+0183Dh
  dw 00506h,base+02D75h
  dw 00276h,base+0005Eh
  dw 00305h,base+02EFDh
  dw 00305h,base+03401h
  dw 00276h,base+001CFh
  dw 00405h,base+0101Fh
  dw 00405h,base+03168h
  dw 00177h,base+00007h
  dw 00A80h,base+016FEh
  dw 00304h,base+034CAh
  dw 00203h,base+0002Bh
  dw 00379h,base+034CDh
  dw 00305h,base+0058Ah
  dw 00102h,base+0002Bh
  dw 00380h,base+034D0h
  dw 00480h,base+0316Ch
  dw 00380h,base+005CEh
  dw 00380h,base+00B20h
  dw 00200h,base+00034h

cammyPage3frame017:
  db 010h,063h,07Ch,024h
  db 086h
  db 078h,02Dh,024h,077h,02Bh
  db 000h,000h
  db 000h,000h
  dw 0017Fh,base+0000Eh
  dw 00280h,base+01AFDh
  dw 00280h,base+008DAh
  dw 0027Eh,base+002D8h
  dw 00102h,base+0000Eh
  dw 0027Eh,base+00527h
  dw 00102h,base+0003Eh
  dw 0017Eh,base+0002Bh
  dw 00102h,base+0002Bh
  dw 0017Eh,base+00023h
  dw 00380h,base+0003Bh
  dw 00380h,base+00102h
  dw 00380h,base+03340h
  dw 00381h,base+034D3h
  dw 00280h,base+00100h
  dw 00280h,base+01D06h
  dw 00280h,base+01874h
  dw 00280h,base+009E3h
  dw 00280h,base+00B5Bh
  dw 00280h,base+00B5Bh
  dw 00280h,base+00100h
  dw 00280h,base+000F7h
  dw 00280h,base+00220h
  dw 00280h,base+00017h
  dw 0027Fh,base+00020h
  dw 00380h,base+034D6h
  dw 00380h,base+034D6h
  dw 00380h,base+01269h
  dw 00380h,base+01269h
  dw 00480h,base+03170h
  dw 00480h,base+03174h
  dw 00480h,base+03178h
  dw 00480h,base+0317Ch
  dw 0047Fh,base+03180h
  dw 00580h,base+02D7Ah
  dw 00580h,base+02D7Fh
  dw 00580h,base+02D84h
  dw 00580h,base+02D89h
  dw 00580h,base+02D8Eh
  dw 0067Fh,base+029D5h
  dw 00780h,base+024C1h
  dw 00780h,base+024C8h
  dw 00780h,base+024CFh
  dw 00780h,base+024D6h
  dw 00780h,base+024DDh
  dw 00780h,base+024E4h
  dw 00780h,base+024EBh
  dw 00780h,base+024F2h
  dw 00780h,base+024F9h
  dw 00780h,base+02500h
  dw 00780h,base+02507h
  dw 00781h,base+0250Eh
  dw 00680h,base+029DBh
  dw 00680h,base+029E1h
  dw 00580h,base+02D93h
  dw 00581h,base+02D98h
  dw 00480h,base+03184h
  dw 00480h,base+01466h
  dw 00480h,base+0089Eh
  dw 00480h,base+0005Eh
  dw 0047Fh,base+0005Eh
  dw 00580h,base+02D9Dh
  dw 00680h,base+029E7h
  dw 00680h,base+029EDh
  dw 0067Fh,base+029F3h
  dw 00780h,base+02515h
  dw 00880h,base+01FACh
  dw 00880h,base+01FB4h
  dw 00880h,base+01FBCh
  dw 00880h,base+01FC4h
  dw 00880h,base+01FCCh
  dw 00880h,base+01FD4h
  dw 00880h,base+01FDCh
  dw 00880h,base+01FE4h
  dw 00880h,base+01FECh
  dw 00880h,base+01FF4h
  dw 00880h,base+01FFCh
  dw 00880h,base+02004h
  dw 00880h,base+0200Ch
  dw 00880h,base+02014h
  dw 00880h,base+0201Ch
  dw 00203h,base+00204h
  dw 0057Dh,base+02DA2h
  dw 00203h,base+00E29h
  dw 00102h,base+0002Bh
  dw 0037Bh,base+034D9h
  dw 00203h,base+007FDh
  dw 00102h,base+00027h
  dw 0037Bh,base+034DCh
  dw 00405h,base+03188h
  dw 0037Bh,base+034DFh
  dw 00205h,base+0000Ch
  dw 0037Bh,base+034E2h
  dw 00405h,base+0318Ch
  dw 0037Bh,base+0226Ah
  dw 00405h,base+0318Ch
  dw 0037Bh,base+0289Eh
  dw 00205h,base+0005Eh
  dw 0037Bh,base+0005Dh
  dw 00405h,base+03190h
  dw 0037Bh,base+019DAh
  dw 00205h,base+00100h
  dw 0037Bh,base+02029h
  dw 00203h,base+00100h
  dw 00103h,base+00027h
  dw 0027Ah,base+0022Bh
  dw 00203h,base+00100h
  dw 00102h,base+00027h
  dw 0037Bh,base+00D74h
  dw 00205h,base+00100h
  dw 00102h,base+00134h
  dw 00179h,base+00006h
  dw 00203h,base+00100h
  dw 00104h,base+00027h
  dw 00179h,base+00007h
  dw 00203h,base+001CFh
  dw 00102h,base+00027h
  dw 00102h,base+00027h
  dw 00179h,base+00007h
  dw 00405h,base+03194h
  dw 00102h,base+00027h
  dw 00179h,base+00007h
  dw 00880h,base+02024h
  dw 00204h,base+0005Eh
  dw 0047Ch,base+03198h
  dw 00206h,base+00034h
  dw 00280h,base+0022Bh
  dw 00280h,base+00172h
  dw 00200h,base+00034h

cammyPage3frame018:
  db 010h,03Ch,07Ch,042h
  db 080h
  db 079h,02Dh,024h,078h,02Bh
  db 000h,000h
  db 000h,000h
  dw 0027Fh,base+0131Bh
  dw 00380h,base+034E5h
  dw 0037Fh,base+034E8h
  dw 00580h,base+02DA7h
  dw 00680h,base+029F9h
  dw 00680h,base+029FFh
  dw 00780h,base+0251Ch
  dw 00780h,base+02523h
  dw 00780h,base+0252Ah
  dw 00780h,base+02531h
  dw 00780h,base+02538h
  dw 00681h,base+02A05h
  dw 00580h,base+02DACh
  dw 00580h,base+02DB1h
  dw 00580h,base+02DB6h
  dw 00580h,base+02DBBh
  dw 00580h,base+02DC0h
  dw 0057Fh,base+02DC5h
  dw 00780h,base+0253Fh
  dw 00780h,base+02546h
  dw 00780h,base+0254Dh
  dw 00780h,base+0202Ch
  dw 00880h,base+0202Ch
  dw 00880h,base+02034h
  dw 00880h,base+0203Ch
  dw 00880h,base+02044h
  dw 00880h,base+0204Ch
  dw 00780h,base+02554h
  dw 00780h,base+0255Bh
  dw 00204h,base+006E9h
  dw 0037Ch,base+034EBh
  dw 00304h,base+034EEh
  dw 0037Ch,base+034F1h
  dw 00304h,base+034F4h
  dw 0037Ch,base+034F7h
  dw 00204h,base+000E5h
  dw 0037Ch,base+02FEEh
  dw 00304h,base+007C4h
  dw 0037Ch,base+034FAh
  dw 00305h,base+02205h
  dw 0027Bh,base+00FBCh
  dw 00205h,base+00E79h
  dw 0027Bh,base+007FCh
  dw 00305h,base+034FDh
  dw 0027Bh,base+033A7h
  dw 00305h,base+03500h
  dw 0027Bh,base+00452h
  dw 00205h,base+004CDh
  dw 0027Bh,base+0104Dh
  dw 00305h,base+03503h
  dw 0027Bh,base+01040h
  dw 00305h,base+01D2Eh
  dw 0027Bh,base+00270h
  dw 00205h,base+005D4h
  dw 0037Bh,base+03506h
  dw 00305h,base+03509h
  dw 0037Bh,base+03506h
  dw 00305h,base+0350Ch
  dw 0037Bh,base+02951h
  dw 00205h,base+0005Eh
  dw 0037Bh,base+00367h
  dw 00305h,base+00B20h
  dw 0037Bh,base+0350Bh
  dw 00304h,base+0350Ch
  dw 0037Ch,base+028C6h
  dw 00304h,base+01A0Bh
  dw 0037Ch,base+02582h
  dw 00304h,base+0350Fh
  dw 0037Ch,base+03512h
  dw 00304h,base+03515h
  dw 0037Ch,base+03518h
  dw 00305h,base+000D6h
  dw 0027Bh,base+0005Dh
  dw 00206h,base+0022Bh
  dw 0017Ah,base+00007h
  dw 00305h,base+0022Bh
  dw 0027Bh,base+0022Bh
  dw 00305h,base+0022Bh
  dw 0027Bh,base+0022Bh
  dw 00305h,base+02882h
  dw 0027Bh,base+0022Bh
  dw 00305h,base+02882h
  dw 0027Bh,base+001BBh
  dw 00305h,base+01185h
  dw 0027Bh,base+00583h
  dw 00205h,base+00270h
  dw 0027Bh,base+00195h
  dw 00206h,base+00837h
  dw 0017Bh,base+00043h
  dw 00105h,base+00024h
  dw 00100h,base+00024h

cammyPage3frame019:
  db 04Ah,015h,052h,073h
  db 052h
  db 05Eh,043h,00Bh,058h,046h
  db 000h,000h
  db 000h,000h
  dw 00180h,base+0001Fh
  dw 00110h,base+000C4h
  dw 00310h,base+01546h
  dw 00260h,base+00734h
  dw 0010Eh,base+0024Fh
  dw 00709h,base+02562h
  dw 00103h,base+0002Bh
  dw 00105h,base+00007h
  dw 00361h,base+0351Bh
  dw 0020Dh,base+03691h
  dw 00C0Dh,base+01016h
  dw 00206h,base+00031h
  dw 00261h,base+0146Fh
  dw 00105h,base+00078h
  dw 00104h,base+0002Bh
  dw 01217h,base+00895h
  dw 00360h,base+0351Eh
  dw 00205h,base+001B7h
  dw 0171Bh,base+005DAh
  dw 00360h,base+03521h
  dw 01D1Fh,base+003C6h
  dw 00461h,base+0319Ch
  dw 02480h,base+0022Eh
  dw 02480h,base+00252h
  dw 00608h,base+02A0Bh
  dw 00204h,base+003B3h
  dw 01875h,base+005C2h
  dw 00108h,base+0002Bh
  dw 01B7Fh,base+004A8h
  dw 01C7Dh,base+0043Ah
  dw 00102h,base+0002Bh
  dw 01D7Dh,base+003E3h
  dw 01F7Bh,base+0036Ah
  dw 00204h,base+0005Eh
  dw 01516h,base+006B6h
  dw 00A66h,base+01708h
  dw 01215h,base+008A7h
  dw 00A0Bh,base+01712h
  dw 00160h,base+0002Bh
  dw 00B14h,base+013E6h
  dw 00B6Ch,base+013F1h
  dw 00712h,base+02569h
  dw 00C6Fh,base+01022h
  dw 00210h,base+00034h
  dw 00A7Fh,base+0171Ch
  dw 0097Fh,base+01AECh
  dw 00500h,base+02DCAh

cammyPage3frame020:
  db 026h,04Ch,088h,03Ch
  db 0A4h
  db 087h,02Fh,025h,093h,02Eh
  db 000h,000h
  db 000h,000h
  dw 00180h,base+00023h
  dw 0027Fh,base+00100h
  dw 00380h,base+00359h
  dw 00381h,base+003A4h
  dw 00280h,base+0005Eh
  dw 00281h,base+0022Bh
  dw 00180h,base+0001Fh
  dw 00175h,base+00007h
  dw 0020Ah,base+00034h
  dw 00275h,base+0022Bh
  dw 0030Bh,base+0052Bh
  dw 00274h,base+0022Bh
  dw 0050Ch,base+017DFh
  dw 00274h,base+03693h
  dw 0050Bh,base+02A7Eh
  dw 00375h,base+03524h
  dw 0050Bh,base+02DCFh
  dw 00375h,base+01809h
  dw 0060Bh,base+02A11h
  dw 00375h,base+02009h
  dw 0070Ah,base+02570h
  dw 00476h,base+031A0h
  dw 00809h,base+02054h
  dw 00578h,base+02DD4h
  dw 00405h,base+031A4h
  dw 0087Ah,base+0205Ch
  dw 00D80h,base+00D27h
  dw 00102h,base+00134h
  dw 00A7Dh,base+01726h
  dw 00103h,base+00216h
  dw 0097Dh,base+01AF5h
  dw 00103h,base+0024Fh
  dw 0087Dh,base+02064h
  dw 00103h,base+0024Fh
  dw 00880h,base+0206Ch
  dw 00780h,base+02577h
  dw 00780h,base+0257Eh
  dw 00780h,base+02585h
  dw 00780h,base+0258Ch
  dw 0077Eh,base+02593h
  dw 00980h,base+01AFEh
  dw 00980h,base+01B07h
  dw 00B80h,base+013FCh
  dw 00B80h,base+01407h
  dw 00102h,base+00011h
  dw 0097Fh,base+01B10h
  dw 00B80h,base+01412h
  dw 00305h,base+03527h
  dw 0067Bh,base+02A17h
  dw 00306h,base+0352Ah
  dw 0067Ah,base+02A1Dh
  dw 00206h,base+0004Ah
  dw 00779h,base+0259Ah
  dw 00307h,base+03401h
  dw 00779h,base+025A1h
  dw 00207h,base+000D4h
  dw 00878h,base+02074h
  dw 00308h,base+006C7h
  dw 00977h,base+01B19h
  dw 00309h,base+034D0h
  dw 00977h,base+01B22h
  dw 00309h,base+0121Fh
  dw 00A77h,base+01730h
  dw 00309h,base+0022Bh
  dw 00A77h,base+0173Ah
  dw 00209h,base+0022Bh
  dw 00A77h,base+01744h
  dw 00209h,base+0021Bh
  dw 00A77h,base+0174Eh
  dw 00109h,base+0002Bh
  dw 00507h,base+02DD9h
  dw 0037Ah,base+0158Fh
  dw 00406h,base+031A8h
  dw 0027Ah,base+008F6h
  dw 00506h,base+02DDEh
  dw 0027Ah,base+03695h
  dw 00880h,base+0207Ch
  dw 00981h,base+01B2Bh
  dw 00880h,base+02084h
  dw 00781h,base+025A8h
  dw 00681h,base+02A23h
  dw 00580h,base+02DE3h
  dw 00480h,base+031ACh
  dw 00480h,base+031B0h
  dw 00480h,base+031B4h
  dw 00480h,base+031B8h
  dw 00480h,base+031BCh
  dw 00203h,base+0271Dh
  dw 0027Ch,base+00103h
  dw 00304h,base+0352Dh
  dw 0027Ch,base+00103h
  dw 00304h,base+03530h
  dw 0027Ch,base+0193Ch
  dw 00204h,base+0022Bh
  dw 0027Dh,base+00ACEh
  dw 00104h,base+00005h
  dw 0027Ch,base+00473h
  dw 00104h,base+00018h
  dw 0027Bh,base+00473h
  dw 00280h,base+009BBh
  dw 00280h,base+00661h
  dw 00280h,base+00B0Bh
  dw 00180h,base+0002Bh
  dw 00180h,base+0000Eh
  dw 0017Fh,base+00023h
  dw 00280h,base+013DAh
  dw 00280h,base+00D27h
  dw 00280h,base+00386h
  dw 00281h,base+00896h
  dw 00180h,base+0000Eh
  dw 00100h,base+0000Eh

cammyPage3frame021:
  db 038h,054h,068h,032h
  db 07Eh
  db 065h,02Fh,027h,06Eh,02Eh
  db 000h,000h
  db 000h,000h
  dw 0017Fh,base+0000Eh
  dw 00280h,base+01490h
  dw 00280h,base+000F3h
  dw 00281h,base+008DFh
  dw 00180h,base+00002h
  dw 00180h,base+00081h
  dw 00181h,base+0000Eh
  dw 00180h,base+00027h
  dw 00180h,base+002C0h
  dw 00180h,base+0002Bh
  dw 00180h,base+0001Eh
  dw 00180h,base+00026h
  dw 00181h,base+0001Fh
  dw 00180h,base+00027h
  dw 00180h,base+00027h
  dw 00180h,base+0002Bh
  dw 00180h,base+00026h
  dw 00280h,base+0024Bh
  dw 00281h,base+0003Ah
  dw 00176h,base+00024h
  dw 0010Ah,base+0001Fh
  dw 00175h,base+0002Bh
  dw 0020Bh,base+00FCCh
  dw 00174h,base+0001Eh
  dw 0030Ch,base+033ADh
  dw 00175h,base+00026h
  dw 0020Bh,base+0144Eh
  dw 00175h,base+0001Fh
  dw 0020Bh,base+021FDh
  dw 00276h,base+00034h
  dw 0010Ah,base+0002Bh
  dw 00306h,base+00254h
  dw 00370h,base+03533h
  dw 00209h,base+01BE3h
  dw 00406h,base+0052Bh
  dw 00472h,base+031C0h
  dw 00208h,base+00034h
  dw 00B79h,base+0141Dh
  dw 00107h,base+0000Ah
  dw 00D79h,base+00D34h
  dw 00207h,base+00527h
  dw 00D7Ah,base+00D41h
  dw 00206h,base+000FAh
  dw 00609h,base+02A29h
  dw 00471h,base+031C4h
  dw 00206h,base+0012Ch
  dw 0060Ah,base+0282Bh
  dw 00371h,base+00404h
  dw 00C0Fh,base+0102Eh
  dw 00372h,base+0311Eh
  dw 00B81h,base+01239h
  dw 00A81h,base+01758h
  dw 0087Fh,base+0208Ch
  dw 00980h,base+01B34h
  dw 0097Fh,base+01B3Dh
  dw 00980h,base+01B46h
  dw 0097Eh,base+01B4Fh
  dw 00B7Fh,base+01428h
  dw 00508h,base+02DE8h
  dw 00478h,base+022A2h
  dw 00508h,base+02DEDh
  dw 00377h,base+01EA4h
  dw 00508h,base+02DF2h
  dw 00578h,base+022A8h
  dw 00408h,base+031C8h
  dw 00577h,base+01DDFh
  dw 00409h,base+0210Dh
  dw 00677h,base+01951h
  dw 00408h,base+0089Eh
  dw 00777h,base+01959h
  dw 00409h,base+0109Ah
  dw 00876h,base+01584h
  dw 0030Ah,base+006C7h
  dw 00875h,base+0158Eh
  dw 0030Bh,base+0052Bh
  dw 00875h,base+01247h
  dw 0030Bh,base+00254h
  dw 00974h,base+00EF9h
  dw 0040Ch,base+031CCh
  dw 00974h,base+00BD9h
  dw 0040Ch,base+031D0h
  dw 00974h,base+00BE6h
  dw 0040Ch,base+031D4h
  dw 00405h,base+031D8h
  dw 0047Bh,base+0302Ch
  dw 00405h,base+02D79h
  dw 0047Bh,base+03034h
  dw 00405h,base+03038h
  dw 0047Bh,base+0303Ch
  dw 00406h,base+03040h
  dw 0037Ah,base+0303Dh
  dw 00406h,base+03044h
  dw 0037Ah,base+033B3h
  dw 00406h,base+03048h
  dw 0037Ah,base+0138Eh
  dw 00306h,base+03536h
  dw 0037Bh,base+00A0Fh
  dw 00105h,base+0002Bh
  dw 00381h,base+00A0Fh
  dw 00380h,base+033B9h
  dw 00380h,base+033BCh
  dw 00381h,base+00D5Bh
  dw 00380h,base+0304Dh
  dw 00481h,base+0304Ch
  dw 00380h,base+033BFh
  dw 00380h,base+00D00h
  dw 00381h,base+0000Bh
  dw 00380h,base+00509h
  dw 00381h,base+033C2h
  dw 00280h,base+008A9h
  dw 00380h,base+03539h
  dw 00381h,base+0353Ch
  dw 00281h,base+00035h
  dw 00280h,base+00100h
  dw 00280h,base+00385h
  dw 00281h,base+0239Eh
  dw 00280h,base+00C44h
  dw 00280h,base+00146h
  dw 00280h,base+03697h
  dw 00281h,base+0080Eh
  dw 00180h,base+00002h
  dw 00100h,base+0002Bh

cammyPage3frame022:
  db 020h,053h,070h,030h
  db 080h
  db 06Dh,02Fh,025h,070h,038h
  db 000h,000h
  db 000h,000h
  dw 00103h,base+0000Bh
  dw 0017Ch,base+0000Bh
  dw 0037Fh,base+0353Fh
  dw 00580h,base+02DF7h
  dw 00580h,base+02DFCh
  dw 00780h,base+025AFh
  dw 00780h,base+025B6h
  dw 00506h,base+02E01h
  dw 0027Ah,base+00BA9h
  dw 00506h,base+02E06h
  dw 00279h,base+00BA9h
  dw 00507h,base+02E0Bh
  dw 00179h,base+00053h
  dw 00507h,base+02E10h
  dw 00179h,base+002C0h
  dw 00580h,base+02E15h
  dw 00580h,base+02E1Ah
  dw 00480h,base+031DCh
  dw 00480h,base+031E0h
  dw 00380h,base+0144Fh
  dw 00480h,base+031E4h
  dw 00480h,base+031E8h
  dw 00580h,base+02E1Fh
  dw 00580h,base+02E24h
  dw 00680h,base+02A2Fh
  dw 00680h,base+02A35h
  dw 00680h,base+02A3Bh
  dw 00680h,base+02A41h
  dw 00680h,base+02A47h
  dw 00680h,base+02A4Dh
  dw 0057Fh,base+02E29h
  dw 00680h,base+02A53h
  dw 00609h,base+02A59h
  dw 00178h,base+00024h
  dw 00607h,base+02A5Fh
  dw 00278h,base+02339h
  dw 00A80h,base+01762h
  dw 00A80h,base+0176Ch
  dw 00980h,base+01B58h
  dw 00980h,base+01B61h
  dw 00980h,base+01B6Ah
  dw 00981h,base+01B73h
  dw 00980h,base+01B7Ch
  dw 00A80h,base+01776h
  dw 00A80h,base+01780h
  dw 00A80h,base+0178Ah
  dw 00A80h,base+01794h
  dw 00A80h,base+0179Eh
  dw 00A7Fh,base+017A8h
  dw 00B80h,base+01433h
  dw 00B80h,base+0143Eh
  dw 00B80h,base+01449h
  dw 00A80h,base+017B2h
  dw 00304h,base+026A7h
  dw 0067Ch,base+02A65h
  dw 00304h,base+03542h
  dw 0047Ch,base+031ECh
  dw 00304h,base+03542h
  dw 0047Ch,base+031F0h
  dw 00305h,base+03545h
  dw 0037Bh,base+0299Bh
  dw 00305h,base+03545h
  dw 0037Bh,base+0244Ah
  dw 00305h,base+02690h
  dw 0037Bh,base+00F92h
  dw 00205h,base+00301h
  dw 0037Bh,base+01399h
  dw 00206h,base+03370h
  dw 00279h,base+00068h
  dw 00307h,base+03548h
  dw 00279h,base+00240h
  dw 00307h,base+0347Ch
  dw 00279h,base+00042h
  dw 00307h,base+00741h
  dw 00378h,base+03479h
  dw 00309h,base+01399h
  dw 00277h,base+006F2h
  dw 00309h,base+009C1h
  dw 00277h,base+00767h
  dw 00309h,base+0114Bh
  dw 00277h,base+003BAh
  dw 00309h,base+00687h
  dw 00277h,base+0160Bh
  dw 00209h,base+0004Bh
  dw 00277h,base+0085Ah
  dw 00209h,base+000BFh
  dw 00377h,base+024BBh
  dw 00209h,base+00123h
  dw 00377h,base+0114Bh
  dw 00209h,base+001CDh
  dw 00377h,base+0114Bh
  dw 00109h,base+0000Bh
  dw 00377h,base+018DEh
  dw 00109h,base+0000Bh
  dw 00376h,base+0354Bh
  dw 0020Bh,base+00197h
  dw 00275h,base+00201h
  dw 0020Bh,base+006ABh
  dw 00275h,base+03699h
  dw 0020Bh,base+00001h
  dw 00275h,base+0055Fh
  dw 0020Bh,base+00003h
  dw 00375h,base+0352Dh
  dw 0020Bh,base+0022Bh
  dw 00375h,base+0354Eh
  dw 0020Bh,base+000A7h
  dw 00375h,base+0022Bh
  dw 0010Ch,base+000B7h
  dw 00174h,base+00022h
  dw 0010Ch,base+00003h
  dw 00173h,base+000B7h
  dw 0020Dh,base+00017h
  dw 00173h,base+00157h
  dw 0020Dh,base+004F7h
  dw 00273h,base+004F7h
  dw 0020Dh,base+00034h
  dw 00273h,base+0239Eh
  dw 0020Dh,base+00026h
  dw 00273h,base+0022Bh
  dw 0020Dh,base+00026h
  dw 00273h,base+03404h
  dw 0020Dh,base+00591h
  dw 00373h,base+03551h
  dw 0020Dh,base+00100h
  dw 00373h,base+01E7Dh
  dw 0020Dh,base+00036h
  dw 00300h,base+011ABh

cammyPage3frame023:
  db 060h,018h,054h,057h
  db 096h
  db 089h,02Bh,006h,04Ah,071h
  db 051h,06Eh
  db 070h,06Fh
  dw 0017Fh,base+0000Eh
  dw 00280h,base+00042h
  dw 0027Fh,base+0004Bh
  dw 00480h,base+031F4h
  dw 00475h,base+031F8h
  dw 0010Bh,base+0000Eh
  dw 00475h,base+031FCh
  dw 0020Bh,base+0004Bh
  dw 0046Ch,base+03200h
  dw 00106h,base+0000Eh
  dw 0060Dh,base+02A6Bh
  dw 00565h,base+02E2Eh
  dw 00107h,base+0001Fh
  dw 00306h,base+0354Bh
  dw 0070Ch,base+025BDh
  dw 00102h,base+00007h
  dw 00565h,base+02E33h
  dw 00206h,base+00717h
  dw 00F12h,base+00A99h
  dw 00867h,base+02094h
  dw 01618h,base+0064Bh
  dw 00B68h,base+01454h
  dw 0232Ch,base+002E2h
  dw 00153h,base+0001Eh
  dw 0242Dh,base+00276h
  dw 00253h,base+0002Dh
  dw 0242Ch,base+0029Ah
  dw 00353h,base+03554h
  dw 0252Ch,base+00150h
  dw 00454h,base+03204h
  dw 0252Bh,base+00175h
  dw 00555h,base+02E38h
  dw 00406h,base+03208h
  dw 01F20h,base+00389h
  dw 00102h,base+0002Bh
  dw 00659h,base+02A71h
  dw 00206h,base+00034h
  dw 0297Ah,base+0008Ch
  dw 00106h,base+0002Bh
  dw 00103h,base+0002Bh
  dw 02685h,base+00104h
  dw 01617h,base+00661h
  dw 00203h,base+00034h
  dw 00102h,base+0002Bh
  dw 00566h,base+02E3Dh
  dw 0131Ch,base+007C9h
  dw 00369h,base+02CF8h
  dw 00104h,base+0001Fh
  dw 00508h,base+006CCh
  dw 0020Ch,base+003A6h
  dw 0026Dh,base+01CE4h
  dw 00407h,base+00697h
  dw 0010Dh,base+0002Bh
  dw 0016Dh,base+00027h
  dw 00200h,base+0005Eh

cammyPage3frame024:
  db 060h,01Ah,054h,059h
  db 08Eh
  db 085h,02Bh,006h,04Ah,071h
  db 053h,059h
  db 072h,05Ah
  dw 0037Fh,base+001B2h
  dw 0027Fh,base+00003h
  dw 00280h,base+00003h
  dw 00206h,base+00003h
  dw 0016Eh,base+0001Fh
  dw 0010Bh,base+00008h
  dw 00205h,base+000B7h
  dw 0046Fh,base+0320Ch
  dw 0030Ch,base+000E8h
  dw 00305h,base+0005Eh
  dw 0046Eh,base+03210h
  dw 0050Dh,base+000ECh
  dw 00973h,base+01B85h
  dw 00204h,base+0004Bh
  dw 00105h,base+00008h
  dw 00104h,base+0001Fh
  dw 00972h,base+01B8Eh
  dw 00205h,base+0000Ch
  dw 00708h,base+025C4h
  dw 00A6Bh,base+017BCh
  dw 00208h,base+0002Ch
  dw 00203h,base+0000Ch
  dw 01472h,base+006F4h
  dw 00102h,base+0002Bh
  dw 00507h,base+02E42h
  dw 01A77h,base+00511h
  dw 02324h,base+00305h
  dw 00103h,base+0002Bh
  dw 00158h,base+0002Bh
  dw 00406h,base+03214h
  dw 02425h,base+002BEh
  dw 00103h,base+0002Bh
  dw 00252h,base+0014Eh
  dw 02728h,base+000DDh
  dw 00858h,base+0209Ch
  dw 02529h,base+0019Ah
  dw 00758h,base+025CBh
  dw 02627h,base+0012Ah
  dw 00859h,base+020A4h
  dw 02F81h,base+00000h
  dw 0282Bh,base+000B5h
  dw 00355h,base+00D85h
  dw 02224h,base+00328h
  dw 00108h,base+0002Bh
  dw 00255h,base+00034h
  dw 00203h,base+00717h
  dw 01214h,base+008B9h
  dw 00969h,base+01B97h
  dw 00104h,base+0001Fh
  dw 00203h,base+0002Ch
  dw 00306h,base+0354Bh
  dw 0070Bh,base+025BDh
  dw 0086Dh,base+020ACh
  dw 00103h,base+00003h
  dw 00106h,base+0000Eh
  dw 00607h,base+02A77h
  dw 00104h,base+00007h
  dw 00778h,base+025D2h
  dw 00204h,base+0004Bh
  dw 00105h,base+00003h
  dw 00777h,base+025D9h
  dw 00104h,base+0000Eh
  dw 00204h,base+00003h
  dw 0087Dh,base+020B4h
  dw 00407h,base+01D09h
  dw 00379h,base+000C5h
  dw 00309h,base+000B7h
  dw 00100h,base+0002Bh

cammyPage3frame025:
  db 05Eh,018h,056h,05Eh
  db 078h
  db 083h,02Bh,002h,048h,071h
  db 050h,06Ah
  db 06Fh,06Bh
  dw 0050Ah,base+02E47h
  dw 00374h,base+0005Eh
  dw 0080Bh,base+020BCh
  dw 00408h,base+017FBh
  dw 0010Ch,base+0002Bh
  dw 00160h,base+0001Eh
  dw 0090Bh,base+01BA0h
  dw 00608h,base+02A7Dh
  dw 0020Ch,base+0022Bh
  dw 0025Ch,base+005A1h
  dw 00104h,base+0000Eh
  dw 0171Fh,base+005F1h
  dw 00359h,base+03218h
  dw 00203h,base+0131Bh
  dw 01D1Eh,base+00400h
  dw 00203h,base+00034h
  dw 00102h,base+0002Bh
  dw 00456h,base+03218h
  dw 02E7Fh,base+0005Eh
  dw 02F80h,base+0002Fh
  dw 02527h,base+001BFh
  dw 00659h,base+02A83h
  dw 0252Ah,base+001E4h
  dw 00556h,base+02E4Ch
  dw 0252Bh,base+00209h
  dw 0045Ah,base+0321Ch
  dw 02028h,base+0034Ah
  dw 00258h,base+0002Ch
  dw 00103h,base+0002Bh
  dw 01D25h,base+0041Dh
  dw 0025Ch,base+0061Ch
  dw 01C25h,base+00456h
  dw 00160h,base+00027h
  dw 00A0Ch,base+017C6h
  dw 00A75h,base+017D0h
  dw 0080Ch,base+020C4h
  dw 00708h,base+025E0h
  dw 0016Dh,base+0002Bh
  dw 0060Ch,base+02A89h
  dw 00102h,base+00007h
  dw 00473h,base+03220h
  dw 0040Dh,base+03224h
  dw 00574h,base+02E51h
  dw 0020Ch,base+00661h
  dw 00580h,base+02E56h
  dw 00581h,base+02E5Bh
  dw 00480h,base+03228h
  dw 00380h,base+03557h
  dw 00381h,base+00D71h
  dw 00280h,base+00A59h
  dw 00100h,base+0000Eh

cammyPage3frame026:
  db 026h,042h,06Ah,042h
  db 080h
  db 071h,037h,016h,06Dh,042h
  db 000h,000h
  db 000h,000h
  dw 00180h,base+00216h
  dw 0027Fh,base+009C6h
  dw 00280h,base+01FA9h
  dw 00180h,base+0002Bh
  dw 00104h,base+0001Eh
  dw 0037Ch,base+011ABh
  dw 00103h,base+00026h
  dw 00480h,base+0322Ch
  dw 0047Dh,base+03230h
  dw 00102h,base+00026h
  dw 0057Eh,base+0005Ch
  dw 0087Fh,base+020CCh
  dw 00980h,base+01BA9h
  dw 00A7Fh,base+017DAh
  dw 00B7Fh,base+0145Fh
  dw 00C7Fh,base+0103Ah
  dw 00C7Fh,base+01046h
  dw 00D80h,base+00D4Eh
  dw 00D81h,base+00D5Bh
  dw 00A0Bh,base+017E4h
  dw 00177h,base+00053h
  dw 00809h,base+020D4h
  dw 00177h,base+00053h
  dw 00709h,base+025E7h
  dw 00177h,base+00053h
  dw 00709h,base+025EEh
  dw 00177h,base+00053h
  dw 00709h,base+025F5h
  dw 00177h,base+00002h
  dw 00A7Fh,base+017EEh
  dw 00980h,base+01BB2h
  dw 0097Fh,base+01BBBh
  dw 00A80h,base+017F8h
  dw 00A7Fh,base+01802h
  dw 00809h,base+020DCh
  dw 00277h,base+000FCh
  dw 00609h,base+02A8Fh
  dw 00276h,base+0085Ah
  dw 0070Ah,base+025FCh
  dw 00376h,base+033F2h
  dw 0070Ah,base+02603h
  dw 00576h,base+02E60h
  dw 0070Bh,base+0260Ah
  dw 00475h,base+02C4Ch
  dw 0080Bh,base+020E4h
  dw 00475h,base+03234h
  dw 0090Bh,base+01BC4h
  dw 00475h,base+03238h
  dw 00A0Ch,base+0180Ch
  dw 00274h,base+00D3Bh
  dw 00A0Ch,base+01816h
  dw 00274h,base+00197h
  dw 00B0Dh,base+0146Ah
  dw 00173h,base+0002Bh
  dw 00C81h,base+01052h
  dw 00C80h,base+0105Eh
  dw 00C80h,base+0106Ah
  dw 00C80h,base+01076h
  dw 00405h,base+0323Ch
  dw 0077Ch,base+02611h
  dw 00308h,base+00310h
  dw 00378h,base+02298h
  dw 00308h,base+01763h
  dw 00279h,base+0068Ch
  dw 00307h,base+00509h
  dw 00279h,base+00FDAh
  dw 00307h,base+01096h
  dw 00278h,base+0000Ch
  dw 00408h,base+03240h
  dw 00278h,base+01A9Dh
  dw 00408h,base+03244h
  dw 00277h,base+002B4h
  dw 00509h,base+02E65h
  dw 00277h,base+00012h
  dw 00409h,base+03248h
  dw 00277h,base+000E5h
  dw 0040Ah,base+0324Ch
  dw 00175h,base+00008h
  dw 0040Bh,base+03250h
  dw 00174h,base+00007h
  dw 0040Bh,base+03254h
  dw 00375h,base+0355Ah
  dw 0030Bh,base+013BEh
  dw 00375h,base+0355Dh
  dw 0030Bh,base+03560h
  dw 00274h,base+00A2Ah
  dw 0040Dh,base+03258h
  dw 00172h,base+0002Bh
  dw 0040Eh,base+0325Ch
  dw 00172h,base+000E4h
  dw 0030Eh,base+03563h
  dw 00172h,base+000CEh
  dw 0020Dh,base+010CEh
  dw 00273h,base+02F3Ah
  dw 0020Dh,base+0369Bh
  dw 00273h,base+000BAh
  dw 0020Dh,base+004C1h
  dw 00273h,base+02210h
  dw 0020Dh,base+00857h
  dw 00272h,base+00245h
  dw 0020Eh,base+010CEh
  dw 00372h,base+0156Dh
  dw 0020Eh,base+0369Dh
  dw 00372h,base+03566h
  dw 0020Fh,base+01456h
  dw 00371h,base+000DDh
  dw 00210h,base+02906h
  dw 00270h,base+0002Fh
  dw 00110h,base+0002Bh
  dw 00200h,base+00036h

cammyPage3frame027:
  db 02Ah,057h,070h,02Fh
  db 080h
  db 076h,037h,011h,072h,042h
  db 000h,000h
  db 000h,000h
  dw 00180h,base+000FEh
  dw 0017Fh,base+00002h
  dw 00380h,base+03569h
  dw 00482h,base+03260h
  dw 00281h,base+00292h
  dw 00281h,base+0044Fh
  dw 00180h,base+00012h
  dw 00181h,base+00023h
  dw 00180h,base+00027h
  dw 00180h,base+00024h
  dw 00103h,base+00026h
  dw 0027Eh,base+00034h
  dw 0057Ch,base+02E6Ah
  dw 00104h,base+0002Bh
  dw 0057Ch,base+02E6Fh
  dw 00304h,base+00120h
  dw 0057Ch,base+02E74h
  dw 00A7Fh,base+01820h
  dw 00203h,base+0024Bh
  dw 00881h,base+020ECh
  dw 0077Bh,base+02618h
  dw 00305h,base+0356Ch
  dw 0077Ah,base+0261Fh
  dw 00C80h,base+01082h
  dw 00C7Fh,base+0108Eh
  dw 00D80h,base+00D68h
  dw 00D80h,base+00D75h
  dw 00D80h,base+00D82h
  dw 00C81h,base+0109Ah
  dw 00B80h,base+01475h
  dw 00304h,base+009B7h
  dw 0067Ch,base+02A95h
  dw 00A80h,base+0182Ah
  dw 00B81h,base+01480h
  dw 00A83h,base+01834h
  dw 00780h,base+02626h
  dw 0077Fh,base+0262Dh
  dw 0097Fh,base+01BCDh
  dw 00A7Fh,base+0183Eh
  dw 00D7Fh,base+00D8Fh
  dw 0090Ah,base+01BD6h
  dw 00476h,base+03264h
  dw 0080Ah,base+020F4h
  dw 00575h,base+02E79h
  dw 0080Bh,base+020FCh
  dw 00575h,base+02E7Eh
  dw 0080Ch,base+02104h
  dw 00474h,base+03268h
  dw 0070Ch,base+02634h
  dw 00374h,base+00303h
  dw 0070Ch,base+0263Bh
  dw 00374h,base+00303h
  dw 0060Ch,base+02A9Bh
  dw 00374h,base+0022Bh
  dw 0060Dh,base+02AA1h
  dw 00173h,base+00007h
  dw 0060Dh,base+02AA7h
  dw 00173h,base+0002Bh
  dw 00780h,base+02642h
  dw 00780h,base+02649h
  dw 00780h,base+02650h
  dw 00780h,base+02657h
  dw 00780h,base+0265Eh
  dw 00780h,base+02665h
  dw 00780h,base+0266Ch
  dw 00780h,base+02673h
  dw 00780h,base+0267Ah
  dw 00780h,base+02681h
  dw 00304h,base+0356Fh
  dw 0037Ch,base+034D6h
  dw 00304h,base+0043Ah
  dw 0037Ch,base+03572h
  dw 00304h,base+03241h
  dw 0037Ch,base+00A0Fh
  dw 00304h,base+03575h
  dw 0037Ch,base+03578h
  dw 00304h,base+0357Bh
  dw 0037Ch,base+0357Eh
  dw 00304h,base+03581h
  dw 0037Ch,base+03584h
  dw 00304h,base+02677h
  dw 0027Bh,base+010EEh
  dw 00304h,base+02711h
  dw 0037Ch,base+03587h
  dw 00304h,base+0358Ah
  dw 0037Ch,base+0048Eh
  dw 00304h,base+0358Dh
  dw 0027Ch,base+0003Ah
  dw 00204h,base+0001Ch
  dw 0017Bh,base+0000Eh
  dw 00304h,base+03590h
  dw 0027Ch,base+00503h
  dw 00304h,base+01318h
  dw 0027Ch,base+00B02h
  dw 00204h,base+00270h
  dw 0027Ch,base+001C1h
  dw 00204h,base+00432h
  dw 0027Ch,base+00B02h
  dw 00204h,base+00974h
  dw 0017Bh,base+0002Ah
  dw 00305h,base+03401h
  dw 0017Bh,base+0000Fh
  dw 00305h,base+03593h
  dw 0017Bh,base+0001Fh
  dw 00380h,base+03596h
  dw 00380h,base+006C7h
  dw 0027Fh,base+000A4h
  dw 0027Fh,base+005E6h
  dw 00380h,base+03599h
  dw 00380h,base+0359Ch
  dw 00380h,base+0359Fh
  dw 00280h,base+01D06h
  dw 00280h,base+010CEh
  dw 00280h,base+0369Fh
  dw 00280h,base+0349Dh
  dw 00280h,base+0369Fh
  dw 00280h,base+0349Dh
  dw 00281h,base+01D06h
  dw 00180h,base+00006h
  dw 00100h,base+00000h

cammyPage3frame028:
  db 03Eh,04Fh,06Ch,033h
  db 08Eh
  db 075h,037h,011h,071h,042h
  db 000h,000h
  db 000h,000h
  dw 00180h,base+0002Bh
  dw 0010Ch,base+00043h
  dw 00273h,base+0041Bh
  dw 0020Dh,base+0061Ch
  dw 00273h,base+00009h
  dw 0030Dh,base+035A2h
  dw 00273h,base+0002Dh
  dw 0030Dh,base+000A8h
  dw 0026Eh,base+0002Dh
  dw 00207h,base+003B3h
  dw 0020Bh,base+00026h
  dw 0016Eh,base+00053h
  dw 00208h,base+0085Ah
  dw 0010Ah,base+0002Ah
  dw 0016Dh,base+002C0h
  dw 00409h,base+0326Ch
  dw 0010Ah,base+00023h
  dw 0016Ch,base+0002Bh
  dw 0050Ah,base+02E83h
  dw 0020Ah,base+00121h
  dw 0016Bh,base+00027h
  dw 0070Ch,base+02688h
  dw 00109h,base+0002Bh
  dw 0016Bh,base+00027h
  dw 0080Bh,base+0210Ch
  dw 00375h,base+035A5h
  dw 00A0Bh,base+01848h
  dw 00304h,base+035A8h
  dw 00105h,base+0002Bh
  dw 0016Ch,base+0001Eh
  dw 00305h,base+035ABh
  dw 00B0Fh,base+0148Bh
  dw 0016Dh,base+00081h
  dw 00204h,base+00034h
  dw 00C0Fh,base+010A6h
  dw 0016Dh,base+0002Bh
  dw 00205h,base+0145Dh
  dw 00507h,base+02E88h
  dw 00406h,base+03270h
  dw 00273h,base+00026h
  dw 00507h,base+02E8Dh
  dw 00406h,base+0141Bh
  dw 00174h,base+00023h
  dw 00405h,base+03274h
  dw 00507h,base+02E92h
  dw 00175h,base+0002Bh
  dw 0090Bh,base+01BDFh
  dw 00174h,base+00002h
  dw 00A0Bh,base+01852h
  dw 00269h,base+002D8h
  dw 0010Ch,base+0001Fh
  dw 00C74h,base+010B2h
  dw 0010Bh,base+00007h
  dw 00D74h,base+00D9Ch
  dw 00208h,base+02E97h
  dw 00204h,base+00068h
  dw 00C74h,base+010BEh
  dw 00307h,base+035AEh
  dw 01178h,base+00978h
  dw 00408h,base+03278h
  dw 01178h,base+00989h
  dw 00408h,base+0327Ch
  dw 01077h,base+00A2Fh
  dw 00509h,base+02E97h
  dw 00C0Dh,base+010CAh
  dw 0016Ah,base+0002Bh
  dw 00508h,base+02E9Ch
  dw 00D78h,base+00DA9h
  dw 00204h,base+0076Ch
  dw 00104h,base+000B7h
  dw 00D78h,base+00DB6h
  dw 00104h,base+00001h
  dw 00204h,base+00304h
  dw 00D78h,base+00DC3h
  dw 00104h,base+0002Bh
  dw 00204h,base+01D06h
  dw 00D7Ch,base+00DD0h
  dw 00304h,base+01A85h
  dw 0090Ah,base+01BE8h
  dw 00372h,base+035B1h
  dw 00304h,base+035B4h
  dw 0060Ah,base+02AADh
  dw 00372h,base+03110h
  dw 00304h,base+00A1Fh
  dw 0060Ah,base+02AB3h
  dw 00372h,base+035B7h
  dw 00A0Eh,base+0185Ch
  dw 00373h,base+035BAh
  dw 0080Dh,base+02114h
  dw 00373h,base+035BDh
  dw 0080Dh,base+0211Ch
  dw 00373h,base+035C0h
  dw 0080Dh,base+02124h
  dw 00373h,base+01EB9h
  dw 0080Eh,base+0212Ch
  dw 00272h,base+025DEh
  dw 0080Eh,base+02134h
  dw 00272h,base+00A59h
  dw 0080Dh,base+0213Ch
  dw 00374h,base+035C3h
  dw 0070Bh,base+0268Fh
  dw 00475h,base+03280h
  dw 0070Bh,base+02696h
  dw 00475h,base+03284h
  dw 0070Bh,base+0269Dh
  dw 00475h,base+03288h
  dw 0070Bh,base+026A4h
  dw 00476h,base+0328Ch
  dw 0050Ah,base+02EA1h
  dw 00378h,base+035C6h
  dw 00309h,base+035C9h
  dw 00277h,base+007B1h
  dw 00309h,base+035CCh
  dw 00177h,base+0002Bh
  dw 00380h,base+00714h
  dw 00380h,base+00C83h
  dw 00280h,base+00A01h
  dw 0027Fh,base+005D4h
  dw 00380h,base+035CFh
  dw 0037Fh,base+035D2h
  dw 00480h,base+03290h
  dw 00480h,base+03294h
  dw 00380h,base+035D5h
  dw 00380h,base+035D8h
  dw 00380h,base+0025Ah
  dw 00280h,base+00132h
  dw 00280h,base+00068h
  dw 0027Fh,base+007FDh
  dw 00280h,base+00197h
  dw 00280h,base+01FA2h
  dw 00280h,base+00220h
  dw 00280h,base+0063Bh
  dw 00280h,base+00051h
  dw 0017Fh,base+0000Fh
  dw 00280h,base+00100h
  dw 0027Fh,base+01BF5h
  dw 00380h,base+00CF0h
  dw 00280h,base+02E31h
  dw 00280h,base+0055Fh
  dw 00280h,base+010EDh
  dw 00280h,base+000BAh
  dw 00280h,base+0016Bh
  dw 00280h,base+004B6h
  dw 00280h,base+00724h
  dw 00180h,base+00006h
  dw 00100h,base+0002Bh

cammyPage3frame029:
  db 02Eh,063h,064h,020h
  db 066h
  db 0ABh,0C5h,063h,0A8h,058h
  db 061h,03Ah
  db 06Fh,06Bh
  dw 0017Fh,base+0000Eh
  dw 00380h,base+003A5h
  dw 00581h,base+02EA6h
  dw 00481h,base+03298h
  dw 00380h,base+035DBh
  dw 00381h,base+035DEh
  dw 00280h,base+03681h
  dw 00280h,base+00AC8h
  dw 00281h,base+00B28h
  dw 00180h,base+00018h
  dw 00180h,base+000B7h
  dw 00180h,base+00157h
  dw 00280h,base+00050h
  dw 00380h,base+035E1h
  dw 00380h,base+03596h
  dw 00281h,base+01146h
  dw 00280h,base+01DE6h
  dw 00280h,base+00270h
  dw 00380h,base+00B14h
  dw 00381h,base+035E4h
  dw 00280h,base+019BBh
  dw 00280h,base+0000Ch
  dw 00280h,base+0000Ch
  dw 00280h,base+00FDAh
  dw 00280h,base+00432h
  dw 00280h,base+000C6h
  dw 00280h,base+005C0h
  dw 00281h,base+0078Ch
  dw 00180h,base+00043h
  dw 00280h,base+006F2h
  dw 00280h,base+00132h
  dw 00380h,base+00611h
  dw 00380h,base+0025Ah
  dw 00380h,base+00092h
  dw 00480h,base+0329Ch
  dw 0040Bh,base+032A0h
  dw 00175h,base+0003Eh
  dw 0040Ah,base+032A4h
  dw 00276h,base+00BC2h
  dw 0050Ah,base+02EABh
  dw 00277h,base+0041Bh
  dw 00409h,base+032A8h
  dw 00277h,base+00206h
  dw 00409h,base+032ACh
  dw 00277h,base+0005Eh
  dw 00409h,base+00FCEh
  dw 00377h,base+005CEh
  dw 00508h,base+02EB0h
  dw 00479h,base+032B0h
  dw 00407h,base+00A9Ah
  dw 00479h,base+032B4h
  dw 00407h,base+032B8h
  dw 00379h,base+001CFh
  dw 00406h,base+032BCh
  dw 0027Ah,base+0022Bh
  dw 00406h,base+032C0h
  dw 0027Ah,base+02374h
  dw 00506h,base+02EB5h
  dw 0027Ah,base+0005Eh
  dw 0087Fh,base+02144h
  dw 00980h,base+01BF1h
  dw 00980h,base+01BFAh
  dw 00980h,base+01C03h
  dw 0090Bh,base+01C0Ch
  dw 00175h,base+0000Bh
  dw 00D80h,base+00DDDh
  dw 00A0Bh,base+01866h
  dw 00275h,base+025BBh
  dw 00A0Ch,base+01870h
  dw 00174h,base+00002h
  dw 00A0Ch,base+0187Ah
  dw 00174h,base+00002h
  dw 00A0Ch,base+01884h
  dw 00175h,base+00053h
  dw 0090Bh,base+01C15h
  dw 00175h,base+00053h
  dw 00C80h,base+010D6h
  dw 00D80h,base+00DEAh
  dw 00E81h,base+00B5Eh
  dw 00D80h,base+00DF7h
  dw 00304h,base+02127h
  dw 0097Ch,base+01C1Eh
  dw 00304h,base+035E7h
  dw 0097Ch,base+01C27h
  dw 00304h,base+0194Eh
  dw 0097Dh,base+01C30h
  dw 00203h,base+00012h
  dw 0097Dh,base+01C39h
  dw 00203h,base+00012h
  dw 0097Dh,base+01C42h
  dw 00C7Fh,base+010E2h
  dw 00608h,base+02AB9h
  dw 00578h,base+02EBAh
  dw 00608h,base+02ABFh
  dw 00478h,base+0316Ah
  dw 00608h,base+02AC5h
  dw 00477h,base+00CA3h
  dw 0060Ah,base+02ACBh
  dw 00276h,base+000A5h
  dw 00609h,base+02AD1h
  dw 00277h,base+01FA9h
  dw 0040Ah,base+032C4h
  dw 00276h,base+005D2h
  dw 0030Ah,base+00C7Eh
  dw 00276h,base+02FA8h
  dw 0030Ah,base+018DEh
  dw 00176h,base+00027h
  dw 0020Ah,base+006E9h
  dw 00276h,base+005D2h
  dw 0020Ah,base+036A1h
  dw 00276h,base+002D8h
  dw 0020Ah,base+0032Dh
  dw 00176h,base+00026h
  dw 0020Ah,base+00329h
  dw 00176h,base+00026h
  dw 00280h,base+00222h
  dw 0020Ah,base+0005Dh
  dw 00176h,base+00026h
  dw 0020Ah,base+022D5h
  dw 00176h,base+00026h
  dw 00180h,base+000B7h
  dw 0010Bh,base+00003h
  dw 00174h,base+00027h
  dw 0020Ch,base+0022Bh
  dw 00174h,base+00027h
  dw 0020Ch,base+00222h
  dw 00173h,base+0002Bh
  dw 0030Dh,base+035EAh
  dw 00173h,base+00026h
  dw 0030Dh,base+035EDh
  dw 00173h,base+00026h
  dw 0030Dh,base+0014Fh
  dw 00173h,base+0002Bh
  dw 0030Dh,base+035F0h
  dw 00274h,base+010FEh
  dw 0030Ch,base+035F3h
  dw 00274h,base+036A3h
  dw 0030Bh,base+035F6h
  dw 00376h,base+009C6h
  dw 0020Ah,base+0076Bh
  dw 00376h,base+009C6h
  dw 0030Ah,base+035F9h
  dw 00477h,base+032C8h
  dw 00209h,base+009BBh
  dw 00477h,base+032CCh
  dw 0020Bh,base+00473h
  dw 00280h,base+0002Ch
  dw 00280h,base+021D2h
  dw 00100h,base+0000Eh

cammyPage3frame030:
  db 026h,051h,06Ah,033h
  db 076h
  db 06Eh,02Dh,025h,06Dh,02Bh
  db 000h,000h
  db 000h,000h
  dw 0027Fh,base+00034h
  dw 00407h,base+01466h
  dw 00179h,base+0002Bh
  dw 00406h,base+0005Eh
  dw 0037Ah,base+035FCh
  dw 00506h,base+02A7Eh
  dw 0037Ah,base+0022Bh
  dw 00506h,base+02EBFh
  dw 0037Ah,base+00B1Fh
  dw 00506h,base+02EC4h
  dw 00379h,base+00254h
  dw 00607h,base+02AD7h
  dw 00379h,base+006C7h
  dw 00608h,base+02ADDh
  dw 00177h,base+0003Eh
  dw 00709h,base+026ABh
  dw 00177h,base+00007h
  dw 00709h,base+026B2h
  dw 00177h,base+00007h
  dw 00102h,base+0024Fh
  dw 00507h,base+02EC9h
  dw 00177h,base+00007h
  dw 00102h,base+0024Fh
  dw 00506h,base+02ECEh
  dw 00278h,base+0022Bh
  dw 00103h,base+0024Fh
  dw 00405h,base+032D0h
  dw 0027Bh,base+0022Bh
  dw 0077Fh,base+026B9h
  dw 0087Fh,base+0214Ch
  dw 00981h,base+01C4Bh
  dw 0087Fh,base+02154h
  dw 00980h,base+01C54h
  dw 00980h,base+01C5Dh
  dw 00980h,base+01C66h
  dw 00981h,base+01C6Fh
  dw 00880h,base+0215Ch
  dw 00980h,base+01C78h
  dw 00980h,base+01C81h
  dw 00A81h,base+0188Eh
  dw 00980h,base+01C8Ah
  dw 00406h,base+0052Bh
  dw 0047Ah,base+032D4h
  dw 00506h,base+02ED3h
  dw 0057Ah,base+02ED8h
  dw 00C80h,base+010EEh
  dw 00C7Fh,base+010FAh
  dw 00A0Bh,base+01898h
  dw 00175h,base+00002h
  dw 00607h,base+02AE3h
  dw 00304h,base+03121h
  dw 00175h,base+0024Fh
  dw 00607h,base+02AE9h
  dw 00278h,base+000E0h
  dw 00780h,base+026C0h
  dw 00780h,base+026C7h
  dw 00780h,base+026CEh
  dw 00880h,base+02164h
  dw 00880h,base+0216Ch
  dw 00880h,base+02174h
  dw 00880h,base+0217Ch
  dw 00980h,base+01C93h
  dw 00405h,base+032D8h
  dw 0047Bh,base+032DCh
  dw 00405h,base+026C0h
  dw 0047Bh,base+032E0h
  dw 00405h,base+032E4h
  dw 0047Bh,base+032E8h
  dw 00405h,base+032ECh
  dw 0047Bh,base+032F0h
  dw 00406h,base+032ECh
  dw 0037Bh,base+035FFh
  dw 00305h,base+03602h
  dw 0037Bh,base+03605h
  dw 00305h,base+01A10h
  dw 0037Bh,base+00B34h
  dw 00205h,base+00C30h
  dw 0047Ah,base+03160h
  dw 00307h,base+03608h
  dw 00379h,base+0354Bh
  dw 00307h,base+01CC6h
  dw 00378h,base+0191Dh
  dw 00309h,base+0360Bh
  dw 00277h,base+0000Bh
  dw 00309h,base+01EA1h
  dw 00277h,base+00132h
  dw 00309h,base+0360Eh
  dw 00277h,base+000C6h
  dw 00309h,base+00432h
  dw 00277h,base+00FDAh
  dw 00209h,base+006E9h
  dw 00277h,base+00742h
  dw 00209h,base+00012h
  dw 00276h,base+000BFh
  dw 0030Ah,base+03611h
  dw 00276h,base+00067h
  dw 0020Ah,base+0032Dh
  dw 00276h,base+0335Ch
  dw 0030Ah,base+03614h
  dw 00276h,base+002B4h
  dw 0030Ah,base+035B4h
  dw 00276h,base+00012h
  dw 0020Ah,base+00050h
  dw 00276h,base+000E5h
  dw 0020Ah,base+0361Bh
  dw 00375h,base+03617h
  dw 0020Ch,base+00146h
  dw 00274h,base+00A59h
  dw 0020Ch,base+010EDh
  dw 00274h,base+004DAh
  dw 0020Ch,base+001CFh
  dw 00273h,base+00E4Fh
  dw 0030Dh,base+0361Ah
  dw 00373h,base+0361Dh
  dw 0020Dh,base+01D06h
  dw 00373h,base+0066Fh
  dw 0020Dh,base+02E31h
  dw 00373h,base+00032h
  dw 0020Dh,base+000BAh
  dw 00273h,base+00034h
  dw 0020Eh,base+02878h
  dw 00172h,base+00007h
  dw 0020Eh,base+00717h
  dw 00172h,base+000B7h
  dw 0020Eh,base+02906h
  dw 00172h,base+000B7h
  dw 0020Eh,base+01456h
  dw 00272h,base+007CBh
  dw 0010Eh,base+000B7h
  dw 00272h,base+00717h
  dw 0010Eh,base+0002Bh
  dw 00280h,base+0076Ch
  dw 00380h,base+01D53h
  dw 00380h,base+03620h
  dw 00480h,base+032F4h
  dw 00582h,base+02EDDh
  dw 00300h,base+00135h

cammyPage3frame031:
  db 046h,043h,04Ch,041h
  db 06Eh
  db 04Bh,046h,019h,05Ch,038h
  db 04Ah,046h
  db 069h,047h
  dw 0027Fh,base+00036h
  dw 00380h,base+0052Bh
  dw 0047Fh,base+0089Eh
  dw 00580h,base+0005Dh
  dw 00580h,base+0005Dh
  dw 00580h,base+0005Dh
  dw 00580h,base+02EE2h
  dw 00580h,base+02EE7h
  dw 00472h,base+032F8h
  dw 0010Dh,base+0002Bh
  dw 00672h,base+02AEFh
  dw 0030Eh,base+03623h
  dw 00672h,base+02AF5h
  dw 0030Ch,base+03626h
  dw 00874h,base+02184h
  dw 0070Bh,base+026D5h
  dw 00975h,base+01C9Ch
  dw 01480h,base+00708h
  dw 01582h,base+006CBh
  dw 01382h,base+007DCh
  dw 01182h,base+0099Ah
  dw 00203h,base+0034Bh
  dw 00C84h,base+01106h
  dw 00880h,base+0218Ch
  dw 00980h,base+01CA5h
  dw 00980h,base+01CAEh
  dw 00980h,base+01CB7h
  dw 00980h,base+01CC0h
  dw 00980h,base+01CC9h
  dw 00506h,base+02EECh
  dw 00102h,base+0002Bh
  dw 00279h,base+0025Bh
  dw 00405h,base+032FCh
  dw 00579h,base+02EF1h
  dw 00607h,base+02AFBh
  dw 00579h,base+02EF6h
  dw 00708h,base+026DCh
  dw 00578h,base+02EFBh
  dw 00708h,base+026E3h
  dw 00578h,base+02F00h
  dw 00708h,base+026EAh
  dw 00103h,base+00026h
  dw 00475h,base+0101Fh
  dw 0070Ch,base+026F1h
  dw 00473h,base+03300h
  dw 0080Ah,base+02194h
  dw 00104h,base+002C0h
  dw 00472h,base+02D71h
  dw 0090Ah,base+01CD2h
  dw 00105h,base+00002h
  dw 00371h,base+00CA1h
  dw 00C10h,base+01112h
  dw 0036Fh,base+02E7Eh
  dw 00D80h,base+00E04h
  dw 00D80h,base+00E11h
  dw 00C82h,base+0111Eh
  dw 00A80h,base+018A2h
  dw 00A80h,base+018ACh
  dw 00405h,base+015DCh
  dw 0057Bh,base+02F05h
  dw 00406h,base+029A5h
  dw 0047Bh,base+03304h
  dw 00305h,base+00494h
  dw 0057Bh,base+02F0Ah
  dw 00305h,base+00EDFh
  dw 0057Bh,base+02F0Fh
  dw 00306h,base+02D48h
  dw 0047Ah,base+03308h
  dw 00306h,base+03629h
  dw 0047Ah,base+0330Ch
  dw 00307h,base+02FA0h
  dw 00479h,base+03310h
  dw 00308h,base+00F39h
  dw 00377h,base+00160h
  dw 00309h,base+0362Ch
  dw 00477h,base+03314h
  dw 0030Ah,base+0362Fh
  dw 00376h,base+00161h
  dw 0030Ah,base+003E4h
  dw 00476h,base+03318h
  dw 0030Bh,base+033BFh
  dw 00475h,base+0331Ch
  dw 0020Ch,base+000BFh
  dw 00373h,base+00092h
  dw 0030Dh,base+03632h
  dw 00372h,base+00108h
  dw 0030Eh,base+020F0h
  dw 00472h,base+03320h
  dw 0030Fh,base+03635h
  dw 00471h,base+031C0h
  dw 0030Fh,base+01B69h
  dw 00471h,base+01FB4h
  dw 00310h,base+03499h
  dw 00470h,base+03324h
  dw 00211h,base+000A7h
  dw 0036Fh,base+00A35h
  dw 00111h,base+0003Eh
  dw 0036Fh,base+0097Dh
  dw 00111h,base+00007h
  dw 0046Fh,base+03328h
  dw 00112h,base+0002Ah
  dw 0046Dh,base+0332Ch
  dw 00215h,base+02072h
  dw 0036Bh,base+03638h
  dw 00215h,base+036A5h
  dw 0046Ah,base+03330h
  dw 00317h,base+0363Bh
  dw 00369h,base+0363Eh
  dw 00217h,base+036A7h
  dw 00468h,base+03334h
  dw 00319h,base+0355Ah
  dw 00367h,base+0355Ah
  dw 0031Ah,base+011ABh
  dw 00100h,base+0002Bh

cammyPage3frame032:
  db 056h,01Fh,050h,057h
  db 08Ah
  db 07Ch,02Bh,00Bh,03Ch,071h
  db 04Eh,073h
  db 06Dh,074h
  dw 00280h,base+0022Bh
  dw 00380h,base+0005Eh
  dw 0047Ch,base+0089Eh
  dw 00103h,base+0000Bh
  dw 00577h,base+02F14h
  dw 00104h,base+0003Eh
  dw 00A12h,base+018B6h
  dw 00269h,base+001C7h
  dw 01114h,base+009ABh
  dw 00102h,base+0000Eh
  dw 00269h,base+00292h
  dw 0197Fh,base+00578h
  dw 01A7Fh,base+0052Bh
  dw 01213h,base+008CBh
  dw 00104h,base+0002Bh
  dw 00102h,base+0002Bh
  dw 00266h,base+01928h
  dw 01315h,base+007EFh
  dw 00103h,base+0000Eh
  dw 00103h,base+0000Eh
  dw 00265h,base+0003Dh
  dw 00509h,base+02F19h
  dw 01112h,base+009BCh
  dw 00264h,base+0058Eh
  dw 00307h,base+00491h
  dw 01779h,base+00608h
  dw 00306h,base+03641h
  dw 00C0Dh,base+0112Ah
  dw 00103h,base+0002Bh
  dw 00103h,base+0002Bh
  dw 00102h,base+0002Bh
  dw 00365h,base+03644h
  dw 0131Dh,base+00802h
  dw 00164h,base+0001Eh
  dw 0121Ch,base+008DDh
  dw 00165h,base+0002Bh
  dw 0111Bh,base+009CDh
  dw 00164h,base+00024h
  dw 0131Bh,base+00815h
  dw 00264h,base+00452h
  dw 0141Bh,base+0071Ch
  dw 00361h,base+03647h
  dw 01415h,base+00730h
  dw 00609h,base+02B01h
  dw 0045Eh,base+03338h
  dw 0191Ah,base+00591h
  dw 00B65h,base+01496h
  dw 01A1Bh,base+00545h
  dw 00B62h,base+014A1h
  dw 01E1Fh,base+003A8h
  dw 00A60h,base+018C0h
  dw 01113h,base+009DEh
  dw 00C0Eh,base+01136h
  dw 0085Fh,base+0219Ch
  dw 00C15h,base+01142h
  dw 00506h,base+02F1Eh
  dw 00407h,base+0333Ch
  dw 0075Eh,base+026F8h
  dw 00709h,base+026FFh
  dw 0020Dh,base+00035h
  dw 00306h,base+013F9h
  dw 00964h,base+01CDBh
  dw 00316h,base+0364Ah
  dw 00206h,base+0034Bh
  dw 00864h,base+021A4h
  dw 0021Dh,base+00304h
  dw 00763h,base+02706h
  dw 0011Eh,base+0002Bh
  dw 00581h,base+02F23h
  dw 00480h,base+03340h
  dw 00281h,base+0193Ch
  dw 00100h,base+0002Bh

cammyPage3frame033:
  db 02Ch,030h,064h,058h
  db 076h
  db 065h,02Fh,01Dh,065h,02Dh
  db 000h,000h
  db 000h,000h
  dw 00380h,base+0003Bh
  dw 0037Fh,base+0005Eh
  dw 00580h,base+017DFh
  dw 00580h,base+02A7Eh
  dw 00580h,base+02F28h
  dw 00480h,base+03344h
  dw 0057Fh,base+02F2Dh
  dw 0060Dh,base+02B07h
  dw 00173h,base+00043h
  dw 00102h,base+00134h
  dw 0050Bh,base+02F32h
  dw 00172h,base+0000Ah
  dw 00102h,base+00012h
  dw 0060Bh,base+02B0Dh
  dw 00373h,base+0364Dh
  dw 0090Dh,base+01CE4h
  dw 00273h,base+00BB7h
  dw 0090Ch,base+01CEDh
  dw 00374h,base+03650h
  dw 00A0Bh,base+018CAh
  dw 00376h,base+03653h
  dw 00B80h,base+014ACh
  dw 0070Ah,base+0270Dh
  dw 00176h,base+0002Bh
  dw 0077Fh,base+02714h
  dw 00880h,base+021ACh
  dw 00880h,base+021B4h
  dw 00102h,base+00134h
  dw 0067Dh,base+02B13h
  dw 00203h,base+009C6h
  dw 0077Dh,base+0271Bh
  dw 00204h,base+036A9h
  dw 00709h,base+02722h
  dw 00273h,base+036ABh
  dw 00103h,base+00002h
  dw 00B7Dh,base+014B7h
  dw 00103h,base+0024Fh
  dw 00C80h,base+0114Eh
  dw 00C80h,base+0115Ah
  dw 00C7Fh,base+01166h
  dw 0070Bh,base+02729h
  dw 00274h,base+02339h
  dw 0080Ch,base+021BCh
  dw 00273h,base+00527h
  dw 0097Fh,base+01CF6h
  dw 00B7Fh,base+014C2h
  dw 00C7Fh,base+01172h
  dw 00D7Fh,base+00E1Eh
  dw 00D80h,base+00E2Bh
  dw 00D7Fh,base+00E38h
  dw 00D80h,base+00E45h
  dw 00D80h,base+00E52h
  dw 00607h,base+0010Ah
  dw 00579h,base+02F37h
  dw 00B81h,base+014CDh
  dw 0087Fh,base+021C4h
  dw 00981h,base+01CFFh
  dw 00781h,base+02730h
  dw 00680h,base+02B19h
  dw 00681h,base+02B1Fh
  dw 00581h,base+02F3Ch
  dw 0067Fh,base+02B25h
  dw 00882h,base+021CCh
  dw 00980h,base+01D08h
  dw 00785h,base+02737h
  dw 00700h,base+0273Eh

cammyPage3frame034:
  db 036h,034h,05Ah,050h
  db 06Eh
  db 062h,02Fh,026h,062h,02Dh
  db 000h,000h
  db 000h,000h
  dw 0037Fh,base+005CEh
  dw 00480h,base+0052Bh
  dw 00580h,base+02A7Eh
  dw 00580h,base+02F41h
  dw 00580h,base+02F46h
  dw 00580h,base+00209h
  dw 00509h,base+02F4Bh
  dw 00177h,base+0002Bh
  dw 00509h,base+02F50h
  dw 00176h,base+00020h
  dw 00708h,base+02745h
  dw 00478h,base+03348h
  dw 00C80h,base+0117Eh
  dw 00D80h,base+00E5Fh
  dw 00102h,base+00002h
  dw 00B7Eh,base+014D8h
  dw 00103h,base+00081h
  dw 00B7Dh,base+014E3h
  dw 00203h,base+025B3h
  dw 00B7Eh,base+014EEh
  dw 00102h,base+00008h
  dw 00C80h,base+0118Ah
  dw 00C7Fh,base+01196h
  dw 00708h,base+0274Ch
  dw 00578h,base+02F55h
  dw 00809h,base+021D4h
  dw 00477h,base+0334Ch
  dw 0080Bh,base+021DCh
  dw 00275h,base+00034h
  dw 00980h,base+01D11h
  dw 00C80h,base+011A2h
  dw 00708h,base+02753h
  dw 00578h,base+02F5Ah
  dw 0070Ah,base+0275Ah
  dw 00276h,base+008DFh
  dw 00203h,base+008F6h
  dw 00508h,base+02F5Fh
  dw 00175h,base+0024Fh
  dw 00204h,base+008F6h
  dw 0057Ch,base+02F64h
  dw 00204h,base+00432h
  dw 0057Ch,base+02F69h
  dw 00203h,base+0213Fh
  dw 0067Ch,base+02B2Bh
  dw 00A7Fh,base+018D4h
  dw 00C80h,base+011AEh
  dw 00C80h,base+011BAh
  dw 00C80h,base+011C6h
  dw 00C7Fh,base+011D2h
  dw 00D80h,base+00E6Ch
  dw 00D80h,base+00E79h
  dw 00D80h,base+00E86h
  dw 00304h,base+00D0Fh
  dw 0097Bh,base+01D1Ah
  dw 00406h,base+03350h
  dw 0087Ah,base+021E4h
  dw 00307h,base+006E9h
  dw 00103h,base+0002Bh
  dw 00476h,base+03354h
  dw 0030Ah,base+009C1h
  dw 00475h,base+03358h
  dw 0030Bh,base+03611h
  dw 00408h,base+0335Ch
  dw 0016Dh,base+0002Bh
  dw 0020Bh,base+008ADh
  dw 00308h,base+0335Ch
  dw 0026Dh,base+003A6h
  dw 0020Bh,base+036ADh
  dw 00308h,base+03656h
  dw 0026Dh,base+01539h
  dw 0020Bh,base+01456h
  dw 00307h,base+0075Ch
  dw 0036Eh,base+03659h
  dw 0020Bh,base+00471h
  dw 00305h,base+018DEh
  dw 00570h,base+02F6Eh
  dw 0010Bh,base+00018h
  dw 00A74h,base+018DEh
  dw 0020Ch,base+013EAh
  dw 00B74h,base+014F9h
  dw 0010Ch,base+00022h
  dw 00709h,base+02761h
  dw 0026Ah,base+00222h
  dw 0020Dh,base+014FEh
  dw 00709h,base+02768h
  dw 00269h,base+01D06h
  dw 0030Fh,base+0365Ch
  dw 00608h,base+01BA5h
  dw 00268h,base+0239Eh
  dw 00410h,base+03360h
  dw 00408h,base+00F09h
  dw 00267h,base+00017h
  dw 00511h,base+02F73h
  dw 00308h,base+00B04h
  dw 00267h,base+003A6h
  dw 00511h,base+02F78h
  dw 00208h,base+00604h
  dw 00100h,base+0000Eh

cammyPage3frame035:
  db 040h,04Ah,050h,03Ah
  db 052h
  db 050h,046h,019h,05Fh,038h
  db 04Eh,040h
  db 061h,05Eh
  dw 00180h,base+0002Bh
  dw 0017Fh,base+00020h
  dw 00380h,base+0365Fh
  dw 00380h,base+0022Bh
  dw 00381h,base+0022Bh
  dw 00280h,base+003A6h
  dw 00381h,base+004DFh
  dw 00280h,base+0022Bh
  dw 00381h,base+0022Bh
  dw 00280h,base+0005Eh
  dw 00380h,base+003A5h
  dw 0030Ah,base+00765h
  dw 00377h,base+0003Bh
  dw 00309h,base+03662h
  dw 00377h,base+0005Eh
  dw 00308h,base+009ACh
  dw 00578h,base+017DFh
  dw 00308h,base+009C1h
  dw 00579h,base+006CCh
  dw 00307h,base+031B0h
  dw 00579h,base+02EC0h
  dw 00408h,base+03364h
  dw 00479h,base+03368h
  dw 00407h,base+0336Ch
  dw 0057Ah,base+02F7Dh
  dw 00405h,base+03370h
  dw 0067Bh,base+02B31h
  dw 00B81h,base+01504h
  dw 00809h,base+021ECh
  dw 00277h,base+00BA9h
  dw 00809h,base+021F4h
  dw 00277h,base+00BA9h
  dw 00A81h,base+018E8h
  dw 00980h,base+01D23h
  dw 0097Fh,base+01D2Ch
  dw 00203h,base+000A5h
  dw 0077Dh,base+0276Fh
  dw 00102h,base+00002h
  dw 0087Eh,base+021FCh
  dw 00102h,base+00027h
  dw 00880h,base+02204h
  dw 0097Dh,base+01D35h
  dw 00104h,base+00026h
  dw 0080Ah,base+0220Ch
  dw 00172h,base+0000Eh
  dw 00104h,base+00026h
  dw 00B7Ch,base+0150Fh
  dw 00105h,base+0002Bh
  dw 00506h,base+02F82h
  dw 00575h,base+02F87h
  dw 00105h,base+00027h
  dw 00506h,base+02F8Ch
  dw 00575h,base+02F91h
  dw 00105h,base+00027h
  dw 00B7Bh,base+0151Ah
  dw 00106h,base+0002Bh
  dw 0097Ah,base+01D3Eh
  dw 00106h,base+0002Ah
  dw 0097Ah,base+01D47h
  dw 00106h,base+00027h
  dw 00979h,base+01D50h
  dw 00208h,base+01FA9h
  dw 00506h,base+02F96h
  dw 00172h,base+0002Bh
  dw 00208h,base+00026h
  dw 00678h,base+02B37h
  dw 00208h,base+0002Dh
  dw 00678h,base+02B3Dh
  dw 00208h,base+00036h
  dw 00680h,base+02B43h
  dw 0067Fh,base+02B49h
  dw 0077Fh,base+02776h
  dw 00880h,base+02214h
  dw 0087Fh,base+0221Ch
  dw 00980h,base+01D59h
  dw 0097Fh,base+01D62h
  dw 00A80h,base+018F2h
  dw 00B7Fh,base+01525h
  dw 00C80h,base+011DEh
  dw 00607h,base+02B4Fh
  dw 00579h,base+02F9Bh
  dw 00508h,base+02FA0h
  dw 00478h,base+03374h
  dw 00408h,base+03378h
  dw 00478h,base+0337Ch
  dw 00308h,base+03422h
  dw 00478h,base+03380h
  dw 00309h,base+00B14h
  dw 00477h,base+03384h
  dw 00309h,base+009C1h
  dw 00477h,base+03388h
  dw 0030Ah,base+03665h
  dw 00376h,base+01C7Eh
  dw 0030Ah,base+03665h
  dw 00576h,base+02FA5h
  dw 0030Ah,base+03668h
  dw 00576h,base+02FAAh
  dw 0020Bh,base+0046Ah
  dw 00575h,base+02FAFh
  dw 0020Bh,base+02396h
  dw 00575h,base+02FB4h
  dw 0020Ch,base+01697h
  dw 00673h,base+02B55h
  dw 0030Eh,base+020EFh
  dw 00507h,base+02FB9h
  dw 0016Bh,base+0002Bh
  dw 0030Fh,base+0366Bh
  dw 00871h,base+02224h
  dw 00310h,base+035B4h
  dw 00771h,base+0277Dh
  dw 00210h,base+00304h
  dw 00670h,base+02B5Bh
  dw 00111h,base+0002Bh
  dw 0056Fh,base+02FBEh
  dw 00114h,base+00018h
  dw 0026Bh,base+0239Eh
  dw 00216h,base+0131Bh
  dw 0026Ah,base+01539h
  dw 00216h,base+001CFh
  dw 00269h,base+009E3h
  dw 00317h,base+0366Eh
  dw 00268h,base+00B28h
  dw 00418h,base+0338Ch
  dw 00267h,base+01634h
  dw 00519h,base+0063Bh
  dw 00267h,base+0022Bh
  dw 00519h,base+02F78h
  dw 00200h,base+00036h

cammyPage3frame036:
  db 036h,032h,05Ah,052h
  db 06Eh
  db 062h,02Fh,025h,05Fh,030h
  db 000h,000h
  db 000h,000h
  dw 00380h,base+006C7h
  dw 0047Fh,base+0089Eh
  dw 00580h,base+006CCh
  dw 00681h,base+02B61h
  dw 0057Fh,base+02FC3h
  dw 0057Fh,base+02FC8h
  dw 00680h,base+02B67h
  dw 00102h,base+00081h
  dw 0057Eh,base+02FCDh
  dw 00102h,base+00002h
  dw 0057Eh,base+02FD2h
  dw 00102h,base+00081h
  dw 0057Eh,base+02FD7h
  dw 00103h,base+00012h
  dw 00579h,base+02FDCh
  dw 00105h,base+0002Bh
  dw 00102h,base+0000Bh
  dw 00579h,base+02FE1h
  dw 00207h,base+036AFh
  dw 00678h,base+02B6Dh
  dw 00308h,base+03671h
  dw 00709h,base+02784h
  dw 0016Fh,base+0000Eh
  dw 01381h,base+00828h
  dw 01280h,base+008EFh
  dw 00E11h,base+00B6Ch
  dw 00271h,base+036B1h
  dw 00C10h,base+011EAh
  dw 00271h,base+01104h
  dw 00D0Fh,base+00E93h
  dw 00272h,base+00036h
  dw 00C84h,base+011F6h
  dw 00881h,base+0222Ch
  dw 00781h,base+0278Bh
  dw 00680h,base+02B73h
  dw 00680h,base+02B79h
  dw 0067Bh,base+02B7Fh
  dw 00305h,base+00343h
  dw 0057Ah,base+02FE6h
  dw 00C80h,base+011AEh
  dw 00C80h,base+011BAh
  dw 00C80h,base+011C6h
  dw 00C7Fh,base+011D2h
  dw 00D80h,base+00E6Ch
  dw 00D80h,base+00E79h
  dw 00D80h,base+00E86h
  dw 00304h,base+00D0Fh
  dw 0097Bh,base+01D1Ah
  dw 00406h,base+03350h
  dw 0087Ah,base+021E4h
  dw 00307h,base+02D48h
  dw 00103h,base+0002Bh
  dw 00476h,base+03354h
  dw 0030Ah,base+009C1h
  dw 00475h,base+03358h
  dw 0030Bh,base+03611h
  dw 00408h,base+0335Ch
  dw 0016Dh,base+0002Bh
  dw 0020Bh,base+008ADh
  dw 00308h,base+0335Ch
  dw 0026Dh,base+003A6h
  dw 0020Bh,base+036ADh
  dw 00308h,base+03656h
  dw 0026Dh,base+01539h
  dw 0020Bh,base+01456h
  dw 00307h,base+0075Ch
  dw 0036Eh,base+03659h
  dw 0020Bh,base+00471h
  dw 00305h,base+018DEh
  dw 00570h,base+02F6Eh
  dw 0010Bh,base+00018h
  dw 00A74h,base+018FCh
  dw 0020Ch,base+013EAh
  dw 00B74h,base+01530h
  dw 0010Ch,base+00022h
  dw 00709h,base+02792h
  dw 0026Ah,base+00222h
  dw 0020Dh,base+014FEh
  dw 00709h,base+02768h
  dw 00269h,base+01D06h
  dw 0030Fh,base+0365Ch
  dw 00608h,base+01BA5h
  dw 00268h,base+0239Eh
  dw 00410h,base+03360h
  dw 00408h,base+00C34h
  dw 00267h,base+00017h
  dw 00511h,base+02F73h
  dw 00308h,base+00B04h
  dw 00267h,base+003A6h
  dw 00511h,base+02F78h
  dw 00208h,base+00604h
  dw 00100h,base+0000Eh

cammyPage3frame037:
  db 02Ch,033h,064h,042h
  db 076h
  db 061h,02Fh,026h,061h,02Dh
  db 000h,000h
  db 000h,000h
  dw 00380h,base+0003Bh
  dw 0037Fh,base+0005Eh
  dw 00580h,base+017DFh
  dw 00580h,base+02A7Eh
  dw 00580h,base+02F28h
  dw 00480h,base+03390h
  dw 0057Fh,base+02FEBh
  dw 0060Dh,base+02B07h
  dw 00173h,base+00043h
  dw 00102h,base+000FEh
  dw 0050Bh,base+02F32h
  dw 00172h,base+00002h
  dw 00102h,base+00053h
  dw 0060Bh,base+02B85h
  dw 00373h,base+0364Dh
  dw 0090Dh,base+01CE4h
  dw 00273h,base+036B3h
  dw 0090Ch,base+01CEDh
  dw 00374h,base+03674h
  dw 00A0Bh,base+018CAh
  dw 00376h,base+03653h
  dw 00B80h,base+0153Bh
  dw 0070Ah,base+0270Dh
  dw 00176h,base+0002Bh
  dw 0077Fh,base+02714h
  dw 00880h,base+021ACh
  dw 00880h,base+021B4h
  dw 00102h,base+000FEh
  dw 0067Dh,base+02B13h
  dw 00203h,base+009C6h
  dw 0077Dh,base+0271Bh
  dw 00204h,base+01104h
  dw 00709h,base+02722h
  dw 00273h,base+036ABh
  dw 00103h,base+00002h
  dw 00B7Dh,base+014B7h
  dw 00103h,base+0024Fh
  dw 00C80h,base+0114Eh
  dw 00C80h,base+0115Ah
  dw 00C7Fh,base+01166h
  dw 0070Bh,base+02729h
  dw 00274h,base+02339h
  dw 0080Ch,base+021BCh
  dw 00273h,base+00527h
  dw 0097Fh,base+01CF6h
  dw 00B7Fh,base+014C2h
  dw 00C7Fh,base+01172h
  dw 00D7Fh,base+00E1Eh
  dw 00D80h,base+00E2Bh
  dw 00D7Fh,base+00EA0h
  dw 00D80h,base+00E45h
  dw 00D80h,base+00EADh
  dw 00607h,base+0010Ah
  dw 00579h,base+02F37h
  dw 00B81h,base+014CDh
  dw 0087Fh,base+021C4h
  dw 00981h,base+01CFFh
  dw 00781h,base+02730h
  dw 00680h,base+02B19h
  dw 00681h,base+02B1Fh
  dw 00581h,base+02F3Ch
  dw 0067Fh,base+02B25h
  dw 00882h,base+02234h
  dw 00980h,base+01D6Bh
  dw 00781h,base+02799h
  dw 00482h,base+03394h
  dw 0067Eh,base+01D09h
  dw 00784h,base+027A0h
  dw 00800h,base+0223Ch


