  dw VegaPage3frame000
  dw VegaPage3frame001
  dw VegaPage3frame002
  dw VegaPage3frame003
  dw VegaPage3frame004
  dw VegaPage3frame005
  dw VegaPage3frame006
  dw VegaPage3frame007
  dw VegaPage3frame008
  dw VegaPage3frame009
  dw VegaPage3frame010
  dw VegaPage3frame011
  dw VegaPage3frame012

VegaPage3frame000:
  db 038h,05Ah,066h,029h
  db 08Ch
  db 000h,000h,0D7h,000h,000h
  db 000h,000h
  db 000h,000h
  dw 00280h,base+00002h
  dw 0027Fh,base+00001h
  dw 00480h,base+01A44h
  dw 00480h,base+01A48h
  dw 00480h,base+01A4Ch
  dw 00480h,base+01A50h
  dw 00480h,base+01A54h
  dw 00480h,base+01A58h
  dw 00480h,base+01A5Ch
  dw 00480h,base+0187Dh
  dw 00580h,base+0187Dh
  dw 00580h,base+01882h
  dw 0057Dh,base+01887h
  dw 0097Fh,base+00F67h
  dw 00B80h,base+00C88h
  dw 00C80h,base+00AC0h
  dw 00D7Fh,base+00920h
  dw 00C0Eh,base+00ACCh
  dw 00172h,base+00002h
  dw 00D0Eh,base+0092Dh
  dw 00172h,base+00002h
  dw 00D80h,base+0093Ah
  dw 00D7Fh,base+00947h
  dw 00F80h,base+0062Eh
  dw 00F7Fh,base+0063Dh
  dw 0117Fh,base+004B6h
  dw 00D0Eh,base+00954h
  dw 0046Ch,base+01A60h
  dw 00305h,base+01C6Ch
  dw 00D0Fh,base+00961h
  dw 0046Bh,base+01A64h
  dw 01316h,base+0037Ah
  dw 0036Ah,base+01C6Fh
  dw 01216h,base+00438h
  dw 0036Ch,base+01BFDh
  dw 00809h,base+01168h
  dw 0070Bh,base+01418h
  dw 0036Dh,base+01C72h
  dw 00708h,base+0141Fh
  dw 0060Ah,base+016A3h
  dw 0046Eh,base+01A68h
  dw 00607h,base+016A9h
  dw 0070Bh,base+01426h
  dw 0046Eh,base+01A6Ch
  dw 00607h,base+016AFh
  dw 0060Bh,base+016B5h
  dw 0036Eh,base+01C75h
  dw 00D12h,base+0096Eh
  dw 0036Eh,base+01C78h
  dw 00D12h,base+0097Bh
  dw 0026Eh,base+0016Eh
  dw 00D11h,base+00988h
  dw 0036Dh,base+01C7Bh
  dw 00F13h,base+0064Ch
  dw 0036Ch,base+01C7Eh
  dw 01013h,base+0053Eh
  dw 0036Dh,base+01C81h
  dw 01013h,base+0054Eh
  dw 0036Dh,base+008FCh
  dw 00F13h,base+0065Bh
  dw 0036Dh,base+00746h
  dw 00F12h,base+0066Ah
  dw 0046Eh,base+01A70h
  dw 00F12h,base+00679h
  dw 0046Eh,base+01A74h
  dw 00F12h,base+00688h
  dw 0036Eh,base+01C84h
  dw 00F11h,base+00697h
  dw 0046Fh,base+01A78h
  dw 00F11h,base+006A6h
  dw 0036Fh,base+01454h
  dw 00607h,base+016BBh
  dw 00809h,base+01170h
  dw 00470h,base+01A7Ch
  dw 00508h,base+0188Ch
  dw 00708h,base+0142Dh
  dw 00370h,base+00F76h
  dw 00508h,base+01891h
  dw 00B79h,base+00C93h
  dw 00408h,base+01A80h
  dw 00977h,base+00F70h
  dw 00509h,base+01896h
  dw 00977h,base+00F79h
  dw 00409h,base+01A84h
  dw 00876h,base+01178h
  dw 0030Ah,base+00001h
  dw 00876h,base+01180h
  dw 00309h,base+00001h
  dw 00607h,base+016C1h
  dw 00170h,base+00011h
  dw 00309h,base+01C87h
  dw 00577h,base+00B22h
  dw 00309h,base+003B0h
  dw 00576h,base+0189Bh
  dw 0040Ah,base+002ADh
  dw 00576h,base+018A0h
  dw 0030Ah,base+00059h
  dw 00475h,base+01A88h
  dw 0030Bh,base+0004Ch
  dw 00475h,base+01A8Ch
  dw 0030Bh,base+002ECh
  dw 00375h,base+0058Ah
  dw 0020Bh,base+00002h
  dw 00380h,base+01B35h
  dw 00380h,base+0147Dh
  dw 00380h,base+00066h
  dw 00380h,base+01C8Ah
  dw 00380h,base+01C8Dh
  dw 00380h,base+01C90h
  dw 00380h,base+01C93h
  dw 00380h,base+01C96h
  dw 0037Fh,base+01C2Eh
  dw 00480h,base+01A90h
  dw 00480h,base+01A94h
  dw 00380h,base+01A94h
  dw 00380h,base+012ABh
  dw 00380h,base+01C99h
  dw 00380h,base+01C9Ch
  dw 00280h,base+01093h
  dw 00280h,base+01093h
  dw 00280h,base+01281h
  dw 00280h,base+011C5h
  dw 00280h,base+0024Fh
  dw 00280h,base+000AAh
  dw 00280h,base+00002h
  dw 00280h,base+0004Dh
  dw 0027Fh,base+0004Dh
  dw 00380h,base+00823h
  dw 00280h,base+00027h
  dw 00280h,base+00002h
  dw 00280h,base+00002h
  dw 00280h,base+00025h
  dw 00280h,base+00074h
  dw 00280h,base+0004Dh
  dw 00200h,base+00001h

VegaPage3frame001:
  db 042h,04Bh,05Ah,022h
  db 08Eh
  db 000h,000h,0DEh,000h,000h
  db 000h,000h
  db 000h,000h
  dw 00381h,base+01C9Fh
  dw 00280h,base+0033Bh
  dw 00280h,base+0033Bh
  dw 00280h,base+01986h
  dw 00280h,base+01986h
  dw 00280h,base+00F88h
  dw 00280h,base+00F88h
  dw 00280h,base+01E2Eh
  dw 00280h,base+01E2Eh
  dw 00280h,base+01E2Eh
  dw 00280h,base+00F88h
  dw 00280h,base+00F88h
  dw 00280h,base+00F88h
  dw 0027Bh,base+00F88h
  dw 0077Fh,base+01434h
  dw 0087Fh,base+01188h
  dw 0097Eh,base+00F82h
  dw 00B7Eh,base+00C9Eh
  dw 00D7Fh,base+00995h
  dw 00E7Ch,base+007B4h
  dw 0127Eh,base+0044Ah
  dw 01415h,base+0032Ah
  dw 0016Ah,base+00056h
  dw 0187Fh,base+00237h
  dw 0197Fh,base+001ECh
  dw 01A80h,base+001B8h
  dw 01B7Fh,base+000C5h
  dw 01C80h,base+00071h
  dw 01C81h,base+0008Dh
  dw 00F11h,base+006B5h
  dw 00A6Fh,base+00E09h
  dw 00E11h,base+007C2h
  dw 00A6Fh,base+00E13h
  dw 00E12h,base+007D0h
  dw 0096Dh,base+00F8Bh
  dw 00E12h,base+007DEh
  dw 0096Eh,base+00F94h
  dw 00E11h,base+007ECh
  dw 00A70h,base+00E1Dh
  dw 00C0Eh,base+00AD8h
  dw 00204h,base+00001h
  dw 0076Eh,base+0143Bh
  dw 00B0Eh,base+00CA9h
  dw 00104h,base+00002h
  dw 0066Dh,base+016C7h
  dw 00C0Eh,base+00AE4h
  dw 00106h,base+00002h
  dw 0056Ch,base+018A5h
  dw 00C0Eh,base+00AF0h
  dw 00106h,base+00025h
  dw 00203h,base+00045h
  dw 00169h,base+00002h
  dw 00405h,base+00358h
  dw 00608h,base+016CDh
  dw 00107h,base+00002h
  dw 0026Bh,base+003CAh
  dw 00506h,base+018AAh
  dw 00510h,base+01721h
  dw 0016Ah,base+00000h
  dw 00405h,base+01A98h
  dw 0067Bh,base+016D3h
  dw 00405h,base+01A9Ch
  dw 0067Bh,base+016D9h
  dw 00405h,base+01AA0h
  dw 0057Bh,base+018AFh
  dw 00405h,base+01AA4h
  dw 0057Bh,base+018B4h
  dw 00305h,base+01CA2h
  dw 0047Bh,base+01AA8h
  dw 00305h,base+00033h
  dw 0047Bh,base+01AACh
  dw 00305h,base+00468h
  dw 0037Bh,base+01CA5h
  dw 00304h,base+01CA8h
  dw 0047Ch,base+01AB0h
  dw 00304h,base+01CABh
  dw 0047Ch,base+01AB4h
  dw 00304h,base+01CAEh
  dw 0047Ch,base+01AB8h
  dw 00204h,base+000D1h
  dw 0047Ch,base+01ABCh
  dw 00204h,base+003A6h
  dw 0047Bh,base+01AC0h
  dw 00205h,base+017C7h
  dw 0047Bh,base+01AC4h
  dw 00205h,base+01C73h
  dw 0047Bh,base+01AC8h
  dw 00205h,base+01C73h
  dw 0037Ah,base+01CB1h
  dw 00206h,base+01E30h
  dw 0037Ah,base+01CB4h
  dw 00206h,base+01A4Bh
  dw 0037Ah,base+01CA8h
  dw 00306h,base+01CB7h
  dw 0037Ah,base+01CBAh
  dw 00306h,base+01CBDh
  dw 0027Ah,base+00007h
  dw 00306h,base+015FEh
  dw 0027Ah,base+00013h
  dw 00206h,base+00E25h
  dw 00179h,base+00007h
  dw 00307h,base+00FBAh
  dw 00179h,base+0000Ch
  dw 00207h,base+00002h
  dw 00179h,base+000DFh
  dw 00206h,base+00E25h
  dw 0027Ah,base+00414h
  dw 00206h,base+00001h
  dw 00279h,base+01A4Eh
  dw 00207h,base+00E25h
  dw 00279h,base+0033Eh
  dw 00207h,base+00001h
  dw 00279h,base+0054Dh
  dw 00106h,base+00002h
  dw 00380h,base+0014Ah
  dw 00380h,base+0101Bh
  dw 00380h,base+00059h
  dw 00280h,base+0012Eh
  dw 0027Fh,base+00E25h
  dw 00380h,base+002D3h
  dw 00280h,base+00297h
  dw 00280h,base+0004Dh
  dw 00100h,base+00002h

VegaPage3frame002:
  db 03Ch,03Ch,05Eh,044h
  db 084h
  db 000h,000h,0BCh,000h,000h
  db 000h,000h
  db 000h,000h
  dw 0017Fh,base+0001Dh
  dw 00280h,base+000B7h
  dw 0037Fh,base+01CC0h
  dw 00481h,base+01453h
  dw 00481h,base+01ACCh
  dw 00380h,base+00F76h
  dw 00481h,base+00C9Ah
  dw 00380h,base+00F76h
  dw 0046Ch,base+01AD0h
  dw 00115h,base+00002h
  dw 0036Bh,base+01CC3h
  dw 00115h,base+00001h
  dw 0046Bh,base+01AD4h
  dw 00116h,base+00063h
  dw 0036Ah,base+01CC6h
  dw 00116h,base+00063h
  dw 0036Ah,base+001A8h
  dw 00207h,base+00001h
  dw 0010Fh,base+00001h
  dw 0036Ah,base+01CC9h
  dw 00207h,base+00002h
  dw 0010Fh,base+00063h
  dw 0036Ah,base+01CCCh
  dw 00207h,base+0012Eh
  dw 0010Fh,base+00063h
  dw 0036Ah,base+009BAh
  dw 00207h,base+0012Eh
  dw 0010Fh,base+00001h
  dw 0046Ah,base+01AD8h
  dw 00307h,base+00FBAh
  dw 00211h,base+00001h
  dw 00269h,base+00131h
  dw 00206h,base+00002h
  dw 00211h,base+00E25h
  dw 00269h,base+00015h
  dw 00206h,base+00A4Bh
  dw 00206h,base+00E25h
  dw 0010Bh,base+00000h
  dw 00369h,base+01CCFh
  dw 00206h,base+00CDAh
  dw 00206h,base+00027h
  dw 0010Bh,base+00000h
  dw 00369h,base+01CD2h
  dw 00306h,base+01CD5h
  dw 00304h,base+002D3h
  dw 0030Dh,base+00B04h
  dw 00369h,base+01CD8h
  dw 00406h,base+01ADCh
  dw 00711h,base+01442h
  dw 00469h,base+01A6Ch
  dw 00406h,base+01AE0h
  dw 00811h,base+01190h
  dw 00405h,base+01AE4h
  dw 00166h,base+00001h
  dw 00304h,base+01CDBh
  dw 00911h,base+00F9Dh
  dw 00405h,base+01A68h
  dw 00167h,base+00001h
  dw 00C15h,base+00AFCh
  dw 00304h,base+0174Eh
  dw 00167h,base+00002h
  dw 00C14h,base+00B08h
  dw 0046Ch,base+01AE8h
  dw 00C14h,base+00B14h
  dw 0036Dh,base+01111h
  dw 00B12h,base+00CB4h
  dw 0046Eh,base+01AECh
  dw 00B12h,base+00CBFh
  dw 0046Eh,base+01AF0h
  dw 00B12h,base+00CCAh
  dw 0046Eh,base+01AF4h
  dw 00B0Eh,base+00CD5h
  dw 00873h,base+01198h
  dw 00A0Ch,base+00E27h
  dw 00974h,base+00FA6h
  dw 00A0Ch,base+00E31h
  dw 00975h,base+00FAFh
  dw 0090Ah,base+00FB8h
  dw 00A0Bh,base+00E3Bh
  dw 0016Bh,base+00002h
  dw 00405h,base+01AF8h
  dw 00F10h,base+006C4h
  dw 0016Bh,base+00025h
  dw 00405h,base+01AFCh
  dw 00F7Ch,base+006D3h
  dw 00305h,base+01CDEh
  dw 00E7Bh,base+007FAh
  dw 00304h,base+01CDEh
  dw 00E7Ch,base+00808h
  dw 00304h,base+0038Dh
  dw 00E7Ch,base+00816h
  dw 01280h,base+0045Ch
  dw 01380h,base+0038Dh
  dw 01380h,base+003A0h
  dw 01280h,base+0046Eh
  dw 01080h,base+0055Eh
  dw 00F80h,base+006E2h
  dw 00F80h,base+006F1h
  dw 00E81h,base+00824h
  dw 00C80h,base+00B20h
  dw 00B80h,base+00CE0h
  dw 00B80h,base+00CEBh
  dw 00A80h,base+00E45h
  dw 00880h,base+011A0h
  dw 00880h,base+011A8h
  dw 00880h,base+011B0h
  dw 00781h,base+01449h
  dw 00680h,base+016DFh
  dw 00580h,base+018B9h
  dw 00582h,base+018BEh
  dw 00200h,base+0035Ch

VegaPage3frame003:
  db 04Eh,021h,050h,067h
  db 078h
  db 000h,000h,099h,000h,000h
  db 000h,000h
  db 000h,000h
  dw 0017Fh,base+0001Dh
  dw 0027Ch,base+000B7h
  dw 00204h,base+001F6h
  dw 0037Ch,base+01CC0h
  dw 0077Fh,base+01450h
  dw 00405h,base+01B00h
  dw 0047Bh,base+01ACCh
  dw 00406h,base+01B04h
  dw 0037Ah,base+00F76h
  dw 00506h,base+018C3h
  dw 0047Ah,base+00C9Ah
  dw 00507h,base+018C8h
  dw 00379h,base+00F76h
  dw 00607h,base+016E5h
  dw 00478h,base+01AD0h
  dw 00709h,base+01457h
  dw 00377h,base+01CC3h
  dw 00809h,base+011B8h
  dw 00475h,base+01AD4h
  dw 00A0Ch,base+00E4Fh
  dw 00369h,base+01CC6h
  dw 0010Ah,base+00002h
  dw 00B0Dh,base+00CF6h
  dw 00306h,base+001A8h
  dw 00363h,base+01CE1h
  dw 0020Ah,base+00001h
  dw 00C0Dh,base+00B2Ch
  dw 00305h,base+01CC9h
  dw 00464h,base+01B08h
  dw 00209h,base+00024h
  dw 01877h,base+0024Fh
  dw 00308h,base+00024h
  dw 0191Bh,base+00205h
  dw 0035Dh,base+00517h
  dw 00407h,base+00024h
  dw 01B1Ch,base+000E0h
  dw 0045Eh,base+002ADh
  dw 02680h,base+00000h
  dw 02681h,base+00026h
  dw 02580h,base+0004Ch
  dw 0090Ah,base+00FC1h
  dw 01B76h,base+000FBh
  dw 0040Ah,base+00026h
  dw 01B77h,base+00116h
  dw 00209h,base+00002h
  dw 01B77h,base+00131h
  dw 00208h,base+00002h
  dw 00203h,base+00021h
  dw 00304h,base+0004Ah
  dw 01579h,base+002C1h
  dw 00203h,base+00B00h
  dw 00205h,base+00020h
  dw 01378h,base+003B3h
  dw 00203h,base+00062h
  dw 00106h,base+00002h
  dw 01177h,base+004C7h
  dw 00209h,base+00025h
  dw 00506h,base+018CDh
  dw 00A70h,base+00E59h
  dw 0030Dh,base+00148h
  dw 00103h,base+00000h
  dw 00708h,base+0145Eh
  dw 00268h,base+00002h
  dw 00311h,base+0012Dh
  dw 00507h,base+018D2h
  dw 00167h,base+00002h
  dw 00412h,base+00FB9h
  dw 00406h,base+01B0Ch
  dw 00168h,base+00002h
  dw 00413h,base+01B10h
  dw 00203h,base+00002h
  dw 00269h,base+00002h
  dw 00480h,base+01B14h
  dw 00300h,base+00059h

VegaPage3frame004:
  db 036h,061h,06Ch,023h
  db 08Eh
  db 000h,000h,0DDh,000h,000h
  db 000h,000h
  db 000h,000h
  dw 00380h,base+01CE4h
  dw 0037Fh,base+01CE7h
  dw 0067Fh,base+016EBh
  dw 00608h,base+016F1h
  dw 00377h,base+01CEAh
  dw 00406h,base+01B18h
  dw 00102h,base+00000h
  dw 00378h,base+01CEDh
  dw 00406h,base+01B1Ch
  dw 00579h,base+018D7h
  dw 00407h,base+01B20h
  dw 00779h,base+01465h
  dw 00406h,base+01B24h
  dw 00879h,base+011C0h
  dw 00407h,base+01B28h
  dw 00406h,base+01B2Ch
  dw 00273h,base+0001Dh
  dw 00406h,base+01B30h
  dw 00507h,base+018DCh
  dw 00272h,base+00069h
  dw 00406h,base+01B34h
  dw 0057Ah,base+018E1h
  dw 00406h,base+01B38h
  dw 00479h,base+01A64h
  dw 00B80h,base+00D01h
  dw 00A80h,base+00E63h
  dw 00A7Fh,base+00E6Dh
  dw 00A7Fh,base+00E77h
  dw 00B7Fh,base+00D0Ch
  dw 00B80h,base+00D17h
  dw 00B80h,base+00D22h
  dw 00B7Fh,base+00D2Dh
  dw 00C80h,base+00B38h
  dw 00C80h,base+00B44h
  dw 00B80h,base+00D38h
  dw 00B80h,base+00D43h
  dw 00A80h,base+00E81h
  dw 0087Fh,base+011C8h
  dw 00980h,base+00FCAh
  dw 00880h,base+011D0h
  dw 00880h,base+011D8h
  dw 00880h,base+011E0h
  dw 00607h,base+016F7h
  dw 00179h,base+00002h
  dw 00607h,base+016FDh
  dw 00178h,base+00002h
  dw 00680h,base+01703h
  dw 00680h,base+01709h
  dw 00608h,base+0170Fh
  dw 00178h,base+00001h
  dw 00608h,base+01715h
  dw 00177h,base+00001h
  dw 00780h,base+0146Ch
  dw 00780h,base+01473h
  dw 0077Fh,base+0147Ah
  dw 00780h,base+01481h
  dw 00780h,base+01488h
  dw 00780h,base+0148Fh
  dw 0077Fh,base+01496h
  dw 0080Bh,base+011E8h
  dw 00175h,base+00002h
  dw 0080Bh,base+011F0h
  dw 00175h,base+00025h
  dw 0080Bh,base+011F8h
  dw 00175h,base+00002h
  dw 00880h,base+01200h
  dw 0087Fh,base+01208h
  dw 00980h,base+00FD3h
  dw 00980h,base+00FDCh
  dw 00980h,base+00FE5h
  dw 00980h,base+00FE5h
  dw 00980h,base+00FEEh
  dw 00980h,base+00FF7h
  dw 00881h,base+01210h
  dw 00780h,base+0149Dh
  dw 00780h,base+014A4h
  dw 00780h,base+014ABh
  dw 00780h,base+014B2h
  dw 0077Fh,base+014B9h
  dw 00880h,base+01218h
  dw 00880h,base+01220h
  dw 00880h,base+01228h
  dw 00880h,base+01230h
  dw 00780h,base+01230h
  dw 00780h,base+014C0h
  dw 00880h,base+01238h
  dw 00880h,base+01240h
  dw 00981h,base+01000h
  dw 00880h,base+01248h
  dw 00880h,base+01250h
  dw 00880h,base+01258h
  dw 00881h,base+01260h
  dw 00780h,base+014C7h
  dw 00304h,base+01CF0h
  dw 0037Ch,base+00E55h
  dw 00304h,base+01CF3h
  dw 0037Ch,base+01CF6h
  dw 00305h,base+01CF9h
  dw 0037Bh,base+00699h
  dw 00305h,base+006A7h
  dw 0037Ch,base+009D9h
  dw 00204h,base+000E7h
  dw 0037Ch,base+01CFCh
  dw 00205h,base+01E32h
  dw 0027Bh,base+00B02h
  dw 00205h,base+017C7h
  dw 0027Bh,base+00131h
  dw 00305h,base+01CFFh
  dw 0037Ch,base+01D02h
  dw 00205h,base+00111h
  dw 0027Bh,base+006DFh
  dw 00205h,base+0012Ch
  dw 0037Ah,base+010D7h
  dw 00306h,base+01591h
  dw 0037Ah,base+01591h
  dw 00306h,base+00024h
  dw 0037Bh,base+01D05h
  dw 00205h,base+000A5h
  dw 0037Bh,base+01D08h
  dw 00205h,base+00025h
  dw 0037Bh,base+00000h
  dw 00206h,base+00025h
  dw 0027Ah,base+000A5h
  dw 00206h,base+00002h
  dw 0027Ah,base+000A5h
  dw 00206h,base+00002h
  dw 0027Bh,base+00E25h
  dw 00105h,base+00025h
  dw 0027Bh,base+00299h
  dw 00106h,base+00025h
  dw 0017Ah,base+00070h
  dw 00106h,base+00025h
  dw 0017Ah,base+00070h
  dw 00106h,base+00025h
  dw 0017Ah,base+00000h
  dw 00106h,base+00002h
  dw 00180h,base+00002h
  dw 00100h,base+00002h

VegaPage3frame005:
  db 048h,03Dh,052h,02Fh
  db 080h
  db 000h,000h,0D1h,000h,000h
  db 000h,000h
  db 000h,000h
  dw 0027Fh,base+00074h
  dw 0057Fh,base+018E6h
  dw 0077Dh,base+014CEh
  dw 00A7Eh,base+00E8Bh
  dw 00D80h,base+009A2h
  dw 00D7Ch,base+009AFh
  dw 0117Eh,base+004D8h
  dw 0137Eh,base+003C6h
  dw 01680h,base+0027Fh
  dw 0187Fh,base+00267h
  dw 0197Fh,base+0021Eh
  dw 01A80h,base+001D2h
  dw 01B7Fh,base+0014Ch
  dw 01C81h,base+000A9h
  dw 00F11h,base+00700h
  dw 00A6Fh,base+00E95h
  dw 00F12h,base+0070Fh
  dw 0096Eh,base+01009h
  dw 00E12h,base+00832h
  dw 0096Eh,base+01012h
  dw 00E11h,base+00840h
  dw 0096Fh,base+0101Bh
  dw 00D10h,base+009BCh
  dw 00A70h,base+00E9Fh
  dw 00C0Fh,base+00B50h
  dw 00204h,base+00025h
  dw 0076Dh,base+014D5h
  dw 00C14h,base+00B5Ch
  dw 0076Ch,base+014DCh
  dw 00B14h,base+00D4Eh
  dw 0076Bh,base+014E3h
  dw 00C0Eh,base+00B68h
  dw 00107h,base+00001h
  dw 00304h,base+01D0Bh
  dw 00367h,base+01D0Eh
  dw 00506h,base+018EBh
  dw 00608h,base+0171Bh
  dw 00107h,base+00002h
  dw 00304h,base+01D11h
  dw 00367h,base+01015h
  dw 00405h,base+01B3Ch
  dw 00610h,base+016D3h
  dw 00304h,base+00FBDh
  dw 00467h,base+01B40h
  dw 00405h,base+01B44h
  dw 00611h,base+01721h
  dw 00304h,base+0192Eh
  dw 00366h,base+00188h
  dw 00305h,base+00C60h
  dw 00511h,base+016D4h
  dw 00304h,base+007A0h
  dw 00366h,base+01D14h
  dw 00304h,base+01D17h
  dw 00612h,base+01727h
  dw 00304h,base+00428h
  dw 00466h,base+01B48h
  dw 00304h,base+017B7h
  dw 00512h,base+018F0h
  dw 00305h,base+01D1Ah
  dw 00365h,base+01A61h
  dw 00304h,base+01D1Dh
  dw 00513h,base+018F5h
  dw 00304h,base+01853h
  dw 00365h,base+01D20h
  dw 00304h,base+00E19h
  dw 00413h,base+01B4Ch
  dw 00304h,base+01D23h
  dw 00364h,base+01D26h
  dw 00405h,base+01B50h
  dw 00314h,base+01D29h
  dw 00204h,base+00293h
  dw 00263h,base+00045h
  dw 00305h,base+01275h
  dw 00314h,base+01D2Ch
  dw 00204h,base+0017Bh
  dw 00263h,base+003CAh
  dw 00305h,base+01D2Fh
  dw 00314h,base+000BDh
  dw 00205h,base+0003Eh
  dw 00262h,base+00216h
  dw 00305h,base+01D32h
  dw 00314h,base+01D35h
  dw 00205h,base+008BEh
  dw 00262h,base+00A5Fh
  dw 00305h,base+01D38h
  dw 00315h,base+00466h
  dw 00104h,base+00004h
  dw 00262h,base+01099h
  dw 00205h,base+0018Bh
  dw 00315h,base+01D3Bh
  dw 00104h,base+00011h
  dw 00262h,base+00375h
  dw 00205h,base+0006Bh
  dw 00315h,base+01D3Eh
  dw 00104h,base+0001Dh
  dw 00261h,base+000DDh
  dw 00206h,base+01281h
  dw 00314h,base+01D41h
  dw 00205h,base+0124Eh
  dw 00261h,base+00235h
  dw 00206h,base+01281h
  dw 00314h,base+01D44h
  dw 00205h,base+00022h
  dw 00261h,base+01AF6h
  dw 00206h,base+01E34h
  dw 00214h,base+007BCh
  dw 00205h,base+015E6h
  dw 00260h,base+0009Ah
  dw 00307h,base+01D47h
  dw 00214h,base+01276h
  dw 00105h,base+00044h
  dw 00260h,base+0009Ah
  dw 00307h,base+01D4Ah
  dw 00214h,base+002E7h
  dw 00105h,base+00058h
  dw 00260h,base+00E52h
  dw 00307h,base+01591h
  dw 00214h,base+00393h
  dw 00105h,base+00058h
  dw 00260h,base+0041Fh
  dw 00306h,base+0101Bh
  dw 0021Ah,base+000FBh
  dw 00260h,base+001CEh
  dw 00306h,base+01A45h
  dw 0021Ah,base+017C7h
  dw 00260h,base+01E36h
  dw 00206h,base+0012Eh
  dw 0021Ah,base+00131h
  dw 00260h,base+01E36h
  dw 00206h,base+00002h
  dw 0021Ah,base+00E18h
  dw 0025Fh,base+01E36h
  dw 00306h,base+01A45h
  dw 0031Bh,base+01D4Dh
  dw 0025Fh,base+01E36h
  dw 00206h,base+00E25h
  dw 0031Bh,base+01591h
  dw 0025Fh,base+01E36h
  dw 00206h,base+00001h
  dw 0031Bh,base+010D8h
  dw 0025Eh,base+01E36h
  dw 00207h,base+00E25h
  dw 0031Bh,base+01D50h
  dw 0025Eh,base+001CEh
  dw 00207h,base+00002h
  dw 0031Bh,base+01D53h
  dw 00265h,base+001CEh
  dw 0031Bh,base+015FEh
  dw 00265h,base+001CEh
  dw 0021Ch,base+00002h
  dw 00163h,base+00022h
  dw 00380h,base+00FBAh
  dw 00380h,base+01A45h
  dw 00280h,base+00024h
  dw 0027Fh,base+003D9h
  dw 00280h,base+0012Fh
  dw 00200h,base+00002h

VegaPage3frame006:
  db 044h,064h,058h,01Bh
  db 094h
  db 000h,000h,0E5h,000h,000h
  db 000h,000h
  db 000h,000h
  dw 00280h,base+00002h
  dw 0027Fh,base+0012Eh
  dw 00380h,base+00FBAh
  dw 0027Fh,base+0012Eh
  dw 0037Fh,base+00FBAh
  dw 00480h,base+01B54h
  dw 00480h,base+006EFh
  dw 00380h,base+01D56h
  dw 00380h,base+01862h
  dw 00380h,base+00024h
  dw 00380h,base+01D59h
  dw 00280h,base+0003Eh
  dw 00280h,base+0053Ch
  dw 00280h,base+00131h
  dw 0027Fh,base+00131h
  dw 00280h,base+00222h
  dw 0027Fh,base+00124h
  dw 00307h,base+01D5Ch
  dw 00279h,base+00002h
  dw 00307h,base+01D5Fh
  dw 00279h,base+00002h
  dw 00306h,base+01D62h
  dw 00379h,base+00059h
  dw 00406h,base+01B58h
  dw 0037Ah,base+0012Dh
  dw 00305h,base+01D65h
  dw 00470h,base+00FB9h
  dw 0010Bh,base+00000h
  dw 00305h,base+01D68h
  dw 0046Eh,base+01B5Ch
  dw 0040Dh,base+01731h
  dw 00305h,base+01D6Bh
  dw 0036Eh,base+0004Ch
  dw 0040Dh,base+0172Dh
  dw 00305h,base+01D6Eh
  dw 0036Eh,base+00025h
  dw 0060Dh,base+0172Dh
  dw 00305h,base+01D71h
  dw 0036Eh,base+01D74h
  dw 0060Ch,base+01733h
  dw 00406h,base+01B60h
  dw 0026Eh,base+002B6h
  dw 0060Ch,base+01733h
  dw 00405h,base+01B64h
  dw 0036Fh,base+01D77h
  dw 0060Bh,base+01733h
  dw 00506h,base+018FAh
  dw 0026Fh,base+00CCAh
  dw 0060Bh,base+01733h
  dw 00405h,base+01B68h
  dw 00370h,base+01D7Ah
  dw 0050Ah,base+00765h
  dw 00506h,base+018FFh
  dw 00370h,base+01D7Dh
  dw 0050Ah,base+01904h
  dw 00876h,base+01268h
  dw 0050Ah,base+01909h
  dw 00876h,base+01270h
  dw 00509h,base+0190Eh
  dw 00978h,base+01024h
  dw 00408h,base+01804h
  dw 00978h,base+0102Dh
  dw 00307h,base+01D80h
  dw 00A79h,base+00EA9h
  dw 00307h,base+006FFh
  dw 00979h,base+01036h
  dw 00306h,base+00049h
  dw 00A7Ah,base+00EB3h
  dw 00305h,base+006FFh
  dw 00B7Bh,base+00D59h
  dw 00304h,base+01D83h
  dw 00C7Ch,base+00B74h
  dw 00304h,base+00B27h
  dw 00B7Ch,base+00D64h
  dw 00F80h,base+0071Eh
  dw 00F81h,base+0072Dh
  dw 00D7Eh,base+009C9h
  dw 00102h,base+00001h
  dw 00C7Eh,base+00B80h
  dw 00103h,base+00002h
  dw 00A80h,base+00EBDh
  dw 00981h,base+0103Fh
  dw 00580h,base+01913h
  dw 00580h,base+01918h
  dw 00580h,base+0191Dh
  dw 0057Dh,base+01922h
  dw 00103h,base+00002h
  dw 0057Fh,base+01927h
  dw 00580h,base+0192Ch
  dw 0057Fh,base+01931h
  dw 00680h,base+01739h
  dw 00680h,base+0173Fh
  dw 0067Eh,base+01745h
  dw 0087Fh,base+01278h
  dw 00980h,base+01048h
  dw 00980h,base+01051h
  dw 0097Fh,base+0105Ah
  dw 00A80h,base+00EC7h
  dw 00A80h,base+00ED1h
  dw 00A80h,base+00EDBh
  dw 00980h,base+01063h
  dw 00981h,base+0106Ch
  dw 00880h,base+01280h
  dw 00880h,base+01288h
  dw 00780h,base+014EAh
  dw 00780h,base+014F1h
  dw 00780h,base+014F8h
  dw 00780h,base+014FFh
  dw 00780h,base+01506h
  dw 00780h,base+0150Dh
  dw 00203h,base+01E38h
  dw 0047Ch,base+01B6Ch
  dw 00304h,base+01D86h
  dw 0037Ch,base+00BC7h
  dw 00304h,base+0001Bh
  dw 0037Ch,base+0016Eh
  dw 00304h,base+0001Bh
  dw 0037Ch,base+01D89h
  dw 00304h,base+01B7Dh
  dw 0037Ch,base+01D89h
  dw 00304h,base+01D8Ch
  dw 0037Ch,base+011CCh
  dw 00304h,base+004BFh
  dw 0037Bh,base+0174Eh
  dw 00305h,base+01D8Fh
  dw 0037Bh,base+009ACh
  dw 00304h,base+01C9Ch
  dw 0037Ch,base+00592h
  dw 00304h,base+01D92h
  dw 0037Ch,base+0116Ah
  dw 00304h,base+01D95h
  dw 0037Ch,base+01D98h
  dw 00304h,base+01D9Bh
  dw 0037Ch,base+00042h
  dw 00204h,base+00116h
  dw 0037Ch,base+01D9Eh
  dw 00204h,base+0016Eh
  dw 0037Ch,base+008F3h
  dw 00204h,base+0024Fh
  dw 0027Bh,base+0018Bh
  dw 00205h,base+0024Fh
  dw 0027Bh,base+003A6h
  dw 00205h,base+0053Ch
  dw 0027Bh,base+00057h
  dw 00204h,base+0053Ch
  dw 0037Ch,base+01DA1h
  dw 00204h,base+00064h
  dw 00279h,base+000F6h
  dw 00406h,base+01B70h
  dw 00377h,base+01DA4h
  dw 00C7Fh,base+00B8Ch
  dw 00C85h,base+00B98h
  dw 00103h,base+0001Dh
  dw 0047Fh,base+01B74h
  dw 00480h,base+01B78h
  dw 00480h,base+01B7Ch
  dw 00400h,base+01B80h

VegaPage3frame007:
  db 048h,03Bh,05Ch,044h
  db 07Ah
  db 000h,000h,0BCh,000h,000h
  db 000h,000h
  db 000h,000h
  dw 0017Ah,base+00001h
  dw 00106h,base+00000h
  dw 0017Ah,base+00002h
  dw 00207h,base+00074h
  dw 00179h,base+00000h
  dw 00304h,base+00182h
  dw 00507h,base+01936h
  dw 00375h,base+00182h
  dw 00E80h,base+0084Eh
  dw 00F80h,base+0073Ch
  dw 00F80h,base+0074Bh
  dw 01080h,base+0056Eh
  dw 01080h,base+0057Eh
  dw 01080h,base+0058Eh
  dw 01080h,base+0059Eh
  dw 01180h,base+004E9h
  dw 0117Fh,base+004FAh
  dw 0127Fh,base+00480h
  dw 01380h,base+003D9h
  dw 0147Fh,base+0033Eh
  dw 01580h,base+002D6h
  dw 0157Fh,base+002EBh
  dw 01680h,base+00295h
  dw 0167Fh,base+002ABh
  dw 00E0Fh,base+0085Ch
  dw 00971h,base+01075h
  dw 00D0Fh,base+009D6h
  dw 00971h,base+0107Eh
  dw 00D0Fh,base+009E3h
  dw 00971h,base+01087h
  dw 00708h,base+01514h
  dw 00407h,base+01B84h
  dw 00405h,base+01075h
  dw 0046Bh,base+01B88h
  dw 00809h,base+01290h
  dw 00407h,base+014FBh
  dw 00405h,base+01075h
  dw 0046Bh,base+01B8Ch
  dw 00304h,base+01DA7h
  dw 00405h,base+01B90h
  dw 00407h,base+01B94h
  dw 00405h,base+01075h
  dw 0046Bh,base+0174Bh
  dw 00205h,base+00159h
  dw 00304h,base+01C11h
  dw 00407h,base+01B98h
  dw 00406h,base+01B9Ch
  dw 00569h,base+0193Bh
  dw 00307h,base+01DAAh
  dw 00203h,base+00162h
  dw 00407h,base+01BA0h
  dw 00406h,base+01BA4h
  dw 00569h,base+01940h
  dw 00207h,base+00202h
  dw 00103h,base+00004h
  dw 00407h,base+01BA8h
  dw 00406h,base+01BACh
  dw 00668h,base+0174Bh
  dw 0030Bh,base+01DADh
  dw 00407h,base+01BB0h
  dw 00407h,base+01BB4h
  dw 00567h,base+01945h
  dw 0020Bh,base+000DAh
  dw 00407h,base+01BB8h
  dw 00407h,base+01BBCh
  dw 00566h,base+0194Ah
  dw 0030Ch,base+01DB0h
  dw 00307h,base+01DB3h
  dw 00407h,base+01BBCh
  dw 00666h,base+01751h
  dw 0030Ch,base+01DB6h
  dw 00307h,base+01DB9h
  dw 00508h,base+0194Fh
  dw 00565h,base+01954h
  dw 0030Ch,base+01DBCh
  dw 00308h,base+01DBFh
  dw 00507h,base+01959h
  dw 00565h,base+0195Eh
  dw 0020Ch,base+00435h
  dw 00308h,base+01DC2h
  dw 00508h,base+01963h
  dw 00464h,base+01BC0h
  dw 0020Bh,base+000DBh
  dw 00409h,base+01BC4h
  dw 00509h,base+01968h
  dw 0046Eh,base+01BC8h
  dw 0040Ah,base+01BCCh
  dw 00509h,base+0196Dh
  dw 0036Ch,base+00CCAh
  dw 0050Bh,base+01972h
  dw 0070Ah,base+0151Bh
  dw 0046Bh,base+01BD0h
  dw 0040Ch,base+01BD4h
  dw 00609h,base+01757h
  dw 0046Ah,base+01BD8h
  dw 0050Fh,base+01977h
  dw 00408h,base+01BDCh
  dw 00369h,base+0136Eh
  dw 00410h,base+018D2h
  dw 00307h,base+00636h
  dw 00368h,base+01DA8h
  dw 00412h,base+01BE0h
  dw 00207h,base+0012Eh
  dw 00265h,base+00003h
  dw 00514h,base+0197Ch
  dw 00207h,base+0071Dh
  dw 00364h,base+00000h
  dw 00515h,base+01981h
  dw 00207h,base+00001h
  dw 00364h,base+010D8h
  dw 00516h,base+01986h
  dw 00107h,base+00002h
  dw 00263h,base+000A5h
  dw 00416h,base+01BE4h
  dw 00107h,base+00002h
  dw 00263h,base+000A5h
  dw 00416h,base+01BE8h
  dw 00107h,base+00025h
  dw 00263h,base+00E25h
  dw 00316h,base+01CC6h
  dw 00107h,base+00000h
  dw 00262h,base+00297h
  dw 00417h,base+01AD4h
  dw 00107h,base+00001h
  dw 00262h,base+00297h
  dw 00317h,base+01CC3h
  dw 00107h,base+00002h
  dw 00261h,base+00024h
  dw 00420h,base+01AD0h
  dw 00160h,base+00025h
  dw 00320h,base+00F76h
  dw 0015Fh,base+00002h
  dw 00480h,base+00C9Ah
  dw 0037Fh,base+00F76h
  dw 0047Fh,base+01ACCh
  dw 00481h,base+01453h
  dw 00380h,base+01CC0h
  dw 00281h,base+000B7h
  dw 00100h,base+0001Dh

VegaPage3frame008:
  db 038h,054h,054h,032h
  db 076h
  db 000h,000h,0CEh,000h,000h
  db 000h,000h
  db 000h,000h
  dw 0027Fh,base+00002h
  dw 00380h,base+00F92h
  dw 0037Fh,base+00E1Bh
  dw 00580h,base+0198Bh
  dw 00580h,base+01990h
  dw 00680h,base+0175Dh
  dw 00780h,base+01522h
  dw 00881h,base+01298h
  dw 00880h,base+012A0h
  dw 00880h,base+012A8h
  dw 00980h,base+01090h
  dw 00981h,base+01099h
  dw 00880h,base+012B0h
  dw 0097Fh,base+010A2h
  dw 00A7Fh,base+00EE5h
  dw 00B7Eh,base+00D6Fh
  dw 00E7Eh,base+0086Ah
  dw 01075h,base+005AEh
  dw 01B80h,base+00167h
  dw 01B80h,base+00182h
  dw 01B80h,base+0019Dh
  dw 01213h,base+00492h
  dw 0086Dh,base+012B8h
  dw 01114h,base+0050Bh
  dw 0086Ch,base+012C0h
  dw 0080Ch,base+012C8h
  dw 00408h,base+01BECh
  dw 00871h,base+012D0h
  dw 00310h,base+01DC5h
  dw 00771h,base+01529h
  dw 00110h,base+00022h
  dw 00681h,base+01763h
  dw 00580h,base+01995h
  dw 00580h,base+0199Ah
  dw 00580h,base+0199Fh
  dw 0057Fh,base+019A4h
  dw 00680h,base+01769h
  dw 00680h,base+0176Fh
  dw 00681h,base+01775h
  dw 0057Fh,base+019A9h
  dw 00680h,base+0177Bh
  dw 0067Fh,base+01781h
  dw 00780h,base+01530h
  dw 0077Fh,base+01537h
  dw 00880h,base+012D8h
  dw 0087Fh,base+012E0h
  dw 00880h,base+012E8h
  dw 00880h,base+012F0h
  dw 0087Fh,base+012F8h
  dw 00980h,base+010ABh
  dw 00A80h,base+00EEFh
  dw 00A80h,base+00EF9h
  dw 00A7Fh,base+00F03h
  dw 00B80h,base+00D7Ah
  dw 00B80h,base+00D85h
  dw 00B7Fh,base+00D90h
  dw 00C80h,base+00BA4h
  dw 00C80h,base+00BB0h
  dw 00C80h,base+00BBCh
  dw 00C80h,base+00BC8h
  dw 00C80h,base+00BD4h
  dw 00C80h,base+00BE0h
  dw 00C80h,base+00BECh
  dw 00B80h,base+00D9Bh
  dw 00A80h,base+00F0Dh
  dw 00405h,base+01BF0h
  dw 0047Bh,base+01BF4h
  dw 00405h,base+01BF8h
  dw 0047Ch,base+01BFCh
  dw 00305h,base+01DC8h
  dw 0037Bh,base+00D2Fh
  dw 00305h,base+01DCBh
  dw 0037Bh,base+0086Ch
  dw 00306h,base+01D0Eh
  dw 0027Bh,base+0018Bh
  dw 00205h,base+00A55h
  dw 0027Bh,base+00018h
  dw 00305h,base+00CCAh
  dw 0027Ch,base+00128h
  dw 00205h,base+00E23h
  dw 0027Bh,base+00033h
  dw 00205h,base+00116h
  dw 0037Bh,base+01DCEh
  dw 00205h,base+00908h
  dw 0037Bh,base+006F0h
  dw 00205h,base+0003Eh
  dw 0037Ch,base+01DD1h
  dw 00204h,base+0012Ch
  dw 0037Ch,base+00027h
  dw 00304h,base+01A0Ah
  dw 0037Ch,base+01048h
  dw 00305h,base+002ECh
  dw 0027Bh,base+00025h
  dw 00305h,base+019CCh
  dw 0027Bh,base+00002h
  dw 00305h,base+00F92h
  dw 0027Bh,base+00002h
  dw 00305h,base+00F92h
  dw 0017Bh,base+00025h
  dw 00205h,base+00A3Eh
  dw 0017Bh,base+00025h
  dw 00205h,base+00001h
  dw 0017Bh,base+00025h
  dw 00204h,base+00001h
  dw 0027Ch,base+00001h
  dw 00204h,base+00025h
  dw 0017Ch,base+00002h
  dw 00204h,base+00025h
  dw 0017Bh,base+00002h
  dw 00380h,base+00001h
  dw 00280h,base+00002h
  dw 00200h,base+00002h

VegaPage3frame009:
  db 04Eh,034h,06Ch,053h
  db 074h
  db 000h,000h,0ADh,000h,000h
  db 000h,000h
  db 000h,000h
  dw 00380h,base+00182h
  dw 00480h,base+0021Eh
  dw 00580h,base+019AEh
  dw 00680h,base+01787h
  dw 0077Fh,base+0153Eh
  dw 00980h,base+00F16h
  dw 00A80h,base+00F17h
  dw 00D80h,base+009F0h
  dw 00D80h,base+009FDh
  dw 00E81h,base+00878h
  dw 00E80h,base+00886h
  dw 00F80h,base+0075Ah
  dw 00F80h,base+00769h
  dw 0107Fh,base+005BEh
  dw 0117Fh,base+0051Ch
  dw 01380h,base+003ECh
  dw 0137Fh,base+003FFh
  dw 01480h,base+00352h
  dw 01580h,base+00300h
  dw 0157Fh,base+00315h
  dw 00B0Eh,base+00DA6h
  dw 00872h,base+01300h
  dw 00A0Fh,base+00F21h
  dw 00771h,base+01545h
  dw 00910h,base+010B4h
  dw 00670h,base+0178Dh
  dw 00910h,base+010BDh
  dw 00670h,base+01793h
  dw 00810h,base+01308h
  dw 00A70h,base+00F2Bh
  dw 00710h,base+0154Ch
  dw 00C70h,base+00BF8h
  dw 00710h,base+01553h
  dw 00C70h,base+00C04h
  dw 00810h,base+01310h
  dw 00D70h,base+00A0Ah
  dw 00810h,base+01318h
  dw 00D71h,base+00A17h
  dw 00203h,base+00039h
  dw 0040Ch,base+01C00h
  dw 00D71h,base+00A24h
  dw 00204h,base+00013h
  dw 0030Bh,base+01945h
  dw 00E71h,base+00894h
  dw 00204h,base+0018Bh
  dw 0030Bh,base+01DD4h
  dw 00E71h,base+008A2h
  dw 00205h,base+00116h
  dw 0030Bh,base+01D92h
  dw 00E70h,base+008B0h
  dw 00206h,base+00116h
  dw 0020Bh,base+00116h
  dw 00509h,base+019B3h
  dw 00466h,base+01C04h
  dw 00206h,base+00116h
  dw 0040Ch,base+01C08h
  dw 00409h,base+01C0Ch
  dw 00465h,base+01C10h
  dw 00207h,base+01957h
  dw 0030Ah,base+01DD7h
  dw 0060Bh,base+01799h
  dw 00464h,base+01C14h
  dw 00207h,base+00015h
  dw 00309h,base+01DDAh
  dw 0070Dh,base+0155Ah
  dw 00363h,base+01DDDh
  dw 00207h,base+003D9h
  dw 00307h,base+01DE0h
  dw 0090Fh,base+010C6h
  dw 00463h,base+011C0h
  dw 00307h,base+01DE3h
  dw 00307h,base+00E1Ah
  dw 00204h,base+0012Eh
  dw 0050Ch,base+019B8h
  dw 00362h,base+00EACh
  dw 00307h,base+01862h
  dw 00306h,base+01A45h
  dw 00105h,base+00002h
  dw 0050Ch,base+019BDh
  dw 00362h,base+0020Fh
  dw 00308h,base+00A3Eh
  dw 00205h,base+00002h
  dw 00105h,base+00025h
  dw 0050Ch,base+019C2h
  dw 00462h,base+01C18h
  dw 00308h,base+01592h
  dw 00204h,base+00002h
  dw 00206h,base+0071Dh
  dw 0050Ch,base+019C7h
  dw 00462h,base+01C1Ch
  dw 00308h,base+00001h
  dw 00204h,base+00002h
  dw 00106h,base+00002h
  dw 0050Dh,base+019CCh
  dw 00461h,base+01C20h
  dw 00208h,base+00002h
  dw 00204h,base+00002h
  dw 00107h,base+00025h
  dw 0040Dh,base+01C24h
  dw 00360h,base+015E1h
  dw 00208h,base+00002h
  dw 00203h,base+00025h
  dw 00208h,base+0071Dh
  dw 0030Dh,base+002EEh
  dw 00460h,base+01C28h
  dw 00208h,base+00025h
  dw 00203h,base+00025h
  dw 00109h,base+00001h
  dw 0020Dh,base+00427h
  dw 0035Eh,base+01817h
  dw 00209h,base+00001h
  dw 00419h,base+01C2Ch
  dw 0045Eh,base+015DFh
  dw 00209h,base+00025h
  dw 0031Ah,base+01DE6h
  dw 0035Dh,base+01817h
  dw 0020Ah,base+00002h
  dw 00119h,base+00002h
  dw 0045Dh,base+01818h
  dw 00124h,base+00002h
  dw 00280h,base+01825h
  dw 00381h,base+01DE9h
  dw 00100h,base+00044h

VegaPage3frame010:
  db 042h,07Dh,04Eh,009h
  db 05Eh
  db 000h,000h,0F7h,000h,000h
  db 000h,000h
  db 000h,000h
  dw 00280h,base+000DBh
  dw 00380h,base+01DECh
  dw 00380h,base+01DEFh
  dw 00380h,base+01DF2h
  dw 00380h,base+01DF2h
  dw 00380h,base+01DF2h
  dw 00380h,base+01DF2h
  dw 00380h,base+01DF2h
  dw 00380h,base+01DF2h
  dw 00380h,base+01DF2h
  dw 00380h,base+01DF2h
  dw 00380h,base+01DF2h
  dw 0037Fh,base+01DF2h
  dw 00480h,base+01C30h
  dw 00480h,base+01C34h
  dw 00481h,base+01C38h
  dw 00380h,base+01DF5h
  dw 00380h,base+00746h
  dw 00380h,base+00BEBh
  dw 00281h,base+01A4Eh
  dw 00180h,base+0009Bh
  dw 00180h,base+00014h
  dw 00180h,base+00014h
  dw 00180h,base+0001Eh
  dw 00180h,base+0001Dh
  dw 00180h,base+0001Dh
  dw 00180h,base+00014h
  dw 0017Fh,base+00014h
  dw 00280h,base+008BEh
  dw 00280h,base+0003Eh
  dw 00280h,base+0003Eh
  dw 00280h,base+00128h
  dw 00380h,base+0016Dh
  dw 00380h,base+011CCh
  dw 00380h,base+01DF8h
  dw 00380h,base+002F3h
  dw 00380h,base+011CCh
  dw 00380h,base+01344h
  dw 00380h,base+0192Eh
  dw 00380h,base+01DFBh
  dw 00380h,base+01DFEh
  dw 00380h,base+01E01h
  dw 00380h,base+01E04h
  dw 00380h,base+01E07h
  dw 00380h,base+01E0Ah
  dw 0037Dh,base+01E0Dh
  dw 00203h,base+00024h
  dw 0037Ch,base+01565h
  dw 00780h,base+01561h
  dw 0077Fh,base+01568h
  dw 00880h,base+01320h
  dw 0087Fh,base+01328h
  dw 00980h,base+010CFh
  dw 00980h,base+010D8h
  dw 00981h,base+010E1h
  dw 00880h,base+01330h
  dw 00980h,base+010EAh
  dw 00981h,base+010F3h
  dw 00880h,base+01338h
  dw 00880h,base+01340h
  dw 00880h,base+01348h
  dw 00881h,base+01350h
  dw 00780h,base+0156Fh
  dw 0077Fh,base+01576h
  dw 00980h,base+010FCh
  dw 00980h,base+01105h
  dw 0097Fh,base+0110Eh
  dw 00A80h,base+00F35h
  dw 00809h,base+01358h
  dw 00177h,base+00002h
  dw 00809h,base+01360h
  dw 00177h,base+00063h
  dw 00809h,base+01368h
  dw 00177h,base+00001h
  dw 00809h,base+01370h
  dw 00178h,base+00002h
  dw 00708h,base+0157Dh
  dw 00178h,base+00001h
  dw 00981h,base+01117h
  dw 00880h,base+01378h
  dw 00881h,base+01380h
  dw 00780h,base+01584h
  dw 00781h,base+0158Bh
  dw 00680h,base+0179Fh
  dw 0067Bh,base+017A5h
  dw 00105h,base+00002h
  dw 0067Bh,base+017ABh
  dw 00105h,base+00004h
  dw 00506h,base+019D1h
  dw 00175h,base+00002h
  dw 00304h,base+01E10h
  dw 0077Ch,base+01592h
  dw 00B80h,base+00DB1h
  dw 00B80h,base+00DBCh
  dw 00C81h,base+00C10h
  dw 00B80h,base+00DC7h
  dw 00B7Fh,base+00DD2h
  dw 00D7Fh,base+00A31h
  dw 00E80h,base+008BEh
  dw 00E7Fh,base+008CCh
  dw 01080h,base+005CEh
  dw 0090Bh,base+01120h
  dw 00575h,base+019D6h
  dw 0080Bh,base+01388h
  dw 00575h,base+019DBh
  dw 0070Bh,base+01599h
  dw 00575h,base+019E0h
  dw 0050Ch,base+019E5h
  dw 00574h,base+019EAh
  dw 0050Bh,base+019EFh
  dw 00675h,base+017B1h
  dw 0060Bh,base+017B7h
  dw 00675h,base+017BDh
  dw 0060Bh,base+017C3h
  dw 00676h,base+017C9h
  dw 0050Ah,base+019F4h
  dw 00677h,base+017CFh
  dw 00509h,base+019F9h
  dw 00677h,base+017D5h
  dw 00509h,base+019FEh
  dw 00778h,base+015A0h
  dw 00508h,base+01A03h
  dw 00779h,base+015A7h
  dw 00E81h,base+008DAh
  dw 01081h,base+005DEh
  dw 01081h,base+005EEh
  dw 00708h,base+015AEh
  dw 00779h,base+015B5h
  dw 00608h,base+017DBh
  dw 00878h,base+01390h
  dw 00608h,base+017E1h
  dw 00877h,base+01398h
  dw 00709h,base+015BCh
  dw 00978h,base+01129h
  dw 00609h,base+017E7h
  dw 00877h,base+013A0h
  dw 00204h,base+00000h
  dw 00107h,base+00000h
  dw 00775h,base+015C3h
  dw 0020Ch,base+003B0h
  dw 00709h,base+015CAh
  dw 0026Ah,base+00002h
  dw 0030Dh,base+00856h
  dw 00C73h,base+00C1Ch
  dw 0030Eh,base+0001Eh
  dw 00B71h,base+00DDDh
  dw 00412h,base+01C3Ch
  dw 0086Eh,base+013A8h
  dw 00314h,base+0184Dh
  dw 00681h,base+017EDh
  dw 00581h,base+01A08h
  dw 00480h,base+01C40h
  dw 00482h,base+01C44h
  dw 00280h,base+00000h
  dw 00280h,base+00A4Bh
  dw 00380h,base+0198Ch
  dw 00380h,base+01E13h
  dw 00380h,base+01E16h
  dw 00200h,base+00002h

VegaPage3frame011:
  db 032h,044h,066h,033h
  db 06Eh
  db 000h,000h,0CDh,000h,000h
  db 000h,000h
  db 000h,000h
  dw 00180h,base+00000h
  dw 00180h,base+00004h
  dw 00280h,base+0001Fh
  dw 0037Fh,base+00072h
  dw 00680h,base+017F3h
  dw 00680h,base+017F9h
  dw 00680h,base+017FFh
  dw 0067Fh,base+01805h
  dw 00780h,base+015D1h
  dw 00780h,base+015D8h
  dw 00680h,base+0180Bh
  dw 00580h,base+01A0Dh
  dw 0057Fh,base+01A12h
  dw 00580h,base+01A17h
  dw 00580h,base+01A1Ch
  dw 00480h,base+00991h
  dw 00480h,base+019A1h
  dw 00480h,base+019A1h
  dw 00305h,base+01E19h
  dw 0047Bh,base+0068Fh
  dw 00304h,base+00D8Dh
  dw 0067Ch,base+01811h
  dw 00B81h,base+00DE8h
  dw 00A80h,base+00F3Fh
  dw 00B80h,base+00DF3h
  dw 00B80h,base+00DFEh
  dw 00C80h,base+00C28h
  dw 00C80h,base+00C34h
  dw 00C80h,base+00C40h
  dw 00D80h,base+00A3Eh
  dw 00D80h,base+00A4Bh
  dw 00D80h,base+00A58h
  dw 00D80h,base+00A65h
  dw 00E80h,base+008E8h
  dw 00E80h,base+008F6h
  dw 00E7Fh,base+00904h
  dw 00F80h,base+00778h
  dw 00F80h,base+00787h
  dw 00F80h,base+00796h
  dw 01080h,base+005FEh
  dw 0107Fh,base+0060Eh
  dw 01180h,base+0052Dh
  dw 01280h,base+004A4h
  dw 01380h,base+00412h
  dw 01480h,base+00366h
  dw 00D0Eh,base+00A72h
  dw 00672h,base+01817h
  dw 00D0Eh,base+00A7Fh
  dw 00772h,base+015DFh
  dw 00C0Fh,base+00C4Ch
  dw 00671h,base+0181Dh
  dw 00C0Fh,base+00C58h
  dw 00671h,base+01823h
  dw 00C10h,base+00C64h
  dw 00570h,base+01A21h
  dw 00C10h,base+00C70h
  dw 00671h,base+01829h
  dw 00708h,base+015E6h
  dw 00308h,base+01E1Ch
  dw 00570h,base+01A26h
  dw 00709h,base+015EDh
  dw 00207h,base+00E25h
  dw 00670h,base+0182Fh
  dw 00713h,base+015F4h
  dw 0046Dh,base+01C48h
  dw 00713h,base+015FBh
  dw 0046Dh,base+01C4Ch
  dw 00614h,base+01835h
  dw 0036Dh,base+0129Ah
  dw 00614h,base+0183Bh
  dw 0026Ch,base+0012Eh
  dw 00613h,base+01841h
  dw 0046Eh,base+01C50h
  dw 00613h,base+01847h
  dw 0036Eh,base+01884h
  dw 00712h,base+01602h
  dw 0036Eh,base+00321h
  dw 00713h,base+01609h
  dw 0026Eh,base+000A5h
  dw 00712h,base+01610h
  dw 0026Fh,base+00024h
  dw 00709h,base+01617h
  dw 00108h,base+00000h
  dw 00270h,base+010D8h
  dw 00708h,base+0161Eh
  dw 00208h,base+000A8h
  dw 00270h,base+010D8h
  dw 00A10h,base+00F49h
  dw 00271h,base+00001h
  dw 00910h,base+01132h
  dw 00171h,base+00002h
  dw 00882h,base+013B0h
  dw 00683h,base+0184Dh
  dw 00381h,base+00823h
  dw 00100h,base+00002h

VegaPage3frame012:
  db 038h,04Eh,05Ah,037h
  db 076h
  db 000h,000h,0C9h,000h,000h
  db 000h,000h
  db 000h,000h
  dw 0037Dh,base+00182h
  dw 0067Fh,base+01853h
  dw 0077Fh,base+01625h
  dw 00880h,base+013B8h
  dw 0097Fh,base+0113Bh
  dw 00A80h,base+00F53h
  dw 00A7Fh,base+00F5Dh
  dw 00C7Dh,base+00C7Ch
  dw 00102h,base+00002h
  dw 00D7Eh,base+00A8Ch
  dw 00F7Fh,base+007A5h
  dw 0107Eh,base+0061Eh
  dw 0137Fh,base+00425h
  dw 00607h,base+01859h
  dw 00D79h,base+00A99h
  dw 00607h,base+0185Fh
  dw 00D7Ah,base+00AA6h
  dw 00506h,base+00EC5h
  dw 00D7Dh,base+00AB3h
  dw 00102h,base+00002h
  dw 00E80h,base+00912h
  dw 00405h,base+01C54h
  dw 0097Ah,base+01144h
  dw 00507h,base+01A2Bh
  dw 00879h,base+013C0h
  dw 00507h,base+01A30h
  dw 00979h,base+0114Dh
  dw 00408h,base+00F72h
  dw 00877h,base+013C8h
  dw 00409h,base+01C58h
  dw 00976h,base+01156h
  dw 0040Bh,base+01C5Ch
  dw 00875h,base+013D0h
  dw 0030Bh,base+01E1Fh
  dw 00875h,base+013D8h
  dw 0020Ch,base+01E3Ah
  dw 00874h,base+013E0h
  dw 0020Dh,base+01019h
  dw 00772h,base+0162Ch
  dw 0030Eh,base+00297h
  dw 00872h,base+013E8h
  dw 0030Eh,base+00B4Eh
  dw 00872h,base+013F0h
  dw 0030Fh,base+01D53h
  dw 00871h,base+013F8h
  dw 0030Fh,base+002D3h
  dw 00870h,base+01400h
  dw 00311h,base+00059h
  dw 0076Fh,base+01633h
  dw 00211h,base+00024h
  dw 0086Fh,base+01408h
  dw 0020Eh,base+0004Dh
  dw 00104h,base+00002h
  dw 0076Dh,base+0163Ah
  dw 0020Fh,base+0012Fh
  dw 00105h,base+00001h
  dw 0066Ch,base+01865h
  dw 0020Fh,base+00002h
  dw 00105h,base+00002h
  dw 00680h,base+0186Bh
  dw 0077Ch,base+01641h
  dw 00104h,base+00001h
  dw 0077Ch,base+01648h
  dw 00104h,base+00002h
  dw 00780h,base+0164Fh
  dw 00780h,base+01656h
  dw 0077Dh,base+0165Dh
  dw 00103h,base+00002h
  dw 0077Eh,base+01664h
  dw 00102h,base+00001h
  dw 0077Eh,base+0166Bh
  dw 00982h,base+0115Fh
  dw 00881h,base+01410h
  dw 00780h,base+01672h
  dw 00780h,base+01679h
  dw 00780h,base+01680h
  dw 00780h,base+01687h
  dw 00780h,base+0168Eh
  dw 00780h,base+01695h
  dw 00780h,base+0169Ch
  dw 00680h,base+01871h
  dw 00680h,base+01877h
  dw 00681h,base+01877h
  dw 00580h,base+01A35h
  dw 00580h,base+01A3Ah
  dw 00580h,base+01A3Fh
  dw 00203h,base+000F5h
  dw 0027Dh,base+003D1h
  dw 00203h,base+0001Dh
  dw 0037Dh,base+01E22h
  dw 00203h,base+00219h
  dw 0037Dh,base+01E25h
  dw 00203h,base+0001Ch
  dw 0037Dh,base+01B7Dh
  dw 00203h,base+0001Ch
  dw 0037Dh,base+01D0Eh
  dw 00203h,base+0001Ch
  dw 0037Dh,base+0086Ch
  dw 00203h,base+00015h
  dw 0037Dh,base+01E28h
  dw 00204h,base+0053Ch
  dw 0027Ch,base+00206h
  dw 00204h,base+0003Eh
  dw 0027Ch,base+00620h
  dw 00204h,base+0003Eh
  dw 0027Dh,base+00908h
  dw 00103h,base+00014h
  dw 0027Dh,base+0003Eh
  dw 00103h,base+0001Dh
  dw 0027Dh,base+00069h
  dw 00104h,base+00000h
  dw 0017Ch,base+0001Dh
  dw 00104h,base+00014h
  dw 0017Ch,base+00000h
  dw 00104h,base+00014h
  dw 00179h,base+00014h
  dw 00407h,base+0157Ah
  dw 00179h,base+000DFh
  dw 00407h,base+01C60h
  dw 00178h,base+00014h
  dw 00102h,base+00011h
  dw 00306h,base+01E2Bh
  dw 0017Ah,base+00000h
  dw 00205h,base+00232h
  dw 0027Eh,base+0025Eh
  dw 00480h,base+01C64h
  dw 00481h,base+01C68h
  dw 00300h,base+00B98h


