  dw dhalsimPage0frame000
  dw dhalsimPage0frame001
  dw dhalsimPage0frame002
  dw dhalsimPage0frame003
  dw dhalsimPage0frame004
  dw dhalsimPage0frame005
  dw dhalsimPage0frame006
  dw dhalsimPage0frame007
  dw dhalsimPage0frame008
  dw dhalsimPage0frame009
  dw dhalsimPage0frame010
  dw dhalsimPage0frame011
  dw dhalsimPage0frame012
  dw dhalsimPage0frame013
  dw dhalsimPage0frame014
  dw dhalsimPage0frame015
  dw dhalsimPage0frame016
  dw dhalsimPage0frame017
  dw dhalsimPage0frame018
  dw dhalsimPage0frame019
  dw dhalsimPage0frame020
  dw dhalsimPage0frame021
  dw dhalsimPage0frame022
  dw dhalsimPage0frame023
  dw dhalsimPage0frame024
  dw dhalsimPage0frame025

dhalsimPage0frame000:
  db 02Ah,055h,070h,02Fh
  db 07Eh
  db 06Eh,022h,037h,06Ch,022h
  db 000h,000h
  db 000h,000h
  dw 0037Fh,base+032C5h
  dw 00480h,base+01D38h
  dw 00480h,base+038B0h
  dw 00480h,base+038B4h
  dw 00480h,base+01114h
  dw 00680h,base+03167h
  dw 00780h,base+02E57h
  dw 0077Fh,base+02E5Eh
  dw 00304h,base+0009Dh
  dw 0047Ch,base+038B8h
  dw 00304h,base+0000Eh
  dw 0057Ch,base+034CDh
  dw 0097Fh,base+02737h
  dw 00A80h,base+022FFh
  dw 0097Fh,base+02740h
  dw 00B80h,base+01F8Fh
  dw 00B80h,base+01F9Ah
  dw 00A7Fh,base+02309h
  dw 00C80h,base+01CFBh
  dw 00C80h,base+01D07h
  dw 00C80h,base+01D13h
  dw 00C80h,base+01D1Fh
  dw 00C80h,base+01D2Bh
  dw 00C81h,base+01D37h
  dw 00B80h,base+01FA5h
  dw 00B81h,base+01FB0h
  dw 00A0Eh,base+02313h
  dw 00102h,base+00005h
  dw 00171h,base+00037h
  dw 0080Dh,base+02BB7h
  dw 00373h,base+0057Ah
  dw 0090Dh,base+02749h
  dw 00273h,base+00004h
  dw 0090Ch,base+02752h
  dw 00474h,base+038BCh
  dw 0090Bh,base+0275Bh
  dw 00475h,base+038C0h
  dw 00A0Bh,base+0231Dh
  dw 00574h,base+034D2h
  dw 01180h,base+00C7Fh
  dw 01080h,base+00F27h
  dw 01081h,base+00F37h
  dw 00E80h,base+014F1h
  dw 00607h,base+0316Dh
  dw 00779h,base+02E65h
  dw 00508h,base+034D7h
  dw 00678h,base+03173h
  dw 00508h,base+034DCh
  dw 00677h,base+03179h
  dw 0060Ah,base+0317Fh
  dw 00203h,base+00010h
  dw 00173h,base+00004h
  dw 0070Ah,base+02E6Ch
  dw 00276h,base+0000Fh
  dw 0077Fh,base+02E73h
  dw 00880h,base+02BBFh
  dw 00980h,base+02764h
  dw 00980h,base+0276Dh
  dw 00A80h,base+02327h
  dw 00A80h,base+02331h
  dw 00A80h,base+0233Bh
  dw 00A80h,base+02345h
  dw 00A80h,base+0234Fh
  dw 00A81h,base+02359h
  dw 00980h,base+02776h
  dw 00A80h,base+02363h
  dw 00A81h,base+0236Dh
  dw 00980h,base+0277Fh
  dw 00980h,base+02788h
  dw 00980h,base+02791h
  dw 00405h,base+038C4h
  dw 0057Bh,base+034E1h
  dw 00406h,base+038C8h
  dw 0047Bh,base+01CD0h
  dw 00305h,base+01C33h
  dw 0047Bh,base+018BFh
  dw 00305h,base+03C08h
  dw 0047Bh,base+038CCh
  dw 00980h,base+0279Ah
  dw 0087Fh,base+02BC7h
  dw 00980h,base+027A3h
  dw 0097Fh,base+027ACh
  dw 00980h,base+027B5h
  dw 00980h,base+027BEh
  dw 00506h,base+034E6h
  dw 0037Ah,base+002E4h
  dw 00406h,base+038D0h
  dw 00379h,base+00005h
  dw 00507h,base+034EBh
  dw 00379h,base+00004h
  dw 00407h,base+038D4h
  dw 00379h,base+00043h
  dw 00307h,base+01A98h
  dw 00379h,base+0234Bh
  dw 00307h,base+03C0Bh
  dw 00379h,base+00043h
  dw 00207h,base+01500h
  dw 00378h,base+0234Bh
  dw 00308h,base+03C0Eh
  dw 00278h,base+0000Fh
  dw 00208h,base+00FA9h
  dw 00278h,base+00351h
  dw 00208h,base+00396h
  dw 00277h,base+0000Fh
  dw 00309h,base+03C11h
  dw 00277h,base+0066Ah
  dw 00309h,base+0203Fh
  dw 00276h,base+0000Fh
  dw 0030Ah,base+0277Dh
  dw 00376h,base+00006h
  dw 0040Ah,base+038D8h
  dw 00476h,base+0055Bh
  dw 0040Ah,base+038DCh
  dw 00576h,base+034F0h
  dw 0050Ah,base+034F5h
  dw 00677h,base+03185h
  dw 00409h,base+038E0h
  dw 00677h,base+0318Bh
  dw 00509h,base+034FAh
  dw 00678h,base+03191h
  dw 00509h,base+034FFh
  dw 00104h,base+00004h
  dw 00173h,base+00004h
  dw 00400h,base+01B85h

dhalsimPage0frame001:
  db 026h,054h,070h,030h
  db 076h
  db 06Eh,022h,036h,06Ch,022h
  db 000h,000h
  db 000h,000h
  dw 00380h,base+032ADh
  dw 0037Fh,base+027BCh
  dw 00480h,base+0055Ah
  dw 00380h,base+005C3h
  dw 00380h,base+02096h
  dw 00408h,base+038E4h
  dw 00278h,base+00013h
  dw 00408h,base+021F0h
  dw 00378h,base+02E5Bh
  dw 00307h,base+020F0h
  dw 00478h,base+02E61h
  dw 00408h,base+03021h
  dw 00478h,base+038E8h
  dw 00408h,base+038ECh
  dw 00578h,base+034CDh
  dw 00408h,base+038F0h
  dw 00579h,base+0273Bh
  dw 00406h,base+038F4h
  dw 00679h,base+03197h
  dw 00507h,base+03504h
  dw 00579h,base+02744h
  dw 00D80h,base+01A23h
  dw 00D80h,base+01A30h
  dw 00C0Fh,base+01D43h
  dw 00170h,base+0000Ah
  dw 00E10h,base+014FFh
  dw 00170h,base+0000Ah
  dw 00E10h,base+0150Dh
  dw 00270h,base+00411h
  dw 00E10h,base+0151Bh
  dw 00370h,base+02933h
  dw 00E10h,base+01529h
  dw 00370h,base+00012h
  dw 00E10h,base+01537h
  dw 00270h,base+00FE1h
  dw 00E0Fh,base+01545h
  dw 00471h,base+038F8h
  dw 00E0Fh,base+01553h
  dw 00471h,base+038FCh
  dw 00405h,base+03900h
  dw 00E7Ch,base+01561h
  dw 00204h,base+0000Fh
  dw 00D80h,base+01A3Dh
  dw 00809h,base+02BCFh
  dw 00477h,base+01FAFh
  dw 00D80h,base+01A4Ah
  dw 00D80h,base+01A57h
  dw 00D80h,base+01A64h
  dw 00C7Fh,base+01D4Fh
  dw 00D80h,base+01A71h
  dw 00C80h,base+01D5Bh
  dw 00C81h,base+01D67h
  dw 00B80h,base+01FBBh
  dw 00607h,base+0316Dh
  dw 00479h,base+03904h
  dw 00508h,base+034D7h
  dw 00278h,base+00035h
  dw 00508h,base+034DCh
  dw 00277h,base+0000Fh
  dw 00680h,base+0317Fh
  dw 00780h,base+02E6Ch
  dw 0077Fh,base+02E73h
  dw 00880h,base+02BBFh
  dw 00980h,base+02764h
  dw 00980h,base+0276Dh
  dw 00A80h,base+02327h
  dw 00A80h,base+02331h
  dw 00A80h,base+0233Bh
  dw 00A80h,base+02345h
  dw 00A80h,base+02377h
  dw 00A81h,base+02359h
  dw 00980h,base+02776h
  dw 00A80h,base+02363h
  dw 00A81h,base+02381h
  dw 00980h,base+027C7h
  dw 00980h,base+02788h
  dw 00A80h,base+0238Bh
  dw 00405h,base+03908h
  dw 0057Ch,base+03509h
  dw 00405h,base+0177Bh
  dw 0047Bh,base+00482h
  dw 00405h,base+0390Ch
  dw 0047Bh,base+02A35h
  dw 00406h,base+03910h
  dw 0037Bh,base+00700h
  dw 00304h,base+03C14h
  dw 0047Ch,base+01105h
  dw 0087Fh,base+02BD7h
  dw 0087Fh,base+02BDFh
  dw 00980h,base+027D0h
  dw 0097Fh,base+027D9h
  dw 00A80h,base+02395h
  dw 00A80h,base+0239Fh
  dw 00406h,base+03914h
  dw 00379h,base+00EFBh
  dw 00507h,base+0350Eh
  dw 00379h,base+0049Dh
  dw 00407h,base+03918h
  dw 00379h,base+01A54h
  dw 00307h,base+02F69h
  dw 00379h,base+00C2Ah
  dw 00307h,base+03314h
  dw 00378h,base+01A54h
  dw 00308h,base+01A8Bh
  dw 00378h,base+0258Ch
  dw 00308h,base+01A98h
  dw 00278h,base+00031h
  dw 00208h,base+03CF5h
  dw 00277h,base+0066Ah
  dw 00309h,base+03C11h
  dw 00277h,base+0006Eh
  dw 00309h,base+0203Fh
  dw 00377h,base+00227h
  dw 00309h,base+00369h
  dw 00377h,base+00404h
  dw 00309h,base+013EEh
  dw 00477h,base+0391Ch
  dw 00309h,base+013A3h
  dw 00577h,base+03513h
  dw 00409h,base+03920h
  dw 00677h,base+0319Dh
  dw 00409h,base+03924h
  dw 00677h,base+031A3h
  dw 0050Ah,base+034FAh
  dw 00577h,base+00316h
  dw 0050Dh,base+034FFh
  dw 00173h,base+00004h
  dw 00400h,base+01B85h

dhalsimPage0frame002:
  db 02Ch,04Fh,072h,035h
  db 07Ch
  db 06Eh,022h,037h,06Ch,094h
  db 000h,000h
  db 000h,000h
  dw 0017Fh,base+00037h
  dw 00206h,base+00732h
  dw 0027Ah,base+0006Dh
  dw 00305h,base+03C17h
  dw 0037Bh,base+02ECBh
  dw 00305h,base+027BCh
  dw 0047Ah,base+02C7Bh
  dw 00406h,base+009E3h
  dw 0047Ah,base+028E3h
  dw 00305h,base+00325h
  dw 0057Bh,base+028EBh
  dw 00405h,base+006A4h
  dw 0057Bh,base+028F4h
  dw 00A80h,base+023A9h
  dw 00A80h,base+023B3h
  dw 00304h,base+03C1Ah
  dw 0067Ch,base+031A9h
  dw 00A0Fh,base+023BDh
  dw 00102h,base+00037h
  dw 0016Fh,base+00037h
  dw 00A0Fh,base+023C7h
  dw 00102h,base+00037h
  dw 0016Eh,base+00037h
  dw 00B11h,base+01FC6h
  dw 0036Fh,base+027BCh
  dw 00C11h,base+01D73h
  dw 0036Fh,base+00A6Bh
  dw 00C11h,base+01D7Fh
  dw 0026Fh,base+00012h
  dw 00C11h,base+01D8Bh
  dw 0026Eh,base+00ECAh
  dw 00D11h,base+01A7Eh
  dw 0046Fh,base+03928h
  dw 00D11h,base+01A8Bh
  dw 0046Fh,base+0392Ch
  dw 00D11h,base+01A98h
  dw 0046Fh,base+037B8h
  dw 00D10h,base+01AA5h
  dw 00470h,base+03930h
  dw 00D10h,base+01AB2h
  dw 00470h,base+03934h
  dw 00E0Fh,base+0156Fh
  dw 00571h,base+03518h
  dw 00204h,base+0032Eh
  dw 00A0Bh,base+023D1h
  dw 00571h,base+0351Dh
  dw 00204h,base+0000Fh
  dw 01080h,base+00F47h
  dw 0107Fh,base+00F57h
  dw 01080h,base+00F67h
  dw 00708h,base+02E7Ah
  dw 00878h,base+02BE7h
  dw 00708h,base+02E81h
  dw 00678h,base+031AFh
  dw 00709h,base+01ABFh
  dw 00477h,base+00728h
  dw 00709h,base+02E88h
  dw 00478h,base+00DF9h
  dw 00509h,base+03522h
  dw 00277h,base+0006Dh
  dw 00409h,base+03938h
  dw 00176h,base+00003h
  dw 00680h,base+031B5h
  dw 0067Fh,base+031BBh
  dw 00780h,base+02E8Fh
  dw 00780h,base+02E96h
  dw 00880h,base+02BEFh
  dw 00880h,base+02BF7h
  dw 00980h,base+027E2h
  dw 00980h,base+027EBh
  dw 00A80h,base+023DBh
  dw 00A80h,base+023E5h
  dw 00980h,base+027F4h
  dw 00980h,base+027FDh
  dw 00A80h,base+023EFh
  dw 00A80h,base+023F9h
  dw 00A81h,base+02403h
  dw 00A80h,base+0240Dh
  dw 00A80h,base+02417h
  dw 00A80h,base+02421h
  dw 00A81h,base+0242Bh
  dw 00405h,base+0393Ch
  dw 0057Bh,base+03527h
  dw 00406h,base+03940h
  dw 0047Ah,base+03944h
  dw 00406h,base+03948h
  dw 0047Bh,base+02A35h
  dw 00305h,base+01818h
  dw 0047Bh,base+001D6h
  dw 00304h,base+03619h
  dw 0057Bh,base+0352Ch
  dw 0097Fh,base+02806h
  dw 00A80h,base+02435h
  dw 00A7Fh,base+0243Fh
  dw 00A80h,base+02449h
  dw 00A80h,base+02453h
  dw 00506h,base+03531h
  dw 00479h,base+00DDCh
  dw 00507h,base+03536h
  dw 00479h,base+0173Ch
  dw 00407h,base+0394Ch
  dw 00379h,base+03C1Dh
  dw 00307h,base+03C20h
  dw 00379h,base+0173Ch
  dw 00308h,base+018F1h
  dw 00277h,base+01D71h
  dw 00309h,base+03C23h
  dw 00277h,base+0030Dh
  dw 00209h,base+03CF5h
  dw 00276h,base+0084Bh
  dw 0030Ah,base+03C11h
  dw 00276h,base+0030Dh
  dw 00309h,base+0027Bh
  dw 00377h,base+004C0h
  dw 00309h,base+01164h
  dw 00377h,base+0027Bh
  dw 00309h,base+00369h
  dw 00377h,base+00325h
  dw 00309h,base+013A3h
  dw 00477h,base+03950h
  dw 00309h,base+03C26h
  dw 00577h,base+0353Bh
  dw 00409h,base+03954h
  dw 00677h,base+031C1h
  dw 0040Ah,base+03958h
  dw 00577h,base+03540h
  dw 0040Ah,base+034FBh
  dw 00476h,base+00223h
  dw 0050Bh,base+034FFh
  dw 00102h,base+00004h
  dw 00173h,base+00004h
  dw 00400h,base+01B85h

dhalsimPage0frame003:
  db 032h,053h,066h,031h
  db 084h
  db 06Eh,022h,037h,06Fh,022h
  db 000h,000h
  db 000h,000h
  dw 0017Fh,base+00037h
  dw 0017Fh,base+00007h
  dw 00480h,base+036B8h
  dw 00380h,base+01D38h
  dw 00380h,base+00037h
  dw 00380h,base+00085h
  dw 00480h,base+0395Ch
  dw 00480h,base+03960h
  dw 00580h,base+03545h
  dw 0057Fh,base+0354Ah
  dw 00680h,base+031C7h
  dw 00680h,base+031CDh
  dw 00680h,base+031D3h
  dw 0067Eh,base+031D9h
  dw 0087Fh,base+02BFFh
  dw 00980h,base+0280Fh
  dw 00980h,base+02818h
  dw 00980h,base+02821h
  dw 00980h,base+0282Ah
  dw 00880h,base+02C07h
  dw 0090Ch,base+02833h
  dw 00174h,base+0000Ah
  dw 00980h,base+0283Ch
  dw 00980h,base+02845h
  dw 0090Ch,base+0284Eh
  dw 00274h,base+006A4h
  dw 0090Bh,base+02857h
  dw 00275h,base+0027Ch
  dw 0090Bh,base+02860h
  dw 00375h,base+03C29h
  dw 0090Ah,base+02869h
  dw 00477h,base+03964h
  dw 00709h,base+02E9Dh
  dw 00477h,base+03968h
  dw 00708h,base+02EA4h
  dw 00578h,base+0354Fh
  dw 00708h,base+02EABh
  dw 00478h,base+0396Ch
  dw 00B80h,base+01FD1h
  dw 00B7Fh,base+01FDCh
  dw 00C80h,base+01D97h
  dw 00C81h,base+01DA3h
  dw 00B80h,base+01FE7h
  dw 00A80h,base+0245Dh
  dw 00809h,base+02C0Fh
  dw 00176h,base+00004h
  dw 00980h,base+02872h
  dw 00880h,base+02C17h
  dw 0077Fh,base+02EB2h
  dw 00880h,base+02C1Fh
  dw 00880h,base+02C27h
  dw 00980h,base+0287Bh
  dw 00A80h,base+02467h
  dw 00A7Fh,base+02471h
  dw 00B80h,base+01FF2h
  dw 00B80h,base+01FFDh
  dw 00B80h,base+02008h
  dw 00C81h,base+01DAFh
  dw 00B80h,base+02013h
  dw 00B81h,base+0201Eh
  dw 00B80h,base+02029h
  dw 00306h,base+00000h
  dw 0057Ah,base+03554h
  dw 00307h,base+00000h
  dw 00479h,base+0244Fh
  dw 00307h,base+00000h
  dw 00579h,base+03559h
  dw 00308h,base+03C2Ch
  dw 00478h,base+024BCh
  dw 00309h,base+0325Eh
  dw 00377h,base+00135h
  dw 00309h,base+03C2Fh
  dw 00377h,base+007B0h
  dw 00309h,base+03C2Fh
  dw 00376h,base+03B2Ch
  dw 0040Ah,base+03970h
  dw 00375h,base+002DAh
  dw 0050Bh,base+0355Eh
  dw 00375h,base+00A33h
  dw 0050Bh,base+03563h
  dw 00374h,base+03C32h
  dw 0050Ch,base+03568h
  dw 00374h,base+02F4Dh
  dw 0050Ch,base+0356Dh
  dw 00373h,base+03C35h
  dw 0060Dh,base+031DFh
  dw 00373h,base+0069Eh
  dw 0060Dh,base+031E5h
  dw 00373h,base+002E4h
  dw 0050Dh,base+03572h
  dw 00372h,base+00438h
  dw 0050Eh,base+03536h
  dw 00372h,base+00212h
  dw 0040Eh,base+03974h
  dw 00370h,base+00212h
  dw 00511h,base+03577h
  dw 0026Eh,base+01D09h
  dw 00512h,base+0357Ch
  dw 0026Eh,base+0000Fh
  dw 00512h,base+03581h
  dw 0026Eh,base+00BCBh
  dw 00412h,base+03978h
  dw 0026Eh,base+0000Fh
  dw 00412h,base+0397Ch
  dw 0026Eh,base+0179Bh
  dw 00313h,base+0397Ch
  dw 0016Dh,base+00004h
  dw 00312h,base+032ADh
  dw 0026Eh,base+0312Bh
  dw 00312h,base+032ADh
  dw 0036Eh,base+001DFh
  dw 00312h,base+00974h
  dw 0046Dh,base+0055Bh
  dw 00313h,base+00ACCh
  dw 0056Dh,base+03586h
  dw 00313h,base+00A38h
  dw 0066Dh,base+031EBh
  dw 00413h,base+006E2h
  dw 0066Dh,base+031F1h
  dw 00514h,base+0358Bh
  dw 00103h,base+00004h
  dw 0016Ah,base+00004h
  dw 00300h,base+00498h

dhalsimPage0frame004:
  db 02Ah,056h,06Eh,02Eh
  db 07Eh
  db 06Dh,022h,037h,06Eh,022h
  db 000h,000h
  db 000h,000h
  dw 00280h,base+005A5h
  dw 00180h,base+00007h
  dw 00102h,base+00007h
  dw 0017Eh,base+00037h
  dw 0037Fh,base+00005h
  dw 00380h,base+0002Dh
  dw 00480h,base+0064Dh
  dw 00480h,base+03980h
  dw 00680h,base+031F7h
  dw 0067Fh,base+031FDh
  dw 00880h,base+02C2Fh
  dw 00880h,base+02C37h
  dw 00880h,base+02C3Fh
  dw 00880h,base+02C47h
  dw 00880h,base+02C4Fh
  dw 00880h,base+02C57h
  dw 0087Fh,base+02C5Fh
  dw 00980h,base+02884h
  dw 00980h,base+0288Dh
  dw 00980h,base+02896h
  dw 0097Fh,base+0289Fh
  dw 00B80h,base+02034h
  dw 00B80h,base+0203Fh
  dw 00B80h,base+0204Ah
  dw 00B80h,base+02055h
  dw 00B0Eh,base+02060h
  dw 00102h,base+00005h
  dw 00170h,base+00037h
  dw 00B0Eh,base+0206Bh
  dw 00372h,base+0057Ah
  dw 00B0Eh,base+02076h
  dw 00272h,base+00004h
  dw 00A0Dh,base+0247Bh
  dw 00473h,base+038BCh
  dw 00A0Ch,base+02485h
  dw 00475h,base+03984h
  dw 0090Bh,base+028A8h
  dw 00575h,base+034D2h
  dw 0090Ah,base+028B1h
  dw 00677h,base+03203h
  dw 00E7Fh,base+0157Dh
  dw 00F80h,base+011C7h
  dw 00E80h,base+0158Bh
  dw 00D80h,base+01ABFh
  dw 00D81h,base+01ACCh
  dw 00507h,base+03590h
  dw 00579h,base+03595h
  dw 00407h,base+03938h
  dw 00478h,base+0030Bh
  dw 00608h,base+03209h
  dw 00378h,base+0022Eh
  dw 00609h,base+0320Fh
  dw 00176h,base+00004h
  dw 00780h,base+02EB9h
  dw 00780h,base+02EC0h
  dw 00880h,base+02C67h
  dw 00880h,base+02C6Fh
  dw 00980h,base+028BAh
  dw 00980h,base+028C3h
  dw 00A80h,base+0248Fh
  dw 00A80h,base+02499h
  dw 00980h,base+028CCh
  dw 00980h,base+027FDh
  dw 00A80h,base+024A3h
  dw 00A81h,base+024ADh
  dw 00980h,base+028D5h
  dw 00A80h,base+024B7h
  dw 00A80h,base+024C1h
  dw 00406h,base+03988h
  dw 0047Bh,base+007C6h
  dw 00305h,base+0242Ch
  dw 0047Bh,base+00D9Ch
  dw 00306h,base+0242Ch
  dw 0047Ah,base+0020Dh
  dw 00306h,base+02AE4h
  dw 0047Ah,base+0398Ch
  dw 00407h,base+03990h
  dw 00379h,base+03C1Ah
  dw 00407h,base+03994h
  dw 0037Ah,base+021A4h
  dw 00306h,base+03C14h
  dw 0037Ah,base+00483h
  dw 00305h,base+03C38h
  dw 0047Ah,base+03998h
  dw 00406h,base+0201Eh
  dw 00479h,base+0399Ch
  dw 00507h,base+0359Ah
  dw 00378h,base+03C3Bh
  dw 00608h,base+03215h
  dw 00378h,base+03C3Eh
  dw 00608h,base+0321Bh
  dw 00377h,base+00484h
  dw 00609h,base+03221h
  dw 00377h,base+011C3h
  dw 00509h,base+0359Fh
  dw 00377h,base+004BBh
  dw 00409h,base+039A0h
  dw 00377h,base+00043h
  dw 00409h,base+039A4h
  dw 00376h,base+0234Bh
  dw 0040Ah,base+039A8h
  dw 00376h,base+00043h
  dw 0030Ah,base+0357Eh
  dw 00376h,base+0234Bh
  dw 0030Ah,base+005BBh
  dw 00275h,base+0000Fh
  dw 0030Bh,base+03C41h
  dw 00275h,base+00351h
  dw 0030Bh,base+03C44h
  dw 00274h,base+0000Fh
  dw 0030Ch,base+02ECFh
  dw 00274h,base+0066Ah
  dw 0030Ch,base+00405h
  dw 00274h,base+0000Fh
  dw 0030Ch,base+007F9h
  dw 00374h,base+00006h
  dw 0030Ch,base+00D5Ch
  dw 00474h,base+0055Bh
  dw 0030Ch,base+03C47h
  dw 00575h,base+034F0h
  dw 0030Bh,base+03C4Ah
  dw 00675h,base+03185h
  dw 0030Bh,base+0039Bh
  dw 00675h,base+0318Bh
  dw 0040Bh,base+011F5h
  dw 00675h,base+03191h
  dw 0040Ch,base+039ACh
  dw 00104h,base+00004h
  dw 00170h,base+00004h
  dw 00400h,base+016E0h

dhalsimPage0frame005:
  db 026h,057h,074h,02Dh
  db 07Ch
  db 06Ah,022h,036h,067h,022h
  db 000h,000h
  db 000h,000h
  dw 00180h,base+00007h
  dw 00280h,base+00107h
  dw 0027Fh,base+00006h
  dw 00480h,base+002E2h
  dw 00380h,base+00325h
  dw 00480h,base+036B9h
  dw 00405h,base+039B0h
  dw 0027Bh,base+0006Dh
  dw 00780h,base+02EC7h
  dw 0087Fh,base+02C77h
  dw 00980h,base+028DEh
  dw 00980h,base+028E7h
  dw 00980h,base+028F0h
  dw 00980h,base+028F9h
  dw 00980h,base+02902h
  dw 0097Fh,base+0290Bh
  dw 00A80h,base+024CBh
  dw 00A7Fh,base+024D5h
  dw 00B80h,base+02081h
  dw 00B80h,base+0208Ch
  dw 00B80h,base+02097h
  dw 00C80h,base+01DBBh
  dw 00C80h,base+01DC7h
  dw 00C80h,base+01DD3h
  dw 00C80h,base+01DDFh
  dw 00C10h,base+01DEBh
  dw 00171h,base+00037h
  dw 00B0Fh,base+020A2h
  dw 00372h,base+00014h
  dw 00A0Eh,base+024DFh
  dw 00372h,base+00019h
  dw 00A0Eh,base+024E9h
  dw 00272h,base+00012h
  dw 00A0Dh,base+024F3h
  dw 00473h,base+039B4h
  dw 00B0Dh,base+020ADh
  dw 00374h,base+000CEh
  dw 00A0Bh,base+024FDh
  dw 00474h,base+01572h
  dw 00B0Ch,base+020B8h
  dw 00474h,base+039B8h
  dw 00607h,base+03227h
  dw 00879h,base+02C7Fh
  dw 00608h,base+0322Dh
  dw 00778h,base+02ECEh
  dw 00708h,base+02ED5h
  dw 00779h,base+02EDCh
  dw 00507h,base+035A4h
  dw 00779h,base+02EE3h
  dw 00507h,base+035A9h
  dw 00778h,base+02EEAh
  dw 00609h,base+03233h
  dw 00577h,base+035AEh
  dw 00609h,base+03239h
  dw 00577h,base+01FC2h
  dw 00609h,base+0323Fh
  dw 00377h,base+0060Dh
  dw 0060Ah,base+03245h
  dw 00175h,base+00004h
  dw 00780h,base+02EF1h
  dw 00880h,base+02C87h
  dw 00880h,base+02C8Fh
  dw 00880h,base+02C97h
  dw 00880h,base+02C9Fh
  dw 00980h,base+02914h
  dw 00981h,base+0291Dh
  dw 00780h,base+02EF8h
  dw 00780h,base+02EFFh
  dw 00780h,base+02F06h
  dw 00780h,base+02F0Dh
  dw 00781h,base+02F14h
  dw 00681h,base+0324Bh
  dw 00580h,base+035B3h
  dw 00680h,base+03251h
  dw 00680h,base+03257h
  dw 00681h,base+0325Dh
  dw 00580h,base+035B8h
  dw 00581h,base+035BDh
  dw 0047Fh,base+039BCh
  dw 00580h,base+035C2h
  dw 0057Fh,base+035C7h
  dw 00680h,base+03263h
  dw 00680h,base+03269h
  dw 00580h,base+035CCh
  dw 00580h,base+035D1h
  dw 00580h,base+035D6h
  dw 00580h,base+035DBh
  dw 00480h,base+039C0h
  dw 00480h,base+039C4h
  dw 00480h,base+00F28h
  dw 00480h,base+01499h
  dw 0037Fh,base+03C4Dh
  dw 00480h,base+01900h
  dw 00480h,base+039C8h
  dw 00480h,base+01FC3h
  dw 00480h,base+039CCh
  dw 00480h,base+01499h
  dw 00480h,base+039D0h
  dw 00480h,base+003BCh
  dw 0057Fh,base+035E0h
  dw 00780h,base+02F1Bh
  dw 00980h,base+02926h
  dw 00980h,base+0292Fh
  dw 00980h,base+02938h
  dw 00500h,base+00E01h

dhalsimPage0frame006:
  db 028h,055h,074h,02Fh
  db 07Eh
  db 06Dh,022h,036h,06Bh,022h
  db 000h,000h
  db 000h,000h
  dw 00180h,base+00037h
  dw 00480h,base+0367Ch
  dw 0037Fh,base+02450h
  dw 00380h,base+00325h
  dw 00380h,base+0066Eh
  dw 00480h,base+03980h
  dw 00405h,base+039D4h
  dw 0027Ah,base+00013h
  dw 00506h,base+035E5h
  dw 0037Ah,base+02E5Bh
  dw 00405h,base+00F4Dh
  dw 0047Bh,base+02E61h
  dw 00305h,base+0271Bh
  dw 0047Bh,base+038E8h
  dw 00305h,base+035FBh
  dw 0057Bh,base+034CDh
  dw 00305h,base+02E69h
  dw 0057Ah,base+0273Bh
  dw 00405h,base+039D8h
  dw 0067Bh,base+03197h
  dw 00A7Fh,base+02507h
  dw 00C80h,base+01DF7h
  dw 00C7Fh,base+01E03h
  dw 00C80h,base+01E0Fh
  dw 00D80h,base+01AD9h
  dw 00D80h,base+01AE6h
  dw 00E80h,base+01599h
  dw 00E81h,base+015A7h
  dw 00D80h,base+01AF3h
  dw 00D82h,base+01B00h
  dw 00A0Eh,base+02511h
  dw 00172h,base+00037h
  dw 00A0Eh,base+0251Bh
  dw 00172h,base+00007h
  dw 00A0Dh,base+02525h
  dw 00173h,base+00005h
  dw 00A0Dh,base+0252Fh
  dw 00473h,base+015F0h
  dw 00B0Ch,base+020C3h
  dw 00475h,base+039DCh
  dw 00A0Bh,base+02539h
  dw 00575h,base+035EAh
  dw 00F80h,base+011D6h
  dw 00607h,base+0326Fh
  dw 00878h,base+02CA7h
  dw 00608h,base+03275h
  dw 00878h,base+02CAFh
  dw 00608h,base+018F1h
  dw 00779h,base+02F22h
  dw 00608h,base+0327Bh
  dw 00578h,base+035EFh
  dw 00508h,base+035F4h
  dw 00579h,base+035F9h
  dw 00407h,base+039E0h
  dw 00579h,base+035FEh
  dw 00407h,base+00682h
  dw 00578h,base+03603h
  dw 00509h,base+03608h
  dw 00477h,base+039E4h
  dw 00509h,base+0360Dh
  dw 00376h,base+0022Fh
  dw 0060Bh,base+03281h
  dw 00175h,base+00004h
  dw 00680h,base+03287h
  dw 00780h,base+02F29h
  dw 00780h,base+02F30h
  dw 00780h,base+02F37h
  dw 00780h,base+02F3Eh
  dw 00880h,base+02CB7h
  dw 00881h,base+02CBFh
  dw 00780h,base+02F45h
  dw 00680h,base+0328Dh
  dw 00680h,base+03293h
  dw 00102h,base+00004h
  dw 00480h,base+039E8h
  dw 00480h,base+0238Bh
  dw 00481h,base+03908h
  dw 00480h,base+039ECh
  dw 00480h,base+039F0h
  dw 00480h,base+039F4h
  dw 00481h,base+03257h
  dw 0047Fh,base+039F8h
  dw 00580h,base+028D4h
  dw 00580h,base+03612h
  dw 00580h,base+03617h
  dw 0057Fh,base+0361Ch
  dw 0067Fh,base+03299h
  dw 00680h,base+0329Fh
  dw 0067Fh,base+032A5h
  dw 00780h,base+02F4Ch
  dw 00780h,base+02F53h
  dw 00780h,base+02F5Ah
  dw 0077Fh,base+02F61h
  dw 00405h,base+015A3h
  dw 0037Bh,base+0112Bh
  dw 00405h,base+039FCh
  dw 0037Bh,base+03C50h
  dw 00305h,base+03C53h
  dw 0037Ah,base+0085Fh
  dw 00407h,base+03A00h
  dw 00278h,base+01EA4h
  dw 00408h,base+03A04h
  dw 00278h,base+00860h
  dw 00308h,base+01811h
  dw 00278h,base+00244h
  dw 00308h,base+008C6h
  dw 00278h,base+00860h
  dw 00308h,base+0033Eh
  dw 00278h,base+01ACCh
  dw 00308h,base+0012Eh
  dw 00279h,base+0000Fh
  dw 00207h,base+00039h
  dw 00379h,base+004BBh
  dw 00307h,base+00404h
  dw 00379h,base+0028Eh
  dw 00307h,base+00325h
  dw 00479h,base+03A08h
  dw 00407h,base+00816h
  dw 00579h,base+03621h
  dw 00407h,base+03A0Ch
  dw 0057Ah,base+03626h
  dw 00306h,base+00010h
  dw 00580h,base+0362Bh
  dw 00500h,base+00592h

dhalsimPage0frame007:
  db 02Eh,054h,068h,030h
  db 07Ah
  db 06Eh,022h,036h,06Ch,022h
  db 000h,000h
  db 000h,000h
  dw 0017Fh,base+00037h
  dw 0037Fh,base+002E2h
  dw 00480h,base+014AEh
  dw 00580h,base+03630h
  dw 00580h,base+03635h
  dw 00580h,base+0363Ah
  dw 00480h,base+03A10h
  dw 00407h,base+03A14h
  dw 00278h,base+0006Dh
  dw 00507h,base+0363Fh
  dw 00379h,base+02ECBh
  dw 00507h,base+03644h
  dw 00479h,base+02C7Bh
  dw 00407h,base+03A18h
  dw 00478h,base+028E3h
  dw 00508h,base+03649h
  dw 00478h,base+028ECh
  dw 00507h,base+0364Eh
  dw 00578h,base+028F4h
  dw 00708h,base+02F68h
  dw 00577h,base+023AEh
  dw 00E80h,base+015B5h
  dw 00E80h,base+015C3h
  dw 00E7Fh,base+015D1h
  dw 00F80h,base+011E5h
  dw 01080h,base+00F77h
  dw 01081h,base+00F87h
  dw 00F80h,base+011F4h
  dw 00F84h,base+01203h
  dw 00B80h,base+020CEh
  dw 00B0Dh,base+020D9h
  dw 00173h,base+00037h
  dw 00B0Dh,base+020E4h
  dw 00173h,base+00007h
  dw 00B0Eh,base+020EFh
  dw 00172h,base+00005h
  dw 00B0Ch,base+020FAh
  dw 00374h,base+00403h
  dw 00F81h,base+01212h
  dw 00E80h,base+015DFh
  dw 00E80h,base+015EDh
  dw 00708h,base+02F6Fh
  dw 00678h,base+032ABh
  dw 00608h,base+032B1h
  dw 00678h,base+032B7h
  dw 00608h,base+032BDh
  dw 00678h,base+032C3h
  dw 00608h,base+032C9h
  dw 00578h,base+03653h
  dw 00608h,base+032CFh
  dw 00579h,base+03658h
  dw 00407h,base+0108Bh
  dw 00578h,base+0365Dh
  dw 00508h,base+03662h
  dw 00578h,base+03667h
  dw 00608h,base+032D5h
  dw 00578h,base+0366Ch
  dw 00609h,base+032DBh
  dw 00376h,base+00A3Ch
  dw 0070Ah,base+02F76h
  dw 00376h,base+00212h
  dw 00780h,base+02F7Dh
  dw 00780h,base+02F84h
  dw 00780h,base+02F8Bh
  dw 00880h,base+02CC7h
  dw 00880h,base+02CCFh
  dw 00880h,base+02CD7h
  dw 00881h,base+02CDFh
  dw 00780h,base+02F92h
  dw 00780h,base+02F99h
  dw 00780h,base+02FA0h
  dw 00780h,base+02FA7h
  dw 00880h,base+02CE7h
  dw 00880h,base+02CEFh
  dw 00980h,base+02941h
  dw 00A81h,base+02543h
  dw 00980h,base+0294Ah
  dw 00304h,base+03C56h
  dw 0057Bh,base+03671h
  dw 00406h,base+03A1Ch
  dw 0047Ah,base+02BDFh
  dw 00407h,base+024AEh
  dw 00378h,base+03C38h
  dw 00508h,base+03676h
  dw 00377h,base+01212h
  dw 00509h,base+0367Bh
  dw 00377h,base+03C59h
  dw 00509h,base+03680h
  dw 00377h,base+03C5Ch
  dw 00509h,base+03685h
  dw 00376h,base+03C5Fh
  dw 0060Ah,base+032E1h
  dw 00376h,base+03C62h
  dw 0060Ah,base+032E7h
  dw 00476h,base+03A20h
  dw 0050Ah,base+0368Ah
  dw 00476h,base+03A24h
  dw 0040Ah,base+0028Dh
  dw 00475h,base+03A28h
  dw 0050Bh,base+0368Fh
  dw 00474h,base+03A2Ch
  dw 0040Dh,base+03A30h
  dw 00372h,base+005D4h
  dw 0040Eh,base+03A34h
  dw 00371h,base+03C65h
  dw 0040Fh,base+03A38h
  dw 00370h,base+0094Bh
  dw 00410h,base+03A3Ch
  dw 00370h,base+03C68h
  dw 00411h,base+03A40h
  dw 0026Fh,base+00003h
  dw 00311h,base+009E1h
  dw 0026Fh,base+02A6Ah
  dw 00311h,base+00AE6h
  dw 0036Fh,base+0022Fh
  dw 00311h,base+00AE6h
  dw 0036Fh,base+03C65h
  dw 00312h,base+002E2h
  dw 0026Eh,base+0000Fh
  dw 00312h,base+001E0h
  dw 0036Eh,base+00019h
  dw 00312h,base+00541h
  dw 0036Eh,base+02928h
  dw 00411h,base+03A44h
  dw 0046Fh,base+00993h
  dw 00511h,base+03694h
  dw 0056Fh,base+03699h
  dw 00511h,base+00AA2h
  dw 00670h,base+032EDh
  dw 00410h,base+00301h
  dw 00681h,base+032F3h
  dw 00500h,base+0369Eh

dhalsimPage0frame008:
  db 024h,038h,072h,04Ch
  db 08Ah
  db 071h,022h,01Fh,070h,022h
  db 000h,000h
  db 000h,000h
  dw 0027Fh,base+0006Dh
  dw 00380h,base+02ECBh
  dw 00480h,base+02C7Bh
  dw 00480h,base+03A48h
  dw 0047Ah,base+028ECh
  dw 00205h,base+0006Dh
  dw 0057Ah,base+036A3h
  dw 00306h,base+03C6Bh
  dw 0057Ah,base+036A8h
  dw 00406h,base+03A4Ch
  dw 0057Ah,base+015BEh
  dw 00405h,base+03A50h
  dw 0067Bh,base+031A9h
  dw 00B7Fh,base+02105h
  dw 00C80h,base+01E1Bh
  dw 00C80h,base+01E27h
  dw 00C7Fh,base+01E33h
  dw 00C80h,base+01E3Fh
  dw 00D80h,base+01B0Dh
  dw 00D7Fh,base+01B1Ah
  dw 00E80h,base+015FBh
  dw 00E7Fh,base+01609h
  dw 00F80h,base+01221h
  dw 01080h,base+00F97h
  dw 01081h,base+00FA7h
  dw 00F80h,base+01230h
  dw 00F81h,base+0123Fh
  dw 00F81h,base+0124Eh
  dw 00E81h,base+01617h
  dw 00D7Fh,base+01B27h
  dw 00E80h,base+01625h
  dw 00E80h,base+01633h
  dw 00E7Fh,base+01641h
  dw 00F80h,base+0125Dh
  dw 00E80h,base+0164Fh
  dw 00F80h,base+0126Ch
  dw 00F80h,base+0127Bh
  dw 01080h,base+00FB7h
  dw 01081h,base+00FC7h
  dw 00F80h,base+0128Ah
  dw 00F80h,base+01299h
  dw 00E80h,base+0165Dh
  dw 00E81h,base+0166Bh
  dw 00607h,base+032F9h
  dw 00579h,base+036ADh
  dw 00608h,base+032FFh
  dw 00479h,base+015B2h
  dw 00506h,base+036B2h
  dw 00476h,base+03A54h
  dw 00204h,base+00005h
  dw 0097Ch,base+02953h
  dw 00D80h,base+01B34h
  dw 00C80h,base+01E4Bh
  dw 00C80h,base+01E57h
  dw 00B80h,base+02110h
  dw 00B80h,base+0211Bh
  dw 00B80h,base+02126h
  dw 00304h,base+003DFh
  dw 0077Ch,base+02FAEh
  dw 00305h,base+00752h
  dw 0077Bh,base+02FB5h
  dw 00306h,base+00EB1h
  dw 0087Ah,base+02CF7h
  dw 00407h,base+03A58h
  dw 00779h,base+02FBCh
  dw 00508h,base+036B7h
  dw 00678h,base+03191h
  dw 00509h,base+036BCh
  dw 00104h,base+00004h
  dw 00174h,base+00004h
  dw 00300h,base+002B2h

dhalsimPage0frame009:
  db 020h,060h,072h,023h
  db 082h
  db 06Ch,022h,037h,069h,022h
  db 000h,000h
  db 000h,000h
  dw 0027Fh,base+03CAEh
  dw 00480h,base+03A5Ch
  dw 00480h,base+03A60h
  dw 00480h,base+03A64h
  dw 00480h,base+03A68h
  dw 0057Ah,base+036C1h
  dw 00205h,base+00035h
  dw 0067Ah,base+03305h
  dw 00406h,base+01E8Fh
  dw 0067Ah,base+0330Bh
  dw 00406h,base+03A6Ch
  dw 0077Ah,base+02FC3h
  dw 00E80h,base+01679h
  dw 00E80h,base+01687h
  dw 00E80h,base+01695h
  dw 00E80h,base+016A3h
  dw 00F80h,base+012A8h
  dw 00F80h,base+012B7h
  dw 01080h,base+00FD7h
  dw 01080h,base+00FE7h
  dw 01080h,base+00FF7h
  dw 01081h,base+01007h
  dw 00F80h,base+012C6h
  dw 0090Ah,base+0295Ch
  dw 00576h,base+036C6h
  dw 0090Bh,base+02965h
  dw 00475h,base+00269h
  dw 0080Dh,base+02CFFh
  dw 00273h,base+00012h
  dw 00880h,base+02D07h
  dw 00780h,base+02FCAh
  dw 00780h,base+02FD1h
  dw 00780h,base+02FD8h
  dw 00780h,base+02FDFh
  dw 00780h,base+02FE6h
  dw 00781h,base+02FEDh
  dw 00680h,base+03311h
  dw 00680h,base+03317h
  dw 00680h,base+0331Dh
  dw 00680h,base+03323h
  dw 0077Fh,base+02FF4h
  dw 00880h,base+02D0Fh
  dw 00980h,base+0296Eh
  dw 00A80h,base+0254Dh
  dw 00A80h,base+02557h
  dw 00A80h,base+02561h
  dw 00A80h,base+0256Bh
  dw 00A80h,base+02575h
  dw 00B80h,base+02131h
  dw 00C80h,base+01E63h
  dw 00C80h,base+01E6Fh
  dw 00D80h,base+01B41h
  dw 00D80h,base+01B4Eh
  dw 00D81h,base+01B5Bh
  dw 00405h,base+03A70h
  dw 00103h,base+00004h
  dw 00478h,base+00BADh
  dw 00407h,base+03A74h
  dw 00579h,base+036CBh
  dw 00407h,base+03A78h
  dw 00579h,base+036D0h
  dw 00407h,base+03A7Ch
  dw 00579h,base+036D5h
  dw 00406h,base+03A80h
  dw 0057Ah,base+036DAh
  dw 00406h,base+03A84h
  dw 0057Bh,base+036DFh
  dw 00205h,base+01081h
  dw 0047Bh,base+03A88h
  dw 00205h,base+00ACCh
  dw 0047Bh,base+03A8Ch
  dw 00205h,base+02F6Fh
  dw 0037Bh,base+0394Dh
  dw 00304h,base+012B8h
  dw 0047Ch,base+018F0h
  dw 00304h,base+000F2h
  dw 0037Ch,base+00F72h
  dw 00304h,base+001A9h
  dw 0037Ch,base+01E03h
  dw 00203h,base+00105h
  dw 0037Ch,base+02141h
  dw 00780h,base+02FFBh
  dw 00680h,base+03329h
  dw 00680h,base+0332Fh
  dw 00680h,base+03335h
  dw 00680h,base+0333Bh
  dw 00680h,base+03341h
  dw 00680h,base+03347h
  dw 00680h,base+0334Dh
  dw 00680h,base+03353h
  dw 00680h,base+03359h
  dw 00304h,base+03C6Eh
  dw 0027Ch,base+00484h
  dw 00204h,base+0022Ah
  dw 0027Ch,base+002CCh
  dw 00204h,base+00003h
  dw 0017Ch,base+0007Ch
  dw 00204h,base+00A3Fh
  dw 0017Ch,base+0000Ah
  dw 00204h,base+00003h
  dw 0017Ch,base+00005h
  dw 00204h,base+02157h
  dw 0017Ch,base+00016h
  dw 00204h,base+00003h
  dw 0017Ch,base+0000Ah
  dw 00204h,base+00244h
  dw 0017Bh,base+00005h
  dw 00380h,base+00042h
  dw 0037Fh,base+00215h
  dw 00480h,base+03A90h
  dw 00480h,base+03A94h
  dw 00480h,base+03A98h
  dw 00481h,base+03A9Ch
  dw 00380h,base+03C71h
  dw 00380h,base+03B59h
  dw 00380h,base+03C74h
  dw 00380h,base+03C74h
  dw 00380h,base+03C77h
  dw 00380h,base+018CEh
  dw 00380h,base+0063Fh
  dw 00380h,base+03C7Ah
  dw 00380h,base+03C7Dh
  dw 00381h,base+03C80h
  dw 00200h,base+00012h

dhalsimPage0frame010:
  db 022h,03Dh,070h,025h
  db 080h
  db 06Ch,022h,01Fh,06Bh,022h
  db 000h,000h
  db 000h,000h
  dw 00380h,base+03C83h
  dw 00380h,base+03C86h
  dw 00480h,base+03AA0h
  dw 00479h,base+03AA4h
  dw 00206h,base+00005h
  dw 0057Ah,base+036E4h
  dw 00206h,base+001E0h
  dw 00579h,base+036E9h
  dw 00406h,base+039F8h
  dw 0067Ah,base+0335Fh
  dw 00C80h,base+01E7Bh
  dw 00D80h,base+01B68h
  dw 00D80h,base+01B75h
  dw 00E80h,base+016B1h
  dw 00E80h,base+016BFh
  dw 00E80h,base+016CDh
  dw 00F81h,base+012D5h
  dw 00E80h,base+016DBh
  dw 00E80h,base+016E9h
  dw 00F80h,base+012E4h
  dw 00F80h,base+012F3h
  dw 00F80h,base+01302h
  dw 00F81h,base+01311h
  dw 00D80h,base+01B82h
  dw 00D80h,base+01B8Fh
  dw 0090Ah,base+02977h
  dw 00376h,base+004BBh
  dw 0090Bh,base+02980h
  dw 00175h,base+00004h
  dw 00880h,base+02D17h
  dw 00781h,base+03002h
  dw 0057Fh,base+036EEh
  dw 00780h,base+03009h
  dw 00780h,base+03010h
  dw 00781h,base+03017h
  dw 00580h,base+036F3h
  dw 0057Fh,base+036F8h
  dw 00680h,base+03365h
  dw 00980h,base+02989h
  dw 00D80h,base+01B9Ch
  dw 00E80h,base+016F7h
  dw 00E80h,base+01705h
  dw 00F80h,base+01320h
  dw 00F80h,base+0132Fh
  dw 00F80h,base+0133Eh
  dw 00F80h,base+0134Dh
  dw 00F80h,base+0135Ch
  dw 00E80h,base+01713h
  dw 00D81h,base+01BA9h
  dw 00C80h,base+01E87h
  dw 00B80h,base+0213Ch
  dw 00B81h,base+02147h
  dw 00980h,base+02992h
  dw 00880h,base+02D1Fh
  dw 0067Fh,base+0336Bh
  dw 00680h,base+03371h
  dw 00580h,base+023CAh
  dw 00580h,base+003BBh
  dw 0057Fh,base+036FDh
  dw 00680h,base+03377h
  dw 00680h,base+0337Dh
  dw 00580h,base+03702h
  dw 00581h,base+03707h
  dw 00481h,base+03AA8h
  dw 00381h,base+03C89h
  dw 00100h,base+00004h

dhalsimPage0frame011:
  db 050h,047h,072h,03Dh
  db 092h
  db 07Dh,044h,015h,076h,024h
  db 0BDh,051h
  db 09Fh,051h
  dw 0027Fh,base+0006Dh
  dw 00380h,base+02ECBh
  dw 00480h,base+02C7Bh
  dw 00480h,base+03A48h
  dw 0047Bh,base+028ECh
  dw 00204h,base+001E0h
  dw 0057Bh,base+0370Ch
  dw 00405h,base+02BE0h
  dw 0057Bh,base+023AEh
  dw 00A1Ah,base+0257Fh
  dw 00166h,base+00004h
  dw 00D1Ah,base+01BB6h
  dw 00203h,base+02AEEh
  dw 00263h,base+00006h
  dw 00E18h,base+01721h
  dw 00668h,base+03383h
  dw 01012h,base+01017h
  dw 00306h,base+00212h
  dw 00768h,base+0301Eh
  dw 01011h,base+01027h
  dw 00506h,base+03711h
  dw 00768h,base+03025h
  dw 01F80h,base+00376h
  dw 01E7Fh,base+003B4h
  dw 01E80h,base+003D2h
  dw 01D7Fh,base+0040Eh
  dw 01C80h,base+00482h
  dw 01314h,base+00AA3h
  dw 0086Ah,base+02D27h
  dw 0141Dh,base+009C7h
  dw 00163h,base+00005h
  dw 00F1Dh,base+0136Bh
  dw 00162h,base+00004h
  dw 01080h,base+01037h
  dw 01080h,base+01047h
  dw 00E0Fh,base+0172Fh
  dw 00171h,base+00004h
  dw 00D80h,base+01BC3h
  dw 00C81h,base+01E93h
  dw 00A80h,base+02589h
  dw 00304h,base+012CDh
  dw 0077Ch,base+0302Ch
  dw 00305h,base+004BBh
  dw 0067Ch,base+03389h
  dw 00103h,base+00004h
  dw 00680h,base+0338Fh
  dw 00680h,base+03395h
  dw 00680h,base+0339Bh
  dw 0067Fh,base+033A1h
  dw 00780h,base+03033h
  dw 00980h,base+0299Bh
  dw 00A80h,base+02593h
  dw 00A80h,base+0259Dh
  dw 00A80h,base+025A7h
  dw 00B80h,base+02152h
  dw 00C80h,base+01E9Fh
  dw 00D80h,base+01BD0h
  dw 00D80h,base+01BDDh
  dw 00E80h,base+0173Dh
  dw 00E80h,base+0174Bh
  dw 00E81h,base+01759h
  dw 00D80h,base+01BEAh
  dw 00508h,base+03716h
  dw 00478h,base+03AACh
  dw 00409h,base+03AB0h
  dw 00377h,base+002DAh
  dw 00408h,base+039ECh
  dw 00478h,base+03AB4h
  dw 00308h,base+03AD4h
  dw 00478h,base+03AB8h
  dw 00308h,base+03C8Ch
  dw 00377h,base+03C8Fh
  dw 00409h,base+03ABCh
  dw 00376h,base+03725h
  dw 0050Ah,base+0371Bh
  dw 00376h,base+02027h
  dw 0050Ah,base+03720h
  dw 00375h,base+002E4h
  dw 0060Bh,base+033A7h
  dw 00375h,base+001B5h
  dw 0070Bh,base+0303Ah
  dw 00374h,base+000FAh
  dw 0080Ch,base+02D2Fh
  dw 00373h,base+03C92h
  dw 0090Dh,base+029A4h
  dw 00370h,base+0022Fh
  dw 00B10h,base+0215Dh
  dw 00370h,base+03C95h
  dw 00B11h,base+02168h
  dw 0026Fh,base+00003h
  dw 00911h,base+029ADh
  dw 0026Fh,base+0133Eh
  dw 00711h,base+03041h
  dw 0026Fh,base+00003h
  dw 00411h,base+03AC0h
  dw 0026Fh,base+005BBh
  dw 00311h,base+024E0h
  dw 0026Fh,base+0000Fh
  dw 00311h,base+024E0h
  dw 0036Fh,base+002E2h
  dw 00311h,base+03330h
  dw 0046Fh,base+0055Bh
  dw 00311h,base+00D7Ah
  dw 0056Fh,base+03725h
  dw 00411h,base+03AC4h
  dw 0066Fh,base+033ADh
  dw 00511h,base+0372Ah
  dw 0076Fh,base+03048h
  dw 00511h,base+0372Fh
  dw 0076Fh,base+0304Fh
  dw 00511h,base+03734h
  dw 00204h,base+0000Fh
  dw 0016Ch,base+00004h
  dw 00400h,base+00261h

dhalsimPage0frame012:
  db 054h,029h,078h,05Bh
  db 088h
  db 084h,048h,01Bh,072h,030h
  db 0B6h,074h
  db 09Ch,075h
  dw 00480h,base+03AC8h
  dw 00412h,base+03ACCh
  dw 0030Dh,base+00212h
  dw 00161h,base+00005h
  dw 0050Eh,base+03739h
  dw 00304h,base+0009Fh
  dw 00406h,base+01824h
  dw 00304h,base+00212h
  dw 00463h,base+03AD0h
  dw 0080Eh,base+02D37h
  dw 01472h,base+009DBh
  dw 0080Eh,base+02D3Fh
  dw 01472h,base+009EFh
  dw 0080Ch,base+02D47h
  dw 01674h,base+00819h
  dw 0080Bh,base+02D4Fh
  dw 01775h,base+00636h
  dw 0080Bh,base+02D57h
  dw 01775h,base+0064Dh
  dw 0090Ah,base+029B6h
  dw 01876h,base+005BEh
  dw 02280h,base+002D0h
  dw 01719h,base+00664h
  dw 00204h,base+0000Fh
  dw 00463h,base+01771h
  dw 0161Eh,base+0082Fh
  dw 00162h,base+00004h
  dw 01680h,base+00845h
  dw 0167Fh,base+0085Bh
  dw 01780h,base+0067Bh
  dw 01780h,base+00692h
  dw 01822h,base+005D6h
  dw 0015Fh,base+00004h
  dw 01819h,base+005EEh
  dw 00305h,base+00212h
  dw 00463h,base+004EFh
  dw 02280h,base+002F2h
  dw 00405h,base+0342Dh
  dw 01D7Bh,base+0042Bh
  dw 00405h,base+03AD4h
  dw 01D7Bh,base+00448h
  dw 00406h,base+03AD8h
  dw 01C7Ah,base+0049Eh
  dw 00306h,base+02AE4h
  dw 01C78h,base+004BAh
  dw 00509h,base+0373Eh
  dw 01B77h,base+004D6h
  dw 00509h,base+03743h
  dw 00305h,base+03C98h
  dw 00F11h,base+0137Ah
  dw 0045Ch,base+03ADCh
  dw 00104h,base+00005h
  dw 0060Ah,base+033B3h
  dw 00308h,base+01097h
  dw 00305h,base+001B5h
  dw 00209h,base+0000Fh
  dw 0025Ch,base+00155h
  dw 00A0Eh,base+025B1h
  dw 0030Ah,base+03C9Bh
  dw 0010Ch,base+00004h
  dw 0015Ch,base+00004h
  dw 00A0Eh,base+025BBh
  dw 00272h,base+008EAh
  dw 00A0Eh,base+025C5h
  dw 00272h,base+00A3Fh
  dw 00A0Eh,base+025CFh
  dw 00272h,base+00003h
  dw 00A0Eh,base+025D9h
  dw 00272h,base+02157h
  dw 00A0Eh,base+025E3h
  dw 00272h,base+0000Fh
  dw 00208h,base+00070h
  dw 00106h,base+00005h
  dw 00271h,base+00037h
  dw 0030Fh,base+03C9Eh
  dw 00271h,base+00015h
  dw 0030Fh,base+01312h
  dw 00371h,base+00404h
  dw 0030Fh,base+0091Fh
  dw 00371h,base+0028Eh
  dw 0030Eh,base+004F6h
  dw 00572h,base+03748h
  dw 0030Eh,base+0024Bh
  dw 00772h,base+03056h
  dw 0030Eh,base+0106Dh
  dw 00772h,base+0305Dh
  dw 0040Fh,base+03AE0h
  dw 00103h,base+00004h
  dw 00102h,base+00004h
  dw 0016Ch,base+00004h
  dw 00400h,base+016C3h

dhalsimPage0frame013:
  db 080h,029h,078h,05Bh
  db 088h
  db 085h,07Ah,01Bh,073h,030h
  db 0F5h,075h
  db 0D7h,075h
  dw 00480h,base+03AC8h
  dw 00412h,base+03ACCh
  dw 00321h,base+00214h
  dw 00102h,base+00004h
  dw 0014Bh,base+00005h
  dw 0050Eh,base+03739h
  dw 00304h,base+0009Fh
  dw 0031Ch,base+000FAh
  dw 00305h,base+00212h
  dw 0044Ch,base+00DCEh
  dw 0080Eh,base+02D37h
  dw 0091Fh,base+029BFh
  dw 00B53h,base+02173h
  dw 0080Eh,base+02D3Fh
  dw 02B72h,base+001E2h
  dw 0080Ch,base+02D47h
  dw 02D74h,base+00188h
  dw 0080Bh,base+02D4Fh
  dw 02E75h,base+000D0h
  dw 0080Bh,base+02D57h
  dw 0111Ch,base+00C90h
  dw 01259h,base+00B3Bh
  dw 0090Ah,base+029B6h
  dw 00D24h,base+01BF7h
  dw 00B52h,base+0217Eh
  dw 0172Fh,base+006A9h
  dw 00951h,base+029C8h
  dw 01730h,base+006C0h
  dw 00204h,base+0000Fh
  dw 0034Ch,base+01056h
  dw 01734h,base+006D7h
  dw 0014Ch,base+00004h
  dw 01680h,base+00871h
  dw 0167Fh,base+00887h
  dw 01780h,base+006EEh
  dw 01780h,base+00705h
  dw 01636h,base+005D6h
  dw 00102h,base+00004h
  dw 00149h,base+00004h
  dw 0162Fh,base+005EEh
  dw 00406h,base+00543h
  dw 0044Ch,base+023CCh
  dw 03880h,base+00000h
  dw 00405h,base+0342Dh
  dw 0337Bh,base+00038h
  dw 00405h,base+03AD4h
  dw 0337Bh,base+0006Bh
  dw 00406h,base+03AD8h
  dw 0327Ah,base+0009Eh
  dw 00306h,base+02AE4h
  dw 01520h,base+008F5h
  dw 01258h,base+00B4Dh
  dw 00509h,base+0373Eh
  dw 00E26h,base+01767h
  dw 00B51h,base+02189h
  dw 00509h,base+03743h
  dw 00305h,base+03C98h
  dw 00723h,base+0137Ah
  dw 00304h,base+00043h
  dw 00546h,base+0374Dh
  dw 00104h,base+00005h
  dw 0060Ah,base+033B3h
  dw 00308h,base+01097h
  dw 00324h,base+001B5h
  dw 00246h,base+00DCCh
  dw 00A0Eh,base+025B1h
  dw 0030Ah,base+03C9Bh
  dw 00123h,base+00004h
  dw 00145h,base+00004h
  dw 00A0Eh,base+025BBh
  dw 00272h,base+008EAh
  dw 00A0Eh,base+025C5h
  dw 00272h,base+00A3Fh
  dw 00A0Eh,base+025CFh
  dw 00272h,base+00003h
  dw 00A0Eh,base+025D9h
  dw 00272h,base+02157h
  dw 00A0Eh,base+025E3h
  dw 00272h,base+0000Fh
  dw 00208h,base+00070h
  dw 00106h,base+00005h
  dw 00271h,base+00037h
  dw 0030Fh,base+03C9Eh
  dw 00271h,base+00015h
  dw 0030Fh,base+01312h
  dw 00371h,base+00404h
  dw 0030Fh,base+0091Fh
  dw 00371h,base+0028Eh
  dw 0030Eh,base+004F6h
  dw 00572h,base+03748h
  dw 0030Eh,base+0024Bh
  dw 00772h,base+03056h
  dw 0030Eh,base+0106Dh
  dw 00772h,base+0305Dh
  dw 0040Fh,base+03AE0h
  dw 00103h,base+00004h
  dw 00102h,base+00004h
  dw 0016Ch,base+00004h
  dw 00400h,base+016C3h

dhalsimPage0frame014:
  db 046h,036h,072h,04Eh
  db 090h
  db 079h,03Eh,010h,072h,024h
  db 0B7h,057h
  db 09Eh,051h
  dw 00280h,base+00013h
  dw 00311h,base+02E5Bh
  dw 0026Eh,base+00005h
  dw 0040Fh,base+02E61h
  dw 00102h,base+00004h
  dw 0036Fh,base+0076Ch
  dw 0040Ah,base+038B8h
  dw 00A76h,base+025EDh
  dw 00709h,base+03064h
  dw 00C75h,base+01EABh
  dw 0177Eh,base+0071Ch
  dw 0197Fh,base+0055Ah
  dw 01A80h,base+0050Ch
  dw 0197Fh,base+00573h
  dw 01A80h,base+00526h
  dw 0177Fh,base+00733h
  dw 01416h,base+00A03h
  dw 0016Ah,base+0000Dh
  dw 00F16h,base+01389h
  dw 0016Ah,base+00004h
  dw 00D7Fh,base+01C04h
  dw 00E80h,base+01775h
  dw 00E80h,base+01783h
  dw 00E80h,base+01791h
  dw 00E7Eh,base+0179Fh
  dw 0107Fh,base+01057h
  dw 01080h,base+01067h
  dw 01080h,base+01077h
  dw 00F81h,base+01398h
  dw 00E80h,base+017ADh
  dw 0090Ah,base+029D1h
  dw 00476h,base+03AE4h
  dw 0080Ah,base+02D5Fh
  dw 00476h,base+03AE8h
  dw 0070Ah,base+0306Bh
  dw 00476h,base+03AECh
  dw 0070Ah,base+03072h
  dw 00476h,base+03AF0h
  dw 0090Bh,base+029DAh
  dw 00274h,base+00DF6h
  dw 00E80h,base+017BBh
  dw 00E80h,base+017C9h
  dw 00F80h,base+013A7h
  dw 01080h,base+01087h
  dw 01180h,base+00CA1h
  dw 01180h,base+00CB2h
  dw 01180h,base+00CC3h
  dw 01181h,base+00CD4h
  dw 01080h,base+01097h
  dw 0107Eh,base+010A7h
  dw 00102h,base+00005h
  dw 00F7Dh,base+013B6h
  dw 01180h,base+00CE5h
  dw 01080h,base+010B7h
  dw 00F80h,base+013C5h
  dw 00E80h,base+017D7h
  dw 00C80h,base+01EB7h
  dw 00B80h,base+02194h
  dw 00B80h,base+0219Fh
  dw 00B7Fh,base+021AAh
  dw 00405h,base+03AF4h
  dw 0077Bh,base+03079h
  dw 00306h,base+01D2Fh
  dw 0077Ah,base+03080h
  dw 00306h,base+02B3Eh
  dw 0097Ah,base+029E3h
  dw 00507h,base+03752h
  dw 00879h,base+02D67h
  dw 00507h,base+03757h
  dw 0087Ah,base+02D6Fh
  dw 00407h,base+03AF8h
  dw 00579h,base+0375Ch
  dw 00409h,base+0032Fh
  dw 00200h,base+00005h

dhalsimPage0frame015:
  db 04Ch,01Eh,074h,066h
  db 07Eh
  db 079h,046h,010h,073h,030h
  db 0BAh,075h
  db 09Fh,067h
  dw 0047Fh,base+03AFCh
  dw 00580h,base+03761h
  dw 00612h,base+033B9h
  dw 0036Eh,base+00212h
  dw 00810h,base+02D77h
  dw 0056Fh,base+0235Bh
  dw 00910h,base+029ECh
  dw 00770h,base+03087h
  dw 00910h,base+029F5h
  dw 00709h,base+0308Eh
  dw 00167h,base+00005h
  dw 0090Dh,base+029FEh
  dw 00102h,base+00004h
  dw 01371h,base+00AB6h
  dw 0090Dh,base+02A07h
  dw 01673h,base+0089Dh
  dw 0090Ch,base+02A10h
  dw 01774h,base+0074Ah
  dw 0090Ch,base+02A19h
  dw 01774h,base+00761h
  dw 0090Ch,base+02A22h
  dw 01775h,base+00778h
  dw 0080Bh,base+02D7Fh
  dw 01775h,base+0078Fh
  dw 0090Bh,base+02A2Bh
  dw 01011h,base+010C7h
  dw 00664h,base+033BFh
  dw 0090Bh,base+02A34h
  dw 00E11h,base+017E5h
  dw 00204h,base+01056h
  dw 0015Dh,base+00008h
  dw 00103h,base+00005h
  dw 01516h,base+0090Ah
  dw 00206h,base+0000Fh
  dw 00161h,base+00003h
  dw 00203h,base+00018h
  dw 01214h,base+00B5Fh
  dw 00108h,base+00004h
  dw 00161h,base+00004h
  dw 01580h,base+0091Fh
  dw 01580h,base+00934h
  dw 01580h,base+00949h
  dw 01580h,base+0095Eh
  dw 01680h,base+008B3h
  dw 0177Fh,base+007A6h
  dw 00304h,base+007B1h
  dw 0147Ch,base+00A17h
  dw 00304h,base+00C4Dh
  dw 0147Ch,base+00A2Bh
  dw 00305h,base+03C9Eh
  dw 00F10h,base+013D4h
  dw 0036Bh,base+03CA1h
  dw 00306h,base+03AC0h
  dw 00D10h,base+01C11h
  dw 0026Ah,base+01A33h
  dw 00306h,base+03CA4h
  dw 0090Ah,base+02A3Dh
  dw 00206h,base+00010h
  dw 0026Ah,base+00ADEh
  dw 00407h,base+03B00h
  dw 00810h,base+02D87h
  dw 00169h,base+00008h
  dw 00508h,base+03766h
  dw 00579h,base+0376Bh
  dw 00308h,base+00212h
  dw 00200h,base+00005h

dhalsimPage0frame016:
  db 07Ah,01Eh,074h,066h
  db 07Eh
  db 07Ah,074h,010h,074h,030h
  db 0E9h,076h
  db 0D1h,077h
  dw 0047Fh,base+03AFCh
  dw 00580h,base+03761h
  dw 00612h,base+033B9h
  dw 0036Eh,base+00212h
  dw 00810h,base+02D77h
  dw 0056Fh,base+0235Bh
  dw 00910h,base+029ECh
  dw 00770h,base+03087h
  dw 00910h,base+029F5h
  dw 00726h,base+03095h
  dw 0014Ah,base+00004h
  dw 0090Dh,base+029FEh
  dw 00102h,base+00004h
  dw 00922h,base+02A46h
  dw 0094Fh,base+02A4Fh
  dw 0090Dh,base+02A07h
  dw 02D73h,base+001B5h
  dw 0090Ch,base+02A10h
  dw 02E74h,base+000FEh
  dw 0090Ch,base+02A19h
  dw 02E74h,base+0012Ch
  dw 0090Ch,base+02A22h
  dw 02E75h,base+0015Ah
  dw 0080Bh,base+02D7Fh
  dw 0171Ch,base+007BDh
  dw 01259h,base+00B71h
  dw 0090Bh,base+02A2Bh
  dw 00D24h,base+01C1Eh
  dw 00405h,base+0067Eh
  dw 0054Ch,base+03770h
  dw 0090Bh,base+02A34h
  dw 00B28h,base+017E5h
  dw 00205h,base+00033h
  dw 00145h,base+00005h
  dw 00103h,base+00005h
  dw 01533h,base+0090Ah
  dw 0024Ah,base+0022Fh
  dw 00203h,base+00018h
  dw 01214h,base+00B5Fh
  dw 00169h,base+00004h
  dw 01580h,base+0091Fh
  dw 01580h,base+00934h
  dw 01580h,base+00949h
  dw 01580h,base+0095Eh
  dw 01680h,base+008B3h
  dw 0177Fh,base+007A6h
  dw 00304h,base+007B1h
  dw 0147Ch,base+00A17h
  dw 00304h,base+00C4Dh
  dw 0147Ch,base+00A2Bh
  dw 00305h,base+03C9Eh
  dw 00F10h,base+013D4h
  dw 0036Bh,base+03CA1h
  dw 00306h,base+03AC0h
  dw 00D10h,base+01C11h
  dw 0026Ah,base+01A33h
  dw 00306h,base+03CA4h
  dw 0090Ah,base+02A3Dh
  dw 00206h,base+00010h
  dw 0026Ah,base+00ADEh
  dw 00407h,base+03B00h
  dw 00810h,base+02D87h
  dw 00169h,base+00008h
  dw 00508h,base+03766h
  dw 00579h,base+0376Bh
  dw 00308h,base+00212h
  dw 00200h,base+00005h

dhalsimPage0frame017:
  db 048h,052h,076h,032h
  db 08Ch
  db 07Ah,044h,019h,073h,024h
  db 0BBh,044h
  db 09Fh,04Eh
  dw 0067Fh,base+033C5h
  dw 0077Fh,base+0309Ch
  dw 0097Fh,base+02A58h
  dw 00A80h,base+025F7h
  dw 00A1Bh,base+02601h
  dw 00164h,base+00003h
  dw 00C1Bh,base+01EC3h
  dw 00265h,base+00454h
  dw 00E1Bh,base+017F3h
  dw 00264h,base+0066Fh
  dw 0101Bh,base+010D7h
  dw 00365h,base+038D5h
  dw 0111Bh,base+00CF6h
  dw 00264h,base+0022Bh
  dw 0121Bh,base+00B83h
  dw 00365h,base+03CA7h
  dw 0121Bh,base+00B95h
  dw 00364h,base+0025Dh
  dw 0131Bh,base+00AC9h
  dw 00365h,base+03ADFh
  dw 0131Ah,base+00ADCh
  dw 00465h,base+03B04h
  dw 0141Ah,base+00A3Fh
  dw 00566h,base+03775h
  dw 01419h,base+00A53h
  dw 00667h,base+033CBh
  dw 01418h,base+00A67h
  dw 00768h,base+030A3h
  dw 01F7Eh,base+00395h
  dw 00506h,base+0377Ah
  dw 01B7Ah,base+004F1h
  dw 00406h,base+01D94h
  dw 01A7Ah,base+00540h
  dw 00306h,base+00E74h
  dw 00708h,base+030AAh
  dw 00E10h,base+01801h
  dw 00262h,base+00004h
  dw 00306h,base+002E8h
  dw 00608h,base+033D1h
  dw 00D72h,base+01C2Bh
  dw 00206h,base+0003Dh
  dw 00608h,base+033D7h
  dw 00D71h,base+01C38h
  dw 00308h,base+0022Ah
  dw 01378h,base+00AEFh
  dw 00408h,base+03B08h
  dw 01278h,base+00BA7h
  dw 00407h,base+03B0Ch
  dw 01279h,base+00BB9h
  dw 00407h,base+03B10h
  dw 00F79h,base+013E3h
  dw 00406h,base+03B14h
  dw 00F7Ah,base+013F2h
  dw 00407h,base+03B18h
  dw 00E79h,base+0180Fh
  dw 00308h,base+0129Fh
  dw 00C79h,base+01ECFh
  dw 00206h,base+00004h
  dw 00C7Bh,base+01EDBh
  dw 00105h,base+00004h
  dw 00B80h,base+021B5h
  dw 00B80h,base+021C0h
  dw 00A80h,base+0260Bh
  dw 00880h,base+02D8Fh
  dw 00881h,base+02D97h
  dw 00780h,base+030B1h
  dw 00680h,base+033DDh
  dw 00681h,base+033E3h
  dw 00580h,base+00543h
  dw 00480h,base+00261h
  dw 00480h,base+00261h
  dw 00580h,base+005B0h
  dw 00580h,base+0377Fh
  dw 00580h,base+03784h
  dw 00580h,base+03789h
  dw 00580h,base+03789h
  dw 00581h,base+0378Eh
  dw 00480h,base+0297Ah
  dw 00380h,base+007F9h
  dw 00380h,base+0352Eh
  dw 00480h,base+03B1Ch
  dw 00480h,base+023AAh
  dw 00480h,base+0394Eh
  dw 0047Fh,base+03B20h
  dw 00580h,base+0377Fh
  dw 00480h,base+00942h
  dw 00480h,base+0189Ah
  dw 0037Fh,base+032C5h
  dw 00480h,base+03B24h
  dw 00480h,base+03B28h
  dw 00480h,base+02F61h
  dw 00480h,base+00265h
  dw 00380h,base+001B5h
  dw 00380h,base+01A54h
  dw 00380h,base+03CAAh
  dw 00380h,base+01A54h
  dw 00380h,base+03C65h
  dw 00280h,base+008EAh
  dw 00280h,base+03CF7h
  dw 0027Fh,base+00003h
  dw 00380h,base+01423h
  dw 0037Fh,base+00215h
  dw 00480h,base+03B2Ch
  dw 00480h,base+01DB7h
  dw 00480h,base+03B30h
  dw 00480h,base+03B34h
  dw 00480h,base+03B38h
  dw 00481h,base+03847h
  dw 00481h,base+00265h
  dw 00481h,base+00B22h
  dw 00380h,base+00D90h
  dw 00300h,base+00302h

dhalsimPage0frame018:
  db 03Eh,05Ah,080h,029h
  db 0A2h
  db 083h,03Ch,022h,06Eh,02Ah
  db 0B8h,04Ah
  db 09Ch,052h
  dw 00180h,base+00004h
  dw 0027Fh,base+00241h
  dw 00380h,base+00EFBh
  dw 00380h,base+002E4h
  dw 00479h,base+03B3Ch
  dw 00307h,base+03CADh
  dw 00479h,base+03B40h
  dw 00307h,base+03CB0h
  dw 00478h,base+03B44h
  dw 00408h,base+03B48h
  dw 00478h,base+03B4Ch
  dw 00507h,base+03793h
  dw 00579h,base+03798h
  dw 00507h,base+0379Dh
  dw 00578h,base+00268h
  dw 00607h,base+033E9h
  dw 00610h,base+033EFh
  dw 00168h,base+00005h
  dw 00E18h,base+0181Dh
  dw 00168h,base+00007h
  dw 00E18h,base+0182Bh
  dw 00167h,base+00466h
  dw 00F18h,base+01401h
  dw 00267h,base+0073Dh
  dw 01019h,base+010E7h
  dw 00266h,base+00312h
  dw 0111Ah,base+00D07h
  dw 00266h,base+002A2h
  dw 0111Ah,base+00D18h
  dw 00266h,base+007B6h
  dw 01119h,base+00D29h
  dw 00367h,base+02DA4h
  dw 01019h,base+010F7h
  dw 00367h,base+03CB3h
  dw 00B0Eh,base+021CBh
  dw 0020Bh,base+0000Fh
  dw 00367h,base+03CB6h
  dw 00918h,base+02A61h
  dw 00467h,base+03B50h
  dw 00B19h,base+021D6h
  dw 00467h,base+03B54h
  dw 00B19h,base+021E1h
  dw 00367h,base+03B7Dh
  dw 00B18h,base+021ECh
  dw 00468h,base+03B58h
  dw 00B14h,base+021F7h
  dw 0086Ch,base+02D9Fh
  dw 00B0Fh,base+02202h
  dw 00103h,base+00005h
  dw 00A6Eh,base+02615h
  dw 00B0Eh,base+0220Dh
  dw 00E72h,base+01839h
  dw 00708h,base+030B8h
  dw 00206h,base+00033h
  dw 00E72h,base+01847h
  dw 0060Ch,base+033F5h
  dw 00F74h,base+01410h
  dw 0060Bh,base+033FBh
  dw 00D76h,base+01C45h
  dw 00509h,base+037A2h
  dw 00D77h,base+01C52h
  dw 00607h,base+03401h
  dw 00E79h,base+01855h
  dw 01481h,base+00A7Bh
  dw 01280h,base+00BCBh
  dw 00E0Fh,base+01863h
  dw 00271h,base+0000Fh
  dw 00D7Fh,base+01C5Fh
  dw 00E80h,base+01871h
  dw 00D80h,base+01C6Ch
  dw 00D81h,base+01C79h
  dw 00B80h,base+02218h
  dw 00A7Fh,base+0261Fh
  dw 00A80h,base+02629h
  dw 00980h,base+02A6Ah
  dw 00980h,base+02A73h
  dw 00980h,base+02A7Ch
  dw 00981h,base+02A85h
  dw 00680h,base+03407h
  dw 0077Fh,base+030BFh
  dw 00780h,base+030C6h
  dw 00780h,base+030CDh
  dw 00781h,base+030D4h
  dw 00681h,base+0340Dh
  dw 00580h,base+037A7h
  dw 00580h,base+037ACh
  dw 00581h,base+037B1h
  dw 00480h,base+00483h
  dw 00480h,base+02BCBh
  dw 00580h,base+037B6h
  dw 00581h,base+037BBh
  dw 00480h,base+022E5h
  dw 0047Fh,base+03B5Ch
  dw 00580h,base+037C0h
  dw 0057Fh,base+037C5h
  dw 00680h,base+03413h
  dw 00680h,base+03419h
  dw 00580h,base+037CAh
  dw 00580h,base+037CFh
  dw 00480h,base+03B60h
  dw 0047Fh,base+03B64h
  dw 00480h,base+0394Ch
  dw 00480h,base+03B68h
  dw 00380h,base+03A54h
  dw 0037Fh,base+012BCh
  dw 00380h,base+0394Ch
  dw 0037Fh,base+01011h
  dw 00380h,base+004BBh
  dw 0037Fh,base+00037h
  dw 0047Fh,base+03B6Ch
  dw 00580h,base+00629h
  dw 00581h,base+037D4h
  dw 00481h,base+03B70h
  dw 00380h,base+0028Eh
  dw 00381h,base+00EFBh
  dw 00280h,base+000ACh
  dw 0037Fh,base+00266h
  dw 00480h,base+023AAh
  dw 00480h,base+03B74h
  dw 00580h,base+037D9h
  dw 00581h,base+030E9h
  dw 00400h,base+00261h

dhalsimPage0frame019:
  db 06Ch,05Dh,080h,026h
  db 0E8h
  db 084h,067h,01Dh,071h,02Ah
  db 0E4h,041h
  db 0C8h,046h
  dw 00280h,base+00037h
  dw 00280h,base+00687h
  dw 0025Dh,base+006A3h
  dw 00123h,base+00004h
  dw 0015Dh,base+00037h
  dw 00223h,base+00241h
  dw 0015Ch,base+00016h
  dw 00323h,base+00EFBh
  dw 0035Dh,base+03CB9h
  dw 00323h,base+002E4h
  dw 0035Dh,base+03CBCh
  dw 00423h,base+03B3Ch
  dw 00356h,base+03CBFh
  dw 00307h,base+03CADh
  dw 00422h,base+03B40h
  dw 00457h,base+03B78h
  dw 00307h,base+03CB0h
  dw 00422h,base+03B44h
  dw 00356h,base+00508h
  dw 00408h,base+03B48h
  dw 00422h,base+03B4Ch
  dw 00356h,base+03CC2h
  dw 00507h,base+03793h
  dw 00522h,base+03798h
  dw 00457h,base+03B7Ch
  dw 00507h,base+0379Dh
  dw 00521h,base+00268h
  dw 00557h,base+037DEh
  dw 00607h,base+033E9h
  dw 00621h,base+033EFh
  dw 00657h,base+0341Fh
  dw 00E27h,base+0181Dh
  dw 00859h,base+02DA7h
  dw 00E25h,base+0182Bh
  dw 00A5Ah,base+02633h
  dw 00F25h,base+01401h
  dw 00B5Ah,base+02223h
  dw 01024h,base+010E7h
  dw 0090Bh,base+02A8Eh
  dw 00250h,base+00013h
  dw 01124h,base+00D07h
  dw 0095Ch,base+02A97h
  dw 01122h,base+00D18h
  dw 0095Eh,base+02AA0h
  dw 01121h,base+00D29h
  dw 0095Fh,base+02AA9h
  dw 0101Fh,base+010F7h
  dw 00961h,base+02AB2h
  dw 00B0Eh,base+021CBh
  dw 0020Eh,base+0000Fh
  dw 00B64h,base+0222Eh
  dw 0091Ah,base+02A61h
  dw 00B65h,base+02239h
  dw 00B1Ah,base+021D6h
  dw 00B66h,base+02244h
  dw 00B19h,base+021E1h
  dw 00A67h,base+0263Dh
  dw 00B18h,base+021ECh
  dw 00A68h,base+02647h
  dw 00B17h,base+021F7h
  dw 00869h,base+02DAFh
  dw 00B15h,base+02202h
  dw 0086Bh,base+02DB7h
  dw 00B13h,base+0220Dh
  dw 0086Dh,base+02DBFh
  dw 00708h,base+030B8h
  dw 00209h,base+00033h
  dw 0086Fh,base+02DC7h
  dw 00610h,base+033F5h
  dw 00870h,base+02DCFh
  dw 0060Fh,base+033FBh
  dw 00872h,base+02DD7h
  dw 0050Dh,base+037A2h
  dw 00873h,base+02DDFh
  dw 00607h,base+03401h
  dw 00104h,base+00008h
  dw 00975h,base+02ABBh
  dw 0090Ah,base+02AC4h
  dw 00977h,base+02ACDh
  dw 01180h,base+00D3Ah
  dw 00F80h,base+0141Fh
  dw 00E7Fh,base+0187Fh
  dw 00E80h,base+0188Dh
  dw 00D80h,base+01C86h
  dw 00B81h,base+0224Fh
  dw 00980h,base+02AD6h
  dw 0087Fh,base+0261Fh
  dw 00980h,base+02629h
  dw 00980h,base+02A6Ah
  dw 00980h,base+02A73h
  dw 00980h,base+02A7Ch
  dw 00981h,base+02A85h
  dw 00680h,base+03407h
  dw 0077Fh,base+030BFh
  dw 00780h,base+030C6h
  dw 00780h,base+030CDh
  dw 00781h,base+030D4h
  dw 00681h,base+0340Dh
  dw 00580h,base+037A7h
  dw 00580h,base+037ACh
  dw 00581h,base+037B1h
  dw 00480h,base+00483h
  dw 00480h,base+02BCBh
  dw 00580h,base+037B6h
  dw 00581h,base+037BBh
  dw 00480h,base+022E5h
  dw 0047Fh,base+03B5Ch
  dw 00580h,base+037C0h
  dw 0057Fh,base+037C5h
  dw 00680h,base+03413h
  dw 00680h,base+03419h
  dw 00580h,base+037CAh
  dw 00580h,base+037CFh
  dw 00480h,base+03B60h
  dw 0047Fh,base+03B64h
  dw 00480h,base+0394Ch
  dw 00480h,base+03B68h
  dw 00380h,base+03A54h
  dw 0037Fh,base+012BCh
  dw 00380h,base+0394Ch
  dw 0037Fh,base+01011h
  dw 00380h,base+004BBh
  dw 0037Fh,base+00037h
  dw 0047Fh,base+03B6Ch
  dw 00580h,base+00629h
  dw 00581h,base+037D4h
  dw 00481h,base+03B70h
  dw 00380h,base+0028Eh
  dw 00381h,base+00EFBh
  dw 00280h,base+000ACh
  dw 0037Fh,base+00266h
  dw 00480h,base+023AAh
  dw 00480h,base+03B74h
  dw 00580h,base+037D9h
  dw 00581h,base+030E9h
  dw 00400h,base+00261h

dhalsimPage0frame020:
  db 046h,037h,06Ch,04Dh
  db 07Ch
  db 06Ch,025h,01Ch,065h,04Ch
  db 0B2h,079h
  db 096h,079h
  dw 00380h,base+00212h
  dw 0037Fh,base+03CC5h
  dw 00508h,base+037E3h
  dw 00178h,base+00005h
  dw 00507h,base+037E8h
  dw 00377h,base+0002Dh
  dw 00C7Dh,base+01EE7h
  dw 00102h,base+00005h
  dw 00E7Dh,base+0189Bh
  dw 01180h,base+00D4Bh
  dw 0117Fh,base+00D5Ch
  dw 01280h,base+00BDDh
  dw 01280h,base+00BEFh
  dw 01280h,base+00C01h
  dw 01280h,base+00C13h
  dw 01181h,base+00D6Dh
  dw 01080h,base+01107h
  dw 01180h,base+00D7Eh
  dw 01180h,base+00D8Fh
  dw 01180h,base+00DA0h
  dw 01180h,base+00DB1h
  dw 01180h,base+00DC2h
  dw 01180h,base+00DD3h
  dw 01180h,base+00DE4h
  dw 01180h,base+00DF5h
  dw 01180h,base+00E06h
  dw 01180h,base+00E17h
  dw 01180h,base+00E28h
  dw 01180h,base+00E39h
  dw 01180h,base+00E4Ah
  dw 01180h,base+00E5Bh
  dw 01180h,base+00E6Ch
  dw 01180h,base+00E7Dh
  dw 01080h,base+01117h
  dw 01181h,base+00E8Eh
  dw 01181h,base+00E9Fh
  dw 01180h,base+00EB0h
  dw 01280h,base+00C25h
  dw 01380h,base+00B02h
  dw 01480h,base+00A8Fh
  dw 01580h,base+00973h
  dw 01780h,base+007D4h
  dw 01781h,base+007EBh
  dw 00508h,base+037EDh
  dw 00F78h,base+0142Eh
  dw 00509h,base+037F2h
  dw 00E77h,base+018A9h
  dw 00411h,base+03B80h
  dw 0076Fh,base+030DBh
  dw 00311h,base+00860h
  dw 0076Fh,base+030E2h
  dw 00212h,base+02E8Ah
  dw 0076Eh,base+030E9h
  dw 00212h,base+00860h
  dw 00C6Eh,base+01EF3h
  dw 00213h,base+02E8Ah
  dw 00B6Dh,base+0225Ah
  dw 00214h,base+00012h
  dw 00B6Bh,base+02265h
  dw 00318h,base+02926h
  dw 00868h,base+02DE7h
  dw 00319h,base+03CC8h
  dw 00767h,base+030F0h
  dw 0041Ah,base+03B84h
  dw 00666h,base+03425h
  dw 0041Ah,base+02DC2h
  dw 00566h,base+037F7h
  dw 0041Ch,base+0023Fh
  dw 00464h,base+023AAh
  dw 0041Dh,base+03B88h
  dw 00363h,base+00B2Ah
  dw 00300h,base+00212h

dhalsimPage0frame021:
  db 054h,025h,056h,05Fh
  db 060h
  db 052h,022h,009h,054h,056h
  db 0ABh,06Bh
  db 08Fh,06Bh
  dw 00380h,base+03CCBh
  dw 0037Fh,base+03CCEh
  dw 00580h,base+037FCh
  dw 00580h,base+03801h
  dw 00580h,base+03806h
  dw 00580h,base+00A9Dh
  dw 00507h,base+0380Bh
  dw 00279h,base+00005h
  dw 00506h,base+03810h
  dw 0037Ah,base+00233h
  dw 00A80h,base+02651h
  dw 00A12h,base+0265Bh
  dw 0026Eh,base+001E5h
  dw 00A11h,base+02665h
  dw 0036Fh,base+000D4h
  dw 00A11h,base+0266Fh
  dw 0046Bh,base+016B1h
  dw 00102h,base+00037h
  dw 00103h,base+0003Fh
  dw 0090Fh,base+02ADFh
  dw 0056Dh,base+03815h
  dw 00203h,base+002A3h
  dw 00A10h,base+02679h
  dw 0060Dh,base+0342Bh
  dw 0025Fh,base+00005h
  dw 00E14h,base+018B7h
  dw 0060Dh,base+03431h
  dw 0025Fh,base+007D5h
  dw 00E13h,base+018C5h
  dw 0080Dh,base+02DEFh
  dw 00361h,base+002E4h
  dw 00C12h,base+01EFFh
  dw 0080Dh,base+02DF7h
  dw 00360h,base+00019h
  dw 00D13h,base+01C93h
  dw 0090Dh,base+02AE8h
  dw 00260h,base+00221h
  dw 00E0Fh,base+018D3h
  dw 00204h,base+00241h
  dw 0090Ch,base+02AF1h
  dw 00361h,base+03CD1h
  dw 01D1Fh,base+00465h
  dw 0030Ah,base+03C14h
  dw 00157h,base+0000Ah
  dw 01617h,base+008C9h
  dw 00607h,base+03437h
  dw 0040Bh,base+014C0h
  dw 00158h,base+0000Ah
  dw 02027h,base+00336h
  dw 00259h,base+00272h
  dw 02026h,base+00356h
  dw 00359h,base+0040Bh
  dw 02326h,base+002ADh
  dw 0045Ah,base+03B8Ch
  dw 02A80h,base+0020Dh
  dw 02980h,base+00237h
  dw 02980h,base+00260h
  dw 00405h,base+0085Bh
  dw 0247Bh,base+00289h
  dw 00506h,base+0381Ah
  dw 0227Ah,base+00314h
  dw 0050Ah,base+0381Fh
  dw 01E76h,base+003F0h
  dw 0060Ch,base+0343Dh
  dw 0151Ah,base+00988h
  dw 0025Ah,base+0018Ah
  dw 0060Dh,base+03443h
  dw 00E11h,base+018E1h
  dw 00208h,base+0000Fh
  dw 0025Ah,base+00006h
  dw 0060Dh,base+03449h
  dw 00D19h,base+01CA0h
  dw 0025Ah,base+00013h
  dw 0050Eh,base+03824h
  dw 00A72h,base+02683h
  dw 0050Eh,base+03829h
  dw 00102h,base+00004h
  dw 00871h,base+02DFFh
  dw 00310h,base+03CD4h
  dw 00370h,base+00212h
  dw 00200h,base+0000Fh

dhalsimPage0frame022:
  db 04Eh,03Fh,06Ch,025h
  db 078h
  db 06Ch,023h,01Bh,06Eh,04Bh
  db 0B7h,064h
  db 095h,05Ah
  dw 00203h,base+0000Fh
  dw 0027Dh,base+0000Fh
  dw 0057Fh,base+0382Eh
  dw 00780h,base+030F7h
  dw 00880h,base+02E07h
  dw 00A80h,base+0268Dh
  dw 00B80h,base+02270h
  dw 00B80h,base+0227Bh
  dw 00C81h,base+01F0Bh
  dw 00103h,base+00004h
  dw 00878h,base+02E0Fh
  dw 00207h,base+00241h
  dw 00979h,base+02AFAh
  dw 00307h,base+03978h
  dw 00979h,base+02B03h
  dw 00306h,base+00187h
  dw 00A79h,base+02697h
  dw 00406h,base+03B90h
  dw 00B7Ah,base+02286h
  dw 00406h,base+03B94h
  dw 00B7Ah,base+02291h
  dw 00405h,base+03B98h
  dw 00C7Bh,base+01F17h
  dw 00405h,base+03B9Ch
  dw 00C7Ch,base+01F23h
  dw 00304h,base+03145h
  dw 00C7Ch,base+01F2Fh
  dw 00304h,base+00212h
  dw 00C7Ch,base+01F3Bh
  dw 00304h,base+02516h
  dw 00C7Ch,base+01F47h
  dw 00304h,base+01A44h
  dw 00B7Bh,base+0229Ch
  dw 00406h,base+03BA0h
  dw 00A7Ah,base+026A1h
  dw 00506h,base+03833h
  dw 0097Ah,base+02B0Ch
  dw 00506h,base+03838h
  dw 0087Ah,base+02E17h
  dw 00E80h,base+018EFh
  dw 00E81h,base+018FDh
  dw 00D80h,base+01CADh
  dw 00D81h,base+01CBAh
  dw 00C81h,base+01F53h
  dw 00B80h,base+022A7h
  dw 00B80h,base+022B2h
  dw 00B80h,base+022BDh
  dw 00B81h,base+022C8h
  dw 00980h,base+02B15h
  dw 00A81h,base+026ABh
  dw 00982h,base+02B1Eh
  dw 00780h,base+030FEh
  dw 00880h,base+02E1Fh
  dw 00981h,base+02B27h
  dw 00B80h,base+022D3h
  dw 00C7Dh,base+01F5Fh
  dw 01080h,base+01127h
  dw 0137Fh,base+00B15h
  dw 01580h,base+0099Dh
  dw 01580h,base+009B2h
  dw 01622h,base+008DFh
  dw 0015Eh,base+00003h
  dw 01721h,base+00802h
  dw 0025Fh,base+002A2h
  dw 01821h,base+00606h
  dw 00260h,base+00C8Dh
  dw 0181Fh,base+0061Eh
  dw 00261h,base+00296h
  dw 0191Eh,base+0058Ch
  dw 00363h,base+008EDh
  dw 0191Ch,base+005A5h
  dw 00464h,base+01CC3h
  dw 00A0Ch,base+026B5h
  dw 00306h,base+00212h
  dw 00E6Fh,base+0190Bh
  dw 00A11h,base+026BFh
  dw 00D6Fh,base+01CC7h
  dw 00A12h,base+026C9h
  dw 00C6Fh,base+01F6Bh
  dw 00911h,base+02B30h
  dw 00B72h,base+022DEh
  dw 0060Fh,base+0344Fh
  dw 00A72h,base+026D3h
  dw 0050Fh,base+0383Dh
  dw 00506h,base+00261h
  dw 0036Ch,base+01BC0h
  dw 00414h,base+03BA4h
  dw 0036Ch,base+00C0Fh
  dw 00415h,base+03BA8h
  dw 0026Ch,base+00061h
  dw 00314h,base+03CD7h
  dw 0016Ch,base+00005h
  dw 00380h,base+035BBh
  dw 00381h,base+0009Dh
  dw 00281h,base+00013h
  dw 00100h,base+00004h

dhalsimPage0frame023:
  db 042h,042h,06Ch,026h
  db 07Eh
  db 06Ch,040h,02Ch,06Ch,022h
  db 0ABh,056h
  db 094h,048h
  dw 0027Fh,base+00005h
  dw 00380h,base+0012Eh
  dw 0047Fh,base+0387Fh
  dw 00509h,base+03842h
  dw 00276h,base+00241h
  dw 00609h,base+03455h
  dw 00476h,base+03BACh
  dw 0070Ah,base+03105h
  dw 00475h,base+03BB0h
  dw 0080Bh,base+02E27h
  dw 00475h,base+03BB4h
  dw 0090Ah,base+02B39h
  dw 00575h,base+03847h
  dw 01080h,base+01137h
  dw 0107Fh,base+01147h
  dw 0117Fh,base+00EC1h
  dw 01280h,base+00C37h
  dw 0127Fh,base+00C49h
  dw 01380h,base+00B28h
  dw 01280h,base+00C5Bh
  dw 00507h,base+0384Ch
  dw 00A79h,base+026DDh
  dw 00507h,base+03851h
  dw 00D79h,base+01CD4h
  dw 00507h,base+03856h
  dw 00E79h,base+01919h
  dw 00507h,base+0385Bh
  dw 00E7Ah,base+01927h
  dw 00406h,base+03BB8h
  dw 00E7Ah,base+01935h
  dw 00406h,base+03BBCh
  dw 00F7Ch,base+0143Dh
  dw 00104h,base+0003Eh
  dw 00F7Ch,base+0144Ch
  dw 00104h,base+00004h
  dw 01080h,base+01157h
  dw 01180h,base+00ED2h
  dw 01180h,base+00EE3h
  dw 01180h,base+00EF4h
  dw 0127Eh,base+00C6Dh
  dw 00B0Eh,base+022E9h
  dw 00671h,base+0345Bh
  dw 00E0Fh,base+01943h
  dw 00872h,base+02E2Fh
  dw 00E0Fh,base+01951h
  dw 00771h,base+0310Ch
  dw 00E10h,base+0195Fh
  dw 00770h,base+03113h
  dw 00E11h,base+0196Dh
  dw 0066Fh,base+03461h
  dw 00E12h,base+0197Bh
  dw 0056Eh,base+03860h
  dw 00E12h,base+01989h
  dw 0076Dh,base+0311Ah
  dw 00F14h,base+0145Bh
  dw 0066Ch,base+03467h
  dw 00F15h,base+0146Ah
  dw 0066Bh,base+0346Dh
  dw 00F16h,base+01479h
  dw 00669h,base+03473h
  dw 00F18h,base+01488h
  dw 00668h,base+03479h
  dw 00F18h,base+01497h
  dw 00668h,base+0347Fh
  dw 00F18h,base+014A6h
  dw 00668h,base+03485h
  dw 00E1Ah,base+01997h
  dw 00467h,base+03BC0h
  dw 00D19h,base+01CE1h
  dw 00467h,base+03BC4h
  dw 00C19h,base+01F77h
  dw 00367h,base+00DF3h
  dw 00C19h,base+01F83h
  dw 00368h,base+01261h
  dw 00B19h,base+022F4h
  dw 00167h,base+00004h
  dw 00A81h,base+026E7h
  dw 0097Fh,base+02B42h
  dw 0097Fh,base+02B4Bh
  dw 00A80h,base+026F1h
  dw 00A80h,base+026FBh
  dw 00A80h,base+02705h
  dw 00A80h,base+0270Fh
  dw 00A80h,base+02719h
  dw 00980h,base+02B54h
  dw 00980h,base+02B5Dh
  dw 0097Fh,base+02B66h
  dw 00308h,base+0006Fh
  dw 00278h,base+0009Ah
  dw 00308h,base+0041Eh
  dw 00278h,base+00015h
  dw 00308h,base+0041Eh
  dw 00278h,base+00376h
  dw 00308h,base+005C9h
  dw 00278h,base+00067h
  dw 00309h,base+02AAEh
  dw 00177h,base+00005h
  dw 00309h,base+02AAEh
  dw 00177h,base+00008h
  dw 00309h,base+00613h
  dw 00177h,base+0003Eh
  dw 00309h,base+03CDAh
  dw 00177h,base+0003Fh
  dw 00409h,base+03BC8h
  dw 00178h,base+00004h
  dw 00300h,base+00212h

dhalsimPage0frame024:
  db 066h,04Ah,06Ch,026h
  db 07Eh
  db 06Ch,041h,028h,071h,060h
  db 0CFh,072h
  db 0B5h,05Dh
  dw 0027Fh,base+00005h
  dw 00380h,base+0012Eh
  dw 0047Fh,base+0387Fh
  dw 00509h,base+03842h
  dw 00276h,base+00241h
  dw 00609h,base+03455h
  dw 00476h,base+03BACh
  dw 0070Ah,base+03105h
  dw 00475h,base+03BB0h
  dw 0080Bh,base+02E27h
  dw 00475h,base+03BB4h
  dw 0090Ah,base+02B39h
  dw 00575h,base+03847h
  dw 01080h,base+01137h
  dw 0107Fh,base+01147h
  dw 0117Fh,base+00EC1h
  dw 01280h,base+00C37h
  dw 0127Fh,base+00C49h
  dw 01380h,base+00B28h
  dw 01280h,base+00C5Bh
  dw 00507h,base+0384Ch
  dw 00A79h,base+026DDh
  dw 00507h,base+03851h
  dw 00D79h,base+01CD4h
  dw 00507h,base+03856h
  dw 00E79h,base+01919h
  dw 00507h,base+0385Bh
  dw 00E7Ah,base+01927h
  dw 00406h,base+03BB8h
  dw 00E7Ah,base+019A5h
  dw 00406h,base+03BBCh
  dw 00F7Ch,base+014B5h
  dw 00104h,base+0003Eh
  dw 00F7Ch,base+014C4h
  dw 00104h,base+00004h
  dw 00F80h,base+014D3h
  dw 01080h,base+01167h
  dw 01080h,base+01177h
  dw 01180h,base+00F05h
  dw 0117Eh,base+00F16h
  dw 00B0Eh,base+022E9h
  dw 00671h,base+0348Bh
  dw 00E10h,base+01943h
  dw 00671h,base+03491h
  dw 00E10h,base+01951h
  dw 00670h,base+03497h
  dw 00E11h,base+0195Fh
  dw 0056Fh,base+03865h
  dw 00E12h,base+0196Dh
  dw 0056Eh,base+0386Ah
  dw 00E12h,base+0197Bh
  dw 0056Eh,base+0386Fh
  dw 00E13h,base+01989h
  dw 0056Ch,base+03874h
  dw 00F15h,base+0145Bh
  dw 0056Bh,base+00F23h
  dw 00F16h,base+0146Ah
  dw 0046Ah,base+03B70h
  dw 00F16h,base+01479h
  dw 00569h,base+03879h
  dw 00F18h,base+01488h
  dw 00468h,base+00981h
  dw 00F19h,base+01497h
  dw 00467h,base+007F8h
  dw 00F19h,base+014A6h
  dw 00467h,base+0043Bh
  dw 00E1Ah,base+01997h
  dw 00467h,base+00019h
  dw 00D1Ah,base+01CE1h
  dw 00466h,base+00019h
  dw 00C1Bh,base+01F77h
  dw 00465h,base+00019h
  dw 00C1Ch,base+01F83h
  dw 00465h,base+00019h
  dw 00B1Bh,base+022F4h
  dw 00565h,base+00019h
  dw 00A1Ch,base+026E7h
  dw 00465h,base+00981h
  dw 0091Bh,base+02B42h
  dw 00564h,base+02646h
  dw 0091Dh,base+02B4Bh
  dw 00462h,base+03BCCh
  dw 00A1Eh,base+026F1h
  dw 00562h,base+0387Eh
  dw 00A1Fh,base+026FBh
  dw 00461h,base+00C79h
  dw 00A1Fh,base+02705h
  dw 00561h,base+03883h
  dw 00A20h,base+0270Fh
  dw 00460h,base+005C5h
  dw 00A21h,base+02719h
  dw 0045Fh,base+03BD0h
  dw 00921h,base+02B54h
  dw 0045Fh,base+03BD4h
  dw 00922h,base+02B5Dh
  dw 0045Eh,base+022B5h
  dw 00922h,base+02B66h
  dw 0055Dh,base+02646h
  dw 00308h,base+0006Fh
  dw 0021Ch,base+0009Ah
  dw 0045Ch,base+00AF8h
  dw 00308h,base+0041Eh
  dw 0021Dh,base+00015h
  dw 0045Bh,base+0076Ch
  dw 00308h,base+0041Eh
  dw 0021Dh,base+00376h
  dw 0045Bh,base+02369h
  dw 00308h,base+005C9h
  dw 0021Eh,base+00067h
  dw 0045Ah,base+003E4h
  dw 00309h,base+02AAEh
  dw 0011Eh,base+00005h
  dw 00459h,base+03BD8h
  dw 00309h,base+02AAEh
  dw 0011Eh,base+00008h
  dw 00459h,base+03BDCh
  dw 00309h,base+00613h
  dw 0011Fh,base+0003Eh
  dw 00558h,base+0311Ch
  dw 00309h,base+03CDAh
  dw 0011Fh,base+0003Fh
  dw 00558h,base+03888h
  dw 00409h,base+03BC8h
  dw 00120h,base+00004h
  dw 00558h,base+0346Eh
  dw 00328h,base+00212h
  dw 00681h,base+03473h
  dw 00680h,base+03479h
  dw 00680h,base+0347Fh
  dw 00682h,base+03485h
  dw 00480h,base+03BC0h
  dw 00480h,base+03BC4h
  dw 00380h,base+00DF3h
  dw 00381h,base+01261h
  dw 00100h,base+00004h

dhalsimPage0frame025:
  db 022h,053h,06Eh,031h
  db 078h
  db 066h,022h,037h,069h,022h
  db 000h,000h
  db 000h,000h
  dw 00280h,base+00013h
  dw 0037Fh,base+03CDDh
  dw 00408h,base+02E61h
  dw 00178h,base+0003Fh
  dw 00406h,base+038B8h
  dw 0037Ah,base+03CE0h
  dw 00506h,base+0388Dh
  dw 0037Ah,base+00660h
  dw 00506h,base+03892h
  dw 00379h,base+032F5h
  dw 00607h,base+0349Dh
  dw 00379h,base+002B3h
  dw 00507h,base+03897h
  dw 00379h,base+004BBh
  dw 00607h,base+01A2Ah
  dw 00304h,base+01109h
  dw 00173h,base+00037h
  dw 00809h,base+02E37h
  dw 00577h,base+0389Ch
  dw 00708h,base+03121h
  dw 00777h,base+03128h
  dw 01080h,base+01187h
  dw 01080h,base+01197h
  dw 01080h,base+011A7h
  dw 01080h,base+011B7h
  dw 00F80h,base+014E2h
  dw 00E80h,base+019B3h
  dw 00E80h,base+019C1h
  dw 00D80h,base+01CEEh
  dw 00E80h,base+019CFh
  dw 00E80h,base+019DDh
  dw 00E80h,base+019EBh
  dw 00E80h,base+019F9h
  dw 00E80h,base+01A07h
  dw 00E80h,base+01A15h
  dw 0090Bh,base+02B6Fh
  dw 00375h,base+0066Eh
  dw 0080Bh,base+02E3Fh
  dw 00375h,base+01539h
  dw 0080Ch,base+02E47h
  dw 00175h,base+00005h
  dw 00780h,base+0312Fh
  dw 00780h,base+03136h
  dw 00680h,base+034A3h
  dw 00680h,base+034A9h
  dw 00680h,base+034AFh
  dw 00780h,base+0313Dh
  dw 00780h,base+03144h
  dw 00780h,base+0314Bh
  dw 00780h,base+03152h
  dw 00880h,base+02E4Fh
  dw 00980h,base+02B78h
  dw 00980h,base+02B81h
  dw 00980h,base+02B8Ah
  dw 00980h,base+02B93h
  dw 00980h,base+02B9Ch
  dw 00980h,base+02BA5h
  dw 00980h,base+02BAEh
  dw 00A80h,base+02723h
  dw 00A80h,base+0272Dh
  dw 00506h,base+038A1h
  dw 0047Bh,base+023B3h
  dw 00405h,base+03BE0h
  dw 0047Bh,base+03BE4h
  dw 00405h,base+03BE8h
  dw 0057Bh,base+038A6h
  dw 00406h,base+0094Fh
  dw 0047Ah,base+0020Dh
  dw 00406h,base+03BECh
  dw 0047Ah,base+03BF0h
  dw 00407h,base+03948h
  dw 0037Ah,base+0028Eh
  dw 00306h,base+013D8h
  dw 0047Ah,base+03BF4h
  dw 00307h,base+01BC0h
  dw 00379h,base+00C0Fh
  dw 00307h,base+03CE3h
  dw 00379h,base+00483h
  dw 00307h,base+03CE6h
  dw 00379h,base+0378Fh
  dw 00306h,base+024E4h
  dw 00479h,base+03BF8h
  dw 00407h,base+03BFCh
  dw 00379h,base+0015Bh
  dw 00407h,base+03C00h
  dw 00379h,base+00038h
  dw 00307h,base+03CE9h
  dw 00379h,base+03586h
  dw 00307h,base+03CECh
  dw 00379h,base+03CEFh
  dw 00307h,base+03CF2h
  dw 00379h,base+03513h
  dw 00307h,base+035D2h
  dw 00379h,base+027A3h
  dw 00307h,base+03A21h
  dw 00379h,base+012D5h
  dw 00207h,base+010DAh
  dw 00379h,base+001B6h
  dw 00208h,base+01D8Eh
  dw 00278h,base+0006Dh
  dw 00208h,base+0000Fh
  dw 00278h,base+00A53h
  dw 00208h,base+0030Dh
  dw 00278h,base+02A8Ah
  dw 00208h,base+02460h
  dw 00278h,base+00A53h
  dw 00208h,base+0030Dh
  dw 00278h,base+0021Ah
  dw 00208h,base+00FA9h
  dw 00378h,base+039C8h
  dw 00209h,base+0030Dh
  dw 00277h,base+0030Dh
  dw 00209h,base+01EDEh
  dw 00277h,base+01D09h
  dw 00209h,base+0000Fh
  dw 00277h,base+00012h
  dw 00209h,base+00005h
  dw 00276h,base+00037h
  dw 0030Ah,base+0028Eh
  dw 00376h,base+00404h
  dw 00409h,base+00516h
  dw 00577h,base+038ABh
  dw 00409h,base+03C04h
  dw 00777h,base+03159h
  dw 00609h,base+034B5h
  dw 00777h,base+03160h
  dw 0060Ah,base+034BBh
  dw 00676h,base+034C1h
  dw 0060Ah,base+034C7h
  dw 00203h,base+0000Fh
  dw 00174h,base+00004h
  dw 00500h,base+00261h


