  dw cammyPage0frame000
  dw cammyPage0frame001
  dw cammyPage0frame002
  dw cammyPage0frame003
  dw cammyPage0frame004
  dw cammyPage0frame005
  dw cammyPage0frame006
  dw cammyPage0frame007
  dw cammyPage0frame008
  dw cammyPage0frame009
  dw cammyPage0frame010
  dw cammyPage0frame011
  dw cammyPage0frame012
  dw cammyPage0frame013
  dw cammyPage0frame014
  dw cammyPage0frame015
  dw cammyPage0frame016
  dw cammyPage0frame017
  dw cammyPage0frame018
  dw cammyPage0frame019
  dw cammyPage0frame020
  dw cammyPage0frame021
  dw cammyPage0frame022
  dw cammyPage0frame023
  dw cammyPage0frame024
  dw cammyPage0frame025
  dw cammyPage0frame026
  dw cammyPage0frame027
  dw cammyPage0frame028
  dw cammyPage0frame029
  dw cammyPage0frame030
  dw cammyPage0frame031
  dw cammyPage0frame032

cammyPage0frame000:
  db 028h,050h,06Eh,034h
  db 07Eh
  db 05Ch,02Fh,025h,056h,038h
  db 000h,000h
  db 000h,000h
  dw 0037Fh,base+0002Bh
  dw 00480h,base+00CA0h
  dw 00480h,base+00059h
  dw 0047Fh,base+0240Ah
  dw 00580h,base+01FF5h
  dw 00680h,base+01BF3h
  dw 00781h,base+0174Dh
  dw 0067Fh,base+01BF9h
  dw 00506h,base+01FFAh
  dw 0017Ah,base+0009Eh
  dw 00506h,base+01FFFh
  dw 0017Ah,base+0009Eh
  dw 00506h,base+014CFh
  dw 00179h,base+0009Eh
  dw 00607h,base+01BFFh
  dw 00179h,base+00102h
  dw 00680h,base+01C05h
  dw 00102h,base+0004Eh
  dw 0047Ch,base+01C31h
  dw 00880h,base+01385h
  dw 00880h,base+0138Dh
  dw 0077Fh,base+01754h
  dw 00980h,base+00F32h
  dw 00A7Fh,base+00BE0h
  dw 00B80h,base+008D3h
  dw 00B7Fh,base+008DEh
  dw 00C80h,base+006FFh
  dw 00C80h,base+0070Bh
  dw 00C80h,base+00717h
  dw 00C80h,base+00723h
  dw 00D80h,base+004D0h
  dw 00203h,base+0011Eh
  dw 00A82h,base+00BEAh
  dw 0087Eh,base+01395h
  dw 00102h,base+001BFh
  dw 00506h,base+02004h
  dw 00378h,base+027AAh
  dw 00102h,base+001BFh
  dw 00506h,base+02009h
  dw 00378h,base+027ADh
  dw 00102h,base+00005h
  dw 00506h,base+0200Eh
  dw 00378h,base+027B0h
  dw 00102h,base+0004Ah
  dw 00506h,base+02013h
  dw 00377h,base+027B3h
  dw 00203h,base+0063Ah
  dw 00607h,base+01C0Bh
  dw 00276h,base+001D0h
  dw 00102h,base+00172h
  dw 00708h,base+0175Bh
  dw 00276h,base+00014h
  dw 00102h,base+000AEh
  dw 00709h,base+01762h
  dw 00174h,base+0000Fh
  dw 00203h,base+00775h
  dw 00709h,base+01769h
  dw 00174h,base+0001Dh
  dw 00103h,base+0001Dh
  dw 00809h,base+0139Dh
  dw 00174h,base+0001Dh
  dw 00102h,base+00172h
  dw 0090Ah,base+00F3Bh
  dw 00176h,base+000B5h
  dw 00980h,base+00F44h
  dw 00980h,base+00F4Dh
  dw 00980h,base+00F56h
  dw 00405h,base+0240Eh
  dw 0047Ah,base+02412h
  dw 00506h,base+02018h
  dw 0047Ah,base+02416h
  dw 00507h,base+0201Dh
  dw 00379h,base+027B6h
  dw 00507h,base+02022h
  dw 00479h,base+0241Ah
  dw 00407h,base+0241Eh
  dw 00478h,base+02422h
  dw 00509h,base+02027h
  dw 00377h,base+027B9h
  dw 00509h,base+0202Ch
  dw 00377h,base+007A7h
  dw 00409h,base+02426h
  dw 00377h,base+027BCh
  dw 0040Ah,base+000E8h
  dw 00276h,base+00CC7h
  dw 0030Ah,base+00E4Eh
  dw 00275h,base+0075Fh
  dw 0040Bh,base+0242Ah
  dw 00375h,base+027BFh
  dw 0030Ch,base+0055Ah
  dw 00274h,base+00102h
  dw 0030Ch,base+005BAh
  dw 00274h,base+0021Eh
  dw 0030Ch,base+027C2h
  dw 00374h,base+027C5h
  dw 0040Ch,base+0242Eh
  dw 00375h,base+006F6h
  dw 0030Bh,base+027C8h
  dw 00375h,base+0032Ch
  dw 0030Bh,base+027CBh
  dw 00375h,base+0101Ch
  dw 0030Bh,base+027CEh
  dw 00475h,base+02432h
  dw 0030Ch,base+027D1h
  dw 00375h,base+00F84h
  dw 0020Bh,base+005FDh
  dw 00375h,base+00109h
  dw 0020Bh,base+000FCh
  dw 00375h,base+0117Bh
  dw 0020Ch,base+00488h
  dw 00274h,base+000FCh
  dw 0020Ch,base+0051Ch
  dw 00274h,base+0023Ch
  dw 0020Dh,base+0070Dh
  dw 00273h,base+02A89h
  dw 0020Dh,base+00071h
  dw 00273h,base+00D18h
  dw 0030Dh,base+027D4h
  dw 00273h,base+01ECCh
  dw 0030Dh,base+027D7h
  dw 00273h,base+0014Dh
  dw 0020Dh,base+004D5h
  dw 00274h,base+002CDh
  dw 0010Dh,base+00003h
  dw 00173h,base+00102h
  dw 0010Dh,base+00117h
  dw 00273h,base+00071h
  dw 0010Eh,base+00CDFh
  dw 00172h,base+0001Bh
  dw 0020Eh,base+00071h
  dw 00172h,base+00004h
  dw 0020Eh,base+02A8Bh
  dw 00172h,base+00234h
  dw 0020Eh,base+012E4h
  dw 00271h,base+025D3h
  dw 0030Fh,base+027DAh
  dw 00270h,base+02A8Dh
  dw 00411h,base+02436h
  dw 0026Fh,base+02A8Fh
  dw 00411h,base+0243Ah
  dw 0026Fh,base+001E4h
  dw 00311h,base+027DDh
  dw 0026Fh,base+0032Fh
  dw 00212h,base+000ECh
  dw 00100h,base+00005h

cammyPage0frame001:
  db 028h,051h,06Eh,033h
  db 07Eh
  db 05Ch,02Fh,026h,056h,038h
  db 000h,000h
  db 000h,000h
  dw 0037Fh,base+0002Bh
  dw 00480h,base+00CA0h
  dw 00480h,base+00059h
  dw 0047Fh,base+0243Eh
  dw 00580h,base+01FF5h
  dw 00680h,base+019D8h
  dw 00781h,base+01770h
  dw 0067Fh,base+01C11h
  dw 00506h,base+01FFAh
  dw 0017Ah,base+0009Eh
  dw 00506h,base+02031h
  dw 0017Ah,base+0009Eh
  dw 00506h,base+014CFh
  dw 00179h,base+0009Eh
  dw 00607h,base+01BFFh
  dw 00179h,base+00102h
  dw 00680h,base+01C05h
  dw 00102h,base+0004Eh
  dw 0047Ch,base+01C31h
  dw 00880h,base+01385h
  dw 00880h,base+013A5h
  dw 0077Fh,base+01754h
  dw 00980h,base+00F32h
  dw 00A7Fh,base+00BE0h
  dw 00B80h,base+008D3h
  dw 00B7Fh,base+008DEh
  dw 00C80h,base+006FFh
  dw 00C80h,base+0070Bh
  dw 00C80h,base+00717h
  dw 00C80h,base+00723h
  dw 00D80h,base+004D0h
  dw 00203h,base+0011Eh
  dw 00A82h,base+00BEAh
  dw 0087Eh,base+01395h
  dw 00102h,base+001BFh
  dw 00506h,base+02004h
  dw 00378h,base+027AAh
  dw 00102h,base+001BFh
  dw 00506h,base+02009h
  dw 00378h,base+027ADh
  dw 00102h,base+00005h
  dw 00506h,base+0200Eh
  dw 00378h,base+027B0h
  dw 00102h,base+0004Ah
  dw 00506h,base+02013h
  dw 00377h,base+027B3h
  dw 00203h,base+0063Ah
  dw 00607h,base+01C0Bh
  dw 00276h,base+001D0h
  dw 00102h,base+00172h
  dw 00708h,base+0175Bh
  dw 00276h,base+00014h
  dw 00102h,base+000AEh
  dw 00709h,base+01762h
  dw 00174h,base+0000Fh
  dw 00203h,base+00775h
  dw 00709h,base+01769h
  dw 00174h,base+0001Dh
  dw 00103h,base+0001Dh
  dw 00809h,base+0139Dh
  dw 00174h,base+0001Dh
  dw 00102h,base+00172h
  dw 0090Ah,base+00F3Bh
  dw 00176h,base+000B5h
  dw 00980h,base+00F44h
  dw 00980h,base+00F4Dh
  dw 00980h,base+00F5Fh
  dw 00405h,base+02442h
  dw 0057Bh,base+02036h
  dw 00406h,base+02446h
  dw 00479h,base+0244Ah
  dw 00507h,base+0203Bh
  dw 00479h,base+0244Eh
  dw 00407h,base+02452h
  dw 00479h,base+02456h
  dw 00408h,base+0245Ah
  dw 00378h,base+027E0h
  dw 00408h,base+0245Eh
  dw 00378h,base+00C3Fh
  dw 00308h,base+027E3h
  dw 00377h,base+0024Bh
  dw 0040Ah,base+02462h
  dw 00276h,base+005BBh
  dw 0040Ah,base+02466h
  dw 00376h,base+027E6h
  dw 0030Ah,base+027E9h
  dw 00376h,base+0060Ch
  dw 0030Bh,base+00574h
  dw 00275h,base+00081h
  dw 0030Bh,base+00574h
  dw 00275h,base+0023Ch
  dw 0030Bh,base+0081Ch
  dw 00375h,base+027ECh
  dw 0030Ch,base+027EFh
  dw 00274h,base+00502h
  dw 0030Ch,base+00428h
  dw 00374h,base+027B9h
  dw 0030Ch,base+005FAh
  dw 00374h,base+027F2h
  dw 0030Ch,base+027F5h
  dw 00375h,base+00039h
  dw 0020Bh,base+00841h
  dw 00375h,base+02457h
  dw 0020Bh,base+00024h
  dw 00375h,base+027F8h
  dw 0020Bh,base+003F5h
  dw 00375h,base+0258Ah
  dw 0020Ch,base+00314h
  dw 00274h,base+00010h
  dw 0020Ch,base+0023Ch
  dw 00374h,base+004E7h
  dw 0020Dh,base+001CFh
  dw 00273h,base+000EAh
  dw 0020Dh,base+0070Dh
  dw 00273h,base+00A63h
  dw 0020Dh,base+0005Bh
  dw 00373h,base+010C0h
  dw 0030Dh,base+00764h
  dw 00373h,base+026FAh
  dw 0030Dh,base+00987h
  dw 00373h,base+027FBh
  dw 0020Eh,base+004D5h
  dw 00273h,base+00004h
  dw 0010Dh,base+00003h
  dw 00273h,base+009A0h
  dw 0010Eh,base+00117h
  dw 00172h,base+0002Dh
  dw 0010Eh,base+00CDFh
  dw 00172h,base+0000Fh
  dw 0020Eh,base+00071h
  dw 00172h,base+00006h
  dw 0020Eh,base+02A8Bh
  dw 00272h,base+00622h
  dw 0020Eh,base+012E4h
  dw 00272h,base+013C8h
  dw 0020Eh,base+00AE9h
  dw 00271h,base+0215Dh
  dw 00310h,base+0071Dh
  dw 0016Fh,base+00117h
  dw 00411h,base+0246Ah
  dw 0026Fh,base+013C1h
  dw 00311h,base+004EFh
  dw 0026Fh,base+004D5h
  dw 00211h,base+00114h
  dw 0026Fh,base+0032Fh
  dw 00212h,base+000ECh
  dw 00100h,base+00005h

cammyPage0frame002:
  db 028h,052h,06Eh,032h
  db 07Eh
  db 05Ch,02Fh,027h,056h,038h
  db 000h,000h
  db 000h,000h
  dw 0027Fh,base+00012h
  dw 0047Fh,base+0002Ah
  dw 00580h,base+02040h
  dw 00480h,base+0246Eh
  dw 00580h,base+02045h
  dw 00680h,base+01C17h
  dw 00780h,base+01777h
  dw 00780h,base+0177Eh
  dw 00406h,base+02472h
  dw 00179h,base+00080h
  dw 00580h,base+0204Ah
  dw 00581h,base+01CB4h
  dw 0047Fh,base+017FFh
  dw 0057Fh,base+0204Fh
  dw 00680h,base+01C1Dh
  dw 0067Fh,base+01C23h
  dw 00780h,base+01785h
  dw 0097Fh,base+00F68h
  dw 00A80h,base+00BF4h
  dw 00A7Fh,base+00BFEh
  dw 00B80h,base+008E9h
  dw 00B7Fh,base+008F4h
  dw 00D80h,base+004DDh
  dw 00D80h,base+004EAh
  dw 00304h,base+00CA5h
  dw 0097Dh,base+00F71h
  dw 00203h,base+015F3h
  dw 00980h,base+00F7Ah
  dw 00A80h,base+00C08h
  dw 00A80h,base+00C12h
  dw 00708h,base+0178Ch
  dw 00378h,base+027FEh
  dw 00B80h,base+008FFh
  dw 00B81h,base+0090Ah
  dw 00A7Eh,base+00C1Ch
  dw 00B80h,base+00915h
  dw 00B80h,base+00920h
  dw 00A80h,base+00C26h
  dw 00A80h,base+00C30h
  dw 00A7Fh,base+00C3Ah
  dw 00B80h,base+0092Bh
  dw 00C80h,base+0072Fh
  dw 00B81h,base+00936h
  dw 00980h,base+00F83h
  dw 00A80h,base+00C44h
  dw 00405h,base+02476h
  dw 0057Ah,base+02054h
  dw 00507h,base+02059h
  dw 00479h,base+0247Ah
  dw 00507h,base+0205Eh
  dw 00479h,base+0247Eh
  dw 00507h,base+02063h
  dw 00479h,base+02482h
  dw 00408h,base+02486h
  dw 00378h,base+011DEh
  dw 00408h,base+0248Ah
  dw 00378h,base+0024Bh
  dw 00408h,base+0248Eh
  dw 00378h,base+02801h
  dw 00309h,base+0101Ah
  dw 00276h,base+00010h
  dw 0040Ah,base+02492h
  dw 00276h,base+00753h
  dw 0030Bh,base+02804h
  dw 00275h,base+0045Eh
  dw 0030Bh,base+02807h
  dw 00275h,base+000FCh
  dw 0030Bh,base+0280Ah
  dw 00275h,base+0023Ch
  dw 0030Bh,base+0112Ah
  dw 00376h,base+0280Dh
  dw 0020Bh,base+00019h
  dw 00275h,base+00502h
  dw 0030Bh,base+02810h
  dw 00375h,base+0022Eh
  dw 0030Bh,base+02813h
  dw 00375h,base+02816h
  dw 0030Bh,base+02819h
  dw 00375h,base+02457h
  dw 0030Bh,base+0281Ch
  dw 00375h,base+02457h
  dw 0030Bh,base+0281Fh
  dw 00375h,base+01E99h
  dw 0020Bh,base+003F5h
  dw 00375h,base+003FEh
  dw 0020Ch,base+0011Fh
  dw 00274h,base+00019h
  dw 0020Ch,base+00667h
  dw 00374h,base+02822h
  dw 0020Dh,base+0032Ah
  dw 00273h,base+000FCh
  dw 0020Dh,base+0070Dh
  dw 00273h,base+009A5h
  dw 0020Dh,base+0005Bh
  dw 00373h,base+02825h
  dw 0030Dh,base+00764h
  dw 00373h,base+02828h
  dw 0030Dh,base+00987h
  dw 00373h,base+0282Bh
  dw 0020Eh,base+004D5h
  dw 00273h,base+0009Fh
  dw 0010Dh,base+00003h
  dw 00273h,base+009A0h
  dw 0010Eh,base+00117h
  dw 00172h,base+0002Dh
  dw 0010Eh,base+00CDFh
  dw 00172h,base+0000Fh
  dw 0020Eh,base+00071h
  dw 00172h,base+00006h
  dw 0020Eh,base+02A8Bh
  dw 00272h,base+00622h
  dw 0020Eh,base+012E4h
  dw 00272h,base+013C8h
  dw 0020Eh,base+00AE9h
  dw 00271h,base+0215Dh
  dw 00310h,base+0071Dh
  dw 00170h,base+00117h
  dw 00310h,base+0246Bh
  dw 0026Fh,base+013C1h
  dw 00311h,base+013D4h
  dw 0026Fh,base+0064Bh
  dw 00211h,base+004E3h
  dw 0026Fh,base+005F4h
  dw 00212h,base+00606h
  dw 0016Eh,base+00012h
  dw 00112h,base+00080h
  dw 00100h,base+00005h

cammyPage0frame003:
  db 026h,051h,070h,033h
  db 07Ch
  db 05Ch,02Fh,026h,056h,038h
  db 000h,000h
  db 000h,000h
  dw 0037Fh,base+0082Ch
  dw 00480h,base+00CA0h
  dw 00480h,base+00059h
  dw 0047Fh,base+0243Eh
  dw 00580h,base+01FF5h
  dw 00680h,base+01BF3h
  dw 00781h,base+0174Dh
  dw 0067Fh,base+01C29h
  dw 00506h,base+01FFAh
  dw 0017Ah,base+0009Eh
  dw 00506h,base+02031h
  dw 0017Ah,base+0009Eh
  dw 00506h,base+02068h
  dw 0017Ah,base+0009Eh
  dw 00506h,base+017B8h
  dw 0017Ah,base+00102h
  dw 0057Fh,base+01C06h
  dw 0067Fh,base+01C2Fh
  dw 00780h,base+01793h
  dw 00780h,base+0179Ah
  dw 00780h,base+017A1h
  dw 00980h,base+00F8Ch
  dw 0097Fh,base+00F95h
  dw 00A80h,base+00C4Eh
  dw 00A7Fh,base+00C58h
  dw 00B80h,base+00941h
  dw 00B80h,base+0094Ch
  dw 00C80h,base+0073Bh
  dw 00C80h,base+00747h
  dw 00D80h,base+004F7h
  dw 00203h,base+002AEh
  dw 00A80h,base+00C62h
  dw 00A7Fh,base+00C6Ch
  dw 00607h,base+01C35h
  dw 00579h,base+0206Dh
  dw 00102h,base+00172h
  dw 00506h,base+02072h
  dw 00478h,base+02496h
  dw 00102h,base+00005h
  dw 00A7Eh,base+00C76h
  dw 00102h,base+000A1h
  dw 0097Eh,base+00F9Eh
  dw 00102h,base+000A1h
  dw 0097Fh,base+00FA7h
  dw 0097Eh,base+00FB0h
  dw 00102h,base+000A2h
  dw 0097Eh,base+00FB9h
  dw 00102h,base+0001Dh
  dw 00809h,base+013ADh
  dw 00174h,base+000B5h
  dw 00A0Ch,base+00C80h
  dw 00175h,base+0001Dh
  dw 00A0Bh,base+00C8Ah
  dw 00176h,base+0001Dh
  dw 00B80h,base+00957h
  dw 00980h,base+00FC2h
  dw 00980h,base+00FCBh
  dw 00405h,base+02442h
  dw 0057Bh,base+02036h
  dw 00406h,base+02446h
  dw 00479h,base+0244Ah
  dw 00507h,base+0203Bh
  dw 00479h,base+0244Eh
  dw 00407h,base+02452h
  dw 00479h,base+02456h
  dw 00408h,base+0245Ah
  dw 00378h,base+027E0h
  dw 00408h,base+0245Eh
  dw 00378h,base+00C3Fh
  dw 00308h,base+027E3h
  dw 00377h,base+0024Bh
  dw 0040Ah,base+02462h
  dw 00276h,base+005BBh
  dw 0040Ah,base+02466h
  dw 00376h,base+027E6h
  dw 0030Ah,base+027E9h
  dw 00376h,base+0060Ch
  dw 0030Bh,base+00574h
  dw 00275h,base+00081h
  dw 0030Bh,base+00574h
  dw 00275h,base+0023Ch
  dw 0030Bh,base+0081Ch
  dw 00375h,base+027ECh
  dw 0030Ch,base+027EFh
  dw 00274h,base+00502h
  dw 0030Ch,base+00428h
  dw 00374h,base+027B9h
  dw 0030Ch,base+005FAh
  dw 00374h,base+027F2h
  dw 0030Ch,base+027F5h
  dw 00375h,base+00039h
  dw 0020Bh,base+00841h
  dw 00375h,base+02457h
  dw 0020Bh,base+00024h
  dw 00375h,base+027F8h
  dw 0020Bh,base+003F5h
  dw 00375h,base+0258Ah
  dw 0020Ch,base+00314h
  dw 00274h,base+00010h
  dw 0020Ch,base+00089h
  dw 00374h,base+02822h
  dw 0020Dh,base+001CFh
  dw 00273h,base+000EAh
  dw 0020Dh,base+0070Dh
  dw 00273h,base+00A63h
  dw 0020Dh,base+0005Bh
  dw 00373h,base+010C0h
  dw 0030Dh,base+00764h
  dw 00373h,base+026FAh
  dw 0030Dh,base+00987h
  dw 00373h,base+027FBh
  dw 0020Eh,base+004D5h
  dw 00273h,base+00004h
  dw 0010Dh,base+00003h
  dw 00273h,base+009A0h
  dw 0010Eh,base+00117h
  dw 00172h,base+0002Dh
  dw 0010Eh,base+00CDFh
  dw 00172h,base+0000Fh
  dw 0020Eh,base+00071h
  dw 00172h,base+00006h
  dw 0020Eh,base+02A8Bh
  dw 00272h,base+00622h
  dw 0020Eh,base+012E4h
  dw 00272h,base+013C8h
  dw 0020Eh,base+00AE9h
  dw 00271h,base+000B1h
  dw 00310h,base+0071Dh
  dw 0016Fh,base+00117h
  dw 00411h,base+0246Ah
  dw 0026Fh,base+013C1h
  dw 00311h,base+004EFh
  dw 0026Fh,base+004D5h
  dw 00211h,base+00114h
  dw 0026Fh,base+0032Fh
  dw 00212h,base+000ECh
  dw 00100h,base+00005h

cammyPage0frame004:
  db 028h,050h,06Eh,034h
  db 07Ch
  db 05Ch,02Fh,025h,056h,038h
  db 000h,000h
  db 000h,000h
  dw 0037Fh,base+0082Ch
  dw 00480h,base+00CA0h
  dw 00480h,base+00059h
  dw 0047Fh,base+0240Ah
  dw 00580h,base+01FF5h
  dw 00680h,base+01BF3h
  dw 00781h,base+0174Dh
  dw 0067Fh,base+01BF9h
  dw 00506h,base+01FFAh
  dw 0017Ah,base+0009Eh
  dw 00506h,base+01FFFh
  dw 0017Ah,base+0009Eh
  dw 00506h,base+02068h
  dw 0017Ah,base+0009Eh
  dw 00506h,base+017B8h
  dw 0017Ah,base+00102h
  dw 0057Fh,base+01C06h
  dw 0067Fh,base+01C2Fh
  dw 00780h,base+01793h
  dw 00780h,base+0179Ah
  dw 00780h,base+017A1h
  dw 00980h,base+00F8Ch
  dw 0097Fh,base+00F95h
  dw 00A80h,base+00C4Eh
  dw 00A7Fh,base+00C58h
  dw 00B80h,base+00941h
  dw 00B80h,base+0094Ch
  dw 00C80h,base+0073Bh
  dw 00C80h,base+00747h
  dw 00D80h,base+004F7h
  dw 00203h,base+002AEh
  dw 00A80h,base+00C62h
  dw 00A7Fh,base+00C6Ch
  dw 00607h,base+01C35h
  dw 00579h,base+0206Dh
  dw 00102h,base+00172h
  dw 00506h,base+02072h
  dw 00478h,base+02496h
  dw 00102h,base+00005h
  dw 00A7Eh,base+00C76h
  dw 00102h,base+000A1h
  dw 0097Eh,base+00F9Eh
  dw 00102h,base+000A1h
  dw 0097Fh,base+00FA7h
  dw 0097Eh,base+00FB0h
  dw 00102h,base+000A2h
  dw 0097Eh,base+00FB9h
  dw 00102h,base+0001Dh
  dw 00809h,base+013ADh
  dw 00174h,base+000B5h
  dw 00A0Ch,base+00C80h
  dw 00175h,base+0001Dh
  dw 00A0Bh,base+00C8Ah
  dw 00176h,base+0001Dh
  dw 00B80h,base+00957h
  dw 00980h,base+00FC2h
  dw 00980h,base+00FCBh
  dw 00405h,base+0240Eh
  dw 0047Ah,base+02412h
  dw 00506h,base+02018h
  dw 0047Ah,base+02416h
  dw 00507h,base+0201Dh
  dw 00379h,base+027B6h
  dw 00507h,base+02022h
  dw 00479h,base+0241Ah
  dw 00407h,base+0241Eh
  dw 00478h,base+02422h
  dw 00509h,base+02027h
  dw 00377h,base+027B9h
  dw 00509h,base+0202Ch
  dw 00377h,base+007A7h
  dw 00409h,base+02426h
  dw 00377h,base+027BCh
  dw 0040Ah,base+000E8h
  dw 00276h,base+00CC7h
  dw 0030Ah,base+00E4Eh
  dw 00275h,base+0075Fh
  dw 0040Bh,base+0242Ah
  dw 00375h,base+027BFh
  dw 0030Ch,base+0055Ah
  dw 00274h,base+00102h
  dw 0030Ch,base+005BAh
  dw 00274h,base+0021Eh
  dw 0030Ch,base+027C2h
  dw 00374h,base+027C5h
  dw 0040Ch,base+0242Eh
  dw 00375h,base+006F6h
  dw 0030Bh,base+027C8h
  dw 00375h,base+0032Ch
  dw 0030Bh,base+027CBh
  dw 00375h,base+0101Ch
  dw 0030Bh,base+027CEh
  dw 00475h,base+02432h
  dw 0030Ch,base+027D1h
  dw 00375h,base+00F84h
  dw 0020Bh,base+005FDh
  dw 00375h,base+00109h
  dw 0020Bh,base+000FCh
  dw 00375h,base+0117Bh
  dw 0020Ch,base+0039Ch
  dw 00274h,base+000FCh
  dw 0020Ch,base+0051Ch
  dw 00274h,base+0023Ch
  dw 0020Dh,base+0070Dh
  dw 00273h,base+02A89h
  dw 0020Dh,base+00071h
  dw 00273h,base+00D18h
  dw 0030Dh,base+027D4h
  dw 00273h,base+01ECCh
  dw 0030Dh,base+027D7h
  dw 00273h,base+0014Dh
  dw 0020Dh,base+004D5h
  dw 00274h,base+002CDh
  dw 0010Dh,base+00003h
  dw 00173h,base+00102h
  dw 0010Dh,base+00117h
  dw 00273h,base+00071h
  dw 0010Eh,base+00CDFh
  dw 00172h,base+0001Bh
  dw 0020Eh,base+00071h
  dw 00172h,base+00004h
  dw 0020Eh,base+02A8Bh
  dw 00172h,base+00234h
  dw 0020Eh,base+012E4h
  dw 00271h,base+025D3h
  dw 0030Fh,base+027DAh
  dw 00270h,base+02A8Dh
  dw 00411h,base+02436h
  dw 0026Fh,base+02A8Fh
  dw 00411h,base+0243Ah
  dw 0026Fh,base+001E4h
  dw 00311h,base+027DDh
  dw 0026Fh,base+0032Fh
  dw 00212h,base+000ECh
  dw 00100h,base+00005h

cammyPage0frame005:
  db 02Ch,054h,068h,02Fh
  db 080h
  db 05Eh,02Fh,025h,058h,02Dh
  db 000h,000h
  db 000h,000h
  dw 0037Fh,base+0002Bh
  dw 00480h,base+00CA0h
  dw 00480h,base+0249Ah
  dw 0047Fh,base+0249Eh
  dw 00580h,base+02077h
  dw 00680h,base+01BF3h
  dw 00781h,base+017A8h
  dw 0077Fh,base+017AFh
  dw 00506h,base+0207Ch
  dw 0027Ah,base+01623h
  dw 00507h,base+02081h
  dw 00178h,base+00002h
  dw 0067Fh,base+01C3Bh
  dw 0077Fh,base+017B6h
  dw 00880h,base+013B5h
  dw 00880h,base+013BDh
  dw 00880h,base+013C5h
  dw 00880h,base+013CDh
  dw 0097Fh,base+00FD4h
  dw 00A80h,base+00C94h
  dw 00A80h,base+00C9Eh
  dw 00B7Fh,base+00962h
  dw 00D80h,base+00504h
  dw 00D80h,base+00511h
  dw 00D7Fh,base+0051Eh
  dw 00103h,base+00172h
  dw 00B7Dh,base+0096Dh
  dw 00105h,base+000AEh
  dw 0087Ah,base+013D5h
  dw 00106h,base+00172h
  dw 00405h,base+024A2h
  dw 00375h,base+01A83h
  dw 00105h,base+0004Eh
  dw 00406h,base+00265h
  dw 00304h,base+024FAh
  dw 00170h,base+000A1h
  dw 00106h,base+00172h
  dw 00406h,base+024A6h
  dw 00304h,base+009A1h
  dw 00170h,base+0001Bh
  dw 00105h,base+00005h
  dw 00507h,base+02086h
  dw 00304h,base+009A1h
  dw 0016Fh,base+00172h
  dw 00106h,base+00172h
  dw 00607h,base+01C41h
  dw 00304h,base+009ACh
  dw 0026Fh,base+00250h
  dw 00106h,base+0001Dh
  dw 00607h,base+01C47h
  dw 00305h,base+009B7h
  dw 0016Dh,base+000A1h
  dw 00206h,base+0058Ch
  dw 00708h,base+017BDh
  dw 00305h,base+01C92h
  dw 0016Eh,base+00005h
  dw 00105h,base+00172h
  dw 00709h,base+017C4h
  dw 00205h,base+004B2h
  dw 00172h,base+000A1h
  dw 00709h,base+017CBh
  dw 00105h,base+000E5h
  dw 00172h,base+0001Dh
  dw 0070Eh,base+017D2h
  dw 00272h,base+00838h
  dw 0070Eh,base+017D9h
  dw 00172h,base+000A1h
  dw 00780h,base+017E0h
  dw 00780h,base+017E7h
  dw 00780h,base+017EEh
  dw 00781h,base+017F5h
  dw 00680h,base+01C4Dh
  dw 00680h,base+01C53h
  dw 00680h,base+01C59h
  dw 00681h,base+01C5Fh
  dw 00580h,base+0208Bh
  dw 00580h,base+02090h
  dw 00580h,base+02095h
  dw 00481h,base+024AAh
  dw 00380h,base+0282Eh
  dw 00380h,base+02831h
  dw 0037Fh,base+00F32h
  dw 00480h,base+024AEh
  dw 00380h,base+02834h
  dw 00380h,base+02834h
  dw 0037Fh,base+02837h
  dw 00580h,base+0209Ah
  dw 0057Fh,base+0209Fh
  dw 00680h,base+01C65h
  dw 00680h,base+01C6Bh
  dw 00204h,base+004CCh
  dw 0037Ch,base+0283Ah
  dw 00204h,base+00DB7h
  dw 0037Ch,base+0283Ah
  dw 00204h,base+01A96h
  dw 0037Ch,base+00D0Ch
  dw 00204h,base+02A91h
  dw 0037Ch,base+0117Bh
  dw 00205h,base+01A96h
  dw 0027Bh,base+00052h
  dw 00205h,base+02A93h
  dw 0027Ch,base+0018Fh
  dw 00104h,base+0004Ch
  dw 0027Ch,base+0039Ch
  dw 00104h,base+00DB8h
  dw 0027Ch,base+02A95h
  dw 00104h,base+00036h
  dw 0027Ch,base+00071h
  dw 00104h,base+00712h
  dw 00380h,base+0283Dh
  dw 00380h,base+02840h
  dw 00381h,base+02767h
  dw 00180h,base+00005h
  dw 00180h,base+000A2h
  dw 00281h,base+004E3h
  dw 00180h,base+000B2h
  dw 00180h,base+00012h
  dw 00180h,base+0009Eh
  dw 00280h,base+00012h
  dw 00280h,base+02A97h
  dw 00280h,base+0032Fh
  dw 00280h,base+028DCh
  dw 00381h,base+01557h
  dw 00280h,base+00C1Eh
  dw 00200h,base+0269Ah

cammyPage0frame006:
  db 01Ch,051h,06Eh,034h
  db 080h
  db 05Bh,02Fh,025h,055h,02Dh
  db 000h,000h
  db 000h,000h
  dw 0027Fh,base+00012h
  dw 0047Fh,base+0002Ah
  dw 00580h,base+020A4h
  dw 00480h,base+024B2h
  dw 00580h,base+020A9h
  dw 00580h,base+020AEh
  dw 00680h,base+01C71h
  dw 00680h,base+01C77h
  dw 00405h,base+024B6h
  dw 0017Ah,base+007CEh
  dw 00506h,base+020B3h
  dw 0017Ah,base+007CEh
  dw 00506h,base+020B8h
  dw 00178h,base+007CEh
  dw 00708h,base+017FCh
  dw 00178h,base+00010h
  dw 00708h,base+01803h
  dw 00178h,base+0000Fh
  dw 00880h,base+013DDh
  dw 0087Fh,base+013E5h
  dw 00980h,base+00FDDh
  dw 00980h,base+00FE6h
  dw 00A80h,base+00CA8h
  dw 00A7Fh,base+00CB2h
  dw 00C80h,base+00753h
  dw 00C80h,base+0075Fh
  dw 00C81h,base+0052Ch
  dw 00B80h,base+0053Ah
  dw 00B80h,base+00978h
  dw 00B80h,base+00983h
  dw 00102h,base+000A1h
  dw 0097Eh,base+00FEFh
  dw 00102h,base+0001Bh
  dw 0097Dh,base+00FF8h
  dw 00103h,base+00172h
  dw 00405h,base+00FA7h
  dw 00478h,base+024BAh
  dw 00102h,base+0004Eh
  dw 00506h,base+020BDh
  dw 00478h,base+009A0h
  dw 00102h,base+000A1h
  dw 00506h,base+020C2h
  dw 00478h,base+024BEh
  dw 00102h,base+0001Bh
  dw 00507h,base+020C7h
  dw 00376h,base+009B7h
  dw 00102h,base+00172h
  dw 00608h,base+01C7Dh
  dw 00376h,base+0043Fh
  dw 00102h,base+0004Eh
  dw 00708h,base+0180Ah
  dw 00275h,base+00089h
  dw 00203h,base+003A5h
  dw 00708h,base+01811h
  dw 00275h,base+00645h
  dw 00203h,base+00838h
  dw 00708h,base+01818h
  dw 00175h,base+00172h
  dw 00203h,base+00384h
  dw 00709h,base+0181Fh
  dw 00175h,base+000E5h
  dw 00102h,base+000A1h
  dw 00709h,base+01826h
  dw 00177h,base+0001Dh
  dw 00709h,base+0182Dh
  dw 00277h,base+0076Bh
  dw 00709h,base+01834h
  dw 00177h,base+000B5h
  dw 00780h,base+0183Bh
  dw 00780h,base+01842h
  dw 00780h,base+01849h
  dw 00780h,base+01850h
  dw 00781h,base+01857h
  dw 00680h,base+01C83h
  dw 00680h,base+01C89h
  dw 00680h,base+01C8Fh
  dw 00581h,base+020CCh
  dw 00480h,base+024C2h
  dw 00480h,base+024C6h
  dw 00480h,base+024CAh
  dw 00480h,base+024CEh
  dw 00380h,base+00835h
  dw 00380h,base+02843h
  dw 00380h,base+005FDh
  dw 0037Fh,base+02846h
  dw 00380h,base+02849h
  dw 00380h,base+02692h
  dw 00380h,base+011D5h
  dw 00380h,base+011D5h
  dw 00380h,base+00553h
  dw 0037Fh,base+0284Ch
  dw 00380h,base+0284Fh
  dw 00380h,base+02852h
  dw 00380h,base+02855h
  dw 00380h,base+02858h
  dw 00380h,base+003F7h
  dw 00381h,base+0213Ah
  dw 00280h,base+0033Ch
  dw 00280h,base+00014h
  dw 00180h,base+000E5h
  dw 00180h,base+001D6h
  dw 00180h,base+00080h
  dw 00180h,base+00114h
  dw 00180h,base+00080h
  dw 0017Fh,base+00114h
  dw 00280h,base+004E6h
  dw 00380h,base+0285Bh
  dw 00380h,base+02767h
  dw 00381h,base+005E1h
  dw 00100h,base+00080h

cammyPage0frame007:
  db 01Eh,053h,06Ch,032h
  db 080h
  db 059h,02Fh,025h,053h,02Dh
  db 000h,000h
  db 000h,000h
  dw 0027Fh,base+00012h
  dw 0047Fh,base+0002Ah
  dw 00580h,base+020A4h
  dw 00480h,base+024D2h
  dw 00580h,base+020A9h
  dw 00580h,base+020D1h
  dw 00680h,base+01C95h
  dw 00680h,base+01C9Bh
  dw 00405h,base+024B6h
  dw 0017Ah,base+007CEh
  dw 00506h,base+020D6h
  dw 0017Ah,base+007CEh
  dw 00506h,base+020B8h
  dw 00178h,base+007CEh
  dw 00708h,base+017FCh
  dw 00178h,base+00010h
  dw 00708h,base+01803h
  dw 00178h,base+0000Fh
  dw 00880h,base+013DDh
  dw 0087Fh,base+013E5h
  dw 00980h,base+00FDDh
  dw 00980h,base+00FE6h
  dw 00A80h,base+00CA8h
  dw 00A7Fh,base+00CB2h
  dw 00C80h,base+00753h
  dw 00C80h,base+0075Fh
  dw 00C81h,base+0052Ch
  dw 00B80h,base+0053Ah
  dw 00B81h,base+00978h
  dw 00A81h,base+00CBCh
  dw 0097Eh,base+01001h
  dw 00102h,base+000A2h
  dw 0097Eh,base+0100Ah
  dw 00B80h,base+0098Eh
  dw 00B80h,base+00999h
  dw 00B80h,base+009A4h
  dw 00B80h,base+009AFh
  dw 00607h,base+01CA1h
  dw 00478h,base+024D6h
  dw 00B80h,base+009BAh
  dw 00B80h,base+009C5h
  dw 00A7Fh,base+00CC6h
  dw 00B80h,base+009D0h
  dw 00C80h,base+0076Bh
  dw 00C81h,base+00777h
  dw 00A80h,base+00CD0h
  dw 00A80h,base+00CDAh
  dw 00980h,base+01013h
  dw 00405h,base+024DAh
  dw 0047Bh,base+01F34h
  dw 00405h,base+024DEh
  dw 0047Bh,base+024E2h
  dw 00406h,base+024E6h
  dw 0037Ah,base+00018h
  dw 00406h,base+024EAh
  dw 0047Bh,base+00F0Ah
  dw 00306h,base+0285Eh
  dw 0037Ah,base+02861h
  dw 00306h,base+02864h
  dw 0037Ah,base+02867h
  dw 00306h,base+0286Ah
  dw 0037Ah,base+01772h
  dw 00306h,base+00365h
  dw 0037Ah,base+012D7h
  dw 00306h,base+0117Bh
  dw 0037Ah,base+0286Dh
  dw 00306h,base+0081Ch
  dw 0037Ah,base+0096Ah
  dw 00206h,base+002BEh
  dw 0037Ah,base+000A6h
  dw 00206h,base+00314h
  dw 0037Ah,base+0096Ah
  dw 00206h,base+00488h
  dw 0027Ah,base+00018h
  dw 00206h,base+0018Fh
  dw 0027Ah,base+00502h
  dw 00206h,base+000EFh
  dw 00279h,base+00052h
  dw 00306h,base+0280Ah
  dw 0027Ah,base+0011Fh
  dw 00306h,base+00848h
  dw 0027Ah,base+00102h
  dw 00306h,base+02870h
  dw 0027Ah,base+0082Dh
  dw 00305h,base+00B38h
  dw 0037Bh,base+00A0Ah
  dw 00305h,base+00747h
  dw 0037Bh,base+02572h
  dw 00205h,base+00039h
  dw 0037Bh,base+02873h
  dw 00206h,base+00001h
  dw 0027Ah,base+00004h
  dw 00206h,base+0009Ch
  dw 0017Ah,base+0002Dh
  dw 00206h,base+002E6h
  dw 0017Ah,base+0002Dh
  dw 00105h,base+00000h
  dw 0027Ah,base+005EEh
  dw 00206h,base+02A99h
  dw 0027Ah,base+0064Bh
  dw 00206h,base+005EEh
  dw 0027Ah,base+0264Ch
  dw 00206h,base+02A9Bh
  dw 0027Ah,base+0289Eh
  dw 00206h,base+004B5h
  dw 0027Ah,base+01290h
  dw 00206h,base+00159h
  dw 0027Ah,base+02A81h
  dw 00206h,base+0040Ch
  dw 0027Ah,base+02A9Dh
  dw 00107h,base+00006h
  dw 00179h,base+00117h
  dw 00107h,base+000C7h
  dw 00179h,base+00114h
  dw 00107h,base+000B3h
  dw 00279h,base+00763h
  dw 00107h,base+000C7h
  dw 00278h,base+02A9Fh
  dw 00209h,base+02AA1h
  dw 00177h,base+00036h
  dw 00209h,base+00594h
  dw 00177h,base+00080h
  dw 00280h,base+00071h
  dw 0027Fh,base+024F0h
  dw 00380h,base+027D7h
  dw 00380h,base+005E1h
  dw 00200h,base+000ECh

cammyPage0frame008:
  db 02Ah,054h,068h,02Fh
  db 080h
  db 05Dh,02Fh,025h,057h,02Dh
  db 000h,000h
  db 000h,000h
  dw 0027Fh,base+00012h
  dw 0047Fh,base+0002Ah
  dw 00580h,base+020A4h
  dw 00480h,base+024B2h
  dw 00580h,base+020A9h
  dw 00680h,base+01CA7h
  dw 00780h,base+0185Eh
  dw 00780h,base+01865h
  dw 00405h,base+024B6h
  dw 0027Ah,base+01783h
  dw 00507h,base+020B3h
  dw 00179h,base+0009Eh
  dw 00507h,base+020B8h
  dw 00177h,base+00102h
  dw 00780h,base+017FCh
  dw 00780h,base+01803h
  dw 00880h,base+013DDh
  dw 0087Fh,base+013E5h
  dw 00980h,base+00FDDh
  dw 00980h,base+00FE6h
  dw 00A80h,base+00CA8h
  dw 00A7Fh,base+00CB2h
  dw 00C80h,base+00753h
  dw 00C7Fh,base+0075Fh
  dw 00D80h,base+0052Bh
  dw 00D80h,base+00538h
  dw 00102h,base+000A1h
  dw 00B7Dh,base+00978h
  dw 00105h,base+000E5h
  dw 00506h,base+020DBh
  dw 00475h,base+024EEh
  dw 00105h,base+000A1h
  dw 00406h,base+024F2h
  dw 00475h,base+024F6h
  dw 00105h,base+0001Bh
  dw 00406h,base+024F2h
  dw 00474h,base+024FAh
  dw 00106h,base+00172h
  dw 00406h,base+003B4h
  dw 00474h,base+024FEh
  dw 00106h,base+00005h
  dw 00406h,base+02502h
  dw 00304h,base+009A1h
  dw 0016Fh,base+000A1h
  dw 00106h,base+00172h
  dw 00507h,base+020E0h
  dw 00304h,base+009ACh
  dw 0016Fh,base+007CEh
  dw 00106h,base+0001Dh
  dw 00507h,base+020E5h
  dw 00304h,base+009B7h
  dw 0016Eh,base+00172h
  dw 00206h,base+0058Ch
  dw 00708h,base+0186Ch
  dw 00305h,base+01C92h
  dw 0016Eh,base+00005h
  dw 00105h,base+00172h
  dw 00708h,base+01873h
  dw 00205h,base+00089h
  dw 00173h,base+00172h
  dw 00709h,base+0187Ah
  dw 00104h,base+00080h
  dw 00273h,base+00384h
  dw 0070Dh,base+01881h
  dw 00272h,base+0058Ch
  dw 0080Eh,base+013EDh
  dw 00272h,base+00983h
  dw 00980h,base+0101Ch
  dw 00980h,base+01025h
  dw 00980h,base+0102Eh
  dw 00980h,base+01037h
  dw 00980h,base+01040h
  dw 00980h,base+01049h
  dw 00405h,base+02506h
  dw 0047Bh,base+0250Ah
  dw 00405h,base+0250Eh
  dw 0047Bh,base+02512h
  dw 00405h,base+02516h
  dw 0047Bh,base+0251Ah
  dw 00405h,base+0251Eh
  dw 0047Bh,base+02522h
  dw 00305h,base+02876h
  dw 0047Bh,base+0124Fh
  dw 00306h,base+0201Dh
  dw 0027Ah,base+00000h
  dw 00306h,base+02879h
  dw 0027Ah,base+00000h
  dw 00306h,base+0055Ah
  dw 0027Ah,base+00019h
  dw 00306h,base+0287Ch
  dw 0027Ah,base+00581h
  dw 00306h,base+0081Ch
  dw 0027Ah,base+0011Fh
  dw 00206h,base+00314h
  dw 0027Ah,base+0011Fh
  dw 00206h,base+000FCh
  dw 00279h,base+0011Fh
  dw 00307h,base+014C5h
  dw 00279h,base+002BEh
  dw 00207h,base+00458h
  dw 00379h,base+0287Fh
  dw 00207h,base+00458h
  dw 00379h,base+00487h
  dw 00207h,base+005B9h
  dw 00378h,base+013BDh
  dw 00308h,base+006EBh
  dw 00378h,base+02882h
  dw 00308h,base+00C3Fh
  dw 00378h,base+0003Fh
  dw 00308h,base+02885h
  dw 00378h,base+004DDh
  dw 00208h,base+00314h
  dw 00378h,base+006F6h
  dw 00209h,base+00BA9h
  dw 00276h,base+00001h
  dw 0020Ah,base+0005Bh
  dw 00276h,base+00052h
  dw 0020Ah,base+02AA3h
  dw 00276h,base+000FCh
  dw 0020Ah,base+02A05h
  dw 00276h,base+0019Dh
  dw 0020Ah,base+00071h
  dw 00276h,base+00102h
  dw 0010Ah,base+00004h
  dw 00276h,base+005EEh
  dw 0010Ah,base+000B3h
  dw 00375h,base+01A8Fh
  dw 0020Bh,base+0009Fh
  dw 00375h,base+02888h
  dw 0020Bh,base+01E5Ah
  dw 00275h,base+028F7h
  dw 0010Ch,base+00778h
  dw 00173h,base+00005h
  dw 0020Dh,base+004E0h
  dw 00173h,base+000AEh
  dw 0020Dh,base+00570h
  dw 00173h,base+0002Dh
  dw 0020Dh,base+02AA5h
  dw 00173h,base+00712h
  dw 0020Dh,base+02AA7h
  dw 00173h,base+0001Ch
  dw 0010Dh,base+00117h
  dw 00173h,base+00080h
  dw 0010Dh,base+00005h
  dw 00180h,base+00012h
  dw 00180h,base+00080h
  dw 00280h,base+004E3h
  dw 00280h,base+00AB1h
  dw 00280h,base+029CFh
  dw 00281h,base+011B4h
  dw 00100h,base+00080h

cammyPage0frame009:
  db 024h,04Fh,06Ah,034h
  db 080h
  db 059h,02Fh,025h,053h,02Dh
  db 000h,000h
  db 000h,000h
  dw 0027Fh,base+00012h
  dw 0047Fh,base+0002Ah
  dw 00580h,base+020A4h
  dw 00480h,base+024B2h
  dw 00580h,base+020A9h
  dw 00580h,base+020AEh
  dw 00680h,base+01C71h
  dw 00680h,base+01C77h
  dw 00405h,base+024B6h
  dw 0017Ah,base+007CEh
  dw 00506h,base+020B3h
  dw 0017Ah,base+007CEh
  dw 00506h,base+020B8h
  dw 00178h,base+007CEh
  dw 00708h,base+017FCh
  dw 00178h,base+00010h
  dw 00708h,base+01803h
  dw 00178h,base+0000Fh
  dw 00880h,base+013DDh
  dw 0087Fh,base+013E5h
  dw 00980h,base+00FDDh
  dw 00980h,base+00FE6h
  dw 00A80h,base+00CA8h
  dw 00A7Fh,base+00CB2h
  dw 00C80h,base+00753h
  dw 00C80h,base+0075Fh
  dw 00C81h,base+0052Ch
  dw 00B80h,base+0053Ah
  dw 00B7Fh,base+00978h
  dw 00203h,base+01806h
  dw 00506h,base+020EAh
  dw 00377h,base+0098Bh
  dw 00103h,base+00172h
  dw 00506h,base+020EFh
  dw 00377h,base+00FF5h
  dw 00103h,base+000AEh
  dw 00406h,base+02526h
  dw 00376h,base+00C87h
  dw 00204h,base+006E6h
  dw 00406h,base+0252Ah
  dw 00376h,base+00996h
  dw 00104h,base+00005h
  dw 00406h,base+0002Ah
  dw 00375h,base+009A1h
  dw 00204h,base+006E6h
  dw 00507h,base+020F4h
  dw 00375h,base+009ACh
  dw 00104h,base+0004Eh
  dw 00507h,base+020F9h
  dw 00375h,base+009B7h
  dw 00103h,base+000A1h
  dw 00708h,base+01888h
  dw 00374h,base+0043Fh
  dw 00204h,base+00034h
  dw 00708h,base+0188Fh
  dw 00474h,base+0252Eh
  dw 00104h,base+007CEh
  dw 00709h,base+01896h
  dw 00372h,base+0288Bh
  dw 00205h,base+0058Ch
  dw 0070Bh,base+0189Dh
  dw 00171h,base+00172h
  dw 00103h,base+0001Dh
  dw 0090Ch,base+01052h
  dw 00271h,base+00775h
  dw 00103h,base+00172h
  dw 0090Ch,base+0105Bh
  dw 00274h,base+00781h
  dw 0090Ch,base+01064h
  dw 00274h,base+02AA9h
  dw 00980h,base+0106Dh
  dw 00980h,base+01076h
  dw 00980h,base+0107Fh
  dw 00980h,base+01088h
  dw 00880h,base+013F5h
  dw 00881h,base+013FDh
  dw 00304h,base+0288Eh
  dw 0037Ch,base+02457h
  dw 00304h,base+02891h
  dw 0037Ch,base+00B38h
  dw 00204h,base+0003Eh
  dw 0037Ch,base+0009Bh
  dw 00204h,base+00052h
  dw 0037Ch,base+01166h
  dw 00204h,base+00049h
  dw 0027Ch,base+00099h
  dw 00204h,base+007F9h
  dw 0027Ch,base+00040h
  dw 00204h,base+00B21h
  dw 0027Bh,base+0011Fh
  dw 00305h,base+02894h
  dw 0027Bh,base+0023Ch
  dw 00305h,base+02870h
  dw 0027Bh,base+00102h
  dw 00305h,base+0031Eh
  dw 0027Bh,base+0058Eh
  dw 00305h,base+01B40h
  dw 0027Bh,base+01CE1h
  dw 00205h,base+0007Ch
  dw 0027Bh,base+00502h
  dw 00205h,base+00039h
  dw 0027Bh,base+00040h
  dw 00205h,base+00049h
  dw 0027Bh,base+00000h
  dw 00105h,base+00000h
  dw 0027Ah,base+00000h
  dw 00206h,base+02AABh
  dw 0027Ah,base+00001h
  dw 00306h,base+0002Bh
  dw 0027Ah,base+00052h
  dw 00306h,base+02897h
  dw 0027Ah,base+0009Ch
  dw 00206h,base+00FD6h
  dw 0017Ah,base+00000h
  dw 00205h,base+013C8h
  dw 0027Bh,base+00012h
  dw 00105h,base+00006h
  dw 0037Bh,base+0289Ah
  dw 00105h,base+000B3h
  dw 0037Bh,base+00741h
  dw 00105h,base+000AEh
  dw 0027Ah,base+002CDh
  dw 00206h,base+0002Ch
  dw 0027Ah,base+009CEh
  dw 00106h,base+0025Dh
  dw 0027Ah,base+00071h
  dw 00106h,base+00012h
  dw 0017Ah,base+000E5h
  dw 00106h,base+000B5h
  dw 00179h,base+00012h
  dw 00207h,base+02AADh
  dw 00179h,base+00080h
  dw 00207h,base+007DFh
  dw 00179h,base+00012h
  dw 00206h,base+02AAFh
  dw 0027Ah,base+01A10h
  dw 00206h,base+0009Fh
  dw 0027Ah,base+00076h
  dw 00106h,base+00004h
  dw 0027Ah,base+021F8h
  dw 00106h,base+00005h
  dw 00280h,base+002CDh
  dw 00281h,base+011B4h
  dw 00100h,base+00080h

cammyPage0frame010:
  db 01Ch,051h,06Eh,032h
  db 080h
  db 05Ah,02Fh,025h,054h,02Dh
  db 000h,000h
  db 000h,000h
  dw 0027Fh,base+00012h
  dw 0047Fh,base+0002Ah
  dw 00580h,base+020A4h
  dw 00480h,base+024B2h
  dw 00580h,base+020A9h
  dw 00580h,base+020AEh
  dw 00680h,base+01C71h
  dw 00680h,base+01C77h
  dw 00405h,base+024B6h
  dw 0017Ah,base+007CEh
  dw 00506h,base+020B3h
  dw 0017Ah,base+007CEh
  dw 00506h,base+020B8h
  dw 00178h,base+007CEh
  dw 00708h,base+017FCh
  dw 00178h,base+00010h
  dw 00708h,base+01803h
  dw 00178h,base+0000Fh
  dw 00880h,base+013DDh
  dw 0087Fh,base+013E5h
  dw 00980h,base+00FDDh
  dw 00980h,base+00FE6h
  dw 00A80h,base+00CA8h
  dw 00A7Fh,base+00CB2h
  dw 00C80h,base+00753h
  dw 00C80h,base+0075Fh
  dw 00C81h,base+0052Ch
  dw 00B80h,base+0053Ah
  dw 00B80h,base+00978h
  dw 00B80h,base+00983h
  dw 00102h,base+000A1h
  dw 0097Eh,base+00FEFh
  dw 00102h,base+0001Bh
  dw 0097Dh,base+00FF8h
  dw 00103h,base+00172h
  dw 00405h,base+00FA7h
  dw 00478h,base+024BAh
  dw 00102h,base+0004Eh
  dw 00506h,base+020BDh
  dw 00478h,base+009A0h
  dw 00102h,base+000A1h
  dw 00506h,base+020C2h
  dw 00478h,base+024BEh
  dw 00102h,base+0001Bh
  dw 00507h,base+020C7h
  dw 00376h,base+009B7h
  dw 00102h,base+00172h
  dw 00608h,base+01C7Dh
  dw 00376h,base+0043Fh
  dw 00102h,base+0004Eh
  dw 00708h,base+0180Ah
  dw 00275h,base+00089h
  dw 00203h,base+003A5h
  dw 00708h,base+01811h
  dw 00275h,base+00645h
  dw 00203h,base+00838h
  dw 00708h,base+01818h
  dw 00175h,base+00172h
  dw 00203h,base+00384h
  dw 00709h,base+0181Fh
  dw 00175h,base+000E5h
  dw 00102h,base+000A1h
  dw 00709h,base+01826h
  dw 00177h,base+0001Dh
  dw 00709h,base+0182Dh
  dw 00277h,base+0076Bh
  dw 00709h,base+01834h
  dw 00177h,base+000B5h
  dw 00780h,base+0183Bh
  dw 00780h,base+01842h
  dw 00780h,base+01849h
  dw 00780h,base+01850h
  dw 00781h,base+01857h
  dw 00680h,base+01C83h
  dw 00680h,base+01C89h
  dw 00680h,base+01C8Fh
  dw 00581h,base+020CCh
  dw 00480h,base+024C2h
  dw 00480h,base+024C6h
  dw 00480h,base+024CAh
  dw 00480h,base+024CEh
  dw 00380h,base+00835h
  dw 00380h,base+02843h
  dw 00380h,base+005FDh
  dw 0037Fh,base+02846h
  dw 00380h,base+02849h
  dw 00380h,base+02692h
  dw 00380h,base+011D5h
  dw 00380h,base+011D5h
  dw 00380h,base+0055Ah
  dw 0037Fh,base+02885h
  dw 00380h,base+0284Fh
  dw 00380h,base+02852h
  dw 00380h,base+02855h
  dw 00380h,base+02858h
  dw 00380h,base+003F7h
  dw 00381h,base+0213Ah
  dw 00280h,base+0033Ch
  dw 00280h,base+00014h
  dw 00180h,base+000E5h
  dw 00180h,base+001D6h
  dw 00180h,base+00080h
  dw 00180h,base+00114h
  dw 00180h,base+00080h
  dw 0017Fh,base+00114h
  dw 00280h,base+004E6h
  dw 00380h,base+0285Bh
  dw 00380h,base+02767h
  dw 00381h,base+005E1h
  dw 00100h,base+00080h

cammyPage0frame011:
  db 026h,031h,070h,054h
  db 08Ah
  db 066h,02Fh,025h,060h,02Dh
  db 000h,000h
  db 000h,000h
  dw 0027Fh,base+00012h
  dw 0047Fh,base+0002Ah
  dw 00580h,base+02040h
  dw 00480h,base+02532h
  dw 00580h,base+02045h
  dw 00680h,base+01CA7h
  dw 00680h,base+01CADh
  dw 00780h,base+018A4h
  dw 00405h,base+02472h
  dw 0027Ah,base+017B3h
  dw 00507h,base+020FEh
  dw 00178h,base+001BFh
  dw 0067Fh,base+01CB3h
  dw 0077Fh,base+018ABh
  dw 00880h,base+01405h
  dw 00880h,base+0140Dh
  dw 00780h,base+018B2h
  dw 00780h,base+018B9h
  dw 0077Fh,base+018C0h
  dw 00980h,base+01091h
  dw 0090Bh,base+0109Ah
  dw 00175h,base+00080h
  dw 00D7Fh,base+00545h
  dw 00E80h,base+0032Ch
  dw 00708h,base+018C7h
  dw 00678h,base+01CB9h
  dw 00708h,base+018CEh
  dw 00678h,base+01CBFh
  dw 00E80h,base+0033Ah
  dw 00E7Fh,base+00348h
  dw 00F80h,base+0020Fh
  dw 00E7Fh,base+00356h
  dw 00506h,base+02103h
  dw 0097Ah,base+010A3h
  dw 00D80h,base+00552h
  dw 00D80h,base+0055Fh
  dw 00D80h,base+0056Ch
  dw 00D80h,base+00579h
  dw 00D80h,base+00586h
  dw 00C7Fh,base+00783h
  dw 00A0Bh,base+00CE4h
  dw 00275h,base+002C2h
  dw 0090Bh,base+010ACh
  dw 00375h,base+0289Dh
  dw 0090Bh,base+010B5h
  dw 00375h,base+028A0h
  dw 0080Ch,base+01415h
  dw 00173h,base+00005h
  dw 0080Dh,base+0141Dh
  dw 00173h,base+0025Dh
  dw 0090Dh,base+010BEh
  dw 00173h,base+0001Ch
  dw 0090Dh,base+010C7h
  dw 00173h,base+00DAEh
  dw 00203h,base+02AB1h
  dw 0060Ah,base+01CC5h
  dw 00172h,base+0001Ch
  dw 00205h,base+0017Dh
  dw 00508h,base+02108h
  dw 00273h,base+011B4h
  dw 00205h,base+01CC2h
  dw 00608h,base+01CCBh
  dw 00373h,base+028A3h
  dw 00205h,base+0070Dh
  dw 00608h,base+01CD1h
  dw 00473h,base+02536h
  dw 00305h,base+028A6h
  dw 00608h,base+01CD7h
  dw 00574h,base+0210Dh
  dw 00205h,base+0002Ch
  dw 00507h,base+02112h
  dw 00574h,base+02117h
  dw 00205h,base+000ECh
  dw 00409h,base+0253Ah
  dw 00379h,base+000ECh
  dw 00200h,base+00014h

cammyPage0frame012:
  db 022h,064h,074h,021h
  db 092h
  db 064h,02Fh,025h,05Eh,02Dh
  db 000h,000h
  db 000h,000h
  dw 00180h,base+00000h
  dw 0027Dh,base+00849h
  dw 00102h,base+0009Eh
  dw 0027Eh,base+005CCh
  dw 00102h,base+00102h
  dw 0027Eh,base+003FCh
  dw 00380h,base+028A9h
  dw 00381h,base+008D6h
  dw 00280h,base+00071h
  dw 00180h,base+00012h
  dw 0017Fh,base+000AEh
  dw 00280h,base+00071h
  dw 00280h,base+00071h
  dw 00280h,base+0002Ch
  dw 0027Fh,base+000ADh
  dw 00280h,base+0005Bh
  dw 00280h,base+0005Bh
  dw 0027Bh,base+00012h
  dw 00205h,base+00012h
  dw 0027Ah,base+00011h
  dw 00405h,base+0002Ah
  dw 0037Ah,base+028ACh
  dw 00506h,base+01EABh
  dw 0037Ah,base+02804h
  dw 00506h,base+0211Ch
  dw 0037Ah,base+028AFh
  dw 00880h,base+01425h
  dw 00880h,base+0142Dh
  dw 00880h,base+01435h
  dw 00880h,base+0143Dh
  dw 00881h,base+01445h
  dw 00780h,base+018D5h
  dw 0067Fh,base+01CDDh
  dw 00780h,base+018DCh
  dw 00681h,base+01CE3h
  dw 00580h,base+02121h
  dw 00580h,base+02126h
  dw 0047Eh,base+0253Eh
  dw 00680h,base+01CE9h
  dw 0077Fh,base+018E3h
  dw 00880h,base+0144Dh
  dw 00880h,base+01455h
  dw 00880h,base+0145Dh
  dw 00607h,base+01CEFh
  dw 00279h,base+00BB1h
  dw 00608h,base+01CF5h
  dw 00179h,base+007CEh
  dw 00507h,base+0212Bh
  dw 00179h,base+001BFh
  dw 00507h,base+02130h
  dw 00179h,base+000E5h
  dw 00507h,base+02135h
  dw 00279h,base+01565h
  dw 00408h,base+02542h
  dw 00178h,base+000A1h
  dw 00508h,base+0213Ah
  dw 00177h,base+00102h
  dw 00609h,base+01CFBh
  dw 00177h,base+007CEh
  dw 00609h,base+01D01h
  dw 00177h,base+00005h
  dw 0070Ah,base+018EAh
  dw 00176h,base+000B5h
  dw 0070Ah,base+018F1h
  dw 00175h,base+0001Dh
  dw 0080Bh,base+01465h
  dw 00274h,base+0076Bh
  dw 00A0Ch,base+00CEEh
  dw 00274h,base+0016Fh
  dw 00A0Ch,base+00CF8h
  dw 00274h,base+0071Bh
  dw 00A81h,base+00D02h
  dw 00981h,base+010D0h
  dw 00880h,base+0146Dh
  dw 00880h,base+01475h
  dw 00880h,base+0147Dh
  dw 00880h,base+01485h
  dw 00880h,base+0148Dh
  dw 00880h,base+01495h
  dw 00780h,base+018F8h
  dw 00780h,base+018FFh
  dw 00781h,base+01906h
  dw 00680h,base+01D07h
  dw 00203h,base+000FCh
  dw 0037Dh,base+00422h
  dw 00203h,base+02295h
  dw 0037Dh,base+004E7h
  dw 00204h,base+00530h
  dw 0027Ch,base+000A7h
  dw 00204h,base+027F5h
  dw 0027Ch,base+00052h
  dw 00204h,base+00530h
  dw 0027Ch,base+025B0h
  dw 00204h,base+027F5h
  dw 0027Ch,base+0018Fh
  dw 00204h,base+013C8h
  dw 0027Ch,base+004B2h
  dw 00204h,base+0064Bh
  dw 0027Fh,base+00849h
  dw 00380h,base+02692h
  dw 00380h,base+0032Ch
  dw 00380h,base+028B2h
  dw 00380h,base+028B2h
  dw 00380h,base+028B2h
  dw 00381h,base+028B5h
  dw 00280h,base+00052h
  dw 00280h,base+0001Ah
  dw 00180h,base+00019h
  dw 00180h,base+0009Eh
  dw 0017Fh,base+0001Fh
  dw 00380h,base+01FF5h
  dw 00380h,base+0005Bh
  dw 00380h,base+0289Dh
  dw 00381h,base+0289Dh
  dw 00180h,base+00005h
  dw 00180h,base+00012h
  dw 00180h,base+000C7h
  dw 00180h,base+00006h
  dw 00180h,base+000C7h
  dw 00180h,base+00006h
  dw 0017Fh,base+00712h
  dw 00280h,base+00312h
  dw 00280h,base+01428h
  dw 00280h,base+025F8h
  dw 00280h,base+01428h
  dw 00280h,base+025F8h
  dw 00280h,base+028F7h
  dw 00200h,base+0064Bh

cammyPage0frame013:
  db 01Ch,046h,076h,02Eh
  db 090h
  db 063h,02Fh,025h,05Dh,02Dh
  db 000h,000h
  db 000h,000h
  dw 00180h,base+00080h
  dw 00180h,base+00102h
  dw 00179h,base+00102h
  dw 00207h,base+00012h
  dw 00178h,base+0004Eh
  dw 00406h,base+0002Ah
  dw 00379h,base+0028Ch
  dw 00508h,base+0213Fh
  dw 00278h,base+0036Ah
  dw 00508h,base+02144h
  dw 00278h,base+0002Dh
  dw 00408h,base+000FEh
  dw 00278h,base+00112h
  dw 00608h,base+01D0Dh
  dw 00278h,base+009CEh
  dw 00708h,base+0190Dh
  dw 00178h,base+00012h
  dw 00506h,base+0143Dh
  dw 00102h,base+00172h
  dw 00178h,base+00012h
  dw 00507h,base+02149h
  dw 00279h,base+003A6h
  dw 00507h,base+0214Eh
  dw 00279h,base+0005Bh
  dw 00507h,base+02153h
  dw 00279h,base+0002Ch
  dw 00506h,base+02158h
  dw 0037Ah,base+005E1h
  dw 0097Fh,base+010D9h
  dw 0097Fh,base+010E2h
  dw 00A80h,base+00D0Ch
  dw 00A80h,base+00D16h
  dw 00A80h,base+00D20h
  dw 00980h,base+010EBh
  dw 00980h,base+010F4h
  dw 00880h,base+0149Dh
  dw 00780h,base+01914h
  dw 00880h,base+014A5h
  dw 00880h,base+014ADh
  dw 0087Fh,base+014B5h
  dw 00708h,base+0191Bh
  dw 00178h,base+00005h
  dw 00608h,base+01D13h
  dw 00277h,base+011F5h
  dw 00809h,base+014BDh
  dw 00277h,base+011F5h
  dw 0080Ah,base+014C5h
  dw 00176h,base+000E5h
  dw 0090Ah,base+010FDh
  dw 00177h,base+00778h
  dw 00A80h,base+00D2Ah
  dw 00A80h,base+00D34h
  dw 00B80h,base+009DBh
  dw 00B80h,base+009E6h
  dw 00B80h,base+009F1h
  dw 00B80h,base+009FCh
  dw 00A80h,base+00D3Eh
  dw 00405h,base+02546h
  dw 0057Bh,base+0215Dh
  dw 00306h,base+0021Eh
  dw 0057Ah,base+02162h
  dw 00306h,base+00D76h
  dw 0057Bh,base+02167h
  dw 00306h,base+00A0Eh
  dw 0047Ah,base+0254Ah
  dw 00306h,base+028B8h
  dw 0047Ah,base+0254Eh
  dw 00307h,base+01AFEh
  dw 0037Ah,base+02553h
  dw 00105h,base+001D6h
  dw 0047Bh,base+02552h
  dw 00105h,base+00005h
  dw 0037Bh,base+028BBh
  dw 00105h,base+0001Ch
  dw 0037Bh,base+028BEh
  dw 00104h,base+00006h
  dw 0037Bh,base+01A4Fh
  dw 00205h,base+027F5h
  dw 0037Bh,base+00431h
  dw 00205h,base+00530h
  dw 0037Bh,base+0117Bh
  dw 00205h,base+027F5h
  dw 0027Bh,base+00019h
  dw 00204h,base+028F7h
  dw 0037Ch,base+028C1h
  dw 00204h,base+002CDh
  dw 00280h,base+0005Bh
  dw 00280h,base+00606h
  dw 00280h,base+00463h
  dw 00380h,base+008E1h
  dw 0027Fh,base+00004h
  dw 00280h,base+00471h
  dw 00280h,base+00A63h
  dw 00280h,base+00AAEh
  dw 00280h,base+02AB3h
  dw 00280h,base+0128Bh
  dw 0027Fh,base+02AB5h
  dw 00280h,base+004C2h
  dw 00280h,base+02A9Dh
  dw 00280h,base+0017Dh
  dw 00281h,base+01319h
  dw 00180h,base+00004h
  dw 00100h,base+000AEh

cammyPage0frame014:
  db 020h,02Fh,070h,036h
  db 082h
  db 061h,02Fh,025h,05Bh,02Dh
  db 000h,000h
  db 000h,000h
  dw 0037Fh,base+0082Ch
  dw 00480h,base+00CA0h
  dw 00480h,base+00057h
  dw 0047Fh,base+001F5h
  dw 00580h,base+0216Ch
  dw 00681h,base+01D19h
  dw 0067Fh,base+01D1Fh
  dw 00780h,base+01922h
  dw 00506h,base+02171h
  dw 0017Ah,base+0009Eh
  dw 0057Eh,base+02176h
  dw 0087Fh,base+014CDh
  dw 00980h,base+01106h
  dw 00980h,base+0110Fh
  dw 00B80h,base+00A07h
  dw 00B80h,base+00A12h
  dw 00B80h,base+00A1Dh
  dw 00B80h,base+00A28h
  dw 00B80h,base+00A33h
  dw 00B7Fh,base+00A3Eh
  dw 00C7Eh,base+0078Fh
  dw 00D80h,base+00593h
  dw 00D7Fh,base+005A0h
  dw 00A0Bh,base+00D48h
  dw 00375h,base+028C4h
  dw 00D80h,base+005ADh
  dw 00D80h,base+005BAh
  dw 00E80h,base+00364h
  dw 00F81h,base+0021Eh
  dw 00E80h,base+00372h
  dw 00F80h,base+0022Dh
  dw 00F80h,base+0023Ch
  dw 00F81h,base+0024Bh
  dw 00E80h,base+00380h
  dw 00708h,base+01929h
  dw 00679h,base+01D25h
  dw 00203h,base+02AB7h
  dw 00104h,base+00005h
  dw 00679h,base+01D2Bh
  dw 00206h,base+0002Ch
  dw 0067Ah,base+01D31h
  dw 00204h,base+00005h
  dw 0077Dh,base+01930h
  dw 00102h,base+00012h
  dw 0077Eh,base+01937h
  dw 00102h,base+0025Dh
  dw 0057Eh,base+0217Bh
  dw 00102h,base+0002Dh
  dw 0057Eh,base+02180h
  dw 00203h,base+0025Dh
  dw 00203h,base+0018Dh
  dw 0017Ah,base+00005h
  dw 00203h,base+009F5h
  dw 0027Dh,base+0009Fh
  dw 00203h,base+02AB9h
  dw 0027Dh,base+02ABBh
  dw 00203h,base+02ABDh
  dw 0027Dh,base+0009Fh
  dw 00203h,base+00FE1h
  dw 0027Dh,base+02ABBh
  dw 00203h,base+01EBBh
  dw 00280h,base+00763h
  dw 00280h,base+0289Eh
  dw 00200h,base+006E1h

cammyPage0frame015:
  db 038h,054h,070h,031h
  db 08Eh
  db 077h,02Fh,026h,066h,028h
  db 000h,000h
  db 000h,000h
  dw 0017Fh,base+00005h
  dw 0030Bh,base+028C7h
  dw 00275h,base+01A7Eh
  dw 0030Bh,base+026AEh
  dw 00376h,base+028CAh
  dw 0020Ah,base+00ECCh
  dw 00376h,base+028CDh
  dw 0010Ah,base+007CEh
  dw 00276h,base+0018Bh
  dw 0010Ah,base+001BFh
  dw 00280h,base+0002Ch
  dw 00276h,base+0002Ch
  dw 00109h,base+001BFh
  dw 00477h,base+02556h
  dw 00109h,base+00172h
  dw 00480h,base+0255Ah
  dw 00477h,base+0255Eh
  dw 00108h,base+00172h
  dw 00278h,base+0005Bh
  dw 00108h,base+000A2h
  dw 0027Fh,base+0002Ch
  dw 00379h,base+003E2h
  dw 00107h,base+000A2h
  dw 00205h,base+00012h
  dw 00174h,base+000A1h
  dw 00106h,base+00172h
  dw 00305h,base+0084Ch
  dw 0027Bh,base+0063Ah
  dw 00305h,base+028D0h
  dw 00275h,base+00781h
  dw 00105h,base+00172h
  dw 00306h,base+00216h
  dw 0027Ah,base+0016Fh
  dw 00305h,base+028D3h
  dw 00376h,base+02402h
  dw 00105h,base+00172h
  dw 00204h,base+00010h
  dw 00277h,base+00843h
  dw 00104h,base+000A2h
  dw 00305h,base+004EBh
  dw 0017Ah,base+00005h
  dw 00305h,base+0032Ch
  dw 00178h,base+007CEh
  dw 00103h,base+000A2h
  dw 00305h,base+02567h
  dw 00178h,base+00080h
  dw 00102h,base+00172h
  dw 00305h,base+028D6h
  dw 0017Ah,base+001BFh
  dw 00405h,base+02562h
  dw 00277h,base+01709h
  dw 00709h,base+0193Eh
  dw 00176h,base+0001Dh
  dw 00809h,base+014D5h
  dw 00275h,base+015F3h
  dw 00C7Eh,base+0079Bh
  dw 00E80h,base+0038Eh
  dw 00D7Fh,base+005C7h
  dw 00E80h,base+0039Ch
  dw 00D80h,base+005D4h
  dw 00E7Fh,base+003AAh
  dw 00F80h,base+0025Ah
  dw 00F80h,base+00269h
  dw 00F80h,base+00278h
  dw 00F80h,base+00287h
  dw 00607h,base+01D37h
  dw 00879h,base+014DDh
  dw 00607h,base+01D3Dh
  dw 00203h,base+002CDh
  dw 00576h,base+02185h
  dw 00608h,base+01D43h
  dw 00102h,base+0002Dh
  dw 00576h,base+0218Ah
  dw 0060Bh,base+01D49h
  dw 00375h,base+028D9h
  dw 00680h,base+01D4Fh
  dw 0060Dh,base+01D55h
  dw 00173h,base+007CEh
  dw 0060Dh,base+01D5Bh
  dw 00173h,base+007CEh
  dw 0060Dh,base+01D61h
  dw 00173h,base+007CEh
  dw 0060Dh,base+01D67h
  dw 00173h,base+0001Dh
  dw 0060Dh,base+01D6Dh
  dw 00173h,base+0001Dh
  dw 0060Ch,base+01D73h
  dw 00274h,base+017B4h
  dw 0060Bh,base+01D79h
  dw 00274h,base+00837h
  dw 00780h,base+01945h
  dw 0067Fh,base+01D7Fh
  dw 00405h,base+02566h
  dw 0027Bh,base+00040h
  dw 00305h,base+00D27h
  dw 0027Bh,base+00067h
  dw 00305h,base+00019h
  dw 0027Bh,base+02ABFh
  dw 00204h,base+0003Fh
  dw 0037Bh,base+01823h
  dw 00305h,base+028DCh
  dw 0037Bh,base+007CBh
  dw 00205h,base+0005Bh
  dw 0027Bh,base+00502h
  dw 00205h,base+00CF3h
  dw 0027Bh,base+00001h
  dw 00204h,base+002DAh
  dw 0037Ch,base+028DFh
  dw 00204h,base+00144h
  dw 0037Bh,base+028E2h
  dw 00205h,base+0064Bh
  dw 0037Bh,base+028E5h
  dw 00205h,base+01709h
  dw 0037Bh,base+028E5h
  dw 00105h,base+00080h
  dw 0037Ah,base+006F6h
  dw 00206h,base+01EBBh
  dw 0037Ah,base+01AB8h
  dw 00207h,base+00AB1h
  dw 00279h,base+00052h
  dw 00207h,base+01F96h
  dw 00279h,base+000FCh
  dw 00207h,base+013C8h
  dw 00280h,base+0039Ch
  dw 00280h,base+00488h
  dw 00280h,base+00A63h
  dw 00280h,base+00071h
  dw 00280h,base+00525h
  dw 00280h,base+00159h
  dw 00280h,base+00014h
  dw 00180h,base+00006h
  dw 00180h,base+00004h
  dw 0017Fh,base+00006h
  dw 00280h,base+003DCh
  dw 00280h,base+012D4h
  dw 00281h,base+0218Fh
  dw 00180h,base+001D6h
  dw 00180h,base+00006h
  dw 00280h,base+00188h
  dw 00281h,base+00BE2h
  dw 00180h,base+001D6h
  dw 00100h,base+000AEh

cammyPage0frame016:
  db 040h,037h,068h,03Bh
  db 086h
  db 067h,043h,019h,061h,03Ch
  db 000h,000h
  db 000h,000h
  dw 00280h,base+01709h
  dw 00210h,base+0003Fh
  dw 0016Fh,base+00080h
  dw 0040Eh,base+0256Ah
  dw 00102h,base+0009Eh
  dw 0026Fh,base+000EEh
  dw 0050Fh,base+01978h
  dw 00470h,base+0256Eh
  dw 00710h,base+0194Ch
  dw 0046Fh,base+02572h
  dw 00811h,base+014E5h
  dw 0036Fh,base+028E8h
  dw 00811h,base+014EDh
  dw 0036Eh,base+005E1h
  dw 00A12h,base+00D52h
  dw 0026Eh,base+002DAh
  dw 00A12h,base+00D5Ch
  dw 0026Eh,base+0002Ch
  dw 00B11h,base+00A49h
  dw 0026Ch,base+0005Bh
  dw 00E13h,base+003B8h
  dw 0036Ch,base+00265h
  dw 00F14h,base+00296h
  dw 0036Ch,base+003C7h
  dw 0090Ah,base+01118h
  dw 00509h,base+0218Fh
  dw 0036Bh,base+00FE6h
  dw 00B0Dh,base+00A54h
  dw 00408h,base+02576h
  dw 0036Bh,base+00AEEh
  dw 00A0Eh,base+00D66h
  dw 00406h,base+0257Ah
  dw 00469h,base+0257Eh
  dw 00102h,base+00005h
  dw 00A0Fh,base+00D70h
  dw 00405h,base+02582h
  dw 00469h,base+02586h
  dw 00708h,base+01953h
  dw 0040Ah,base+0258Ah
  dw 0086Eh,base+014F5h
  dw 00608h,base+01D85h
  dw 00309h,base+00064h
  dw 0086Fh,base+014FDh
  dw 00405h,base+0258Eh
  dw 00102h,base+00005h
  dw 00407h,base+02592h
  dw 00103h,base+000AEh
  dw 0086Fh,base+01505h
  dw 00307h,base+028EBh
  dw 00306h,base+0055Ah
  dw 00C73h,base+007A7h
  dw 00207h,base+00159h
  dw 00306h,base+00019h
  dw 00B73h,base+00A5Fh
  dw 00207h,base+026FCh
  dw 00206h,base+00001h
  dw 00B73h,base+00A6Ah
  dw 00106h,base+00DB8h
  dw 00306h,base+028EEh
  dw 00C74h,base+007B3h
  dw 00106h,base+00117h
  dw 00206h,base+0018Dh
  dw 00B74h,base+00A75h
  dw 00106h,base+000A1h
  dw 00206h,base+00796h
  dw 00A79h,base+00D7Ah
  dw 00307h,base+028F1h
  dw 00305h,base+01D94h
  dw 00473h,base+02596h
  dw 00408h,base+0259Ah
  dw 00305h,base+021B4h
  dw 00472h,base+0259Eh
  dw 00409h,base+025A2h
  dw 00102h,base+00012h
  dw 00102h,base+007CEh
  dw 00473h,base+025A6h
  dw 00308h,base+00EC4h
  dw 00203h,base+00071h
  dw 00102h,base+007CEh
  dw 00573h,base+02194h
  dw 00208h,base+00471h
  dw 00203h,base+0002Ch
  dw 00102h,base+001BFh
  dw 00673h,base+01D8Bh
  dw 00207h,base+000C7h
  dw 00305h,base+005E1h
  dw 00774h,base+0195Ah
  dw 00207h,base+004CCh
  dw 00305h,base+005AAh
  dw 00874h,base+0150Dh
  dw 00207h,base+02AC1h
  dw 00306h,base+028F4h
  dw 00773h,base+01961h
  dw 00107h,base+00004h
  dw 00205h,base+00031h
  dw 00607h,base+01D91h
  dw 0016Dh,base+00005h
  dw 00107h,base+00114h
  dw 00105h,base+0004Ah
  dw 00608h,base+01D97h
  dw 0016Ch,base+000A1h
  dw 0010Ch,base+00005h
  dw 00506h,base+01EABh
  dw 00102h,base+000A1h
  dw 00179h,base+00778h
  dw 00305h,base+0002Ah
  dw 00102h,base+0001Bh
  dw 00179h,base+00005h
  dw 00305h,base+00014h
  dw 00103h,base+00172h
  dw 0017Dh,base+000A1h
  dw 00203h,base+018ADh
  dw 0017Eh,base+000A1h
  dw 00102h,base+000A1h
  dw 0017Eh,base+00005h
  dw 00102h,base+0001Bh
  dw 0017Eh,base+00172h
  dw 00102h,base+001BFh
  dw 0017Eh,base+000A2h
  dw 00180h,base+001BFh
  dw 00103h,base+0004Eh
  dw 0017Dh,base+0004Ah
  dw 00103h,base+00172h
  dw 0017Eh,base+00005h
  dw 00102h,base+0001Bh
  dw 0027Eh,base+0019Dh
  dw 00102h,base+000B5h
  dw 0027Eh,base+00384h
  dw 00103h,base+000B5h
  dw 0027Dh,base+00014h
  dw 00103h,base+0004Ah
  dw 0027Dh,base+0058Ch
  dw 00103h,base+00005h
  dw 0027Dh,base+00892h
  dw 00104h,base+000A2h
  dw 0017Ch,base+000A1h
  dw 00180h,base+00172h
  dw 00280h,base+00384h
  dw 00280h,base+01D1Dh
  dw 00200h,base+00983h

cammyPage0frame017:
  db 03Ah,04Fh,068h,023h
  db 074h
  db 060h,02Fh,025h,072h,02Dh
  db 000h,000h
  db 000h,000h
  dw 00180h,base+000E5h
  dw 00180h,base+00160h
  dw 00180h,base+00004h
  dw 00280h,base+02AC3h
  dw 00281h,base+029CFh
  dw 00280h,base+00A63h
  dw 00280h,base+00159h
  dw 00280h,base+02AC5h
  dw 00280h,base+0269Ah
  dw 00280h,base+02A8Bh
  dw 00281h,base+013C8h
  dw 00178h,base+0001Ch
  dw 00208h,base+000ECh
  dw 00178h,base+000B3h
  dw 00208h,base+0269Ah
  dw 00279h,base+00014h
  dw 00206h,base+01D05h
  dw 0037Ah,base+028F7h
  dw 00306h,base+028FAh
  dw 0037Bh,base+028FDh
  dw 00306h,base+02900h
  dw 0017Ah,base+00012h
  dw 00306h,base+02903h
  dw 0017Bh,base+00012h
  dw 00205h,base+00119h
  dw 0027Bh,base+00102h
  dw 00205h,base+024F0h
  dw 0027Ch,base+00314h
  dw 00104h,base+00012h
  dw 0037Ch,base+02885h
  dw 00204h,base+02AC7h
  dw 0037Ch,base+0055Ah
  dw 00304h,base+02906h
  dw 0037Ch,base+0055Ah
  dw 00304h,base+02909h
  dw 0037Dh,base+0055Ah
  dw 00203h,base+00924h
  dw 0037Dh,base+02885h
  dw 00881h,base+01515h
  dw 00980h,base+01121h
  dw 00A80h,base+00D84h
  dw 00C81h,base+007BFh
  dw 00B80h,base+00A80h
  dw 00C81h,base+007CBh
  dw 00B80h,base+00A8Bh
  dw 00B80h,base+00A96h
  dw 00B81h,base+00AA1h
  dw 00A81h,base+00D8Eh
  dw 00982h,base+0112Ah
  dw 00781h,base+01968h
  dw 00682h,base+01D9Dh
  dw 0047Bh,base+025AAh
  dw 00205h,base+0011Bh
  dw 0047Ah,base+025AEh
  dw 00306h,base+0290Ch
  dw 0047Ah,base+025B2h
  dw 00406h,base+025B6h
  dw 00479h,base+025BAh
  dw 00508h,base+02199h
  dw 00378h,base+004FDh
  dw 00508h,base+0219Eh
  dw 0030Ah,base+00952h
  dw 0016Bh,base+00053h
  dw 0080Bh,base+0151Dh
  dw 0030Ah,base+00A43h
  dw 0026Bh,base+0084Bh
  dw 00E15h,base+003C6h
  dw 0036Ah,base+0290Fh
  dw 00507h,base+021A3h
  dw 0080Fh,base+01525h
  dw 0036Bh,base+02912h
  dw 00407h,base+025BEh
  dw 0070Dh,base+0196Fh
  dw 0036Eh,base+003D4h
  dw 00205h,base+002A2h
  dw 0060Ah,base+01DA3h
  dw 00671h,base+01DA9h
  dw 00205h,base+00190h
  dw 0060Ah,base+01DAFh
  dw 00571h,base+021A8h
  dw 00205h,base+01959h
  dw 00609h,base+01DB5h
  dw 00573h,base+021ADh
  dw 00102h,base+0001Dh
  dw 00F7Eh,base+002A5h
  dw 01080h,base+001BFh
  dw 00F7Fh,base+002B4h
  dw 00E80h,base+003D4h
  dw 00D80h,base+005E1h
  dw 00D80h,base+005EEh
  dw 00B80h,base+00AACh
  dw 00607h,base+01DBBh
  dw 0047Ah,base+025C2h
  dw 00508h,base+021B2h
  dw 00178h,base+00080h
  dw 00581h,base+003B4h
  dw 00480h,base+025C6h
  dw 0047Fh,base+025CAh
  dw 0057Fh,base+021B7h
  dw 0057Fh,base+021BCh
  dw 0057Fh,base+021C1h
  dw 00304h,base+01A15h
  dw 00279h,base+00E52h
  dw 00507h,base+00BB2h
  dw 00179h,base+00778h
  dw 00306h,base+02915h
  dw 0017Ah,base+001BFh
  dw 00206h,base+02AC9h
  dw 0017Ah,base+00080h
  dw 00205h,base+012DDh
  dw 0027Bh,base+0063Ah
  dw 00105h,base+00172h
  dw 0017Fh,base+00080h
  dw 00280h,base+00250h
  dw 0017Eh,base+000A1h
  dw 0027Fh,base+00014h
  dw 00380h,base+02918h
  dw 00281h,base+01108h
  dw 00180h,base+0017Bh
  dw 00100h,base+000A1h

cammyPage0frame018:
  db 036h,036h,06Eh,02Fh
  db 092h
  db 074h,02Fh,01Dh,069h,02Dh
  db 000h,000h
  db 000h,000h
  dw 00180h,base+00006h
  dw 00280h,base+01932h
  dw 00280h,base+00E66h
  dw 00280h,base+02AC3h
  dw 00280h,base+000B4h
  dw 00280h,base+02903h
  dw 00280h,base+01560h
  dw 00380h,base+0291Bh
  dw 00380h,base+0291Eh
  dw 0037Fh,base+02921h
  dw 00473h,base+025CEh
  dw 0020Ch,base+003A5h
  dw 00474h,base+025D2h
  dw 0020Ch,base+00838h
  dw 00374h,base+02924h
  dw 0020Ch,base+00384h
  dw 00275h,base+009F5h
  dw 0010Ah,base+000A1h
  dw 00373h,base+02927h
  dw 00103h,base+001BFh
  dw 00109h,base+00005h
  dw 0040Ch,base+025D6h
  dw 00167h,base+00005h
  dw 00304h,base+01985h
  dw 00109h,base+000A2h
  dw 0030Bh,base+0006Ah
  dw 00269h,base+027DAh
  dw 0020Bh,base+00384h
  dw 0040Bh,base+025DAh
  dw 0036Bh,base+025E2h
  dw 00103h,base+0001Bh
  dw 00106h,base+000B5h
  dw 00408h,base+025DEh
  dw 00103h,base+00005h
  dw 0046Ch,base+025E2h
  dw 00103h,base+000E5h
  dw 00106h,base+000B5h
  dw 00406h,base+00F0Ah
  dw 00871h,base+0152Dh
  dw 00103h,base+00172h
  dw 00106h,base+00005h
  dw 00D77h,base+005FBh
  dw 00103h,base+00172h
  dw 00106h,base+00172h
  dw 00C77h,base+007D7h
  dw 00103h,base+00005h
  dw 00106h,base+00172h
  dw 00A0Bh,base+00D98h
  dw 0016Ch,base+00080h
  dw 00103h,base+00172h
  dw 00106h,base+00005h
  dw 00708h,base+01976h
  dw 0016Eh,base+00005h
  dw 00204h,base+00014h
  dw 00106h,base+00172h
  dw 00776h,base+0197Dh
  dw 00204h,base+005DDh
  dw 00106h,base+000A2h
  dw 00676h,base+01DC1h
  dw 0030Ah,base+005AAh
  dw 00577h,base+021C6h
  dw 00509h,base+021CBh
  dw 00577h,base+021D0h
  dw 00609h,base+01DC7h
  dw 00577h,base+021D5h
  dw 00609h,base+01DCDh
  dw 00576h,base+021DAh
  dw 0070Ah,base+01984h
  dw 00577h,base+021DFh
  dw 00609h,base+01DD3h
  dw 00577h,base+021E4h
  dw 00609h,base+01DD9h
  dw 00575h,base+021E9h
  dw 00304h,base+01A8Ah
  dw 00407h,base+025E6h
  dw 00575h,base+021EEh
  dw 00304h,base+0292Ah
  dw 00407h,base+025EAh
  dw 00575h,base+021EEh
  dw 00304h,base+0292Dh
  dw 00407h,base+025EEh
  dw 00574h,base+021F3h
  dw 0090Bh,base+01133h
  dw 00575h,base+021F8h
  dw 0090Bh,base+0113Ch
  dw 00575h,base+021FDh
  dw 0090Bh,base+01145h
  dw 00575h,base+02202h
  dw 00F80h,base+002C3h
  dw 00F80h,base+002D2h
  dw 00E81h,base+003E2h
  dw 00D80h,base+00608h
  dw 00D80h,base+00615h
  dw 00C83h,base+007E3h
  dw 00981h,base+0114Eh
  dw 0070Dh,base+0198Bh
  dw 00174h,base+000A2h
  dw 0060Ch,base+01DDFh
  dw 00274h,base+00100h
  dw 0060Ch,base+01DE5h
  dw 00274h,base+000D9h
  dw 00E80h,base+003F0h
  dw 00E81h,base+003FEh
  dw 00D82h,base+00622h
  dw 00809h,base+01535h
  dw 0017Ah,base+00005h
  dw 00400h,base+025F2h

cammyPage0frame019:
  db 026h,052h,06Ch,030h
  db 082h
  db 05Fh,02Fh,025h,068h,02Dh
  db 000h,000h
  db 000h,000h
  dw 0017Fh,base+0000Fh
  dw 00280h,base+0028Bh
  dw 0027Fh,base+0019Eh
  dw 00380h,base+003F7h
  dw 00380h,base+02930h
  dw 00381h,base+003E2h
  dw 0017Ch,base+0025Dh
  dw 00304h,base+017C7h
  dw 0017Bh,base+00006h
  dw 00405h,base+00265h
  dw 0017Bh,base+00006h
  dw 00405h,base+0082Ch
  dw 0017Bh,base+00006h
  dw 00405h,base+025F6h
  dw 0027Bh,base+00071h
  dw 00405h,base+025FAh
  dw 0027Bh,base+00071h
  dw 00405h,base+00014h
  dw 00207h,base+0005Bh
  dw 00274h,base+000ECh
  dw 0070Bh,base+01992h
  dw 00375h,base+02933h
  dw 0070Ah,base+01999h
  dw 00476h,base+025FEh
  dw 00709h,base+019A0h
  dw 00204h,base+0063Ah
  dw 00173h,base+000B5h
  dw 00A80h,base+00DA2h
  dw 0097Fh,base+01157h
  dw 0097Fh,base+01160h
  dw 0090Ch,base+01169h
  dw 00102h,base+00080h
  dw 00171h,base+00080h
  dw 00A0Ch,base+00DACh
  dw 00574h,base+02207h
  dw 00A0Bh,base+00DB6h
  dw 00304h,base+02936h
  dw 00270h,base+0016Fh
  dw 00D10h,base+0062Fh
  dw 00270h,base+02ACBh
  dw 00708h,base+019A7h
  dw 00408h,base+02602h
  dw 00170h,base+00172h
  dw 00709h,base+019AEh
  dw 00377h,base+00399h
  dw 0070Ah,base+019B5h
  dw 00175h,base+00005h
  dw 00880h,base+0153Dh
  dw 00880h,base+01545h
  dw 00781h,base+019BCh
  dw 00680h,base+01DEBh
  dw 00203h,base+00071h
  dw 0047Dh,base+02606h
  dw 00103h,base+00012h
  dw 0057Dh,base+0220Ch
  dw 00203h,base+00071h
  dw 0057Dh,base+02211h
  dw 00203h,base+000AEh
  dw 0067Dh,base+01DF1h
  dw 00304h,base+02939h
  dw 0097Ch,base+01172h
  dw 00104h,base+00005h
  dw 00A80h,base+00DC0h
  dw 00B81h,base+00AB7h
  dw 00B80h,base+00AC2h
  dw 00B80h,base+00ACDh
  dw 00C80h,base+007EFh
  dw 00C80h,base+007FBh
  dw 00C80h,base+00807h
  dw 00C81h,base+00813h
  dw 00607h,base+01DF7h
  dw 00379h,base+0293Ch
  dw 00507h,base+02216h
  dw 00379h,base+0293Fh
  dw 00507h,base+0221Bh
  dw 0037Ah,base+02885h
  dw 00406h,base+00490h
  dw 0037Bh,base+02942h
  dw 00405h,base+0260Ah
  dw 0027Bh,base+0010Eh
  dw 00405h,base+0260Eh
  dw 0027Bh,base+00581h
  dw 00405h,base+02612h
  dw 0027Bh,base+005C3h
  dw 00781h,base+019C3h
  dw 00680h,base+01DFDh
  dw 00681h,base+01E03h
  dw 00580h,base+02220h
  dw 00480h,base+02616h
  dw 00381h,base+02945h
  dw 0027Fh,base+00849h
  dw 00380h,base+02948h
  dw 00380h,base+0294Bh
  dw 00380h,base+0294Eh
  dw 00380h,base+0294Eh
  dw 00480h,base+0261Ah
  dw 00480h,base+0261Eh
  dw 00480h,base+02622h
  dw 00102h,base+00012h
  dw 0027Eh,base+00019h
  dw 00102h,base+0002Dh
  dw 0037Eh,base+004E7h
  dw 00103h,base+0002Dh
  dw 00280h,base+009F4h
  dw 00380h,base+00C58h
  dw 00380h,base+02951h
  dw 00381h,base+028FDh
  dw 00280h,base+0011Bh
  dw 00281h,base+013C8h
  dw 00180h,base+00DAEh
  dw 0017Fh,base+0002Dh
  dw 00280h,base+02ACDh
  dw 00280h,base+012E4h
  dw 00280h,base+0082Dh
  dw 00381h,base+02954h
  dw 00280h,base+02ABBh
  dw 00281h,base+01319h
  dw 00280h,base+00525h
  dw 00200h,base+00FA9h

cammyPage0frame020:
  db 026h,052h,072h,032h
  db 082h
  db 062h,02Fh,025h,05Ch,038h
  db 000h,000h
  db 000h,000h
  dw 0037Fh,base+0082Ch
  dw 00480h,base+00CA0h
  dw 00480h,base+00057h
  dw 0047Fh,base+00A22h
  dw 00580h,base+02225h
  dw 00680h,base+01BF3h
  dw 00781h,base+0174Dh
  dw 0067Fh,base+01E09h
  dw 00506h,base+0222Ah
  dw 0017Ah,base+0009Eh
  dw 00506h,base+0222Fh
  dw 0017Ah,base+00080h
  dw 00580h,base+01C3Ch
  dw 00580h,base+017B8h
  dw 0047Fh,base+0224Eh
  dw 00580h,base+02234h
  dw 0057Fh,base+02239h
  dw 00880h,base+0154Dh
  dw 0087Fh,base+01555h
  dw 00980h,base+0117Bh
  dw 00980h,base+01184h
  dw 00A80h,base+00DCAh
  dw 00A7Fh,base+00DD4h
  dw 00B80h,base+00AD8h
  dw 00C0Dh,base+0081Fh
  dw 00273h,base+00014h
  dw 00C0Dh,base+0082Bh
  dw 00273h,base+02ACFh
  dw 0090Ah,base+0118Dh
  dw 00675h,base+01E0Fh
  dw 00A0Bh,base+00DDEh
  dw 00675h,base+01E15h
  dw 00A0Ch,base+00DE8h
  dw 00575h,base+0223Eh
  dw 0090Bh,base+01196h
  dw 00475h,base+02626h
  dw 00809h,base+0155Dh
  dw 00103h,base+00053h
  dw 00276h,base+001D3h
  dw 00102h,base+00005h
  dw 00405h,base+01ADDh
  dw 00103h,base+0025Bh
  dw 00276h,base+00144h
  dw 00102h,base+000A1h
  dw 00405h,base+0262Ah
  dw 00179h,base+00080h
  dw 00608h,base+01E1Bh
  dw 00177h,base+000B5h
  dw 00809h,base+01565h
  dw 00177h,base+000B5h
  dw 00809h,base+0156Dh
  dw 00178h,base+0001Dh
  dw 00708h,base+019CAh
  dw 00179h,base+0001Dh
  dw 00607h,base+01E21h
  dw 00178h,base+000B5h
  dw 00780h,base+019D1h
  dw 00880h,base+01575h
  dw 00880h,base+0157Dh
  dw 00880h,base+01585h
  dw 00880h,base+0158Dh
  dw 00980h,base+0119Fh
  dw 00980h,base+011A8h
  dw 00405h,base+0262Eh
  dw 0047Bh,base+02632h
  dw 00305h,base+02957h
  dw 0047Bh,base+02636h
  dw 00305h,base+0295Ah
  dw 0047Bh,base+0263Ah
  dw 00306h,base+0295Dh
  dw 0037Ah,base+0020Ch
  dw 00306h,base+02960h
  dw 0037Ah,base+0020Ch
  dw 00306h,base+02963h
  dw 0037Ah,base+02966h
  dw 00306h,base+0020Ch
  dw 0037Ah,base+02969h
  dw 00307h,base+027B9h
  dw 00279h,base+003E9h
  dw 00207h,base+0003Eh
  dw 00279h,base+00040h
  dw 00207h,base+02AD1h
  dw 00279h,base+0010Eh
  dw 00207h,base+0001Ah
  dw 00279h,base+0004Eh
  dw 00208h,base+0001Ah
  dw 00177h,base+00010h
  dw 00209h,base+000EEh
  dw 00277h,base+0050Dh
  dw 00209h,base+007CCh
  dw 00277h,base+00081h
  dw 00209h,base+0001Ah
  dw 00276h,base+00018h
  dw 0030Ah,base+02885h
  dw 00376h,base+01835h
  dw 0030Ah,base+00E63h
  dw 00376h,base+009D7h
  dw 0030Ah,base+02816h
  dw 00376h,base+00B38h
  dw 0030Ah,base+00FD3h
  dw 00376h,base+02885h
  dw 0030Ah,base+000D2h
  dw 00376h,base+02822h
  dw 0020Bh,base+00000h
  dw 00175h,base+00000h
  dw 0020Bh,base+000FCh
  dw 00175h,base+00000h
  dw 0010Bh,base+0001Fh
  dw 00274h,base+003F5h
  dw 0020Ch,base+00CF3h
  dw 00374h,base+0296Ch
  dw 0020Ch,base+00944h
  dw 00374h,base+0296Fh
  dw 0020Ch,base+0033Ch
  dw 00374h,base+028FDh
  dw 0020Dh,base+00005h
  dw 00173h,base+00012h
  dw 0020Dh,base+02AD3h
  dw 00273h,base+0028Fh
  dw 0010Dh,base+00006h
  dw 00273h,base+00071h
  dw 0010Dh,base+00080h
  dw 00273h,base+005EEh
  dw 0010Eh,base+00012h
  dw 00171h,base+00160h
  dw 0020Fh,base+02AD5h
  dw 00171h,base+00012h
  dw 0020Fh,base+00071h
  dw 00271h,base+0009Fh
  dw 0020Fh,base+009A0h
  dw 00271h,base+00570h
  dw 0020Fh,base+0002Ch
  dw 00271h,base+01A60h
  dw 0020Fh,base+02AD7h
  dw 00371h,base+02972h
  dw 0020Fh,base+00FE9h
  dw 00471h,base+0263Eh
  dw 00111h,base+0004Ch
  dw 0026Fh,base+00FE1h
  dw 00111h,base+00005h
  dw 00200h,base+000ECh

cammyPage0frame021:
  db 03Eh,052h,070h,032h
  db 08Ch
  db 067h,046h,01Ah,060h,038h
  db 0AEh,045h
  db 095h,046h
  dw 0037Fh,base+0082Ch
  dw 00480h,base+00CA0h
  dw 00480h,base+00057h
  dw 0047Fh,base+00A22h
  dw 00580h,base+02225h
  dw 00780h,base+019D8h
  dw 00781h,base+0174Dh
  dw 0067Fh,base+01E27h
  dw 00506h,base+02243h
  dw 0017Ah,base+0009Eh
  dw 00580h,base+0222Fh
  dw 00580h,base+01C3Ch
  dw 0057Fh,base+02248h
  dw 00580h,base+0224Dh
  dw 0050Ch,base+02252h
  dw 00772h,base+019DFh
  dw 0090Dh,base+011B1h
  dw 00973h,base+011BAh
  dw 01680h,base+00048h
  dw 0167Fh,base+0005Eh
  dw 01314h,base+000EEh
  dw 0036Ch,base+02975h
  dw 01115h,base+00137h
  dw 0016Ah,base+0004Ah
  dw 00D80h,base+0063Ch
  dw 00B7Fh,base+00AE3h
  dw 00B80h,base+00AEEh
  dw 00B80h,base+00AF9h
  dw 00B80h,base+00B04h
  dw 00B81h,base+00B0Fh
  dw 00304h,base+003B8h
  dw 0057Ch,base+02257h
  dw 00204h,base+0058Ch
  dw 0057Ah,base+0225Ch
  dw 00102h,base+00005h
  dw 00204h,base+00384h
  dw 0057Ah,base+02261h
  dw 00306h,base+02978h
  dw 0047Ah,base+00265h
  dw 00306h,base+02918h
  dw 0047Ah,base+02642h
  dw 00206h,base+0058Ch
  dw 0047Bh,base+02646h
  dw 00104h,base+000A1h
  dw 00580h,base+02266h
  dw 0057Fh,base+0226Bh
  dw 0067Fh,base+01E2Dh
  dw 00880h,base+01595h
  dw 00881h,base+0159Dh
  dw 0077Fh,base+019E6h
  dw 00980h,base+011C3h
  dw 00980h,base+011CCh
  dw 00980h,base+011D5h
  dw 00980h,base+011DEh
  dw 00980h,base+011E7h
  dw 00A80h,base+00DF2h
  dw 00405h,base+0264Ah
  dw 0057Bh,base+02270h
  dw 00405h,base+0264Eh
  dw 0057Bh,base+02275h
  dw 00305h,base+0297Bh
  dw 0057Bh,base+0227Ah
  dw 00306h,base+0297Eh
  dw 0047Ah,base+01E40h
  dw 00306h,base+02981h
  dw 00479h,base+005ADh
  dw 00308h,base+003AEh
  dw 00378h,base+00024h
  dw 00308h,base+004E7h
  dw 00478h,base+02652h
  dw 00308h,base+02984h
  dw 00478h,base+02656h
  dw 00209h,base+02AD9h
  dw 00376h,base+0003Eh
  dw 0030Ah,base+02987h
  dw 00376h,base+005FAh
  dw 0030Ah,base+011C9h
  dw 00376h,base+0021Eh
  dw 0020Ah,base+00099h
  dw 00375h,base+002BEh
  dw 0030Bh,base+007A7h
  dw 00375h,base+0298Ah
  dw 0030Bh,base+0298Dh
  dw 00375h,base+00744h
  dw 0020Bh,base+0118Bh
  dw 00374h,base+00B96h
  dw 0030Ch,base+02990h
  dw 00374h,base+02993h
  dw 0030Ch,base+0032Ch
  dw 00374h,base+026F3h
  dw 0030Ch,base+02996h
  dw 00374h,base+02999h
  dw 0030Ch,base+0299Ch
  dw 00274h,base+003DEh
  dw 0030Ch,base+002B0h
  dw 00274h,base+0003Eh
  dw 0020Ch,base+0003Fh
  dw 00274h,base+0023Ch
  dw 0020Ch,base+004B2h
  dw 00274h,base+004C6h
  dw 0010Ch,base+00019h
  dw 00273h,base+0082Dh
  dw 0020Dh,base+0005Bh
  dw 00273h,base+0018Dh
  dw 0020Ch,base+01AC7h
  dw 00374h,base+0299Fh
  dw 0020Ch,base+00548h
  dw 00374h,base+029A2h
  dw 0020Dh,base+00071h
  dw 00273h,base+00112h
  dw 0010Dh,base+00080h
  dw 00173h,base+000B3h
  dw 0010Dh,base+0002Dh
  dw 00172h,base+00012h
  dw 0020Eh,base+01709h
  dw 00172h,base+00DAEh
  dw 0010Dh,base+00006h
  dw 00273h,base+00071h
  dw 0010Dh,base+00080h
  dw 00272h,base+02ADBh
  dw 0020Eh,base+011B4h
  dw 00272h,base+0289Eh
  dw 0020Eh,base+011ACh
  dw 00272h,base+00739h
  dw 0020Eh,base+015CBh
  dw 00372h,base+029A5h
  dw 0020Eh,base+009F4h
  dw 00371h,base+029A8h
  dw 0020Fh,base+029CFh
  dw 00471h,base+0265Ah
  dw 00211h,base+011B4h
  dw 00270h,base+00FD6h
  dw 00110h,base+00005h
  dw 00200h,base+000ECh

cammyPage0frame022:
  db 040h,04Eh,072h,036h
  db 092h
  db 06Ch,046h,019h,065h,038h
  db 0B2h,048h
  db 099h,049h
  dw 00380h,base+00014h
  dw 00376h,base+0002Ah
  dw 00109h,base+00053h
  dw 00576h,base+0227Fh
  dw 0020Ah,base+0150Dh
  dw 00576h,base+02284h
  dw 0020Ah,base+00781h
  dw 00577h,base+02284h
  dw 00109h,base+0001Dh
  dw 00577h,base+02289h
  dw 00209h,base+004C6h
  dw 00578h,base+0228Eh
  dw 00408h,base+0265Eh
  dw 00579h,base+02293h
  dw 00405h,base+02662h
  dw 0087Ch,base+015A5h
  dw 00A0Bh,base+00DFCh
  dw 00176h,base+0017Bh
  dw 0090Ah,base+011F0h
  dw 00179h,base+0001Dh
  dw 00881h,base+015ADh
  dw 0080Ah,base+015B5h
  dw 00374h,base+029ABh
  dw 01480h,base+0009Eh
  dw 01480h,base+000B2h
  dw 0147Fh,base+000C6h
  dw 01213h,base+00101h
  dw 0026Ch,base+00005h
  dw 00B0Fh,base+00B1Ah
  dw 00306h,base+000AEh
  dw 00169h,base+00003h
  dw 00B17h,base+00B25h
  dw 00168h,base+00005h
  dw 00C80h,base+00837h
  dw 00203h,base+02ADDh
  dw 00980h,base+011F9h
  dw 00880h,base+015BDh
  dw 00880h,base+015C5h
  dw 00880h,base+015CDh
  dw 00781h,base+019EDh
  dw 00102h,base+00005h
  dw 00480h,base+02666h
  dw 00480h,base+0266Ah
  dw 0037Fh,base+029AEh
  dw 00480h,base+0266Eh
  dw 0047Fh,base+02672h
  dw 00580h,base+02298h
  dw 00580h,base+0229Dh
  dw 0057Fh,base+022A2h
  dw 00680h,base+01E33h
  dw 00680h,base+01E39h
  dw 00681h,base+01E3Fh
  dw 00580h,base+022A7h
  dw 0057Fh,base+022ACh
  dw 00780h,base+019F4h
  dw 00780h,base+019FBh
  dw 00780h,base+01A02h
  dw 00780h,base+01A09h
  dw 0087Fh,base+015D5h
  dw 00980h,base+01202h
  dw 00980h,base+0120Bh
  dw 00980h,base+01214h
  dw 00980h,base+0121Dh
  dw 00405h,base+02676h
  dw 0057Bh,base+022B1h
  dw 00406h,base+0267Ah
  dw 00479h,base+0267Eh
  dw 00407h,base+02682h
  dw 00479h,base+02686h
  dw 00408h,base+0268Ah
  dw 00378h,base+029B1h
  dw 00409h,base+0268Eh
  dw 00277h,base+000C9h
  dw 00309h,base+029B4h
  dw 00276h,base+00502h
  dw 00409h,base+02692h
  dw 00376h,base+029B7h
  dw 0040Ah,base+02696h
  dw 00276h,base+001D8h
  dw 00409h,base+0124Fh
  dw 00377h,base+029BAh
  dw 00309h,base+00025h
  dw 00377h,base+01B8Bh
  dw 00309h,base+0006Ah
  dw 00376h,base+003AEh
  dw 0030Ah,base+00B93h
  dw 00375h,base+00848h
  dw 0040Bh,base+0269Ah
  dw 00375h,base+029BDh
  dw 0030Ch,base+029C0h
  dw 00174h,base+00019h
  dw 0030Ch,base+029C3h
  dw 00174h,base+00019h
  dw 0030Bh,base+029C6h
  dw 00374h,base+029C9h
  dw 0030Ch,base+029CCh
  dw 00373h,base+02873h
  dw 0030Dh,base+00727h
  dw 00372h,base+028FDh
  dw 0040Fh,base+0269Eh
  dw 00171h,base+0002Dh
  dw 0030Fh,base+0118Eh
  dw 00171h,base+00080h
  dw 0020Eh,base+00507h
  dw 00272h,base+00071h
  dw 0020Eh,base+00114h
  dw 00172h,base+00006h
  dw 0020Eh,base+02ADFh
  dw 00171h,base+00012h
  dw 0020Fh,base+004C2h
  dw 00271h,base+00F43h
  dw 0020Eh,base+02AE1h
  dw 00372h,base+029CFh
  dw 0020Eh,base+0128Bh
  dw 00372h,base+029D2h
  dw 0020Eh,base+02731h
  dw 00372h,base+01695h
  dw 0010Eh,base+00114h
  dw 00472h,base+026A2h
  dw 00110h,base+00004h
  dw 00270h,base+001E0h
  dw 00110h,base+00114h
  dw 00370h,base+029D5h
  dw 00111h,base+000C7h
  dw 00200h,base+000ECh

cammyPage0frame023:
  db 01Eh,050h,064h,034h
  db 070h
  db 052h,02Fh,025h,046h,038h
  db 000h,000h
  db 000h,000h
  dw 0017Fh,base+00012h
  dw 00380h,base+00265h
  dw 0047Fh,base+00057h
  dw 00580h,base+022B6h
  dw 00581h,base+022BBh
  dw 00480h,base+026A6h
  dw 0047Fh,base+0216Dh
  dw 00680h,base+01E45h
  dw 0067Fh,base+01E4Bh
  dw 0077Fh,base+01A10h
  dw 00607h,base+01E51h
  dw 00178h,base+007CEh
  dw 00780h,base+01A17h
  dw 0077Fh,base+01A1Eh
  dw 00880h,base+015DDh
  dw 00A80h,base+00E06h
  dw 00A80h,base+00E10h
  dw 00B81h,base+00B30h
  dw 00A82h,base+00E1Ah
  dw 00880h,base+015E5h
  dw 00880h,base+015EDh
  dw 00880h,base+015F5h
  dw 00880h,base+015FDh
  dw 00980h,base+01226h
  dw 00980h,base+0122Fh
  dw 00980h,base+01238h
  dw 00607h,base+01E57h
  dw 00279h,base+02AE3h
  dw 00708h,base+01A25h
  dw 00278h,base+01CE1h
  dw 00708h,base+01A2Ch
  dw 00278h,base+0008Bh
  dw 00B7Fh,base+00B3Bh
  dw 00C80h,base+00843h
  dw 00C82h,base+0084Fh
  dw 00708h,base+01A33h
  dw 00276h,base+0002Ch
  dw 0090Ah,base+01241h
  dw 00276h,base+00071h
  dw 0090Ah,base+0124Ah
  dw 00276h,base+002A1h
  dw 0090Ah,base+01253h
  dw 00376h,base+029D8h
  dw 0090Ah,base+0125Ch
  dw 00378h,base+02785h
  dw 00708h,base+01A3Ah
  dw 00278h,base+0018Bh
  dw 00405h,base+026AAh
  dw 0037Ah,base+029C9h
  dw 00506h,base+022C0h
  dw 0037Ah,base+029DBh
  dw 00506h,base+022C5h
  dw 0027Ah,base+002CDh
  dw 00507h,base+022CAh
  dw 00279h,base+00071h
  dw 00507h,base+022CFh
  dw 00279h,base+02AB7h
  dw 00508h,base+022D4h
  dw 00178h,base+00036h
  dw 00508h,base+022D9h
  dw 00178h,base+001BFh
  dw 00508h,base+022DEh
  dw 00278h,base+013C8h
  dw 00408h,base+026AEh
  dw 00278h,base+02AE5h
  dw 00409h,base+026B2h
  dw 00277h,base+00C70h
  dw 00409h,base+026B6h
  dw 00278h,base+00378h
  dw 00308h,base+029DEh
  dw 00178h,base+00160h
  dw 00208h,base+011D6h
  dw 00178h,base+00160h
  dw 00208h,base+00001h
  dw 00178h,base+00160h
  dw 00207h,base+00040h
  dw 00279h,base+0269Ah
  dw 00207h,base+00018h
  dw 00279h,base+01932h
  dw 00307h,base+026B7h
  dw 00179h,base+00080h
  dw 00380h,base+029E1h
  dw 00481h,base+026BAh
  dw 00380h,base+029E4h
  dw 00380h,base+029E7h
  dw 00380h,base+0117Bh
  dw 00381h,base+00EABh
  dw 00280h,base+006C1h
  dw 00280h,base+00093h
  dw 00280h,base+0082Dh
  dw 00380h,base+029EAh
  dw 00380h,base+02888h
  dw 00280h,base+00303h
  dw 00281h,base+00005h
  dw 00180h,base+00004h
  dw 00180h,base+00712h
  dw 00281h,base+01EBBh
  dw 00180h,base+0002Dh
  dw 00180h,base+000B3h
  dw 00280h,base+00E6Dh
  dw 0027Fh,base+00525h
  dw 00380h,base+029EDh
  dw 00380h,base+029F0h
  dw 0027Fh,base+0132Bh
  dw 00280h,base+029CFh
  dw 00280h,base+0014Eh
  dw 00200h,base+000ECh

cammyPage0frame024:
  db 03Ch,050h,066h,034h
  db 06Ah
  db 05Bh,046h,01Dh,04Dh,038h
  db 0A0h,046h
  db 082h,054h
  dw 0057Fh,base+003F0h
  dw 0077Fh,base+01A41h
  dw 00980h,base+01265h
  dw 00980h,base+0126Eh
  dw 00981h,base+01277h
  dw 00880h,base+01605h
  dw 00880h,base+0160Dh
  dw 00880h,base+01615h
  dw 00980h,base+01280h
  dw 00708h,base+01A48h
  dw 00179h,base+0001Dh
  dw 00607h,base+01E5Dh
  dw 00113h,base+0001Dh
  dw 00266h,base+00100h
  dw 00818h,base+0161Dh
  dw 00468h,base+026BEh
  dw 00716h,base+01A4Fh
  dw 0066Ah,base+01E63h
  dw 00813h,base+01625h
  dw 0096Dh,base+01289h
  dw 00913h,base+01292h
  dw 00607h,base+01E69h
  dw 00266h,base+005EEh
  dw 00A12h,base+00E24h
  dw 0066Eh,base+01E6Fh
  dw 00A12h,base+00E2Eh
  dw 0056Dh,base+022E3h
  dw 0090Ah,base+0129Bh
  dw 00209h,base+00014h
  dw 0056Dh,base+022E8h
  dw 00102h,base+000A2h
  dw 00709h,base+01A56h
  dw 00207h,base+002D9h
  dw 0046Eh,base+026C2h
  dw 00103h,base+00005h
  dw 00608h,base+01E75h
  dw 00204h,base+00CD4h
  dw 00671h,base+01E7Bh
  dw 00103h,base+000B5h
  dw 00609h,base+01E81h
  dw 00874h,base+0162Dh
  dw 00103h,base+0004Ah
  dw 00709h,base+01A5Dh
  dw 00778h,base+01A64h
  dw 00F7Ch,base+002E1h
  dw 00104h,base+000B5h
  dw 00E7Ch,base+0040Ch
  dw 00105h,base+000A1h
  dw 00C7Bh,base+0085Bh
  dw 00105h,base+00005h
  dw 00C7Bh,base+00867h
  dw 00106h,base+00172h
  dw 00A7Ah,base+00E38h
  dw 00206h,base+00460h
  dw 0097Ah,base+012A4h
  dw 00207h,base+0100Eh
  dw 00780h,base+01A6Bh
  dw 0077Ah,base+01A72h
  dw 00106h,base+000A1h
  dw 0067Ah,base+01E87h
  dw 00106h,base+0001Dh
  dw 0067Ah,base+01E8Dh
  dw 00206h,base+00838h
  dw 0057Ah,base+022EDh
  dw 00106h,base+00005h
  dw 00580h,base+022F2h
  dw 00580h,base+022F7h
  dw 00580h,base+022FCh
  dw 00580h,base+02301h
  dw 00680h,base+01E93h
  dw 00680h,base+01E99h
  dw 00680h,base+01E9Fh
  dw 00780h,base+01A79h
  dw 00780h,base+01A80h
  dw 00680h,base+01EA5h
  dw 00405h,base+026C6h
  dw 0017Bh,base+00005h
  dw 00481h,base+026CAh
  dw 00280h,base+001D8h
  dw 00280h,base+001D8h
  dw 00280h,base+000FCh
  dw 00280h,base+00A1Dh
  dw 00280h,base+0001Ah
  dw 00280h,base+0001Ah
  dw 00280h,base+0001Ah
  dw 0027Fh,base+004B2h
  dw 00380h,base+029F3h
  dw 00380h,base+029F6h
  dw 00380h,base+0287Ch
  dw 00380h,base+0287Ch
  dw 00380h,base+029F9h
  dw 00380h,base+029FCh
  dw 00280h,base+0010Eh
  dw 00280h,base+00153h
  dw 00280h,base+0019Dh
  dw 00280h,base+002A1h
  dw 0027Fh,base+0082Dh
  dw 00380h,base+00E13h
  dw 00381h,base+029FFh
  dw 00280h,base+00014h
  dw 00180h,base+00117h
  dw 00180h,base+00012h
  dw 00180h,base+0001Ch
  dw 00180h,base+0002Dh
  dw 00180h,base+0001Ch
  dw 0017Fh,base+00012h
  dw 00280h,base+004D5h
  dw 00380h,base+02A02h
  dw 0037Fh,base+00B17h
  dw 00480h,base+026CEh
  dw 0047Fh,base+026D2h
  dw 00380h,base+02A05h
  dw 00200h,base+000ECh

cammyPage0frame025:
  db 02Ah,04Fh,072h,035h
  db 088h
  db 06Ch,02Fh,025h,060h,038h
  db 000h,000h
  db 000h,000h
  dw 00280h,base+00014h
  dw 0027Fh,base+00012h
  dw 00480h,base+003B4h
  dw 00408h,base+0002Ah
  dw 00177h,base+00005h
  dw 00608h,base+01EABh
  dw 00378h,base+02A08h
  dw 00709h,base+01A87h
  dw 00277h,base+00012h
  dw 00709h,base+01A8Eh
  dw 00277h,base+0005Bh
  dw 00506h,base+02306h
  dw 00102h,base+0001Dh
  dw 00379h,base+02A0Bh
  dw 00405h,base+026D6h
  dw 00103h,base+001BFh
  dw 00278h,base+00012h
  dw 00405h,base+026DAh
  dw 00103h,base+007CEh
  dw 00378h,base+02929h
  dw 00405h,base+026DEh
  dw 00104h,base+007CEh
  dw 00276h,base+00071h
  dw 0070Ah,base+01A95h
  dw 00276h,base+0005Bh
  dw 0090Ah,base+012ADh
  dw 00275h,base+00089h
  dw 00D80h,base+00649h
  dw 00D7Fh,base+00656h
  dw 00E7Fh,base+0041Ah
  dw 00F7Fh,base+002F0h
  dw 0107Bh,base+001CFh
  dw 00103h,base+00102h
  dw 00D10h,base+00663h
  dw 0026Dh,base+000ECh
  dw 00608h,base+01EB1h
  dw 00878h,base+01635h
  dw 00508h,base+0230Bh
  dw 00778h,base+01A9Ch
  dw 00408h,base+026E2h
  dw 00778h,base+01AA3h
  dw 00208h,base+00983h
  dw 00778h,base+01AAAh
  dw 00108h,base+00005h
  dw 00780h,base+01AB1h
  dw 00881h,base+0163Dh
  dw 00102h,base+00053h
  dw 0057Dh,base+02310h
  dw 00204h,base+02AE7h
  dw 0047Ch,base+026E6h
  dw 00104h,base+0004Ah
  dw 0047Bh,base+026EAh
  dw 00205h,base+00994h
  dw 00479h,base+026EEh
  dw 00306h,base+02A0Eh
  dw 0057Ah,base+02315h
  dw 00306h,base+02A11h
  dw 0057Bh,base+0231Ah
  dw 00105h,base+0001Dh
  dw 0057Bh,base+0231Fh
  dw 00105h,base+000A1h
  dw 00580h,base+02324h
  dw 00580h,base+02329h
  dw 00580h,base+0232Eh
  dw 00580h,base+02333h
  dw 00580h,base+02338h
  dw 00580h,base+0233Dh
  dw 00580h,base+02342h
  dw 00580h,base+02347h
  dw 00680h,base+01EB7h
  dw 00680h,base+01EBDh
  dw 00680h,base+01EC3h
  dw 00680h,base+01EC9h
  dw 00680h,base+01ECFh
  dw 00680h,base+01ED5h
  dw 00680h,base+01EDBh
  dw 00680h,base+01EE1h
  dw 0067Fh,base+01EE7h
  dw 00780h,base+01AB8h
  dw 00304h,base+02A14h
  dw 0037Ch,base+02A17h
  dw 00304h,base+026FEh
  dw 0037Bh,base+01AB8h
  dw 00405h,base+026F2h
  dw 0037Ah,base+004F7h
  dw 00406h,base+00650h
  dw 0037Ah,base+02807h
  dw 00406h,base+026F6h
  dw 0037Ah,base+00B38h
  dw 00306h,base+00000h
  dw 00379h,base+0006Ah
  dw 00407h,base+02696h
  dw 00379h,base+0006Ah
  dw 00307h,base+0030Ah
  dw 00379h,base+00B38h
  dw 00307h,base+02A1Ah
  dw 00379h,base+00B38h
  dw 00207h,base+01730h
  dw 00378h,base+02807h
  dw 00208h,base+00063h
  dw 00377h,base+02822h
  dw 00309h,base+02A1Dh
  dw 00277h,base+002F2h
  dw 0020Ah,base+0092Bh
  dw 00176h,base+00000h
  dw 0020Ah,base+002FFh
  dw 00176h,base+00019h
  dw 0020Ah,base+019C7h
  dw 00174h,base+00012h
  dw 0040Bh,base+026FAh
  dw 00375h,base+02873h
  dw 0030Bh,base+00741h
  dw 00375h,base+02873h
  dw 0030Bh,base+02A20h
  dw 00375h,base+02A23h
  dw 0030Ch,base+02A26h
  dw 00173h,base+00006h
  dw 0030Dh,base+02A29h
  dw 00173h,base+00012h
  dw 0030Dh,base+02A2Ch
  dw 00173h,base+00004h
  dw 0020Dh,base+02AB5h
  dw 00172h,base+00004h
  dw 0030Eh,base+02A2Fh
  dw 00172h,base+001D6h
  dw 0020Eh,base+02A9Dh
  dw 00172h,base+00172h
  dw 0020Eh,base+02AE9h
  dw 00272h,base+003D2h
  dw 0010Eh,base+00712h
  dw 00272h,base+00AE9h
  dw 0010Eh,base+000AEh
  dw 00380h,base+00F7Dh
  dw 00380h,base+0002Ah
  dw 00300h,base+000ECh

cammyPage0frame026:
  db 042h,056h,06Ah,02Eh
  db 06Ch
  db 06Ah,02Fh,024h,071h,038h
  db 000h,000h
  db 000h,000h
  dw 00180h,base+0004Eh
  dw 00380h,base+02A32h
  dw 0037Fh,base+02A35h
  dw 00381h,base+02A38h
  dw 00281h,base+0005Bh
  dw 00180h,base+00012h
  dw 00281h,base+00071h
  dw 00180h,base+000B2h
  dw 00209h,base+0002Ch
  dw 00177h,base+00005h
  dw 00208h,base+00012h
  dw 00378h,base+005E1h
  dw 00308h,base+02A3Bh
  dw 00479h,base+0002Ah
  dw 00206h,base+00571h
  dw 0057Ah,base+022B6h
  dw 00206h,base+00019h
  dw 0057Ah,base+0067Dh
  dw 00306h,base+005ADh
  dw 0057Bh,base+02119h
  dw 00406h,base+026FEh
  dw 0047Ah,base+02702h
  dw 00A81h,base+00E42h
  dw 00980h,base+012B6h
  dw 00A81h,base+00E4Ch
  dw 00A81h,base+00E56h
  dw 00A81h,base+00E60h
  dw 00981h,base+012BFh
  dw 00981h,base+012C8h
  dw 00880h,base+01645h
  dw 00980h,base+012D1h
  dw 00A7Fh,base+00E6Ah
  dw 00C80h,base+00873h
  dw 00709h,base+01ABFh
  dw 00478h,base+02706h
  dw 00608h,base+01EEDh
  dw 00478h,base+0270Ah
  dw 00609h,base+01EF3h
  dw 00471h,base+0270Eh
  dw 00106h,base+00080h
  dw 0070Ah,base+01AC6h
  dw 00370h,base+0002Ch
  dw 00205h,base+0220Ah
  dw 0090Bh,base+012DAh
  dw 00470h,base+02712h
  dw 00607h,base+01EF9h
  dw 0070Ah,base+01ACDh
  dw 0026Fh,base+01A7Eh
  dw 00305h,base+0011Ch
  dw 00103h,base+00005h
  dw 00880h,base+0164Dh
  dw 00881h,base+01655h
  dw 00980h,base+012E3h
  dw 00880h,base+0165Dh
  dw 00B80h,base+00B46h
  dw 00A80h,base+00E74h
  dw 00C80h,base+0087Fh
  dw 00D81h,base+00670h
  dw 00A80h,base+00E7Eh
  dw 00B81h,base+00B51h
  dw 00B80h,base+00B5Ch
  dw 00405h,base+02716h
  dw 0057Bh,base+0234Ch
  dw 00405h,base+022FDh
  dw 0067Bh,base+00B60h
  dw 00406h,base+0271Ah
  dw 0077Ah,base+01AD4h
  dw 00406h,base+0271Eh
  dw 0057Ah,base+0221Ch
  dw 00405h,base+02722h
  dw 0087Bh,base+01665h
  dw 00406h,base+02726h
  dw 0067Ah,base+01EFFh
  dw 00407h,base+00166h
  dw 00608h,base+01F05h
  dw 00271h,base+0016Fh
  dw 00406h,base+00166h
  dw 00A7Ah,base+00E88h
  dw 00407h,base+0272Ah
  dw 00979h,base+012ECh
  dw 00308h,base+00025h
  dw 00978h,base+012F5h
  dw 00307h,base+00422h
  dw 00879h,base+0166Dh
  dw 00308h,base+01B54h
  dw 00878h,base+01675h
  dw 00308h,base+02A3Eh
  dw 00778h,base+01ADBh
  dw 00309h,base+02A41h
  dw 00677h,base+01F0Bh
  dw 00208h,base+0028Ah
  dw 00878h,base+0167Dh
  dw 00209h,base+00192h
  dw 00677h,base+01F11h
  dw 00309h,base+00EABh
  dw 00677h,base+01F17h
  dw 00308h,base+00B93h
  dw 00679h,base+01F1Dh
  dw 00208h,base+00000h
  dw 00578h,base+02351h
  dw 00307h,base+00567h
  dw 00579h,base+02356h
  dw 00308h,base+00567h
  dw 00378h,base+0015Dh
  dw 00307h,base+00019h
  dw 00579h,base+0235Bh
  dw 00207h,base+0011Fh
  dw 00479h,base+014D5h
  dw 00207h,base+0008Bh
  dw 0047Ah,base+00473h
  dw 00105h,base+00019h
  dw 0047Bh,base+0272Eh
  dw 00106h,base+00012h
  dw 0037Ah,base+02A44h
  dw 00205h,base+000ADh
  dw 0037Bh,base+02A44h
  dw 00205h,base+01641h
  dw 0027Bh,base+0004Ch
  dw 00205h,base+0016Ch
  dw 0027Bh,base+000F3h
  dw 00204h,base+0064Bh
  dw 0027Ch,base+0145Fh
  dw 00204h,base+00071h
  dw 0027Dh,base+004FDh
  dw 00102h,base+000A1h
  dw 0017Eh,base+0001Dh
  dw 00102h,base+000A1h
  dw 0017Eh,base+00117h
  dw 00380h,base+02A47h
  dw 00280h,base+0004Bh
  dw 00280h,base+00118h
  dw 00180h,base+000B3h
  dw 00280h,base+004CCh
  dw 00280h,base+02AEBh
  dw 0027Fh,base+01642h
  dw 00380h,base+02A4Ah
  dw 00380h,base+0123Ah
  dw 00300h,base+000ECh

cammyPage0frame027:
  db 044h,05Fh,078h,025h
  db 07Ch
  db 076h,046h,02Ah,066h,038h
  db 0BAh,045h
  db 09Bh,05Ah
  dw 00180h,base+0001Bh
  dw 00180h,base+00010h
  dw 0027Fh,base+00A1Dh
  dw 00380h,base+02A4Dh
  dw 00380h,base+02A50h
  dw 0030Ch,base+02A53h
  dw 00174h,base+0009Eh
  dw 0030Ch,base+02146h
  dw 00275h,base+02ACBh
  dw 0020Ah,base+0002Ch
  dw 00376h,base+02A56h
  dw 00209h,base+00071h
  dw 00477h,base+02732h
  dw 00209h,base+01FB9h
  dw 00178h,base+0017Bh
  dw 00107h,base+00012h
  dw 00279h,base+0150Dh
  dw 00107h,base+00012h
  dw 00179h,base+00005h
  dw 00206h,base+0002Ch
  dw 0027Ah,base+00488h
  dw 00206h,base+0002Ch
  dw 0017Ah,base+00172h
  dw 00205h,base+00012h
  dw 0027Bh,base+00488h
  dw 00205h,base+00012h
  dw 0017Bh,base+0025Bh
  dw 00205h,base+00043h
  dw 0017Bh,base+000E5h
  dw 00204h,base+013B5h
  dw 0017Ch,base+000A2h
  dw 00204h,base+003E7h
  dw 0017Dh,base+00172h
  dw 00103h,base+00000h
  dw 0017Dh,base+00005h
  dw 00203h,base+004B2h
  dw 0017Dh,base+00053h
  dw 00203h,base+00049h
  dw 0017Dh,base+000B5h
  dw 00380h,base+002EDh
  dw 00380h,base+02A59h
  dw 0037Eh,base+02A59h
  dw 0051Eh,base+02360h
  dw 00161h,base+00080h
  dw 00507h,base+02365h
  dw 00417h,base+02736h
  dw 00362h,base+00144h
  dw 00C1Dh,base+0088Bh
  dw 00463h,base+0273Ah
  dw 00709h,base+01AE2h
  dw 00414h,base+0273Eh
  dw 00363h,base+00CA9h
  dw 0060Bh,base+01F23h
  dw 00211h,base+00074h
  dw 00364h,base+02A5Ch
  dw 0070Ch,base+01AE9h
  dw 0020Dh,base+0011Bh
  dw 00566h,base+0236Ah
  dw 0080Eh,base+01685h
  dw 0020Ch,base+02AEDh
  dw 00466h,base+02742h
  dw 0090Eh,base+012FEh
  dw 00209h,base+0058Ch
  dw 00669h,base+01F29h
  dw 00102h,base+0001Dh
  dw 0070Dh,base+01AF0h
  dw 00207h,base+01D5Ch
  dw 0066Ah,base+01F2Fh
  dw 00A0Fh,base+00E92h
  dw 00207h,base+0076Bh
  dw 0066Ah,base+01F35h
  dw 00102h,base+0001Dh
  dw 0080Dh,base+0168Dh
  dw 00106h,base+001BFh
  dw 00506h,base+0236Fh
  dw 00165h,base+00005h
  dw 00102h,base+0001Dh
  dw 0090Dh,base+01307h
  dw 00106h,base+001BFh
  dw 0046Bh,base+02746h
  dw 00104h,base+0001Dh
  dw 0070Eh,base+01AF7h
  dw 0076Eh,base+01AFEh
  dw 00104h,base+007CEh
  dw 0070Dh,base+01B05h
  dw 00770h,base+01B0Ch
  dw 00103h,base+0000Fh
  dw 01280h,base+00113h
  dw 01180h,base+00148h
  dw 01180h,base+00159h
  dw 01081h,base+001DFh
  dw 00F81h,base+002FFh
  dw 00D80h,base+0067Dh
  dw 00C80h,base+00897h
  dw 00204h,base+00153h
  dw 0077Ch,base+01B13h
  dw 00204h,base+0075Fh
  dw 0067Ch,base+01F3Bh
  dw 00205h,base+0020Fh
  dw 0047Ch,base+0274Ah
  dw 00104h,base+00000h
  dw 0047Ch,base+0274Eh
  dw 00104h,base+00000h
  dw 0047Ch,base+009D6h
  dw 00204h,base+004B2h
  dw 0047Ch,base+02432h
  dw 00204h,base+00849h
  dw 0047Ch,base+02752h
  dw 00204h,base+00000h
  dw 0047Ch,base+02756h
  dw 00205h,base+00000h
  dw 0037Bh,base+007C5h
  dw 00205h,base+0035Eh
  dw 0037Bh,base+00B4Ch
  dw 00205h,base+01CCFh
  dw 0037Bh,base+00B4Ch
  dw 00205h,base+00012h
  dw 0037Bh,base+00B4Ch
  dw 00205h,base+0005Bh
  dw 0037Bh,base+00000h
  dw 00205h,base+00071h
  dw 0037Bh,base+00025h
  dw 00205h,base+00071h
  dw 0037Bh,base+00B38h
  dw 00205h,base+00071h
  dw 0037Bh,base+012C1h
  dw 00105h,base+00006h
  dw 0037Bh,base+02A5Fh
  dw 00105h,base+00006h
  dw 0037Bh,base+012FFh
  dw 00105h,base+00006h
  dw 0037Bh,base+027B3h
  dw 00105h,base+00012h
  dw 0037Ah,base+00B51h
  dw 00206h,base+00071h
  dw 0037Ah,base+02A17h
  dw 00207h,base+00071h
  dw 00279h,base+027BDh
  dw 00207h,base+013B7h
  dw 00279h,base+0010Eh
  dw 00207h,base+00A09h
  dw 00278h,base+00153h
  dw 00308h,base+02A62h
  dw 00378h,base+02807h
  dw 00308h,base+00596h
  dw 00380h,base+012C1h
  dw 00380h,base+0055Ah
  dw 00380h,base+0055Ah
  dw 00380h,base+0055Ah
  dw 00380h,base+01B54h
  dw 00380h,base+01C92h
  dw 00280h,base+00153h
  dw 00280h,base+00314h
  dw 00280h,base+00A63h
  dw 00280h,base+00A63h
  dw 00280h,base+02AEFh
  dw 00280h,base+00303h
  dw 00280h,base+00159h
  dw 00280h,base+0005Bh
  dw 00280h,base+01F96h
  dw 00180h,base+00172h
  dw 00180h,base+00172h
  dw 00180h,base+00004h
  dw 0017Fh,base+00012h
  dw 0037Fh,base+02A65h
  dw 00480h,base+0275Ah
  dw 00480h,base+0275Eh
  dw 00480h,base+0002Ah
  dw 00400h,base+019E0h

cammyPage0frame028:
  db 02Ah,031h,070h,055h
  db 08Ah
  db 06Bh,02Fh,025h,065h,02Dh
  db 000h,000h
  db 000h,000h
  dw 0017Fh,base+00012h
  dw 0037Fh,base+0002Ah
  dw 00580h,base+01EABh
  dw 00580h,base+00317h
  dw 00580h,base+0002Bh
  dw 00580h,base+02374h
  dw 00580h,base+02379h
  dw 0057Fh,base+0237Eh
  dw 00680h,base+01F41h
  dw 00780h,base+01B1Ah
  dw 0077Eh,base+01B21h
  dw 00708h,base+01B28h
  dw 00178h,base+0001Dh
  dw 00708h,base+01B2Fh
  dw 00177h,base+007CEh
  dw 00709h,base+01B36h
  dw 00177h,base+001BFh
  dw 00709h,base+01B3Dh
  dw 00177h,base+00102h
  dw 00680h,base+01F47h
  dw 0077Fh,base+01B44h
  dw 0080Ch,base+01695h
  dw 00274h,base+010EBh
  dw 0080Ch,base+0169Dh
  dw 00374h,base+008E1h
  dw 00809h,base+016A5h
  dw 00677h,base+01F4Dh
  dw 00F7Dh,base+0030Eh
  dw 01180h,base+0016Ah
  dw 0117Fh,base+0017Bh
  dw 01081h,base+001EFh
  dw 00607h,base+01F53h
  dw 00779h,base+01B4Bh
  dw 00506h,base+02383h
  dw 00779h,base+01B52h
  dw 00E80h,base+00428h
  dw 00E80h,base+00436h
  dw 00E80h,base+00444h
  dw 00E80h,base+00452h
  dw 00B0Ch,base+00B67h
  dw 00274h,base+00049h
  dw 00A0Ch,base+00E9Ch
  dw 00174h,base+00019h
  dw 00A0Ch,base+00EA6h
  dw 00174h,base+00012h
  dw 0090Ch,base+01310h
  dw 00173h,base+00012h
  dw 00A0Ch,base+00EB0h
  dw 00375h,base+028FDh
  dw 0080Bh,base+016ADh
  dw 00374h,base+02767h
  dw 0080Ch,base+016B5h
  dw 00274h,base+00071h
  dw 0070Dh,base+01B59h
  dw 00172h,base+0002Dh
  dw 0090Eh,base+01319h
  dw 00172h,base+00DAEh
  dw 0090Dh,base+01322h
  dw 00273h,base+0064Bh
  dw 0090Dh,base+0132Bh
  dw 00273h,base+01A10h
  dw 00203h,base+00013h
  dw 0060Ah,base+01F59h
  dw 00273h,base+00FE1h
  dw 00203h,base+00094h
  dw 0070Ah,base+01B60h
  dw 00273h,base+012ABh
  dw 00204h,base+00013h
  dw 00609h,base+01F5Fh
  dw 00373h,base+0069Ah
  dw 00205h,base+01641h
  dw 00508h,base+02388h
  dw 00473h,base+02762h
  dw 00205h,base+0070Dh
  dw 00508h,base+0238Dh
  dw 00574h,base+02392h
  dw 00105h,base+00080h
  dw 00309h,base+00025h
  dw 00377h,base+000ECh
  dw 00381h,base+02A68h
  dw 00100h,base+00005h

cammyPage0frame029:
  db 038h,031h,070h,055h
  db 08Ah
  db 062h,046h,01Ah,067h,02Dh
  db 0A8h,066h
  db 08Fh,067h
  dw 0017Fh,base+00012h
  dw 00380h,base+0070Dh
  dw 00480h,base+00057h
  dw 00480h,base+00057h
  dw 00480h,base+0002Bh
  dw 0047Fh,base+01D92h
  dw 00580h,base+02397h
  dw 0057Fh,base+0239Ch
  dw 0077Eh,base+01B67h
  dw 00708h,base+01B6Eh
  dw 00177h,base+0001Dh
  dw 0080Ah,base+016BDh
  dw 00174h,base+00002h
  dw 00B0Ch,base+00B72h
  dw 00173h,base+00778h
  dw 00F11h,base+0031Dh
  dw 0036Fh,base+000AEh
  dw 01880h,base+00000h
  dw 01880h,base+00018h
  dw 01880h,base+00030h
  dw 00203h,base+00014h
  dw 0157Fh,base+00074h
  dw 00C0Eh,base+008A3h
  dw 00306h,base+019D8h
  dw 0026Ch,base+00538h
  dw 0087Dh,base+016C5h
  dw 00B80h,base+00B7Dh
  dw 00D80h,base+0068Ah
  dw 00E80h,base+00460h
  dw 00E81h,base+0046Eh
  dw 00D7Fh,base+00697h
  dw 00607h,base+01F65h
  dw 00779h,base+01B75h
  dw 00D80h,base+006A4h
  dw 00D7Fh,base+006B1h
  dw 00E80h,base+0047Ch
  dw 00E80h,base+0048Ah
  dw 00E80h,base+00498h
  dw 00E80h,base+004A6h
  dw 00B0Ch,base+00B88h
  dw 00174h,base+0009Eh
  dw 00B0Ch,base+00B93h
  dw 00175h,base+0009Eh
  dw 00A0Bh,base+00EBAh
  dw 00175h,base+00012h
  dw 0080Bh,base+016CDh
  dw 00174h,base+00012h
  dw 0090Ah,base+01334h
  dw 00475h,base+02766h
  dw 0090Bh,base+0133Dh
  dw 00475h,base+0276Ah
  dw 0080Bh,base+016D5h
  dw 00375h,base+02A6Bh
  dw 0080Bh,base+016DDh
  dw 00375h,base+02A6Eh
  dw 0080Ch,base+016E5h
  dw 00273h,base+02AF1h
  dw 00A0Dh,base+00EC4h
  dw 00273h,base+02AF1h
  dw 00203h,base+004E3h
  dw 0070Ah,base+01B7Ch
  dw 00273h,base+00FE1h
  dw 00204h,base+00094h
  dw 00609h,base+01F6Bh
  dw 00273h,base+012ABh
  dw 00205h,base+0002Ch
  dw 00508h,base+023A1h
  dw 00373h,base+0069Ah
  dw 00205h,base+01641h
  dw 00508h,base+023A6h
  dw 00473h,base+02762h
  dw 00206h,base+0070Dh
  dw 00407h,base+0276Eh
  dw 00574h,base+02392h
  dw 00105h,base+00080h
  dw 00409h,base+02772h
  dw 00378h,base+000ECh
  dw 00281h,base+0032Ah
  dw 00100h,base+00005h

cammyPage0frame030:
  db 03Ch,029h,080h,05Bh
  db 08Eh
  db 06Ah,02Dh,012h,075h,046h
  db 0B9h,06Ch
  db 09Ah,06Dh
  dw 0027Fh,base+00014h
  dw 0037Fh,base+00265h
  dw 00580h,base+01EABh
  dw 00580h,base+00318h
  dw 00580h,base+023ABh
  dw 00680h,base+01F71h
  dw 00680h,base+01F77h
  dw 0077Fh,base+01B83h
  dw 00507h,base+023B0h
  dw 00179h,base+0001Dh
  dw 00507h,base+023B5h
  dw 00179h,base+007CEh
  dw 00607h,base+01F7Dh
  dw 00178h,base+007CEh
  dw 00708h,base+01B8Ah
  dw 00178h,base+007CEh
  dw 00881h,base+016EDh
  dw 00780h,base+01B91h
  dw 00780h,base+01B98h
  dw 00780h,base+01B9Fh
  dw 00780h,base+01BA6h
  dw 00780h,base+01BADh
  dw 00780h,base+01BB4h
  dw 0087Dh,base+016F5h
  dw 00103h,base+00005h
  dw 0097Dh,base+01346h
  dw 00102h,base+00003h
  dw 00B7Eh,base+00B9Eh
  dw 00607h,base+01F83h
  dw 00678h,base+01F89h
  dw 00607h,base+01F8Fh
  dw 00879h,base+016FDh
  dw 01080h,base+001FFh
  dw 01180h,base+0018Ch
  dw 01180h,base+0019Dh
  dw 01281h,base+00125h
  dw 01180h,base+001AEh
  dw 01480h,base+000DAh
  dw 01581h,base+00089h
  dw 00A0Bh,base+00ECEh
  dw 0090Ah,base+0134Fh
  dw 0016Bh,base+00012h
  dw 0090Ch,base+01358h
  dw 00A75h,base+00ED8h
  dw 0060Eh,base+01F95h
  dw 00C73h,base+008AFh
  dw 0050Fh,base+023BAh
  dw 00B71h,base+00BA9h
  dw 00512h,base+023BFh
  dw 0086Eh,base+01705h
  dw 00103h,base+00005h
  dw 00210h,base+00014h
  dw 00770h,base+01BBBh
  dw 00210h,base+002AEh
  dw 00103h,base+00005h
  dw 0046Dh,base+02776h
  dw 00215h,base+00084h
  dw 0026Ah,base+00B7Bh
  dw 00380h,base+02A71h
  dw 00200h,base+002AEh

cammyPage0frame031:
  db 030h,037h,066h,04Dh
  db 07Eh
  db 066h,02Fh,02Dh,060h,02Dh
  db 000h,000h
  db 000h,000h
  dw 00180h,base+00010h
  dw 00280h,base+008FEh
  dw 00280h,base+02AEDh
  dw 00180h,base+0001Dh
  dw 0017Ah,base+000B5h
  dw 00106h,base+00053h
  dw 00179h,base+000B5h
  dw 00207h,base+00E01h
  dw 00178h,base+00080h
  dw 00308h,base+02A74h
  dw 00179h,base+000B5h
  dw 00207h,base+007C5h
  dw 00179h,base+00080h
  dw 00207h,base+026AEh
  dw 0017Ah,base+0009Eh
  dw 00206h,base+0039Ch
  dw 0017Bh,base+001BFh
  dw 00106h,base+00005h
  dw 0017Ah,base+00053h
  dw 00206h,base+00983h
  dw 00105h,base+000B5h
  dw 00176h,base+00005h
  dw 00205h,base+0027Dh
  dw 00104h,base+0009Eh
  dw 00378h,base+00265h
  dw 00104h,base+0009Eh
  dw 00104h,base+001BFh
  dw 00478h,base+0002Ah
  dw 00204h,base+00014h
  dw 00204h,base+0011Bh
  dw 00479h,base+00057h
  dw 00204h,base+00494h
  dw 00203h,base+00458h
  dw 0047Ah,base+00CA0h
  dw 00B81h,base+00BB4h
  dw 00A81h,base+00EE2h
  dw 00881h,base+0170Dh
  dw 0067Fh,base+01F9Bh
  dw 00880h,base+01715h
  dw 00880h,base+0171Dh
  dw 00980h,base+01361h
  dw 00980h,base+0136Ah
  dw 00607h,base+01FA1h
  dw 00279h,base+01368h
  dw 0087Dh,base+01725h
  dw 00B7Fh,base+00BBFh
  dw 00B80h,base+00BCAh
  dw 00B7Fh,base+00BD5h
  dw 00C80h,base+008BBh
  dw 00C7Ch,base+008C7h
  dw 00103h,base+00080h
  dw 00D7Ch,base+006BEh
  dw 00204h,base+01959h
  dw 00A0Bh,base+00EECh
  dw 00270h,base+0045Eh
  dw 00D10h,base+006CBh
  dw 0026Fh,base+0045Eh
  dw 00E11h,base+004B4h
  dw 0026Fh,base+00052h
  dw 00D11h,base+006D8h
  dw 0026Eh,base+004B2h
  dw 00E12h,base+004C2h
  dw 0026Fh,base+00EE6h
  dw 00103h,base+00005h
  dw 00A0Eh,base+00EF6h
  dw 00272h,base+0098Ch
  dw 00A0Eh,base+00F00h
  dw 00272h,base+00140h
  dw 00506h,base+023C4h
  dw 00408h,base+0277Ah
  dw 00372h,base+02A77h
  dw 00506h,base+023C9h
  dw 00408h,base+0277Eh
  dw 00372h,base+02A7Ah
  dw 00A0Eh,base+00F0Ah
  dw 00372h,base+0059Dh
  dw 00A0Fh,base+00F14h
  dw 00272h,base+00012h
  dw 0090Eh,base+01373h
  dw 00272h,base+00012h
  dw 00203h,base+000AEh
  dw 0060Bh,base+01FA7h
  dw 00272h,base+0005Bh
  dw 00103h,base+001BFh
  dw 0060Ch,base+01FADh
  dw 00171h,base+00012h
  dw 00104h,base+000AEh
  dw 0050Bh,base+023CEh
  dw 00176h,base+00005h
  dw 0040Ah,base+02782h
  dw 00277h,base+0002Ch
  dw 00309h,base+02A7Dh
  dw 00277h,base+0005Bh
  dw 00208h,base+0027Eh
  dw 00578h,base+023D3h
  dw 00208h,base+0002Ch
  dw 00102h,base+000A2h
  dw 00275h,base+00014h
  dw 0037Fh,base+005E1h
  dw 00480h,base+02786h
  dw 00204h,base+00100h
  dw 00100h,base+0004Ah

cammyPage0frame032:
  db 028h,034h,06Ch,054h
  db 088h
  db 063h,02Fh,026h,065h,02Dh
  db 000h,000h
  db 000h,000h
  dw 0027Fh,base+0005Bh
  dw 00480h,base+003B4h
  dw 0047Fh,base+00057h
  dw 00680h,base+01FB3h
  dw 00681h,base+01FB9h
  dw 0057Fh,base+023D8h
  dw 0057Fh,base+023DDh
  dw 00680h,base+01FBFh
  dw 00776h,base+01BC2h
  dw 00104h,base+00053h
  dw 00105h,base+00080h
  dw 00876h,base+0172Dh
  dw 00204h,base+02AF3h
  dw 00205h,base+02AF5h
  dw 00708h,base+01BC9h
  dw 0016Fh,base+001BFh
  dw 00205h,base+00781h
  dw 00104h,base+0001Dh
  dw 00708h,base+01BD0h
  dw 00170h,base+001BFh
  dw 00204h,base+0076Bh
  dw 00103h,base+0001Dh
  dw 00709h,base+01BD7h
  dw 00170h,base+001BFh
  dw 00304h,base+01959h
  dw 00203h,base+00775h
  dw 00709h,base+01BDEh
  dw 00171h,base+000B5h
  dw 00D81h,base+006E5h
  dw 00D83h,base+006F2h
  dw 00A81h,base+00F1Eh
  dw 00980h,base+0137Ch
  dw 00880h,base+01735h
  dw 00880h,base+0173Dh
  dw 0087Fh,base+01745h
  dw 00A80h,base+00F28h
  dw 00708h,base+01BE5h
  dw 00278h,base+000FCh
  dw 00708h,base+01BECh
  dw 00279h,base+000FCh
  dw 00607h,base+01FC5h
  dw 00279h,base+000FCh
  dw 00607h,base+01FCBh
  dw 00279h,base+0039Ch
  dw 00607h,base+01FD1h
  dw 00279h,base+003F5h
  dw 00608h,base+01FD7h
  dw 00279h,base+00102h
  dw 00607h,base+01FDDh
  dw 00279h,base+003DEh
  dw 00607h,base+01FE3h
  dw 00279h,base+0118Bh
  dw 00607h,base+01FE9h
  dw 0027Ah,base+0094Ch
  dw 00506h,base+023E2h
  dw 0027Ah,base+00082h
  dw 00506h,base+023E7h
  dw 0027Ah,base+0005Bh
  dw 00507h,base+023ECh
  dw 0017Ah,base+00012h
  dw 00406h,base+0278Ah
  dw 0017Ah,base+00012h
  dw 00406h,base+0278Eh
  dw 0027Ah,base+00071h
  dw 00407h,base+02792h
  dw 00179h,base+0002Dh
  dw 00407h,base+02796h
  dw 00179h,base+00006h
  dw 00406h,base+0279Ah
  dw 0037Bh,base+005E1h
  dw 00305h,base+01560h
  dw 0047Bh,base+0279Eh
  dw 00304h,base+00E38h
  dw 0057Ch,base+023F1h
  dw 00308h,base+02A80h
  dw 00178h,base+00005h
  dw 00380h,base+02A83h
  dw 00380h,base+02A86h
  dw 00481h,base+027A2h
  dw 00480h,base+027A6h
  dw 00580h,base+023F6h
  dw 00680h,base+01FEFh
  dw 00581h,base+023FBh
  dw 00580h,base+02400h
  dw 00582h,base+02405h
  dw 00300h,base+02A5Ch


