  dw cammyPage1frame000
  dw cammyPage1frame001
  dw cammyPage1frame002
  dw cammyPage1frame003
  dw cammyPage1frame004
  dw cammyPage1frame005
  dw cammyPage1frame006
  dw cammyPage1frame007
  dw cammyPage1frame008
  dw cammyPage1frame009
  dw cammyPage1frame010
  dw cammyPage1frame011
  dw cammyPage1frame012
  dw cammyPage1frame013
  dw cammyPage1frame014
  dw cammyPage1frame015
  dw cammyPage1frame016
  dw cammyPage1frame017
  dw cammyPage1frame018
  dw cammyPage1frame019
  dw cammyPage1frame020
  dw cammyPage1frame021
  dw cammyPage1frame022
  dw cammyPage1frame023
  dw cammyPage1frame024
  dw cammyPage1frame025
  dw cammyPage1frame026
  dw cammyPage1frame027
  dw cammyPage1frame028
  dw cammyPage1frame029
  dw cammyPage1frame030
  dw cammyPage1frame031
  dw cammyPage1frame032

cammyPage1frame000:
  db 028h,050h,06Ah,034h
  db 07Ch
  db 074h,02Fh,025h,071h,038h
  db 000h,000h
  db 000h,000h
  dw 00380h,base+0001Ah
  dw 00480h,base+00CA2h
  dw 00480h,base+00049h
  dw 00480h,base+02414h
  dw 0057Fh,base+01FF5h
  dw 0067Fh,base+01BF3h
  dw 00780h,base+0174Dh
  dw 00680h,base+01BF9h
  dw 00102h,base+000B1h
  dw 0057Eh,base+01FFAh
  dw 00102h,base+000B1h
  dw 0057Eh,base+01FFFh
  dw 00102h,base+000B1h
  dw 0057Eh,base+014CEh
  dw 00102h,base+00111h
  dw 00680h,base+01BFFh
  dw 00680h,base+01C05h
  dw 00405h,base+01C2Fh
  dw 0017Bh,base+00057h
  dw 00880h,base+01385h
  dw 00881h,base+0138Dh
  dw 0077Fh,base+01754h
  dw 0097Fh,base+00F32h
  dw 00A80h,base+00BE0h
  dw 00B80h,base+008D3h
  dw 00B80h,base+008DEh
  dw 00C80h,base+006FFh
  dw 00C80h,base+0070Bh
  dw 00C80h,base+00717h
  dw 00C7Fh,base+00723h
  dw 00D80h,base+004D0h
  dw 00A0Bh,base+00BEAh
  dw 00275h,base+00118h
  dw 0087Fh,base+01395h
  dw 00304h,base+027B4h
  dw 00506h,base+02004h
  dw 00176h,base+001CEh
  dw 00304h,base+027B7h
  dw 00506h,base+02009h
  dw 00176h,base+001CEh
  dw 00304h,base+027BAh
  dw 00506h,base+0200Eh
  dw 00176h,base+00000h
  dw 00304h,base+027BDh
  dw 00506h,base+02013h
  dw 00176h,base+0005Bh
  dw 00203h,base+001DCh
  dw 00607h,base+01C0Bh
  dw 00276h,base+0062Fh
  dw 00203h,base+00000h
  dw 00708h,base+0175Bh
  dw 00175h,base+00172h
  dw 00103h,base+00008h
  dw 00708h,base+01762h
  dw 00175h,base+000A1h
  dw 00103h,base+0002Ah
  dw 00708h,base+01769h
  dw 00275h,base+0076Bh
  dw 00102h,base+0002Ah
  dw 0080Ah,base+0139Dh
  dw 00174h,base+0002Ah
  dw 00102h,base+000C2h
  dw 0090Ah,base+00F3Bh
  dw 00176h,base+00172h
  dw 00980h,base+00F44h
  dw 00980h,base+00F4Dh
  dw 00980h,base+00F56h
  dw 00405h,base+02418h
  dw 0047Bh,base+0241Ch
  dw 00405h,base+02420h
  dw 0057Bh,base+02018h
  dw 00305h,base+027C0h
  dw 0057Ah,base+0201Dh
  dw 00406h,base+02424h
  dw 0057Ah,base+02022h
  dw 00407h,base+02428h
  dw 00479h,base+0242Ch
  dw 00307h,base+027C3h
  dw 00579h,base+02027h
  dw 00307h,base+007B0h
  dw 00579h,base+0202Ch
  dw 00308h,base+027C6h
  dw 00478h,base+02430h
  dw 00208h,base+00CCDh
  dw 00478h,base+000DCh
  dw 00209h,base+00769h
  dw 00376h,base+00E51h
  dw 0030Ah,base+027C9h
  dw 00476h,base+02434h
  dw 0020Bh,base+00110h
  dw 00375h,base+00554h
  dw 0020Bh,base+0022Bh
  dw 00374h,base+005C4h
  dw 0030Ch,base+027CCh
  dw 00374h,base+00B70h
  dw 0030Bh,base+006F8h
  dw 00475h,base+02438h
  dw 0030Bh,base+00337h
  dw 00375h,base+027CFh
  dw 0030Bh,base+01022h
  dw 00374h,base+027D2h
  dw 0040Ch,base+0243Ch
  dw 00374h,base+027D5h
  dw 0030Ch,base+00F88h
  dw 00374h,base+027D8h
  dw 0030Ch,base+00108h
  dw 00274h,base+00604h
  dw 0030Ch,base+01181h
  dw 00274h,base+000F1h
  dw 0020Ch,base+000F1h
  dw 00274h,base+0047Ch
  dw 0020Ch,base+00249h
  dw 00273h,base+00511h
  dw 0020Dh,base+02A87h
  dw 00273h,base+00713h
  dw 0020Dh,base+00D1Ch
  dw 00273h,base+0005Fh
  dw 0020Ch,base+01ECAh
  dw 00374h,base+027DBh
  dw 0020Ch,base+00152h
  dw 00374h,base+027DEh
  dw 0020Dh,base+002C6h
  dw 00273h,base+004D6h
  dw 0010Dh,base+00111h
  dw 00172h,base+00014h
  dw 0020Eh,base+0005Fh
  dw 00172h,base+00120h
  dw 0010Eh,base+0002Ch
  dw 00172h,base+00CDEh
  dw 0010Dh,base+00013h
  dw 00273h,base+0005Fh
  dw 0010Dh,base+00234h
  dw 00272h,base+02A89h
  dw 0020Eh,base+025DDh
  dw 00272h,base+012E9h
  dw 0020Eh,base+02A8Bh
  dw 00371h,base+027E1h
  dw 0020Fh,base+02A8Dh
  dw 00471h,base+02440h
  dw 0020Fh,base+001E8h
  dw 00471h,base+02444h
  dw 00210h,base+00335h
  dw 00370h,base+027E4h
  dw 00111h,base+00000h
  dw 00200h,base+000DAh

cammyPage1frame001:
  db 028h,051h,06Ah,033h
  db 07Ch
  db 074h,02Fh,025h,071h,038h
  db 000h,000h
  db 000h,000h
  dw 00380h,base+0001Ah
  dw 00480h,base+00CA2h
  dw 00480h,base+00049h
  dw 00480h,base+02448h
  dw 0057Fh,base+01FF5h
  dw 0067Fh,base+019D9h
  dw 00780h,base+01770h
  dw 00680h,base+01C11h
  dw 00102h,base+000B1h
  dw 0057Eh,base+01FFAh
  dw 00102h,base+000B1h
  dw 0057Eh,base+02031h
  dw 00102h,base+000B1h
  dw 0057Eh,base+014CEh
  dw 00102h,base+00111h
  dw 00680h,base+01BFFh
  dw 00680h,base+01C05h
  dw 00405h,base+01C2Fh
  dw 0017Bh,base+00057h
  dw 00880h,base+01385h
  dw 00881h,base+013A5h
  dw 0077Fh,base+01754h
  dw 0097Fh,base+00F32h
  dw 00A80h,base+00BE0h
  dw 00B80h,base+008D3h
  dw 00B80h,base+008DEh
  dw 00C80h,base+006FFh
  dw 00C80h,base+0070Bh
  dw 00C80h,base+00717h
  dw 00C7Fh,base+00723h
  dw 00D80h,base+004D0h
  dw 00A0Bh,base+00BEAh
  dw 00275h,base+00118h
  dw 0087Fh,base+01395h
  dw 00304h,base+027B4h
  dw 00506h,base+02004h
  dw 00176h,base+001CEh
  dw 00304h,base+027B7h
  dw 00506h,base+02009h
  dw 00176h,base+001CEh
  dw 00304h,base+027BAh
  dw 00506h,base+0200Eh
  dw 00176h,base+00000h
  dw 00304h,base+027BDh
  dw 00506h,base+02013h
  dw 00176h,base+0005Bh
  dw 00203h,base+001DCh
  dw 00607h,base+01C0Bh
  dw 00276h,base+0062Fh
  dw 00203h,base+00000h
  dw 00708h,base+0175Bh
  dw 00175h,base+00172h
  dw 00103h,base+00008h
  dw 00708h,base+01762h
  dw 00175h,base+000A1h
  dw 00103h,base+0002Ah
  dw 00708h,base+01769h
  dw 00275h,base+0076Bh
  dw 00102h,base+0002Ah
  dw 0080Ah,base+0139Dh
  dw 00174h,base+0002Ah
  dw 00102h,base+000C2h
  dw 0090Ah,base+00F3Bh
  dw 00176h,base+00172h
  dw 00980h,base+00F44h
  dw 00980h,base+00F4Dh
  dw 0097Fh,base+00F5Fh
  dw 00506h,base+02036h
  dw 0047Ah,base+0244Ch
  dw 00406h,base+02450h
  dw 0047Ah,base+02454h
  dw 00406h,base+02458h
  dw 0057Ah,base+0203Bh
  dw 00407h,base+0245Ch
  dw 00479h,base+02460h
  dw 00307h,base+027E7h
  dw 00479h,base+02464h
  dw 00307h,base+00C3Ch
  dw 00479h,base+02468h
  dw 00308h,base+00257h
  dw 00378h,base+027EAh
  dw 00208h,base+005C4h
  dw 00477h,base+0246Ch
  dw 00309h,base+027EDh
  dw 00477h,base+02470h
  dw 0030Ah,base+0060Eh
  dw 00376h,base+027F0h
  dw 0020Ah,base+0007Ah
  dw 00376h,base+0056Eh
  dw 0020Ah,base+00249h
  dw 00375h,base+0056Eh
  dw 0030Bh,base+027F3h
  dw 00375h,base+00813h
  dw 0020Bh,base+004F7h
  dw 00374h,base+027F6h
  dw 0030Ch,base+027C3h
  dw 00374h,base+00433h
  dw 0030Ch,base+027F9h
  dw 00374h,base+01065h
  dw 0030Ch,base+0003Ch
  dw 00374h,base+027FCh
  dw 0030Ch,base+0245Ch
  dw 00274h,base+00837h
  dw 0030Ch,base+027FFh
  dw 00274h,base+00022h
  dw 0030Ch,base+02595h
  dw 00274h,base+003F7h
  dw 0020Ch,base+00006h
  dw 00273h,base+00315h
  dw 0030Dh,base+004DDh
  dw 00273h,base+00249h
  dw 0020Dh,base+000DCh
  dw 00273h,base+001DDh
  dw 0020Dh,base+00A64h
  dw 00272h,base+00713h
  dw 0030Eh,base+010C2h
  dw 00272h,base+00049h
  dw 0030Dh,base+02705h
  dw 00373h,base+00763h
  dw 0030Dh,base+02802h
  dw 00373h,base+00987h
  dw 0020Eh,base+00012h
  dw 00272h,base+004D6h
  dw 0020Eh,base+0099Bh
  dw 00172h,base+00014h
  dw 0010Eh,base+0001Ah
  dw 00172h,base+00120h
  dw 0010Eh,base+00008h
  dw 00172h,base+00CDEh
  dw 0010Dh,base+00011h
  dw 00272h,base+0005Fh
  dw 0020Eh,base+0062Dh
  dw 00272h,base+02A89h
  dw 0020Eh,base+013C8h
  dw 00272h,base+012E9h
  dw 0020Eh,base+0215Bh
  dw 00272h,base+00AE6h
  dw 0010Eh,base+00120h
  dw 00371h,base+0071Ah
  dw 0020Fh,base+013BFh
  dw 00471h,base+02474h
  dw 00210h,base+004D6h
  dw 00370h,base+004EFh
  dw 00211h,base+00335h
  dw 0026Fh,base+00122h
  dw 00111h,base+00000h
  dw 00200h,base+000DAh

cammyPage1frame002:
  db 028h,052h,06Ah,032h
  db 07Eh
  db 074h,02Fh,025h,071h,038h
  db 000h,000h
  db 000h,000h
  dw 0027Fh,base+00004h
  dw 00480h,base+0001Ah
  dw 00581h,base+02040h
  dw 0047Fh,base+02478h
  dw 0057Fh,base+02045h
  dw 0067Fh,base+01C17h
  dw 00780h,base+01777h
  dw 00780h,base+0177Eh
  dw 00103h,base+0007Ch
  dw 00480h,base+0247Ch
  dw 00580h,base+0204Ah
  dw 00580h,base+01CB3h
  dw 00480h,base+017FCh
  dw 00580h,base+0204Fh
  dw 00680h,base+01C1Dh
  dw 00680h,base+01C23h
  dw 0077Eh,base+01785h
  dw 00980h,base+00F68h
  dw 00A80h,base+00BF4h
  dw 00A80h,base+00BFEh
  dw 00B80h,base+008E9h
  dw 00B7Fh,base+008F4h
  dw 00D80h,base+004DDh
  dw 00D80h,base+004EAh
  dw 0090Ah,base+00F71h
  dw 00376h,base+00C9Eh
  dw 0090Ah,base+00F7Ah
  dw 00275h,base+015EDh
  dw 00A80h,base+00C08h
  dw 00A7Fh,base+00C12h
  dw 00304h,base+024D2h
  dw 0077Ch,base+0178Ch
  dw 00B80h,base+008FFh
  dw 00B80h,base+0090Ah
  dw 00A81h,base+00C1Ch
  dw 00B80h,base+00915h
  dw 00B81h,base+00920h
  dw 00A80h,base+00C26h
  dw 00A80h,base+00C30h
  dw 00A80h,base+00C3Ah
  dw 00B7Fh,base+0092Bh
  dw 00C81h,base+0072Fh
  dw 00B81h,base+00936h
  dw 0097Fh,base+00F83h
  dw 00A80h,base+00C44h
  dw 00506h,base+02054h
  dw 0047Ah,base+02480h
  dw 00406h,base+02484h
  dw 0057Ah,base+02059h
  dw 00406h,base+02488h
  dw 0057Ah,base+0205Eh
  dw 00406h,base+0248Ch
  dw 0057Ah,base+02063h
  dw 00307h,base+011E4h
  dw 00479h,base+02490h
  dw 00307h,base+00257h
  dw 00479h,base+02494h
  dw 00307h,base+02805h
  dw 00479h,base+02498h
  dw 00208h,base+00006h
  dw 00378h,base+01127h
  dw 00208h,base+0075Dh
  dw 00477h,base+0249Ch
  dw 0020Ah,base+00452h
  dw 00376h,base+02808h
  dw 0020Ah,base+000F1h
  dw 00376h,base+0280Bh
  dw 0020Ah,base+00249h
  dw 00375h,base+009B9h
  dw 0030Bh,base+0280Eh
  dw 00375h,base+01130h
  dw 0020Bh,base+004F7h
  dw 00274h,base+00021h
  dw 0030Bh,base+00238h
  dw 00375h,base+02811h
  dw 0030Bh,base+00F94h
  dw 00375h,base+02814h
  dw 0030Bh,base+0245Ch
  dw 00375h,base+02817h
  dw 0030Bh,base+0245Ch
  dw 00375h,base+0281Ah
  dw 0030Bh,base+01E9Ch
  dw 00375h,base+0281Dh
  dw 0030Ch,base+00409h
  dw 00274h,base+003F7h
  dw 0020Ch,base+00021h
  dw 00273h,base+00117h
  dw 0030Dh,base+02820h
  dw 00273h,base+0066Ah
  dw 0020Dh,base+000F1h
  dw 00273h,base+0031Dh
  dw 0020Dh,base+009A5h
  dw 00272h,base+00713h
  dw 0030Eh,base+02823h
  dw 00272h,base+00049h
  dw 0030Dh,base+02826h
  dw 00373h,base+00763h
  dw 0030Dh,base+02829h
  dw 00373h,base+00987h
  dw 0020Eh,base+000AFh
  dw 00272h,base+004D6h
  dw 0020Eh,base+0099Bh
  dw 00172h,base+00014h
  dw 0010Eh,base+0001Ah
  dw 00172h,base+00120h
  dw 0010Eh,base+00008h
  dw 00172h,base+00CDEh
  dw 0010Dh,base+00011h
  dw 00272h,base+0005Fh
  dw 0020Eh,base+0062Dh
  dw 00272h,base+02A89h
  dw 0020Eh,base+013C8h
  dw 00272h,base+012E9h
  dw 0020Eh,base+0215Bh
  dw 00272h,base+00AE6h
  dw 0010Eh,base+00120h
  dw 00371h,base+0071Ah
  dw 0020Fh,base+013BFh
  dw 00371h,base+02474h
  dw 00210h,base+00652h
  dw 00370h,base+0282Ch
  dw 00211h,base+005F3h
  dw 0026Fh,base+004E2h
  dw 00111h,base+00004h
  dw 0026Fh,base+005FBh
  dw 00112h,base+00000h
  dw 00100h,base+0007Ch

cammyPage1frame003:
  db 026h,051h,06Ah,033h
  db 07Eh
  db 074h,02Fh,025h,071h,038h
  db 000h,000h
  db 000h,000h
  dw 00380h,base+00833h
  dw 00480h,base+00CA2h
  dw 00480h,base+00049h
  dw 00480h,base+02448h
  dw 0057Fh,base+01FF5h
  dw 0067Fh,base+01BF3h
  dw 00780h,base+0174Dh
  dw 00680h,base+01C29h
  dw 00102h,base+000B1h
  dw 0057Eh,base+01FFAh
  dw 00102h,base+000B1h
  dw 0057Eh,base+02031h
  dw 00102h,base+000B1h
  dw 0057Eh,base+02068h
  dw 00102h,base+00111h
  dw 00580h,base+017B6h
  dw 00580h,base+01C05h
  dw 00680h,base+01C2Fh
  dw 00780h,base+01793h
  dw 00780h,base+0179Ah
  dw 0077Eh,base+017A1h
  dw 00980h,base+00F8Ch
  dw 00980h,base+00F95h
  dw 00A80h,base+00C4Eh
  dw 00A80h,base+00C58h
  dw 00B80h,base+00941h
  dw 00B7Fh,base+0094Ch
  dw 00C80h,base+0073Bh
  dw 00C7Fh,base+00747h
  dw 00D80h,base+004F7h
  dw 00A0Bh,base+00C62h
  dw 00275h,base+002A9h
  dw 00A7Fh,base+00C6Ch
  dw 00506h,base+0206Dh
  dw 0067Ah,base+01C35h
  dw 00405h,base+024A0h
  dw 00506h,base+02072h
  dw 00175h,base+00172h
  dw 00A0Bh,base+00C76h
  dw 00176h,base+00000h
  dw 0090Ah,base+00F9Eh
  dw 00176h,base+000AEh
  dw 0090Ah,base+00FA7h
  dw 00177h,base+000AEh
  dw 00980h,base+00FB0h
  dw 0090Ah,base+00FB9h
  dw 00175h,base+000ADh
  dw 00102h,base+000C2h
  dw 00809h,base+013ADh
  dw 00175h,base+0002Ah
  dw 00103h,base+0002Ah
  dw 00A7Dh,base+00C80h
  dw 00102h,base+0002Ah
  dw 00A7Eh,base+00C8Ah
  dw 00B82h,base+00957h
  dw 00980h,base+00FC2h
  dw 0097Fh,base+00FCBh
  dw 00506h,base+02036h
  dw 0047Ah,base+0244Ch
  dw 00406h,base+02450h
  dw 0047Ah,base+02454h
  dw 00406h,base+02458h
  dw 0057Ah,base+0203Bh
  dw 00407h,base+0245Ch
  dw 00479h,base+02460h
  dw 00307h,base+027E7h
  dw 00479h,base+02464h
  dw 00307h,base+00C3Ch
  dw 00479h,base+02468h
  dw 00308h,base+00257h
  dw 00378h,base+027EAh
  dw 00208h,base+005C4h
  dw 00477h,base+0246Ch
  dw 00309h,base+027EDh
  dw 00477h,base+02470h
  dw 0030Ah,base+0060Eh
  dw 00376h,base+027F0h
  dw 0020Ah,base+0007Ah
  dw 00376h,base+0056Eh
  dw 0020Ah,base+00249h
  dw 00375h,base+0056Eh
  dw 0030Bh,base+027F3h
  dw 00375h,base+00813h
  dw 0020Bh,base+004F7h
  dw 00374h,base+027F6h
  dw 0030Ch,base+027C3h
  dw 00374h,base+00433h
  dw 0030Ch,base+027F9h
  dw 00374h,base+01065h
  dw 0030Ch,base+0003Ch
  dw 00374h,base+027FCh
  dw 0030Ch,base+0245Ch
  dw 00274h,base+00837h
  dw 0030Ch,base+027FFh
  dw 00274h,base+00022h
  dw 0030Ch,base+02595h
  dw 00274h,base+003F7h
  dw 0020Ch,base+00006h
  dw 00273h,base+00315h
  dw 0030Dh,base+02820h
  dw 00273h,base+0009Ch
  dw 0020Dh,base+000DCh
  dw 00273h,base+001DDh
  dw 0020Dh,base+00A64h
  dw 00272h,base+00713h
  dw 0030Eh,base+010C2h
  dw 00272h,base+00049h
  dw 0030Dh,base+02705h
  dw 00373h,base+00763h
  dw 0030Dh,base+02802h
  dw 00373h,base+00987h
  dw 0020Eh,base+00012h
  dw 00272h,base+004D6h
  dw 0020Eh,base+0099Bh
  dw 00172h,base+00014h
  dw 0010Eh,base+0001Ah
  dw 00172h,base+00120h
  dw 0010Eh,base+00008h
  dw 00172h,base+00CDEh
  dw 0010Dh,base+00011h
  dw 00272h,base+0005Fh
  dw 0020Eh,base+0062Dh
  dw 00272h,base+02A89h
  dw 0020Eh,base+013C8h
  dw 00272h,base+012E9h
  dw 0020Eh,base+02A8Fh
  dw 00272h,base+00AE6h
  dw 0010Eh,base+00120h
  dw 00371h,base+0071Ah
  dw 0020Fh,base+013BFh
  dw 00471h,base+02474h
  dw 00210h,base+004D6h
  dw 00370h,base+004EFh
  dw 00211h,base+00335h
  dw 0026Fh,base+00122h
  dw 00111h,base+00000h
  dw 00200h,base+000DAh

cammyPage1frame004:
  db 028h,050h,06Ah,034h
  db 07Eh
  db 074h,02Fh,025h,071h,038h
  db 000h,000h
  db 000h,000h
  dw 00380h,base+00833h
  dw 00480h,base+00CA2h
  dw 00480h,base+00049h
  dw 00480h,base+02414h
  dw 0057Fh,base+01FF5h
  dw 0067Fh,base+01BF3h
  dw 00780h,base+0174Dh
  dw 00680h,base+01BF9h
  dw 00102h,base+000B1h
  dw 0057Eh,base+01FFAh
  dw 00102h,base+000B1h
  dw 0057Eh,base+01FFFh
  dw 00102h,base+000B1h
  dw 0057Eh,base+02068h
  dw 00102h,base+00111h
  dw 00580h,base+017B6h
  dw 00580h,base+01C05h
  dw 00680h,base+01C2Fh
  dw 00780h,base+01793h
  dw 00780h,base+0179Ah
  dw 0077Eh,base+017A1h
  dw 00980h,base+00F8Ch
  dw 00980h,base+00F95h
  dw 00A80h,base+00C4Eh
  dw 00A80h,base+00C58h
  dw 00B80h,base+00941h
  dw 00B7Fh,base+0094Ch
  dw 00C80h,base+0073Bh
  dw 00C7Fh,base+00747h
  dw 00D80h,base+004F7h
  dw 00A0Bh,base+00C62h
  dw 00275h,base+002A9h
  dw 00A7Fh,base+00C6Ch
  dw 00506h,base+0206Dh
  dw 0067Ah,base+01C35h
  dw 00405h,base+024A0h
  dw 00506h,base+02072h
  dw 00175h,base+00172h
  dw 00A0Bh,base+00C76h
  dw 00176h,base+00000h
  dw 0090Ah,base+00F9Eh
  dw 00176h,base+000AEh
  dw 0090Ah,base+00FA7h
  dw 00177h,base+000AEh
  dw 00980h,base+00FB0h
  dw 0090Ah,base+00FB9h
  dw 00175h,base+000ADh
  dw 00102h,base+000C2h
  dw 00809h,base+013ADh
  dw 00175h,base+0002Ah
  dw 00103h,base+0002Ah
  dw 00A7Dh,base+00C80h
  dw 00102h,base+0002Ah
  dw 00A7Eh,base+00C8Ah
  dw 00B82h,base+00957h
  dw 00980h,base+00FC2h
  dw 00980h,base+00FCBh
  dw 00405h,base+02418h
  dw 0047Bh,base+0241Ch
  dw 00405h,base+02420h
  dw 0057Bh,base+02018h
  dw 00305h,base+027C0h
  dw 0057Ah,base+0201Dh
  dw 00406h,base+02424h
  dw 0057Ah,base+02022h
  dw 00407h,base+02428h
  dw 00479h,base+0242Ch
  dw 00307h,base+027C3h
  dw 00579h,base+02027h
  dw 00307h,base+007B0h
  dw 00579h,base+0202Ch
  dw 00308h,base+027C6h
  dw 00478h,base+02430h
  dw 00208h,base+00CCDh
  dw 00478h,base+000DCh
  dw 00209h,base+00769h
  dw 00376h,base+00E51h
  dw 0030Ah,base+027C9h
  dw 00476h,base+02434h
  dw 0020Bh,base+00110h
  dw 00375h,base+00554h
  dw 0020Bh,base+0022Bh
  dw 00374h,base+005C4h
  dw 0030Ch,base+027CCh
  dw 00374h,base+00B70h
  dw 0030Bh,base+006F8h
  dw 00475h,base+02438h
  dw 0030Bh,base+00337h
  dw 00375h,base+027CFh
  dw 0030Bh,base+01022h
  dw 00374h,base+027D2h
  dw 0040Ch,base+0243Ch
  dw 00374h,base+027D5h
  dw 0030Ch,base+00F88h
  dw 00374h,base+027D8h
  dw 0030Ch,base+00108h
  dw 00274h,base+00604h
  dw 0030Ch,base+01181h
  dw 00274h,base+000F1h
  dw 0020Ch,base+000F1h
  dw 00274h,base+003A8h
  dw 0020Ch,base+00249h
  dw 00273h,base+00511h
  dw 0020Dh,base+02A87h
  dw 00273h,base+00713h
  dw 0020Dh,base+00D1Ch
  dw 00273h,base+0005Fh
  dw 0020Ch,base+01ECAh
  dw 00374h,base+027DBh
  dw 0020Ch,base+00152h
  dw 00374h,base+027DEh
  dw 0020Dh,base+002C6h
  dw 00273h,base+004D6h
  dw 0010Dh,base+00111h
  dw 00172h,base+00014h
  dw 0020Eh,base+0005Fh
  dw 00172h,base+00120h
  dw 0010Eh,base+0002Ch
  dw 00172h,base+00CDEh
  dw 0010Dh,base+00013h
  dw 00273h,base+0005Fh
  dw 0010Dh,base+00234h
  dw 00272h,base+02A89h
  dw 0020Eh,base+025DDh
  dw 00272h,base+012E9h
  dw 0020Eh,base+02A8Bh
  dw 00371h,base+027E1h
  dw 0020Fh,base+02A8Dh
  dw 00471h,base+02440h
  dw 0020Fh,base+001E8h
  dw 00471h,base+02444h
  dw 00210h,base+00335h
  dw 00370h,base+027E4h
  dw 00111h,base+00000h
  dw 00200h,base+000DAh

cammyPage1frame005:
  db 02Ch,054h,06Ch,02Fh
  db 07Ah
  db 072h,02Fh,025h,07Ah,02Dh
  db 000h,000h
  db 000h,000h
  dw 00380h,base+0001Ah
  dw 00480h,base+00CA2h
  dw 00480h,base+024A4h
  dw 00480h,base+024A8h
  dw 0057Fh,base+02077h
  dw 0067Fh,base+01BF3h
  dw 0077Fh,base+017A8h
  dw 00780h,base+017AFh
  dw 00203h,base+0161Dh
  dw 0057Dh,base+0207Ch
  dw 00103h,base+00015h
  dw 00580h,base+02081h
  dw 00680h,base+01C3Bh
  dw 00780h,base+017B6h
  dw 00880h,base+013B5h
  dw 00880h,base+013BDh
  dw 00880h,base+013C5h
  dw 0087Fh,base+013CDh
  dw 00980h,base+00FD4h
  dw 00A80h,base+00C94h
  dw 00A7Fh,base+00C9Eh
  dw 00B7Fh,base+00962h
  dw 00D80h,base+00504h
  dw 00D80h,base+00511h
  dw 00D80h,base+0051Eh
  dw 00B0Dh,base+0096Dh
  dw 00174h,base+00172h
  dw 0080Ch,base+013D5h
  dw 00174h,base+000A1h
  dw 00304h,base+01A81h
  dw 00409h,base+024ACh
  dw 00171h,base+00172h
  dw 00102h,base+000AEh
  dw 00305h,base+02505h
  dw 00408h,base+0025Ah
  dw 00171h,base+00057h
  dw 00102h,base+0002Ch
  dw 00305h,base+00999h
  dw 00409h,base+024B0h
  dw 00170h,base+00172h
  dw 00102h,base+00172h
  dw 00305h,base+00999h
  dw 00509h,base+02086h
  dw 0016Fh,base+00000h
  dw 00203h,base+00253h
  dw 00304h,base+009A4h
  dw 0060Bh,base+01C41h
  dw 0016Eh,base+00172h
  dw 00103h,base+000AEh
  dw 00304h,base+009AFh
  dw 0060Bh,base+01C47h
  dw 0016Eh,base+0002Ah
  dw 00103h,base+00000h
  dw 00304h,base+01C8Fh
  dw 0070Bh,base+017BDh
  dw 0026Dh,base+0058Bh
  dw 00104h,base+000AEh
  dw 00204h,base+004A6h
  dw 0070Bh,base+017C4h
  dw 0016Dh,base+00172h
  dw 00105h,base+0002Ah
  dw 00103h,base+000E2h
  dw 00777h,base+017CBh
  dw 00209h,base+00840h
  dw 00778h,base+017D2h
  dw 00108h,base+000AEh
  dw 00780h,base+017D9h
  dw 00780h,base+017E0h
  dw 00780h,base+017E7h
  dw 00780h,base+017EEh
  dw 00780h,base+017F5h
  dw 00680h,base+01C4Dh
  dw 00680h,base+01C53h
  dw 00680h,base+01C59h
  dw 00680h,base+01C5Fh
  dw 00580h,base+0208Bh
  dw 00580h,base+02090h
  dw 00581h,base+02095h
  dw 00480h,base+024B4h
  dw 00380h,base+0282Fh
  dw 00380h,base+02832h
  dw 00380h,base+00F38h
  dw 00481h,base+024B8h
  dw 00380h,base+02835h
  dw 00380h,base+02835h
  dw 0037Fh,base+02838h
  dw 00580h,base+0209Ah
  dw 00580h,base+0209Fh
  dw 00680h,base+01C65h
  dw 0067Fh,base+01C6Bh
  dw 00305h,base+0283Bh
  dw 0027Bh,base+004C4h
  dw 00305h,base+0283Bh
  dw 0027Bh,base+00DBDh
  dw 00305h,base+00D13h
  dw 0027Bh,base+01A99h
  dw 00305h,base+01181h
  dw 0027Bh,base+02A91h
  dw 00205h,base+00052h
  dw 0027Bh,base+01A99h
  dw 00205h,base+00198h
  dw 0027Bh,base+02A93h
  dw 00205h,base+003A8h
  dw 0017Bh,base+00059h
  dw 00205h,base+02A95h
  dw 0017Bh,base+00DBDh
  dw 00205h,base+0005Fh
  dw 0017Ah,base+00041h
  dw 00306h,base+0283Eh
  dw 0017Ah,base+0070Fh
  dw 00380h,base+02841h
  dw 00381h,base+02770h
  dw 00180h,base+00000h
  dw 0017Fh,base+000ADh
  dw 00280h,base+004E2h
  dw 00180h,base+000C5h
  dw 00180h,base+00004h
  dw 0017Fh,base+000B1h
  dw 00280h,base+00004h
  dw 00280h,base+02A97h
  dw 00280h,base+00335h
  dw 0027Fh,base+028DBh
  dw 00380h,base+01558h
  dw 00280h,base+00C22h
  dw 00200h,base+026A6h

cammyPage1frame006:
  db 01Ch,051h,076h,034h
  db 07Ch
  db 075h,02Fh,025h,07Ch,02Dh
  db 000h,000h
  db 000h,000h
  dw 0027Fh,base+00004h
  dw 00480h,base+0001Ah
  dw 00581h,base+020A4h
  dw 0047Fh,base+024BCh
  dw 00580h,base+020A9h
  dw 0057Fh,base+020AEh
  dw 00680h,base+01C71h
  dw 00680h,base+01C77h
  dw 00102h,base+007D3h
  dw 0047Eh,base+024C0h
  dw 00102h,base+007D3h
  dw 0057Eh,base+020B3h
  dw 00102h,base+007D3h
  dw 0057Eh,base+020B8h
  dw 00102h,base+00007h
  dw 0077Eh,base+017FCh
  dw 00102h,base+00008h
  dw 0077Fh,base+01803h
  dw 00880h,base+013DDh
  dw 00880h,base+013E5h
  dw 00980h,base+00FDDh
  dw 0097Fh,base+00FE6h
  dw 00A80h,base+00CA8h
  dw 00A7Fh,base+00CB2h
  dw 00C80h,base+00753h
  dw 00C80h,base+0075Fh
  dw 00C80h,base+0052Bh
  dw 00B80h,base+00538h
  dw 00B80h,base+00978h
  dw 00B80h,base+00983h
  dw 0090Ah,base+00FEFh
  dw 00176h,base+000AEh
  dw 0090Ah,base+00FF8h
  dw 00176h,base+0002Ch
  dw 00405h,base+024C4h
  dw 00406h,base+00FACh
  dw 00175h,base+00172h
  dw 00405h,base+00999h
  dw 00506h,base+020BDh
  dw 00175h,base+00057h
  dw 00405h,base+024C8h
  dw 00506h,base+020C2h
  dw 00175h,base+000AEh
  dw 00305h,base+009AFh
  dw 00506h,base+020C7h
  dw 00175h,base+0002Ch
  dw 00305h,base+00438h
  dw 00607h,base+01C7Dh
  dw 00175h,base+00172h
  dw 00203h,base+0009Ch
  dw 00708h,base+0180Ah
  dw 00175h,base+00057h
  dw 00203h,base+0063Eh
  dw 00708h,base+01811h
  dw 00276h,base+0039Fh
  dw 00102h,base+00172h
  dw 00708h,base+01818h
  dw 00275h,base+00840h
  dw 00103h,base+000E2h
  dw 00708h,base+0181Fh
  dw 00275h,base+00388h
  dw 00103h,base+0002Ah
  dw 00708h,base+01826h
  dw 00174h,base+000AEh
  dw 00204h,base+00775h
  dw 0077Dh,base+0182Dh
  dw 00103h,base+000C2h
  dw 00780h,base+01834h
  dw 00780h,base+0183Bh
  dw 00780h,base+01842h
  dw 00780h,base+01849h
  dw 00780h,base+01850h
  dw 00780h,base+01857h
  dw 00680h,base+01C83h
  dw 00680h,base+01C89h
  dw 00681h,base+01C8Fh
  dw 00580h,base+020CCh
  dw 00480h,base+024CCh
  dw 00480h,base+024D0h
  dw 00480h,base+024D4h
  dw 00481h,base+024D8h
  dw 00380h,base+02844h
  dw 00380h,base+02847h
  dw 00380h,base+00603h
  dw 00381h,base+0284Ah
  dw 00380h,base+0284Dh
  dw 00380h,base+0269Dh
  dw 00380h,base+011DBh
  dw 00380h,base+011DBh
  dw 00380h,base+0055Bh
  dw 00381h,base+02850h
  dw 00380h,base+0246Eh
  dw 00380h,base+02853h
  dw 00380h,base+02856h
  dw 00380h,base+02859h
  dw 00380h,base+003F4h
  dw 00380h,base+02137h
  dw 00280h,base+00344h
  dw 00281h,base+00000h
  dw 00180h,base+000E2h
  dw 00180h,base+001D7h
  dw 00180h,base+0007Ch
  dw 00180h,base+00121h
  dw 00180h,base+0007Ch
  dw 00180h,base+00121h
  dw 0027Fh,base+00259h
  dw 00380h,base+0285Ch
  dw 00380h,base+02770h
  dw 00381h,base+005EBh
  dw 00100h,base+0007Ch

cammyPage1frame007:
  db 01Eh,053h,076h,032h
  db 07Ch
  db 077h,02Fh,029h,07Ah,032h
  db 000h,000h
  db 000h,000h
  dw 0027Fh,base+00004h
  dw 00480h,base+0001Ah
  dw 00581h,base+020A4h
  dw 0047Fh,base+024DCh
  dw 00580h,base+020A9h
  dw 0057Fh,base+020D1h
  dw 00680h,base+01C95h
  dw 00680h,base+01C9Bh
  dw 00102h,base+007D3h
  dw 0047Eh,base+024C0h
  dw 00102h,base+007D3h
  dw 0057Eh,base+020D6h
  dw 00102h,base+007D3h
  dw 0057Eh,base+020B8h
  dw 00102h,base+00007h
  dw 0077Eh,base+017FCh
  dw 00102h,base+00008h
  dw 0077Fh,base+01803h
  dw 00880h,base+013DDh
  dw 00880h,base+013E5h
  dw 00980h,base+00FDDh
  dw 0097Fh,base+00FE6h
  dw 00A80h,base+00CA8h
  dw 00A7Fh,base+00CB2h
  dw 00C80h,base+00753h
  dw 00C80h,base+0075Fh
  dw 00C80h,base+0052Bh
  dw 00B80h,base+00538h
  dw 00B80h,base+00978h
  dw 00A80h,base+00CBCh
  dw 00980h,base+01001h
  dw 0090Ah,base+0100Ah
  dw 00176h,base+000ADh
  dw 00B80h,base+0098Eh
  dw 00B80h,base+00999h
  dw 00B80h,base+009A4h
  dw 00B80h,base+009AFh
  dw 00405h,base+024E0h
  dw 0067Ch,base+01CA1h
  dw 00B80h,base+009BAh
  dw 00B81h,base+009C5h
  dw 00A80h,base+00CC6h
  dw 00B7Fh,base+009D0h
  dw 00C80h,base+0076Bh
  dw 00C81h,base+00777h
  dw 00A80h,base+00CD0h
  dw 00A81h,base+00CDAh
  dw 00980h,base+01013h
  dw 00405h,base+01AD8h
  dw 0047Bh,base+024E4h
  dw 00405h,base+024E8h
  dw 0047Bh,base+024ECh
  dw 00305h,base+0002Dh
  dw 0047Ah,base+024F0h
  dw 00406h,base+00F10h
  dw 0047Ah,base+024F4h
  dw 00306h,base+0285Fh
  dw 0037Ah,base+02862h
  dw 00306h,base+02865h
  dw 0037Ah,base+02868h
  dw 00306h,base+01772h
  dw 0037Ah,base+0286Bh
  dw 00306h,base+012D1h
  dw 0037Ah,base+0036Eh
  dw 00306h,base+0286Eh
  dw 0037Ah,base+01181h
  dw 00306h,base+00962h
  dw 0037Ah,base+00813h
  dw 00307h,base+000A7h
  dw 00279h,base+002B7h
  dw 00307h,base+00962h
  dw 0027Ah,base+00315h
  dw 00206h,base+0002Eh
  dw 0027Ah,base+0047Ch
  dw 00206h,base+004F7h
  dw 0027Ah,base+00198h
  dw 00206h,base+00052h
  dw 0027Bh,base+000FEh
  dw 00205h,base+00117h
  dw 0037Bh,base+009B9h
  dw 00205h,base+00110h
  dw 0037Bh,base+00847h
  dw 00205h,base+00833h
  dw 0037Bh,base+02871h
  dw 00305h,base+00A0Ch
  dw 0037Bh,base+00B30h
  dw 00305h,base+0257Dh
  dw 0037Bh,base+00750h
  dw 00306h,base+02874h
  dw 0027Ah,base+0003Dh
  dw 00206h,base+00012h
  dw 0027Bh,base+00015h
  dw 00105h,base+0001Ah
  dw 0027Bh,base+00089h
  dw 00105h,base+0001Ah
  dw 0027Bh,base+002E9h
  dw 00206h,base+005F9h
  dw 0017Ah,base+00006h
  dw 00206h,base+00652h
  dw 0027Ah,base+02A99h
  dw 00206h,base+02654h
  dw 0027Ah,base+005F9h
  dw 00206h,base+0289Eh
  dw 0027Ah,base+02A9Bh
  dw 00206h,base+01289h
  dw 0027Ah,base+004BFh
  dw 00206h,base+02A7Eh
  dw 0027Ah,base+00168h
  dw 00206h,base+02A9Dh
  dw 0027Ah,base+00418h
  dw 00107h,base+00120h
  dw 00179h,base+00011h
  dw 00107h,base+00121h
  dw 00178h,base+000D8h
  dw 00208h,base+00765h
  dw 00178h,base+000C4h
  dw 00208h,base+02A9Fh
  dw 00178h,base+000D8h
  dw 00108h,base+00041h
  dw 00278h,base+02AA1h
  dw 00108h,base+0007Ch
  dw 00280h,base+0059Dh
  dw 00280h,base+0005Fh
  dw 00280h,base+024F8h
  dw 00380h,base+027DEh
  dw 00381h,base+005EBh
  dw 00200h,base+000DAh

cammyPage1frame008:
  db 02Ah,054h,06Eh,02Fh
  db 07Ch
  db 073h,02Fh,025h,07Bh,02Dh
  db 000h,000h
  db 000h,000h
  dw 0027Fh,base+00004h
  dw 00480h,base+0001Ah
  dw 00581h,base+020A4h
  dw 0047Fh,base+024BCh
  dw 0057Fh,base+020A9h
  dw 0067Fh,base+01CA7h
  dw 00780h,base+0185Eh
  dw 00780h,base+01865h
  dw 00203h,base+0177Eh
  dw 0047Dh,base+024C0h
  dw 00103h,base+000B1h
  dw 0057Dh,base+020B3h
  dw 00103h,base+00111h
  dw 00580h,base+020B8h
  dw 00780h,base+017FCh
  dw 0077Fh,base+01803h
  dw 00880h,base+013DDh
  dw 00880h,base+013E5h
  dw 00980h,base+00FDDh
  dw 0097Fh,base+00FE6h
  dw 00A80h,base+00CA8h
  dw 00A7Fh,base+00CB2h
  dw 00C80h,base+00753h
  dw 00C80h,base+0075Fh
  dw 00D80h,base+0052Bh
  dw 00D80h,base+00538h
  dw 00B0Ch,base+00978h
  dw 00173h,base+000AEh
  dw 00405h,base+024F8h
  dw 00509h,base+020DBh
  dw 00172h,base+000E2h
  dw 00406h,base+024FCh
  dw 00408h,base+02500h
  dw 00172h,base+000AEh
  dw 00406h,base+02504h
  dw 00408h,base+02500h
  dw 00172h,base+0002Ch
  dw 00406h,base+02508h
  dw 00409h,base+003AAh
  dw 00170h,base+00172h
  dw 00102h,base+000AEh
  dw 00305h,base+00999h
  dw 00409h,base+0250Ch
  dw 00170h,base+00000h
  dw 00102h,base+007D3h
  dw 00305h,base+009A4h
  dw 0050Ah,base+020E0h
  dw 0016Fh,base+00172h
  dw 00102h,base+00172h
  dw 00305h,base+009AFh
  dw 0050Ah,base+020E5h
  dw 0016Eh,base+0002Ah
  dw 00103h,base+00000h
  dw 00304h,base+01C8Fh
  dw 0070Bh,base+0186Ch
  dw 0026Eh,base+0058Bh
  dw 00104h,base+00172h
  dw 00203h,base+0009Ch
  dw 0070Bh,base+01873h
  dw 0016Dh,base+00172h
  dw 00205h,base+00388h
  dw 00103h,base+0007Ch
  dw 00778h,base+0187Ah
  dw 00208h,base+0058Bh
  dw 00778h,base+01881h
  dw 00208h,base+0098Ch
  dw 0087Fh,base+013EDh
  dw 00980h,base+0101Ch
  dw 00980h,base+01025h
  dw 00980h,base+0102Eh
  dw 00980h,base+01037h
  dw 00980h,base+01040h
  dw 00980h,base+01049h
  dw 00405h,base+02510h
  dw 0047Bh,base+02514h
  dw 00405h,base+02518h
  dw 0047Bh,base+0251Ch
  dw 00405h,base+02520h
  dw 0047Bh,base+02524h
  dw 00405h,base+02528h
  dw 0047Bh,base+0252Ch
  dw 00406h,base+0124Ah
  dw 0037Bh,base+02877h
  dw 00205h,base+00016h
  dw 0037Bh,base+0201Fh
  dw 00205h,base+00016h
  dw 0037Bh,base+0287Ah
  dw 00205h,base+00021h
  dw 0037Bh,base+00554h
  dw 00205h,base+0057Ch
  dw 0037Bh,base+0287Dh
  dw 00205h,base+00117h
  dw 0037Bh,base+00813h
  dw 00206h,base+00117h
  dw 0027Ah,base+00315h
  dw 00206h,base+00117h
  dw 0027Ah,base+000F1h
  dw 00206h,base+002B7h
  dw 00379h,base+014CAh
  dw 00308h,base+02880h
  dw 00278h,base+00427h
  dw 00308h,base+0047Ch
  dw 00278h,base+00427h
  dw 00308h,base+013C2h
  dw 00278h,base+0032Bh
  dw 00308h,base+02883h
  dw 00378h,base+006E9h
  dw 00308h,base+00036h
  dw 00378h,base+00C3Ch
  dw 00308h,base+004E7h
  dw 00378h,base+02886h
  dw 00309h,base+006F8h
  dw 00277h,base+00315h
  dw 00209h,base+00015h
  dw 00277h,base+00BB2h
  dw 0020Ah,base+00052h
  dw 00276h,base+00049h
  dw 0020Ah,base+000F1h
  dw 00276h,base+02AA3h
  dw 0020Ah,base+001ACh
  dw 00276h,base+02A04h
  dw 0020Ah,base+00110h
  dw 00276h,base+0005Fh
  dw 0020Bh,base+005F9h
  dw 00174h,base+00013h
  dw 0030Ch,base+01A91h
  dw 00174h,base+000C4h
  dw 0030Ch,base+02889h
  dw 00275h,base+000AFh
  dw 0020Bh,base+028F6h
  dw 00275h,base+01E58h
  dw 0010Ch,base+00000h
  dw 00174h,base+00781h
  dw 0010Ch,base+000A1h
  dw 00274h,base+004E5h
  dw 0010Ch,base+0001Ah
  dw 00274h,base+00573h
  dw 0010Ch,base+0070Fh
  dw 00274h,base+01BC1h
  dw 0010Ch,base+0002Bh
  dw 00274h,base+02AA5h
  dw 0010Dh,base+0007Ch
  dw 00173h,base+00120h
  dw 0010Dh,base+00004h
  dw 00173h,base+00000h
  dw 0017Fh,base+0007Ch
  dw 00280h,base+004E2h
  dw 00280h,base+00AB0h
  dw 00280h,base+029CBh
  dw 00280h,base+011BEh
  dw 00100h,base+0007Ch

cammyPage1frame009:
  db 024h,04Fh,072h,034h
  db 07Ch
  db 077h,02Fh,02Eh,07Ch,02Dh
  db 000h,000h
  db 000h,000h
  dw 0027Fh,base+00004h
  dw 00480h,base+0001Ah
  dw 00581h,base+020A4h
  dw 0047Fh,base+024BCh
  dw 00580h,base+020A9h
  dw 0057Fh,base+020AEh
  dw 00680h,base+01C71h
  dw 00680h,base+01C77h
  dw 00102h,base+007D3h
  dw 0047Eh,base+024C0h
  dw 00102h,base+007D3h
  dw 0057Eh,base+020B3h
  dw 00102h,base+007D3h
  dw 0057Eh,base+020B8h
  dw 00102h,base+00007h
  dw 0077Eh,base+017FCh
  dw 00102h,base+00008h
  dw 0077Fh,base+01803h
  dw 00880h,base+013DDh
  dw 00880h,base+013E5h
  dw 00980h,base+00FDDh
  dw 0097Fh,base+00FE6h
  dw 00A80h,base+00CA8h
  dw 00A7Fh,base+00CB2h
  dw 00C80h,base+00753h
  dw 00C80h,base+0075Fh
  dw 00C80h,base+0052Bh
  dw 00B80h,base+00538h
  dw 00B80h,base+00978h
  dw 00304h,base+00983h
  dw 00506h,base+020EAh
  dw 00276h,base+01805h
  dw 00304h,base+00FEFh
  dw 00507h,base+020EFh
  dw 00175h,base+00172h
  dw 00305h,base+00C80h
  dw 00406h,base+02530h
  dw 00175h,base+000A1h
  dw 00305h,base+0098Eh
  dw 00406h,base+02534h
  dw 00275h,base+006EFh
  dw 00305h,base+00999h
  dw 00407h,base+0001Ah
  dw 00174h,base+00000h
  dw 00305h,base+009A4h
  dw 00507h,base+020F4h
  dw 00274h,base+006EFh
  dw 00305h,base+009AFh
  dw 00508h,base+020F9h
  dw 00173h,base+00057h
  dw 00304h,base+00438h
  dw 00709h,base+01888h
  dw 00172h,base+000AEh
  dw 00405h,base+02538h
  dw 00709h,base+0188Fh
  dw 00272h,base+00042h
  dw 00305h,base+0288Ch
  dw 0070Ah,base+01896h
  dw 00171h,base+007D3h
  dw 00105h,base+00172h
  dw 0070Ah,base+0189Dh
  dw 00270h,base+0058Bh
  dw 00205h,base+0076Bh
  dw 0090Bh,base+01052h
  dw 00170h,base+0002Ah
  dw 00205h,base+00777h
  dw 0090Bh,base+0105Bh
  dw 00170h,base+00172h
  dw 00205h,base+02AA7h
  dw 00980h,base+01064h
  dw 00980h,base+0106Dh
  dw 00980h,base+01076h
  dw 00980h,base+0107Fh
  dw 00981h,base+01088h
  dw 00880h,base+013F5h
  dw 00880h,base+013FDh
  dw 00304h,base+0245Ch
  dw 0037Ch,base+0288Fh
  dw 00304h,base+00B30h
  dw 0037Ch,base+02892h
  dw 00305h,base+00089h
  dw 0027Bh,base+00038h
  dw 00305h,base+01160h
  dw 0027Ch,base+00052h
  dw 00204h,base+0008Ch
  dw 0027Ch,base+0005Bh
  dw 00204h,base+00036h
  dw 0027Ch,base+007EFh
  dw 00204h,base+00117h
  dw 0027Ch,base+001DEh
  dw 00204h,base+00249h
  dw 0037Ch,base+02895h
  dw 00204h,base+00110h
  dw 0037Ch,base+02871h
  dw 00204h,base+00589h
  dw 0037Ch,base+00328h
  dw 00204h,base+01CDDh
  dw 0037Ch,base+01B3Eh
  dw 00205h,base+004F7h
  dw 0027Bh,base+0007Fh
  dw 00205h,base+00036h
  dw 0027Bh,base+0003Dh
  dw 00205h,base+00016h
  dw 0027Bh,base+0005Bh
  dw 00206h,base+00016h
  dw 0017Ah,base+00006h
  dw 00206h,base+00015h
  dw 0027Ah,base+02AA9h
  dw 00205h,base+00052h
  dw 0037Bh,base+0001Ah
  dw 00205h,base+00089h
  dw 0037Ch,base+02898h
  dw 00105h,base+00006h
  dw 0027Bh,base+00FD9h
  dw 00205h,base+00004h
  dw 0027Ah,base+013C8h
  dw 00307h,base+0289Bh
  dw 00179h,base+00011h
  dw 00307h,base+0073Eh
  dw 0017Ah,base+000C4h
  dw 00206h,base+002C6h
  dw 0017Ah,base+000A1h
  dw 00206h,base+009C5h
  dw 0027Ah,base+0001Ah
  dw 00207h,base+0005Fh
  dw 0017Ah,base+00265h
  dw 00106h,base+000E2h
  dw 0017Ah,base+00004h
  dw 00106h,base+00004h
  dw 0017Ah,base+000C2h
  dw 00106h,base+0007Ch
  dw 0027Ah,base+02AABh
  dw 00106h,base+00004h
  dw 0027Ah,base+007D9h
  dw 00206h,base+01A15h
  dw 0027Ah,base+02AADh
  dw 00206h,base+00085h
  dw 0027Ah,base+000AFh
  dw 00207h,base+02200h
  dw 00179h,base+00013h
  dw 00207h,base+002C6h
  dw 00179h,base+00000h
  dw 00280h,base+011BEh
  dw 00100h,base+0007Ch

cammyPage1frame010:
  db 01Ch,051h,076h,032h
  db 07Ch
  db 076h,02Fh,025h,07Ch,02Dh
  db 000h,000h
  db 000h,000h
  dw 0027Fh,base+00004h
  dw 00480h,base+0001Ah
  dw 00581h,base+020A4h
  dw 0047Fh,base+024BCh
  dw 00580h,base+020A9h
  dw 0057Fh,base+020AEh
  dw 00680h,base+01C71h
  dw 00680h,base+01C77h
  dw 00102h,base+007D3h
  dw 0047Eh,base+024C0h
  dw 00102h,base+007D3h
  dw 0057Eh,base+020B3h
  dw 00102h,base+007D3h
  dw 0057Eh,base+020B8h
  dw 00102h,base+00007h
  dw 0077Eh,base+017FCh
  dw 00102h,base+00008h
  dw 0077Fh,base+01803h
  dw 00880h,base+013DDh
  dw 00880h,base+013E5h
  dw 00980h,base+00FDDh
  dw 0097Fh,base+00FE6h
  dw 00A80h,base+00CA8h
  dw 00A7Fh,base+00CB2h
  dw 00C80h,base+00753h
  dw 00C80h,base+0075Fh
  dw 00C80h,base+0052Bh
  dw 00B80h,base+00538h
  dw 00B80h,base+00978h
  dw 00B80h,base+00983h
  dw 0090Ah,base+00FEFh
  dw 00176h,base+000AEh
  dw 0090Ah,base+00FF8h
  dw 00176h,base+0002Ch
  dw 00405h,base+024C4h
  dw 00406h,base+00FACh
  dw 00175h,base+00172h
  dw 00405h,base+00999h
  dw 00506h,base+020BDh
  dw 00175h,base+00057h
  dw 00405h,base+024C8h
  dw 00506h,base+020C2h
  dw 00175h,base+000AEh
  dw 00305h,base+009AFh
  dw 00506h,base+020C7h
  dw 00175h,base+0002Ch
  dw 00305h,base+00438h
  dw 00607h,base+01C7Dh
  dw 00175h,base+00172h
  dw 00203h,base+0009Ch
  dw 00708h,base+0180Ah
  dw 00175h,base+00057h
  dw 00203h,base+0063Eh
  dw 00708h,base+01811h
  dw 00276h,base+0039Fh
  dw 00102h,base+00172h
  dw 00708h,base+01818h
  dw 00275h,base+00840h
  dw 00103h,base+000E2h
  dw 00708h,base+0181Fh
  dw 00275h,base+00388h
  dw 00103h,base+0002Ah
  dw 00708h,base+01826h
  dw 00174h,base+000AEh
  dw 00204h,base+00775h
  dw 0077Dh,base+0182Dh
  dw 00103h,base+000C2h
  dw 00780h,base+01834h
  dw 00780h,base+0183Bh
  dw 00780h,base+01842h
  dw 00780h,base+01849h
  dw 00780h,base+01850h
  dw 00780h,base+01857h
  dw 00680h,base+01C83h
  dw 00680h,base+01C89h
  dw 00681h,base+01C8Fh
  dw 00580h,base+020CCh
  dw 00480h,base+024CCh
  dw 00480h,base+024D0h
  dw 00480h,base+024D4h
  dw 00481h,base+024D8h
  dw 00380h,base+02844h
  dw 00380h,base+02847h
  dw 00380h,base+00603h
  dw 00381h,base+0284Ah
  dw 00380h,base+0284Dh
  dw 00380h,base+0269Dh
  dw 00380h,base+011DBh
  dw 00380h,base+011DBh
  dw 00380h,base+00554h
  dw 00381h,base+02886h
  dw 00380h,base+0246Eh
  dw 00380h,base+02853h
  dw 00380h,base+02856h
  dw 00380h,base+02859h
  dw 00380h,base+003F4h
  dw 00380h,base+02137h
  dw 00280h,base+00344h
  dw 00281h,base+00000h
  dw 00180h,base+000E2h
  dw 00180h,base+001D7h
  dw 00180h,base+0007Ch
  dw 00180h,base+00121h
  dw 00180h,base+0007Ch
  dw 00180h,base+00121h
  dw 0027Fh,base+00259h
  dw 00380h,base+0285Ch
  dw 00380h,base+02770h
  dw 00381h,base+005EBh
  dw 00100h,base+0007Ch

cammyPage1frame011:
  db 026h,031h,06Ah,054h
  db 072h
  db 06Ah,02Fh,025h,070h,02Dh
  db 000h,000h
  db 000h,000h
  dw 0027Fh,base+00004h
  dw 00480h,base+0001Ah
  dw 00581h,base+02040h
  dw 0047Fh,base+0253Ch
  dw 0057Fh,base+02045h
  dw 00680h,base+01CA7h
  dw 0067Fh,base+01CADh
  dw 00780h,base+018A4h
  dw 00203h,base+017B0h
  dw 0047Dh,base+0247Ch
  dw 00103h,base+001CEh
  dw 00580h,base+020FEh
  dw 00680h,base+01CB3h
  dw 00780h,base+018ABh
  dw 00880h,base+01405h
  dw 00881h,base+0140Dh
  dw 00780h,base+018B2h
  dw 00780h,base+018B9h
  dw 0077Fh,base+018C0h
  dw 0097Dh,base+01091h
  dw 00103h,base+0007Ch
  dw 0097Ch,base+0109Ah
  dw 00D80h,base+00545h
  dw 00E80h,base+0032Ch
  dw 00607h,base+01CB9h
  dw 00779h,base+018C7h
  dw 00607h,base+01CBFh
  dw 00779h,base+018CEh
  dw 00E80h,base+0033Ah
  dw 00E80h,base+00348h
  dw 00F81h,base+0020Fh
  dw 00E80h,base+00356h
  dw 0090Ah,base+010A3h
  dw 00578h,base+02103h
  dw 00D80h,base+00552h
  dw 00D80h,base+0055Fh
  dw 00D80h,base+0056Ch
  dw 00D80h,base+00579h
  dw 00D81h,base+00586h
  dw 00C80h,base+00783h
  dw 00203h,base+007AEh
  dw 00A7Ch,base+00CE4h
  dw 00305h,base+0289Eh
  dw 0097Bh,base+010ACh
  dw 00305h,base+028A1h
  dw 0097Ch,base+010B5h
  dw 00105h,base+00000h
  dw 0087Bh,base+01415h
  dw 00106h,base+00265h
  dw 0087Ah,base+0141Dh
  dw 00105h,base+0002Bh
  dw 0097Bh,base+010BEh
  dw 00105h,base+00DB3h
  dw 0097Bh,base+010C7h
  dw 00105h,base+0002Bh
  dw 00607h,base+01CC5h
  dw 00274h,base+02AAFh
  dw 00205h,base+011BEh
  dw 00508h,base+02108h
  dw 00272h,base+00188h
  dw 00305h,base+028A4h
  dw 00609h,base+01CCBh
  dw 00271h,base+01CC0h
  dw 00406h,base+02540h
  dw 00609h,base+01CD1h
  dw 00270h,base+00713h
  dw 00507h,base+0210Dh
  dw 00608h,base+01CD7h
  dw 00371h,base+028A7h
  dw 00507h,base+01F92h
  dw 00508h,base+02112h
  dw 00271h,base+0001Ah
  dw 00308h,base+008A3h
  dw 00407h,base+02544h
  dw 00279h,base+000DAh
  dw 00200h,base+00000h

cammyPage1frame012:
  db 022h,064h,06Ah,021h
  db 06Ch
  db 06Bh,02Fh,025h,074h,02Dh
  db 000h,000h
  db 000h,000h
  dw 0017Fh,base+00006h
  dw 00281h,base+00847h
  dw 00203h,base+005CDh
  dw 0017Dh,base+000B1h
  dw 00203h,base+003F0h
  dw 0017Eh,base+00111h
  dw 00380h,base+028AAh
  dw 00380h,base+008D8h
  dw 00281h,base+0005Fh
  dw 00180h,base+00004h
  dw 00180h,base+000A1h
  dw 00280h,base+0005Fh
  dw 00280h,base+0005Fh
  dw 00280h,base+0001Ah
  dw 00281h,base+000A1h
  dw 00280h,base+00049h
  dw 00280h,base+00049h
  dw 00280h,base+00004h
  dw 00205h,base+00005h
  dw 0027Bh,base+00004h
  dw 00304h,base+028ADh
  dw 0047Ch,base+0001Ah
  dw 00304h,base+02808h
  dw 0057Ch,base+01EACh
  dw 00304h,base+028B0h
  dw 0057Dh,base+02117h
  dw 00880h,base+01425h
  dw 00880h,base+0142Dh
  dw 00880h,base+01435h
  dw 00880h,base+0143Dh
  dw 00880h,base+01445h
  dw 00781h,base+018D5h
  dw 00680h,base+01CDDh
  dw 00781h,base+018DCh
  dw 00680h,base+01CE3h
  dw 00580h,base+0211Ch
  dw 00581h,base+02121h
  dw 00480h,base+02548h
  dw 0067Fh,base+01CE9h
  dw 00780h,base+018E3h
  dw 00880h,base+0144Dh
  dw 00880h,base+01455h
  dw 0087Fh,base+0145Dh
  dw 00203h,base+00BAAh
  dw 0067Dh,base+01CEFh
  dw 00103h,base+007D3h
  dw 0067Dh,base+01CF5h
  dw 00103h,base+001CEh
  dw 0057Dh,base+02126h
  dw 00103h,base+000E2h
  dw 0057Ch,base+0212Bh
  dw 00204h,base+0156Bh
  dw 0057Ch,base+02130h
  dw 00105h,base+000AEh
  dw 0047Bh,base+0254Ch
  dw 00104h,base+00111h
  dw 0057Ch,base+02135h
  dw 00104h,base+007D3h
  dw 0067Ch,base+01CFBh
  dw 00104h,base+00000h
  dw 0067Bh,base+01D01h
  dw 00104h,base+000C2h
  dw 0077Ch,base+018EAh
  dw 00104h,base+0002Ah
  dw 0077Bh,base+018F1h
  dw 00205h,base+00775h
  dw 0087Bh,base+01465h
  dw 00204h,base+00174h
  dw 00A7Ch,base+00CEEh
  dw 00204h,base+0071Dh
  dw 00A80h,base+00CF8h
  dw 00A80h,base+00D02h
  dw 00980h,base+010D0h
  dw 00880h,base+0146Dh
  dw 00880h,base+01475h
  dw 00880h,base+0147Dh
  dw 00880h,base+01485h
  dw 00880h,base+0148Dh
  dw 00881h,base+01495h
  dw 00780h,base+018F8h
  dw 00780h,base+018FFh
  dw 00780h,base+01906h
  dw 00680h,base+01D07h
  dw 00304h,base+0041Dh
  dw 0027Ch,base+000F1h
  dw 00304h,base+004DDh
  dw 0027Ch,base+01FEEh
  dw 00204h,base+000A7h
  dw 0027Ch,base+00531h
  dw 00204h,base+00052h
  dw 0027Ch,base+027FDh
  dw 00204h,base+025B8h
  dw 0027Ch,base+00531h
  dw 00204h,base+00198h
  dw 0027Ch,base+027FDh
  dw 00204h,base+004A6h
  dw 0027Ch,base+013C8h
  dw 00204h,base+00847h
  dw 0027Ch,base+00652h
  dw 00380h,base+0269Dh
  dw 00380h,base+00337h
  dw 00380h,base+028B3h
  dw 00380h,base+028B3h
  dw 00380h,base+028B3h
  dw 00380h,base+028B6h
  dw 00280h,base+00052h
  dw 00281h,base+0002Ch
  dw 00180h,base+00022h
  dw 00180h,base+000B1h
  dw 0017Fh,base+00028h
  dw 00380h,base+01FF7h
  dw 00380h,base+00048h
  dw 00380h,base+0289Eh
  dw 00381h,base+0289Eh
  dw 00180h,base+00000h
  dw 00180h,base+00004h
  dw 00180h,base+000D8h
  dw 00180h,base+00011h
  dw 00180h,base+000D8h
  dw 00180h,base+00011h
  dw 00180h,base+0070Fh
  dw 00280h,base+00317h
  dw 00280h,base+01428h
  dw 00280h,base+02600h
  dw 00280h,base+01428h
  dw 00280h,base+02600h
  dw 00280h,base+028F6h
  dw 00200h,base+00652h

cammyPage1frame013:
  db 01Ch,046h,06Eh,02Eh
  db 06Eh
  db 06Dh,02Fh,025h,070h,02Dh
  db 000h,000h
  db 000h,000h
  dw 00180h,base+0007Ch
  dw 00180h,base+00111h
  dw 00180h,base+00111h
  dw 00106h,base+00057h
  dw 0027Ah,base+00004h
  dw 00305h,base+0028Eh
  dw 0047Bh,base+0001Ah
  dw 00205h,base+0036Ah
  dw 0057Bh,base+0213Ah
  dw 00205h,base+00019h
  dw 0057Bh,base+0213Fh
  dw 00206h,base+0028Eh
  dw 0047Ah,base+0039Bh
  dw 00204h,base+009C5h
  dw 0067Dh,base+01D0Dh
  dw 00102h,base+00004h
  dw 0077Eh,base+0190Dh
  dw 00102h,base+00004h
  dw 00102h,base+00172h
  dw 0057Ch,base+01440h
  dw 00204h,base+0039Eh
  dw 0057Ch,base+02144h
  dw 00204h,base+00049h
  dw 0057Ch,base+02149h
  dw 00204h,base+0001Ah
  dw 0057Ch,base+0214Eh
  dw 00304h,base+005EBh
  dw 0057Ch,base+02153h
  dw 00981h,base+010D9h
  dw 00980h,base+010E2h
  dw 00A80h,base+00D0Ch
  dw 00A80h,base+00D16h
  dw 00A81h,base+00D20h
  dw 00980h,base+010EBh
  dw 00981h,base+010F4h
  dw 00881h,base+0149Dh
  dw 0077Fh,base+01914h
  dw 00880h,base+014A5h
  dw 00880h,base+014ADh
  dw 00880h,base+014B5h
  dw 00102h,base+00000h
  dw 0077Dh,base+0191Bh
  dw 00204h,base+011F2h
  dw 0067Ch,base+01D13h
  dw 00203h,base+011F2h
  dw 0087Dh,base+014BDh
  dw 00103h,base+000E2h
  dw 0087Dh,base+014C5h
  dw 00102h,base+00781h
  dw 0097Eh,base+010FDh
  dw 00A80h,base+00D2Ah
  dw 00A7Fh,base+00D34h
  dw 00B80h,base+009DBh
  dw 00B80h,base+009E6h
  dw 00B80h,base+009F1h
  dw 00B81h,base+009FCh
  dw 00A80h,base+00D3Eh
  dw 00506h,base+02158h
  dw 00479h,base+02550h
  dw 00508h,base+0215Dh
  dw 00378h,base+0022Ah
  dw 00508h,base+02162h
  dw 00378h,base+001BDh
  dw 00407h,base+02554h
  dw 00379h,base+00A08h
  dw 00407h,base+02558h
  dw 00379h,base+028B9h
  dw 00307h,base+0255Ch
  dw 00379h,base+01AFBh
  dw 00408h,base+0255Ch
  dw 00179h,base+001D7h
  dw 00307h,base+028BCh
  dw 00179h,base+00000h
  dw 00307h,base+028BFh
  dw 0017Ah,base+0002Bh
  dw 00306h,base+01A53h
  dw 0017Ah,base+00011h
  dw 00306h,base+0042Ah
  dw 0027Ah,base+027FDh
  dw 00306h,base+01181h
  dw 0027Bh,base+00531h
  dw 00205h,base+00021h
  dw 0027Bh,base+027FDh
  dw 00305h,base+028C2h
  dw 0027Ch,base+028F6h
  dw 00204h,base+00049h
  dw 0027Ch,base+002C6h
  dw 00280h,base+005FBh
  dw 0027Fh,base+00469h
  dw 00381h,base+008E3h
  dw 00281h,base+00012h
  dw 00280h,base+00477h
  dw 00280h,base+00A64h
  dw 00280h,base+00AB3h
  dw 00280h,base+00B24h
  dw 00280h,base+0128Eh
  dw 00281h,base+02AB1h
  dw 00280h,base+004CEh
  dw 00280h,base+02A9Dh
  dw 00280h,base+00188h
  dw 00280h,base+01320h
  dw 00180h,base+00013h
  dw 00100h,base+000A1h

cammyPage1frame014:
  db 020h,02Fh,070h,036h
  db 078h
  db 06Fh,02Fh,025h,077h,02Dh
  db 000h,000h
  db 000h,000h
  dw 00380h,base+00833h
  dw 00480h,base+00CA2h
  dw 00480h,base+0004Bh
  dw 00480h,base+001F5h
  dw 0057Fh,base+02167h
  dw 0067Fh,base+01D19h
  dw 00680h,base+01D1Fh
  dw 00780h,base+01922h
  dw 00102h,base+000B1h
  dw 00580h,base+0216Ch
  dw 0057Fh,base+02171h
  dw 00880h,base+014CDh
  dw 00980h,base+01106h
  dw 0097Eh,base+0110Fh
  dw 00B80h,base+00A07h
  dw 00B80h,base+00A12h
  dw 00B80h,base+00A1Dh
  dw 00B80h,base+00A28h
  dw 00B80h,base+00A33h
  dw 00B80h,base+00A3Eh
  dw 00C81h,base+0078Fh
  dw 00D80h,base+00593h
  dw 00D80h,base+005A0h
  dw 00304h,base+02048h
  dw 00A7Dh,base+00D48h
  dw 00D80h,base+005ADh
  dw 00D7Fh,base+005BAh
  dw 00E7Fh,base+00364h
  dw 00F80h,base+0021Eh
  dw 00E7Fh,base+00372h
  dw 00F80h,base+0022Dh
  dw 00F80h,base+0023Ch
  dw 00F80h,base+0024Bh
  dw 00E80h,base+00380h
  dw 00607h,base+01D25h
  dw 00779h,base+01929h
  dw 00609h,base+01D2Bh
  dw 00102h,base+00000h
  dw 00276h,base+02AB3h
  dw 0060Ah,base+01D31h
  dw 00277h,base+0001Ah
  dw 00709h,base+01930h
  dw 00278h,base+00011h
  dw 00708h,base+01937h
  dw 0017Ah,base+00004h
  dw 00506h,base+02176h
  dw 0017Ah,base+00265h
  dw 00506h,base+0217Bh
  dw 0017Ah,base+0001Ah
  dw 00102h,base+00000h
  dw 00203h,base+0019Ah
  dw 0027Dh,base+00264h
  dw 00203h,base+000AFh
  dw 0027Dh,base+009F6h
  dw 00203h,base+02AB5h
  dw 0027Dh,base+0288Eh
  dw 00203h,base+000AFh
  dw 0027Dh,base+02AB7h
  dw 00203h,base+02AB5h
  dw 0027Dh,base+00FE0h
  dw 00203h,base+00765h
  dw 0027Dh,base+01EB7h
  dw 00280h,base+0289Eh
  dw 00200h,base+006DAh

cammyPage1frame015:
  db 038h,054h,058h,031h
  db 070h
  db 059h,02Fh,026h,072h,028h
  db 000h,000h
  db 000h,000h
  dw 00175h,base+00000h
  dw 0020Ah,base+01A79h
  dw 00375h,base+028C5h
  dw 0030Bh,base+028C8h
  dw 00375h,base+026B9h
  dw 0030Bh,base+028CBh
  dw 00276h,base+00EC4h
  dw 0020Bh,base+000EDh
  dw 00175h,base+007D3h
  dw 0020Bh,base+0001Ah
  dw 00175h,base+001CEh
  dw 0027Fh,base+0001Ah
  dw 0040Ch,base+02560h
  dw 00174h,base+001CEh
  dw 0040Ch,base+02564h
  dw 00174h,base+00172h
  dw 00483h,base+02568h
  dw 00209h,base+00049h
  dw 00177h,base+00172h
  dw 00209h,base+0001Ah
  dw 00177h,base+000ADh
  dw 0037Dh,base+003EDh
  dw 00104h,base+000AEh
  dw 00208h,base+00004h
  dw 00174h,base+000ADh
  dw 00204h,base+0062Fh
  dw 00308h,base+00843h
  dw 00174h,base+00172h
  dw 00204h,base+00777h
  dw 0037Ch,base+028CEh
  dw 00205h,base+00174h
  dw 00307h,base+00214h
  dw 00174h,base+00172h
  dw 00305h,base+0240Ah
  dw 0037Dh,base+028D1h
  dw 00204h,base+0084Dh
  dw 00206h,base+00006h
  dw 00177h,base+00172h
  dw 00103h,base+00000h
  dw 00306h,base+004F3h
  dw 00178h,base+000ADh
  dw 00103h,base+007D3h
  dw 0037Dh,base+00337h
  dw 00103h,base+0007Ch
  dw 00305h,base+02570h
  dw 00179h,base+000ADh
  dw 00103h,base+001CEh
  dw 00304h,base+028D4h
  dw 00179h,base+00172h
  dw 00203h,base+01707h
  dw 0047Eh,base+0256Ch
  dw 00103h,base+0002Ah
  dw 0077Dh,base+0193Eh
  dw 00203h,base+015EDh
  dw 0087Eh,base+014D5h
  dw 00C80h,base+0079Bh
  dw 00E81h,base+0038Eh
  dw 00D80h,base+005C7h
  dw 00E81h,base+0039Ch
  dw 00D7Fh,base+005D4h
  dw 00E80h,base+003AAh
  dw 00F80h,base+0025Ah
  dw 00F80h,base+00269h
  dw 00F80h,base+00278h
  dw 00F80h,base+00287h
  dw 00809h,base+014DDh
  dw 00677h,base+01D37h
  dw 00506h,base+02180h
  dw 00203h,base+002C6h
  dw 00677h,base+01D3Dh
  dw 00506h,base+02185h
  dw 00103h,base+0001Ah
  dw 00678h,base+01D43h
  dw 00308h,base+028D7h
  dw 00680h,base+01D49h
  dw 00678h,base+01D4Fh
  dw 00108h,base+007D3h
  dw 00678h,base+01D55h
  dw 00108h,base+007D3h
  dw 00678h,base+01D5Bh
  dw 00108h,base+007D3h
  dw 00678h,base+01D61h
  dw 00108h,base+0002Ah
  dw 00678h,base+01D67h
  dw 00108h,base+0002Ah
  dw 00678h,base+01D6Dh
  dw 00208h,base+017AFh
  dw 00679h,base+01D73h
  dw 00207h,base+00841h
  dw 00680h,base+01D79h
  dw 00781h,base+01945h
  dw 00680h,base+01D7Fh
  dw 00203h,base+00036h
  dw 0047Dh,base+02570h
  dw 00204h,base+00069h
  dw 0037Ch,base+00D20h
  dw 00204h,base+02AB9h
  dw 0037Ch,base+0002Ch
  dw 00305h,base+0181Fh
  dw 0027Bh,base+00037h
  dw 00305h,base+007D4h
  dw 0037Ch,base+028DAh
  dw 00205h,base+004F7h
  dw 0027Bh,base+00049h
  dw 00205h,base+00015h
  dw 0027Bh,base+00CF1h
  dw 00305h,base+028DDh
  dw 0027Bh,base+001EEh
  dw 00305h,base+028E0h
  dw 0027Bh,base+00137h
  dw 00306h,base+028E3h
  dw 0027Ah,base+00652h
  dw 00306h,base+028E3h
  dw 0027Ah,base+01707h
  dw 00307h,base+006F8h
  dw 00179h,base+0007Ch
  dw 00307h,base+01ABCh
  dw 00279h,base+01EB7h
  dw 00207h,base+00052h
  dw 00279h,base+00AB0h
  dw 00207h,base+000F1h
  dw 00279h,base+01F98h
  dw 00207h,base+003A8h
  dw 00279h,base+013C8h
  dw 00280h,base+0047Ch
  dw 00280h,base+00A64h
  dw 00280h,base+0005Fh
  dw 00280h,base+00522h
  dw 00280h,base+00168h
  dw 00281h,base+00000h
  dw 00180h,base+00011h
  dw 00180h,base+00013h
  dw 00180h,base+00011h
  dw 00280h,base+003D8h
  dw 00280h,base+012D5h
  dw 00280h,base+0218Dh
  dw 00180h,base+001D7h
  dw 0017Fh,base+00011h
  dw 00280h,base+0017Dh
  dw 00280h,base+00BE6h
  dw 00180h,base+001D7h
  dw 00100h,base+000A1h

cammyPage1frame016:
  db 040h,037h,058h,03Bh
  db 076h
  db 056h,043h,019h,062h,03Ch
  db 000h,000h
  db 000h,000h
  dw 00271h,base+01707h
  dw 0010Fh,base+0007Ch
  dw 00271h,base+00037h
  dw 00203h,base+000FFh
  dw 0010Bh,base+000B1h
  dw 00472h,base+02574h
  dw 0040Eh,base+02578h
  dw 00572h,base+01976h
  dw 0040Dh,base+0257Ch
  dw 00774h,base+0194Ch
  dw 0030Ch,base+028E6h
  dw 00874h,base+014E5h
  dw 0030Ch,base+005EBh
  dw 00875h,base+014EDh
  dw 0020Ah,base+001EEh
  dw 00A76h,base+00D52h
  dw 0020Ah,base+0001Ah
  dw 00A77h,base+00D5Ch
  dw 00208h,base+00049h
  dw 00B78h,base+00A49h
  dw 00308h,base+0025Bh
  dw 00E78h,base+003B8h
  dw 00308h,base+003D0h
  dw 00F79h,base+00296h
  dw 00307h,base+00FECh
  dw 00506h,base+0218Ah
  dw 00973h,base+01118h
  dw 00307h,base+00AF6h
  dw 00406h,base+02580h
  dw 00B73h,base+00A54h
  dw 00406h,base+02584h
  dw 00408h,base+02588h
  dw 00A73h,base+00D66h
  dw 00405h,base+0258Ch
  dw 00409h,base+02590h
  dw 00A0Bh,base+00D70h
  dw 00168h,base+00000h
  dw 0080Eh,base+014F5h
  dw 00405h,base+02594h
  dw 0076Eh,base+01953h
  dw 0080Eh,base+014FDh
  dw 00305h,base+0006Bh
  dw 0066Dh,base+01D85h
  dw 0080Ah,base+01505h
  dw 00104h,base+000A1h
  dw 00405h,base+02598h
  dw 00102h,base+00000h
  dw 0046Bh,base+0259Ch
  dw 00C0Fh,base+007A7h
  dw 00307h,base+00554h
  dw 0036Bh,base+028E9h
  dw 00B0Eh,base+00A5Fh
  dw 00308h,base+0002Ch
  dw 0026Ah,base+00168h
  dw 00B0Fh,base+00A6Ah
  dw 00207h,base+00015h
  dw 0026Ah,base+01CF4h
  dw 00C0Fh,base+007B3h
  dw 00308h,base+028ECh
  dw 0016Ah,base+00DBDh
  dw 00B0Fh,base+00A75h
  dw 00207h,base+0019Ah
  dw 0016Bh,base+00120h
  dw 00A0Eh,base+00D7Ah
  dw 00207h,base+00792h
  dw 0016Ch,base+000AEh
  dw 00406h,base+025A0h
  dw 00307h,base+01D91h
  dw 00373h,base+028EFh
  dw 00406h,base+025A4h
  dw 00307h,base+021ADh
  dw 00474h,base+025A8h
  dw 00405h,base+025ACh
  dw 00102h,base+007D3h
  dw 00106h,base+00004h
  dw 00472h,base+025B0h
  dw 00506h,base+0218Fh
  dw 00102h,base+007D3h
  dw 00207h,base+0005Fh
  dw 00370h,base+00ECBh
  dw 00607h,base+01D8Bh
  dw 00102h,base+001CEh
  dw 00208h,base+0001Ah
  dw 0026Fh,base+00477h
  dw 00709h,base+0195Ah
  dw 00308h,base+005EBh
  dw 0026Eh,base+000D7h
  dw 0080Ah,base+0150Dh
  dw 00308h,base+005A0h
  dw 0026Eh,base+004C4h
  dw 0070Ah,base+01961h
  dw 00308h,base+028F2h
  dw 0026Eh,base+02ABBh
  dw 00102h,base+00000h
  dw 00609h,base+01D91h
  dw 00208h,base+00045h
  dw 0016Ch,base+00013h
  dw 00103h,base+000AEh
  dw 0060Ah,base+01D97h
  dw 00107h,base+0005Bh
  dw 0016Ch,base+00121h
  dw 00102h,base+00781h
  dw 00102h,base+000AEh
  dw 00510h,base+01EACh
  dw 0016Ch,base+00000h
  dw 00102h,base+00000h
  dw 00103h,base+0002Ch
  dw 0037Ah,base+0001Bh
  dw 00103h,base+000AEh
  dw 00103h,base+00172h
  dw 0037Ah,base+00000h
  dw 00102h,base+000AEh
  dw 0027Eh,base+018AEh
  dw 00102h,base+00000h
  dw 0017Eh,base+000AEh
  dw 00102h,base+00172h
  dw 0017Eh,base+0002Ch
  dw 00102h,base+000ADh
  dw 00180h,base+001CEh
  dw 0017Dh,base+001CEh
  dw 00103h,base+0005Bh
  dw 0017Dh,base+00057h
  dw 00103h,base+00000h
  dw 0017Ch,base+00172h
  dw 00203h,base+001ACh
  dw 0017Dh,base+0002Ch
  dw 00203h,base+00388h
  dw 0017Ch,base+000C2h
  dw 00204h,base+00000h
  dw 0017Ch,base+000C2h
  dw 00204h,base+0058Bh
  dw 0017Ch,base+0005Bh
  dw 00204h,base+0088Eh
  dw 0017Ch,base+00000h
  dw 00104h,base+000AEh
  dw 00180h,base+000ADh
  dw 0017Fh,base+00172h
  dw 00280h,base+00388h
  dw 00280h,base+01D19h
  dw 00200h,base+0098Ch

cammyPage1frame017:
  db 03Ah,04Fh,05Eh,023h
  db 08Ah
  db 070h,02Fh,025h,060h,02Dh
  db 000h,000h
  db 000h,000h
  dw 00180h,base+000E2h
  dw 00180h,base+00162h
  dw 0017Fh,base+00013h
  dw 00280h,base+02ABDh
  dw 0027Fh,base+029CBh
  dw 00280h,base+00A64h
  dw 00280h,base+00168h
  dw 00280h,base+02ABFh
  dw 00280h,base+026A6h
  dw 00280h,base+02A89h
  dw 00280h,base+013C8h
  dw 00180h,base+0002Bh
  dw 00107h,base+000C4h
  dw 00278h,base+000DAh
  dw 00208h,base+00000h
  dw 00278h,base+026A6h
  dw 00307h,base+028F5h
  dw 00279h,base+01D01h
  dw 00306h,base+028F8h
  dw 0037Bh,base+028FBh
  dw 00104h,base+00004h
  dw 0037Ch,base+028FEh
  dw 00104h,base+00004h
  dw 0037Bh,base+02901h
  dw 00205h,base+00110h
  dw 0027Bh,base+0011Dh
  dw 00205h,base+00315h
  dw 0027Ah,base+024F8h
  dw 00306h,base+02886h
  dw 0017Ah,base+00004h
  dw 00305h,base+00554h
  dw 0027Bh,base+02AC1h
  dw 00304h,base+00554h
  dw 0037Ch,base+02904h
  dw 00304h,base+00554h
  dw 0037Ch,base+02907h
  dw 00304h,base+02886h
  dw 0027Ah,base+00925h
  dw 0087Eh,base+01515h
  dw 0097Fh,base+01121h
  dw 00A7Eh,base+00D84h
  dw 00C80h,base+007BFh
  dw 00B7Fh,base+00A80h
  dw 00C80h,base+007CBh
  dw 00B80h,base+00A8Bh
  dw 00B80h,base+00A96h
  dw 00B80h,base+00AA1h
  dw 00A80h,base+00D8Eh
  dw 00980h,base+0112Ah
  dw 00780h,base+01968h
  dw 00680h,base+01D9Dh
  dw 00480h,base+025B4h
  dw 00407h,base+025B8h
  dw 00279h,base+00100h
  dw 00407h,base+025BCh
  dw 00379h,base+0290Ah
  dw 00406h,base+025C0h
  dw 0047Ah,base+025C4h
  dw 00306h,base+004FBh
  dw 00572h,base+02194h
  dw 00108h,base+00052h
  dw 00306h,base+0094Eh
  dw 00571h,base+02199h
  dw 00209h,base+00845h
  dw 00306h,base+00A41h
  dw 00870h,base+0151Dh
  dw 0030Ah,base+0290Dh
  dw 00E76h,base+003C6h
  dw 0030Ah,base+02910h
  dw 0080Ah,base+01525h
  dw 0056Dh,base+0219Eh
  dw 00309h,base+003DFh
  dw 0070Ah,base+0196Fh
  dw 0046Dh,base+025C8h
  dw 0060Ah,base+01DA3h
  dw 00609h,base+01DA9h
  dw 0026Eh,base+00297h
  dw 00509h,base+021A3h
  dw 00609h,base+01DAFh
  dw 0026Fh,base+00197h
  dw 00508h,base+021A8h
  dw 00609h,base+01DB5h
  dw 00270h,base+021BFh
  dw 00F10h,base+002A5h
  dw 00171h,base+0002Ah
  dw 01081h,base+001BFh
  dw 00F82h,base+002B4h
  dw 00E81h,base+003D4h
  dw 00D80h,base+005E1h
  dw 00D82h,base+005EEh
  dw 00B80h,base+00AACh
  dw 00405h,base+025CCh
  dw 0067Ch,base+01DBBh
  dw 00104h,base+0007Ch
  dw 00580h,base+021ADh
  dw 00580h,base+021B2h
  dw 00480h,base+025D0h
  dw 00480h,base+025D4h
  dw 00581h,base+021B7h
  dw 00581h,base+021BCh
  dw 00580h,base+021C1h
  dw 00203h,base+00E4Eh
  dw 0037Eh,base+02913h
  dw 00103h,base+00781h
  dw 0057Eh,base+021C6h
  dw 00104h,base+001CEh
  dw 0037Ch,base+02916h
  dw 00105h,base+0007Ch
  dw 0027Bh,base+02AC3h
  dw 00205h,base+0062Fh
  dw 0027Ch,base+012DEh
  dw 00105h,base+0007Ch
  dw 0017Bh,base+00172h
  dw 00281h,base+00253h
  dw 00181h,base+000AEh
  dw 00280h,base+00000h
  dw 00381h,base+02919h
  dw 00280h,base+0110Bh
  dw 00180h,base+0018Bh
  dw 00100h,base+000AEh

cammyPage1frame018:
  db 036h,036h,05Ch,02Fh
  db 06Ch
  db 05Fh,02Fh,01Dh,069h,02Dh
  db 000h,000h
  db 000h,000h
  dw 0017Fh,base+00011h
  dw 00280h,base+01933h
  dw 00280h,base+00E62h
  dw 00280h,base+02ABDh
  dw 00280h,base+000C2h
  dw 00280h,base+02902h
  dw 0027Fh,base+01560h
  dw 00380h,base+0291Ch
  dw 00380h,base+0291Fh
  dw 00380h,base+02922h
  dw 00481h,base+025D8h
  dw 0040Eh,base+025DCh
  dw 00273h,base+0039Fh
  dw 0030Dh,base+02925h
  dw 00274h,base+00840h
  dw 0020Ch,base+009F6h
  dw 00274h,base+00388h
  dw 0030Ch,base+02928h
  dw 0016Bh,base+000AEh
  dw 00109h,base+00000h
  dw 0040Ch,base+025E0h
  dw 00103h,base+00000h
  dw 00168h,base+001CEh
  dw 0020Ah,base+027E2h
  dw 0030Bh,base+00065h
  dw 00102h,base+000ADh
  dw 00369h,base+01987h
  dw 0030Ah,base+025E9h
  dw 0040Dh,base+025E4h
  dw 00269h,base+00388h
  dw 00406h,base+025E8h
  dw 00105h,base+00000h
  dw 00409h,base+025ECh
  dw 00103h,base+000C2h
  dw 0016Ah,base+0002Ch
  dw 0080Ah,base+0152Dh
  dw 00409h,base+00F10h
  dw 00103h,base+000C2h
  dw 0016Bh,base+000E2h
  dw 00D12h,base+005FBh
  dw 00103h,base+00000h
  dw 0016Ch,base+00172h
  dw 00C11h,base+007D7h
  dw 00103h,base+00172h
  dw 0016Ch,base+00172h
  dw 00102h,base+0007Ch
  dw 00A0Fh,base+00D98h
  dw 00103h,base+00172h
  dw 0016Fh,base+00000h
  dw 00102h,base+00000h
  dw 0070Ch,base+01976h
  dw 00103h,base+00000h
  dw 00171h,base+00172h
  dw 0070Ch,base+0197Dh
  dw 00103h,base+00172h
  dw 00272h,base+00000h
  dw 0060Bh,base+01DC1h
  dw 00103h,base+000ADh
  dw 00273h,base+005D6h
  dw 0050Ch,base+021CBh
  dw 00374h,base+005A0h
  dw 00509h,base+021D0h
  dw 00577h,base+021D5h
  dw 00508h,base+021DAh
  dw 00678h,base+01DC7h
  dw 00508h,base+021DFh
  dw 00678h,base+01DCDh
  dw 00508h,base+021E4h
  dw 00778h,base+01984h
  dw 00508h,base+021E9h
  dw 00678h,base+01DD3h
  dw 00508h,base+021EEh
  dw 00678h,base+01DD9h
  dw 00508h,base+021F3h
  dw 00405h,base+025F0h
  dw 00373h,base+01A88h
  dw 00508h,base+021F3h
  dw 00405h,base+025F4h
  dw 00373h,base+0292Bh
  dw 00508h,base+021F8h
  dw 00405h,base+025F8h
  dw 00374h,base+0292Eh
  dw 00507h,base+021FDh
  dw 00979h,base+01133h
  dw 00507h,base+02202h
  dw 00979h,base+0113Ch
  dw 00507h,base+02207h
  dw 0097Ah,base+01145h
  dw 00F80h,base+002C3h
  dw 00F81h,base+002D2h
  dw 00E80h,base+003E2h
  dw 00D80h,base+00608h
  dw 00D81h,base+00615h
  dw 00C80h,base+007E3h
  dw 0097Ah,base+0114Eh
  dw 00107h,base+000ADh
  dw 00778h,base+0198Bh
  dw 00208h,base+002AAh
  dw 00678h,base+01DDFh
  dw 00208h,base+00268h
  dw 00678h,base+01DE5h
  dw 00E80h,base+003F0h
  dw 00E80h,base+003FEh
  dw 00D81h,base+00622h
  dw 00102h,base+00000h
  dw 00881h,base+01535h
  dw 00400h,base+025FCh

cammyPage1frame019:
  db 026h,052h,06Eh,030h
  db 07Ch
  db 071h,02Fh,025h,06Ah,02Dh
  db 000h,000h
  db 000h,000h
  dw 00180h,base+00008h
  dw 00280h,base+00290h
  dw 00280h,base+001ABh
  dw 00380h,base+003F4h
  dw 00380h,base+02931h
  dw 00381h,base+003EDh
  dw 00180h,base+00265h
  dw 00102h,base+00011h
  dw 0037Eh,base+017C5h
  dw 00102h,base+00011h
  dw 0047Eh,base+0025Ah
  dw 00102h,base+00011h
  dw 0047Dh,base+00832h
  dw 00203h,base+0005Fh
  dw 0047Dh,base+02600h
  dw 00203h,base+0005Fh
  dw 00476h,base+02604h
  dw 00207h,base+000DAh
  dw 00203h,base+00049h
  dw 00476h,base+00000h
  dw 00307h,base+02934h
  dw 00779h,base+01992h
  dw 00407h,base+02608h
  dw 00779h,base+01999h
  dw 00103h,base+000C2h
  dw 00204h,base+0062Fh
  dw 0077Dh,base+019A0h
  dw 00A81h,base+00DA2h
  dw 00981h,base+01157h
  dw 0097Bh,base+01160h
  dw 00102h,base+0007Ch
  dw 00104h,base+0007Ch
  dw 00979h,base+01169h
  dw 00507h,base+0220Ch
  dw 00A79h,base+00DACh
  dw 00203h,base+00174h
  dw 00304h,base+02937h
  dw 00A79h,base+00DB6h
  dw 00205h,base+02AC5h
  dw 00D7Ch,base+0062Fh
  dw 00105h,base+00172h
  dw 00405h,base+0260Ch
  dw 0077Bh,base+019A7h
  dw 00305h,base+0038Eh
  dw 0077Ch,base+019AEh
  dw 00104h,base+00000h
  dw 00780h,base+019B5h
  dw 00880h,base+0153Dh
  dw 00881h,base+01545h
  dw 00780h,base+019BCh
  dw 0067Fh,base+01DEBh
  dw 00405h,base+02610h
  dw 0027Ah,base+0005Fh
  dw 00507h,base+02211h
  dw 00179h,base+00004h
  dw 00506h,base+02216h
  dw 00279h,base+0005Fh
  dw 00607h,base+01DF1h
  dw 00275h,base+000A0h
  dw 0090Ah,base+01172h
  dw 00375h,base+0293Ah
  dw 00A0Dh,base+00DC0h
  dw 00172h,base+00000h
  dw 00B7Fh,base+00AB7h
  dw 00B80h,base+00AC2h
  dw 00B7Fh,base+00ACDh
  dw 00C80h,base+007EFh
  dw 00C80h,base+007FBh
  dw 00C80h,base+00807h
  dw 00C81h,base+00813h
  dw 00304h,base+0293Dh
  dw 0067Ch,base+01DF7h
  dw 00305h,base+02940h
  dw 0057Bh,base+0182Ah
  dw 00305h,base+02886h
  dw 0057Bh,base+0221Bh
  dw 00305h,base+02943h
  dw 0047Ch,base+0048Eh
  dw 00203h,base+00104h
  dw 0047Dh,base+02614h
  dw 00203h,base+0057Ch
  dw 0047Dh,base+02618h
  dw 00203h,base+005BCh
  dw 0047Dh,base+0261Ch
  dw 00780h,base+019C3h
  dw 00680h,base+01DFDh
  dw 00680h,base+01E03h
  dw 00581h,base+02220h
  dw 00481h,base+02620h
  dw 00380h,base+02946h
  dw 00280h,base+00847h
  dw 00380h,base+02949h
  dw 00380h,base+0294Ch
  dw 00380h,base+0294Fh
  dw 0037Fh,base+0294Fh
  dw 00480h,base+02624h
  dw 00480h,base+02628h
  dw 00480h,base+0262Ch
  dw 00203h,base+00021h
  dw 0017Ch,base+00004h
  dw 00304h,base+004DDh
  dw 0017Ch,base+0001Ah
  dw 00204h,base+009F7h
  dw 0017Bh,base+0001Ah
  dw 00380h,base+00C5Fh
  dw 00380h,base+02952h
  dw 00380h,base+028F8h
  dw 00280h,base+00100h
  dw 00280h,base+013C8h
  dw 00180h,base+00DB3h
  dw 00180h,base+0001Ah
  dw 00280h,base+02AC7h
  dw 00280h,base+012E9h
  dw 0027Fh,base+00833h
  dw 00380h,base+02955h
  dw 00280h,base+02AB5h
  dw 0027Fh,base+01320h
  dw 00280h,base+00522h
  dw 00200h,base+00FACh

cammyPage1frame020:
  db 026h,052h,068h,032h
  db 078h
  db 06Eh,02Fh,025h,06Bh,038h
  db 000h,000h
  db 000h,000h
  dw 00380h,base+00833h
  dw 00480h,base+00CA2h
  dw 00480h,base+0004Bh
  dw 00480h,base+00A1Fh
  dw 0057Fh,base+02225h
  dw 0067Fh,base+01BF3h
  dw 00780h,base+0174Dh
  dw 00680h,base+01E09h
  dw 00102h,base+000B1h
  dw 0057Eh,base+0222Ah
  dw 00102h,base+0007Ch
  dw 00580h,base+0222Fh
  dw 00580h,base+01C3Bh
  dw 00581h,base+017B6h
  dw 00480h,base+0224Dh
  dw 00580h,base+02234h
  dw 0057Eh,base+02239h
  dw 00880h,base+0154Dh
  dw 00880h,base+01555h
  dw 00980h,base+0117Bh
  dw 0097Fh,base+01184h
  dw 00A80h,base+00DCAh
  dw 00A80h,base+00DD4h
  dw 00B7Ch,base+00AD8h
  dw 00203h,base+00000h
  dw 00C7Dh,base+0081Fh
  dw 00203h,base+02AC9h
  dw 00C7Ch,base+0082Bh
  dw 00607h,base+01E0Fh
  dw 00979h,base+0118Dh
  dw 00607h,base+01E15h
  dw 00A79h,base+00DDEh
  dw 00507h,base+0223Eh
  dw 00A7Ah,base+00DE8h
  dw 00406h,base+02630h
  dw 0097Bh,base+01196h
  dw 00204h,base+001D9h
  dw 00102h,base+00052h
  dw 0087Ah,base+0155Dh
  dw 00204h,base+00137h
  dw 00102h,base+00267h
  dw 00405h,base+01ADCh
  dw 00179h,base+00000h
  dw 00102h,base+0007Ch
  dw 00405h,base+02634h
  dw 00178h,base+000AEh
  dw 00103h,base+000C2h
  dw 0067Dh,base+01E1Bh
  dw 00102h,base+000C2h
  dw 0087Eh,base+01565h
  dw 00102h,base+0002Ah
  dw 0087Eh,base+0156Dh
  dw 00102h,base+0002Ah
  dw 0077Eh,base+019CAh
  dw 00102h,base+000C2h
  dw 00680h,base+01E21h
  dw 0077Fh,base+019D1h
  dw 00880h,base+01575h
  dw 00880h,base+0157Dh
  dw 00880h,base+01585h
  dw 0087Fh,base+0158Dh
  dw 00980h,base+0119Fh
  dw 00980h,base+011A8h
  dw 00405h,base+02638h
  dw 0047Bh,base+0263Ch
  dw 00406h,base+02640h
  dw 0037Ah,base+02958h
  dw 00406h,base+02644h
  dw 0037Ah,base+0295Bh
  dw 00306h,base+001FFh
  dw 0037Ah,base+0295Eh
  dw 00306h,base+001FFh
  dw 0037Ah,base+02961h
  dw 00306h,base+02964h
  dw 0037Ah,base+02967h
  dw 00306h,base+0296Ah
  dw 0037Ah,base+001FFh
  dw 00206h,base+003E7h
  dw 0037Ah,base+027C3h
  dw 00207h,base+00036h
  dw 00279h,base+00038h
  dw 00207h,base+00104h
  dw 00279h,base+02ACBh
  dw 00207h,base+00056h
  dw 00279h,base+0002Ch
  dw 00107h,base+00007h
  dw 00278h,base+0002Ch
  dw 00209h,base+00506h
  dw 00277h,base+000FFh
  dw 00209h,base+0007Ah
  dw 00277h,base+007D4h
  dw 00209h,base+0002Eh
  dw 00276h,base+0002Ch
  dw 0030Ah,base+01837h
  dw 00376h,base+02886h
  dw 0030Ah,base+009D1h
  dw 00376h,base+00E64h
  dw 0030Ah,base+00B30h
  dw 00376h,base+00F94h
  dw 0030Ah,base+02886h
  dw 00376h,base+01A6Bh
  dw 0030Ah,base+02820h
  dw 00377h,base+000CBh
  dw 0010Ah,base+00006h
  dw 00276h,base+00016h
  dw 0010Ah,base+00006h
  dw 00275h,base+000F1h
  dw 0020Ch,base+003F7h
  dw 00173h,base+00028h
  dw 0030Dh,base+0296Dh
  dw 00273h,base+00CF1h
  dw 0030Dh,base+02970h
  dw 00273h,base+00947h
  dw 0030Dh,base+028F8h
  dw 00274h,base+00344h
  dw 0010Ch,base+00004h
  dw 00273h,base+00011h
  dw 0020Dh,base+0028Ch
  dw 00273h,base+02ACDh
  dw 0020Eh,base+0005Fh
  dw 00172h,base+00011h
  dw 0020Eh,base+005F9h
  dw 00172h,base+0007Ch
  dw 0010Eh,base+00162h
  dw 00172h,base+00004h
  dw 0010Eh,base+00004h
  dw 00271h,base+02ACFh
  dw 0020Fh,base+000AFh
  dw 00271h,base+0005Fh
  dw 0020Fh,base+00573h
  dw 00271h,base+0099Bh
  dw 0020Fh,base+01A66h
  dw 00270h,base+0001Ah
  dw 00310h,base+02973h
  dw 0026Fh,base+02AD1h
  dw 00411h,base+02648h
  dw 0026Fh,base+00FEAh
  dw 00212h,base+00FE0h
  dw 0016Eh,base+00059h
  dw 00212h,base+000DAh
  dw 00100h,base+00000h

cammyPage1frame021:
  db 03Eh,052h,052h,032h
  db 06Eh
  db 052h,046h,01Ah,067h,038h
  db 051h,045h
  db 06Ah,046h
  dw 00380h,base+00833h
  dw 00480h,base+00CA2h
  dw 00480h,base+0004Bh
  dw 00480h,base+00A1Fh
  dw 0057Eh,base+02225h
  dw 00780h,base+019D8h
  dw 00780h,base+0174Dh
  dw 00680h,base+01E27h
  dw 00102h,base+000B1h
  dw 00580h,base+02243h
  dw 00580h,base+0222Fh
  dw 00580h,base+01C3Bh
  dw 00581h,base+02248h
  dw 00572h,base+0224Dh
  dw 0070Eh,base+019DFh
  dw 00571h,base+02252h
  dw 0090Dh,base+011B1h
  dw 00973h,base+011BAh
  dw 01680h,base+00048h
  dw 01680h,base+0005Eh
  dw 00304h,base+02976h
  dw 0137Dh,base+000EEh
  dw 00105h,base+0005Bh
  dw 01185h,base+00137h
  dw 00D82h,base+0063Ch
  dw 00B81h,base+00AE3h
  dw 00B80h,base+00AEEh
  dw 00B80h,base+00AF9h
  dw 00B80h,base+00B04h
  dw 00B81h,base+00B0Fh
  dw 00506h,base+02257h
  dw 0037Ah,base+003C3h
  dw 00507h,base+0225Ch
  dw 00279h,base+0058Bh
  dw 00507h,base+02261h
  dw 00203h,base+00388h
  dw 00177h,base+00000h
  dw 00407h,base+0025Ah
  dw 00379h,base+01C75h
  dw 00407h,base+0264Ch
  dw 00379h,base+02919h
  dw 00408h,base+02650h
  dw 00278h,base+0058Bh
  dw 00508h,base+02266h
  dw 00178h,base+000AEh
  dw 00580h,base+0226Bh
  dw 0067Fh,base+01E2Dh
  dw 00880h,base+01595h
  dw 00880h,base+0159Dh
  dw 0077Fh,base+019E6h
  dw 00980h,base+011C3h
  dw 00980h,base+011CCh
  dw 00980h,base+011D5h
  dw 00980h,base+011DEh
  dw 0097Fh,base+011E7h
  dw 00A80h,base+00DF2h
  dw 00506h,base+02270h
  dw 0047Ah,base+02654h
  dw 00506h,base+02275h
  dw 0047Ah,base+02658h
  dw 00507h,base+0227Ah
  dw 00379h,base+02979h
  dw 00407h,base+01E40h
  dw 00379h,base+0297Ch
  dw 00407h,base+005B6h
  dw 00379h,base+0297Fh
  dw 00308h,base+00021h
  dw 00377h,base+003B1h
  dw 00409h,base+0265Ch
  dw 00377h,base+004DDh
  dw 00409h,base+02660h
  dw 00377h,base+02982h
  dw 0030Ah,base+00037h
  dw 00276h,base+02AD3h
  dw 0030Ah,base+01065h
  dw 00376h,base+02985h
  dw 0030Ah,base+0022Ah
  dw 00376h,base+011C3h
  dw 0030Bh,base+002B6h
  dw 00275h,base+0008Ch
  dw 0030Bh,base+02988h
  dw 00375h,base+007B0h
  dw 0030Bh,base+0073Bh
  dw 00375h,base+0298Bh
  dw 0030Ch,base+00B98h
  dw 00274h,base+01184h
  dw 0030Ch,base+0298Eh
  dw 00374h,base+02991h
  dw 0030Ch,base+026FCh
  dw 00374h,base+00337h
  dw 0030Ch,base+02994h
  dw 00375h,base+02997h
  dw 0020Bh,base+003D6h
  dw 00375h,base+0299Ah
  dw 0020Bh,base+00038h
  dw 00375h,base+002A6h
  dw 0020Ch,base+00249h
  dw 00274h,base+00037h
  dw 0020Ch,base+004CAh
  dw 00274h,base+004A6h
  dw 0020Dh,base+00833h
  dw 00173h,base+00022h
  dw 0020Dh,base+0019Ah
  dw 00273h,base+00049h
  dw 0030Dh,base+0299Dh
  dw 00273h,base+01ACAh
  dw 0030Dh,base+029A0h
  dw 00273h,base+0054Dh
  dw 0020Dh,base+0028Eh
  dw 00274h,base+0005Fh
  dw 0010Dh,base+000C4h
  dw 00173h,base+0007Ch
  dw 0010Dh,base+00004h
  dw 00173h,base+0001Ah
  dw 0010Dh,base+00DB3h
  dw 00273h,base+01707h
  dw 0020Eh,base+0005Fh
  dw 00172h,base+00011h
  dw 0020Eh,base+02AD5h
  dw 00172h,base+0007Ch
  dw 0020Eh,base+0289Eh
  dw 00272h,base+011BEh
  dw 0020Eh,base+0072Fh
  dw 00271h,base+011ABh
  dw 0030Fh,base+029A3h
  dw 00271h,base+015C5h
  dw 0030Fh,base+029A6h
  dw 00270h,base+009F7h
  dw 00411h,base+02664h
  dw 0026Fh,base+029CBh
  dw 00211h,base+00FD9h
  dw 0026Fh,base+011BEh
  dw 00211h,base+000DAh
  dw 00100h,base+00000h

cammyPage1frame022:
  db 040h,04Eh,04Eh,036h
  db 068h
  db 04Dh,046h,019h,062h,038h
  db 04Dh,048h
  db 066h,049h
  dw 00380h,base+00000h
  dw 0037Fh,base+0001Bh
  dw 0050Dh,base+0227Fh
  dw 00173h,base+00052h
  dw 0050Dh,base+02284h
  dw 00273h,base+01513h
  dw 0050Dh,base+02284h
  dw 00273h,base+00777h
  dw 0050Dh,base+02289h
  dw 00173h,base+0002Ah
  dw 0050Ch,base+0228Eh
  dw 00274h,base+004CAh
  dw 00509h,base+02293h
  dw 00476h,base+02668h
  dw 00809h,base+015A5h
  dw 00477h,base+0266Ch
  dw 00102h,base+0018Bh
  dw 00A7Eh,base+00DFCh
  dw 00102h,base+0002Ah
  dw 0097Eh,base+011F0h
  dw 0087Ah,base+015ADh
  dw 00305h,base+00A5Eh
  dw 00876h,base+015B5h
  dw 01480h,base+0009Eh
  dw 01480h,base+000B2h
  dw 01480h,base+000C6h
  dw 00203h,base+00011h
  dw 0127Dh,base+00101h
  dw 00104h,base+00014h
  dw 00307h,base+0009Fh
  dw 00B75h,base+00B1Ah
  dw 0010Dh,base+00000h
  dw 00B80h,base+00B25h
  dw 00C80h,base+00837h
  dw 0090Ah,base+011F9h
  dw 00277h,base+02AD7h
  dw 00880h,base+015BDh
  dw 00880h,base+015C5h
  dw 00881h,base+015CDh
  dw 00780h,base+019EDh
  dw 00405h,base+02670h
  dw 0017Bh,base+00000h
  dw 00481h,base+02674h
  dw 00380h,base+029A9h
  dw 00480h,base+02678h
  dw 00480h,base+0267Ch
  dw 00580h,base+02298h
  dw 00580h,base+0229Dh
  dw 00580h,base+022A2h
  dw 00680h,base+01E33h
  dw 00680h,base+01E39h
  dw 00680h,base+01E3Fh
  dw 00580h,base+022A7h
  dw 0057Fh,base+022ACh
  dw 00780h,base+019F4h
  dw 00780h,base+019FBh
  dw 00780h,base+01A02h
  dw 0077Fh,base+01A09h
  dw 00880h,base+015D5h
  dw 00980h,base+01202h
  dw 00980h,base+0120Bh
  dw 00980h,base+01214h
  dw 0097Fh,base+0121Dh
  dw 00506h,base+022B1h
  dw 0047Ah,base+02680h
  dw 00406h,base+02684h
  dw 0047Ah,base+02688h
  dw 00407h,base+0268Ch
  dw 00479h,base+02690h
  dw 00307h,base+029ACh
  dw 00479h,base+02694h
  dw 00207h,base+000D5h
  dw 00479h,base+02698h
  dw 00208h,base+004F7h
  dw 00378h,base+029AFh
  dw 00308h,base+029B2h
  dw 00479h,base+0269Ch
  dw 00208h,base+001D4h
  dw 00478h,base+026A0h
  dw 00308h,base+029B5h
  dw 00478h,base+0124Ah
  dw 00309h,base+01B8Dh
  dw 00377h,base+00020h
  dw 00309h,base+003B1h
  dw 00377h,base+00065h
  dw 0030Ah,base+00847h
  dw 00376h,base+00B9Bh
  dw 0030Ah,base+029B8h
  dw 00477h,base+026A4h
  dw 0010Ah,base+00022h
  dw 00376h,base+029BBh
  dw 0010Ah,base+00022h
  dw 00375h,base+029BEh
  dw 0030Bh,base+029C1h
  dw 00375h,base+029C4h
  dw 0030Ch,base+02874h
  dw 00374h,base+029C7h
  dw 0030Dh,base+028F8h
  dw 00374h,base+00728h
  dw 0010Ch,base+0001Ah
  dw 00474h,base+026A8h
  dw 0010Dh,base+0007Ch
  dw 00373h,base+01192h
  dw 0020Eh,base+0005Fh
  dw 00273h,base+0050Ch
  dw 0010Dh,base+00011h
  dw 00273h,base+00122h
  dw 0010Dh,base+00004h
  dw 00272h,base+02AD9h
  dw 0020Fh,base+0191Ah
  dw 00271h,base+004CEh
  dw 0030Fh,base+029CAh
  dw 00271h,base+02ADBh
  dw 0030Fh,base+029CDh
  dw 00271h,base+0128Eh
  dw 0030Fh,base+0169Ah
  dw 00270h,base+02ADDh
  dw 00411h,base+026ACh
  dw 0016Fh,base+00121h
  dw 00211h,base+001E9h
  dw 0016Eh,base+00013h
  dw 00312h,base+029D0h
  dw 0016Eh,base+00121h
  dw 00212h,base+000DAh
  dw 00100h,base+000D8h

cammyPage1frame023:
  db 01Eh,050h,07Eh,034h
  db 08Eh
  db 07Eh,02Fh,025h,081h,038h
  db 000h,000h
  db 000h,000h
  dw 0017Fh,base+00004h
  dw 0037Fh,base+0025Bh
  dw 00480h,base+0004Bh
  dw 00580h,base+022B6h
  dw 00580h,base+022BBh
  dw 00480h,base+026B0h
  dw 0047Fh,base+02167h
  dw 00680h,base+01E45h
  dw 00680h,base+01E4Bh
  dw 00780h,base+01A10h
  dw 00102h,base+007D3h
  dw 00680h,base+01E51h
  dw 00780h,base+01A17h
  dw 00780h,base+01A1Eh
  dw 0087Eh,base+015DDh
  dw 00A80h,base+00E06h
  dw 00A7Fh,base+00E10h
  dw 00B80h,base+00B30h
  dw 00A80h,base+00E1Ah
  dw 00880h,base+015E5h
  dw 00880h,base+015EDh
  dw 00880h,base+015F5h
  dw 0087Fh,base+015FDh
  dw 00980h,base+01226h
  dw 00980h,base+0122Fh
  dw 00980h,base+01238h
  dw 00203h,base+02ADFh
  dw 0067Ch,base+01E57h
  dw 00203h,base+01CDDh
  dw 0077Dh,base+01A25h
  dw 00203h,base+0009Ah
  dw 0077Ch,base+01A2Ch
  dw 00B80h,base+00B3Bh
  dw 00C80h,base+00843h
  dw 00C80h,base+0084Fh
  dw 00203h,base+0001Ah
  dw 0077Dh,base+01A33h
  dw 00203h,base+0005Fh
  dw 0097Dh,base+01241h
  dw 00203h,base+00298h
  dw 0097Ch,base+0124Ah
  dw 00304h,base+029D3h
  dw 0097Ch,base+01253h
  dw 00304h,base+029D6h
  dw 0097Dh,base+0125Ch
  dw 00203h,base+000EDh
  dw 0077Fh,base+01A3Ah
  dw 00304h,base+029C1h
  dw 0047Ch,base+026B4h
  dw 00304h,base+029D9h
  dw 0057Dh,base+022C0h
  dw 00203h,base+002C6h
  dw 0057Ch,base+022C5h
  dw 00204h,base+0005Fh
  dw 0057Ch,base+022CAh
  dw 00204h,base+02AB3h
  dw 0057Ch,base+022CFh
  dw 00104h,base+00041h
  dw 0057Ch,base+022D4h
  dw 00104h,base+001CEh
  dw 0057Bh,base+022D9h
  dw 00205h,base+013C8h
  dw 0057Bh,base+022DEh
  dw 00206h,base+0220Bh
  dw 00479h,base+026B8h
  dw 00207h,base+00C70h
  dw 00479h,base+026BCh
  dw 00207h,base+00378h
  dw 0047Ah,base+026C0h
  dw 00106h,base+00162h
  dw 0037Ah,base+029DCh
  dw 00107h,base+00162h
  dw 00279h,base+011DBh
  dw 00107h,base+00162h
  dw 00279h,base+00015h
  dw 00207h,base+026A6h
  dw 00279h,base+00036h
  dw 00207h,base+01933h
  dw 0027Ah,base+0002Eh
  dw 00105h,base+0007Ch
  dw 00380h,base+026C0h
  dw 0037Fh,base+029DFh
  dw 00480h,base+026C4h
  dw 00380h,base+029E2h
  dw 00380h,base+029E5h
  dw 00380h,base+01181h
  dw 00380h,base+00EA8h
  dw 00280h,base+003D3h
  dw 00280h,base+00092h
  dw 0027Fh,base+00833h
  dw 00380h,base+029E8h
  dw 00381h,base+02889h
  dw 00280h,base+00308h
  dw 00280h,base+00011h
  dw 00180h,base+00013h
  dw 0017Fh,base+0070Fh
  dw 00280h,base+01EB7h
  dw 00180h,base+0001Ah
  dw 0017Fh,base+000C4h
  dw 00280h,base+00E6Fh
  dw 00280h,base+00522h
  dw 00380h,base+029EBh
  dw 00381h,base+029EEh
  dw 00281h,base+01332h
  dw 00280h,base+029CBh
  dw 00280h,base+00151h
  dw 00200h,base+000DAh

cammyPage1frame024:
  db 03Ch,050h,05Eh,034h
  db 08Ch
  db 05Eh,046h,01Dh,07Ah,038h
  db 05Fh,046h
  db 07Dh,054h
  dw 0057Fh,base+003F9h
  dw 0077Fh,base+01A41h
  dw 00980h,base+01265h
  dw 00980h,base+0126Eh
  dw 00980h,base+01277h
  dw 00880h,base+01605h
  dw 00880h,base+0160Dh
  dw 0087Fh,base+01615h
  dw 00980h,base+01280h
  dw 00102h,base+0002Ah
  dw 0076Ah,base+01A48h
  dw 00214h,base+002AAh
  dw 00102h,base+0002Ah
  dw 0066Ah,base+01E5Dh
  dw 00414h,base+026C8h
  dw 0086Ch,base+0161Dh
  dw 00615h,base+01E63h
  dw 0076Bh,base+01A4Fh
  dw 00914h,base+01289h
  dw 0086Ch,base+01625h
  dw 00203h,base+005F9h
  dw 00610h,base+01E69h
  dw 00971h,base+01292h
  dw 0060Eh,base+01E6Fh
  dw 00A73h,base+00E24h
  dw 0050Dh,base+022E3h
  dw 00A73h,base+00E2Eh
  dw 0050Ch,base+022E8h
  dw 00203h,base+00000h
  dw 00973h,base+0129Bh
  dw 00409h,base+026CCh
  dw 00204h,base+002D8h
  dw 00708h,base+01A56h
  dw 0016Ch,base+000ADh
  dw 00608h,base+01E75h
  dw 00204h,base+00CD4h
  dw 00608h,base+01E7Bh
  dw 0016Dh,base+00000h
  dw 0080Bh,base+0162Dh
  dw 00608h,base+01E81h
  dw 0016Eh,base+000C2h
  dw 00709h,base+01A5Dh
  dw 00709h,base+01A64h
  dw 0016Eh,base+0005Bh
  dw 00F81h,base+002E1h
  dw 00E11h,base+0040Ch
  dw 00170h,base+000C2h
  dw 00C10h,base+0085Bh
  dw 00170h,base+000AEh
  dw 00C10h,base+00867h
  dw 00171h,base+00000h
  dw 00A0Fh,base+00E38h
  dw 00172h,base+00172h
  dw 0090Dh,base+012A4h
  dw 00274h,base+0046Ch
  dw 0070Ch,base+01A6Bh
  dw 00274h,base+0100Dh
  dw 00781h,base+01A72h
  dw 0060Bh,base+01E87h
  dw 00175h,base+000AEh
  dw 0060Bh,base+01E8Dh
  dw 00176h,base+0002Ah
  dw 00509h,base+022EDh
  dw 00277h,base+00840h
  dw 0050Ah,base+022F2h
  dw 00176h,base+00000h
  dw 00580h,base+022F7h
  dw 00580h,base+022FCh
  dw 0057Fh,base+02301h
  dw 00680h,base+01E93h
  dw 00680h,base+01E99h
  dw 0067Fh,base+01E9Fh
  dw 00780h,base+01A79h
  dw 00781h,base+01A80h
  dw 00680h,base+01EA5h
  dw 00102h,base+00000h
  dw 00480h,base+026D0h
  dw 00481h,base+026D4h
  dw 00280h,base+001D4h
  dw 00280h,base+001D4h
  dw 00280h,base+000F1h
  dw 00280h,base+00A26h
  dw 00280h,base+0002Ch
  dw 00280h,base+0002Ch
  dw 00280h,base+0002Ch
  dw 00280h,base+004A6h
  dw 00380h,base+029F1h
  dw 00380h,base+029F4h
  dw 00380h,base+0287Dh
  dw 00380h,base+0287Dh
  dw 00380h,base+029F7h
  dw 00381h,base+029FAh
  dw 00280h,base+00104h
  dw 00280h,base+0014Ch
  dw 00280h,base+001ACh
  dw 00280h,base+00298h
  dw 00280h,base+00833h
  dw 00380h,base+00E14h
  dw 00380h,base+029FDh
  dw 00281h,base+00000h
  dw 00180h,base+00120h
  dw 00180h,base+00004h
  dw 00180h,base+0002Bh
  dw 00180h,base+0001Ah
  dw 00180h,base+0002Bh
  dw 00180h,base+00004h
  dw 0027Fh,base+004D6h
  dw 00380h,base+02A00h
  dw 00380h,base+00B0Fh
  dw 00480h,base+026D8h
  dw 00482h,base+026DCh
  dw 00381h,base+02A03h
  dw 00200h,base+000DAh

cammyPage1frame025:
  db 02Ah,04Fh,064h,035h
  db 074h
  db 064h,02Fh,025h,067h,038h
  db 000h,000h
  db 000h,000h
  dw 00280h,base+00000h
  dw 0027Fh,base+00004h
  dw 0047Bh,base+003AAh
  dw 00105h,base+00000h
  dw 0047Ah,base+0001Ah
  dw 00305h,base+02A06h
  dw 0067Bh,base+01EABh
  dw 00204h,base+00004h
  dw 0077Ch,base+01A87h
  dw 00204h,base+00049h
  dw 0077Ch,base+01A8Eh
  dw 00304h,base+02A09h
  dw 00102h,base+0002Ah
  dw 0057Ah,base+02306h
  dw 00204h,base+00004h
  dw 00102h,base+001CEh
  dw 00479h,base+026E0h
  dw 00305h,base+02A0Ch
  dw 00102h,base+007D3h
  dw 00479h,base+026E4h
  dw 00205h,base+0005Fh
  dw 00102h,base+007D3h
  dw 00479h,base+026E8h
  dw 00205h,base+00049h
  dw 0077Bh,base+01A95h
  dw 00203h,base+0009Ch
  dw 0097Dh,base+012ADh
  dw 00D80h,base+00649h
  dw 00D80h,base+00656h
  dw 00E80h,base+0041Ah
  dw 00F80h,base+002F0h
  dw 01080h,base+001CFh
  dw 00205h,base+000DAh
  dw 00D0Fh,base+00663h
  dw 00171h,base+00111h
  dw 0080Ah,base+01635h
  dw 00677h,base+01EB1h
  dw 0070Ah,base+01A9Ch
  dw 00576h,base+0230Bh
  dw 0070Bh,base+01AA3h
  dw 00475h,base+026ECh
  dw 0070Dh,base+01AAAh
  dw 00273h,base+0098Ch
  dw 0070Eh,base+01AB1h
  dw 00171h,base+00000h
  dw 00880h,base+0163Dh
  dw 00506h,base+02310h
  dw 0017Ah,base+00052h
  dw 00406h,base+026F0h
  dw 0027Ah,base+02AE1h
  dw 00407h,base+026F4h
  dw 00179h,base+0005Bh
  dw 00407h,base+026F8h
  dw 00279h,base+00991h
  dw 00508h,base+02315h
  dw 00378h,base+02A0Fh
  dw 00508h,base+0231Ah
  dw 00378h,base+02A12h
  dw 00509h,base+0231Fh
  dw 00177h,base+0002Ah
  dw 00509h,base+02324h
  dw 00177h,base+000AEh
  dw 00580h,base+02329h
  dw 00580h,base+0232Eh
  dw 00580h,base+02333h
  dw 00580h,base+02338h
  dw 00580h,base+0233Dh
  dw 00580h,base+02342h
  dw 0057Fh,base+02347h
  dw 00680h,base+01EB7h
  dw 00680h,base+01EBDh
  dw 00680h,base+01EC3h
  dw 00680h,base+01EC9h
  dw 00680h,base+01ECFh
  dw 00680h,base+01ED5h
  dw 00680h,base+01EDBh
  dw 00680h,base+01EE1h
  dw 00680h,base+01EE7h
  dw 00780h,base+01AB8h
  dw 00304h,base+02A15h
  dw 0037Ch,base+02A18h
  dw 00304h,base+01ABCh
  dw 0037Ch,base+00A1Bh
  dw 00304h,base+00501h
  dw 0047Ch,base+026FCh
  dw 00305h,base+0280Bh
  dw 0047Bh,base+0064Bh
  dw 00305h,base+00B30h
  dw 0047Bh,base+02700h
  dw 00306h,base+00065h
  dw 0037Ah,base+00015h
  dw 00306h,base+00065h
  dw 0047Ah,base+026A0h
  dw 00307h,base+00B30h
  dw 00379h,base+00300h
  dw 00307h,base+00B30h
  dw 00379h,base+02A1Bh
  dw 00308h,base+0280Bh
  dw 00278h,base+01730h
  dw 00309h,base+02820h
  dw 00278h,base+0006Dh
  dw 00208h,base+002FBh
  dw 00378h,base+02A1Eh
  dw 00109h,base+00006h
  dw 00277h,base+00934h
  dw 00109h,base+00022h
  dw 00277h,base+0030Ch
  dw 00109h,base+00004h
  dw 00276h,base+01144h
  dw 0030Ah,base+02874h
  dw 00476h,base+02704h
  dw 0030Bh,base+02874h
  dw 00375h,base+0073Eh
  dw 0030Bh,base+02A21h
  dw 00376h,base+02A24h
  dw 0010Ah,base+00011h
  dw 00376h,base+02A27h
  dw 0010Bh,base+00004h
  dw 00375h,base+02A2Ah
  dw 0010Bh,base+00013h
  dw 00375h,base+02A2Dh
  dw 0010Ch,base+00013h
  dw 00274h,base+02AB1h
  dw 0010Ch,base+001D7h
  dw 00374h,base+02A30h
  dw 0010Dh,base+00172h
  dw 00272h,base+02A9Dh
  dw 0020Eh,base+003C6h
  dw 00272h,base+02AE3h
  dw 0020Fh,base+00AE6h
  dw 00170h,base+0070Fh
  dw 00310h,base+00F7Dh
  dw 00170h,base+000A1h
  dw 00380h,base+0001Bh
  dw 00300h,base+008A3h

cammyPage1frame026:
  db 042h,056h,054h,02Eh
  db 092h
  db 066h,02Fh,024h,056h,038h
  db 000h,000h
  db 000h,000h
  dw 0017Eh,base+00057h
  dw 00380h,base+02A33h
  dw 00381h,base+02A36h
  dw 00380h,base+02A39h
  dw 00280h,base+00049h
  dw 0017Fh,base+00004h
  dw 00280h,base+0005Fh
  dw 00177h,base+000C5h
  dw 00108h,base+00000h
  dw 00277h,base+0001Ah
  dw 00309h,base+005EBh
  dw 00276h,base+00004h
  dw 00409h,base+0001Ah
  dw 00377h,base+02A3Ch
  dw 00509h,base+022B6h
  dw 00277h,base+00572h
  dw 00509h,base+00685h
  dw 00277h,base+00021h
  dw 00508h,base+0234Ch
  dw 00378h,base+005B7h
  dw 00406h,base+02708h
  dw 0047Ah,base+0270Ch
  dw 00A80h,base+00E42h
  dw 0097Fh,base+012B6h
  dw 00A7Fh,base+00E4Ch
  dw 00A7Fh,base+00E56h
  dw 00A80h,base+00E60h
  dw 0097Fh,base+012BFh
  dw 00980h,base+012C8h
  dw 0087Fh,base+01645h
  dw 0097Fh,base+012D1h
  dw 00A7Fh,base+00E6Ah
  dw 00C7Fh,base+00873h
  dw 00406h,base+02710h
  dw 0077Ah,base+01ABFh
  dw 00406h,base+02714h
  dw 00679h,base+01EEDh
  dw 00407h,base+02718h
  dw 00679h,base+01EF3h
  dw 00306h,base+00019h
  dw 0070Ch,base+01AC6h
  dw 0016Dh,base+0007Ch
  dw 00406h,base+0271Ch
  dw 0090Ch,base+012DAh
  dw 0026Fh,base+0220Ch
  dw 00205h,base+01A79h
  dw 00708h,base+01ACDh
  dw 00676h,base+01EF9h
  dw 0080Ah,base+0164Dh
  dw 00103h,base+00000h
  dw 00373h,base+00119h
  dw 0087Eh,base+01655h
  dw 00981h,base+012E3h
  dw 0087Dh,base+0165Dh
  dw 00B81h,base+00B46h
  dw 00A7Eh,base+00E74h
  dw 00C7Fh,base+0087Fh
  dw 00D82h,base+00670h
  dw 00A7Fh,base+00E7Eh
  dw 00B7Fh,base+00B51h
  dw 00B81h,base+00B5Ch
  dw 00506h,base+02351h
  dw 00479h,base+02720h
  dw 00607h,base+00B5Dh
  dw 00477h,base+022FCh
  dw 00709h,base+01AD4h
  dw 00479h,base+02724h
  dw 00507h,base+02356h
  dw 00477h,base+02728h
  dw 00809h,base+01665h
  dw 00478h,base+0272Ch
  dw 00608h,base+01EFFh
  dw 00473h,base+02730h
  dw 00204h,base+00174h
  dw 00609h,base+01F05h
  dw 00474h,base+00159h
  dw 00A0Ch,base+00E88h
  dw 00474h,base+00159h
  dw 0090Ch,base+012ECh
  dw 00473h,base+02734h
  dw 0090Eh,base+012F5h
  dw 00374h,base+00020h
  dw 0080Ch,base+0166Dh
  dw 00373h,base+0041Dh
  dw 0080Dh,base+01675h
  dw 00374h,base+01B54h
  dw 0070Ch,base+01ADBh
  dw 00374h,base+02A3Fh
  dw 0060Ch,base+01F0Bh
  dw 00373h,base+02A42h
  dw 0080Eh,base+0167Dh
  dw 00273h,base+00291h
  dw 0060Dh,base+01F11h
  dw 00273h,base+00195h
  dw 0060Ch,base+01F17h
  dw 00375h,base+00EA8h
  dw 0060Bh,base+01F1Dh
  dw 00375h,base+00B9Bh
  dw 0050Bh,base+0235Bh
  dw 00276h,base+00016h
  dw 00509h,base+02360h
  dw 00378h,base+00561h
  dw 00308h,base+00163h
  dw 00377h,base+00561h
  dw 00509h,base+02365h
  dw 00378h,base+0002Ch
  dw 00409h,base+014D9h
  dw 00277h,base+00117h
  dw 00409h,base+00473h
  dw 00278h,base+0009Ah
  dw 00408h,base+02738h
  dw 00178h,base+00022h
  dw 00308h,base+01F1Ch
  dw 00179h,base+00004h
  dw 00306h,base+01F1Ch
  dw 0027Bh,base+000A1h
  dw 00205h,base+00058h
  dw 0027Bh,base+0163Fh
  dw 00205h,base+000FAh
  dw 0027Ch,base+00177h
  dw 00204h,base+01461h
  dw 0027Ch,base+00652h
  dw 00204h,base+004FCh
  dw 0027Eh,base+0005Fh
  dw 00102h,base+0002Ah
  dw 0017Eh,base+000AEh
  dw 00102h,base+00120h
  dw 0017Eh,base+000AEh
  dw 00381h,base+02A45h
  dw 00280h,base+00059h
  dw 00281h,base+0011Eh
  dw 0017Fh,base+000C4h
  dw 00280h,base+004C4h
  dw 00280h,base+02AE5h
  dw 00280h,base+0163Eh
  dw 00380h,base+02A48h
  dw 00380h,base+0123Ch
  dw 00300h,base+008A3h

cammyPage1frame027:
  db 044h,05Fh,044h,025h
  db 082h
  db 043h,046h,02Ah,05Eh,038h
  db 045h,045h
  db 064h,05Ah
  dw 00180h,base+0002Ch
  dw 0017Fh,base+00007h
  dw 00280h,base+00A26h
  dw 00380h,base+02A4Bh
  dw 00376h,base+02A4Eh
  dw 0010Ah,base+000B1h
  dw 00375h,base+02A51h
  dw 0020Bh,base+02AC5h
  dw 00375h,base+0213Fh
  dw 0030Bh,base+02A54h
  dw 00275h,base+0001Ah
  dw 0040Bh,base+0273Ch
  dw 00278h,base+0005Fh
  dw 00108h,base+0018Bh
  dw 00278h,base+01FBDh
  dw 00208h,base+01513h
  dw 00179h,base+00004h
  dw 00107h,base+00000h
  dw 00179h,base+00004h
  dw 00206h,base+0047Ch
  dw 0027Bh,base+0001Ah
  dw 00105h,base+00172h
  dw 0027Bh,base+0001Ah
  dw 00205h,base+0047Ch
  dw 0027Ch,base+00004h
  dw 00104h,base+00267h
  dw 0027Ch,base+00004h
  dw 00104h,base+000E2h
  dw 0027Dh,base+00033h
  dw 00103h,base+000ADh
  dw 0027Dh,base+013BBh
  dw 00103h,base+00172h
  dw 0027Dh,base+003E9h
  dw 00103h,base+00000h
  dw 0017Dh,base+00006h
  dw 00102h,base+00052h
  dw 0027Eh,base+004A6h
  dw 00102h,base+000C2h
  dw 0027Fh,base+0005Bh
  dw 00380h,base+002E1h
  dw 00380h,base+02A57h
  dw 00366h,base+02A57h
  dw 0011Ah,base+0007Ch
  dw 00565h,base+0236Ah
  dw 00316h,base+00138h
  dw 00406h,base+02740h
  dw 00564h,base+0236Fh
  dw 00415h,base+02744h
  dw 00C6Ch,base+0088Bh
  dw 00313h,base+008A1h
  dw 00406h,base+02748h
  dw 00768h,base+01AE2h
  dw 00312h,base+02A5Ah
  dw 00207h,base+00087h
  dw 00668h,base+01F23h
  dw 00510h,base+02374h
  dw 00207h,base+00100h
  dw 0076Ah,base+01AE9h
  dw 0040Eh,base+0274Ch
  dw 00208h,base+02AE7h
  dw 0086Bh,base+01685h
  dw 0060Dh,base+01F29h
  dw 00207h,base+0058Bh
  dw 0096Dh,base+012FEh
  dw 0060Bh,base+01F2Fh
  dw 00208h,base+01614h
  dw 00708h,base+01AF0h
  dw 00165h,base+0002Ah
  dw 0060Bh,base+01F35h
  dw 00207h,base+00775h
  dw 00A6Eh,base+00E92h
  dw 00102h,base+00000h
  dw 0050Ah,base+02379h
  dw 00106h,base+001CEh
  dw 00809h,base+0168Dh
  dw 00168h,base+0002Ah
  dw 00409h,base+02750h
  dw 00105h,base+001CEh
  dw 0090Ah,base+01307h
  dw 00168h,base+0002Ah
  dw 0070Eh,base+01AF7h
  dw 0070Ah,base+01AFEh
  dw 00169h,base+0002Ah
  dw 0070Dh,base+01B05h
  dw 0070Ah,base+01B0Ch
  dw 0016Bh,base+007D3h
  dw 01214h,base+00113h
  dw 0016Dh,base+00008h
  dw 01180h,base+00148h
  dw 01181h,base+00159h
  dw 01080h,base+001DFh
  dw 00F81h,base+002FFh
  dw 00D81h,base+0067Dh
  dw 00C81h,base+00897h
  dw 00709h,base+01B13h
  dw 00278h,base+0014Ch
  dw 00608h,base+01F3Bh
  dw 00279h,base+00769h
  dw 00407h,base+02754h
  dw 00279h,base+0021Ch
  dw 00407h,base+02758h
  dw 00179h,base+00006h
  dw 00407h,base+009D1h
  dw 00179h,base+00006h
  dw 00406h,base+0243Ch
  dw 0027Ah,base+004A6h
  dw 00406h,base+0275Ch
  dw 0027Ah,base+00847h
  dw 00406h,base+02760h
  dw 0027Ah,base+00016h
  dw 00306h,base+007C2h
  dw 0027Ah,base+00016h
  dw 00306h,base+00B48h
  dw 0027Ah,base+0035Ah
  dw 00306h,base+00B48h
  dw 0027Ah,base+01CCBh
  dw 00306h,base+00B48h
  dw 0027Ah,base+00004h
  dw 00306h,base+00015h
  dw 0027Ah,base+00049h
  dw 00306h,base+00020h
  dw 0027Ah,base+0005Fh
  dw 00306h,base+00B30h
  dw 0027Ah,base+0005Fh
  dw 00306h,base+012C3h
  dw 0027Ah,base+0005Fh
  dw 00307h,base+02A5Dh
  dw 00179h,base+00011h
  dw 00307h,base+01303h
  dw 00179h,base+00011h
  dw 00307h,base+027BDh
  dw 00179h,base+00011h
  dw 00307h,base+00B59h
  dw 00179h,base+00004h
  dw 00307h,base+02A15h
  dw 00279h,base+0005Fh
  dw 00207h,base+027C6h
  dw 00279h,base+0005Fh
  dw 00207h,base+00104h
  dw 00279h,base+013B9h
  dw 00207h,base+0014Ch
  dw 00278h,base+00A0Eh
  dw 00308h,base+0280Bh
  dw 00378h,base+02A60h
  dw 00308h,base+012C3h
  dw 00378h,base+0059Ah
  dw 00380h,base+00554h
  dw 00380h,base+00554h
  dw 00380h,base+00554h
  dw 00380h,base+01B54h
  dw 00381h,base+01C8Fh
  dw 00280h,base+0014Ch
  dw 00280h,base+00315h
  dw 00280h,base+00A64h
  dw 00280h,base+00A64h
  dw 00280h,base+02AE9h
  dw 00280h,base+00308h
  dw 00280h,base+00168h
  dw 00280h,base+00049h
  dw 00281h,base+01F98h
  dw 00180h,base+00172h
  dw 00180h,base+00172h
  dw 00180h,base+00013h
  dw 0017Fh,base+00004h
  dw 00380h,base+02A63h
  dw 00480h,base+02764h
  dw 00480h,base+02768h
  dw 00480h,base+0001Ah
  dw 00400h,base+019E1h

cammyPage1frame028:
  db 02Ah,031h,066h,055h
  db 074h
  db 065h,02Fh,025h,06Dh,02Dh
  db 000h,000h
  db 000h,000h
  dw 0017Fh,base+00004h
  dw 0037Fh,base+0001Bh
  dw 00580h,base+01EACh
  dw 00580h,base+0030Fh
  dw 00580h,base+00018h
  dw 00580h,base+0237Eh
  dw 00580h,base+02383h
  dw 00580h,base+02388h
  dw 0067Fh,base+01F41h
  dw 00780h,base+01B1Ah
  dw 00780h,base+01B21h
  dw 00102h,base+0002Ah
  dw 0077Eh,base+01B28h
  dw 00102h,base+007D3h
  dw 0077Eh,base+01B2Fh
  dw 00103h,base+001CEh
  dw 0077Dh,base+01B36h
  dw 00103h,base+00111h
  dw 00781h,base+01B3Dh
  dw 0067Fh,base+01F47h
  dw 0077Ah,base+01B44h
  dw 00206h,base+010F2h
  dw 00879h,base+01695h
  dw 00307h,base+008E3h
  dw 00879h,base+0169Dh
  dw 00607h,base+01F4Dh
  dw 00879h,base+016A5h
  dw 00F81h,base+0030Eh
  dw 01180h,base+0016Ah
  dw 01182h,base+0017Bh
  dw 01081h,base+001EFh
  dw 00708h,base+01B4Bh
  dw 00679h,base+01F53h
  dw 00708h,base+01B52h
  dw 00578h,base+0238Dh
  dw 00E80h,base+00428h
  dw 00E80h,base+00436h
  dw 00E80h,base+00444h
  dw 00E80h,base+00452h
  dw 00203h,base+0005Bh
  dw 00B7Eh,base+00B67h
  dw 00103h,base+00022h
  dw 00A7Dh,base+00E9Ch
  dw 00103h,base+00004h
  dw 00A7Dh,base+00EA6h
  dw 00104h,base+00004h
  dw 0097Bh,base+01310h
  dw 00305h,base+028F8h
  dw 00A7Bh,base+00EB0h
  dw 00306h,base+02770h
  dw 0087Bh,base+016ADh
  dw 00206h,base+0005Fh
  dw 0087Ah,base+016B5h
  dw 00107h,base+0001Ah
  dw 00779h,base+01B59h
  dw 00106h,base+00DB3h
  dw 0097Ah,base+01319h
  dw 00206h,base+00652h
  dw 0097Ah,base+01322h
  dw 00206h,base+01A15h
  dw 0097Ah,base+0132Bh
  dw 00206h,base+00FE0h
  dw 00607h,base+01F59h
  dw 00273h,base+00003h
  dw 00205h,base+012A4h
  dw 00708h,base+01B60h
  dw 00272h,base+00091h
  dw 00306h,base+0069Eh
  dw 00608h,base+01F5Fh
  dw 00271h,base+00003h
  dw 00407h,base+0276Ch
  dw 00508h,base+02392h
  dw 00270h,base+0163Fh
  dw 00508h,base+02397h
  dw 00508h,base+0239Ch
  dw 00270h,base+00713h
  dw 00309h,base+008A3h
  dw 00307h,base+00020h
  dw 00179h,base+0007Ch
  dw 00381h,base+02A66h
  dw 00100h,base+00000h

cammyPage1frame029:
  db 038h,031h,058h,055h
  db 074h
  db 057h,046h,01Ah,06Bh,02Dh
  db 057h,066h
  db 070h,067h
  dw 0017Fh,base+00004h
  dw 0037Fh,base+00712h
  dw 00480h,base+0004Bh
  dw 00480h,base+0004Bh
  dw 00480h,base+00019h
  dw 00480h,base+01D92h
  dw 00580h,base+023A1h
  dw 0057Fh,base+023A6h
  dw 00780h,base+01B67h
  dw 00102h,base+0002Ah
  dw 0077Dh,base+01B6Eh
  dw 00103h,base+00015h
  dw 0087Dh,base+016BDh
  dw 00102h,base+00781h
  dw 00B78h,base+00B72h
  dw 00305h,base+0009Fh
  dw 00F77h,base+0031Dh
  dw 01880h,base+00000h
  dw 01880h,base+00018h
  dw 01880h,base+00030h
  dw 01516h,base+00074h
  dw 0026Ah,base+00000h
  dw 00205h,base+00543h
  dw 00305h,base+019DCh
  dw 00C84h,base+008A3h
  dw 00880h,base+016C5h
  dw 00B7Eh,base+00B7Dh
  dw 00D7Fh,base+0068Ah
  dw 00E80h,base+00460h
  dw 00E80h,base+0046Eh
  dw 00D80h,base+00697h
  dw 00708h,base+01B75h
  dw 00679h,base+01F65h
  dw 00D80h,base+006A4h
  dw 00D80h,base+006B1h
  dw 00E80h,base+0047Ch
  dw 00E80h,base+0048Ah
  dw 00E80h,base+00498h
  dw 00E81h,base+004A6h
  dw 00102h,base+000B1h
  dw 00B7Eh,base+00B88h
  dw 00102h,base+000B1h
  dw 00B7Eh,base+00B93h
  dw 00102h,base+00004h
  dw 00A7Eh,base+00EBAh
  dw 00104h,base+00004h
  dw 0087Bh,base+016CDh
  dw 00405h,base+02770h
  dw 0097Bh,base+01334h
  dw 00406h,base+02774h
  dw 0097Bh,base+0133Dh
  dw 00306h,base+02A69h
  dw 0087Ah,base+016D5h
  dw 00306h,base+02A6Ch
  dw 0087Ah,base+016DDh
  dw 00206h,base+02AEBh
  dw 0087Ah,base+016E5h
  dw 00205h,base+02AEBh
  dw 00A7Bh,base+00EC4h
  dw 00205h,base+00FE0h
  dw 00708h,base+01B7Ch
  dw 00273h,base+004E2h
  dw 00205h,base+012A4h
  dw 00608h,base+01F6Bh
  dw 00272h,base+00091h
  dw 00306h,base+0069Eh
  dw 00508h,base+023ABh
  dw 00271h,base+0001Ah
  dw 00407h,base+0276Ch
  dw 00508h,base+023B0h
  dw 00270h,base+0163Fh
  dw 00508h,base+02397h
  dw 00408h,base+02778h
  dw 00270h,base+00713h
  dw 00308h,base+008A3h
  dw 00408h,base+0277Ch
  dw 00179h,base+0007Ch
  dw 00280h,base+0031Dh
  dw 00100h,base+00000h

cammyPage1frame030:
  db 03Ch,029h,044h,05Bh
  db 06Eh
  db 068h,02Dh,012h,044h,046h
  db 046h,06Ch
  db 065h,06Dh
  dw 00280h,base+00000h
  dw 0037Fh,base+0025Bh
  dw 00580h,base+01EACh
  dw 00580h,base+0030Eh
  dw 0057Fh,base+023B5h
  dw 00680h,base+01F71h
  dw 0067Fh,base+01F77h
  dw 00780h,base+01B83h
  dw 00103h,base+0002Ah
  dw 0057Dh,base+023BAh
  dw 00103h,base+007D3h
  dw 0057Dh,base+023BFh
  dw 00102h,base+007D3h
  dw 0067Eh,base+01F7Dh
  dw 00102h,base+007D3h
  dw 0077Fh,base+01B8Ah
  dw 00880h,base+016EDh
  dw 00780h,base+01B91h
  dw 00780h,base+01B98h
  dw 00780h,base+01B9Fh
  dw 00780h,base+01BA6h
  dw 00780h,base+01BADh
  dw 0077Fh,base+01BB4h
  dw 0087Fh,base+016F5h
  dw 0090Bh,base+01346h
  dw 00174h,base+00000h
  dw 00B0Ch,base+00B9Eh
  dw 00174h,base+00014h
  dw 00607h,base+01F83h
  dw 00678h,base+01F89h
  dw 00809h,base+016FDh
  dw 00676h,base+01F8Fh
  dw 0107Fh,base+001FFh
  dw 01180h,base+0018Ch
  dw 0117Fh,base+0019Dh
  dw 01280h,base+00125h
  dw 0117Dh,base+001AEh
  dw 0147Fh,base+000DAh
  dw 0157Eh,base+00089h
  dw 00102h,base+00004h
  dw 0090Ah,base+0134Fh
  dw 00A74h,base+00ECEh
  dw 00A0Dh,base+00ED8h
  dw 0096Eh,base+01358h
  dw 00C14h,base+008AFh
  dw 0066Bh,base+01F95h
  dw 00B15h,base+00BA9h
  dw 0056Bh,base+023C4h
  dw 00815h,base+01705h
  dw 0056Bh,base+023C9h
  dw 00715h,base+01BBBh
  dw 00204h,base+00000h
  dw 00167h,base+00000h
  dw 00406h,base+02780h
  dw 0010Fh,base+00000h
  dw 0026Bh,base+002A9h
  dw 00215h,base+00B72h
  dw 00280h,base+00077h
  dw 00381h,base+02175h
  dw 00200h,base+002A9h

cammyPage1frame031:
  db 030h,037h,06Ah,04Dh
  db 080h
  db 06Ah,02Fh,02Dh,06Eh,02Dh
  db 000h,000h
  db 000h,000h
  dw 0017Fh,base+00007h
  dw 00280h,base+02AEDh
  dw 00281h,base+02AE7h
  dw 00180h,base+0002Ah
  dw 00180h,base+000C2h
  dw 00106h,base+000C2h
  dw 0017Ah,base+00052h
  dw 00106h,base+0007Ch
  dw 0027Ah,base+00DFFh
  dw 00106h,base+000C2h
  dw 0037Ah,base+02A6Fh
  dw 00106h,base+0007Ch
  dw 0027Ah,base+007C3h
  dw 00106h,base+000B1h
  dw 0027Ah,base+026BAh
  dw 00105h,base+001CEh
  dw 0027Ah,base+003A8h
  dw 00106h,base+00052h
  dw 00175h,base+00000h
  dw 00105h,base+00000h
  dw 00105h,base+000C2h
  dw 00275h,base+0098Ch
  dw 00306h,base+0025Bh
  dw 00104h,base+000B1h
  dw 00275h,base+00280h
  dw 00407h,base+0001Ah
  dw 00104h,base+001CEh
  dw 00175h,base+000B1h
  dw 00406h,base+0004Bh
  dw 00204h,base+00100h
  dw 00276h,base+00000h
  dw 00405h,base+00CA2h
  dw 00204h,base+00427h
  dw 00276h,base+0048Ch
  dw 00B80h,base+00BB4h
  dw 00A81h,base+00EE2h
  dw 00881h,base+0170Dh
  dw 0067Fh,base+01F9Bh
  dw 00880h,base+01715h
  dw 0087Fh,base+0171Dh
  dw 00980h,base+01361h
  dw 00980h,base+0136Ah
  dw 00203h,base+00CCFh
  dw 0067Eh,base+01FA1h
  dw 00880h,base+01725h
  dw 00B81h,base+00BBFh
  dw 00B80h,base+00BCAh
  dw 00B80h,base+00BD5h
  dw 00C80h,base+008BBh
  dw 00C80h,base+008C7h
  dw 00D0Fh,base+006BEh
  dw 00171h,base+0007Ch
  dw 00203h,base+00452h
  dw 00A0Ch,base+00EECh
  dw 00271h,base+021BFh
  dw 00205h,base+00452h
  dw 00D7Bh,base+006CBh
  dw 00205h,base+00052h
  dw 00E7Bh,base+004B4h
  dw 00206h,base+004A6h
  dw 00D7Ah,base+006D8h
  dw 00206h,base+00914h
  dw 00E7Ah,base+004C2h
  dw 00206h,base+00983h
  dw 00A0Ch,base+00EF6h
  dw 0016Eh,base+00000h
  dw 00206h,base+0013Dh
  dw 00A79h,base+00F00h
  dw 00307h,base+02A72h
  dw 00405h,base+02784h
  dw 00574h,base+023CEh
  dw 00307h,base+02A75h
  dw 00405h,base+02788h
  dw 00574h,base+023D3h
  dw 00307h,base+00593h
  dw 00A79h,base+00F0Ah
  dw 00207h,base+00004h
  dw 00A79h,base+00F14h
  dw 00207h,base+00004h
  dw 00979h,base+01373h
  dw 00207h,base+00049h
  dw 00607h,base+01FA7h
  dw 00272h,base+000A0h
  dw 00107h,base+00004h
  dw 00608h,base+01FADh
  dw 00171h,base+001CEh
  dw 00107h,base+00000h
  dw 00508h,base+023D8h
  dw 00170h,base+000A1h
  dw 00208h,base+0001Ah
  dw 00478h,base+0278Ch
  dw 00208h,base+00049h
  dw 00376h,base+02A78h
  dw 0050Bh,base+023DDh
  dw 00276h,base+0009Dh
  dw 00203h,base+00000h
  dw 00107h,base+000ADh
  dw 00280h,base+0001Ah
  dw 00380h,base+005EBh
  dw 0047Fh,base+02790h
  dw 00103h,base+0005Bh
  dw 00200h,base+002AAh

cammyPage1frame032:
  db 028h,034h,06Ch,054h
  db 074h
  db 06Dh,02Fh,026h,06Dh,02Dh
  db 000h,000h
  db 000h,000h
  dw 0027Fh,base+00049h
  dw 00480h,base+003AAh
  dw 0047Fh,base+0004Bh
  dw 00680h,base+01FB3h
  dw 00680h,base+01FB9h
  dw 00581h,base+023E2h
  dw 00580h,base+023E7h
  dw 0067Fh,base+01FBFh
  dw 00780h,base+01BC2h
  dw 0080Ch,base+0172Dh
  dw 00104h,base+0007Ch
  dw 00170h,base+00052h
  dw 00102h,base+001CEh
  dw 0070Ah,base+01BC9h
  dw 00204h,base+018D4h
  dw 00270h,base+02AEFh
  dw 00102h,base+001CEh
  dw 0070Ah,base+01BD0h
  dw 00104h,base+0002Ah
  dw 00270h,base+00777h
  dw 00103h,base+001CEh
  dw 00709h,base+01BD7h
  dw 00103h,base+0002Ah
  dw 00271h,base+00775h
  dw 00103h,base+000C2h
  dw 00708h,base+01BDEh
  dw 00203h,base+0076Bh
  dw 00375h,base+02A7Bh
  dw 00D7Fh,base+006E5h
  dw 00D80h,base+006F2h
  dw 00A80h,base+00F1Eh
  dw 00981h,base+0137Ch
  dw 00880h,base+01735h
  dw 00880h,base+0173Dh
  dw 0087Fh,base+01745h
  dw 00A80h,base+00F28h
  dw 00203h,base+000F1h
  dw 0077Dh,base+01BE5h
  dw 00203h,base+000F1h
  dw 0077Dh,base+01BECh
  dw 00203h,base+000F1h
  dw 0067Dh,base+01FC5h
  dw 00203h,base+003A8h
  dw 0067Dh,base+01FCBh
  dw 00203h,base+003F7h
  dw 0067Ch,base+01FD1h
  dw 00204h,base+00110h
  dw 0067Ch,base+01FD7h
  dw 00203h,base+003D6h
  dw 0067Dh,base+01FDDh
  dw 00203h,base+01184h
  dw 0067Dh,base+01FE3h
  dw 00203h,base+00955h
  dw 0067Dh,base+01FE9h
  dw 00203h,base+00079h
  dw 0057Dh,base+023ECh
  dw 00203h,base+00049h
  dw 0057Dh,base+023F1h
  dw 00103h,base+00004h
  dw 0057Dh,base+023F6h
  dw 00103h,base+00004h
  dw 0047Ch,base+02794h
  dw 00204h,base+0005Fh
  dw 0047Ch,base+02798h
  dw 00104h,base+0001Ah
  dw 0047Ch,base+0279Ch
  dw 00104h,base+00011h
  dw 0047Bh,base+027A0h
  dw 00305h,base+005EBh
  dw 0047Ah,base+027A4h
  dw 00406h,base+027A8h
  dw 0037Ah,base+0155Fh
  dw 00506h,base+023FBh
  dw 0037Ah,base+00E3Fh
  dw 00106h,base+00000h
  dw 00380h,base+02A7Eh
  dw 00380h,base+02A81h
  dw 0037Fh,base+02A84h
  dw 0047Fh,base+027ACh
  dw 0047Fh,base+027B0h
  dw 0057Fh,base+02400h
  dw 00681h,base+01FEFh
  dw 0057Fh,base+02405h
  dw 00580h,base+0240Ah
  dw 00580h,base+0240Fh
  dw 00300h,base+02A5Ah


