  dw cammyPage2frame000
  dw cammyPage2frame001
  dw cammyPage2frame002
  dw cammyPage2frame003
  dw cammyPage2frame004
  dw cammyPage2frame005
  dw cammyPage2frame006
  dw cammyPage2frame007
  dw cammyPage2frame008
  dw cammyPage2frame009
  dw cammyPage2frame010
  dw cammyPage2frame011
  dw cammyPage2frame012
  dw cammyPage2frame013
  dw cammyPage2frame014
  dw cammyPage2frame015
  dw cammyPage2frame016
  dw cammyPage2frame017
  dw cammyPage2frame018
  dw cammyPage2frame019
  dw cammyPage2frame020
  dw cammyPage2frame021
  dw cammyPage2frame022
  dw cammyPage2frame023
  dw cammyPage2frame024
  dw cammyPage2frame025
  dw cammyPage2frame026
  dw cammyPage2frame027
  dw cammyPage2frame028
  dw cammyPage2frame029
  dw cammyPage2frame030
  dw cammyPage2frame031
  dw cammyPage2frame032
  dw cammyPage2frame033
  dw cammyPage2frame034
  dw cammyPage2frame035
  dw cammyPage2frame036
  dw cammyPage2frame037

cammyPage2frame000:
  db 03Eh,02Eh,074h,055h
  db 07Ch
  db 05Fh,02Dh,017h,06Ah,046h
  db 0B0h,068h
  db 091h,069h
  dw 0027Fh,base+0002Fh
  dw 00480h,base+010E4h
  dw 0047Fh,base+00088h
  dw 00580h,base+02A6Ah
  dw 00580h,base+02B7Eh
  dw 00680h,base+027B8h
  dw 00680h,base+027BEh
  dw 00780h,base+0222Bh
  dw 00406h,base+02FF7h
  dw 0017Ah,base+00039h
  dw 00406h,base+02FFBh
  dw 0017Ah,base+00039h
  dw 00406h,base+02FFFh
  dw 0017Ah,base+00006h
  dw 00480h,base+0104Fh
  dw 00780h,base+02232h
  dw 00880h,base+01D3Bh
  dw 00880h,base+01D43h
  dw 0087Fh,base+01D4Bh
  dw 00880h,base+01D53h
  dw 0087Fh,base+01D5Bh
  dw 00203h,base+02AE5h
  dw 0067Eh,base+027C4h
  dw 00102h,base+00003h
  dw 0067Dh,base+027CAh
  dw 00203h,base+02A51h
  dw 0067Dh,base+027D0h
  dw 00203h,base+007B8h
  dw 00681h,base+027D6h
  dw 0051Ah,base+02B83h
  dw 00162h,base+0002Eh
  dw 00204h,base+005C8h
  dw 00619h,base+027DCh
  dw 00263h,base+01D17h
  dw 00204h,base+007B8h
  dw 00A14h,base+01567h
  dw 00104h,base+00003h
  dw 00365h,base+033AFh
  dw 00203h,base+0003Ch
  dw 00C0Dh,base+00EFCh
  dw 00207h,base+00833h
  dw 00668h,base+027E2h
  dw 00304h,base+033B2h
  dw 01A7Ch,base+004C3h
  dw 00405h,base+03003h
  dw 0187Eh,base+005AAh
  dw 01B7Eh,base+00472h
  dw 00102h,base+00008h
  dw 01B7Eh,base+0048Dh
  dw 00103h,base+0000Fh
  dw 01A7Eh,base+004DDh
  dw 00102h,base+00008h
  dw 0197Eh,base+0055Fh
  dw 01A81h,base+004F7h
  dw 01617h,base+0061Fh
  dw 00269h,base+00051h
  dw 01380h,base+00744h
  dw 00102h,base+00145h
  dw 00B80h,base+01244h
  dw 00A80h,base+01571h
  dw 00981h,base+018CDh
  dw 00104h,base+0000Dh
  dw 0027Ch,base+0020Ah
  dw 00104h,base+00028h
  dw 0027Ch,base+001D2h
  dw 00104h,base+0000Dh
  dw 0037Ch,base+00209h
  dw 00104h,base+0000Fh
  dw 0037Ch,base+00836h
  dw 00204h,base+0020Ah
  dw 00102h,base+00011h
  dw 00279h,base+00109h
  dw 00405h,base+01480h
  dw 00103h,base+00005h
  dw 00178h,base+00003h
  dw 00480h,base+03007h
  dw 00200h,base+00327h

cammyPage2frame001:
  db 02Ch,02Fh,07Ah,054h
  db 08Ah
  db 071h,036h,01Ah,05Eh,046h
  db 000h,000h
  db 000h,000h
  dw 00280h,base+0002Fh
  dw 0037Fh,base+00303h
  dw 00580h,base+017A1h
  dw 00580h,base+00973h
  dw 00580h,base+00973h
  dw 0057Fh,base+02B88h
  dw 00680h,base+027E8h
  dw 00581h,base+02B8Dh
  dw 0057Fh,base+02B92h
  dw 00680h,base+027EEh
  dw 00506h,base+02B97h
  dw 00179h,base+00039h
  dw 00607h,base+027F4h
  dw 00179h,base+00001h
  dw 00507h,base+02B9Ch
  dw 00178h,base+00001h
  dw 00608h,base+027FAh
  dw 00178h,base+00001h
  dw 00607h,base+02800h
  dw 00279h,base+00892h
  dw 00880h,base+01D63h
  dw 0087Fh,base+01D6Bh
  dw 00980h,base+018D6h
  dw 0097Fh,base+018DFh
  dw 00B7Fh,base+0124Fh
  dw 00D80h,base+00B88h
  dw 0090Ah,base+018E8h
  dw 00376h,base+00271h
  dw 0090Bh,base+018F1h
  dw 00208h,base+001E5h
  dw 0026Ch,base+001D2h
  dw 0090Ch,base+018FAh
  dw 00205h,base+00328h
  dw 00102h,base+00003h
  dw 0036Dh,base+033B5h
  dw 00304h,base+0322Ch
  dw 00509h,base+02BA1h
  dw 00973h,base+01903h
  dw 00103h,base+00001h
  dw 0137Dh,base+00757h
  dw 00103h,base+00003h
  dw 01011h,base+009EFh
  dw 0026Eh,base+00B52h
  dw 01380h,base+0076Ah
  dw 01380h,base+0077Dh
  dw 0127Fh,base+0083Bh
  dw 01280h,base+0084Dh
  dw 01280h,base+0085Fh
  dw 01080h,base+009FFh
  dw 00F81h,base+00A3Fh
  dw 00C80h,base+00F08h
  dw 00B80h,base+0125Ah
  dw 00A81h,base+0157Bh
  dw 00880h,base+01D73h
  dw 00780h,base+02239h
  dw 00280h,base+004F5h
  dw 00280h,base+000DFh
  dw 00280h,base+0003Bh
  dw 00280h,base+00098h
  dw 00280h,base+00088h
  dw 0037Fh,base+033B8h
  dw 00480h,base+0300Bh
  dw 00200h,base+0002Fh

cammyPage2frame002:
  db 022h,02Eh,07Eh,055h
  db 090h
  db 06Dh,02Fh,026h,06Fh,02Dh
  db 000h,000h
  db 000h,000h
  dw 00280h,base+0002Fh
  dw 0037Fh,base+00303h
  dw 00480h,base+0089Ah
  dw 00580h,base+006DAh
  dw 0057Fh,base+02A6Ah
  dw 00680h,base+02806h
  dw 0067Fh,base+0280Ch
  dw 00780h,base+02240h
  dw 0077Fh,base+02247h
  dw 00880h,base+01D7Bh
  dw 00607h,base+02812h
  dw 00278h,base+036A3h
  dw 00709h,base+0224Eh
  dw 00177h,base+00001h
  dw 00709h,base+02255h
  dw 00177h,base+00001h
  dw 00609h,base+02818h
  dw 00176h,base+00001h
  dw 0080Ah,base+01D83h
  dw 00176h,base+00039h
  dw 00B80h,base+01265h
  dw 00C80h,base+00F14h
  dw 00D80h,base+00B95h
  dw 00D80h,base+00BA2h
  dw 00709h,base+0225Ch
  dw 00476h,base+0300Fh
  dw 0080Bh,base+01D8Bh
  dw 00475h,base+03013h
  dw 0070Bh,base+02263h
  dw 00474h,base+03017h
  dw 0070Dh,base+0226Ah
  dw 00102h,base+00003h
  dw 00171h,base+0000Ah
  dw 00680h,base+0281Eh
  dw 0087Fh,base+01D93h
  dw 00B80h,base+01270h
  dw 00C80h,base+00F20h
  dw 00D80h,base+00BAFh
  dw 00D80h,base+00BBCh
  dw 00D81h,base+00BC9h
  dw 00C80h,base+00F2Ch
  dw 00D80h,base+00BD6h
  dw 00E81h,base+00AA8h
  dw 00609h,base+02824h
  dw 00477h,base+0301Bh
  dw 00607h,base+0282Ah
  dw 00102h,base+00003h
  dw 00102h,base+00003h
  dw 00176h,base+00003h
  dw 00880h,base+01D9Bh
  dw 00980h,base+0190Ch
  dw 00A80h,base+01585h
  dw 00A80h,base+0158Fh
  dw 00A80h,base+01599h
  dw 00103h,base+0000Dh
  dw 00406h,base+0301Fh
  dw 00177h,base+00003h
  dw 00104h,base+0000Ch
  dw 0037Bh,base+02170h
  dw 00206h,base+001D2h
  dw 0017Ah,base+00020h
  dw 0037Fh,base+00303h
  dw 00480h,base+03023h
  dw 00200h,base+0002Fh

cammyPage2frame003:
  db 034h,054h,06Ah,022h
  db 08Ah
  db 06Ah,02Fh,01Dh,05Fh,02Fh
  db 09Dh,069h
  db 07Eh,06Ah
  dw 00180h,base+00020h
  dw 00280h,base+00579h
  dw 00280h,base+000ECh
  dw 0027Dh,base+008EBh
  dw 00103h,base+00003h
  dw 0017Dh,base+00001h
  dw 00203h,base+0119Bh
  dw 0017Ah,base+00068h
  dw 00102h,base+00004h
  dw 00204h,base+0057Ch
  dw 0017Bh,base+00020h
  dw 00304h,base+0000Ch
  dw 0017Ch,base+00000h
  dw 00304h,base+00209h
  dw 0017Ch,base+002DFh
  dw 00204h,base+001D2h
  dw 0017Ch,base+00003h
  dw 00204h,base+001D2h
  dw 0017Dh,base+00008h
  dw 00103h,base+00003h
  dw 0017Dh,base+00008h
  dw 0017Fh,base+0000Ch
  dw 00203h,base+000DFh
  dw 0017Dh,base+00000h
  dw 00203h,base+004F5h
  dw 0017Dh,base+00000h
  dw 00203h,base+001D2h
  dw 0017Dh,base+00003h
  dw 00480h,base+03027h
  dw 00480h,base+0302Bh
  dw 00380h,base+033BBh
  dw 00380h,base+033BEh
  dw 0030Ch,base+00441h
  dw 00174h,base+0000Fh
  dw 0030Ch,base+033C1h
  dw 00274h,base+0152Ah
  dw 0030Ch,base+033C4h
  dw 00374h,base+033C7h
  dw 0020Ch,base+01251h
  dw 00274h,base+01707h
  dw 0030Ch,base+0004Eh
  dw 00274h,base+021E8h
  dw 0030Ch,base+00271h
  dw 00174h,base+00003h
  dw 0040Bh,base+00541h
  dw 00175h,base+0000Ah
  dw 0040Ah,base+00088h
  dw 00276h,base+0002Fh
  dw 0040Ah,base+00088h
  dw 00174h,base+00024h
  dw 0060Bh,base+02830h
  dw 00275h,base+00513h
  dw 0060Ah,base+02836h
  dw 00276h,base+006A4h
  dw 0060Ah,base+0283Ch
  dw 00275h,base+0014Ah
  dw 00203h,base+009BEh
  dw 0097Dh,base+01073h
  dw 00B80h,base+0127Bh
  dw 00981h,base+01779h
  dw 00680h,base+02842h
  dw 00780h,base+02271h
  dw 00781h,base+02278h
  dw 00680h,base+02848h
  dw 00680h,base+0284Eh
  dw 00780h,base+0227Fh
  dw 00781h,base+02286h
  dw 0067Fh,base+02854h
  dw 00780h,base+0228Dh
  dw 0087Fh,base+01DA3h
  dw 00980h,base+01915h
  dw 0097Fh,base+0191Eh
  dw 00A80h,base+015A3h
  dw 00A80h,base+015ADh
  dw 00B7Fh,base+01286h
  dw 00C80h,base+00F38h
  dw 00D80h,base+00BE3h
  dw 00D80h,base+00BF0h
  dw 00405h,base+0302Fh
  dw 00405h,base+03033h
  dw 00376h,base+00209h
  dw 00405h,base+03037h
  dw 00405h,base+0303Bh
  dw 00376h,base+00209h
  dw 00405h,base+0303Fh
  dw 00406h,base+03043h
  dw 00275h,base+0020Ah
  dw 00305h,base+0303Fh
  dw 00406h,base+03047h
  dw 00275h,base+0020Ah
  dw 00305h,base+033CAh
  dw 00406h,base+0304Bh
  dw 00275h,base+001D2h
  dw 00305h,base+013D8h
  dw 00407h,base+0304Fh
  dw 00174h,base+0000Dh
  dw 00306h,base+00A1Ch
  dw 00306h,base+033CDh
  dw 00274h,base+0020Ah
  dw 0030Ch,base+00A1Ch
  dw 00373h,base+001E4h
  dw 0030Dh,base+033D0h
  dw 00373h,base+01815h
  dw 0030Dh,base+033D3h
  dw 00373h,base+00FAEh
  dw 0030Eh,base+00DA7h
  dw 00271h,base+01A72h
  dw 0030Fh,base+03053h
  dw 00270h,base+036A5h
  dw 00410h,base+03053h
  dw 00270h,base+00458h
  dw 00311h,base+033D6h
  dw 0016Fh,base+00011h
  dw 00311h,base+00D18h
  dw 0016Fh,base+00003h
  dw 0037Fh,base+00021h
  dw 00380h,base+004FCh
  dw 00380h,base+033D9h
  dw 00280h,base+008B5h
  dw 00280h,base+036A7h
  dw 0027Fh,base+0014Eh
  dw 00380h,base+0056Dh
  dw 0017Fh,base+0000Dh
  dw 00280h,base+0036Ch
  dw 0027Fh,base+00343h
  dw 00380h,base+033DCh
  dw 00280h,base+000D9h
  dw 00280h,base+036A9h
  dw 00280h,base+00807h
  dw 00180h,base+00001h
  dw 00100h,base+00003h

cammyPage2frame004:
  db 03Ch,029h,06Ch,03Eh
  db 07Ah
  db 057h,00Bh,028h,0A8h,058h
  db 0A7h,067h
  db 088h,068h
  dw 0027Fh,base+0002Fh
  dw 0037Fh,base+00271h
  dw 00580h,base+017A1h
  dw 00580h,base+006DAh
  dw 00580h,base+02BA6h
  dw 00680h,base+0285Ah
  dw 00680h,base+02860h
  dw 0077Fh,base+02294h
  dw 00507h,base+02BABh
  dw 00179h,base+00001h
  dw 00507h,base+02BB0h
  dw 00179h,base+002DFh
  dw 00607h,base+02866h
  dw 00178h,base+002DFh
  dw 00708h,base+0229Bh
  dw 00178h,base+002DFh
  dw 00881h,base+01DABh
  dw 00780h,base+022A2h
  dw 00780h,base+022A9h
  dw 00780h,base+022B0h
  dw 00780h,base+022B7h
  dw 00780h,base+022BEh
  dw 00780h,base+022C5h
  dw 0087Dh,base+01DB3h
  dw 00103h,base+00003h
  dw 0097Dh,base+01927h
  dw 00102h,base+00042h
  dw 00B7Eh,base+01291h
  dw 00607h,base+0286Ch
  dw 00678h,base+02872h
  dw 00607h,base+02878h
  dw 00879h,base+01DBBh
  dw 01080h,base+00A0Fh
  dw 01180h,base+00901h
  dw 01180h,base+00912h
  dw 01281h,base+00871h
  dw 01180h,base+00923h
  dw 01480h,base+006E0h
  dw 01581h,base+00677h
  dw 00A0Bh,base+015B7h
  dw 0090Ah,base+01930h
  dw 0016Bh,base+0000Dh
  dw 0090Ch,base+01939h
  dw 00A75h,base+015C1h
  dw 0060Eh,base+0287Eh
  dw 00C73h,base+00F44h
  dw 0060Fh,base+02884h
  dw 00B71h,base+0129Ch
  dw 00612h,base+0288Ah
  dw 00871h,base+01DC3h
  dw 00410h,base+03057h
  dw 00771h,base+022CCh
  dw 0030Fh,base+02BD9h
  dw 00103h,base+00003h
  dw 0046Fh,base+0305Bh
  dw 00313h,base+00756h
  dw 0026Eh,base+00756h
  dw 00281h,base+00269h
  dw 00100h,base+00003h

cammyPage2frame005:
  db 02Ch,03Bh,06Ah,037h
  db 06Ch
  db 067h,02Fh,026h,05Fh,02Eh
  db 000h,000h
  db 000h,000h
  dw 00180h,base+00020h
  dw 00203h,base+0021Fh
  dw 0017Dh,base+00020h
  dw 00480h,base+0305Fh
  dw 00203h,base+00BBFh
  dw 0027Dh,base+01CA3h
  dw 00104h,base+00230h
  dw 00180h,base+00001h
  dw 00281h,base+01CA3h
  dw 0017Ch,base+00024h
  dw 00104h,base+0019Dh
  dw 0017Bh,base+00004h
  dw 00206h,base+0003Bh
  dw 0017Ah,base+00230h
  dw 00206h,base+015B0h
  dw 0017Ah,base+00004h
  dw 00206h,base+000DFh
  dw 0017Ah,base+0000Ah
  dw 00306h,base+00511h
  dw 00179h,base+00003h
  dw 00607h,base+02890h
  dw 0017Ah,base+00004h
  dw 0077Fh,base+022D3h
  dw 00880h,base+01DCBh
  dw 00203h,base+00024h
  dw 0057Dh,base+02BB5h
  dw 00203h,base+00BBFh
  dw 0077Dh,base+022DAh
  dw 00103h,base+00145h
  dw 00780h,base+022E1h
  dw 00880h,base+01DD3h
  dw 00880h,base+01DDBh
  dw 00881h,base+01DE3h
  dw 00780h,base+022E8h
  dw 00780h,base+022EFh
  dw 00B80h,base+012A7h
  dw 00C80h,base+00F50h
  dw 00C80h,base+00F5Ch
  dw 00D80h,base+00BFDh
  dw 00D80h,base+00C0Ah
  dw 00102h,base+002DFh
  dw 00B81h,base+012B2h
  dw 00A82h,base+015CBh
  dw 00781h,base+022F6h
  dw 00608h,base+02896h
  dw 00277h,base+004F5h
  dw 00B80h,base+012BDh
  dw 00B80h,base+012C8h
  dw 00C80h,base+00F68h
  dw 00C80h,base+00F74h
  dw 0080Ah,base+01DEBh
  dw 00276h,base+036ABh
  dw 0070Ah,base+022FDh
  dw 00275h,base+0143Bh
  dw 0070Ch,base+02304h
  dw 00273h,base+00102h
  dw 0080Dh,base+01DF3h
  dw 00272h,base+01112h
  dw 0080Fh,base+01DFBh
  dw 00171h,base+0002Eh
  dw 0070Fh,base+0230Bh
  dw 00171h,base+0000Fh
  dw 00781h,base+02312h
  dw 00581h,base+02BBAh
  dw 00481h,base+03063h
  dw 00381h,base+001D4h
  dw 00380h,base+033DFh
  dw 00381h,base+033E2h
  dw 00280h,base+0014Eh
  dw 00280h,base+0005Ah
  dw 00281h,base+00101h
  dw 00280h,base+00213h
  dw 0027Dh,base+00027h
  dw 00580h,base+02BBFh
  dw 00680h,base+0289Ch
  dw 00681h,base+028A2h
  dw 00581h,base+02BC4h
  dw 00482h,base+03067h
  dw 00100h,base+0004Eh

cammyPage2frame006:
  db 04Ch,037h,062h,039h
  db 088h
  db 05Fh,02Dh,016h,062h,046h
  db 0AAh,067h
  db 08Bh,068h
  dw 00277h,base+0237Eh
  dw 00209h,base+0237Eh
  dw 00277h,base+00CCAh
  dw 00209h,base+00CCAh
  dw 00377h,base+033E5h
  dw 00209h,base+00CCAh
  dw 00277h,base+00001h
  dw 00308h,base+019BAh
  dw 0037Ah,base+033E8h
  dw 00106h,base+00003h
  dw 0017Ah,base+00145h
  dw 00105h,base+000E2h
  dw 00204h,base+00AC6h
  dw 00177h,base+0000Ah
  dw 00105h,base+0000Ah
  dw 00104h,base+00024h
  dw 00277h,base+0043Fh
  dw 00104h,base+00008h
  dw 00779h,base+02319h
  dw 00203h,base+0002Fh
  dw 00104h,base+00010h
  dw 00778h,base+02320h
  dw 00407h,base+0306Bh
  dw 00778h,base+02327h
  dw 00507h,base+017A1h
  dw 00879h,base+01E03h
  dw 00506h,base+006DAh
  dw 0067Ah,base+028A8h
  dw 00B80h,base+012D3h
  dw 00880h,base+01E0Bh
  dw 00880h,base+01E13h
  dw 00880h,base+01E1Bh
  dw 00880h,base+01E23h
  dw 0087Fh,base+01E2Bh
  dw 00203h,base+036ADh
  dw 0067Dh,base+028AEh
  dw 00103h,base+00145h
  dw 0067Dh,base+028B4h
  dw 00103h,base+00001h
  dw 0077Dh,base+0232Eh
  dw 00104h,base+00001h
  dw 0097Ch,base+01942h
  dw 00104h,base+002DFh
  dw 00A7Ch,base+015D5h
  dw 00104h,base+00145h
  dw 00B7Fh,base+012DEh
  dw 00C7Eh,base+00F80h
  dw 00102h,base+00020h
  dw 00C80h,base+00F8Ch
  dw 00D80h,base+00C17h
  dw 00305h,base+00241h
  dw 00879h,base+01E33h
  dw 00406h,base+0306Fh
  dw 00A74h,base+015DFh
  dw 00205h,base+001E7h
  dw 00507h,base+02BC9h
  dw 00A75h,base+015E9h
  dw 00103h,base+0003Bh
  dw 00508h,base+02BCEh
  dw 00B74h,base+012E9h
  dw 0090Bh,base+0194Bh
  dw 01174h,base+00934h
  dw 0090Bh,base+01954h
  dw 01314h,base+00790h
  dw 00261h,base+0294Ch
  dw 0080Bh,base+01E3Bh
  dw 00709h,base+02335h
  dw 00D6Ch,base+00C24h
  dw 0030Ah,base+027E8h
  dw 0070Bh,base+0233Ch
  dw 00E6Ch,base+00AB6h
  dw 00109h,base+00010h
  dw 0060Ch,base+028BAh
  dw 00F73h,base+00A4Eh
  dw 0070Eh,base+02343h
  dw 00E72h,base+00AC4h
  dw 00613h,base+028C0h
  dw 00103h,base+00003h
  dw 00103h,base+00003h
  dw 00467h,base+03073h
  dw 0051Ah,base+02BD3h
  dw 00366h,base+033EBh
  dw 0041Bh,base+03077h
  dw 00265h,base+004A6h
  dw 0027Fh,base+002A2h
  dw 00380h,base+033EEh
  dw 00380h,base+033F1h
  dw 00380h,base+033F4h
  dw 00380h,base+033F7h
  dw 00380h,base+01189h
  dw 0027Fh,base+0020Ah
  dw 0027Fh,base+0147Ch
  dw 0037Dh,base+0313Fh
  dw 00680h,base+028C6h
  dw 00680h,base+028CCh
  dw 00681h,base+028D2h
  dw 00581h,base+02BD8h
  dw 00300h,base+02A74h

cammyPage2frame007:
  db 026h,04Fh,06Eh,035h
  db 07Ah
  db 05Bh,02Fh,025h,055h,038h
  db 000h,000h
  db 000h,000h
  dw 0027Fh,base+000DFh
  dw 00405h,base+01480h
  dw 0017Bh,base+00003h
  dw 00780h,base+0234Ah
  dw 00780h,base+02351h
  dw 00780h,base+02358h
  dw 00780h,base+0235Fh
  dw 00405h,base+02319h
  dw 0027Ah,base+0118Ah
  dw 00506h,base+02BDDh
  dw 0027Ah,base+00129h
  dw 00507h,base+02BE2h
  dw 00179h,base+0019Dh
  dw 00507h,base+02BE7h
  dw 00178h,base+0000Dh
  dw 00980h,base+0195Dh
  dw 00A7Fh,base+015F3h
  dw 00B80h,base+012F4h
  dw 00B80h,base+012FFh
  dw 00B80h,base+0130Ah
  dw 00B80h,base+01315h
  dw 00B80h,base+01320h
  dw 00B80h,base+0132Bh
  dw 00708h,base+02366h
  dw 00378h,base+033FAh
  dw 00780h,base+0236Dh
  dw 0077Fh,base+02374h
  dw 00780h,base+0237Bh
  dw 00781h,base+02382h
  dw 0067Fh,base+028D8h
  dw 00203h,base+00007h
  dw 0047Dh,base+0307Bh
  dw 00102h,base+0000Ah
  dw 0067Fh,base+028DEh
  dw 0077Fh,base+02389h
  dw 00780h,base+02390h
  dw 0087Fh,base+01E43h
  dw 00981h,base+01966h
  dw 00980h,base+0196Fh
  dw 00881h,base+01E4Bh
  dw 00780h,base+02397h
  dw 0077Fh,base+0239Eh
  dw 00980h,base+01978h
  dw 00980h,base+01981h
  dw 00980h,base+0198Ah
  dw 00A80h,base+015FDh
  dw 00A80h,base+01607h
  dw 00A80h,base+01611h
  dw 00405h,base+0307Fh
  dw 0057Bh,base+02BECh
  dw 00406h,base+03083h
  dw 0057Ah,base+02BF1h
  dw 00406h,base+03087h
  dw 0057Ah,base+02BF6h
  dw 00406h,base+0308Bh
  dw 0057Ah,base+02BFBh
  dw 00407h,base+0308Fh
  dw 0047Ah,base+03093h
  dw 00306h,base+033FDh
  dw 0047Ah,base+0264Ch
  dw 00307h,base+03400h
  dw 00479h,base+03097h
  dw 00307h,base+03403h
  dw 00479h,base+0309Bh
  dw 00308h,base+03406h
  dw 00378h,base+000ACh
  dw 00208h,base+036AFh
  dw 00378h,base+015FDh
  dw 00209h,base+01CF8h
  dw 00277h,base+0026Bh
  dw 00209h,base+0237Eh
  dw 00277h,base+007F2h
  dw 00209h,base+00840h
  dw 00277h,base+014D1h
  dw 00209h,base+00049h
  dw 00377h,base+03409h
  dw 00209h,base+000AEh
  dw 00377h,base+0340Ch
  dw 00209h,base+011FEh
  dw 00376h,base+0340Fh
  dw 0030Ah,base+03412h
  dw 00376h,base+01270h
  dw 0030Bh,base+00B66h
  dw 00375h,base+0018Fh
  dw 0030Bh,base+03415h
  dw 00375h,base+00FDDh
  dw 0030Bh,base+03418h
  dw 00376h,base+00C96h
  dw 0020Bh,base+0001Bh
  dw 00275h,base+0023Eh
  dw 0020Bh,base+00423h
  dw 00275h,base+01939h
  dw 0020Bh,base+009CDh
  dw 00375h,base+01D9Ah
  dw 0020Bh,base+0020Ah
  dw 00375h,base+030CCh
  dw 0020Bh,base+00088h
  dw 00375h,base+0341Bh
  dw 0020Ch,base+000C8h
  dw 00174h,base+00003h
  dw 0020Ch,base+00132h
  dw 00274h,base+00098h
  dw 0020Ch,base+003E3h
  dw 00274h,base+01F62h
  dw 0020Ch,base+022B7h
  dw 00275h,base+0003Bh
  dw 0010Bh,base+0016Dh
  dw 00275h,base+01438h
  dw 0010Bh,base+0016Dh
  dw 00275h,base+003C6h
  dw 0010Bh,base+0006Fh
  dw 00274h,base+00953h
  dw 0020Dh,base+0009Bh
  dw 00273h,base+036B1h
  dw 0020Dh,base+00FF2h
  dw 00273h,base+00633h
  dw 0020Dh,base+00216h
  dw 00273h,base+00BE7h
  dw 0020Eh,base+001F5h
  dw 00271h,base+00098h
  dw 0030Fh,base+0341Eh
  dw 00271h,base+00132h
  dw 0020Fh,base+00356h
  dw 00371h,base+00A2Ch
  dw 00210h,base+00055h
  dw 00200h,base+00055h

cammyPage2frame008:
  db 024h,032h,06Eh,055h
  db 07Eh
  db 061h,02Fh,024h,05Bh,02Dh
  db 000h,000h
  db 000h,000h
  dw 00280h,base+001E7h
  dw 00204h,base+00422h
  dw 0017Dh,base+0000Fh
  dw 0057Ch,base+02C00h
  dw 00204h,base+0002Fh
  dw 0057Ch,base+02C05h
  dw 00304h,base+00088h
  dw 0057Bh,base+02C0Ah
  dw 00506h,base+006DAh
  dw 0047Ah,base+0309Fh
  dw 00507h,base+006DAh
  dw 00379h,base+0242Ah
  dw 00507h,base+006DAh
  dw 00279h,base+00864h
  dw 00506h,base+006DAh
  dw 0037Ah,base+01251h
  dw 00406h,base+030A3h
  dw 0037Ah,base+01E98h
  dw 00880h,base+01E53h
  dw 00880h,base+01E5Bh
  dw 00780h,base+023A5h
  dw 00780h,base+023ACh
  dw 0077Fh,base+023B3h
  dw 00780h,base+023BAh
  dw 0077Fh,base+023C1h
  dw 00780h,base+023C8h
  dw 00780h,base+023CFh
  dw 00880h,base+01E63h
  dw 0080Ch,base+01E6Bh
  dw 00174h,base+00020h
  dw 0080Bh,base+01E73h
  dw 00375h,base+013E3h
  dw 0070Ah,base+023D6h
  dw 00476h,base+00E1Bh
  dw 00809h,base+01E7Bh
  dw 00577h,base+02C0Fh
  dw 00E80h,base+00AD2h
  dw 00E80h,base+00AE0h
  dw 00607h,base+028E4h
  dw 00779h,base+023DDh
  dw 00D80h,base+00C31h
  dw 00D80h,base+00C3Eh
  dw 00D80h,base+00C4Bh
  dw 00D80h,base+00C58h
  dw 00A0Bh,base+0161Bh
  dw 00274h,base+00080h
  dw 00A0Ch,base+01625h
  dw 00274h,base+004C4h
  dw 00A0Ch,base+0162Fh
  dw 00274h,base+00E88h
  dw 0090Ch,base+01993h
  dw 00274h,base+00E88h
  dw 0090Ch,base+0199Ch
  dw 00274h,base+00071h
  dw 0080Ch,base+01E83h
  dw 00274h,base+0002Ah
  dw 0070Ch,base+023E4h
  dw 00273h,base+000DFh
  dw 0090Dh,base+019A5h
  dw 00273h,base+036B3h
  dw 0090Eh,base+019AEh
  dw 00172h,base+0016Dh
  dw 00A0Eh,base+01639h
  dw 00172h,base+000CDh
  dw 00A0Dh,base+01643h
  dw 00273h,base+001A0h
  dw 00203h,base+00E88h
  dw 0070Ah,base+023EBh
  dw 00373h,base+03421h
  dw 00203h,base+003C2h
  dw 0080Ah,base+01E8Bh
  dw 00473h,base+030A7h
  dw 00203h,base+00330h
  dw 0080Ah,base+01E93h
  dw 00574h,base+02C14h
  dw 00A0Ch,base+0164Dh
  dw 00574h,base+02C19h
  dw 0090Eh,base+019B7h
  dw 00374h,base+00142h
  dw 00780h,base+023F2h
  dw 00405h,base+030ABh
  dw 0017Bh,base+00003h
  dw 00300h,base+01E16h

cammyPage2frame009:
  db 028h,04Fh,06Ch,035h
  db 070h
  db 059h,02Fh,025h,053h,038h
  db 000h,000h
  db 000h,000h
  dw 0017Fh,base+00003h
  dw 00280h,base+001BFh
  dw 00203h,base+00088h
  dw 0017Ch,base+00006h
  dw 00680h,base+028EAh
  dw 00780h,base+023F9h
  dw 00506h,base+02C1Eh
  dw 0017Ah,base+00068h
  dw 00506h,base+02C23h
  dw 0017Ah,base+00145h
  dw 00580h,base+02C28h
  dw 00580h,base+02C2Dh
  dw 00508h,base+02C32h
  dw 00279h,base+0002Fh
  dw 00307h,base+03424h
  dw 00279h,base+00088h
  dw 00407h,base+030AFh
  dw 00279h,base+0248Eh
  dw 00407h,base+030B3h
  dw 00279h,base+0021Ah
  dw 00607h,base+028F0h
  dw 00279h,base+000E4h
  dw 00607h,base+028F6h
  dw 00279h,base+00098h
  dw 00980h,base+019C0h
  dw 00980h,base+019C9h
  dw 00980h,base+019D2h
  dw 00980h,base+019DBh
  dw 00981h,base+019E4h
  dw 0090Ah,base+019EDh
  dw 00276h,base+00055h
  dw 00C81h,base+00F98h
  dw 00B80h,base+01336h
  dw 00B81h,base+01341h
  dw 00809h,base+01E9Bh
  dw 00177h,base+00003h
  dw 00881h,base+01EA3h
  dw 00405h,base+030B7h
  dw 0027Bh,base+00969h
  dw 00306h,base+03427h
  dw 0017Ah,base+00003h
  dw 0037Fh,base+00836h
  dw 00580h,base+02C37h
  dw 00580h,base+02C3Ch
  dw 00580h,base+02C41h
  dw 00580h,base+02C46h
  dw 0057Fh,base+02C4Bh
  dw 00780h,base+02400h
  dw 00780h,base+02407h
  dw 00880h,base+01EABh
  dw 00880h,base+01EB3h
  dw 00880h,base+01EBBh
  dw 00980h,base+019F6h
  dw 00980h,base+019FFh
  dw 00981h,base+01A08h
  dw 00880h,base+01EC3h
  dw 00304h,base+0342Ah
  dw 0047Ch,base+030BBh
  dw 00305h,base+0342Dh
  dw 0037Bh,base+03430h
  dw 00305h,base+03433h
  dw 0047Bh,base+030BFh
  dw 00305h,base+01635h
  dw 0047Bh,base+030C3h
  dw 00306h,base+022F0h
  dw 0037Ah,base+00FDDh
  dw 00306h,base+02B78h
  dw 0037Ah,base+00155h
  dw 00307h,base+03436h
  dw 00279h,base+00040h
  dw 00307h,base+03439h
  dw 00379h,base+0343Ch
  dw 00308h,base+00DA7h
  dw 00278h,base+00256h
  dw 00308h,base+0136Dh
  dw 00278h,base+00080h
  dw 00208h,base+00109h
  dw 00278h,base+0001Dh
  dw 00208h,base+014D1h
  dw 00378h,base+022F3h
  dw 00208h,base+0027Ch
  dw 00378h,base+0343Fh
  dw 00208h,base+00022h
  dw 00377h,base+00B66h
  dw 00309h,base+01968h
  dw 00377h,base+022C6h
  dw 0030Ah,base+03442h
  dw 00376h,base+00CC0h
  dw 0030Ah,base+0182Eh
  dw 00377h,base+00FDDh
  dw 00209h,base+0045Ch
  dw 00377h,base+00C96h
  dw 0010Ah,base+00011h
  dw 00276h,base+00080h
  dw 0010Ah,base+00011h
  dw 00275h,base+00A50h
  dw 0020Ch,base+008B5h
  dw 00274h,base+00571h
  dw 0030Ch,base+03445h
  dw 00274h,base+008B1h
  dw 0030Ch,base+03448h
  dw 00274h,base+00215h
  dw 0020Ch,base+00516h
  dw 00275h,base+00213h
  dw 0010Bh,base+0016Dh
  dw 00275h,base+000DFh
  dw 0010Bh,base+00005h
  dw 00275h,base+004A8h
  dw 0010Bh,base+0000Ch
  dw 00375h,base+0344Bh
  dw 0010Bh,base+00005h
  dw 00374h,base+0344Eh
  dw 0020Ch,base+0020Ah
  dw 00374h,base+03451h
  dw 0020Ch,base+036B5h
  dw 00374h,base+03454h
  dw 0020Ch,base+005BFh
  dw 00374h,base+03457h
  dw 0020Ch,base+01C35h
  dw 00474h,base+030C7h
  dw 0020Ch,base+005BFh
  dw 00573h,base+02C50h
  dw 0030Eh,base+0345Ah
  dw 00472h,base+030CBh
  dw 0020Fh,base+001D2h
  dw 00371h,base+0065Ch
  dw 00211h,base+00055h
  dw 00100h,base+00020h

cammyPage2frame010:
  db 026h,039h,06Eh,04Eh
  db 07Ah
  db 062h,02Fh,025h,05Ch,033h
  db 000h,000h
  db 000h,000h
  dw 00180h,base+00006h
  dw 00280h,base+0001Bh
  dw 00280h,base+00001h
  dw 00304h,base+0345Dh
  dw 0017Eh,base+00003h
  dw 00481h,base+030CFh
  dw 0047Fh,base+01E92h
  dw 00580h,base+02C55h
  dw 00580h,base+02C5Ah
  dw 00680h,base+028FCh
  dw 00680h,base+02902h
  dw 00680h,base+02908h
  dw 00680h,base+0290Eh
  dw 00580h,base+02C5Fh
  dw 00480h,base+00319h
  dw 0047Fh,base+030D3h
  dw 0057Fh,base+02C64h
  dw 0067Fh,base+02914h
  dw 00780h,base+0240Eh
  dw 00780h,base+02415h
  dw 0080Ah,base+01ECBh
  dw 00176h,base+00005h
  dw 00809h,base+01ED3h
  dw 00277h,base+0043Fh
  dw 00809h,base+01EDBh
  dw 00377h,base+03460h
  dw 00809h,base+01EE3h
  dw 00377h,base+02E8Ah
  dw 0090Ah,base+01A11h
  dw 00276h,base+00277h
  dw 0090Ah,base+01A1Ah
  dw 00276h,base+0008Bh
  dw 00C80h,base+00FA4h
  dw 00C80h,base+00FB0h
  dw 00607h,base+0291Ah
  dw 00579h,base+02C69h
  dw 00608h,base+02920h
  dw 00478h,base+030D7h
  dw 00B80h,base+0134Ch
  dw 00405h,base+01E19h
  dw 0067Ah,base+02926h
  dw 00506h,base+02C6Eh
  dw 0067Ah,base+0292Ch
  dw 00C7Fh,base+00FBCh
  dw 00D80h,base+00C65h
  dw 00D80h,base+00C72h
  dw 00D80h,base+00C7Fh
  dw 00D80h,base+00C8Ch
  dw 00D80h,base+00C99h
  dw 0090Ah,base+01A23h
  dw 00276h,base+00020h
  dw 0090Bh,base+01A2Ch
  dw 00175h,base+0000Dh
  dw 0080Bh,base+01EEBh
  dw 00174h,base+0000Dh
  dw 0090Bh,base+01A35h
  dw 00375h,base+030CCh
  dw 0080Bh,base+01EF3h
  dw 00374h,base+033F7h
  dw 0080Dh,base+01EFBh
  dw 00173h,base+00003h
  dw 0090Dh,base+01A3Eh
  dw 00173h,base+000D7h
  dw 00A0Dh,base+01657h
  dw 00173h,base+000FCh
  dw 00A0Dh,base+01661h
  dw 00172h,base+000FCh
  dw 00B0Eh,base+01357h
  dw 00172h,base+000FCh
  dw 00204h,base+036B7h
  dw 0070Ah,base+0241Ch
  dw 00272h,base+00343h
  dw 00204h,base+036B9h
  dw 0070Ah,base+02423h
  dw 00272h,base+00102h
  dw 00204h,base+018B1h
  dw 0070Ah,base+0242Ah
  dw 00372h,base+020C0h
  dw 00305h,base+02C51h
  dw 00609h,base+02932h
  dw 00473h,base+030DBh
  dw 00205h,base+003A6h
  dw 00508h,base+02C73h
  dw 00573h,base+02C78h
  dw 00205h,base+00055h
  dw 0050Ah,base+02C7Dh
  dw 00377h,base+00142h
  dw 00481h,base+030DFh
  dw 00381h,base+03463h
  dw 00100h,base+00003h

cammyPage2frame011:
  db 032h,03Eh,068h,02Eh
  db 076h
  db 065h,028h,025h,05Fh,03Ah
  db 000h,000h
  db 000h,000h
  dw 0017Fh,base+00020h
  dw 00207h,base+00441h
  dw 00279h,base+00371h
  dw 00207h,base+01881h
  dw 00279h,base+00025h
  dw 00207h,base+009BEh
  dw 00279h,base+00BBFh
  dw 00207h,base+009BEh
  dw 0027Ah,base+008EBh
  dw 00106h,base+00230h
  dw 0017Ah,base+00001h
  dw 00106h,base+00230h
  dw 00180h,base+00230h
  dw 0017Ah,base+0020Ch
  dw 00180h,base+00230h
  dw 00106h,base+00230h
  dw 00180h,base+00230h
  dw 0017Ah,base+00230h
  dw 00180h,base+00230h
  dw 00105h,base+00008h
  dw 0017Fh,base+00000h
  dw 0027Ch,base+00068h
  dw 00104h,base+00230h
  dw 0027Ch,base+00039h
  dw 00103h,base+00230h
  dw 00380h,base+03466h
  dw 00102h,base+00039h
  dw 0017Bh,base+00230h
  dw 00180h,base+00230h
  dw 00105h,base+00230h
  dw 0017Dh,base+00230h
  dw 00203h,base+01F6Ch
  dw 0017Bh,base+00230h
  dw 00480h,base+030E3h
  dw 00680h,base+02938h
  dw 00680h,base+0293Eh
  dw 00580h,base+02C82h
  dw 00580h,base+02C87h
  dw 00580h,base+02C8Ch
  dw 00580h,base+02C91h
  dw 00580h,base+02C96h
  dw 0067Eh,base+02944h
  dw 00980h,base+01A47h
  dw 0097Fh,base+01A50h
  dw 00A80h,base+0166Bh
  dw 00A80h,base+01675h
  dw 00B80h,base+01362h
  dw 00B80h,base+0136Dh
  dw 00B80h,base+01378h
  dw 00C80h,base+00FC8h
  dw 0080Ah,base+01F03h
  dw 00275h,base+00850h
  dw 00305h,base+0045Bh
  dw 00506h,base+02C9Bh
  dw 00375h,base+02890h
  dw 00A0Bh,base+0167Fh
  dw 00375h,base+00DC0h
  dw 00B0Ch,base+01383h
  dw 00274h,base+00088h
  dw 00B0Ch,base+0138Eh
  dw 00374h,base+006B7h
  dw 00C0Dh,base+00FD4h
  dw 00371h,base+00718h
  dw 00E0Fh,base+00AEEh
  dw 00371h,base+00209h
  dw 0137Fh,base+007A3h
  dw 00405h,base+030E7h
  dw 00F7Ch,base+00A5Dh
  dw 00304h,base+03469h
  dw 00C0Eh,base+00FE0h
  dw 0016Eh,base+00010h
  dw 00204h,base+00400h
  dw 00C80h,base+00FECh
  dw 00C7Fh,base+00FF8h
  dw 00E14h,base+00AFCh
  dw 0016Bh,base+00020h
  dw 00708h,base+02431h
  dw 0070Dh,base+02438h
  dw 0016Bh,base+0004Eh
  dw 00609h,base+0294Ah
  dw 00607h,base+02950h
  dw 00104h,base+00003h
  dw 0026Ch,base+00AC6h
  dw 0040Ch,base+030EBh
  dw 00304h,base+01968h
  dw 00104h,base+00028h
  dw 0026Ch,base+0190Ah
  dw 0040Ch,base+030EFh
  dw 00304h,base+009B8h
  dw 00204h,base+00CEFh
  dw 0026Ch,base+00051h
  dw 0030Dh,base+0289Ch
  dw 00203h,base+0004Bh
  dw 00203h,base+005A8h
  dw 0036Eh,base+01E85h
  dw 0020Ch,base+00756h
  dw 00203h,base+0048Ah
  dw 00671h,base+02956h
  dw 0020Fh,base+00051h
  dw 00571h,base+02CA0h
  dw 0020Fh,base+00367h
  dw 00571h,base+02CA5h
  dw 00211h,base+00051h
  dw 00370h,base+033AFh
  dw 00111h,base+0000Fh
  dw 0026Fh,base+0004Eh
  dw 00111h,base+0000Fh
  dw 0026Fh,base+0002Fh
  dw 00111h,base+00003h
  dw 00100h,base+00003h

cammyPage2frame012:
  db 03Eh,032h,068h,03Dh
  db 07Ch
  db 070h,034h,024h,06Ah,037h
  db 000h,000h
  db 000h,000h
  dw 00213h,base+00055h
  dw 0016Dh,base+00003h
  dw 00213h,base+00AC6h
  dw 0016Dh,base+00020h
  dw 00213h,base+008CCh
  dw 0016Dh,base+0004Eh
  dw 00213h,base+000BEh
  dw 0026Dh,base+008CCh
  dw 00213h,base+008CCh
  dw 0026Ah,base+00AC6h
  dw 00203h,base+036BBh
  dw 00204h,base+000BEh
  dw 0030Fh,base+0346Ch
  dw 0026Ah,base+008CCh
  dw 00203h,base+00000h
  dw 00204h,base+008CCh
  dw 0020Fh,base+00585h
  dw 0026Ah,base+00AC6h
  dw 00204h,base+00000h
  dw 00103h,base+00003h
  dw 0020Eh,base+00000h
  dw 0036Ch,base+0346Fh
  dw 00103h,base+00068h
  dw 00104h,base+00020h
  dw 0010Dh,base+00230h
  dw 0036Ch,base+03472h
  dw 00103h,base+0000Ah
  dw 00104h,base+0004Eh
  dw 0010Dh,base+00230h
  dw 0036Fh,base+03475h
  dw 00111h,base+0004Eh
  dw 0036Ch,base+03478h
  dw 00103h,base+00000h
  dw 00204h,base+00056h
  dw 0010Dh,base+00230h
  dw 0036Ch,base+00F4Bh
  dw 00103h,base+00000h
  dw 00204h,base+0003Ch
  dw 0010Ah,base+00230h
  dw 00672h,base+0295Ch
  dw 0020Eh,base+032AFh
  dw 0066Fh,base+02962h
  dw 00103h,base+00000h
  dw 00304h,base+0347Bh
  dw 00109h,base+0020Ch
  dw 00770h,base+0243Fh
  dw 00103h,base+00000h
  dw 00304h,base+0347Eh
  dw 00108h,base+00230h
  dw 00574h,base+02CAAh
  dw 0030Bh,base+0156Ch
  dw 00573h,base+02CAFh
  dw 00102h,base+00230h
  dw 0040Ah,base+030F3h
  dw 00674h,base+02968h
  dw 00102h,base+0020Ch
  dw 0040Ah,base+030F7h
  dw 00574h,base+02CB4h
  dw 00102h,base+0000Ah
  dw 00309h,base+03481h
  dw 00575h,base+02CB9h
  dw 00103h,base+00000h
  dw 00308h,base+03484h
  dw 00578h,base+02CBEh
  dw 00307h,base+0107Fh
  dw 00476h,base+030FBh
  dw 00203h,base+0152Ah
  dw 00307h,base+03487h
  dw 00476h,base+0109Ch
  dw 00203h,base+0048Dh
  dw 00306h,base+01B82h
  dw 0057Ah,base+02CC3h
  dw 00306h,base+000F0h
  dw 00478h,base+030FFh
  dw 00102h,base+00230h
  dw 00A7Eh,base+01689h
  dw 00102h,base+00230h
  dw 00A80h,base+01693h
  dw 00A7Dh,base+0169Dh
  dw 00C80h,base+01004h
  dw 00C81h,base+01010h
  dw 00B80h,base+01399h
  dw 00A7Fh,base+016A7h
  dw 00B80h,base+013A4h
  dw 00A80h,base+016B1h
  dw 00A7Fh,base+016BBh
  dw 00A7Fh,base+016C5h
  dw 00B80h,base+013AFh
  dw 00C7Eh,base+0101Ch
  dw 00F7Fh,base+00A6Ch
  dw 00607h,base+0296Eh
  dw 00305h,base+0348Ah
  dw 00574h,base+02CC8h
  dw 00507h,base+02CCDh
  dw 00307h,base+00209h
  dw 00571h,base+02CD2h
  dw 00409h,base+03103h
  dw 00106h,base+00003h
  dw 00570h,base+00F45h
  dw 00511h,base+02CD7h
  dw 0056Fh,base+02CDCh
  dw 00412h,base+03107h
  dw 0046Dh,base+0310Bh
  dw 00313h,base+004F2h
  dw 0056Dh,base+02CE1h
  dw 00214h,base+0020Ah
  dw 0066Bh,base+02974h
  dw 00316h,base+0348Dh
  dw 0066Ah,base+0297Ah
  dw 00218h,base+01ACAh
  dw 00568h,base+02CE6h
  dw 0021Ah,base+008EDh
  dw 00381h,base+02DC3h
  dw 00200h,base+0057Ch

cammyPage2frame013:
  db 040h,03Fh,064h,043h
  db 06Ch
  db 05Eh,033h,017h,069h,03Bh
  db 000h,000h
  db 000h,000h
  dw 00280h,base+036BBh
  dw 0027Dh,base+00001h
  dw 00680h,base+02980h
  dw 0037Fh,base+00304h
  dw 00480h,base+0310Fh
  dw 00680h,base+02986h
  dw 00809h,base+01F0Bh
  dw 00277h,base+0006Fh
  dw 00B80h,base+013BAh
  dw 00C81h,base+01028h
  dw 00D80h,base+00CA6h
  dw 00E80h,base+00B0Ah
  dw 00F11h,base+00A7Bh
  dw 00270h,base+00055h
  dw 01282h,base+00883h
  dw 00D0Eh,base+00CB3h
  dw 00273h,base+00007h
  dw 00B0Eh,base+013C5h
  dw 00172h,base+00008h
  dw 00C80h,base+01034h
  dw 00D80h,base+00CC0h
  dw 00E80h,base+00B18h
  dw 00E81h,base+00B26h
  dw 00406h,base+03113h
  dw 0087Ah,base+01F13h
  dw 00306h,base+03490h
  dw 0087Ah,base+01F1Bh
  dw 00306h,base+00DABh
  dw 0097Bh,base+01A59h
  dw 00205h,base+00040h
  dw 0097Bh,base+01A62h
  dw 00305h,base+020F3h
  dw 00A7Ch,base+016CFh
  dw 00304h,base+00011h
  dw 00A7Ch,base+016D9h
  dw 00304h,base+023C8h
  dw 00B7Ch,base+013D0h
  dw 00305h,base+009B8h
  dw 00A7Ch,base+016E3h
  dw 00204h,base+00026h
  dw 00B7Ch,base+013DBh
  dw 00304h,base+02BA3h
  dw 00508h,base+02CEBh
  dw 00374h,base+03493h
  dw 00305h,base+00271h
  dw 00507h,base+02CF0h
  dw 00375h,base+03496h
  dw 00205h,base+00088h
  dw 00407h,base+03117h
  dw 00274h,base+000E3h
  dw 00205h,base+001D2h
  dw 00407h,base+0311Bh
  dw 00375h,base+013E3h
  dw 00205h,base+000DFh
  dw 00306h,base+03499h
  dw 00376h,base+00453h
  dw 00205h,base+0008Bh
  dw 00205h,base+00080h
  dw 00376h,base+001EAh
  dw 00305h,base+006B7h
  dw 00206h,base+01AFFh
  dw 00275h,base+00040h
  dw 00305h,base+01AAEh
  dw 00306h,base+0349Ch
  dw 00376h,base+0349Fh
  dw 00305h,base+00329h
  dw 00206h,base+00053h
  dw 00375h,base+034A2h
  dw 00205h,base+0020Ah
  dw 00307h,base+00623h
  dw 00274h,base+006AAh
  dw 00205h,base+00994h
  dw 00307h,base+034A5h
  dw 00274h,base+036BDh
  dw 00305h,base+034A8h
  dw 00307h,base+034ABh
  dw 00274h,base+00132h
  dw 00205h,base+0028Bh
  dw 00307h,base+00679h
  dw 00375h,base+000DEh
  dw 00105h,base+00003h
  dw 00207h,base+00021h
  dw 00279h,base+018A8h
  dw 00208h,base+00040h
  dw 00178h,base+0000Dh
  dw 00208h,base+001EAh
  dw 00279h,base+009C9h
  dw 00107h,base+00011h
  dw 00379h,base+034AEh
  dw 00207h,base+00C58h
  dw 00379h,base+020C5h
  dw 00307h,base+034B1h
  dw 00479h,base+0311Fh
  dw 00309h,base+034B4h
  dw 00377h,base+034B7h
  dw 0030Ah,base+034BAh
  dw 00276h,base+00055h
  dw 00280h,base+00017h
  dw 00281h,base+0002Fh
  dw 00180h,base+0000Eh
  dw 00181h,base+0003Bh
  dw 00180h,base+00010h
  dw 00180h,base+0000Ch
  dw 00180h,base+0002Eh
  dw 00180h,base+0000Ah
  dw 00280h,base+0135Ah
  dw 00281h,base+02334h
  dw 00180h,base+00014h
  dw 00280h,base+02384h
  dw 00280h,base+00643h
  dw 00200h,base+00ACCh

cammyPage2frame014:
  db 04Ah,02Ah,060h,04Ah
  db 0A2h
  db 05Fh,043h,016h,058h,046h
  db 000h,000h
  db 000h,000h
  dw 0017Fh,base+00230h
  dw 00280h,base+036BFh
  dw 00280h,base+021D4h
  dw 0027Fh,base+036C1h
  dw 00370h,base+034BDh
  dw 00110h,base+00008h
  dw 0026Fh,base+00F18h
  dw 00210h,base+0113Ch
  dw 00370h,base+034C0h
  dw 0030Fh,base+034C3h
  dw 00471h,base+03123h
  dw 0020Dh,base+0082Ch
  dw 00572h,base+02CF5h
  dw 0020Eh,base+0012Ah
  dw 00572h,base+02CFAh
  dw 0020Ch,base+00892h
  dw 0076Bh,base+02446h
  dw 00109h,base+00068h
  dw 0030Ah,base+034C6h
  dw 0066Ch,base+0298Ch
  dw 00308h,base+000D3h
  dw 0050Bh,base+02CFFh
  dw 0076Bh,base+0244Dh
  dw 00309h,base+017B4h
  dw 0060Bh,base+02992h
  dw 0086Bh,base+01F23h
  dw 00409h,base+03127h
  dw 0040Bh,base+0312Bh
  dw 0076Ch,base+02454h
  dw 00408h,base+0312Fh
  dw 0050Bh,base+02D04h
  dw 0076Dh,base+0245Bh
  dw 00506h,base+02D09h
  dw 0060Ch,base+02998h
  dw 0086Eh,base+01F2Bh
  dw 00B11h,base+013E6h
  dw 0086Fh,base+01F33h
  dw 00A10h,base+016EDh
  dw 00A70h,base+016F7h
  dw 00A0Fh,base+01701h
  dw 00C0Eh,base+01040h
  dw 00163h,base+00003h
  dw 00B0Eh,base+013F1h
  dw 01172h,base+00945h
  dw 01617h,base+00635h
  dw 00869h,base+01F3Bh
  dw 01518h,base+0068Ch
  dw 00868h,base+01F43h
  dw 01518h,base+006A1h
  dw 00B69h,base+013FCh
  dw 01318h,base+007B6h
  dw 00B69h,base+01407h
  dw 00103h,base+00003h
  dw 00F18h,base+00A8Ah
  dw 00869h,base+01F4Bh
  dw 00E17h,base+00B34h
  dw 00103h,base+00003h
  dw 00566h,base+02D0Eh
  dw 00D1Ah,base+00CCDh
  dw 00466h,base+01407h
  dw 00D80h,base+00CDAh
  dw 00508h,base+02D13h
  dw 00479h,base+01C1Bh
  dw 00507h,base+02D18h
  dw 0047Ah,base+03133h
  dw 00607h,base+0299Eh
  dw 0027Ah,base+00327h
  dw 00581h,base+02D1Dh
  dw 00581h,base+00FB7h
  dw 00580h,base+02D22h
  dw 00882h,base+01F53h
  dw 00782h,base+02462h
  dw 00481h,base+006B6h
  dw 00381h,base+00209h
  dw 00280h,base+00994h
  dw 00381h,base+034C9h
  dw 00100h,base+00003h

cammyPage2frame015:
  db 034h,030h,062h,058h
  db 062h
  db 059h,037h,017h,052h,042h
  db 000h,000h
  db 000h,000h
  dw 00180h,base+00020h
  dw 00280h,base+00AC6h
  dw 00380h,base+01DC8h
  dw 00480h,base+03137h
  dw 00481h,base+0313Bh
  dw 00482h,base+02A5Ch
  dw 00481h,base+0313Fh
  dw 00381h,base+034CCh
  dw 00480h,base+03143h
  dw 00580h,base+02D27h
  dw 00581h,base+02D2Ch
  dw 00581h,base+02D31h
  dw 00481h,base+03147h
  dw 00480h,base+01AAAh
  dw 00681h,base+029A4h
  dw 00681h,base+029AAh
  dw 00680h,base+029B0h
  dw 00681h,base+029B6h
  dw 00680h,base+029BCh
  dw 00781h,base+02469h
  dw 00880h,base+01F5Bh
  dw 00981h,base+01A6Bh
  dw 0097Eh,base+01A74h
  dw 00B7Fh,base+01412h
  dw 00B7Fh,base+0141Dh
  dw 0090Ah,base+01A7Dh
  dw 00273h,base+00066h
  dw 00102h,base+00003h
  dw 00A7Eh,base+0170Bh
  dw 00708h,base+02470h
  dw 00377h,base+01D7Ch
  dw 00305h,base+001D2h
  dw 0077Bh,base+02477h
  dw 00405h,base+0314Bh
  dw 0087Bh,base+01F63h
  dw 00D80h,base+00CE7h
  dw 00D80h,base+00CF4h
  dw 00D80h,base+00D01h
  dw 00D80h,base+00D0Eh
  dw 00D80h,base+00D1Bh
  dw 00D80h,base+00D28h
  dw 00C82h,base+0104Ch
  dw 00A0Ch,base+01715h
  dw 00205h,base+00367h
  dw 00170h,base+00005h
  dw 00E0Fh,base+00B42h
  dw 00372h,base+034CFh
  dw 01180h,base+00956h
  dw 01181h,base+00967h
  dw 01081h,base+00A1Fh
  dw 00E7Fh,base+00B50h
  dw 00506h,base+02D36h
  dw 0027Ah,base+0002Fh
  dw 00580h,base+02D3Bh
  dw 00580h,base+02BC5h
  dw 00380h,base+02A74h
  dw 00300h,base+0289Ch

cammyPage2frame016:
  db 02Ah,046h,068h,041h
  db 06Ah
  db 064h,02Dh,025h,05Eh,02Bh
  db 000h,000h
  db 000h,000h
  dw 0017Fh,base+00020h
  dw 00280h,base+00386h
  dw 00213h,base+008B1h
  dw 0016Dh,base+00020h
  dw 00213h,base+00213h
  dw 0026Dh,base+00E7Ch
  dw 00213h,base+0147Ch
  dw 0026Eh,base+00756h
  dw 00111h,base+0000Dh
  dw 0036Fh,base+01DC8h
  dw 00111h,base+00015h
  dw 0026Fh,base+00503h
  dw 00211h,base+0183Bh
  dw 0026Fh,base+00129h
  dw 00311h,base+034D2h
  dw 00270h,base+00327h
  dw 0020Fh,base+00016h
  dw 00271h,base+02E04h
  dw 0020Fh,base+000DAh
  dw 00271h,base+0036Ch
  dw 0030Eh,base+034D5h
  dw 00272h,base+00129h
  dw 0030Eh,base+020F3h
  dw 00273h,base+0055Dh
  dw 0020Ch,base+00021h
  dw 00374h,base+034D8h
  dw 0030Ch,base+034DBh
  dw 00274h,base+017F3h
  dw 0030Ch,base+00DA7h
  dw 00275h,base+00FECh
  dw 0020Ah,base+000C1h
  dw 00376h,base+034DEh
  dw 0030Ah,base+034E1h
  dw 00376h,base+034E4h
  dw 0030Ah,base+00152h
  dw 00277h,base+0026Bh
  dw 00309h,base+00FDDh
  dw 00277h,base+00153h
  dw 00308h,base+0117Dh
  dw 00378h,base+022F3h
  dw 00407h,base+0314Fh
  dw 00479h,base+03153h
  dw 00407h,base+0109Bh
  dw 00479h,base+00A49h
  dw 00406h,base+03157h
  dw 0057Ah,base+02D40h
  dw 00506h,base+02D45h
  dw 0047Ah,base+0315Bh
  dw 00506h,base+02D4Ah
  dw 0047Bh,base+003D7h
  dw 00980h,base+01A86h
  dw 00980h,base+01A8Fh
  dw 00981h,base+01A98h
  dw 00780h,base+0247Eh
  dw 00780h,base+02485h
  dw 00680h,base+029C2h
  dw 00680h,base+029C8h
  dw 00680h,base+029CEh
  dw 00681h,base+029D4h
  dw 00580h,base+02D4Fh
  dw 00581h,base+02D54h
  dw 00480h,base+0315Fh
  dw 00480h,base+03163h
  dw 00380h,base+00088h
  dw 00380h,base+00088h
  dw 0037Fh,base+000DAh
  dw 00480h,base+03167h
  dw 0057Fh,base+02D59h
  dw 00680h,base+029DAh
  dw 00680h,base+029E0h
  dw 0067Fh,base+029E6h
  dw 00780h,base+0248Ch
  dw 00780h,base+02493h
  dw 0077Fh,base+0249Ah
  dw 00980h,base+01AA1h
  dw 0097Fh,base+01AAAh
  dw 00405h,base+0316Bh
  dw 0057Bh,base+02D5Eh
  dw 00305h,base+00080h
  dw 0057Ah,base+02D63h
  dw 00405h,base+0316Fh
  dw 0077Bh,base+024A1h
  dw 00304h,base+01F89h
  dw 0087Ch,base+01F6Bh
  dw 00304h,base+0072Dh
  dw 00405h,base+02803h
  dw 00377h,base+00C91h
  dw 00304h,base+0045Bh
  dw 00506h,base+02D68h
  dw 00376h,base+001D6h
  dw 00304h,base+034E7h
  dw 00506h,base+02D6Dh
  dw 00377h,base+034EAh
  dw 00203h,base+00088h
  dw 00507h,base+02D72h
  dw 00276h,base+0026Bh
  dw 00203h,base+00088h
  dw 00507h,base+02D77h
  dw 00276h,base+0212Bh
  dw 00204h,base+001D2h
  dw 00305h,base+01D9Ah
  dw 00378h,base+02EFDh
  dw 00102h,base+0000Dh
  dw 00405h,base+03173h
  dw 00479h,base+03177h
  dw 00A80h,base+0171Fh
  dw 00304h,base+034EDh
  dw 00203h,base+00002h
  dw 00379h,base+034F0h
  dw 00304h,base+01598h
  dw 00103h,base+00003h
  dw 00378h,base+0057Ch
  dw 00481h,base+0317Bh
  dw 00380h,base+005CBh
  dw 00381h,base+00B1Bh
  dw 00200h,base+0002Fh

cammyPage2frame017:
  db 010h,063h,074h,024h
  db 078h
  db 05Ah,02Dh,024h,05Dh,02Bh
  db 000h,000h
  db 000h,000h
  dw 00180h,base+00020h
  dw 00280h,base+036C3h
  dw 00280h,base+008CCh
  dw 00280h,base+002C6h
  dw 00203h,base+00513h
  dw 0017Eh,base+00020h
  dw 00102h,base+00003h
  dw 0017Eh,base+0004Eh
  dw 00102h,base+00005h
  dw 0017Eh,base+00003h
  dw 00380h,base+0002Fh
  dw 00380h,base+028A6h
  dw 00380h,base+0335Ch
  dw 00380h,base+034F3h
  dw 00280h,base+000DFh
  dw 00280h,base+01CC6h
  dw 00280h,base+0183Bh
  dw 00280h,base+009E8h
  dw 00280h,base+00B51h
  dw 00280h,base+00B51h
  dw 00280h,base+000DFh
  dw 00280h,base+000E8h
  dw 00280h,base+00215h
  dw 00280h,base+00016h
  dw 00280h,base+0000Dh
  dw 00380h,base+034F6h
  dw 00380h,base+034F6h
  dw 00380h,base+012ABh
  dw 0037Fh,base+012ABh
  dw 00480h,base+0317Fh
  dw 00480h,base+03183h
  dw 00480h,base+03187h
  dw 00480h,base+0318Bh
  dw 00480h,base+0318Fh
  dw 00580h,base+02D7Ch
  dw 00580h,base+02D81h
  dw 00580h,base+02D86h
  dw 00580h,base+02D8Bh
  dw 0057Fh,base+02D90h
  dw 00680h,base+029ECh
  dw 00780h,base+024A8h
  dw 00780h,base+024AFh
  dw 00780h,base+024B6h
  dw 00780h,base+024BDh
  dw 00780h,base+024C4h
  dw 00780h,base+024CBh
  dw 00780h,base+024D2h
  dw 00780h,base+024D9h
  dw 00780h,base+024E0h
  dw 00780h,base+024E7h
  dw 00780h,base+024EEh
  dw 00780h,base+024F5h
  dw 00680h,base+029F2h
  dw 00681h,base+029F8h
  dw 00580h,base+02D95h
  dw 00580h,base+02D9Ah
  dw 00480h,base+03193h
  dw 00480h,base+01480h
  dw 00480h,base+0089Ah
  dw 00480h,base+00088h
  dw 00480h,base+00088h
  dw 0057Fh,base+02D9Fh
  dw 00680h,base+029FEh
  dw 00680h,base+02A04h
  dw 00680h,base+02A0Ah
  dw 0077Fh,base+024FCh
  dw 00880h,base+01F73h
  dw 00880h,base+01F7Bh
  dw 00880h,base+01F83h
  dw 00880h,base+01F8Bh
  dw 00880h,base+01F93h
  dw 00880h,base+01F9Bh
  dw 00880h,base+01FA3h
  dw 00880h,base+01FABh
  dw 00880h,base+01FB3h
  dw 00880h,base+01FBBh
  dw 00880h,base+01FC3h
  dw 00880h,base+01FCBh
  dw 00880h,base+01FD3h
  dw 00880h,base+01FDBh
  dw 00880h,base+01FE3h
  dw 00506h,base+02DA4h
  dw 0027Ah,base+001E7h
  dw 00304h,base+034F9h
  dw 00102h,base+00003h
  dw 0027Ah,base+00E60h
  dw 00304h,base+034FCh
  dw 00102h,base+00000h
  dw 0027Ah,base+007F2h
  dw 00304h,base+034FFh
  dw 0047Ch,base+03197h
  dw 00306h,base+03502h
  dw 0027Ah,base+00021h
  dw 00304h,base+0224Fh
  dw 0047Ch,base+0319Bh
  dw 00304h,base+028B0h
  dw 0047Ch,base+0319Bh
  dw 00306h,base+0008Ah
  dw 0027Ah,base+00088h
  dw 00304h,base+0199Dh
  dw 0047Ch,base+0319Fh
  dw 00306h,base+00543h
  dw 0027Ah,base+000DFh
  dw 00204h,base+0020Ah
  dw 00102h,base+00000h
  dw 0027Ah,base+000DFh
  dw 00304h,base+00DB5h
  dw 00102h,base+00000h
  dw 0027Ah,base+000DFh
  dw 00102h,base+00028h
  dw 00104h,base+00145h
  dw 0027Ah,base+000DFh
  dw 00104h,base+0000Dh
  dw 00102h,base+00000h
  dw 0027Ah,base+000DFh
  dw 00102h,base+0000Dh
  dw 00102h,base+00000h
  dw 00102h,base+00000h
  dw 0027Ah,base+001D2h
  dw 00102h,base+0000Dh
  dw 00102h,base+00000h
  dw 0047Ch,base+031A3h
  dw 00880h,base+01FEBh
  dw 00406h,base+031A7h
  dw 0027Ah,base+00088h
  dw 00206h,base+0020Ah
  dw 0027Ah,base+0002Fh
  dw 00280h,base+00151h
  dw 00200h,base+0002Fh

cammyPage2frame018:
  db 010h,03Ch,074h,042h
  db 07Ch
  db 059h,02Dh,024h,05Ch,02Bh
  db 000h,000h
  db 000h,000h
  dw 00280h,base+0135Ah
  dw 00380h,base+03505h
  dw 0037Fh,base+03508h
  dw 0057Fh,base+02DA9h
  dw 00680h,base+02A10h
  dw 0067Fh,base+02A16h
  dw 00780h,base+02503h
  dw 00780h,base+0250Ah
  dw 00780h,base+02511h
  dw 00780h,base+02518h
  dw 00781h,base+0251Fh
  dw 00680h,base+02A1Ch
  dw 00580h,base+02DAEh
  dw 00580h,base+02DB3h
  dw 00580h,base+02DB8h
  dw 00580h,base+02DBDh
  dw 00580h,base+02DC2h
  dw 0057Fh,base+02DC7h
  dw 00780h,base+02526h
  dw 00780h,base+0252Dh
  dw 00780h,base+02534h
  dw 0077Fh,base+01FF4h
  dw 00880h,base+01FF3h
  dw 00880h,base+01FFBh
  dw 00880h,base+02003h
  dw 00880h,base+0200Bh
  dw 00881h,base+02013h
  dw 00780h,base+0253Bh
  dw 00780h,base+02542h
  dw 00305h,base+0350Bh
  dw 0027Bh,base+006E9h
  dw 00304h,base+0350Eh
  dw 0037Ch,base+03511h
  dw 00304h,base+03514h
  dw 0037Ch,base+03517h
  dw 00305h,base+0351Ah
  dw 0027Bh,base+000FAh
  dw 00304h,base+0351Dh
  dw 0037Ch,base+007B8h
  dw 00204h,base+00FFCh
  dw 0037Ch,base+021EFh
  dw 00205h,base+007F3h
  dw 0027Bh,base+00EC6h
  dw 00204h,base+033BFh
  dw 0037Ch,base+03520h
  dw 00204h,base+0043Ch
  dw 0037Ch,base+03523h
  dw 00205h,base+0108Bh
  dw 0027Bh,base+004CEh
  dw 00204h,base+01080h
  dw 0037Ch,base+03526h
  dw 00204h,base+00256h
  dw 0037Bh,base+01CF7h
  dw 00306h,base+03529h
  dw 0027Ah,base+005C6h
  dw 00305h,base+03529h
  dw 0037Bh,base+0352Ch
  dw 00305h,base+02965h
  dw 0037Bh,base+0352Fh
  dw 00306h,base+0034Ah
  dw 0027Ah,base+00088h
  dw 00305h,base+03532h
  dw 0037Ch,base+00B1Bh
  dw 00304h,base+0319Eh
  dw 0037Ch,base+0352Fh
  dw 00304h,base+02565h
  dw 0037Ch,base+019D8h
  dw 00304h,base+03535h
  dw 0037Ch,base+03538h
  dw 00304h,base+0353Bh
  dw 0037Ch,base+0353Eh
  dw 00204h,base+0008Bh
  dw 0037Ch,base+000B9h
  dw 00105h,base+0000Dh
  dw 0027Bh,base+0020Ah
  dw 00204h,base+0020Ah
  dw 0037Ch,base+00209h
  dw 00204h,base+0020Ah
  dw 0037Ch,base+00209h
  dw 00204h,base+0020Ah
  dw 0037Ch,base+02890h
  dw 00204h,base+0019Ch
  dw 0037Ch,base+02890h
  dw 00204h,base+00584h
  dw 0037Ch,base+011C2h
  dw 00205h,base+00178h
  dw 0027Bh,base+00256h
  dw 00105h,base+00040h
  dw 0027Bh,base+0082Ah
  dw 00105h,base+0000Ah
  dw 00100h,base+0000Ah

cammyPage2frame019:
  db 04Ah,015h,064h,073h
  db 0ACh
  db 063h,043h,00Bh,062h,046h
  db 000h,000h
  db 000h,000h
  dw 0015Fh,base+0000Fh
  dw 0020Fh,base+0073Eh
  dw 00312h,base+0156Eh
  dw 0015Fh,base+000CDh
  dw 00307h,base+03541h
  dw 00103h,base+0000Dh
  dw 00103h,base+00003h
  dw 00714h,base+02549h
  dw 0015Fh,base+00230h
  dw 00206h,base+0148Fh
  dw 00203h,base+0005Ah
  dw 00C17h,base+01058h
  dw 0025Eh,base+036C1h
  dw 00308h,base+03544h
  dw 01215h,base+00895h
  dw 00105h,base+00003h
  dw 0015Eh,base+0006Fh
  dw 00307h,base+03547h
  dw 0171Ah,base+005DAh
  dw 0025Fh,base+001A0h
  dw 00406h,base+031ABh
  dw 01D79h,base+003C6h
  dw 02480h,base+0022Eh
  dw 02480h,base+00252h
  dw 0181Ah,base+005C2h
  dw 00204h,base+003B9h
  dw 00662h,base+02A22h
  dw 01B22h,base+004A8h
  dw 0015Eh,base+00003h
  dw 01C80h,base+0043Ah
  dw 01D1Eh,base+003E3h
  dw 00163h,base+00003h
  dw 01F80h,base+0036Ah
  dw 00A0Bh,base+01729h
  dw 01517h,base+006B6h
  dw 00261h,base+00088h
  dw 00102h,base+00003h
  dw 00A0Dh,base+01733h
  dw 01273h,base+008A7h
  dw 00B14h,base+01428h
  dw 00B6Dh,base+01433h
  dw 00C17h,base+01064h
  dw 0076Ch,base+02550h
  dw 00A18h,base+0173Dh
  dw 0026Ah,base+0002Fh
  dw 00985h,base+01AB3h
  dw 00500h,base+02DCCh

cammyPage2frame020:
  db 026h,04Ch,052h,03Ch
  db 05Ah
  db 049h,02Fh,025h,041h,02Eh
  db 000h,000h
  db 000h,000h
  dw 0017Fh,base+00005h
  dw 00280h,base+000DFh
  dw 00380h,base+00358h
  dw 00380h,base+0038Ah
  dw 00280h,base+00088h
  dw 00280h,base+0020Ah
  dw 00180h,base+0000Fh
  dw 00180h,base+0000Dh
  dw 0020Ah,base+0020Ah
  dw 00276h,base+0002Fh
  dw 0020Ah,base+0020Ah
  dw 00376h,base+00303h
  dw 00209h,base+036C5h
  dw 00577h,base+017A1h
  dw 00309h,base+0354Ah
  dw 00577h,base+02A6Ah
  dw 00309h,base+017C9h
  dw 00577h,base+02DD1h
  dw 00308h,base+00AFAh
  dw 00678h,base+02A28h
  dw 00407h,base+031AFh
  dw 00779h,base+02557h
  dw 00506h,base+02DD6h
  dw 0087Ah,base+0201Bh
  dw 00809h,base+02023h
  dw 00478h,base+031B3h
  dw 00D81h,base+00D35h
  dw 00A0Bh,base+01747h
  dw 00176h,base+00145h
  dw 0090Bh,base+01ABCh
  dw 00176h,base+0020Ch
  dw 0080Ah,base+0202Bh
  dw 00176h,base+00230h
  dw 0080Ah,base+02033h
  dw 00177h,base+00230h
  dw 00780h,base+0255Eh
  dw 00780h,base+02565h
  dw 00780h,base+0256Ch
  dw 00780h,base+02573h
  dw 00780h,base+0257Ah
  dw 00980h,base+01AC5h
  dw 0097Eh,base+01ACEh
  dw 00B80h,base+0143Eh
  dw 00B80h,base+01449h
  dw 0090Ah,base+01AD7h
  dw 00175h,base+0001Dh
  dw 00B80h,base+01454h
  dw 00608h,base+02A2Eh
  dw 00377h,base+0354Dh
  dw 00609h,base+02A34h
  dw 00376h,base+03550h
  dw 0070Bh,base+02581h
  dw 00275h,base+00041h
  dw 0070Bh,base+02588h
  dw 00374h,base+01D9Ah
  dw 0080Dh,base+0203Bh
  dw 00272h,base+000BCh
  dw 0090Eh,base+01AE0h
  dw 00372h,base+006B7h
  dw 0090Fh,base+01AE9h
  dw 00370h,base+01598h
  dw 00A10h,base+01751h
  dw 00370h,base+0125Bh
  dw 00A10h,base+0175Bh
  dw 00370h,base+00209h
  dw 00A11h,base+01765h
  dw 0026Fh,base+0020Ah
  dw 00A11h,base+0176Fh
  dw 0026Fh,base+0021Ah
  dw 00305h,base+015B1h
  dw 0050Dh,base+02DDBh
  dw 0016Fh,base+00003h
  dw 00204h,base+008F8h
  dw 0047Ch,base+031B7h
  dw 00203h,base+036C7h
  dw 0057Dh,base+02DE0h
  dw 0087Fh,base+02043h
  dw 00980h,base+01AF2h
  dw 00881h,base+0204Bh
  dw 00780h,base+0258Fh
  dw 00680h,base+02A3Ah
  dw 00581h,base+02DE5h
  dw 00480h,base+031BBh
  dw 00480h,base+031BFh
  dw 00480h,base+031C3h
  dw 00480h,base+031C7h
  dw 0047Fh,base+031CBh
  dw 00203h,base+00129h
  dw 0027Dh,base+0272Fh
  dw 00203h,base+00129h
  dw 0037Dh,base+03553h
  dw 00203h,base+0190Ah
  dw 0037Dh,base+03556h
  dw 00204h,base+00AC6h
  dw 0027Bh,base+0020Ah
  dw 00205h,base+0048Ah
  dw 0017Bh,base+00029h
  dw 00205h,base+0048Ah
  dw 00180h,base+00014h
  dw 00280h,base+01D17h
  dw 00280h,base+00675h
  dw 00281h,base+00955h
  dw 00180h,base+00003h
  dw 00180h,base+00020h
  dw 00180h,base+00005h
  dw 00280h,base+01CA3h
  dw 00280h,base+00D40h
  dw 00280h,base+0036Bh
  dw 00280h,base+00827h
  dw 00180h,base+00020h
  dw 00100h,base+00020h

cammyPage2frame021:
  db 038h,054h,068h,033h
  db 088h
  db 06Bh,02Fh,026h,063h,02Eh
  db 000h,000h
  db 000h,000h
  dw 00180h,base+00020h
  dw 00280h,base+014B0h
  dw 00280h,base+000ECh
  dw 00280h,base+008EBh
  dw 00180h,base+00001h
  dw 00180h,base+00068h
  dw 0017Fh,base+00020h
  dw 00180h,base+00000h
  dw 00180h,base+002DFh
  dw 00180h,base+00003h
  dw 00180h,base+00010h
  dw 00180h,base+00008h
  dw 0017Fh,base+0000Fh
  dw 00180h,base+00000h
  dw 00180h,base+00000h
  dw 00180h,base+00003h
  dw 0017Fh,base+00008h
  dw 00280h,base+00233h
  dw 00280h,base+00051h
  dw 00180h,base+0000Ah
  dw 0010Ah,base+00003h
  dw 00176h,base+0000Fh
  dw 0010Ah,base+00010h
  dw 00276h,base+01004h
  dw 0010Ah,base+00008h
  dw 00376h,base+033C7h
  dw 0010Ah,base+0000Fh
  dw 00275h,base+01707h
  dw 0020Bh,base+0002Fh
  dw 0026Eh,base+021E8h
  dw 00306h,base+03116h
  dw 0030Ch,base+00271h
  dw 0016Eh,base+00003h
  dw 00406h,base+031CFh
  dw 0040Bh,base+00541h
  dw 0026Eh,base+01BA9h
  dw 00B11h,base+0145Fh
  dw 0026Dh,base+0002Fh
  dw 00D13h,base+00D42h
  dw 0016Dh,base+00024h
  dw 00D12h,base+00D4Fh
  dw 0026Eh,base+00513h
  dw 00407h,base+031D3h
  dw 0060Ah,base+02A40h
  dw 0026Fh,base+000E5h
  dw 00307h,base+00416h
  dw 0060Ah,base+0283Ch
  dw 0026Fh,base+0014Ah
  dw 00306h,base+00870h
  dw 00C80h,base+01070h
  dw 00B80h,base+0127Bh
  dw 00A81h,base+01779h
  dw 00880h,base+02053h
  dw 00980h,base+01AFBh
  dw 00981h,base+01B04h
  dw 00980h,base+01B0Dh
  dw 00980h,base+01B16h
  dw 00B80h,base+0146Ah
  dw 00407h,base+02286h
  dw 0057Ah,base+02DEAh
  dw 00306h,base+00D7Ch
  dw 00579h,base+02DEFh
  dw 00508h,base+0228Dh
  dw 00578h,base+02DF4h
  dw 00509h,base+01DA3h
  dw 00476h,base+031D7h
  dw 0060Bh,base+01915h
  dw 00475h,base+01900h
  dw 0070Bh,base+0191Eh
  dw 00474h,base+0089Ah
  dw 0080Dh,base+015A3h
  dw 00473h,base+010E4h
  dw 0080Fh,base+015ADh
  dw 00371h,base+006B7h
  dw 00810h,base+01286h
  dw 0036Fh,base+00303h
  dw 00911h,base+00F38h
  dw 0036Fh,base+00271h
  dw 00911h,base+00BE3h
  dw 0046Fh,base+031DBh
  dw 00911h,base+00BF0h
  dw 0046Fh,base+031DFh
  dw 00405h,base+0302Fh
  dw 0040Ch,base+02929h
  dw 0046Fh,base+031E3h
  dw 00405h,base+03037h
  dw 0047Bh,base+031E7h
  dw 00405h,base+0303Fh
  dw 0047Bh,base+03043h
  dw 00305h,base+0303Fh
  dw 0047Bh,base+03047h
  dw 00305h,base+033CAh
  dw 0047Bh,base+0304Bh
  dw 00305h,base+013D8h
  dw 0047Bh,base+0304Fh
  dw 00306h,base+00A1Ch
  dw 0037Ah,base+03559h
  dw 00307h,base+00A1Ch
  dw 00178h,base+00003h
  dw 00380h,base+033D0h
  dw 00380h,base+033D3h
  dw 0037Fh,base+00DA7h
  dw 0037Fh,base+03053h
  dw 00480h,base+03053h
  dw 00380h,base+033D6h
  dw 00380h,base+00D18h
  dw 0037Fh,base+00021h
  dw 00380h,base+004FCh
  dw 00380h,base+033D9h
  dw 0027Fh,base+008B5h
  dw 00380h,base+0355Ch
  dw 00380h,base+0355Fh
  dw 0027Fh,base+00056h
  dw 00280h,base+000DFh
  dw 00280h,base+0036Ch
  dw 0027Fh,base+02384h
  dw 00280h,base+00C4Fh
  dw 00280h,base+00132h
  dw 00280h,base+036C9h
  dw 00280h,base+00807h
  dw 00180h,base+00001h
  dw 00100h,base+00003h

cammyPage2frame022:
  db 026h,050h,06Eh,034h
  db 082h
  db 063h,02Fh,021h,057h,038h
  db 000h,000h
  db 000h,000h
  dw 0017Fh,base+0000Dh
  dw 00380h,base+00271h
  dw 0047Fh,base+00088h
  dw 00580h,base+02A6Ah
  dw 00509h,base+02A6Ah
  dw 00177h,base+00003h
  dw 00508h,base+02DF9h
  dw 00279h,base+00901h
  dw 00407h,base+031EBh
  dw 00379h,base+03562h
  dw 00307h,base+007A5h
  dw 00378h,base+0057Ch
  dw 00508h,base+02DFEh
  dw 00378h,base+03565h
  dw 00509h,base+02E03h
  dw 00278h,base+01A72h
  dw 00408h,base+031EFh
  dw 00277h,base+00129h
  dw 00509h,base+02E08h
  dw 00277h,base+000DFh
  dw 00509h,base+02E0Dh
  dw 00277h,base+000DFh
  dw 00509h,base+02E12h
  dw 00276h,base+000DFh
  dw 0060Ah,base+02A46h
  dw 00276h,base+0020Ah
  dw 0070Ah,base+02596h
  dw 00275h,base+0020Ah
  dw 0090Ah,base+01B1Fh
  dw 00376h,base+01D9Ah
  dw 00D7Fh,base+00D5Ch
  dw 00E80h,base+00B5Eh
  dw 00D80h,base+00D69h
  dw 00D80h,base+00D76h
  dw 00D80h,base+00D83h
  dw 00882h,base+0205Bh
  dw 00780h,base+0259Dh
  dw 00781h,base+025A4h
  dw 0067Fh,base+02A4Ch
  dw 00506h,base+02E17h
  dw 0017Ah,base+00000h
  dw 00580h,base+02E1Ch
  dw 00507h,base+02E21h
  dw 00179h,base+00230h
  dw 00507h,base+02E26h
  dw 00178h,base+00230h
  dw 00608h,base+02A52h
  dw 00178h,base+00003h
  dw 00708h,base+025ABh
  dw 00178h,base+00000h
  dw 00708h,base+025B2h
  dw 00277h,base+0048Dh
  dw 00809h,base+02063h
  dw 00278h,base+00000h
  dw 00708h,base+025B9h
  dw 00278h,base+0048Dh
  dw 00708h,base+025C0h
  dw 00178h,base+00000h
  dw 00780h,base+025C7h
  dw 00880h,base+0206Bh
  dw 00880h,base+02073h
  dw 00980h,base+01B28h
  dw 00980h,base+01B31h
  dw 00980h,base+01B3Ah
  dw 00980h,base+01B43h
  dw 00405h,base+031F3h
  dw 0057Bh,base+02E2Bh
  dw 00305h,base+03568h
  dw 0057Bh,base+02E30h
  dw 00305h,base+0356Bh
  dw 0057Bh,base+02E35h
  dw 00306h,base+00A1Ch
  dw 0047Ah,base+001C5h
  dw 00306h,base+01B82h
  dw 0047Ah,base+0040Dh
  dw 00207h,base+00081h
  dw 00379h,base+000D1h
  dw 00207h,base+00081h
  dw 00378h,base+0356Eh
  dw 00309h,base+0042Ch
  dw 00377h,base+0101Eh
  dw 00309h,base+034E1h
  dw 00377h,base+03571h
  dw 0020Ah,base+00040h
  dw 00276h,base+01514h
  dw 0020Ah,base+00222h
  dw 00275h,base+0069Fh
  dw 0030Bh,base+015B1h
  dw 00175h,base+00040h
  dw 0030Bh,base+00D83h
  dw 00174h,base+00040h
  dw 0040Bh,base+031F7h
  dw 00375h,base+03574h
  dw 0030Bh,base+00365h
  dw 00374h,base+023C8h
  dw 0040Ch,base+031FBh
  dw 00374h,base+009C5h
  dw 0030Ch,base+010ACh
  dw 00374h,base+009C5h
  dw 0030Ch,base+0009Dh
  dw 00374h,base+00527h
  dw 0030Dh,base+00453h
  dw 00173h,base+00011h
  dw 0020Dh,base+00053h
  dw 00173h,base+0001Ch
  dw 0020Dh,base+01D0Eh
  dw 00172h,base+00006h
  dw 0020Eh,base+001D2h
  dw 00172h,base+0000Dh
  dw 0020Dh,base+00102h
  dw 00373h,base+03553h
  dw 0020Dh,base+0025Ch
  dw 00373h,base+03577h
  dw 0020Dh,base+00014h
  dw 00373h,base+0357Ah
  dw 0020Eh,base+0048Ah
  dw 00172h,base+0002Eh
  dw 0010Eh,base+00003h
  dw 00172h,base+0000Dh
  dw 0010Eh,base+00020h
  dw 00172h,base+0002Eh
  dw 0010Eh,base+0000Ch
  dw 00171h,base+00028h
  dw 0020Eh,base+0048Ah
  dw 00272h,base+036CBh
  dw 0020Eh,base+0003Bh
  dw 00272h,base+02915h
  dw 0020Eh,base+0036Ch
  dw 00272h,base+00FDBh
  dw 0020Eh,base+000FEh
  dw 00272h,base+000D5h
  dw 0020Eh,base+00CB1h
  dw 00372h,base+00047h
  dw 0020Eh,base+00132h
  dw 00472h,base+031FFh
  dw 0020Fh,base+00029h
  dw 00371h,base+031FFh
  dw 00210h,base+00055h
  dw 00200h,base+00055h

cammyPage2frame023:
  db 060h,018h,04Ch,057h
  db 068h
  db 04Bh,02Bh,006h,044h,071h
  db 0AEh,06Eh
  db 08Fh,06Fh
  dw 00180h,base+00020h
  dw 00280h,base+00049h
  dw 0027Fh,base+00040h
  dw 00480h,base+03203h
  dw 00480h,base+03207h
  dw 0040Eh,base+0320Bh
  dw 00172h,base+00020h
  dw 0040Dh,base+0320Fh
  dw 00273h,base+00040h
  dw 0050Ch,base+02E3Ah
  dw 0060Bh,base+02A58h
  dw 00169h,base+00020h
  dw 00506h,base+02E3Fh
  dw 00106h,base+0000Dh
  dw 0070Ah,base+025CEh
  dw 00309h,base+0357Dh
  dw 00161h,base+0000Fh
  dw 0080Bh,base+0207Bh
  dw 00F13h,base+00A99h
  dw 00260h,base+0070Bh
  dw 00B0Dh,base+01475h
  dw 01669h,base+0064Bh
  dw 0010Ah,base+00010h
  dw 02375h,base+002E2h
  dw 0020Bh,base+00000h
  dw 02475h,base+00276h
  dw 0030Bh,base+03580h
  dw 02475h,base+0029Ah
  dw 0040Bh,base+03213h
  dw 02575h,base+00150h
  dw 0050Bh,base+02E44h
  dw 02577h,base+00175h
  dw 00607h,base+02A5Eh
  dw 00102h,base+00003h
  dw 01F21h,base+00389h
  dw 00454h,base+03217h
  dw 0292Dh,base+0008Ch
  dw 00253h,base+0002Fh
  dw 02628h,base+00104h
  dw 00106h,base+00003h
  dw 00152h,base+00003h
  dw 00506h,base+02E49h
  dw 00102h,base+00003h
  dw 00203h,base+0002Fh
  dw 01675h,base+00661h
  dw 0030Ch,base+02D01h
  dw 01374h,base+007C9h
  dw 0020Ch,base+01CB2h
  dw 00205h,base+00389h
  dw 00508h,base+006DAh
  dw 00167h,base+0000Fh
  dw 0010Dh,base+00000h
  dw 00104h,base+00003h
  dw 00481h,base+00692h
  dw 00200h,base+00088h

cammyPage2frame024:
  db 060h,01Ah,04Ch,059h
  db 06Ch
  db 04Eh,02Bh,006h,044h,071h
  db 0ACh,059h
  db 08Dh,05Ah
  dw 00382h,base+001A4h
  dw 00281h,base+0002Ah
  dw 0027Bh,base+0002Ah
  dw 00105h,base+0000Fh
  dw 0027Ah,base+0002Ah
  dw 00407h,base+0321Bh
  dw 0020Ch,base+000D9h
  dw 0016Dh,base+00011h
  dw 00406h,base+0321Fh
  dw 0030Ch,base+00088h
  dw 0036Eh,base+000F0h
  dw 00911h,base+01B4Ch
  dw 0056Fh,base+000F0h
  dw 0090Ch,base+01B55h
  dw 00105h,base+0000Fh
  dw 00103h,base+00011h
  dw 0026Ch,base+00040h
  dw 00A0Bh,base+01783h
  dw 0070Ah,base+025D5h
  dw 0026Bh,base+00021h
  dw 01415h,base+006F4h
  dw 00208h,base+00021h
  dw 00262h,base+00001h
  dw 01A1Ch,base+00511h
  dw 00506h,base+02E4Eh
  dw 00159h,base+00003h
  dw 00103h,base+00003h
  dw 00102h,base+00003h
  dw 02374h,base+00305h
  dw 00204h,base+0012Ah
  dw 00102h,base+00003h
  dw 02426h,base+002BEh
  dw 00454h,base+03223h
  dw 00809h,base+02083h
  dw 02777h,base+000DDh
  dw 0070Bh,base+025DCh
  dw 02575h,base+0019Ah
  dw 00809h,base+0208Bh
  dw 02677h,base+0012Ah
  dw 02F80h,base+00000h
  dw 00306h,base+00DCBh
  dw 0287Ah,base+000B5h
  dw 00209h,base+0002Fh
  dw 00103h,base+00003h
  dw 02281h,base+00328h
  dw 0090Bh,base+01B5Eh
  dw 01213h,base+008B9h
  dw 00262h,base+0070Bh
  dw 0080Ch,base+02093h
  dw 0070Ah,base+025CEh
  dw 00304h,base+0357Dh
  dw 00205h,base+00001h
  dw 00161h,base+0000Fh
  dw 0070Ah,base+025E3h
  dw 00102h,base+0000Dh
  dw 0060Bh,base+02A64h
  dw 00103h,base+00020h
  dw 00165h,base+00015h
  dw 0070Bh,base+025EAh
  dw 00103h,base+00015h
  dw 00272h,base+00040h
  dw 0080Ah,base+0209Bh
  dw 00205h,base+0002Ah
  dw 00172h,base+00020h
  dw 00306h,base+000CAh
  dw 0047Ah,base+01CD0h
  dw 00107h,base+00003h
  dw 00300h,base+000D8h

cammyPage2frame025:
  db 05Eh,018h,04Ch,05Eh
  db 06Eh
  db 04Dh,02Bh,002h,046h,071h
  db 0AFh,06Ah
  db 090h,06Bh
  dw 00308h,base+00088h
  dw 00567h,base+02E53h
  dw 0010Ch,base+00010h
  dw 00105h,base+00003h
  dw 00407h,base+017C2h
  dw 00868h,base+020A3h
  dw 0020Ch,base+00598h
  dw 00204h,base+0020Ah
  dw 00608h,base+02A6Ah
  dw 00968h,base+01B67h
  dw 0030Bh,base+03228h
  dw 0171Ah,base+005F1h
  dw 0015Bh,base+00020h
  dw 00405h,base+03227h
  dw 00102h,base+00003h
  dw 00203h,base+0002Fh
  dw 01D1Eh,base+00400h
  dw 00258h,base+0135Ah
  dw 02E80h,base+0005Eh
  dw 02F82h,base+0002Fh
  dw 00608h,base+02A70h
  dw 02576h,base+001BFh
  dw 0050Ah,base+02E58h
  dw 02576h,base+001E4h
  dw 0040Ah,base+0322Bh
  dw 02576h,base+00209h
  dw 0020Ah,base+00001h
  dw 02076h,base+0034Ah
  dw 0020Ah,base+00609h
  dw 01D1Fh,base+0041Dh
  dw 00157h,base+00003h
  dw 0010Ah,base+00000h
  dw 01C81h,base+00456h
  dw 00A0Ch,base+0178Dh
  dw 00A74h,base+01797h
  dw 00102h,base+00003h
  dw 0070Bh,base+025F1h
  dw 00875h,base+020ABh
  dw 00405h,base+0322Fh
  dw 00107h,base+0000Dh
  dw 00673h,base+02A76h
  dw 0050Eh,base+02E5Dh
  dw 00472h,base+03233h
  dw 0050Fh,base+02E62h
  dw 00271h,base+00675h
  dw 00580h,base+02E67h
  dw 00481h,base+03237h
  dw 00380h,base+03583h
  dw 00380h,base+00DABh
  dw 00281h,base+00A50h
  dw 00100h,base+00020h

cammyPage2frame026:
  db 026h,042h,070h,042h
  db 07Eh
  db 057h,037h,016h,050h,042h
  db 000h,000h
  db 000h,000h
  dw 0017Fh,base+0020Ch
  dw 00281h,base+009BEh
  dw 00281h,base+01F6Ch
  dw 0017Ah,base+00003h
  dw 00306h,base+011E4h
  dw 0017Ah,base+00010h
  dw 00406h,base+0323Bh
  dw 0017Ah,base+00008h
  dw 00480h,base+0323Fh
  dw 00506h,base+00089h
  dw 00179h,base+00008h
  dw 00880h,base+020B3h
  dw 0097Fh,base+01B70h
  dw 00A80h,base+017A1h
  dw 00B80h,base+01480h
  dw 00C81h,base+0107Ch
  dw 00C80h,base+01088h
  dw 00D80h,base+00D90h
  dw 00D80h,base+00D9Dh
  dw 00102h,base+00039h
  dw 00A7Eh,base+017ABh
  dw 00102h,base+00039h
  dw 0087Eh,base+020BBh
  dw 00103h,base+00039h
  dw 0077Dh,base+025F8h
  dw 00103h,base+00039h
  dw 0077Dh,base+025FFh
  dw 00103h,base+00001h
  dw 0077Dh,base+02606h
  dw 00A82h,base+017B5h
  dw 00980h,base+01B79h
  dw 00980h,base+01B82h
  dw 00A80h,base+017BFh
  dw 00A80h,base+017C9h
  dw 00203h,base+000E3h
  dw 0087Dh,base+020C3h
  dw 00205h,base+00850h
  dw 0067Ah,base+02A7Ch
  dw 00306h,base+0340Ch
  dw 00778h,base+0260Dh
  dw 00508h,base+02E6Ch
  dw 00778h,base+02614h
  dw 00408h,base+03243h
  dw 00778h,base+0261Bh
  dw 00407h,base+03247h
  dw 00879h,base+020CBh
  dw 00406h,base+0324Bh
  dw 0097Bh,base+01B8Bh
  dw 00204h,base+00D46h
  dw 00A7Ch,base+017D3h
  dw 00204h,base+00176h
  dw 00A7Ch,base+017DDh
  dw 00103h,base+00003h
  dw 00B7Fh,base+0148Bh
  dw 00C7Fh,base+01094h
  dw 00C80h,base+010A0h
  dw 00C80h,base+010ACh
  dw 00C80h,base+010B8h
  dw 00708h,base+02622h
  dw 00478h,base+0324Fh
  dw 00308h,base+02283h
  dw 00379h,base+0031Ah
  dw 00207h,base+0069Fh
  dw 00379h,base+02FBDh
  dw 00206h,base+00B68h
  dw 0037Ah,base+004FCh
  dw 00206h,base+00021h
  dw 0037Ah,base+010D1h
  dw 00206h,base+01A67h
  dw 0047Ah,base+03253h
  dw 00206h,base+002A2h
  dw 0047Ah,base+03257h
  dw 00206h,base+0001Bh
  dw 0057Ah,base+02E71h
  dw 00207h,base+000FAh
  dw 00479h,base+0325Bh
  dw 00107h,base+00011h
  dw 00479h,base+0325Fh
  dw 00108h,base+0000Dh
  dw 00477h,base+03263h
  dw 0030Ah,base+03586h
  dw 00476h,base+03267h
  dw 0030Bh,base+03589h
  dw 00376h,base+01400h
  dw 0020Ah,base+00A22h
  dw 00376h,base+0358Ch
  dw 0010Ah,base+00003h
  dw 00476h,base+0326Bh
  dw 0010Bh,base+000FCh
  dw 00475h,base+0326Fh
  dw 0010Ch,base+000C3h
  dw 00374h,base+0358Fh
  dw 0020Dh,base+02F39h
  dw 00273h,base+01112h
  dw 0020Dh,base+000D6h
  dw 00273h,base+036CDh
  dw 0020Dh,base+021F5h
  dw 00273h,base+004A8h
  dw 0020Dh,base+00239h
  dw 00272h,base+00853h
  dw 0030Fh,base+01597h
  dw 00271h,base+01112h
  dw 0030Fh,base+03592h
  dw 00270h,base+036CFh
  dw 00310h,base+00101h
  dw 00270h,base+0147Ch
  dw 00210h,base+0005Ch
  dw 00270h,base+02915h
  dw 00211h,base+00055h
  dw 00100h,base+00003h

cammyPage2frame027:
  db 02Ah,057h,066h,02Fh
  db 07Eh
  db 052h,037h,011h,04Bh,042h
  db 000h,000h
  db 000h,000h
  dw 00180h,base+000E2h
  dw 0017Fh,base+00001h
  dw 0037Fh,base+03595h
  dw 00480h,base+03273h
  dw 0027Fh,base+0027Ch
  dw 00280h,base+0043Fh
  dw 00180h,base+0001Ch
  dw 0017Fh,base+00005h
  dw 00180h,base+00000h
  dw 0017Ch,base+0000Ah
  dw 00204h,base+0002Fh
  dw 0017Bh,base+00008h
  dw 00580h,base+02E76h
  dw 00508h,base+02E7Bh
  dw 00178h,base+00003h
  dw 00506h,base+02E80h
  dw 00379h,base+0010Bh
  dw 00A80h,base+017E7h
  dw 00809h,base+020D3h
  dw 00277h,base+00233h
  dw 00780h,base+02629h
  dw 00709h,base+02630h
  dw 00378h,base+03598h
  dw 00C80h,base+010C4h
  dw 00C80h,base+010D0h
  dw 00D80h,base+00DAAh
  dw 00D80h,base+00DB7h
  dw 00D81h,base+00DC4h
  dw 00C80h,base+010DCh
  dw 00B81h,base+01496h
  dw 00607h,base+02A82h
  dw 00379h,base+009ADh
  dw 00A7Fh,base+017F1h
  dw 00B80h,base+014A1h
  dw 00A80h,base+017FBh
  dw 00780h,base+02637h
  dw 0077Fh,base+0263Eh
  dw 00980h,base+01B94h
  dw 00A7Eh,base+01805h
  dw 00D80h,base+00DD1h
  dw 00405h,base+03277h
  dw 0097Ah,base+01B9Dh
  dw 00507h,base+02E85h
  dw 00879h,base+020DBh
  dw 00508h,base+02E8Ah
  dw 00878h,base+020E3h
  dw 00408h,base+0327Bh
  dw 00879h,base+020EBh
  dw 00308h,base+00AEFh
  dw 00778h,base+02645h
  dw 00308h,base+00AEFh
  dw 00778h,base+0264Ch
  dw 00309h,base+00209h
  dw 00678h,base+02A88h
  dw 00108h,base+0000Dh
  dw 00678h,base+02A8Eh
  dw 00108h,base+00003h
  dw 0067Fh,base+02A94h
  dw 00780h,base+02653h
  dw 00780h,base+0265Ah
  dw 00780h,base+02661h
  dw 00780h,base+02668h
  dw 00780h,base+0266Fh
  dw 00780h,base+02676h
  dw 00780h,base+0267Dh
  dw 00780h,base+02684h
  dw 00780h,base+0268Bh
  dw 00780h,base+02692h
  dw 00304h,base+034F6h
  dw 0037Ch,base+0359Bh
  dw 00304h,base+0359Eh
  dw 0037Ch,base+00453h
  dw 00304h,base+00A1Ch
  dw 0037Ch,base+03253h
  dw 00304h,base+035A1h
  dw 0037Ch,base+035A4h
  dw 00304h,base+035A7h
  dw 0037Ch,base+035AAh
  dw 00304h,base+035ADh
  dw 0037Dh,base+035B0h
  dw 00203h,base+0113Ah
  dw 0037Dh,base+02684h
  dw 00304h,base+035B3h
  dw 0037Ch,base+0271Eh
  dw 00304h,base+004A4h
  dw 0037Dh,base+035B6h
  dw 00203h,base+00051h
  dw 0037Eh,base+02414h
  dw 00103h,base+00020h
  dw 0027Dh,base+00011h
  dw 00203h,base+00503h
  dw 0037Dh,base+035B9h
  dw 00203h,base+00B02h
  dw 0037Dh,base+0135Ch
  dw 00204h,base+001E0h
  dw 0027Ch,base+00256h
  dw 00204h,base+00B02h
  dw 0027Dh,base+00423h
  dw 00103h,base+00004h
  dw 0027Dh,base+00969h
  dw 00103h,base+00013h
  dw 0037Dh,base+01D9Ah
  dw 00103h,base+0000Fh
  dw 00380h,base+035BCh
  dw 00380h,base+035BFh
  dw 00381h,base+006B7h
  dw 00281h,base+0009Bh
  dw 00280h,base+005E3h
  dw 00380h,base+035C2h
  dw 00380h,base+035C5h
  dw 00381h,base+035C8h
  dw 00280h,base+01CC6h
  dw 00280h,base+01112h
  dw 00280h,base+036D1h
  dw 00280h,base+034C1h
  dw 00280h,base+036D1h
  dw 00280h,base+034C1h
  dw 00280h,base+01CC6h
  dw 00180h,base+00028h
  dw 00100h,base+0002Eh

cammyPage2frame028:
  db 03Eh,04Fh,056h,033h
  db 070h
  db 053h,037h,011h,04Ch,042h
  db 000h,000h
  db 000h,000h
  dw 00173h,base+00003h
  dw 0020Dh,base+00400h
  dw 00173h,base+00040h
  dw 0020Dh,base+00024h
  dw 00273h,base+00609h
  dw 0020Ch,base+00000h
  dw 00374h,base+035CBh
  dw 0020Ch,base+00000h
  dw 00375h,base+00096h
  dw 0010Ah,base+00039h
  dw 00207h,base+00007h
  dw 0026Fh,base+003B9h
  dw 0010Ah,base+002DFh
  dw 00107h,base+00004h
  dw 0026Fh,base+00850h
  dw 0010Ah,base+00003h
  dw 00106h,base+00005h
  dw 00470h,base+0327Fh
  dw 00109h,base+00000h
  dw 00207h,base+0010Bh
  dw 00570h,base+0296Ah
  dw 00109h,base+00000h
  dw 00106h,base+00003h
  dw 00779h,base+02699h
  dw 00306h,base+035CEh
  dw 00873h,base+020F3h
  dw 00105h,base+00010h
  dw 00102h,base+00003h
  dw 00304h,base+035D1h
  dw 00A75h,base+0180Fh
  dw 00105h,base+00068h
  dw 00B0Dh,base+014ACh
  dw 0036Eh,base+035D4h
  dw 00104h,base+00003h
  dw 00C0Eh,base+010E8h
  dw 0026Eh,base+0002Fh
  dw 00204h,base+00007h
  dw 00406h,base+03283h
  dw 00508h,base+02E8Fh
  dw 0026Fh,base+01475h
  dw 00103h,base+00005h
  dw 00406h,base+03287h
  dw 00577h,base+02E94h
  dw 00103h,base+00003h
  dw 00506h,base+02E99h
  dw 00477h,base+0328Bh
  dw 00103h,base+00001h
  dw 0097Dh,base+01BA6h
  dw 00203h,base+002C6h
  dw 00A7Eh,base+01819h
  dw 00C17h,base+010F4h
  dw 00169h,base+0000Fh
  dw 00D17h,base+00DDEh
  dw 0016Ah,base+0000Dh
  dw 00C0Eh,base+01100h
  dw 00208h,base+00080h
  dw 0026Ah,base+02EA1h
  dw 01115h,base+00978h
  dw 0036Bh,base+035D7h
  dw 01115h,base+00989h
  dw 0046Ch,base+0328Fh
  dw 01014h,base+00A2Fh
  dw 0046Eh,base+03293h
  dw 00102h,base+00003h
  dw 00C10h,base+0110Ch
  dw 00570h,base+02E9Eh
  dw 00D10h,base+00DEBh
  dw 00570h,base+02EA3h
  dw 00D10h,base+00DF8h
  dw 00103h,base+000D7h
  dw 0026Dh,base+00779h
  dw 00D0Fh,base+00E05h
  dw 00205h,base+004A6h
  dw 0016Ch,base+0002Dh
  dw 00D0Fh,base+00E12h
  dw 00205h,base+01CC6h
  dw 0016Ch,base+00003h
  dw 00304h,base+035DAh
  dw 0090Ah,base+01BAFh
  dw 00372h,base+01A48h
  dw 00307h,base+0311Ch
  dw 00607h,base+02A9Ah
  dw 00372h,base+035DDh
  dw 00307h,base+035E0h
  dw 00607h,base+02AA0h
  dw 00372h,base+00A2Ch
  dw 00307h,base+035E3h
  dw 00A79h,base+01823h
  dw 00308h,base+035E6h
  dw 00878h,base+020FBh
  dw 00308h,base+035E9h
  dw 00878h,base+02103h
  dw 00308h,base+01E7Bh
  dw 00878h,base+0210Bh
  dw 00208h,base+025EAh
  dw 00878h,base+02113h
  dw 00208h,base+00A50h
  dw 00878h,base+0211Bh
  dw 00308h,base+035ECh
  dw 00878h,base+02123h
  dw 00408h,base+03297h
  dw 00778h,base+026A0h
  dw 00408h,base+0329Bh
  dw 00778h,base+026A7h
  dw 00408h,base+0329Fh
  dw 00778h,base+026AEh
  dw 00408h,base+032A3h
  dw 00779h,base+026B5h
  dw 00308h,base+02DCAh
  dw 00578h,base+02EA8h
  dw 00208h,base+007A6h
  dw 00379h,base+035EFh
  dw 00107h,base+00003h
  dw 00380h,base+035F2h
  dw 00380h,base+0070Dh
  dw 00381h,base+00C91h
  dw 00280h,base+00A0Bh
  dw 00280h,base+005C6h
  dw 00380h,base+035F5h
  dw 00380h,base+035F8h
  dw 00480h,base+032A7h
  dw 00481h,base+032ABh
  dw 00380h,base+035FBh
  dw 00380h,base+0284Ch
  dw 00381h,base+0026Bh
  dw 00280h,base+00146h
  dw 00280h,base+00080h
  dw 00281h,base+007F2h
  dw 00280h,base+00176h
  dw 00280h,base+01F63h
  dw 00280h,base+00215h
  dw 00280h,base+00643h
  dw 00281h,base+0003Ah
  dw 00180h,base+00013h
  dw 00280h,base+000DFh
  dw 00280h,base+01BBBh
  dw 00381h,base+00AC2h
  dw 00280h,base+02E3Ah
  dw 00280h,base+00576h
  dw 00280h,base+01ACDh
  dw 00280h,base+000D6h
  dw 00280h,base+00158h
  dw 00280h,base+004B3h
  dw 00281h,base+00726h
  dw 00180h,base+00028h
  dw 00100h,base+00003h

cammyPage2frame029:
  db 02Eh,063h,06Eh,020h
  db 098h
  db 054h,046h,02Bh,057h,038h
  db 09Eh,03Ah
  db 090h,06Bh
  dw 0017Fh,base+00020h
  dw 0037Eh,base+00389h
  dw 00580h,base+02EADh
  dw 00480h,base+032AFh
  dw 00380h,base+035FEh
  dw 00380h,base+03601h
  dw 00280h,base+036B3h
  dw 00280h,base+00ACCh
  dw 00280h,base+005F0h
  dw 00180h,base+00014h
  dw 00180h,base+000D7h
  dw 0017Fh,base+0016Dh
  dw 0027Fh,base+0003Bh
  dw 00380h,base+03604h
  dw 00381h,base+035BFh
  dw 0027Fh,base+0118Ah
  dw 00280h,base+01DAFh
  dw 0027Fh,base+00256h
  dw 00380h,base+00B0Bh
  dw 00380h,base+03607h
  dw 00280h,base+01987h
  dw 00280h,base+00021h
  dw 00280h,base+00021h
  dw 00280h,base+00B68h
  dw 00280h,base+00423h
  dw 00280h,base+000CAh
  dw 00280h,base+005AAh
  dw 00280h,base+0077Fh
  dw 0017Fh,base+00040h
  dw 00280h,base+006E0h
  dw 0027Fh,base+00146h
  dw 00380h,base+00613h
  dw 00380h,base+0026Bh
  dw 0037Fh,base+000ACh
  dw 00478h,base+032B3h
  dw 00108h,base+0004Eh
  dw 00478h,base+032B7h
  dw 00208h,base+00BCDh
  dw 00478h,base+032BBh
  dw 00207h,base+00400h
  dw 00579h,base+02EB2h
  dw 00207h,base+001E5h
  dw 00479h,base+032BFh
  dw 00207h,base+00088h
  dw 00478h,base+032C3h
  dw 00308h,base+005CBh
  dw 00478h,base+01018h
  dw 00407h,base+032C7h
  dw 00579h,base+02EB7h
  dw 00407h,base+032CBh
  dw 0047Ah,base+00AA3h
  dw 00306h,base+001D1h
  dw 0047Ch,base+032CFh
  dw 00204h,base+0020Ah
  dw 0047Ch,base+032D3h
  dw 00204h,base+0235Ah
  dw 0047Ch,base+032D7h
  dw 00203h,base+00088h
  dw 0057Dh,base+02EBCh
  dw 00880h,base+0212Bh
  dw 00980h,base+01BB8h
  dw 00980h,base+01BC1h
  dw 0097Dh,base+01BCAh
  dw 00103h,base+00006h
  dw 0097Ch,base+01BD3h
  dw 00D80h,base+00E1Fh
  dw 00203h,base+036D3h
  dw 00A7Dh,base+0182Dh
  dw 00103h,base+00001h
  dw 00A7Dh,base+01837h
  dw 00103h,base+00001h
  dw 00A7Dh,base+01841h
  dw 00103h,base+00039h
  dw 00A7Dh,base+0184Bh
  dw 00103h,base+00039h
  dw 0097Dh,base+01BDCh
  dw 00C7Fh,base+01118h
  dw 00D7Fh,base+00E2Ch
  dw 00E80h,base+00B6Ch
  dw 00D80h,base+00E39h
  dw 0090Ah,base+01BE5h
  dw 00376h,base+0210Dh
  dw 0090Ah,base+01BEEh
  dw 00376h,base+0360Ah
  dw 0090Ah,base+01BF7h
  dw 00376h,base+0191Bh
  dw 0090Ah,base+01C00h
  dw 00276h,base+0001Bh
  dw 0090Ah,base+01C09h
  dw 00276h,base+0001Bh
  dw 00C80h,base+01124h
  dw 00507h,base+02EC1h
  dw 0067Ah,base+02AA6h
  dw 00406h,base+032DBh
  dw 0067Ah,base+02AACh
  dw 00406h,base+032DFh
  dw 0067Bh,base+02AB2h
  dw 00206h,base+0009Ah
  dw 0067Bh,base+02AB8h
  dw 00205h,base+01F6Ch
  dw 0067Ah,base+02ABEh
  dw 00208h,base+005C8h
  dw 00478h,base+032E3h
  dw 00209h,base+02FACh
  dw 00378h,base+00C96h
  dw 00108h,base+00000h
  dw 00377h,base+018ACh
  dw 0020Ah,base+005C8h
  dw 00276h,base+006E9h
  dw 0020Ah,base+002C6h
  dw 00277h,base+036D5h
  dw 00109h,base+00008h
  dw 00277h,base+00343h
  dw 00109h,base+00008h
  dw 00280h,base+00347h
  dw 00277h,base+00213h
  dw 00109h,base+00008h
  dw 00277h,base+0008Bh
  dw 00109h,base+00008h
  dw 00281h,base+022B7h
  dw 00175h,base+000D7h
  dw 0010Bh,base+00000h
  dw 00175h,base+00015h
  dw 0010Bh,base+00000h
  dw 00275h,base+0020Ah
  dw 0010Bh,base+00003h
  dw 00275h,base+00213h
  dw 0010Bh,base+00008h
  dw 00375h,base+0360Dh
  dw 0010Bh,base+00008h
  dw 00375h,base+03610h
  dw 0010Bh,base+00003h
  dw 00374h,base+03613h
  dw 0020Ch,base+01142h
  dw 00374h,base+03616h
  dw 0020Bh,base+036D7h
  dw 00375h,base+03619h
  dw 0030Bh,base+009BDh
  dw 00375h,base+0361Ch
  dw 0030Bh,base+009BDh
  dw 00274h,base+0077Ah
  dw 0040Bh,base+032E7h
  dw 00375h,base+0361Fh
  dw 0040Bh,base+032EBh
  dw 00275h,base+01D17h
  dw 0020Bh,base+00001h
  dw 00275h,base+0048Ah
  dw 00281h,base+0052Ah
  dw 00100h,base+00020h

cammyPage2frame030:
  db 026h,051h,070h,033h
  db 086h
  db 064h,02Dh,025h,067h,02Bh
  db 000h,000h
  db 000h,000h
  dw 0027Bh,base+0002Fh
  dw 00104h,base+00003h
  dw 0047Bh,base+01480h
  dw 00305h,base+03622h
  dw 0047Bh,base+00088h
  dw 00304h,base+00209h
  dw 0057Ch,base+02A6Ah
  dw 00304h,base+00207h
  dw 0057Ch,base+02EC6h
  dw 00304h,base+00271h
  dw 0057Ch,base+02ECBh
  dw 00304h,base+006B7h
  dw 0067Dh,base+02AC4h
  dw 00103h,base+0004Eh
  dw 0067Dh,base+02ACAh
  dw 00103h,base+0000Dh
  dw 0077Dh,base+026BCh
  dw 00103h,base+0000Dh
  dw 0077Dh,base+026C3h
  dw 00103h,base+0000Dh
  dw 00506h,base+02ED0h
  dw 00177h,base+00230h
  dw 00203h,base+0020Ah
  dw 00506h,base+02ED5h
  dw 00177h,base+00230h
  dw 00203h,base+0020Ah
  dw 00406h,base+032EFh
  dw 00177h,base+00230h
  dw 00780h,base+026CAh
  dw 00880h,base+02133h
  dw 00980h,base+01C12h
  dw 00880h,base+0213Bh
  dw 00980h,base+01C1Bh
  dw 00980h,base+01C24h
  dw 00980h,base+01C2Dh
  dw 00980h,base+01C36h
  dw 0087Fh,base+02143h
  dw 00980h,base+01C3Fh
  dw 0097Fh,base+01C48h
  dw 00A80h,base+01855h
  dw 0097Fh,base+01C51h
  dw 00406h,base+032F3h
  dw 00479h,base+00541h
  dw 00506h,base+02EDAh
  dw 00579h,base+02EDFh
  dw 00C80h,base+01130h
  dw 00C81h,base+0113Ch
  dw 00102h,base+00001h
  dw 00A7Eh,base+0185Fh
  dw 00102h,base+00230h
  dw 00304h,base+03127h
  dw 0067Dh,base+02AD0h
  dw 00203h,base+000FFh
  dw 00680h,base+02AD6h
  dw 00780h,base+026D1h
  dw 00780h,base+026D8h
  dw 0077Fh,base+026DFh
  dw 00880h,base+0214Bh
  dw 00880h,base+02153h
  dw 00880h,base+0215Bh
  dw 0087Fh,base+02163h
  dw 00980h,base+01C5Ah
  dw 00405h,base+032F7h
  dw 0047Bh,base+032FBh
  dw 00405h,base+032FFh
  dw 0047Bh,base+026D4h
  dw 00405h,base+03303h
  dw 0047Bh,base+031FBh
  dw 00405h,base+03307h
  dw 0047Bh,base+0330Bh
  dw 00305h,base+03625h
  dw 0047Bh,base+0330Bh
  dw 00305h,base+03628h
  dw 0037Bh,base+0362Bh
  dw 00305h,base+00B3Fh
  dw 0037Ah,base+019D3h
  dw 00407h,base+0316Bh
  dw 00279h,base+00C49h
  dw 00307h,base+0357Dh
  dw 00379h,base+0362Eh
  dw 00307h,base+018E0h
  dw 00379h,base+01C87h
  dw 00208h,base+00022h
  dw 00378h,base+03631h
  dw 00208h,base+00146h
  dw 00378h,base+01E63h
  dw 00208h,base+000CAh
  dw 00378h,base+03634h
  dw 00208h,base+00B68h
  dw 00378h,base+00422h
  dw 00209h,base+00730h
  dw 00277h,base+006E9h
  dw 00209h,base+000C1h
  dw 00277h,base+0001Bh
  dw 00209h,base+00081h
  dw 00377h,base+03637h
  dw 0020Ah,base+03379h
  dw 00276h,base+00343h
  dw 00209h,base+002A2h
  dw 00377h,base+0363Ah
  dw 00209h,base+0001Bh
  dw 00377h,base+035DDh
  dw 0020Ah,base+000FAh
  dw 00275h,base+0003Bh
  dw 0030Bh,base+0363Dh
  dw 00275h,base+03643h
  dw 0020Ch,base+00A50h
  dw 00274h,base+00132h
  dw 0020Ch,base+004C4h
  dw 00274h,base+01ACDh
  dw 0020Ch,base+00E88h
  dw 00273h,base+001D2h
  dw 0030Dh,base+03640h
  dw 00373h,base+03643h
  dw 0030Eh,base+00666h
  dw 00272h,base+01CC6h
  dw 0030Eh,base+00058h
  dw 00273h,base+02E3Ah
  dw 0020Dh,base+0002Fh
  dw 00273h,base+000D6h
  dw 0010Dh,base+0000Dh
  dw 00273h,base+02883h
  dw 0010Dh,base+000D7h
  dw 00273h,base+0070Bh
  dw 0010Dh,base+000D7h
  dw 00272h,base+02915h
  dw 0020Eh,base+006F3h
  dw 00272h,base+0147Ch
  dw 0020Fh,base+0070Bh
  dw 00171h,base+000D7h
  dw 0020Fh,base+00779h
  dw 00170h,base+00003h
  dw 00380h,base+01D1Ah
  dw 0037Fh,base+03646h
  dw 0047Fh,base+0330Fh
  dw 00580h,base+02EE4h
  dw 00300h,base+00142h

cammyPage2frame031:
  db 046h,043h,06Eh,041h
  db 08Eh
  db 06Eh,046h,019h,06Bh,038h
  db 0B5h,046h
  db 096h,047h
  dw 00280h,base+00055h
  dw 0037Fh,base+00303h
  dw 00480h,base+0089Ah
  dw 00580h,base+00088h
  dw 00580h,base+00088h
  dw 00580h,base+00088h
  dw 00580h,base+00D5Fh
  dw 00581h,base+02EE9h
  dw 0047Fh,base+03313h
  dw 00612h,base+02ADCh
  dw 0016Eh,base+00003h
  dw 00611h,base+02AE2h
  dw 0036Fh,base+03649h
  dw 00811h,base+0216Bh
  dw 0036Fh,base+0364Ch
  dw 0090Dh,base+01C63h
  dw 00773h,base+026E6h
  dw 0147Fh,base+00708h
  dw 01580h,base+006CBh
  dw 01380h,base+007DCh
  dw 01180h,base+0099Ah
  dw 00C0Dh,base+01148h
  dw 00273h,base+00367h
  dw 0087Fh,base+02173h
  dw 00980h,base+01C6Ch
  dw 00980h,base+01C75h
  dw 00980h,base+01C7Eh
  dw 00980h,base+01C87h
  dw 0097Fh,base+01C90h
  dw 00203h,base+0026Bh
  dw 00102h,base+00003h
  dw 0057Ah,base+02EEEh
  dw 00506h,base+02EF3h
  dw 0047Ah,base+03317h
  dw 00506h,base+02EF8h
  dw 00679h,base+02AE8h
  dw 00506h,base+02EFDh
  dw 0077Ah,base+026EDh
  dw 00506h,base+02F02h
  dw 00778h,base+026F4h
  dw 00406h,base+03177h
  dw 00102h,base+00008h
  dw 00777h,base+026FBh
  dw 00409h,base+0331Bh
  dw 00776h,base+02702h
  dw 00407h,base+02D72h
  dw 00103h,base+002DFh
  dw 00876h,base+0217Bh
  dw 00307h,base+00CA7h
  dw 00102h,base+00001h
  dw 00976h,base+01C99h
  dw 00307h,base+02E8Ch
  dw 00C80h,base+01154h
  dw 00D80h,base+00E46h
  dw 00D81h,base+00E53h
  dw 00C80h,base+01160h
  dw 00A80h,base+01869h
  dw 00A80h,base+01873h
  dw 00506h,base+02F07h
  dw 0047Ah,base+01603h
  dw 00406h,base+0331Fh
  dw 00479h,base+029BEh
  dw 00507h,base+02F0Ch
  dw 00379h,base+0049Eh
  dw 00507h,base+02F11h
  dw 00379h,base+00F28h
  dw 00407h,base+03323h
  dw 00379h,base+02D4Ch
  dw 00407h,base+03327h
  dw 00378h,base+0364Fh
  dw 00408h,base+0332Bh
  dw 00378h,base+02FA9h
  dw 00308h,base+00162h
  dw 00377h,base+00F76h
  dw 0040Ah,base+0332Fh
  dw 00376h,base+03652h
  dw 0030Ah,base+00161h
  dw 00375h,base+03655h
  dw 0040Bh,base+03333h
  dw 00374h,base+003FCh
  dw 0040Ch,base+03337h
  dw 00374h,base+033D6h
  dw 0030Dh,base+000ACh
  dw 00273h,base+000C1h
  dw 0030Dh,base+00123h
  dw 00372h,base+03658h
  dw 0040Fh,base+0333Bh
  dw 00370h,base+020D4h
  dw 00410h,base+031CFh
  dw 00370h,base+0365Bh
  dw 00410h,base+01F7Fh
  dw 0036Fh,base+0365Eh
  dw 00411h,base+0333Fh
  dw 0036Fh,base+03661h
  dw 00312h,base+00A36h
  dw 0026Eh,base+00098h
  dw 00313h,base+00981h
  dw 0016Ch,base+0004Eh
  dw 00414h,base+03343h
  dw 0016Bh,base+0000Dh
  dw 00415h,base+03347h
  dw 0016Ah,base+00004h
  dw 00316h,base+03664h
  dw 00269h,base+02033h
  dw 00417h,base+0334Bh
  dw 00269h,base+00769h
  dw 00317h,base+03667h
  dw 00368h,base+0366Ah
  dw 00419h,base+0334Fh
  dw 00267h,base+036D9h
  dw 00319h,base+03586h
  dw 00368h,base+03586h
  dw 00118h,base+00003h
  dw 00300h,base+011E4h

cammyPage2frame032:
  db 056h,01Fh,05Ah,057h
  db 072h
  db 059h,02Bh,00Bh,052h,071h
  db 0B1h,073h
  db 092h,074h
  dw 0027Fh,base+0020Ah
  dw 0037Fh,base+00088h
  dw 00480h,base+0089Ah
  dw 00507h,base+02F16h
  dw 0016Fh,base+00006h
  dw 0020Ah,base+001DAh
  dw 00A0Dh,base+0187Dh
  dw 0016Ah,base+0004Eh
  dw 00203h,base+0027Ch
  dw 00104h,base+00020h
  dw 01179h,base+009ABh
  dw 01980h,base+00578h
  dw 01A80h,base+0052Bh
  dw 00203h,base+018E8h
  dw 00104h,base+00003h
  dw 00102h,base+00003h
  dw 01276h,base+008CBh
  dw 00204h,base+0004Eh
  dw 00103h,base+00020h
  dw 00103h,base+00020h
  dw 01376h,base+007EFh
  dw 00203h,base+00579h
  dw 01115h,base+009BCh
  dw 00568h,base+02F1Bh
  dw 0171Bh,base+00608h
  dw 00365h,base+004A1h
  dw 00304h,base+0366Dh
  dw 00103h,base+00003h
  dw 00103h,base+00003h
  dw 00102h,base+00003h
  dw 00C0Fh,base+0116Ch
  dw 00365h,base+03670h
  dw 0010Bh,base+00010h
  dw 01375h,base+00802h
  dw 0010Bh,base+00003h
  dw 01275h,base+008DDh
  dw 0010Bh,base+0000Ah
  dw 01175h,base+009CDh
  dw 0020Ah,base+0043Ch
  dw 01376h,base+00815h
  dw 0030Ah,base+03673h
  dw 01476h,base+0071Ch
  dw 00407h,base+03353h
  dw 00607h,base+02AEEh
  dw 01473h,base+00730h
  dw 00B0Ch,base+014B7h
  dw 01974h,base+00591h
  dw 00B0Ch,base+014C2h
  dw 01A74h,base+00545h
  dw 00A0Bh,base+01887h
  dw 01E76h,base+003A8h
  dw 0080Ah,base+02183h
  dw 00C0Eh,base+01178h
  dw 01168h,base+009DEh
  dw 0070Ah,base+02709h
  dw 00405h,base+03357h
  dw 0050Eh,base+02F20h
  dw 00C67h,base+01184h
  dw 0090Ch,base+01CA2h
  dw 0030Eh,base+01428h
  dw 00204h,base+00056h
  dw 00763h,base+02710h
  dw 0080Ch,base+0218Bh
  dw 00215h,base+00367h
  dw 0035Fh,base+03676h
  dw 00722h,base+02717h
  dw 0025Fh,base+004A6h
  dw 00522h,base+02F25h
  dw 0015Eh,base+00003h
  dw 00482h,base+0335Bh
  dw 00280h,base+0190Ah
  dw 00100h,base+00003h

cammyPage2frame033:
  db 02Ch,030h,070h,058h
  db 084h
  db 06Bh,02Fh,01Dh,06Dh,02Dh
  db 000h,000h
  db 000h,000h
  dw 00380h,base+0002Fh
  dw 0037Fh,base+00088h
  dw 00580h,base+017A1h
  dw 00580h,base+02A6Ah
  dw 00581h,base+02F2Ah
  dw 0047Fh,base+0335Fh
  dw 00578h,base+02F2Fh
  dw 00108h,base+00040h
  dw 00678h,base+02AF4h
  dw 00107h,base+00024h
  dw 00506h,base+02F34h
  dw 00172h,base+00145h
  dw 00308h,base+03679h
  dw 00607h,base+02AFAh
  dw 00172h,base+0001Ch
  dw 00206h,base+00BBEh
  dw 0097Ah,base+01CABh
  dw 00306h,base+0367Ch
  dw 0097Bh,base+01CB4h
  dw 00304h,base+0367Fh
  dw 00A7Eh,base+01891h
  dw 00B80h,base+014CDh
  dw 00104h,base+00003h
  dw 00780h,base+0271Eh
  dw 00780h,base+02725h
  dw 00880h,base+02193h
  dw 00880h,base+0219Bh
  dw 00607h,base+02B00h
  dw 00178h,base+00145h
  dw 00708h,base+0272Ch
  dw 00273h,base+009BEh
  dw 00204h,base+036DBh
  dw 00709h,base+02733h
  dw 00274h,base+036DDh
  dw 00B0Dh,base+014D8h
  dw 00172h,base+00001h
  dw 00C0Eh,base+01190h
  dw 00172h,base+00230h
  dw 00C80h,base+0119Ch
  dw 00C80h,base+011A8h
  dw 00206h,base+0119Bh
  dw 0077Ah,base+0273Ah
  dw 00206h,base+00513h
  dw 00880h,base+021A3h
  dw 0097Fh,base+01CBDh
  dw 00B80h,base+014E3h
  dw 00C80h,base+011B4h
  dw 00D81h,base+00E60h
  dw 00D80h,base+00E6Dh
  dw 00D81h,base+00E7Ah
  dw 00D80h,base+00E87h
  dw 00D81h,base+00E94h
  dw 00506h,base+02F39h
  dw 0067Bh,base+0011Ch
  dw 00B82h,base+014EEh
  dw 00880h,base+021ABh
  dw 00981h,base+01CC6h
  dw 00780h,base+02741h
  dw 00680h,base+02B06h
  dw 00680h,base+02B0Ch
  dw 0057Eh,base+02F3Eh
  dw 0067Fh,base+02B12h
  dw 0087Dh,base+021B3h
  dw 00982h,base+01CCFh
  dw 0077Bh,base+02748h
  dw 00700h,base+0274Fh

cammyPage2frame034:
  db 036h,034h,070h,050h
  db 08Ch
  db 06Eh,02Fh,026h,070h,02Dh
  db 000h,000h
  db 000h,000h
  dw 00380h,base+005CBh
  dw 0047Fh,base+00541h
  dw 00580h,base+02A6Ah
  dw 00580h,base+02F43h
  dw 00580h,base+02F48h
  dw 0057Bh,base+00229h
  dw 00105h,base+00003h
  dw 0057Bh,base+02F4Dh
  dw 00105h,base+0000Eh
  dw 0057Ah,base+02F52h
  dw 00405h,base+03363h
  dw 0077Bh,base+02756h
  dw 00C7Fh,base+011C0h
  dw 00D80h,base+00EA1h
  dw 00B0Ch,base+014F9h
  dw 00173h,base+00001h
  dw 00B0Dh,base+01504h
  dw 00173h,base+00068h
  dw 00B0Ch,base+0150Fh
  dw 00273h,base+036A3h
  dw 00C0Dh,base+011CCh
  dw 00173h,base+00011h
  dw 00C80h,base+011D8h
  dw 00506h,base+02F57h
  dw 0077Ah,base+0275Dh
  dw 00405h,base+03367h
  dw 0087Bh,base+021BBh
  dw 00205h,base+0002Fh
  dw 0087Fh,base+021C3h
  dw 0097Dh,base+01CD8h
  dw 00C7Fh,base+011E4h
  dw 00506h,base+02F5Ch
  dw 0077Bh,base+02764h
  dw 00205h,base+008EBh
  dw 0077Bh,base+0276Bh
  dw 00104h,base+00230h
  dw 00506h,base+02F61h
  dw 00279h,base+008F8h
  dw 00507h,base+02F66h
  dw 00279h,base+008F8h
  dw 00507h,base+02F6Bh
  dw 00279h,base+00423h
  dw 00607h,base+02B18h
  dw 00279h,base+02126h
  dw 00A7Fh,base+0189Bh
  dw 00C80h,base+011F0h
  dw 00C80h,base+011FCh
  dw 00C80h,base+01208h
  dw 00C80h,base+01214h
  dw 00D80h,base+00EAEh
  dw 00D80h,base+00EBBh
  dw 00D80h,base+00EC8h
  dw 0090Ah,base+01CE1h
  dw 00376h,base+00D23h
  dw 0080Ah,base+021CBh
  dw 00476h,base+0336Bh
  dw 00406h,base+0336Fh
  dw 00105h,base+00003h
  dw 00375h,base+006E8h
  dw 0040Bh,base+03373h
  dw 00370h,base+009C5h
  dw 00105h,base+00003h
  dw 0040Ch,base+03377h
  dw 0036Eh,base+03637h
  dw 00207h,base+00389h
  dw 0030Ch,base+03378h
  dw 0026Dh,base+008B1h
  dw 00207h,base+01551h
  dw 0030Ch,base+03682h
  dw 0026Dh,base+036DFh
  dw 00307h,base+03685h
  dw 0030Ch,base+00762h
  dw 0026Dh,base+0147Ch
  dw 00507h,base+02F70h
  dw 0030Ch,base+018ACh
  dw 0026Dh,base+00488h
  dw 00A14h,base+018A5h
  dw 0016Bh,base+00014h
  dw 00B15h,base+0151Ah
  dw 0026Bh,base+01438h
  dw 00204h,base+00213h
  dw 00712h,base+02772h
  dw 0016Ah,base+0000Ch
  dw 00204h,base+01CC6h
  dw 00712h,base+02779h
  dw 0026Ah,base+0151Eh
  dw 00204h,base+02384h
  dw 00612h,base+02B1Eh
  dw 0036Ah,base+03688h
  dw 00206h,base+00016h
  dw 00410h,base+00F45h
  dw 0046Ah,base+0337Bh
  dw 00207h,base+00389h
  dw 0030Fh,base+00AFFh
  dw 0056Bh,base+02F75h
  dw 00107h,base+00020h
  dw 0020Eh,base+00327h
  dw 00500h,base+02F7Ah

cammyPage2frame035:
  db 040h,04Ah,070h,03Ah
  db 0ACh
  db 069h,046h,019h,066h,038h
  db 0B1h,040h
  db 09Eh,05Eh
  dw 00180h,base+00003h
  dw 0017Fh,base+0000Eh
  dw 00380h,base+0368Bh
  dw 00380h,base+00209h
  dw 00380h,base+00209h
  dw 0027Fh,base+00389h
  dw 00380h,base+004F2h
  dw 0027Fh,base+0020Ah
  dw 00380h,base+00209h
  dw 0027Fh,base+00088h
  dw 00376h,base+00389h
  dw 0030Ah,base+0002Fh
  dw 00376h,base+00759h
  dw 00309h,base+00088h
  dw 00376h,base+0368Eh
  dw 0050Ah,base+017A1h
  dw 00376h,base+009B8h
  dw 0050Ah,base+006DAh
  dw 00376h,base+009C5h
  dw 00509h,base+02F7Fh
  dw 00377h,base+031C0h
  dw 00408h,base+0337Fh
  dw 00477h,base+03383h
  dw 00508h,base+02F84h
  dw 00478h,base+03387h
  dw 00607h,base+02B24h
  dw 00479h,base+0338Bh
  dw 00B7Fh,base+01525h
  dw 00203h,base+00BB2h
  dw 0087Dh,base+021D3h
  dw 00203h,base+00BB2h
  dw 0087Eh,base+021DBh
  dw 00A80h,base+018AFh
  dw 00980h,base+01CEAh
  dw 00980h,base+01CF3h
  dw 00708h,base+02780h
  dw 00278h,base+0009Ah
  dw 00809h,base+021E3h
  dw 00177h,base+00001h
  dw 00809h,base+021EBh
  dw 00176h,base+00000h
  dw 0097Dh,base+01CFCh
  dw 00103h,base+00020h
  dw 0080Bh,base+021F3h
  dw 00172h,base+00008h
  dw 00B0Eh,base+01530h
  dw 00171h,base+00008h
  dw 00506h,base+02F89h
  dw 00509h,base+02F8Eh
  dw 00171h,base+00003h
  dw 00506h,base+02F93h
  dw 00509h,base+02F98h
  dw 00171h,base+00000h
  dw 00B0Fh,base+0153Bh
  dw 00172h,base+00000h
  dw 0090Eh,base+01D05h
  dw 00172h,base+00003h
  dw 0090Eh,base+01D0Eh
  dw 00172h,base+00004h
  dw 0090Eh,base+01D17h
  dw 00173h,base+00000h
  dw 00102h,base+00003h
  dw 0050Bh,base+02F9Dh
  dw 00274h,base+01F6Ch
  dw 0060Ch,base+02B2Ah
  dw 00274h,base+00007h
  dw 0060Ch,base+02B30h
  dw 00274h,base+00000h
  dw 0060Ch,base+02B36h
  dw 00274h,base+00055h
  dw 00680h,base+02B3Ch
  dw 00780h,base+02787h
  dw 00880h,base+021FBh
  dw 00880h,base+02203h
  dw 00980h,base+01D20h
  dw 00980h,base+01D29h
  dw 00A7Fh,base+018B9h
  dw 00B80h,base+01546h
  dw 00C80h,base+01220h
  dw 00506h,base+02FA2h
  dw 0067Ah,base+02B42h
  dw 00407h,base+0338Fh
  dw 00579h,base+02FA7h
  dw 00408h,base+03393h
  dw 00478h,base+03397h
  dw 00409h,base+01B28h
  dw 00376h,base+03436h
  dw 0040Ah,base+0339Bh
  dw 00376h,base+00B0Bh
  dw 0040Ah,base+0339Fh
  dw 00376h,base+009C5h
  dw 0030Ah,base+01C3Fh
  dw 00374h,base+03691h
  dw 0050Ch,base+02FACh
  dw 00374h,base+03691h
  dw 0050Ch,base+02FB1h
  dw 00373h,base+03694h
  dw 0050Eh,base+02FB6h
  dw 00272h,base+0045Ch
  dw 0050Eh,base+02FBBh
  dw 00270h,base+0237Eh
  dw 00610h,base+02B48h
  dw 0026Dh,base+016B2h
  dw 00103h,base+00003h
  dw 00510h,base+02FC0h
  dw 0036Ch,base+019D0h
  dw 00814h,base+0220Bh
  dw 0036Ch,base+03697h
  dw 00714h,base+0278Eh
  dw 0036Ch,base+035DDh
  dw 00614h,base+02B4Eh
  dw 0026Ch,base+004A6h
  dw 00515h,base+02FC5h
  dw 0016Bh,base+00003h
  dw 00215h,base+02384h
  dw 0016Ah,base+00014h
  dw 00216h,base+01551h
  dw 0026Ah,base+0135Ah
  dw 00216h,base+009E8h
  dw 0026Ah,base+001D2h
  dw 00216h,base+005F0h
  dw 0036Ah,base+0369Ah
  dw 00216h,base+0164Dh
  dw 0046Ah,base+033A3h
  dw 00216h,base+0020Ah
  dw 0056Ah,base+00640h
  dw 00216h,base+00055h
  dw 00500h,base+02F7Ah

cammyPage2frame036:
  db 036h,032h,070h,052h
  db 08Ch
  db 06Eh,02Fh,025h,070h,030h
  db 000h,000h
  db 000h,000h
  dw 0037Fh,base+006B7h
  dw 00480h,base+0089Ah
  dw 0057Fh,base+006DAh
  dw 00680h,base+02B54h
  dw 00581h,base+02FCAh
  dw 00580h,base+02FCFh
  dw 0067Fh,base+02B5Ah
  dw 00506h,base+02FD4h
  dw 0017Ah,base+00068h
  dw 00506h,base+02FD9h
  dw 0017Ah,base+00001h
  dw 00506h,base+02FDEh
  dw 00179h,base+00068h
  dw 00507h,base+02FE3h
  dw 00179h,base+0001Ch
  dw 00506h,base+02FE8h
  dw 00105h,base+00006h
  dw 00174h,base+00003h
  dw 0060Bh,base+02B60h
  dw 00271h,base+036E1h
  dw 00103h,base+00020h
  dw 0070Ch,base+02795h
  dw 00370h,base+0369Dh
  dw 01380h,base+00828h
  dw 0127Fh,base+008EFh
  dw 00205h,base+036E3h
  dw 00E7Ah,base+00B7Ah
  dw 00206h,base+0113Ch
  dw 00C7Ah,base+0122Ch
  dw 00204h,base+00055h
  dw 00D80h,base+00ED5h
  dw 00C80h,base+01238h
  dw 00880h,base+02213h
  dw 00780h,base+0279Ch
  dw 00680h,base+02B66h
  dw 00680h,base+02B6Ch
  dw 00681h,base+02B72h
  dw 00507h,base+02FEDh
  dw 00378h,base+0032Ch
  dw 00C80h,base+011F0h
  dw 00C80h,base+011FCh
  dw 00C80h,base+01208h
  dw 00C80h,base+01214h
  dw 00D80h,base+00EAEh
  dw 00D80h,base+00EBBh
  dw 00D80h,base+00EC8h
  dw 0090Ah,base+01CE1h
  dw 00376h,base+00D23h
  dw 0080Ah,base+021CBh
  dw 00476h,base+0336Bh
  dw 00406h,base+0336Fh
  dw 00105h,base+00003h
  dw 00375h,base+02D4Ch
  dw 0040Bh,base+03373h
  dw 00370h,base+009C5h
  dw 00105h,base+00003h
  dw 0040Ch,base+03377h
  dw 0036Eh,base+03637h
  dw 00207h,base+00389h
  dw 0030Ch,base+03378h
  dw 0026Dh,base+008B1h
  dw 00207h,base+01551h
  dw 0030Ch,base+03682h
  dw 0026Dh,base+036DFh
  dw 00307h,base+03685h
  dw 0030Ch,base+00762h
  dw 0026Dh,base+0147Ch
  dw 00507h,base+02F70h
  dw 0030Ch,base+018ACh
  dw 0026Dh,base+00488h
  dw 00A14h,base+018C3h
  dw 0016Bh,base+00014h
  dw 00B15h,base+01551h
  dw 0026Bh,base+01438h
  dw 00204h,base+00213h
  dw 00712h,base+027A3h
  dw 0016Ah,base+0000Ch
  dw 00204h,base+01CC6h
  dw 00712h,base+02779h
  dw 0026Ah,base+0151Eh
  dw 00204h,base+02384h
  dw 00612h,base+02B1Eh
  dw 0036Ah,base+03688h
  dw 00206h,base+00016h
  dw 00410h,base+00C43h
  dw 0046Ah,base+0337Bh
  dw 00207h,base+00389h
  dw 0030Fh,base+00AFFh
  dw 0056Bh,base+02F75h
  dw 00107h,base+00020h
  dw 0020Eh,base+00327h
  dw 00500h,base+02F7Ah

cammyPage2frame037:
  db 02Ch,033h,070h,042h
  db 084h
  db 06Fh,02Fh,026h,071h,02Dh
  db 000h,000h
  db 000h,000h
  dw 00380h,base+0002Fh
  dw 0037Fh,base+00088h
  dw 00580h,base+017A1h
  dw 00580h,base+02A6Ah
  dw 00581h,base+02F2Ah
  dw 0047Fh,base+033A7h
  dw 00578h,base+02FF2h
  dw 00108h,base+00040h
  dw 00678h,base+02AF4h
  dw 00107h,base+00001h
  dw 00506h,base+02F34h
  dw 00172h,base+000E2h
  dw 00308h,base+03679h
  dw 00607h,base+02B78h
  dw 00172h,base+00039h
  dw 00206h,base+036E5h
  dw 0097Ah,base+01CABh
  dw 00306h,base+036A0h
  dw 0097Bh,base+01CB4h
  dw 00304h,base+0367Fh
  dw 00A7Eh,base+01891h
  dw 00B80h,base+0155Ch
  dw 00104h,base+00003h
  dw 00780h,base+0271Eh
  dw 00780h,base+02725h
  dw 00880h,base+02193h
  dw 00880h,base+0219Bh
  dw 00607h,base+02B00h
  dw 00178h,base+000E2h
  dw 00708h,base+0272Ch
  dw 00273h,base+009BEh
  dw 00204h,base+036DBh
  dw 00709h,base+02733h
  dw 00274h,base+0113Ch
  dw 00B0Dh,base+014D8h
  dw 00172h,base+00001h
  dw 00C0Eh,base+01190h
  dw 00172h,base+00230h
  dw 00C80h,base+0119Ch
  dw 00C80h,base+011A8h
  dw 00206h,base+0119Bh
  dw 0077Ah,base+0273Ah
  dw 00206h,base+00513h
  dw 00880h,base+021A3h
  dw 0097Fh,base+01CBDh
  dw 00B80h,base+014E3h
  dw 00C80h,base+011B4h
  dw 00D81h,base+00E60h
  dw 00D80h,base+00E6Dh
  dw 00D81h,base+00EE2h
  dw 00D80h,base+00E87h
  dw 00D81h,base+00EEFh
  dw 00506h,base+02F39h
  dw 0067Bh,base+0011Ch
  dw 00B82h,base+014EEh
  dw 00880h,base+021ABh
  dw 00981h,base+01CC6h
  dw 00780h,base+02741h
  dw 00680h,base+02B06h
  dw 00680h,base+02B0Ch
  dw 0057Eh,base+02F3Eh
  dw 0067Fh,base+02B12h
  dw 0087Dh,base+0221Bh
  dw 00982h,base+01D32h
  dw 00782h,base+027AAh
  dw 0047Ch,base+033ABh
  dw 00681h,base+01CD0h
  dw 0077Bh,base+027B1h
  dw 00800h,base+02223h


