  dw guilePage2frame000
  dw guilePage2frame001
  dw guilePage2frame002
  dw guilePage2frame003
  dw guilePage2frame004
  dw guilePage2frame005
  dw guilePage2frame006
  dw guilePage2frame007
  dw guilePage2frame008
  dw guilePage2frame009
  dw guilePage2frame010
  dw guilePage2frame011
  dw guilePage2frame012
  dw guilePage2frame013
  dw guilePage2frame014
  dw guilePage2frame015
  dw guilePage2frame016
  dw guilePage2frame017
  dw guilePage2frame018
  dw guilePage2frame019
  dw guilePage2frame020
  dw guilePage2frame021
  dw guilePage2frame022
  dw guilePage2frame023
  dw guilePage2frame024
  dw guilePage2frame025
  dw guilePage2frame026
  dw guilePage2frame027
  dw guilePage2frame028
  dw guilePage2frame029
  dw guilePage2frame030
  dw guilePage2frame031
  dw guilePage2frame032
  dw guilePage2frame033

guilePage2frame000:
  db 022h,035h,078h,04Fh
  db 080h
  db 066h,031h,01Bh,064h,031h
  db 000h,000h
  db 000h,000h
  dw 0047Fh,base+03BB9h
  dw 00680h,base+036FBh
  dw 00780h,base+033ACh
  dw 00680h,base+03701h
  dw 00680h,base+03707h
  dw 00581h,base+0394Dh
  dw 00480h,base+03BBDh
  dw 0047Fh,base+03BC1h
  dw 00580h,base+03952h
  dw 0077Eh,base+033B3h
  dw 00B7Fh,base+0227Eh
  dw 00D0Eh,base+01A1Dh
  dw 00172h,base+00002h
  dw 01080h,base+010C8h
  dw 01080h,base+010D8h
  dw 01180h,base+00DEDh
  dw 01180h,base+00DFEh
  dw 01180h,base+00E0Fh
  dw 01080h,base+010E8h
  dw 00C0Dh,base+01ED6h
  dw 00173h,base+00002h
  dw 00B80h,base+02289h
  dw 00B80h,base+02294h
  dw 00B80h,base+0229Fh
  dw 00B80h,base+022AAh
  dw 00A80h,base+026CAh
  dw 00A80h,base+026D4h
  dw 00A80h,base+026DEh
  dw 00A80h,base+026E8h
  dw 00C80h,base+01EE2h
  dw 00D81h,base+01A2Ah
  dw 00C80h,base+01EEEh
  dw 00C81h,base+01EFAh
  dw 00B81h,base+022B5h
  dw 00A80h,base+026F2h
  dw 00A80h,base+026FCh
  dw 00A80h,base+02706h
  dw 00980h,base+02BACh
  dw 00A7Fh,base+02710h
  dw 00B80h,base+022C0h
  dw 00C80h,base+01F06h
  dw 00C80h,base+01F12h
  dw 00C80h,base+01F1Eh
  dw 00D80h,base+01A37h
  dw 00D7Fh,base+01A44h
  dw 00E80h,base+01673h
  dw 00E80h,base+01681h
  dw 00E80h,base+0168Fh
  dw 00206h,base+00025h
  dw 0077Ah,base+033BAh
  dw 00207h,base+00F9Ch
  dw 00679h,base+0370Dh
  dw 00207h,base+00A6Dh
  dw 00579h,base+0075Ah
  dw 00207h,base+007EFh
  dw 00479h,base+000B6h
  dw 00107h,base+00003h
  dw 00580h,base+03957h
  dw 00583h,base+0395Ch
  dw 00200h,base+0008Bh

guilePage2frame001:
  db 054h,032h,070h,052h
  db 07Ch
  db 078h,02Fh,016h,072h,051h
  db 0BFh,067h
  db 09Fh,066h
  dw 00280h,base+000D4h
  dw 0037Fh,base+03E35h
  dw 00580h,base+03961h
  dw 00680h,base+03713h
  dw 00607h,base+03719h
  dw 00305h,base+00009h
  dw 00174h,base+00002h
  dw 00507h,base+03966h
  dw 00778h,base+033C1h
  dw 00607h,base+0371Fh
  dw 00B79h,base+022CBh
  dw 01480h,base+00897h
  dw 01781h,base+00575h
  dw 01681h,base+006FCh
  dw 01680h,base+00712h
  dw 01680h,base+00728h
  dw 01680h,base+0073Eh
  dw 00D0Eh,base+01A51h
  dw 00871h,base+02FE4h
  dw 00B13h,base+022D6h
  dw 0046Dh,base+03BC5h
  dw 00B14h,base+022E1h
  dw 0026Bh,base+00A58h
  dw 00C15h,base+01F2Ah
  dw 0016Bh,base+00002h
  dw 00C80h,base+01F36h
  dw 00C7Fh,base+01F42h
  dw 00D80h,base+01A5Eh
  dw 00D80h,base+01A6Bh
  dw 00D10h,base+01A78h
  dw 00570h,base+0396Bh
  dw 01680h,base+00754h
  dw 01718h,base+0058Ch
  dw 00668h,base+03725h
  dw 02080h,base+00213h
  dw 02080h,base+00233h
  dw 02224h,base+00127h
  dw 0025Ch,base+00FF5h
  dw 00405h,base+03BC9h
  dw 0227Bh,base+00149h
  dw 00405h,base+03BCDh
  dw 0227Bh,base+0016Bh
  dw 00406h,base+00F96h
  dw 0217Ah,base+001D1h
  dw 00307h,base+01DFBh
  dw 02079h,base+00253h
  dw 00308h,base+007CAh
  dw 01F78h,base+00293h
  dw 00308h,base+03E38h
  dw 01F78h,base+002B2h
  dw 00309h,base+03E3Bh
  dw 00D0Fh,base+01A85h
  dw 00507h,base+03970h
  dw 00106h,base+00022h
  dw 0025Bh,base+00022h
  dw 00209h,base+00566h
  dw 00B77h,base+022ECh
  dw 00209h,base+00794h
  dw 00777h,base+033C8h
  dw 00309h,base+02085h
  dw 00677h,base+0372Bh
  dw 0030Ah,base+011B3h
  dw 00476h,base+03BD1h
  dw 0030Ah,base+03E3Eh
  dw 00476h,base+00B4Ch
  dw 0020Ah,base+0027Fh
  dw 00376h,base+0002Eh
  dw 0020Bh,base+0027Fh
  dw 00275h,base+00022h
  dw 0020Bh,base+02326h
  dw 00275h,base+00232h
  dw 0020Bh,base+007B4h
  dw 00275h,base+00232h
  dw 0020Bh,base+002DAh
  dw 00275h,base+03310h
  dw 0020Ah,base+0005Fh
  dw 00376h,base+000B6h
  dw 00209h,base+00D9Ah
  dw 00476h,base+000B6h
  dw 00409h,base+03BD5h
  dw 00577h,base+03975h
  dw 00409h,base+03BD9h
  dw 00576h,base+0397Ah
  dw 0060Ah,base+03731h
  dw 00475h,base+03012h
  dw 0060Bh,base+03737h
  dw 00400h,base+03BDDh

guilePage2frame002:
  db 02Ch,031h,074h,052h
  db 07Ch
  db 066h,035h,01Bh,064h,035h
  db 000h,000h
  db 000h,000h
  dw 00480h,base+03BE1h
  dw 0047Fh,base+03BE5h
  dw 00680h,base+0373Dh
  dw 00680h,base+03743h
  dw 00608h,base+03749h
  dw 00277h,base+00009h
  dw 00608h,base+0374Fh
  dw 00578h,base+0397Fh
  dw 00607h,base+03755h
  dw 00779h,base+033CFh
  dw 01081h,base+010F8h
  dw 00F81h,base+01448h
  dw 00E80h,base+0169Dh
  dw 00E80h,base+016ABh
  dw 00D81h,base+01A92h
  dw 00C0Fh,base+01F4Eh
  dw 00271h,base+00022h
  dw 00A0Dh,base+0271Ah
  dw 00473h,base+03BE9h
  dw 0090Ch,base+02BB5h
  dw 00573h,base+03984h
  dw 00A0Dh,base+02724h
  dw 00573h,base+03989h
  dw 00A0Dh,base+0272Eh
  dw 00572h,base+0398Eh
  dw 00B0Dh,base+022F7h
  dw 00573h,base+03993h
  dw 00B0Dh,base+02302h
  dw 00573h,base+03998h
  dw 00B0Ch,base+0230Dh
  dw 00674h,base+0375Bh
  dw 00B0Ch,base+02318h
  dw 00674h,base+03761h
  dw 01280h,base+00C2Bh
  dw 01180h,base+00E20h
  dw 01180h,base+00E31h
  dw 01180h,base+00E42h
  dw 0107Fh,base+01108h
  dw 01180h,base+00E53h
  dw 01180h,base+00E64h
  dw 01080h,base+01118h
  dw 01080h,base+01128h
  dw 01081h,base+01138h
  dw 00E80h,base+016B9h
  dw 00E7Fh,base+016C7h
  dw 00F80h,base+01457h
  dw 00F80h,base+01466h
  dw 00E80h,base+016D5h
  dw 00E80h,base+016E3h
  dw 00E7Fh,base+016F1h
  dw 00E80h,base+016FFh
  dw 00305h,base+03E41h
  dw 0097Ah,base+02BBEh
  dw 00406h,base+03BEDh
  dw 0087Ah,base+02FECh
  dw 00407h,base+03BF1h
  dw 00779h,base+033D6h
  dw 00408h,base+03BF5h
  dw 00678h,base+03767h
  dw 00409h,base+03BF9h
  dw 00578h,base+0399Dh
  dw 00203h,base+00102h
  dw 00106h,base+00026h
  dw 0047Ah,base+000B6h
  dw 00105h,base+00022h
  dw 00580h,base+039A2h
  dw 00480h,base+03BFDh
  dw 00480h,base+03012h
  dw 00400h,base+01357h

guilePage2frame003:
  db 020h,032h,074h,04Fh
  db 07Ah
  db 061h,034h,01Bh,05Fh,034h
  db 000h,000h
  db 000h,000h
  dw 0047Fh,base+03C01h
  dw 00680h,base+0376Dh
  dw 0067Fh,base+03773h
  dw 00780h,base+033DDh
  dw 0067Fh,base+03779h
  dw 00780h,base+033E4h
  dw 00708h,base+033EBh
  dw 0027Ah,base+00020h
  dw 00981h,base+02BC7h
  dw 00880h,base+02FF4h
  dw 00980h,base+02BD0h
  dw 00980h,base+02BD9h
  dw 00980h,base+02BE2h
  dw 00981h,base+02BEBh
  dw 00980h,base+02BF4h
  dw 00980h,base+02BFDh
  dw 00980h,base+02C06h
  dw 0097Fh,base+02C0Fh
  dw 00B80h,base+02323h
  dw 00B80h,base+0232Eh
  dw 00B80h,base+02339h
  dw 00B80h,base+02344h
  dw 00B81h,base+0234Fh
  dw 00A80h,base+02738h
  dw 00B80h,base+0235Ah
  dw 00B80h,base+02365h
  dw 00C80h,base+01F5Ah
  dw 00C80h,base+01F66h
  dw 00C7Fh,base+01F72h
  dw 00D80h,base+01A9Fh
  dw 00D80h,base+01AACh
  dw 00D80h,base+01AB9h
  dw 00D80h,base+01AC6h
  dw 00D7Fh,base+01AD3h
  dw 00E80h,base+0170Dh
  dw 00E80h,base+0171Bh
  dw 00E80h,base+01729h
  dw 00D80h,base+01AE0h
  dw 00D80h,base+01AEDh
  dw 00204h,base+00129h
  dw 0087Ch,base+02FFCh
  dw 00205h,base+00045h
  dw 0067Ch,base+0377Fh
  dw 00105h,base+00004h
  dw 0057Fh,base+002ADh
  dw 0067Fh,base+002C9h
  dw 0077Fh,base+033F2h
  dw 00880h,base+03004h
  dw 00880h,base+0300Ch
  dw 00880h,base+03014h
  dw 00880h,base+002C9h
  dw 00780h,base+002C9h
  dw 00381h,base+000B6h
  dw 00100h,base+00022h

guilePage2frame004:
  db 052h,039h,074h,04Eh
  db 07Eh
  db 079h,02Fh,016h,073h,051h
  db 0C1h,06Ah
  db 0A1h,068h
  dw 0037Eh,base+00882h
  dw 00780h,base+033F9h
  dw 00980h,base+02C18h
  dw 00881h,base+0301Ch
  dw 00680h,base+03785h
  dw 00607h,base+0378Bh
  dw 00579h,base+039A7h
  dw 00507h,base+039ACh
  dw 00779h,base+03400h
  dw 00506h,base+039B1h
  dw 00A7Ah,base+02742h
  dw 01080h,base+01148h
  dw 01080h,base+01158h
  dw 01081h,base+01168h
  dw 01080h,base+01178h
  dw 0107Fh,base+01188h
  dw 01180h,base+00E75h
  dw 0117Fh,base+00E86h
  dw 00D0Eh,base+01AFAh
  dw 00471h,base+03C05h
  dw 00C0Fh,base+01F7Eh
  dw 00371h,base+03E44h
  dw 00C10h,base+01F8Ah
  dw 00270h,base+00897h
  dw 00C10h,base+01F96h
  dw 00270h,base+018DBh
  dw 00C10h,base+01FA2h
  dw 00270h,base+002DAh
  dw 00C10h,base+01FAEh
  dw 00270h,base+002DAh
  dw 00D10h,base+01B07h
  dw 00270h,base+0005Fh
  dw 00D0Fh,base+01B14h
  dw 00471h,base+03C09h
  dw 00D0Fh,base+01B21h
  dw 00571h,base+039B6h
  dw 00E0Fh,base+01737h
  dw 00571h,base+039BBh
  dw 01013h,base+01198h
  dw 0016Dh,base+000D9h
  dw 01480h,base+008ABh
  dw 01780h,base+005A3h
  dw 01780h,base+005BAh
  dw 01880h,base+00515h
  dw 00405h,base+03C0Dh
  dw 0197Bh,base+00402h
  dw 00407h,base+03C11h
  dw 01979h,base+0041Bh
  dw 00408h,base+03C15h
  dw 01978h,base+00434h
  dw 00308h,base+03E47h
  dw 01B78h,base+00364h
  dw 00308h,base+02032h
  dw 01E78h,base+002F0h
  dw 00307h,base+016D6h
  dw 02079h,base+00273h
  dw 00206h,base+00234h
  dw 02179h,base+001F2h
  dw 00306h,base+00A63h
  dw 0227Ah,base+0018Dh
  dw 00406h,base+03C19h
  dw 0227Ah,base+001AFh
  dw 00405h,base+03C1Dh
  dw 0237Bh,base+00104h
  dw 00405h,base+03C21h
  dw 01C1Fh,base+0032Ch
  dw 0045Ch,base+00022h
  dw 00405h,base+03C25h
  dw 00915h,base+02C21h
  dw 0040Bh,base+022F3h
  dw 0025Bh,base+00021h
  dw 00D26h,base+01B2Eh
  dw 0015Ah,base+00002h
  dw 00D81h,base+01B3Bh
  dw 00B80h,base+02370h
  dw 00B80h,base+0237Bh
  dw 00203h,base+03C53h
  dw 0087Dh,base+03024h
  dw 00203h,base+00AC4h
  dw 0087Dh,base+0302Ch
  dw 00203h,base+02924h
  dw 0087Ch,base+03034h
  dw 00304h,base+00F88h
  dw 0087Ch,base+0303Ch
  dw 00305h,base+03E4Ah
  dw 0027Bh,base+00052h
  dw 0037Fh,base+03E4Dh
  dw 00480h,base+03C29h
  dw 00580h,base+039C0h
  dw 00580h,base+039C5h
  dw 00204h,base+02BE1h
  dw 0017Ch,base+000D9h
  dw 00200h,base+0004Ah

guilePage2frame005:
  db 03Ah,041h,06Ch,030h
  db 080h
  db 06Ch,03Bh,01Eh,06Ah,022h
  db 0A7h,04Eh
  db 087h,04Dh
  dw 00280h,base+00555h
  dw 00377h,base+03E50h
  dw 00508h,base+039CAh
  dw 00477h,base+03C2Dh
  dw 00709h,base+03407h
  dw 00577h,base+039CFh
  dw 00709h,base+0340Eh
  dw 00577h,base+039D4h
  dw 00E80h,base+01745h
  dw 00F80h,base+01475h
  dw 00E80h,base+01753h
  dw 00D81h,base+01B48h
  dw 00C80h,base+01FBAh
  dw 00D81h,base+01B55h
  dw 00D80h,base+01B62h
  dw 00D81h,base+01B6Fh
  dw 00D81h,base+01B7Ch
  dw 00C80h,base+01FC6h
  dw 00D80h,base+01B89h
  dw 00D80h,base+01B96h
  dw 00E80h,base+01761h
  dw 00E80h,base+0176Fh
  dw 00F81h,base+01484h
  dw 01080h,base+011A8h
  dw 01180h,base+00E97h
  dw 01114h,base+00EA8h
  dw 0026Ch,base+005D5h
  dw 0080Ah,base+03044h
  dw 00809h,base+0304Ch
  dw 0036Dh,base+005E8h
  dw 0080Ah,base+03054h
  dw 00E76h,base+0177Dh
  dw 0070Bh,base+0176Fh
  dw 00D75h,base+01BA3h
  dw 0070Dh,base+03415h
  dw 00B73h,base+02386h
  dw 0070Eh,base+00CBFh
  dw 00A72h,base+0274Ch
  dw 0060Fh,base+03791h
  dw 00971h,base+02C2Ah
  dw 00614h,base+03797h
  dw 0036Ch,base+00494h
  dw 00B80h,base+02391h
  dw 00C80h,base+01FD2h
  dw 00D80h,base+01BB0h
  dw 00D80h,base+01BBDh
  dw 00D80h,base+01BCAh
  dw 00D80h,base+01BD7h
  dw 00D80h,base+01BE4h
  dw 00D80h,base+01BF1h
  dw 00D80h,base+01BFEh
  dw 00D80h,base+01C0Bh
  dw 00C81h,base+01FDEh
  dw 00B80h,base+0239Ch
  dw 00A80h,base+02756h
  dw 00A80h,base+02760h
  dw 00981h,base+02C33h
  dw 00780h,base+0341Ch
  dw 00881h,base+0305Ch
  dw 00780h,base+03423h
  dw 0077Fh,base+0342Ah
  dw 0087Fh,base+03064h
  dw 00A80h,base+0276Ah
  dw 00A80h,base+02774h
  dw 00A80h,base+0277Eh
  dw 00A81h,base+02788h
  dw 00980h,base+02C3Ch
  dw 00980h,base+02C45h
  dw 00880h,base+0306Ch
  dw 00880h,base+03074h
  dw 00204h,base+00022h
  dw 0047Ch,base+005A9h
  dw 00205h,base+00417h
  dw 0027Bh,base+00052h
  dw 00280h,base+0084Bh
  dw 00280h,base+00025h
  dw 00280h,base+0006Fh
  dw 00281h,base+000DAh
  dw 00100h,base+00027h

guilePage2frame006:
  db 036h,054h,06Eh,02Eh
  db 098h
  db 071h,035h,01Fh,068h,022h
  db 09Ah,05Eh
  db 09Dh,043h
  dw 0017Fh,base+0002Bh
  dw 00380h,base+006AAh
  dw 00381h,base+029EBh
  dw 00380h,base+03E53h
  dw 00381h,base+0329Fh
  dw 00280h,base+0004Fh
  dw 00380h,base+00091h
  dw 00373h,base+0026Eh
  dw 0070Dh,base+03431h
  dw 00474h,base+03C31h
  dw 0080Ch,base+0307Ch
  dw 00474h,base+03C35h
  dw 0080Ch,base+03084h
  dw 00575h,base+039D9h
  dw 0060Bh,base+0379Dh
  dw 00575h,base+039DEh
  dw 0050Bh,base+039E3h
  dw 00475h,base+03C39h
  dw 0050Bh,base+039E8h
  dw 00475h,base+002E4h
  dw 0040Ah,base+03C3Dh
  dw 00476h,base+03C41h
  dw 0040Ah,base+03C45h
  dw 00372h,base+000B6h
  dw 00204h,base+003E5h
  dw 00409h,base+03C49h
  dw 00372h,base+00391h
  dw 0090Eh,base+02C4Eh
  dw 00372h,base+01673h
  dw 0090Dh,base+02C57h
  dw 00472h,base+03C4Dh
  dw 00A0Dh,base+02792h
  dw 00572h,base+039EDh
  dw 00C0Eh,base+01FEAh
  dw 00572h,base+039F2h
  dw 00C0Dh,base+01FF6h
  dw 00572h,base+039F7h
  dw 01380h,base+00A63h
  dw 0137Fh,base+00A76h
  dw 01480h,base+008BFh
  dw 01380h,base+00A89h
  dw 01380h,base+00A9Ch
  dw 0137Fh,base+00AAFh
  dw 01380h,base+00AC2h
  dw 01380h,base+00AD5h
  dw 00405h,base+03C51h
  dw 00E7Ch,base+0178Bh
  dw 00304h,base+03E56h
  dw 00D7Ch,base+01C18h
  dw 01180h,base+00EB9h
  dw 01081h,base+011B8h
  dw 00E80h,base+01799h
  dw 00E0Fh,base+017A7h
  dw 00172h,base+00004h
  dw 00C0Dh,base+02002h
  dw 00373h,base+03E59h
  dw 00C0Dh,base+0200Eh
  dw 00373h,base+02DF8h
  dw 01081h,base+011C8h
  dw 00F80h,base+01493h
  dw 00F81h,base+014A2h
  dw 00D80h,base+01C25h
  dw 00D7Fh,base+01C32h
  dw 0090Ch,base+02C60h
  dw 00174h,base+0004Eh
  dw 00880h,base+0308Ch
  dw 00880h,base+03094h
  dw 00880h,base+0309Ch
  dw 00780h,base+03438h
  dw 00781h,base+0343Fh
  dw 00680h,base+037A3h
  dw 00680h,base+037A9h
  dw 00680h,base+037AFh
  dw 00681h,base+037B5h
  dw 00580h,base+039FCh
  dw 00680h,base+037BBh
  dw 00680h,base+037C1h
  dw 00680h,base+037C7h
  dw 00680h,base+037CDh
  dw 00681h,base+037D3h
  dw 00580h,base+03A01h
  dw 00580h,base+03A06h
  dw 0057Fh,base+03A0Bh
  dw 0067Fh,base+037D9h
  dw 0077Fh,base+03446h
  dw 00880h,base+030A4h
  dw 0087Fh,base+030ACh
  dw 0097Fh,base+02C69h
  dw 00A7Eh,base+0279Ch
  dw 00C80h,base+0201Ah
  dw 00C80h,base+02026h
  dw 00B80h,base+023A7h
  dw 00A80h,base+027A6h
  dw 00880h,base+030B4h
  dw 00680h,base+037DFh
  dw 00480h,base+03C55h
  dw 0027Fh,base+00101h
  dw 00380h,base+00021h
  dw 00380h,base+01EDFh
  dw 00380h,base+0011Fh
  dw 00380h,base+00DACh
  dw 00381h,base+00DACh
  dw 00280h,base+0006Fh
  dw 00281h,base+000DAh
  dw 00100h,base+0001Dh

guilePage2frame007:
  db 02Eh,030h,06Ch,043h
  db 072h
  db 06Ch,022h,01Bh,06Ah,030h
  db 09Dh,073h
  db 07Dh,072h
  dw 0067Fh,base+037E5h
  dw 00881h,base+030BCh
  dw 00780h,base+0344Dh
  dw 00607h,base+037EBh
  dw 00203h,base+00009h
  dw 00275h,base+00009h
  dw 00102h,base+00002h
  dw 00506h,base+03A10h
  dw 00677h,base+037F1h
  dw 00203h,base+0005Eh
  dw 00D7Ch,base+01C3Fh
  dw 00305h,base+005EAh
  dw 00C7Bh,base+02032h
  dw 00405h,base+03C59h
  dw 00C7Bh,base+0203Eh
  dw 00405h,base+03C5Dh
  dw 00C7Bh,base+0204Ah
  dw 00405h,base+03C61h
  dw 00C7Bh,base+02056h
  dw 00305h,base+003E5h
  dw 00C7Bh,base+02062h
  dw 00305h,base+0103Dh
  dw 00C7Bh,base+0206Eh
  dw 00305h,base+03A71h
  dw 00C7Bh,base+0207Ah
  dw 00305h,base+0255Bh
  dw 0090Ah,base+02C72h
  dw 00271h,base+00564h
  dw 00405h,base+03C65h
  dw 0090Ah,base+02C7Bh
  dw 00271h,base+00530h
  dw 00E0Fh,base+017B5h
  dw 00271h,base+002DAh
  dw 01180h,base+00ECAh
  dw 01180h,base+00EDBh
  dw 01180h,base+00EECh
  dw 01180h,base+00EFDh
  dw 01180h,base+00F0Eh
  dw 01180h,base+00F1Fh
  dw 01181h,base+00F30h
  dw 01081h,base+011D8h
  dw 00E81h,base+017C3h
  dw 00405h,base+00FB4h
  dw 0077Bh,base+03454h
  dw 00506h,base+03439h
  dw 0077Ah,base+0345Bh
  dw 00607h,base+037F7h
  dw 00779h,base+03462h
  dw 00F80h,base+014B1h
  dw 01180h,base+00F41h
  dw 01280h,base+00C3Dh
  dw 01380h,base+00AE8h
  dw 01480h,base+008D3h
  dw 01481h,base+008E7h
  dw 01380h,base+00AFBh
  dw 01381h,base+00B0Eh
  dw 01280h,base+00C4Fh
  dw 01281h,base+00C61h
  dw 01080h,base+011E8h
  dw 00409h,base+0194Ah
  dw 00778h,base+03469h
  dw 00309h,base+000B6h
  dw 00677h,base+037FDh
  dw 0040Ah,base+03C69h
  dw 00574h,base+03A15h
  dw 0060Eh,base+03803h
  dw 00272h,base+007D7h
  dw 00780h,base+03470h
  dw 00780h,base+03477h
  dw 00780h,base+0347Eh
  dw 00781h,base+03485h
  dw 00204h,base+00022h
  dw 00100h,base+00004h

guilePage2frame008:
  db 020h,032h,074h,03Dh
  db 07Ah
  db 062h,032h,01Bh,060h,032h
  db 000h,000h
  db 000h,000h
  dw 0047Fh,base+03C01h
  dw 00680h,base+0376Dh
  dw 0067Fh,base+03773h
  dw 00780h,base+033DDh
  dw 0067Fh,base+03779h
  dw 00780h,base+033E4h
  dw 00708h,base+033EBh
  dw 0027Ah,base+00020h
  dw 00981h,base+02BC7h
  dw 00880h,base+02FF4h
  dw 00980h,base+02BD0h
  dw 00980h,base+02BD9h
  dw 00980h,base+02BE2h
  dw 00981h,base+02BEBh
  dw 00980h,base+02BF4h
  dw 00980h,base+02BFDh
  dw 00980h,base+02C06h
  dw 0097Fh,base+02C0Fh
  dw 00B80h,base+02323h
  dw 00B80h,base+0232Eh
  dw 00B80h,base+02339h
  dw 00B80h,base+02344h
  dw 00B81h,base+0234Fh
  dw 00A80h,base+02738h
  dw 00B80h,base+0235Ah
  dw 00B80h,base+02365h
  dw 00C80h,base+01F5Ah
  dw 00C80h,base+01F66h
  dw 00C7Fh,base+01F72h
  dw 00D80h,base+01A9Fh
  dw 00D80h,base+01AACh
  dw 00D80h,base+01AB9h
  dw 00D80h,base+01AC6h
  dw 00D7Fh,base+01AD3h
  dw 00E80h,base+0170Dh
  dw 00E80h,base+0171Bh
  dw 00E80h,base+01729h
  dw 00D80h,base+01AE0h
  dw 00D80h,base+01AEDh
  dw 00204h,base+00129h
  dw 0087Ch,base+02FFCh
  dw 00205h,base+00045h
  dw 0067Ch,base+0377Fh
  dw 00105h,base+00004h
  dw 0057Fh,base+002ADh
  dw 0067Fh,base+002C9h
  dw 0077Fh,base+033F2h
  dw 00880h,base+03004h
  dw 00880h,base+0300Ch
  dw 00880h,base+03014h
  dw 00880h,base+002C9h
  dw 00780h,base+002C9h
  dw 00381h,base+000B6h
  dw 00100h,base+00022h

guilePage2frame009:
  db 052h,039h,074h,03Ch
  db 07Eh
  db 078h,02Fh,016h,072h,051h
  db 0C2h,06Fh
  db 0A2h,06Eh
  dw 0037Eh,base+00882h
  dw 00780h,base+033F9h
  dw 00980h,base+02C18h
  dw 00881h,base+0301Ch
  dw 00680h,base+03785h
  dw 00607h,base+0378Bh
  dw 00579h,base+039A7h
  dw 00507h,base+039ACh
  dw 00779h,base+03400h
  dw 00506h,base+039B1h
  dw 00A7Ah,base+02742h
  dw 01080h,base+01148h
  dw 01080h,base+01158h
  dw 01081h,base+01168h
  dw 01080h,base+01178h
  dw 0107Fh,base+01188h
  dw 01180h,base+00E75h
  dw 0117Fh,base+00E86h
  dw 00D0Eh,base+01AFAh
  dw 00471h,base+03C05h
  dw 00C0Fh,base+01F7Eh
  dw 00371h,base+03E44h
  dw 00C10h,base+01F8Ah
  dw 00270h,base+00897h
  dw 00C10h,base+01F96h
  dw 00270h,base+018DBh
  dw 00C10h,base+01FA2h
  dw 00270h,base+002DAh
  dw 00C10h,base+01FAEh
  dw 00270h,base+002DAh
  dw 00D10h,base+01B07h
  dw 00270h,base+0005Fh
  dw 00D0Fh,base+01B14h
  dw 00471h,base+03C09h
  dw 00D0Fh,base+01B21h
  dw 00571h,base+039B6h
  dw 00E0Fh,base+01737h
  dw 00571h,base+039BBh
  dw 01013h,base+01198h
  dw 0016Dh,base+000D9h
  dw 01480h,base+008ABh
  dw 01780h,base+005A3h
  dw 01780h,base+005BAh
  dw 01880h,base+00515h
  dw 00405h,base+03C0Dh
  dw 0197Bh,base+00402h
  dw 00407h,base+03C11h
  dw 01979h,base+0041Bh
  dw 00408h,base+03C15h
  dw 01978h,base+00434h
  dw 00308h,base+03E47h
  dw 01B78h,base+00364h
  dw 00308h,base+02032h
  dw 01E78h,base+002F0h
  dw 00307h,base+016D6h
  dw 02079h,base+00273h
  dw 00206h,base+00234h
  dw 02179h,base+001F2h
  dw 00306h,base+00A63h
  dw 0227Ah,base+0018Dh
  dw 00406h,base+03C19h
  dw 0227Ah,base+001AFh
  dw 00405h,base+03C1Dh
  dw 0237Bh,base+00104h
  dw 00405h,base+03C21h
  dw 01C1Fh,base+0032Ch
  dw 0045Ch,base+00022h
  dw 00405h,base+03C25h
  dw 00915h,base+02C21h
  dw 0040Bh,base+022F3h
  dw 0025Bh,base+00021h
  dw 00D26h,base+01B2Eh
  dw 0015Ah,base+00002h
  dw 00D81h,base+01B3Bh
  dw 00B80h,base+02370h
  dw 00B80h,base+0237Bh
  dw 00203h,base+03C53h
  dw 0087Dh,base+03024h
  dw 00203h,base+00AC4h
  dw 0087Dh,base+0302Ch
  dw 00203h,base+02924h
  dw 0087Ch,base+03034h
  dw 00304h,base+00F88h
  dw 0087Ch,base+0303Ch
  dw 00305h,base+03E4Ah
  dw 0027Bh,base+00052h
  dw 0037Fh,base+03E4Dh
  dw 00480h,base+03C29h
  dw 00580h,base+039C0h
  dw 00580h,base+039C5h
  dw 00204h,base+02BE1h
  dw 0017Ch,base+000D9h
  dw 00200h,base+0004Ah

guilePage2frame010:
  db 030h,047h,062h,03Eh
  db 064h
  db 05Dh,022h,022h,05Bh,036h
  db 000h,000h
  db 000h,000h
  dw 0017Fh,base+00027h
  dw 00380h,base+03E5Ch
  dw 00380h,base+03E5Fh
  dw 00380h,base+03E62h
  dw 00381h,base+03E65h
  dw 00203h,base+00C1Eh
  dw 0027Dh,base+00092h
  dw 00980h,base+02C84h
  dw 00A80h,base+027B0h
  dw 00A80h,base+027BAh
  dw 00B80h,base+023B2h
  dw 00C80h,base+02086h
  dw 00B80h,base+023BDh
  dw 00A80h,base+027C4h
  dw 00981h,base+02C8Dh
  dw 00880h,base+030C4h
  dw 00980h,base+02C96h
  dw 00980h,base+02C9Fh
  dw 00A80h,base+027CEh
  dw 00A80h,base+027D8h
  dw 00A81h,base+027E2h
  dw 00A80h,base+027ECh
  dw 00A80h,base+027F6h
  dw 00A80h,base+02800h
  dw 00B80h,base+023C8h
  dw 00B80h,base+023D3h
  dw 00B81h,base+023DEh
  dw 00A80h,base+0280Ah
  dw 00980h,base+02CA8h
  dw 0097Fh,base+02CB1h
  dw 00A80h,base+02814h
  dw 00A80h,base+0281Eh
  dw 00A80h,base+02828h
  dw 00B7Fh,base+023E9h
  dw 00C80h,base+02092h
  dw 00D80h,base+01C4Ch
  dw 00D80h,base+01C59h
  dw 00D80h,base+01C66h
  dw 00E80h,base+017D1h
  dw 00E80h,base+017DFh
  dw 00E80h,base+017EDh
  dw 00607h,base+03809h
  dw 00779h,base+0348Ch
  dw 00508h,base+03A1Ah
  dw 00678h,base+0380Fh
  dw 00508h,base+03A1Fh
  dw 00778h,base+03493h
  dw 00509h,base+03A24h
  dw 00678h,base+03815h
  dw 00408h,base+03C6Dh
  dw 00778h,base+0349Ah
  dw 00409h,base+030A5h
  dw 00677h,base+0381Bh
  dw 00409h,base+01804h
  dw 00777h,base+034A1h
  dw 0040Ah,base+03C71h
  dw 00676h,base+03821h
  dw 0040Ah,base+03C75h
  dw 00676h,base+03827h
  dw 0040Bh,base+03C79h
  dw 00575h,base+03A29h
  dw 0040Bh,base+03C7Dh
  dw 00575h,base+03A2Eh
  dw 0040Bh,base+03C81h
  dw 00675h,base+0382Dh
  dw 0040Ch,base+03C85h
  dw 00574h,base+03A33h
  dw 0040Ch,base+03C89h
  dw 00574h,base+03A38h
  dw 0040Dh,base+01837h
  dw 00573h,base+03A3Dh
  dw 0040Dh,base+036B7h
  dw 00573h,base+03A42h
  dw 0040Eh,base+03C8Dh
  dw 00472h,base+0026Bh
  dw 0040Eh,base+03C91h
  dw 00472h,base+03C95h
  dw 0030Fh,base+0332Ch
  dw 00372h,base+00021h
  dw 0020Eh,base+000E1h
  dw 00472h,base+01394h
  dw 0020Fh,base+00022h
  dw 00371h,base+000B6h
  dw 0020Fh,base+000D9h
  dw 00371h,base+001EDh
  dw 00210h,base+00022h
  dw 00270h,base+00022h
  dw 00210h,base+000D9h
  dw 00370h,base+01395h
  dw 00210h,base+00020h
  dw 00370h,base+000B6h
  dw 00210h,base+003E5h
  dw 00370h,base+00416h
  dw 00210h,base+018DBh
  dw 00470h,base+03C99h
  dw 00211h,base+003E5h
  dw 0036Fh,base+016B9h
  dw 00211h,base+00009h
  dw 0036Fh,base+000B6h
  dw 00211h,base+00022h
  dw 0036Fh,base+00233h
  dw 00200h,base+00555h

guilePage2frame011:
  db 024h,03Ah,06Ch,04Bh
  db 07Ah
  db 054h,02Fh,01Bh,05Fh,030h
  db 000h,000h
  db 000h,000h
  dw 0027Eh,base+00009h
  dw 0057Ch,base+03A47h
  dw 0097Fh,base+02CBAh
  dw 00B80h,base+023F4h
  dw 00B80h,base+023FFh
  dw 00B80h,base+0240Ah
  dw 00B81h,base+02415h
  dw 00A80h,base+02832h
  dw 00A80h,base+0283Ch
  dw 00203h,base+00163h
  dw 0077Dh,base+034A8h
  dw 00103h,base+0001Bh
  dw 00781h,base+034AFh
  dw 00680h,base+03833h
  dw 0067Fh,base+03839h
  dw 00880h,base+030CCh
  dw 00880h,base+030D4h
  dw 00880h,base+030DCh
  dw 00881h,base+030E4h
  dw 0077Fh,base+034B6h
  dw 00880h,base+030ECh
  dw 00880h,base+030F4h
  dw 0087Fh,base+030FCh
  dw 00980h,base+02CC3h
  dw 00980h,base+02CCCh
  dw 00880h,base+03104h
  dw 00880h,base+0310Ch
  dw 00880h,base+03114h
  dw 00880h,base+0311Ch
  dw 0097Fh,base+02CD5h
  dw 00A7Fh,base+02846h
  dw 00C80h,base+0209Eh
  dw 00C80h,base+020AAh
  dw 00C80h,base+020B6h
  dw 00D81h,base+01C73h
  dw 00C80h,base+020C2h
  dw 00C81h,base+020CEh
  dw 00C81h,base+020DAh
  dw 00B80h,base+02420h
  dw 00B80h,base+0242Bh
  dw 00B80h,base+02436h
  dw 00B80h,base+02441h
  dw 00B7Fh,base+0244Ch
  dw 00C80h,base+020E6h
  dw 00D7Fh,base+01C80h
  dw 00E80h,base+017FBh
  dw 0090Ah,base+02CDEh
  dw 00475h,base+01E92h
  dw 0090Bh,base+02CE7h
  dw 00475h,base+00BF3h
  dw 0070Ch,base+034BDh
  dw 00374h,base+00146h
  dw 0070Ch,base+034C4h
  dw 00374h,base+03E68h
  dw 0060Dh,base+0383Fh
  dw 00372h,base+000B6h
  dw 0070Eh,base+034CBh
  dw 00372h,base+0283Ch
  dw 0070Eh,base+034D2h
  dw 00372h,base+000B6h
  dw 0070Fh,base+034D9h
  dw 00271h,base+00D45h
  dw 0070Fh,base+034E0h
  dw 00271h,base+0006Fh
  dw 0070Fh,base+034E7h
  dw 00371h,base+02989h
  dw 0070Fh,base+034EEh
  dw 00372h,base+0090Fh
  dw 0060Eh,base+03845h
  dw 00372h,base+000B6h
  dw 0050Eh,base+03134h
  dw 00375h,base+00617h
  dw 00200h,base+0084Bh

guilePage2frame012:
  db 024h,04Ah,06Eh,03Bh
  db 082h
  db 070h,022h,031h,069h,022h
  db 000h,000h
  db 000h,000h
  dw 00180h,base+00072h
  dw 0027Bh,base+00545h
  dw 00305h,base+00252h
  dw 0027Ah,base+00E94h
  dw 00506h,base+03A4Ch
  dw 00379h,base+03E6Bh
  dw 00B80h,base+02457h
  dw 00B80h,base+02462h
  dw 00C7Fh,base+020F2h
  dw 00D80h,base+01C8Dh
  dw 00E80h,base+01809h
  dw 00E7Fh,base+01817h
  dw 00F80h,base+014C0h
  dw 01080h,base+011F8h
  dw 01080h,base+01208h
  dw 00E80h,base+01825h
  dw 00E7Fh,base+01833h
  dw 01080h,base+01218h
  dw 01080h,base+01228h
  dw 01180h,base+00F52h
  dw 01180h,base+00F63h
  dw 01180h,base+00F74h
  dw 00B0Dh,base+0246Dh
  dw 00473h,base+03C9Dh
  dw 00B0Dh,base+02478h
  dw 00573h,base+03A51h
  dw 0090Eh,base+02CF0h
  dw 00472h,base+03CA1h
  dw 0090Eh,base+02CF9h
  dw 00473h,base+03CA5h
  dw 0080Dh,base+03124h
  dw 00473h,base+03CA9h
  dw 0080Dh,base+0312Ch
  dw 00473h,base+03CADh
  dw 0080Dh,base+03134h
  dw 00473h,base+03CB1h
  dw 0080Dh,base+0313Ch
  dw 00472h,base+03CB5h
  dw 0090Eh,base+02D02h
  dw 00472h,base+03CB9h
  dw 00A0Eh,base+02850h
  dw 00372h,base+03E6Eh
  dw 00A0Eh,base+0285Ah
  dw 00372h,base+03E71h
  dw 00A0Dh,base+02864h
  dw 00474h,base+03CBDh
  dw 00A0Ch,base+0286Eh
  dw 00374h,base+02C37h
  dw 00A0Ch,base+02878h
  dw 00374h,base+02993h
  dw 00A0Ch,base+02882h
  dw 00374h,base+015AAh
  dw 00A0Ch,base+0288Ch
  dw 00375h,base+03E74h
  dw 00A0Bh,base+02896h
  dw 00275h,base+00123h
  dw 00A80h,base+028A0h
  dw 00A81h,base+028AAh
  dw 00980h,base+02D0Bh
  dw 00980h,base+02D14h
  dw 00981h,base+02D1Dh
  dw 00880h,base+03144h
  dw 00980h,base+02D26h
  dw 0097Fh,base+02D2Fh
  dw 00A80h,base+028B4h
  dw 00A80h,base+028BEh
  dw 00A80h,base+028C8h
  dw 00506h,base+03A56h
  dw 0047Ah,base+02CDDh
  dw 00406h,base+03CC1h
  dw 0047Ah,base+03CC5h
  dw 00406h,base+03CC9h
  dw 00479h,base+03CCDh
  dw 00507h,base+03A5Bh
  dw 00479h,base+03CD1h
  dw 00507h,base+03A60h
  dw 00479h,base+01019h
  dw 00408h,base+03B87h
  dw 00378h,base+0002Eh
  dw 00408h,base+03CD5h
  dw 00378h,base+03E77h
  dw 00308h,base+00391h
  dw 00378h,base+00E88h
  dw 00308h,base+000B6h
  dw 00377h,base+00E88h
  dw 0040Ah,base+03CD9h
  dw 00276h,base+00022h
  dw 0030Ah,base+000B6h
  dw 00276h,base+0004Fh
  dw 0030Ah,base+02011h
  dw 00275h,base+00022h
  dw 0040Bh,base+00020h
  dw 00375h,base+01930h
  dw 0040Bh,base+03CDDh
  dw 00375h,base+000B6h
  dw 0040Bh,base+03CE1h
  dw 00375h,base+02011h
  dw 0040Bh,base+03CE5h
  dw 00376h,base+00021h
  dw 0030Ah,base+000B6h
  dw 00376h,base+03E7Ah
  dw 0030Ah,base+02011h
  dw 00476h,base+0194Ah
  dw 0030Ah,base+000DAh
  dw 00477h,base+03CE9h
  dw 00309h,base+00048h
  dw 00477h,base+0011Fh
  dw 0030Ah,base+017A7h
  dw 00476h,base+00047h
  dw 0030Bh,base+03E7Dh
  dw 00375h,base+017A7h
  dw 0030Bh,base+018C8h
  dw 00376h,base+03E7Dh
  dw 0020Ah,base+00022h
  dw 00376h,base+018C8h
  dw 0020Bh,base+00555h
  dw 00280h,base+00022h
  dw 00200h,base+003E5h

guilePage2frame013:
  db 032h,036h,062h,04Eh
  db 06Eh
  db 063h,02Eh,01Ah,061h,033h
  db 000h,000h
  db 000h,000h
  dw 0017Ch,base+00022h
  dw 00102h,base+00002h
  dw 0037Ch,base+03E80h
  dw 00102h,base+000DFh
  dw 0057Fh,base+03A65h
  dw 00880h,base+0314Ch
  dw 0070Bh,base+034F5h
  dw 00275h,base+0058Dh
  dw 00809h,base+03154h
  dw 00676h,base+0384Bh
  dw 01181h,base+00F85h
  dw 01181h,base+00F96h
  dw 0107Fh,base+01238h
  dw 01280h,base+00C73h
  dw 01281h,base+00C85h
  dw 01280h,base+00C97h
  dw 01280h,base+00CA9h
  dw 01280h,base+00CBBh
  dw 01280h,base+00CCDh
  dw 00D0Fh,base+01C9Ah
  dw 00371h,base+03E83h
  dw 00D0Fh,base+01CA7h
  dw 00371h,base+03E86h
  dw 00D0Fh,base+01CB4h
  dw 00371h,base+03E89h
  dw 00D0Fh,base+01CC1h
  dw 00371h,base+03E8Ch
  dw 00D0Fh,base+01CCEh
  dw 00371h,base+03E8Fh
  dw 00D10h,base+01CDBh
  dw 00271h,base+007B4h
  dw 00C0Fh,base+020FEh
  dw 00470h,base+03CEDh
  dw 00E10h,base+01841h
  dw 00471h,base+03CF1h
  dw 00D0Fh,base+01CE8h
  dw 00470h,base+03CF5h
  dw 00405h,base+03CF9h
  dw 0090Bh,base+02D38h
  dw 00470h,base+03CFDh
  dw 00406h,base+03D01h
  dw 0080Ah,base+0315Ch
  dw 00571h,base+03A6Ah
  dw 00306h,base+0026Eh
  dw 00809h,base+03164h
  dw 00670h,base+03851h
  dw 00407h,base+002D8h
  dw 01079h,base+01248h
  dw 00408h,base+03D05h
  dw 00F78h,base+014CFh
  dw 00408h,base+03D09h
  dw 00F78h,base+014DEh
  dw 00407h,base+03D0Dh
  dw 01079h,base+01258h
  dw 00407h,base+03D11h
  dw 0107Ah,base+01268h
  dw 00306h,base+00561h
  dw 0107Ah,base+01278h
  dw 00206h,base+00009h
  dw 0107Bh,base+01288h
  dw 00105h,base+00022h
  dw 01080h,base+01298h
  dw 00F80h,base+014EDh
  dw 00F81h,base+014FCh
  dw 00E80h,base+0184Fh
  dw 00E81h,base+0185Dh
  dw 00C7Dh,base+0210Ah
  dw 00F7Fh,base+0150Bh
  dw 00F80h,base+0151Ah
  dw 00F80h,base+01529h
  dw 00E80h,base+0186Bh
  dw 00E80h,base+01879h
  dw 00D81h,base+01CF5h
  dw 00C80h,base+02116h
  dw 00203h,base+00022h
  dw 00A7Dh,base+028D2h
  dw 00204h,base+0006Fh
  dw 00A7Ch,base+028DCh
  dw 00305h,base+02EBCh
  dw 00405h,base+00F28h
  dw 00476h,base+03137h
  dw 0030Ah,base+03E92h
  dw 00576h,base+03A6Fh
  dw 0030Bh,base+02E19h
  dw 00475h,base+03D15h
  dw 0030Ch,base+00021h
  dw 00375h,base+0006Dh
  dw 0020Bh,base+00234h
  dw 00200h,base+00233h

guilePage2frame014:
  db 036h,04Bh,066h,03Bh
  db 076h
  db 06Bh,028h,022h,069h,036h
  db 000h,000h
  db 000h,000h
  dw 0087Fh,base+0316Ch
  dw 0087Fh,base+03174h
  dw 00981h,base+02D41h
  dw 00781h,base+034FCh
  dw 00680h,base+03857h
  dw 00580h,base+03A74h
  dw 00581h,base+03A79h
  dw 00480h,base+03D19h
  dw 0047Fh,base+03D1Dh
  dw 0067Dh,base+0385Dh
  dw 00A7Fh,base+028E6h
  dw 00B80h,base+02483h
  dw 00B80h,base+0248Eh
  dw 00B7Fh,base+02499h
  dw 00D80h,base+01D02h
  dw 00D80h,base+01D0Fh
  dw 00E14h,base+01887h
  dw 0026Ch,base+00492h
  dw 00E13h,base+01895h
  dw 0036Ch,base+010A8h
  dw 0177Fh,base+005D1h
  dw 01780h,base+005E8h
  dw 01680h,base+0076Ah
  dw 01680h,base+00780h
  dw 0177Fh,base+005FFh
  dw 00D0Fh,base+01D1Ch
  dw 00507h,base+03A7Eh
  dw 0026Ah,base+00009h
  dw 00D10h,base+01D29h
  dw 00370h,base+00428h
  dw 00506h,base+03A83h
  dw 0077Ah,base+03503h
  dw 00406h,base+03D21h
  dw 0077Ah,base+0350Ah
  dw 00406h,base+03D25h
  dw 0067Ah,base+00B5Ah
  dw 00406h,base+03D29h
  dw 0067Ah,base+00B5Ah
  dw 00406h,base+03D2Dh
  dw 0067Ah,base+00B5Ah
  dw 00407h,base+03D31h
  dw 0060Bh,base+03863h
  dw 0026Fh,base+00054h
  dw 00306h,base+03E95h
  dw 00E7Ah,base+018A3h
  dw 00406h,base+03D35h
  dw 00F7Bh,base+01538h
  dw 00305h,base+03E98h
  dw 00F7Bh,base+01547h
  dw 00305h,base+03E9Bh
  dw 00F7Ch,base+01556h
  dw 00204h,base+0058Dh
  dw 0107Ch,base+012A8h
  dw 01481h,base+008FBh
  dw 0137Fh,base+00B21h
  dw 01480h,base+0090Fh
  dw 00204h,base+003E7h
  dw 0107Ch,base+012B8h
  dw 00204h,base+00026h
  dw 0107Ch,base+012C8h
  dw 00204h,base+00DA5h
  dw 00B0Ch,base+024A4h
  dw 00470h,base+03D39h
  dw 00105h,base+000D9h
  dw 0080Bh,base+0317Ch
  dw 00475h,base+02BF6h
  dw 0090Bh,base+02D4Ah
  dw 00575h,base+03A88h
  dw 0090Bh,base+02D53h
  dw 00576h,base+03A8Dh
  dw 0090Ah,base+02D5Ch
  dw 00576h,base+03A92h
  dw 0090Ah,base+02D65h
  dw 00577h,base+03A97h
  dw 00809h,base+03184h
  dw 00577h,base+03A9Ch
  dw 0090Ah,base+02D6Eh
  dw 00377h,base+00111h
  dw 00809h,base+0318Ch
  dw 00478h,base+03D3Dh
  dw 00708h,base+03511h
  dw 00479h,base+03D41h
  dw 00608h,base+03869h
  dw 00379h,base+00417h
  dw 00507h,base+03AA1h
  dw 00379h,base+038ADh
  dw 00507h,base+03631h
  dw 0037Ah,base+000B6h
  dw 00506h,base+03AA6h
  dw 0037Ah,base+00100h
  dw 00506h,base+03AABh
  dw 0037Ah,base+000B6h
  dw 00506h,base+03AB0h
  dw 0037Ah,base+00090h
  dw 00506h,base+03AB5h
  dw 0037Bh,base+000B6h
  dw 00405h,base+01A98h
  dw 0047Bh,base+03ABAh
  dw 00B81h,base+024AFh
  dw 00A80h,base+028F0h
  dw 00405h,base+03D45h
  dw 0057Ch,base+03ABAh
  dw 00306h,base+038D4h
  dw 0037Ah,base+00021h
  dw 00307h,base+00100h
  dw 0027Ah,base+00233h
  dw 00380h,base+00391h
  dw 00380h,base+0149Fh
  dw 00381h,base+00091h
  dw 00380h,base+01CE8h
  dw 00380h,base+01365h
  dw 00480h,base+03534h
  dw 00481h,base+01A9Eh
  dw 00380h,base+018ABh
  dw 00380h,base+00FC6h
  dw 00381h,base+00021h
  dw 00200h,base+0084Bh

guilePage2frame015:
  db 03Ch,032h,064h,040h
  db 070h
  db 05Dh,02Fh,014h,057h,049h
  db 000h,000h
  db 000h,000h
  dw 0017Fh,base+00000h
  dw 00280h,base+0042Eh
  dw 0027Fh,base+0042Eh
  dw 00380h,base+03D4Ah
  dw 0037Fh,base+03D4Ah
  dw 00480h,base+03D49h
  dw 0047Fh,base+033FCh
  dw 00680h,base+0386Fh
  dw 0067Fh,base+03875h
  dw 00A80h,base+028FAh
  dw 00A7Fh,base+02904h
  dw 00C84h,base+02122h
  dw 00880h,base+03194h
  dw 00880h,base+0319Ch
  dw 0097Fh,base+02D77h
  dw 00A80h,base+0290Eh
  dw 00A7Fh,base+02918h
  dw 00B80h,base+024BAh
  dw 00B0Fh,base+024C5h
  dw 00270h,base+00105h
  dw 00C10h,base+0212Eh
  dw 00370h,base+0174Eh
  dw 01280h,base+00CDFh
  dw 01380h,base+00B34h
  dw 01280h,base+00CF1h
  dw 01380h,base+00B47h
  dw 01280h,base+00D03h
  dw 01480h,base+00923h
  dw 0157Fh,base+00804h
  dw 01680h,base+00796h
  dw 01780h,base+00616h
  dw 01780h,base+0062Dh
  dw 00405h,base+03D4Dh
  dw 0137Bh,base+00B5Ah
  dw 00305h,base+03E9Eh
  dw 0137Bh,base+00B6Dh
  dw 00406h,base+011B4h
  dw 0127Ah,base+00D15h
  dw 00407h,base+03D51h
  dw 01279h,base+00D27h
  dw 00508h,base+03ABFh
  dw 01178h,base+00FA7h
  dw 00507h,base+03AC4h
  dw 01279h,base+00D39h
  dw 01A80h,base+0039Ah
  dw 01A81h,base+003B4h
  dw 00709h,base+03518h
  dw 00708h,base+0351Fh
  dw 00871h,base+031A4h
  dw 00506h,base+03AC9h
  dw 0080Ah,base+031ACh
  dw 00772h,base+03526h
  dw 00B0Eh,base+024D0h
  dw 00773h,base+0352Dh
  dw 00A0Eh,base+02922h
  dw 00772h,base+03534h
  dw 00304h,base+000D9h
  dw 0050Ah,base+03ACEh
  dw 00772h,base+0353Bh
  dw 00205h,base+00105h
  dw 00409h,base+00595h
  dw 00304h,base+00FF6h
  dw 0036Fh,base+000B6h
  dw 00104h,base+00002h
  dw 00409h,base+00F69h
  dw 00204h,base+001C5h
  dw 00474h,base+03D55h
  dw 00208h,base+00052h
  dw 00204h,base+00092h
  dw 00580h,base+03AD3h
  dw 00680h,base+0387Bh
  dw 00680h,base+0226Ch
  dw 00683h,base+00F34h
  dw 00300h,base+00613h

guilePage2frame016:
  db 042h,026h,05Eh,05Fh
  db 06Ah
  db 062h,03Eh,017h,05Ch,038h
  db 000h,000h
  db 000h,000h
  dw 00380h,base+0074Dh
  dw 0040Fh,base+03D59h
  dw 00270h,base+00052h
  dw 0060Fh,base+03881h
  dw 00571h,base+03AD8h
  dw 0080Fh,base+031B4h
  dw 00671h,base+03887h
  dw 0090Eh,base+02D80h
  dw 00772h,base+03542h
  dw 00C0Eh,base+0213Ah
  dw 00773h,base+03549h
  dw 00203h,base+005E4h
  dw 0117Bh,base+00FB8h
  dw 00406h,base+03D5Dh
  dw 0117Ah,base+00FC9h
  dw 00106h,base+0003Ah
  dw 01179h,base+00FDAh
  dw 00207h,base+0076Ah
  dw 01115h,base+00FEBh
  dw 00264h,base+00022h
  dw 00204h,base+0076Ah
  dw 01517h,base+00819h
  dw 00365h,base+0028Fh
  dw 00204h,base+00A3Dh
  dw 01A7Bh,base+003CEh
  dw 00304h,base+03EA1h
  dw 01B7Ch,base+0037Fh
  dw 01F80h,base+002D1h
  dw 01718h,base+00644h
  dw 00667h,base+0388Dh
  dw 0181Ah,base+0052Dh
  dw 00466h,base+02116h
  dw 00A0Ch,base+0292Ch
  dw 00C0Fh,base+02146h
  dw 00365h,base+0006Ch
  dw 00A0Ch,base+02936h
  dw 0090Ah,base+02D89h
  dw 00205h,base+0006Fh
  dw 00265h,base+0006Fh
  dw 00B0Ch,base+024DBh
  dw 0090Bh,base+02D92h
  dw 00104h,base+00022h
  dw 00265h,base+00009h
  dw 0151Bh,base+0082Eh
  dw 00164h,base+0001Bh
  dw 01680h,base+007ACh
  dw 01683h,base+007C2h
  dw 01280h,base+00D4Bh
  dw 01280h,base+00D5Dh
  dw 0127Fh,base+00D6Fh
  dw 01380h,base+00B80h
  dw 01280h,base+00D81h
  dw 01280h,base+00D93h
  dw 01180h,base+00FFCh
  dw 01180h,base+0100Dh
  dw 01080h,base+012D8h
  dw 00F80h,base+01565h
  dw 00E80h,base+018B1h
  dw 00D81h,base+01D36h
  dw 00B80h,base+024E6h
  dw 00A82h,base+02940h
  dw 00782h,base+03550h
  dw 00300h,base+00009h

guilePage2frame017:
  db 052h,01Ch,058h,068h
  db 088h
  db 063h,03Eh,00Ch,05Dh,038h
  db 000h,000h
  db 000h,000h
  dw 0027Fh,base+0002Ch
  dw 00480h,base+03D61h
  dw 0047Fh,base+03D65h
  dw 0067Fh,base+03893h
  dw 00780h,base+03557h
  dw 0087Fh,base+031BCh
  dw 00975h,base+02D9Bh
  dw 00306h,base+0002Ch
  dw 00105h,base+00002h
  dw 00A13h,base+0294Ah
  dw 00161h,base+00022h
  dw 00507h,base+03ADDh
  dw 00205h,base+0015Dh
  dw 00A13h,base+02954h
  dw 00260h,base+00024h
  dw 00B0Ch,base+024F1h
  dw 00B13h,base+024FCh
  dw 00360h,base+03AEAh
  dw 01920h,base+0044Dh
  dw 00360h,base+03EA4h
  dw 01920h,base+00466h
  dw 0035Eh,base+00646h
  dw 01E21h,base+0030Eh
  dw 0035Eh,base+002E6h
  dw 02580h,base+00026h
  dw 0257Fh,base+0004Bh
  dw 02580h,base+00070h
  dw 02580h,base+00095h
  dw 02580h,base+000BAh
  dw 0257Fh,base+000DFh
  dw 02680h,base+00000h
  dw 01A1Bh,base+003E8h
  dw 00609h,base+03899h
  dw 0025Ch,base+00023h
  dw 0181Ch,base+00545h
  dw 00263h,base+00052h
  dw 01982h,base+0047Fh
  dw 01780h,base+0065Bh
  dw 01781h,base+00672h
  dw 00305h,base+03EA7h
  dw 01180h,base+0101Eh
  dw 00C0Eh,base+02152h
  dw 00173h,base+00022h
  dw 00203h,base+00099h
  dw 00700h,base+0355Eh

guilePage2frame018:
  db 02Eh,045h,05Eh,03Fh
  db 072h
  db 069h,022h,031h,062h,022h
  db 000h,000h
  db 000h,000h
  dw 0027Fh,base+0058Dh
  dw 00480h,base+00021h
  dw 00580h,base+03AE2h
  dw 00781h,base+03565h
  dw 00681h,base+002AAh
  dw 00580h,base+035F9h
  dw 00580h,base+03AE7h
  dw 00581h,base+002E9h
  dw 00480h,base+001C9h
  dw 00380h,base+000B6h
  dw 00380h,base+00FF6h
  dw 00480h,base+000B6h
  dw 00580h,base+03AECh
  dw 00680h,base+0389Fh
  dw 00680h,base+038A5h
  dw 00680h,base+038ABh
  dw 00680h,base+038B1h
  dw 00680h,base+038B7h
  dw 00580h,base+03AF1h
  dw 00580h,base+03AF6h
  dw 00580h,base+03AFBh
  dw 00480h,base+03D69h
  dw 00480h,base+03D6Dh
  dw 00480h,base+00B30h
  dw 00480h,base+03D71h
  dw 00480h,base+03D75h
  dw 00480h,base+03D79h
  dw 00480h,base+03D7Dh
  dw 0047Fh,base+03D81h
  dw 00680h,base+038BDh
  dw 00680h,base+038C3h
  dw 00780h,base+0356Ch
  dw 00880h,base+031C4h
  dw 00880h,base+031CCh
  dw 00981h,base+02DA4h
  dw 00880h,base+031D4h
  dw 00980h,base+02DADh
  dw 00981h,base+02DB6h
  dw 00980h,base+02DBFh
  dw 00981h,base+02DC8h
  dw 00880h,base+031DCh
  dw 00881h,base+031E4h
  dw 00878h,base+031ECh
  dw 00208h,base+00009h
  dw 00877h,base+031F4h
  dw 0030Ah,base+004ECh
  dw 00775h,base+03573h
  dw 0050Bh,base+03B00h
  dw 00775h,base+0357Ah
  dw 0050Bh,base+03B05h
  dw 00774h,base+03581h
  dw 0070Bh,base+03588h
  dw 00775h,base+0358Fh
  dw 0070Ah,base+03596h
  dw 00875h,base+031FCh
  dw 0137Eh,base+00B93h
  dw 0147Fh,base+00937h
  dw 01580h,base+00843h
  dw 01480h,base+0094Bh
  dw 01380h,base+00BA6h
  dw 00304h,base+03BC6h
  dw 00F7Ch,base+01574h
  dw 00304h,base+03EAAh
  dw 00F7Ch,base+01583h
  dw 01280h,base+00DA5h
  dw 00203h,base+0032Ch
  dw 00F7Dh,base+01592h
  dw 00206h,base+015B4h
  dw 00B7Ah,base+02507h
  dw 00207h,base+015B4h
  dw 00A79h,base+0295Eh
  dw 00207h,base+01317h
  dw 00A81h,base+02968h
  dw 00880h,base+03204h
  dw 00880h,base+0320Ch
  dw 00880h,base+03214h
  dw 00781h,base+0359Dh
  dw 00680h,base+038C9h
  dw 00580h,base+03B0Ah
  dw 00581h,base+03B0Fh
  dw 00300h,base+03EADh

guilePage2frame019:
  db 010h,010h,090h,04Ah
  db 096h
  db 000h,000h,0B6h,000h,000h
  db 000h,000h
  db 000h,000h
  dw 0027Fh,base+00065h
  dw 0047Fh,base+00721h
  dw 00680h,base+00DD4h
  dw 00680h,base+013AEh
  dw 0067Fh,base+00352h
  dw 00880h,base+0321Ch
  dw 00880h,base+00351h
  dw 00880h,base+00351h
  dw 00880h,base+00351h
  dw 00880h,base+00351h
  dw 00881h,base+0321Ch
  dw 00680h,base+00352h
  dw 00680h,base+013AEh
  dw 00681h,base+00DD4h
  dw 00481h,base+00721h
  dw 00200h,base+00065h

guilePage2frame020:
  db 026h,052h,05Ch,032h
  db 070h
  db 05Dh,022h,031h,05Bh,022h
  db 000h,000h
  db 000h,000h
  dw 0037Eh,base+0220Fh
  dw 00680h,base+038CFh
  dw 0077Fh,base+035A4h
  dw 0097Fh,base+02DD1h
  dw 00A81h,base+02972h
  dw 0097Bh,base+02DDAh
  dw 00105h,base+00002h
  dw 0097Bh,base+02DE3h
  dw 00105h,base+0002Bh
  dw 0097Bh,base+02DECh
  dw 00205h,base+00025h
  dw 0097Ch,base+02DF5h
  dw 00104h,base+00027h
  dw 00102h,base+00022h
  dw 0077Ah,base+035ABh
  dw 00106h,base+00027h
  dw 00779h,base+035B2h
  dw 00206h,base+003E5h
  dw 00879h,base+03224h
  dw 00307h,base+03873h
  dw 00879h,base+0322Ch
  dw 00306h,base+0094Bh
  dw 00979h,base+02DFEh
  dw 00506h,base+03B14h
  dw 0097Ah,base+02E07h
  dw 00203h,base+00022h
  dw 00C80h,base+0215Eh
  dw 00C80h,base+0216Ah
  dw 00B80h,base+02512h
  dw 00B80h,base+0251Dh
  dw 00B81h,base+02528h
  dw 00A80h,base+0297Ch
  dw 00A80h,base+02986h
  dw 00A80h,base+02990h
  dw 00A80h,base+0299Ah
  dw 00A81h,base+029A4h
  dw 00980h,base+02E10h
  dw 00981h,base+02E19h
  dw 00780h,base+035B9h
  dw 00780h,base+035C0h
  dw 00780h,base+035C7h
  dw 00780h,base+03118h
  dw 00781h,base+035CEh
  dw 00680h,base+00B5Ah
  dw 00580h,base+0075Ah
  dw 00580h,base+0075Ah
  dw 00580h,base+03B19h
  dw 00580h,base+03B19h
  dw 0057Fh,base+03B1Eh
  dw 00780h,base+035D5h
  dw 00780h,base+035DCh
  dw 00780h,base+035E3h
  dw 00780h,base+035EAh
  dw 00880h,base+03234h
  dw 00880h,base+0323Ch
  dw 00981h,base+02E22h
  dw 00880h,base+03244h
  dw 00980h,base+02E2Bh
  dw 00980h,base+02E34h
  dw 00A81h,base+029AEh
  dw 00980h,base+02E3Dh
  dw 00A81h,base+029B8h
  dw 00980h,base+02E46h
  dw 00980h,base+02E4Fh
  dw 00A81h,base+029C2h
  dw 00980h,base+02E58h
  dw 00981h,base+02E61h
  dw 00880h,base+0324Ch
  dw 00881h,base+03254h
  dw 0077Fh,base+035F1h
  dw 00880h,base+0325Ch
  dw 00880h,base+03264h
  dw 0087Fh,base+0326Ch
  dw 00980h,base+02E6Ah
  dw 00880h,base+03274h
  dw 0087Fh,base+0327Ch
  dw 00880h,base+03284h
  dw 00880h,base+0328Ch
  dw 0087Fh,base+03294h
  dw 00880h,base+0329Ch
  dw 00880h,base+032A4h
  dw 0077Fh,base+035F8h
  dw 00780h,base+035FFh
  dw 00781h,base+03606h
  dw 00580h,base+03B23h
  dw 00582h,base+03B28h
  dw 00380h,base+00020h
  dw 00480h,base+011E7h
  dw 00581h,base+03B2Dh
  dw 00481h,base+03D85h
  dw 00380h,base+032E5h
  dw 00381h,base+00021h
  dw 00200h,base+00897h

guilePage2frame021:
  db 028h,032h,072h,052h
  db 07Ch
  db 06Ah,02Eh,01Bh,068h,02Ch
  db 000h,000h
  db 000h,000h
  dw 00407h,base+01538h
  dw 00778h,base+0360Dh
  dw 00709h,base+03614h
  dw 00777h,base+0361Bh
  dw 0080Ah,base+032ACh
  dw 00676h,base+03085h
  dw 0080Ah,base+032B4h
  dw 00676h,base+0379Dh
  dw 0080Ah,base+032BCh
  dw 00576h,base+039E3h
  dw 00F80h,base+015A1h
  dw 00E80h,base+018BFh
  dw 00E80h,base+018CDh
  dw 00E80h,base+018DBh
  dw 00E80h,base+018E9h
  dw 00E81h,base+018F7h
  dw 00D80h,base+01D43h
  dw 00D80h,base+01D50h
  dw 00D80h,base+01D5Dh
  dw 00D81h,base+01D6Ah
  dw 00C80h,base+02176h
  dw 00C80h,base+02182h
  dw 00C7Fh,base+0218Eh
  dw 00D80h,base+01D77h
  dw 00D7Fh,base+01D84h
  dw 00E7Fh,base+01905h
  dw 00F80h,base+015B0h
  dw 00F7Fh,base+015BFh
  dw 01080h,base+012E8h
  dw 01080h,base+012F8h
  dw 0090Dh,base+02E73h
  dw 00373h,base+03EB0h
  dw 0080Dh,base+032C4h
  dw 00373h,base+004B5h
  dw 0090Dh,base+02E7Ch
  dw 00373h,base+006AAh
  dw 0090Dh,base+02E85h
  dw 00373h,base+03EB3h
  dw 00A0Dh,base+029CCh
  dw 00373h,base+01197h
  dw 00A0Dh,base+029D6h
  dw 00373h,base+03EB6h
  dw 00B0Dh,base+02533h
  dw 00373h,base+03EB9h
  dw 00B0Dh,base+0253Eh
  dw 00374h,base+03C9Dh
  dw 00A0Bh,base+029E0h
  dw 00475h,base+03D89h
  dw 00E7Eh,base+01913h
  dw 0107Fh,base+01308h
  dw 01180h,base+0102Fh
  dw 01080h,base+01318h
  dw 01080h,base+01328h
  dw 00F81h,base+015CEh
  dw 00E80h,base+01921h
  dw 00E80h,base+0192Fh
  dw 00E80h,base+0193Dh
  dw 00E80h,base+0194Bh
  dw 00E80h,base+01959h
  dw 00D80h,base+01D91h
  dw 00304h,base+03EBCh
  dw 0097Ch,base+02E8Eh
  dw 00305h,base+03EBFh
  dw 0057Ch,base+03B32h
  dw 00205h,base+00022h
  dw 0037Bh,base+0150Ch
  dw 00200h,base+0084Bh

guilePage2frame022:
  db 024h,07Dh,076h,00Bh
  db 078h
  db 073h,022h,04Dh,071h,022h
  db 000h,000h
  db 000h,000h
  dw 00380h,base+0074Ah
  dw 00380h,base+03EC2h
  dw 00380h,base+002D9h
  dw 00380h,base+03EC5h
  dw 00380h,base+010D5h
  dw 00380h,base+0090Fh
  dw 00380h,base+0151Ah
  dw 0037Fh,base+03EC8h
  dw 00480h,base+03D8Dh
  dw 00480h,base+03D91h
  dw 00480h,base+03D95h
  dw 00380h,base+03ECBh
  dw 00380h,base+03ECEh
  dw 00380h,base+03ED1h
  dw 00480h,base+03D99h
  dw 00480h,base+03D9Dh
  dw 00480h,base+03DA1h
  dw 00480h,base+03DA5h
  dw 00480h,base+03DA9h
  dw 00480h,base+03DADh
  dw 00480h,base+03DB1h
  dw 00480h,base+03DB5h
  dw 00480h,base+03DB9h
  dw 00480h,base+03DBDh
  dw 00380h,base+03ED4h
  dw 00480h,base+03DC1h
  dw 00480h,base+03DC5h
  dw 00B80h,base+02549h
  dw 00C80h,base+0219Ah
  dw 00D80h,base+01D9Eh
  dw 00405h,base+03A7Eh
  dw 0087Bh,base+032CCh
  dw 00506h,base+03B37h
  dw 0087Ah,base+032D4h
  dw 00506h,base+03B3Ch
  dw 0087Ah,base+032DCh
  dw 00506h,base+03B41h
  dw 0067Ah,base+038D5h
  dw 00506h,base+03B41h
  dw 0067Ah,base+038DBh
  dw 00506h,base+03B46h
  dw 0057Ah,base+03B4Bh
  dw 00B80h,base+02554h
  dw 00A80h,base+029EAh
  dw 00A80h,base+029F4h
  dw 00A81h,base+029FEh
  dw 00980h,base+02E97h
  dw 00980h,base+02EA0h
  dw 00980h,base+02EA9h
  dw 00880h,base+032E4h
  dw 00980h,base+02EB2h
  dw 00980h,base+02EBBh
  dw 00A80h,base+02A08h
  dw 00B80h,base+0255Fh
  dw 00B80h,base+0256Ah
  dw 00B80h,base+02575h
  dw 00B80h,base+02580h
  dw 00B80h,base+0258Bh
  dw 00B80h,base+02596h
  dw 00B81h,base+025A1h
  dw 00A80h,base+02A12h
  dw 00A80h,base+02A1Ch
  dw 00A80h,base+02A26h
  dw 00A81h,base+02A30h
  dw 00980h,base+02EC4h
  dw 00980h,base+02ECDh
  dw 00980h,base+02ED6h
  dw 0097Fh,base+02EDFh
  dw 00980h,base+02EE8h
  dw 00980h,base+02EF1h
  dw 00A0Eh,base+02A3Ah
  dw 00272h,base+00009h
  dw 00B0Dh,base+025ACh
  dw 00373h,base+03ED7h
  dw 01080h,base+01338h
  dw 01080h,base+01348h
  dw 01080h,base+01358h
  dw 01080h,base+01368h
  dw 0107Fh,base+01378h
  dw 01180h,base+01040h
  dw 01080h,base+01388h
  dw 00980h,base+02EFAh
  dw 00980h,base+02F03h
  dw 00A80h,base+02A44h
  dw 00A80h,base+02A4Eh
  dw 00A80h,base+02A58h
  dw 00A80h,base+02A62h
  dw 00A80h,base+02A6Ch
  dw 00A80h,base+02A76h
  dw 00A80h,base+02A80h
  dw 00A80h,base+02A8Ah
  dw 00A80h,base+02A94h
  dw 00A80h,base+02A9Eh
  dw 00A80h,base+02AA8h
  dw 00A80h,base+02AB2h
  dw 00980h,base+02F0Ch
  dw 00980h,base+02F15h
  dw 00981h,base+02F1Eh
  dw 00880h,base+032ECh
  dw 00880h,base+032F4h
  dw 0087Fh,base+032FCh
  dw 00980h,base+02F27h
  dw 00980h,base+02F30h
  dw 00980h,base+02F39h
  dw 00405h,base+03DC9h
  dw 0047Bh,base+03DCDh
  dw 00405h,base+03DD1h
  dw 0047Bh,base+03DD5h
  dw 00405h,base+03DD9h
  dw 0047Ah,base+03DDDh
  dw 00506h,base+03B50h
  dw 0047Ah,base+03DE1h
  dw 00506h,base+03B55h
  dw 0047Ah,base+03DE5h
  dw 00506h,base+03B5Ah
  dw 0047Ah,base+03DE9h
  dw 00506h,base+03B5Fh
  dw 0047Ah,base+03DEDh
  dw 00406h,base+03DF1h
  dw 0047Ah,base+011A0h
  dw 00406h,base+00112h
  dw 0047Ah,base+0033Ch
  dw 00406h,base+01F2Fh
  dw 0037Bh,base+00E4Ah
  dw 00305h,base+0064Fh
  dw 0037Bh,base+00419h
  dw 00305h,base+0014Ch
  dw 0037Bh,base+00023h
  dw 00206h,base+00236h
  dw 0027Ah,base+00099h
  dw 00206h,base+0004Dh
  dw 0027Ah,base+00022h
  dw 00206h,base+000E3h
  dw 0027Ah,base+0026Fh
  dw 00206h,base+00020h
  dw 0027Ah,base+00022h
  dw 00205h,base+00022h
  dw 0037Bh,base+0026Eh
  dw 00205h,base+00020h
  dw 0037Bh,base+00090h
  dw 00205h,base+00022h
  dw 0047Bh,base+036B7h
  dw 00205h,base+003E3h
  dw 0057Bh,base+0038Dh
  dw 00206h,base+00022h
  dw 0057Ah,base+01393h
  dw 00207h,base+00020h
  dw 00479h,base+002E5h
  dw 00208h,base+00022h
  dw 00378h,base+002E6h
  dw 00208h,base+00020h
  dw 00378h,base+003D0h
  dw 0027Fh,base+01317h
  dw 00380h,base+00397h
  dw 00380h,base+00C28h
  dw 00380h,base+0005Eh
  dw 00300h,base+00BF9h

guilePage2frame023:
  db 038h,04Fh,05Eh,034h
  db 07Ah
  db 071h,022h,031h,06Ah,027h
  db 000h,000h
  db 000h,000h
  dw 00582h,base+03B64h
  dw 0047Ah,base+005A9h
  dw 00B82h,base+025B7h
  dw 00A7Dh,base+02ABCh
  dw 00E7Fh,base+01967h
  dw 0107Fh,base+01398h
  dw 0117Fh,base+01051h
  dw 01380h,base+00BB9h
  dw 0147Fh,base+0095Fh
  dw 00308h,base+01B9Fh
  dw 00F77h,base+015DDh
  dw 0020Ah,base+001E4h
  dw 00E75h,base+01975h
  dw 0010Fh,base+0004Eh
  dw 00A80h,base+02AC6h
  dw 00A7Fh,base+02AD0h
  dw 00B80h,base+025C2h
  dw 00A80h,base+02ADAh
  dw 00A7Fh,base+02AE4h
  dw 00B80h,base+025CDh
  dw 00A7Fh,base+02AEEh
  dw 00B80h,base+025D8h
  dw 00B80h,base+025E3h
  dw 00B7Fh,base+025EEh
  dw 00C80h,base+021A6h
  dw 00C7Fh,base+021B2h
  dw 00D80h,base+01DABh
  dw 00D80h,base+01DB8h
  dw 00D80h,base+01DC5h
  dw 00C7Fh,base+021BEh
  dw 00D80h,base+01DD2h
  dw 00C7Fh,base+021CAh
  dw 00D80h,base+01DDFh
  dw 00D7Fh,base+01DECh
  dw 00D80h,base+01DF9h
  dw 00C76h,base+021D6h
  dw 00105h,base+0000Eh
  dw 00105h,base+00010h
  dw 00B77h,base+025F9h
  dw 00105h,base+0000Eh
  dw 00204h,base+001F8h
  dw 00A77h,base+02AF8h
  dw 00206h,base+0012Bh
  dw 00C7Ah,base+021E2h
  dw 00507h,base+03B69h
  dw 00B7Ah,base+02604h
  dw 01080h,base+013A8h
  dw 01182h,base+01062h
  dw 00F80h,base+015ECh
  dw 0107Ch,base+013B8h
  dw 01582h,base+00858h
  dw 01481h,base+00973h
  dw 01481h,base+00987h
  dw 01483h,base+0099Bh
  dw 0117Fh,base+01073h
  dw 0137Dh,base+00BCCh
  dw 01684h,base+007D8h
  dw 01381h,base+00BDFh
  dw 0127Eh,base+00DB7h
  dw 01487h,base+009AFh
  dw 00E80h,base+01983h
  dw 00E80h,base+01991h
  dw 00E80h,base+0199Fh
  dw 00607h,base+038E1h
  dw 00779h,base+03622h
  dw 00608h,base+038E7h
  dw 00578h,base+03B6Eh
  dw 00608h,base+038EDh
  dw 00578h,base+03B73h
  dw 00608h,base+038F3h
  dw 00577h,base+03B78h
  dw 00709h,base+03629h
  dw 00577h,base+03B7Dh
  dw 00709h,base+03630h
  dw 00476h,base+03DF5h
  dw 00809h,base+03304h
  dw 00577h,base+03B82h
  dw 00809h,base+0330Ch
  dw 00577h,base+03B87h
  dw 00709h,base+03637h
  dw 00476h,base+03DF9h
  dw 0080Ah,base+03314h
  dw 00476h,base+03DFDh
  dw 0080Ah,base+0331Ch
  dw 00475h,base+03E01h
  dw 0080Bh,base+03324h
  dw 00374h,base+00090h
  dw 0080Ch,base+0332Ch
  dw 00374h,base+000B6h
  dw 0070Ch,base+0363Eh
  dw 00374h,base+01930h
  dw 0050Bh,base+03B8Ch
  dw 00375h,base+0011Fh
  dw 0040Bh,base+03E05h
  dw 00375h,base+03EDAh
  dw 0030Bh,base+03EDDh
  dw 00375h,base+01319h
  dw 0030Bh,base+01930h
  dw 00375h,base+03EE0h
  dw 0030Bh,base+00C63h
  dw 00475h,base+001EBh
  dw 0030Bh,base+00047h
  dw 00575h,base+03533h
  dw 0040Dh,base+03E09h
  dw 00373h,base+03D91h
  dw 0040Dh,base+03E0Dh
  dw 00374h,base+029EBh
  dw 0030Ch,base+03E92h
  dw 00374h,base+00146h
  dw 0030Dh,base+00021h
  dw 00274h,base+007AEh
  dw 00200h,base+005EBh

guilePage2frame024:
  db 050h,04Ah,058h,039h
  db 070h
  db 06Eh,026h,031h,067h,027h
  db 000h,000h
  db 000h,000h
  dw 00B86h,base+0260Fh
  dw 0050Ah,base+03B91h
  dw 00178h,base+00002h
  dw 00102h,base+0004Eh
  dw 00106h,base+00002h
  dw 0017Ah,base+00002h
  dw 00205h,base+01238h
  dw 0037Bh,base+008D6h
  dw 00A81h,base+02B02h
  dw 00A80h,base+02B0Ch
  dw 00B7Eh,base+0261Ah
  dw 00E7Fh,base+019ADh
  dw 0107Fh,base+013C8h
  dw 01280h,base+00DC9h
  dw 0137Fh,base+00BF2h
  dw 0147Eh,base+009C3h
  dw 01780h,base+00689h
  dw 0177Fh,base+006A0h
  dw 01980h,base+00498h
  dw 00D0Fh,base+01E06h
  dw 00A71h,base+02B16h
  dw 00D10h,base+01E13h
  dw 00970h,base+02F42h
  dw 00D12h,base+01E20h
  dw 0076Eh,base+03645h
  dw 00C11h,base+021EEh
  dw 00870h,base+03334h
  dw 01780h,base+006B7h
  dw 0090Ah,base+02F4Bh
  dw 00103h,base+0004Eh
  dw 00A73h,base+02B20h
  dw 0090Ah,base+02F54h
  dw 00105h,base+00022h
  dw 00771h,base+0364Ch
  dw 00A0Eh,base+02B2Ah
  dw 00872h,base+0333Ch
  dw 00B0Eh,base+02625h
  dw 00872h,base+03344h
  dw 00B0Eh,base+02630h
  dw 00972h,base+02F5Dh
  dw 0177Fh,base+006CEh
  dw 01880h,base+0055Dh
  dw 01980h,base+004B1h
  dw 01980h,base+004CAh
  dw 01980h,base+004E3h
  dw 00708h,base+03653h
  dw 01178h,base+01084h
  dw 00608h,base+038F9h
  dw 01078h,base+013D8h
  dw 00609h,base+038FFh
  dw 00F77h,base+015FBh
  dw 00608h,base+03905h
  dw 00F78h,base+0160Ah
  dw 01780h,base+006E5h
  dw 01680h,base+007EEh
  dw 01580h,base+0086Dh
  dw 0147Fh,base+009D7h
  dw 0147Eh,base+009EBh
  dw 0147Eh,base+009FFh
  dw 01476h,base+00A13h
  dw 01C83h,base+00348h
  dw 0198Ch,base+004FCh
  dw 00E81h,base+019BBh
  dw 00D80h,base+01E2Dh
  dw 00D80h,base+01E3Ah
  dw 00E80h,base+01983h
  dw 00E80h,base+01991h
  dw 00E80h,base+0199Fh
  dw 00607h,base+038E1h
  dw 00779h,base+03622h
  dw 00608h,base+038E7h
  dw 00578h,base+03B6Eh
  dw 00608h,base+038EDh
  dw 00578h,base+03B73h
  dw 00608h,base+038F3h
  dw 00577h,base+03B78h
  dw 00709h,base+03629h
  dw 00577h,base+03B7Dh
  dw 00709h,base+03630h
  dw 00476h,base+03DF5h
  dw 00809h,base+03304h
  dw 00577h,base+03B82h
  dw 00809h,base+0330Ch
  dw 00577h,base+03B87h
  dw 00709h,base+03637h
  dw 00476h,base+03DF9h
  dw 0080Ah,base+03314h
  dw 00476h,base+03DFDh
  dw 0080Ah,base+0331Ch
  dw 00475h,base+03E01h
  dw 0080Bh,base+03324h
  dw 00374h,base+00090h
  dw 0080Ch,base+0332Ch
  dw 00374h,base+000B6h
  dw 0070Ch,base+0363Eh
  dw 00374h,base+01930h
  dw 0050Bh,base+03B8Ch
  dw 00375h,base+0011Fh
  dw 0040Bh,base+03E05h
  dw 00375h,base+03EDAh
  dw 0030Bh,base+03EDDh
  dw 00375h,base+01319h
  dw 0030Bh,base+01930h
  dw 00375h,base+03EE0h
  dw 0030Bh,base+00C63h
  dw 00475h,base+001EBh
  dw 0030Bh,base+00047h
  dw 00575h,base+03533h
  dw 0040Dh,base+03E09h
  dw 00373h,base+03D91h
  dw 0040Dh,base+03E0Dh
  dw 00374h,base+029EBh
  dw 0030Ch,base+03E92h
  dw 00374h,base+00146h
  dw 0030Dh,base+00021h
  dw 00274h,base+007AEh
  dw 00200h,base+005EBh

guilePage2frame025:
  db 066h,05Eh,05Ch,01Fh
  db 09Ah
  db 06Ah,026h,03Bh,063h,02Ah
  db 096h,07Ch
  db 0B6h,07Ch
  dw 00584h,base+024B7h
  dw 0027Eh,base+003E5h
  dw 00203h,base+00023h
  dw 0037Fh,base+003D0h
  dw 00582h,base+03B96h
  dw 0047Eh,base+03E11h
  dw 00681h,base+0390Bh
  dw 0067Eh,base+03911h
  dw 00203h,base+0006Fh
  dw 0067Fh,base+03917h
  dw 00102h,base+00002h
  dw 0057Fh,base+03B9Bh
  dw 00763h,base+0365Ah
  dw 0011Eh,base+0001Bh
  dw 00662h,base+0391Dh
  dw 0011Bh,base+00004h
  dw 00204h,base+0006Fh
  dw 00660h,base+03923h
  dw 0011Eh,base+0001Bh
  dw 00102h,base+00002h
  dw 00660h,base+03929h
  dw 0011Fh,base+00004h
  dw 00102h,base+00002h
  dw 0065Eh,base+0392Fh
  dw 00102h,base+0001Bh
  dw 0011Ah,base+00022h
  dw 00105h,base+00022h
  dw 0075Fh,base+03661h
  dw 00102h,base+00004h
  dw 0011Ch,base+0001Bh
  dw 00104h,base+0001Bh
  dw 0075Eh,base+03668h
  dw 0021Fh,base+00021h
  dw 00102h,base+0001Bh
  dw 0085Eh,base+0334Ch
  dw 00102h,base+00002h
  dw 0011Eh,base+0001Bh
  dw 00203h,base+000BDh
  dw 0075Dh,base+0366Fh
  dw 0021Eh,base+00021h
  dw 00103h,base+00010h
  dw 00102h,base+00002h
  dw 0085Ch,base+03354h
  dw 00220h,base+00049h
  dw 00103h,base+0002Ch
  dw 00102h,base+00002h
  dw 0075Bh,base+03676h
  dw 00204h,base+00099h
  dw 0011Ch,base+00022h
  dw 00304h,base+0010Dh
  dw 0085Bh,base+0335Ch
  dw 00304h,base+00098h
  dw 00102h,base+00022h
  dw 0011Ch,base+00022h
  dw 00C5Eh,base+021FAh
  dw 00304h,base+00146h
  dw 0021Fh,base+00022h
  dw 00102h,base+0002Ch
  dw 0095Bh,base+02F66h
  dw 00405h,base+000B5h
  dw 00102h,base+00022h
  dw 0011Ch,base+00022h
  dw 00304h,base+00112h
  dw 00758h,base+0367Dh
  dw 00607h,base+002AAh
  dw 0011Ah,base+00022h
  dw 00103h,base+00011h
  dw 00304h,base+010DCh
  dw 00758h,base+03684h
  dw 00405h,base+0011Fh
  dw 00102h,base+00022h
  dw 00104h,base+00022h
  dw 00117h,base+0000Dh
  dw 00E5Eh,base+019C9h
  dw 0070Bh,base+0368Bh
  dw 00109h,base+0001Ah
  dw 0010Fh,base+0000Eh
  dw 00102h,base+0002Ch
  dw 00B5Bh,base+0263Bh
  dw 0070Ah,base+03692h
  dw 00102h,base+0000Dh
  dw 00108h,base+0001Ah
  dw 0030Fh,base+001B8h
  dw 00203h,base+0002Ch
  dw 00A5Ah,base+02B34h
  dw 0060Ah,base+03014h
  dw 00209h,base+0023Eh
  dw 00411h,base+03E15h
  dw 00C5Bh,base+02206h
  dw 0070Ah,base+03699h
  dw 00102h,base+0000Dh
  dw 00108h,base+0001Ah
  dw 00510h,base+03BA0h
  dw 00D5Ch,base+01E47h
  dw 0070Ah,base+036A0h
  dw 00209h,base+02441h
  dw 00711h,base+036A7h
  dw 00D5Ch,base+01E54h
  dw 0070Ah,base+01F1Dh
  dw 00209h,base+00194h
  dw 00712h,base+036AEh
  dw 00304h,base+00787h
  dw 00857h,base+03364h
  dw 00709h,base+036B5h
  dw 0030Ah,base+00DF1h
  dw 00812h,base+0336Ch
  dw 00304h,base+02778h
  dw 00856h,base+03374h
  dw 00C11h,base+02212h
  dw 00102h,base+0001Ah
  dw 00913h,base+02F6Fh
  dw 00C5Ah,base+0221Eh
  dw 00C0Dh,base+0222Ah
  dw 00103h,base+00022h
  dw 00103h,base+0000Dh
  dw 00A14h,base+02B3Eh
  dw 00C59h,base+02236h
  dw 00D10h,base+01E61h
  dw 00103h,base+0001Ah
  dw 00A14h,base+02B48h
  dw 00C59h,base+02242h
  dw 00D0Fh,base+01E6Eh
  dw 00204h,base+00C53h
  dw 00B14h,base+02646h
  dw 00C59h,base+0224Eh
  dw 00204h,base+00049h
  dw 0090Bh,base+02F78h
  dw 00103h,base+00010h
  dw 00C16h,base+0225Ah
  dw 00B58h,base+02651h
  dw 00205h,base+00910h
  dw 0090Ah,base+02F81h
  dw 00103h,base+00061h
  dw 00D10h,base+01E7Bh
  dw 00206h,base+00049h
  dw 00B58h,base+0265Ch
  dw 00106h,base+00026h
  dw 00A0Ch,base+02B52h
  dw 00506h,base+03BA5h
  dw 00C10h,base+02266h
  dw 00B58h,base+02667h
  dw 00107h,base+00002h
  dw 0090Bh,base+02F8Ah
  dw 00508h,base+03BAAh
  dw 00A0Eh,base+02B5Ch
  dw 00B5Fh,base+02672h
  dw 01014h,base+013E8h
  dw 0090Dh,base+02F93h
  dw 00B5Fh,base+02672h
  dw 01015h,base+013F8h
  dw 0070Ch,base+002C9h
  dw 00B60h,base+0267Dh
  dw 00F15h,base+01619h
  dw 0060Bh,base+00393h
  dw 00B61h,base+02688h
  dw 00E14h,base+019D7h
  dw 0040Ch,base+00020h
  dw 00A60h,base+006EFh
  dw 00E14h,base+019E5h
  dw 0030Ch,base+029E9h
  dw 00A61h,base+02B66h
  dw 00D14h,base+01E88h
  dw 0020Bh,base+0006Ah
  dw 00A62h,base+02B66h
  dw 00C13h,base+02272h
  dw 0010Bh,base+0004Eh
  dw 00A63h,base+02B66h
  dw 00B1Dh,base+02693h
  dw 00A64h,base+02B66h
  dw 00B1Ch,base+0269Eh
  dw 00A64h,base+006EFh
  dw 00B1Bh,base+026A9h
  dw 00B66h,base+02688h
  dw 00A1Ah,base+02B70h
  dw 00B67h,base+0267Dh
  dw 00919h,base+02F9Ch
  dw 00B68h,base+02672h
  dw 00818h,base+0337Ch
  dw 00B68h,base+02672h
  dw 00718h,base+036BCh
  dw 00B67h,base+02667h
  dw 00819h,base+03384h
  dw 00B67h,base+0265Ch
  dw 00819h,base+0338Ch
  dw 00B66h,base+02651h
  dw 00919h,base+02FA5h
  dw 00C67h,base+0224Eh
  dw 00919h,base+02FAEh
  dw 00C68h,base+02242h
  dw 00718h,base+01CECh
  dw 00C68h,base+02236h
  dw 00717h,base+01CECh
  dw 00C68h,base+0221Eh
  dw 00818h,base+03394h
  dw 00304h,base+02778h
  dw 00863h,base+03374h
  dw 00919h,base+02FB7h
  dw 00304h,base+00787h
  dw 00862h,base+03364h
  dw 00B19h,base+026B4h
  dw 00D67h,base+01E54h
  dw 00B19h,base+026BFh
  dw 00D66h,base+01E47h
  dw 00D1Bh,base+01E95h
  dw 00C65h,base+02206h
  dw 00D1Ah,base+01EA2h
  dw 00203h,base+0002Ch
  dw 00A63h,base+02B34h
  dw 00E1Ah,base+019F3h
  dw 00102h,base+0002Ch
  dw 00B64h,base+0263Bh
  dw 00E19h,base+01A01h
  dw 00E67h,base+019C9h
  dw 00F18h,base+01628h
  dw 00103h,base+00011h
  dw 00304h,base+010DCh
  dw 0075Fh,base+03684h
  dw 0111Dh,base+01095h
  dw 00304h,base+00112h
  dw 0075Dh,base+0367Dh
  dw 0131Fh,base+00C05h
  dw 00102h,base+0002Ch
  dw 0095Fh,base+02F66h
  dw 0141Eh,base+00A27h
  dw 00C61h,base+021FAh
  dw 0151Eh,base+00882h
  dw 00304h,base+0010Dh
  dw 0085Fh,base+0335Ch
  dw 0141Dh,base+00A3Bh
  dw 00103h,base+0002Ch
  dw 00102h,base+00002h
  dw 0075Eh,base+03676h
  dw 0141Ch,base+00A4Fh
  dw 00103h,base+00010h
  dw 00102h,base+00002h
  dw 0085Fh,base+03354h
  dw 0131Eh,base+00C18h
  dw 00203h,base+000BDh
  dw 00760h,base+0366Fh
  dw 0121Dh,base+00DDBh
  dw 00102h,base+0001Bh
  dw 00861h,base+0334Ch
  dw 0111Ch,base+010A6h
  dw 00104h,base+0001Bh
  dw 00760h,base+03668h
  dw 0111Ah,base+010B7h
  dw 00105h,base+00022h
  dw 00761h,base+03661h
  dw 00406h,base+03E19h
  dw 00A18h,base+02B7Ah
  dw 00102h,base+00002h
  dw 00660h,base+0392Fh
  dw 00406h,base+03E1Dh
  dw 00917h,base+02FC0h
  dw 00102h,base+00002h
  dw 00662h,base+03929h
  dw 00306h,base+01634h
  dw 00614h,base+03935h
  dw 00204h,base+0006Fh
  dw 00662h,base+03923h
  dw 00206h,base+00A38h
  dw 00517h,base+03BAFh
  dw 00663h,base+0391Dh
  dw 00207h,base+00545h
  dw 00315h,base+003D0h
  dw 00765h,base+0365Ah
  dw 0011Ah,base+00072h
  dw 00102h,base+00002h
  dw 00564h,base+03B9Bh
  dw 00118h,base+00002h
  dw 00203h,base+0006Fh
  dw 0067Fh,base+03917h
  dw 0067Fh,base+03911h
  dw 00682h,base+0390Bh
  dw 0047Eh,base+03E11h
  dw 0057Eh,base+03B96h
  dw 00203h,base+00023h
  dw 0037Fh,base+003D0h
  dw 0027Ch,base+003E5h
  dw 00500h,base+024B7h

guilePage2frame026:
  db 028h,05Dh,078h,000h
  db 078h
  db 000h,000h,000h,000h,000h
  db 000h,000h
  db 000h,000h
  dw 00200h,base+0058Dh

guilePage2frame027:
  db 012h,01Ah,090h,045h
  db 094h
  db 000h,000h,0BBh,000h,000h
  db 000h,000h
  db 000h,000h
  dw 00102h,base+00027h
  dw 0017Eh,base+00027h
  dw 00102h,base+0004Eh
  dw 00102h,base+0004Eh
  dw 0017Eh,base+0004Eh
  dw 00103h,base+00002h
  dw 00180h,base+00027h
  dw 0017Fh,base+00040h
  dw 0027Ch,base+00549h
  dw 00104h,base+00027h
  dw 0027Fh,base+00D9Ah
  dw 00381h,base+00710h
  dw 0027Ah,base+0060Eh
  dw 00106h,base+00027h
  dw 0027Ah,base+01174h
  dw 00204h,base+007AEh
  dw 00102h,base+0002Bh
  dw 0027Fh,base+004B8h
  dw 00481h,base+03E21h
  dw 0037Fh,base+0177Ah
  dw 00480h,base+03E25h
  dw 00481h,base+03E25h
  dw 0037Fh,base+0177Ah
  dw 0047Bh,base+03E21h
  dw 00204h,base+007AEh
  dw 00102h,base+0002Bh
  dw 0027Ah,base+004B8h
  dw 00106h,base+00027h
  dw 00280h,base+01174h
  dw 0027Fh,base+0060Eh
  dw 0037Dh,base+00710h
  dw 00104h,base+00027h
  dw 00280h,base+00D9Ah
  dw 00281h,base+00549h
  dw 0017Dh,base+00040h
  dw 00103h,base+00002h
  dw 0017Bh,base+00027h
  dw 00102h,base+0004Eh
  dw 00102h,base+0004Eh
  dw 0017Ch,base+0004Eh
  dw 00102h,base+00027h
  dw 00100h,base+00027h

guilePage2frame028:
  db 016h,01Ch,08Ch,044h
  db 092h
  db 000h,000h,0BCh,000h,000h
  db 000h,000h
  db 000h,000h
  dw 00102h,base+00002h
  dw 00102h,base+00027h
  dw 0017Eh,base+00027h
  dw 00105h,base+0004Eh
  dw 00179h,base+00002h
  dw 00105h,base+00003h
  dw 00102h,base+0004Eh
  dw 0017Ah,base+00027h
  dw 00106h,base+00002h
  dw 00178h,base+00026h
  dw 00108h,base+0004Eh
  dw 0017Ch,base+00002h
  dw 00181h,base+00002h
  dw 0017Ah,base+00027h
  dw 00104h,base+0004Eh
  dw 00102h,base+0004Eh
  dw 0017Bh,base+0004Eh
  dw 00107h,base+00026h
  dw 00177h,base+00002h
  dw 0010Ah,base+00002h
  dw 0017Ah,base+00026h
  dw 00105h,base+0004Eh
  dw 0027Ch,base+00007h
  dw 00102h,base+00026h
  dw 00102h,base+00027h
  dw 0027Ah,base+00002h
  dw 00106h,base+00002h
  dw 00280h,base+00417h
  dw 00180h,base+0001Bh
  dw 0017Ah,base+0001Bh
  dw 00106h,base+00002h
  dw 0027Ch,base+00417h
  dw 00102h,base+00026h
  dw 00102h,base+00027h
  dw 0027Bh,base+00002h
  dw 00105h,base+0004Eh
  dw 00277h,base+00007h
  dw 0010Ah,base+00002h
  dw 00178h,base+00026h
  dw 00107h,base+00026h
  dw 00178h,base+00002h
  dw 00104h,base+0004Eh
  dw 00102h,base+0004Eh
  dw 00180h,base+0004Eh
  dw 0017Fh,base+00027h
  dw 0017Ch,base+00002h
  dw 00108h,base+0004Eh
  dw 0017Ah,base+00002h
  dw 00106h,base+00002h
  dw 00179h,base+00026h
  dw 00105h,base+00003h
  dw 00102h,base+0004Eh
  dw 0017Bh,base+00027h
  dw 00105h,base+0004Eh
  dw 00179h,base+00002h
  dw 00102h,base+00002h
  dw 00102h,base+00027h
  dw 00100h,base+00027h

guilePage2frame029:
  db 026h,010h,08Ch,048h
  db 092h
  db 000h,000h,0B8h,000h,000h
  db 09Bh,052h
  db 000h,000h
  dw 00A7Dh,base+02B84h
  dw 00F83h,base+01637h
  dw 00D84h,base+01EAFh
  dw 00A82h,base+02B8Eh
  dw 00982h,base+02FC9h
  dw 00781h,base+036C3h
  dw 00680h,base+0393Bh
  dw 00780h,base+036CAh
  dw 00780h,base+036CAh
  dw 00780h,base+036CAh
  dw 0067Fh,base+036CAh
  dw 00780h,base+036D1h
  dw 00780h,base+036D8h
  dw 00680h,base+03941h
  dw 00581h,base+03BB4h
  dw 00300h,base+00772h

guilePage2frame030:
  db 024h,008h,086h,053h
  db 0A8h
  db 000h,000h,0ADh,000h,000h
  db 09Bh,052h
  db 000h,000h
  dw 0017Eh,base+0000Eh
  dw 0027Eh,base+03C83h
  dw 00473h,base+03E29h
  dw 01080h,base+01408h
  dw 01080h,base+01418h
  dw 00F80h,base+01646h
  dw 00D81h,base+01EBCh
  dw 00900h,base+02FD2h

guilePage2frame031:
  db 026h,010h,07Eh,049h
  db 086h
  db 000h,000h,0B7h,000h,000h
  db 09Bh,052h
  db 000h,000h
  dw 0037Fh,base+00771h
  dw 0047Fh,base+03E2Dh
  dw 0067Fh,base+03947h
  dw 0077Fh,base+036DFh
  dw 00780h,base+036E6h
  dw 00780h,base+036EDh
  dw 00680h,base+036EDh
  dw 00680h,base+036EDh
  dw 00780h,base+036EDh
  dw 00780h,base+036F4h
  dw 00881h,base+0339Ch
  dw 00881h,base+033A4h
  dw 00981h,base+02FDBh
  dw 00D81h,base+01EC9h
  dw 00F82h,base+01655h
  dw 00A00h,base+02B98h

guilePage2frame032:
  db 024h,007h,084h,046h
  db 092h
  db 000h,000h,0BAh,000h,000h
  db 09Bh,052h
  db 000h,000h
  dw 00A7Dh,base+02BA2h
  dw 00E7Fh,base+01A0Fh
  dw 00F7Fh,base+01664h
  dw 0107Fh,base+01428h
  dw 01080h,base+01438h
  dw 0047Fh,base+03E31h
  dw 00300h,base+03EE3h

guilePage2frame033:
  db 066h,05Eh,05Ch,01Fh
  db 09Ah
  db 06Ah,026h,03Bh,063h,02Ah
  db 09Ch,033h
  db 0BCh,033h
  dw 00584h,base+024B7h
  dw 0027Eh,base+003E5h
  dw 00203h,base+00023h
  dw 0037Fh,base+003D0h
  dw 00582h,base+03B96h
  dw 0047Eh,base+03E11h
  dw 00681h,base+0390Bh
  dw 0067Eh,base+03911h
  dw 00203h,base+0006Fh
  dw 0067Fh,base+03917h
  dw 00102h,base+00002h
  dw 0057Fh,base+03B9Bh
  dw 00763h,base+0365Ah
  dw 0011Eh,base+0001Bh
  dw 00662h,base+0391Dh
  dw 0011Bh,base+00004h
  dw 00204h,base+0006Fh
  dw 00660h,base+03923h
  dw 0011Eh,base+0001Bh
  dw 00102h,base+00002h
  dw 00660h,base+03929h
  dw 0011Fh,base+00004h
  dw 00102h,base+00002h
  dw 0065Eh,base+0392Fh
  dw 00102h,base+0001Bh
  dw 0011Ah,base+00022h
  dw 00105h,base+00022h
  dw 0075Fh,base+03661h
  dw 00102h,base+00004h
  dw 0011Ch,base+0001Bh
  dw 00104h,base+0001Bh
  dw 0075Eh,base+03668h
  dw 0021Fh,base+00021h
  dw 00102h,base+0001Bh
  dw 0085Eh,base+0334Ch
  dw 00102h,base+00002h
  dw 0011Eh,base+0001Bh
  dw 00203h,base+000BDh
  dw 0075Dh,base+0366Fh
  dw 0021Eh,base+00021h
  dw 00103h,base+00010h
  dw 00102h,base+00002h
  dw 0085Ch,base+03354h
  dw 00220h,base+00049h
  dw 00103h,base+0002Ch
  dw 00102h,base+00002h
  dw 0075Bh,base+03676h
  dw 00204h,base+00099h
  dw 0011Ch,base+00022h
  dw 00304h,base+0010Dh
  dw 0085Bh,base+0335Ch
  dw 00304h,base+00098h
  dw 00102h,base+00022h
  dw 0011Ch,base+00022h
  dw 00C5Eh,base+021FAh
  dw 00304h,base+00146h
  dw 0021Fh,base+00022h
  dw 00102h,base+0002Ch
  dw 0095Bh,base+02F66h
  dw 00405h,base+000B5h
  dw 00102h,base+00022h
  dw 0011Ch,base+00022h
  dw 00304h,base+00112h
  dw 00758h,base+0367Dh
  dw 00607h,base+002AAh
  dw 0011Ah,base+00022h
  dw 00103h,base+00011h
  dw 00304h,base+010DCh
  dw 00758h,base+03684h
  dw 00405h,base+0011Fh
  dw 00102h,base+00022h
  dw 00104h,base+00022h
  dw 00117h,base+0000Dh
  dw 00E5Eh,base+019C9h
  dw 0070Bh,base+0368Bh
  dw 00109h,base+0001Ah
  dw 0010Fh,base+0000Eh
  dw 00102h,base+0002Ch
  dw 00B5Bh,base+0263Bh
  dw 0070Ah,base+03692h
  dw 00102h,base+0000Dh
  dw 00108h,base+0001Ah
  dw 0030Fh,base+001B8h
  dw 00203h,base+0002Ch
  dw 00A5Ah,base+02B34h
  dw 0060Ah,base+03014h
  dw 00209h,base+0023Eh
  dw 00411h,base+03E15h
  dw 00C5Bh,base+02206h
  dw 0070Ah,base+03699h
  dw 00102h,base+0000Dh
  dw 00108h,base+0001Ah
  dw 00510h,base+03BA0h
  dw 00D5Ch,base+01E47h
  dw 0070Ah,base+036A0h
  dw 00209h,base+02441h
  dw 00711h,base+036A7h
  dw 00D5Ch,base+01E54h
  dw 0070Ah,base+01F1Dh
  dw 00209h,base+00194h
  dw 00712h,base+036AEh
  dw 00304h,base+00787h
  dw 00857h,base+03364h
  dw 00709h,base+036B5h
  dw 0030Ah,base+00DF1h
  dw 00812h,base+0336Ch
  dw 00304h,base+02778h
  dw 00856h,base+03374h
  dw 00C11h,base+02212h
  dw 00102h,base+0001Ah
  dw 00913h,base+02F6Fh
  dw 00C5Ah,base+0221Eh
  dw 00C0Dh,base+0222Ah
  dw 00103h,base+00022h
  dw 00103h,base+0000Dh
  dw 00A14h,base+02B3Eh
  dw 00C59h,base+02236h
  dw 00D10h,base+01E61h
  dw 00103h,base+0001Ah
  dw 00A14h,base+02B48h
  dw 00C59h,base+02242h
  dw 00D0Fh,base+01E6Eh
  dw 00204h,base+00C53h
  dw 00B14h,base+02646h
  dw 00C59h,base+0224Eh
  dw 00204h,base+00049h
  dw 0090Bh,base+02F78h
  dw 00103h,base+00010h
  dw 00C16h,base+0225Ah
  dw 00B58h,base+02651h
  dw 00205h,base+00910h
  dw 0090Ah,base+02F81h
  dw 00103h,base+00061h
  dw 00D10h,base+01E7Bh
  dw 00206h,base+00049h
  dw 00B58h,base+0265Ch
  dw 00106h,base+00026h
  dw 00A0Ch,base+02B52h
  dw 00506h,base+03BA5h
  dw 00C10h,base+02266h
  dw 00B58h,base+02667h
  dw 00107h,base+00002h
  dw 0090Bh,base+02F8Ah
  dw 00508h,base+03BAAh
  dw 00A0Eh,base+02B5Ch
  dw 00B5Fh,base+02672h
  dw 01014h,base+013E8h
  dw 0090Dh,base+02F93h
  dw 00B5Fh,base+02672h
  dw 01015h,base+013F8h
  dw 0070Ch,base+002C9h
  dw 00B60h,base+0267Dh
  dw 00F15h,base+01619h
  dw 0060Bh,base+00393h
  dw 00B61h,base+02688h
  dw 00E14h,base+019D7h
  dw 0040Ch,base+00020h
  dw 00A60h,base+006EFh
  dw 00E14h,base+019E5h
  dw 0030Ch,base+029E9h
  dw 00A61h,base+02B66h
  dw 00D14h,base+01E88h
  dw 0020Bh,base+0006Ah
  dw 00A62h,base+02B66h
  dw 00C13h,base+02272h
  dw 0010Bh,base+0004Eh
  dw 00A63h,base+02B66h
  dw 00B1Dh,base+02693h
  dw 00A64h,base+02B66h
  dw 00B1Ch,base+0269Eh
  dw 00A64h,base+006EFh
  dw 00B1Bh,base+026A9h
  dw 00B66h,base+02688h
  dw 00A1Ah,base+02B70h
  dw 00B67h,base+0267Dh
  dw 00919h,base+02F9Ch
  dw 00B68h,base+02672h
  dw 00818h,base+0337Ch
  dw 00B68h,base+02672h
  dw 00718h,base+036BCh
  dw 00B67h,base+02667h
  dw 00819h,base+03384h
  dw 00B67h,base+0265Ch
  dw 00819h,base+0338Ch
  dw 00B66h,base+02651h
  dw 00919h,base+02FA5h
  dw 00C67h,base+0224Eh
  dw 00919h,base+02FAEh
  dw 00C68h,base+02242h
  dw 00718h,base+01CECh
  dw 00C68h,base+02236h
  dw 00717h,base+01CECh
  dw 00C68h,base+0221Eh
  dw 00818h,base+03394h
  dw 00304h,base+02778h
  dw 00863h,base+03374h
  dw 00919h,base+02FB7h
  dw 00304h,base+00787h
  dw 00862h,base+03364h
  dw 00B19h,base+026B4h
  dw 00D67h,base+01E54h
  dw 00B19h,base+026BFh
  dw 00D66h,base+01E47h
  dw 00D1Bh,base+01E95h
  dw 00C65h,base+02206h
  dw 00D1Ah,base+01EA2h
  dw 00203h,base+0002Ch
  dw 00A63h,base+02B34h
  dw 00E1Ah,base+019F3h
  dw 00102h,base+0002Ch
  dw 00B64h,base+0263Bh
  dw 00E19h,base+01A01h
  dw 00E67h,base+019C9h
  dw 00F18h,base+01628h
  dw 00103h,base+00011h
  dw 00304h,base+010DCh
  dw 0075Fh,base+03684h
  dw 0111Dh,base+01095h
  dw 00304h,base+00112h
  dw 0075Dh,base+0367Dh
  dw 0131Fh,base+00C05h
  dw 00102h,base+0002Ch
  dw 0095Fh,base+02F66h
  dw 0141Eh,base+00A27h
  dw 00C61h,base+021FAh
  dw 0151Eh,base+00882h
  dw 00304h,base+0010Dh
  dw 0085Fh,base+0335Ch
  dw 0141Dh,base+00A3Bh
  dw 00103h,base+0002Ch
  dw 00102h,base+00002h
  dw 0075Eh,base+03676h
  dw 0141Ch,base+00A4Fh
  dw 00103h,base+00010h
  dw 00102h,base+00002h
  dw 0085Fh,base+03354h
  dw 0131Eh,base+00C18h
  dw 00203h,base+000BDh
  dw 00760h,base+0366Fh
  dw 0121Dh,base+00DDBh
  dw 00102h,base+0001Bh
  dw 00861h,base+0334Ch
  dw 0111Ch,base+010A6h
  dw 00104h,base+0001Bh
  dw 00760h,base+03668h
  dw 0111Ah,base+010B7h
  dw 00105h,base+00022h
  dw 00761h,base+03661h
  dw 00406h,base+03E19h
  dw 00A18h,base+02B7Ah
  dw 00102h,base+00002h
  dw 00660h,base+0392Fh
  dw 00406h,base+03E1Dh
  dw 00917h,base+02FC0h
  dw 00102h,base+00002h
  dw 00662h,base+03929h
  dw 00306h,base+01634h
  dw 00614h,base+03935h
  dw 00204h,base+0006Fh
  dw 00662h,base+03923h
  dw 00206h,base+00A38h
  dw 00517h,base+03BAFh
  dw 00663h,base+0391Dh
  dw 00207h,base+00545h
  dw 00315h,base+003D0h
  dw 00765h,base+0365Ah
  dw 0011Ah,base+00072h
  dw 00102h,base+00002h
  dw 00564h,base+03B9Bh
  dw 00118h,base+00002h
  dw 00203h,base+0006Fh
  dw 0067Fh,base+03917h
  dw 0067Fh,base+03911h
  dw 00682h,base+0390Bh
  dw 0047Eh,base+03E11h
  dw 0057Eh,base+03B96h
  dw 00203h,base+00023h
  dw 0037Fh,base+003D0h
  dw 0027Ch,base+003E5h
  dw 00500h,base+024B7h


