  dw VegaPage2frame000
  dw VegaPage2frame001
  dw VegaPage2frame002
  dw VegaPage2frame003
  dw VegaPage2frame004
  dw VegaPage2frame005
  dw VegaPage2frame006
  dw VegaPage2frame007
  dw VegaPage2frame008
  dw VegaPage2frame009
  dw VegaPage2frame010
  dw VegaPage2frame011
  dw VegaPage2frame012

VegaPage2frame000:
  db 038h,05Ah,062h,029h
  db 070h
  db 000h,000h,0D7h,000h,000h
  db 000h,000h
  db 000h,000h
  dw 00280h,base+00022h
  dw 0027Fh,base+00023h
  dw 00480h,base+01A49h
  dw 00480h,base+01A4Dh
  dw 00480h,base+01A51h
  dw 00480h,base+01A55h
  dw 00480h,base+01A59h
  dw 00480h,base+01A5Dh
  dw 00480h,base+01A61h
  dw 0047Fh,base+0187Eh
  dw 00580h,base+0187Dh
  dw 00580h,base+01882h
  dw 0057Fh,base+01887h
  dw 0097Fh,base+00F67h
  dw 00B7Fh,base+00C88h
  dw 00C7Fh,base+00AC0h
  dw 00D7Fh,base+00920h
  dw 00103h,base+00004h
  dw 00C7Dh,base+00ACCh
  dw 00102h,base+00004h
  dw 00D80h,base+0092Dh
  dw 00D80h,base+0093Ah
  dw 00D7Fh,base+00947h
  dw 00F80h,base+0062Eh
  dw 00F7Fh,base+0063Dh
  dw 01180h,base+004B6h
  dw 00405h,base+01A65h
  dw 00D7Bh,base+00954h
  dw 00406h,base+01A69h
  dw 00D0Fh,base+00961h
  dw 0036Bh,base+01C7Dh
  dw 00306h,base+01C80h
  dw 0137Ah,base+0037Ah
  dw 00307h,base+01C05h
  dw 01279h,base+00438h
  dw 00307h,base+01C83h
  dw 00708h,base+01418h
  dw 00871h,base+01168h
  dw 00408h,base+01A6Dh
  dw 00607h,base+016A3h
  dw 00771h,base+0141Fh
  dw 00408h,base+01A71h
  dw 00708h,base+01426h
  dw 00671h,base+016A9h
  dw 00308h,base+01C86h
  dw 00607h,base+016AFh
  dw 00671h,base+016B5h
  dw 00308h,base+01C89h
  dw 00D79h,base+0096Eh
  dw 00207h,base+00179h
  dw 00D79h,base+0097Bh
  dw 00307h,base+01C8Ch
  dw 00D79h,base+00988h
  dw 00307h,base+01C8Fh
  dw 00F7Ah,base+0064Ch
  dw 00306h,base+01C92h
  dw 0107Ah,base+0053Eh
  dw 00306h,base+008FBh
  dw 0107Ah,base+0054Eh
  dw 00307h,base+0073Eh
  dw 00F79h,base+0065Bh
  dw 00407h,base+01A75h
  dw 00F79h,base+0066Ah
  dw 00407h,base+01A79h
  dw 00F7Ah,base+00679h
  dw 00306h,base+01C95h
  dw 00F7Ah,base+00688h
  dw 00406h,base+01A7Dh
  dw 00F7Bh,base+00697h
  dw 00305h,base+01450h
  dw 00F7Bh,base+006A6h
  dw 00405h,base+01A81h
  dw 00809h,base+01170h
  dw 00673h,base+016BBh
  dw 00304h,base+00F70h
  dw 0070Ah,base+0142Dh
  dw 00572h,base+0188Ch
  dw 00B0Eh,base+00C93h
  dw 00573h,base+01891h
  dw 0090Dh,base+00F70h
  dw 00473h,base+01A85h
  dw 0090Dh,base+00F79h
  dw 00574h,base+01896h
  dw 0080Dh,base+01178h
  dw 00473h,base+01A89h
  dw 0080Fh,base+01180h
  dw 00372h,base+00022h
  dw 00102h,base+0000Ah
  dw 0060Ch,base+016C1h
  dw 00375h,base+00022h
  dw 0050Bh,base+00B25h
  dw 00375h,base+0185Dh
  dw 0050Bh,base+0189Bh
  dw 00375h,base+003A0h
  dw 0050Bh,base+018A0h
  dw 00476h,base+002BBh
  dw 0040Bh,base+01A8Dh
  dw 00375h,base+00061h
  dw 0040Ch,base+01A91h
  dw 00375h,base+0006Eh
  dw 0030Bh,base+0057Fh
  dw 00375h,base+002FCh
  dw 0030Ch,base+01B39h
  dw 00274h,base+00022h
  dw 00380h,base+0147Bh
  dw 00380h,base+00054h
  dw 00380h,base+01C98h
  dw 00380h,base+01C9Bh
  dw 00380h,base+01C9Eh
  dw 00380h,base+01CA1h
  dw 00380h,base+01CA4h
  dw 00380h,base+01CA7h
  dw 00480h,base+01A95h
  dw 00481h,base+01A99h
  dw 00380h,base+01A9Ah
  dw 00380h,base+012AAh
  dw 00380h,base+01CAAh
  dw 00381h,base+01CADh
  dw 00280h,base+01094h
  dw 00280h,base+01094h
  dw 00280h,base+01285h
  dw 00280h,base+011C1h
  dw 00280h,base+00265h
  dw 00280h,base+000C2h
  dw 00280h,base+00022h
  dw 00280h,base+0006Eh
  dw 00280h,base+0006Eh
  dw 00381h,base+01446h
  dw 00280h,base+00049h
  dw 00280h,base+00022h
  dw 00280h,base+00022h
  dw 00280h,base+0003Ch
  dw 00280h,base+00025h
  dw 00280h,base+0006Eh
  dw 00200h,base+00023h

VegaPage2frame001:
  db 042h,04Bh,064h,022h
  db 06Ch
  db 000h,000h,0DEh,000h,000h
  db 000h,000h
  db 000h,000h
  dw 00380h,base+01CB0h
  dw 00280h,base+0032Bh
  dw 00280h,base+0032Bh
  dw 00280h,base+01989h
  dw 00280h,base+01989h
  dw 00280h,base+00F83h
  dw 00280h,base+00F83h
  dw 00280h,base+01E3Fh
  dw 00280h,base+01E3Fh
  dw 00280h,base+01E3Fh
  dw 00280h,base+00F83h
  dw 00280h,base+00F83h
  dw 00280h,base+00F83h
  dw 00280h,base+00F83h
  dw 00780h,base+01434h
  dw 00880h,base+01188h
  dw 00980h,base+00F82h
  dw 00B80h,base+00C9Eh
  dw 00D80h,base+00995h
  dw 00E80h,base+007B4h
  dw 0127Eh,base+0044Ah
  dw 00102h,base+00066h
  dw 0147Dh,base+0032Ah
  dw 01880h,base+00237h
  dw 01980h,base+001ECh
  dw 01A7Fh,base+001B8h
  dw 01B80h,base+000C5h
  dw 01C80h,base+00071h
  dw 01C80h,base+0008Dh
  dw 00A0Ch,base+00E09h
  dw 00F74h,base+006B5h
  dw 00A0Dh,base+00E13h
  dw 00E73h,base+007C2h
  dw 0090Dh,base+00F8Bh
  dw 00E74h,base+007D0h
  dw 0090Dh,base+00F94h
  dw 00E73h,base+007DEh
  dw 00A0Dh,base+00E1Dh
  dw 00E74h,base+007ECh
  dw 00709h,base+0143Bh
  dw 00204h,base+00023h
  dw 00C74h,base+00AD8h
  dw 00609h,base+016C7h
  dw 00104h,base+00004h
  dw 00B73h,base+00CA9h
  dw 0050Ah,base+018A5h
  dw 00103h,base+00004h
  dw 00C74h,base+00AE4h
  dw 00102h,base+00004h
  dw 00207h,base+0002Bh
  dw 00103h,base+00000h
  dw 00C76h,base+00AF0h
  dw 00208h,base+003D3h
  dw 00103h,base+00004h
  dw 00607h,base+016CDh
  dw 0046Eh,base+0035Ch
  dw 0010Ch,base+00005h
  dw 00506h,base+01722h
  dw 0057Ah,base+018AAh
  dw 00607h,base+016D3h
  dw 00479h,base+01A9Dh
  dw 00607h,base+016D9h
  dw 0047Ah,base+01AA1h
  dw 00506h,base+018AFh
  dw 0047Ah,base+01AA5h
  dw 00506h,base+018B4h
  dw 0047Bh,base+01AA9h
  dw 00406h,base+01AADh
  dw 0037Ah,base+01CB3h
  dw 00406h,base+01AB1h
  dw 0037Bh,base+0003Ch
  dw 00305h,base+01CB6h
  dw 0037Bh,base+0045Fh
  dw 00405h,base+01AB5h
  dw 0037Bh,base+01CB9h
  dw 00405h,base+01AB9h
  dw 0037Bh,base+01CBCh
  dw 00405h,base+01ABDh
  dw 0037Bh,base+01CBFh
  dw 00406h,base+01AC1h
  dw 0027Ah,base+000D2h
  dw 00406h,base+01AC5h
  dw 0027Ah,base+003ABh
  dw 00407h,base+01AC9h
  dw 00279h,base+017C9h
  dw 00407h,base+01ACDh
  dw 0027Ah,base+01C83h
  dw 00306h,base+01CC2h
  dw 0027Ah,base+01C83h
  dw 00307h,base+01CC5h
  dw 00279h,base+01E11h
  dw 00307h,base+01CB9h
  dw 00279h,base+01A54h
  dw 00306h,base+01CC8h
  dw 0037Bh,base+01CCBh
  dw 00205h,base+0001Dh
  dw 0037Bh,base+006EFh
  dw 00205h,base+00011h
  dw 0037Ch,base+015FCh
  dw 00105h,base+00012h
  dw 0027Bh,base+0050Ah
  dw 00105h,base+0000Ch
  dw 0037Bh,base+00FBCh
  dw 00106h,base+000C5h
  dw 0027Ah,base+00022h
  dw 00206h,base+00421h
  dw 0027Ah,base+0050Ah
  dw 00206h,base+006F0h
  dw 0027Ah,base+00023h
  dw 00207h,base+00350h
  dw 00279h,base+0050Ah
  dw 00207h,base+00681h
  dw 00279h,base+00023h
  dw 00308h,base+01CCEh
  dw 00178h,base+00004h
  dw 00380h,base+01021h
  dw 00381h,base+00061h
  dw 00280h,base+00117h
  dw 00280h,base+0050Ah
  dw 00381h,base+002C1h
  dw 00280h,base+002A7h
  dw 00281h,base+0006Eh
  dw 00100h,base+00004h

VegaPage2frame002:
  db 03Ch,03Ch,066h,044h
  db 07Ah
  db 000h,000h,0BCh,000h,000h
  db 000h,000h
  db 000h,000h
  dw 00180h,base+00008h
  dw 0027Fh,base+000B5h
  dw 00380h,base+01CD1h
  dw 0047Fh,base+01450h
  dw 00480h,base+01AD1h
  dw 0037Fh,base+00F70h
  dw 00480h,base+00C93h
  dw 0037Fh,base+00F70h
  dw 00480h,base+01AD5h
  dw 00317h,base+01CD4h
  dw 00168h,base+00004h
  dw 00418h,base+01AD9h
  dw 00168h,base+00001h
  dw 00318h,base+01CD7h
  dw 00168h,base+00059h
  dw 00318h,base+001AAh
  dw 00168h,base+00059h
  dw 00311h,base+01CDAh
  dw 00106h,base+00001h
  dw 00269h,base+00023h
  dw 00311h,base+01CDDh
  dw 00106h,base+00059h
  dw 00269h,base+00022h
  dw 00311h,base+009AEh
  dw 00106h,base+00059h
  dw 00268h,base+00117h
  dw 00412h,base+01ADDh
  dw 00106h,base+00001h
  dw 00268h,base+00117h
  dw 00211h,base+0014Ah
  dw 00206h,base+00023h
  dw 00369h,base+00FBCh
  dw 00211h,base+0000Fh
  dw 00206h,base+0050Ah
  dw 00268h,base+00022h
  dw 0030Dh,base+01CE0h
  dw 00105h,base+00005h
  dw 00206h,base+0050Ah
  dw 00268h,base+00A56h
  dw 0030Dh,base+01CE3h
  dw 00105h,base+00005h
  dw 00206h,base+00049h
  dw 00268h,base+00CD9h
  dw 0030Dh,base+01CE6h
  dw 00304h,base+00AFDh
  dw 00306h,base+002C1h
  dw 00368h,base+01CE9h
  dw 0040Eh,base+01A71h
  dw 00709h,base+01442h
  dw 00467h,base+01AE1h
  dw 00102h,base+00001h
  dw 0040Dh,base+01AE5h
  dw 0080Ah,base+01190h
  dw 00467h,base+01AE9h
  dw 00102h,base+00001h
  dw 0040Ch,base+01A6Dh
  dw 0090Ah,base+00F9Dh
  dw 00368h,base+01CECh
  dw 00102h,base+00004h
  dw 0030Ch,base+0174Bh
  dw 00C74h,base+00AFCh
  dw 0040Ch,base+01AEDh
  dw 00C75h,base+00B08h
  dw 0030Bh,base+01111h
  dw 00C75h,base+00B14h
  dw 0040Bh,base+01AF1h
  dw 00B75h,base+00CB4h
  dw 0040Bh,base+01AF5h
  dw 00B75h,base+00CBFh
  dw 0040Bh,base+01AF9h
  dw 00B75h,base+00CCAh
  dw 0080Bh,base+01198h
  dw 00B75h,base+00CD5h
  dw 0090Bh,base+00FA6h
  dw 00A75h,base+00E27h
  dw 0090Bh,base+00FAFh
  dw 00A73h,base+00E31h
  dw 00102h,base+00004h
  dw 00A0Bh,base+00E3Bh
  dw 00973h,base+00FB8h
  dw 00102h,base+00000h
  dw 00F10h,base+006C4h
  dw 00470h,base+01AFDh
  dw 00F10h,base+006D3h
  dw 00470h,base+01B01h
  dw 00E10h,base+007FAh
  dw 00371h,base+01CEFh
  dw 00E0Fh,base+00808h
  dw 00371h,base+01CEFh
  dw 00E0Fh,base+00816h
  dw 00371h,base+0039Dh
  dw 0127Fh,base+0045Ch
  dw 01380h,base+0038Dh
  dw 01381h,base+003A0h
  dw 01282h,base+0046Eh
  dw 01081h,base+0055Eh
  dw 00F80h,base+006E2h
  dw 00F81h,base+006F1h
  dw 00E81h,base+00824h
  dw 00C81h,base+00B20h
  dw 00B80h,base+00CE0h
  dw 00B81h,base+00CEBh
  dw 00A82h,base+00E45h
  dw 00880h,base+011A0h
  dw 00880h,base+011A8h
  dw 00881h,base+011B0h
  dw 00780h,base+01449h
  dw 00681h,base+016DFh
  dw 00580h,base+018B9h
  dw 00581h,base+018BEh
  dw 00200h,base+0035Ah

VegaPage2frame003:
  db 04Eh,021h,062h,067h
  db 086h
  db 000h,000h,099h,000h,000h
  db 000h,000h
  db 000h,000h
  dw 00180h,base+00008h
  dw 0027Fh,base+000B5h
  dw 00305h,base+01CD1h
  dw 0027Bh,base+001F9h
  dw 0077Fh,base+01450h
  dw 00405h,base+01AD1h
  dw 0047Bh,base+01B05h
  dw 00305h,base+00F70h
  dw 0047Ah,base+01B09h
  dw 00405h,base+00C93h
  dw 0057Bh,base+018C3h
  dw 00305h,base+00F70h
  dw 0057Ah,base+018C8h
  dw 00405h,base+01AD5h
  dw 0067Bh,base+016E5h
  dw 00305h,base+01CD4h
  dw 0077Ah,base+01457h
  dw 00405h,base+01AD9h
  dw 0087Bh,base+011B8h
  dw 00305h,base+01CD7h
  dw 00A75h,base+00E4Fh
  dw 00306h,base+01CF2h
  dw 00305h,base+001AAh
  dw 00B14h,base+00CF6h
  dw 00161h,base+00004h
  dw 00406h,base+01B0Dh
  dw 00304h,base+01CDAh
  dw 00C14h,base+00B2Ch
  dw 00261h,base+00023h
  dw 0181Fh,base+0024Fh
  dw 0025Ch,base+00000h
  dw 00305h,base+0050Dh
  dw 0191Eh,base+00205h
  dw 0035Ch,base+0034Eh
  dw 00405h,base+002BBh
  dw 01B1Eh,base+000E0h
  dw 0045Dh,base+00C69h
  dw 02680h,base+00000h
  dw 02680h,base+00026h
  dw 02580h,base+0004Ch
  dw 01B1Ch,base+000FBh
  dw 00964h,base+00FC1h
  dw 01B21h,base+00116h
  dw 0045Fh,base+00048h
  dw 01B22h,base+00131h
  dw 0025Eh,base+00022h
  dw 01516h,base+002C1h
  dw 00304h,base+00DFBh
  dw 00208h,base+00003h
  dw 0025Fh,base+00022h
  dw 01316h,base+003B3h
  dw 00203h,base+00004h
  dw 00268h,base+00B02h
  dw 01116h,base+004C7h
  dw 00102h,base+00004h
  dw 00269h,base+00059h
  dw 00A0Bh,base+00E59h
  dw 0050Ch,base+018CDh
  dw 00269h,base+0003Ch
  dw 00203h,base+00022h
  dw 00709h,base+0145Eh
  dw 0010Bh,base+00005h
  dw 0036Ah,base+00132h
  dw 00103h,base+00004h
  dw 00513h,base+018D2h
  dw 0036Bh,base+00117h
  dw 00103h,base+00004h
  dw 00412h,base+01B11h
  dw 0046Ch,base+00FBCh
  dw 00203h,base+00022h
  dw 00211h,base+00022h
  dw 00481h,base+01B15h
  dw 00481h,base+01B19h
  dw 00300h,base+00061h

VegaPage2frame004:
  db 036h,061h,05Eh,023h
  db 06Ch
  db 000h,000h,0DDh,000h,000h
  db 000h,000h
  db 000h,000h
  dw 00380h,base+01CF5h
  dw 0037Eh,base+01CF8h
  dw 0067Ch,base+016EBh
  dw 00305h,base+01CFBh
  dw 0067Ch,base+016F1h
  dw 00304h,base+01CFEh
  dw 00103h,base+00005h
  dw 00479h,base+01B1Dh
  dw 00507h,base+018D7h
  dw 00477h,base+01B21h
  dw 0070Ah,base+01465h
  dw 00476h,base+01B25h
  dw 0080Ah,base+011C0h
  dw 00476h,base+01B29h
  dw 00204h,base+00007h
  dw 00407h,base+01B2Dh
  dw 00475h,base+01B31h
  dw 00204h,base+00052h
  dw 00507h,base+018DCh
  dw 0047Ah,base+01B35h
  dw 00507h,base+018E1h
  dw 0047Ah,base+01B39h
  dw 00406h,base+01A69h
  dw 0047Ah,base+01B3Dh
  dw 00B81h,base+00D01h
  dw 00A80h,base+00E63h
  dw 00A81h,base+00E6Dh
  dw 00A80h,base+00E77h
  dw 00B81h,base+00D0Ch
  dw 00B80h,base+00D17h
  dw 00B80h,base+00D22h
  dw 00B80h,base+00D2Dh
  dw 00C80h,base+00B38h
  dw 00C81h,base+00B44h
  dw 00B80h,base+00D38h
  dw 00B81h,base+00D43h
  dw 00A82h,base+00E81h
  dw 00880h,base+011C8h
  dw 00981h,base+00FCAh
  dw 00880h,base+011D0h
  dw 00880h,base+011D8h
  dw 00880h,base+011E0h
  dw 00102h,base+00004h
  dw 0067Eh,base+016F7h
  dw 00102h,base+00004h
  dw 00681h,base+016FDh
  dw 00680h,base+01703h
  dw 0067Dh,base+01709h
  dw 00103h,base+00001h
  dw 0067Dh,base+0170Fh
  dw 00103h,base+00001h
  dw 00680h,base+01715h
  dw 00780h,base+0146Ch
  dw 00780h,base+01473h
  dw 00781h,base+0147Ah
  dw 00780h,base+01481h
  dw 00780h,base+01488h
  dw 00780h,base+0148Fh
  dw 0077Ch,base+01496h
  dw 00104h,base+00004h
  dw 0087Ch,base+011E8h
  dw 00104h,base+00000h
  dw 0087Ch,base+011F0h
  dw 00104h,base+00004h
  dw 00880h,base+011F8h
  dw 00880h,base+01200h
  dw 00880h,base+01208h
  dw 00980h,base+00FD3h
  dw 00980h,base+00FDCh
  dw 00980h,base+00FE5h
  dw 00980h,base+00FE5h
  dw 00980h,base+00FEEh
  dw 00981h,base+00FF7h
  dw 00880h,base+01210h
  dw 00780h,base+0149Dh
  dw 00780h,base+014A4h
  dw 00780h,base+014ABh
  dw 00780h,base+014B2h
  dw 00780h,base+014B9h
  dw 00880h,base+01218h
  dw 00880h,base+01220h
  dw 00880h,base+01228h
  dw 00881h,base+01230h
  dw 00780h,base+01231h
  dw 0077Fh,base+014C0h
  dw 00880h,base+01238h
  dw 0087Fh,base+01240h
  dw 00980h,base+01000h
  dw 00880h,base+01248h
  dw 00880h,base+01250h
  dw 00880h,base+01258h
  dw 00880h,base+01260h
  dw 00780h,base+014C7h
  dw 00304h,base+00B96h
  dw 0037Ch,base+01D01h
  dw 00304h,base+01D04h
  dw 0037Bh,base+01D07h
  dw 00305h,base+006A1h
  dw 0037Bh,base+01D0Ah
  dw 00305h,base+009DDh
  dw 0037Bh,base+006B1h
  dw 00305h,base+01D0Dh
  dw 0027Bh,base+000F2h
  dw 00205h,base+00B00h
  dw 0027Bh,base+01E41h
  dw 00205h,base+0014Ah
  dw 0027Ah,base+017C9h
  dw 00305h,base+01D10h
  dw 0037Bh,base+01D13h
  dw 00205h,base+006D4h
  dw 0027Ah,base+00070h
  dw 00306h,base+01D16h
  dw 0027Ah,base+00119h
  dw 00306h,base+01D19h
  dw 0037Ah,base+01D19h
  dw 00306h,base+01D1Ch
  dw 0037Ah,base+0034Eh
  dw 00306h,base+01D1Fh
  dw 0027Ah,base+0008Fh
  dw 00306h,base+00023h
  dw 0027Ah,base+0003Ch
  dw 00206h,base+0008Fh
  dw 0027Ah,base+0003Ch
  dw 00206h,base+0008Fh
  dw 0027Ah,base+00022h
  dw 00206h,base+0050Ah
  dw 0027Ah,base+00022h
  dw 00206h,base+002A5h
  dw 0017Ah,base+00000h
  dw 00106h,base+0004Ch
  dw 0017Ah,base+00000h
  dw 00106h,base+0004Ch
  dw 0017Ah,base+00000h
  dw 00106h,base+00005h
  dw 0017Ah,base+00000h
  dw 00106h,base+00004h
  dw 0017Ah,base+00004h
  dw 00100h,base+00004h

VegaPage2frame005:
  db 048h,03Dh,066h,02Fh
  db 07Ch
  db 000h,000h,0D1h,000h,000h
  db 000h,000h
  db 000h,000h
  dw 0027Eh,base+00025h
  dw 0057Fh,base+018E6h
  dw 00780h,base+014CEh
  dw 00A7Fh,base+00E8Bh
  dw 00D80h,base+009A2h
  dw 00D80h,base+009AFh
  dw 01180h,base+004D8h
  dw 0137Fh,base+003C6h
  dw 0167Eh,base+0027Fh
  dw 01880h,base+00267h
  dw 01980h,base+0021Eh
  dw 01A7Fh,base+001D2h
  dw 01B80h,base+0014Ch
  dw 01C80h,base+000A9h
  dw 00A0Ch,base+00E95h
  dw 00F74h,base+00700h
  dw 0090Ch,base+01009h
  dw 00F74h,base+0070Fh
  dw 0090Dh,base+01012h
  dw 00E74h,base+00832h
  dw 0090Ch,base+0101Bh
  dw 00E74h,base+00840h
  dw 00A0Dh,base+00E9Fh
  dw 00D73h,base+009BCh
  dw 00709h,base+014D5h
  dw 00205h,base+0003Ch
  dw 00C71h,base+00B50h
  dw 0070Fh,base+014DCh
  dw 00C71h,base+00B5Ch
  dw 00710h,base+014E3h
  dw 00B70h,base+00D4Eh
  dw 00304h,base+01D22h
  dw 00309h,base+01D25h
  dw 00103h,base+00001h
  dw 00C70h,base+00B68h
  dw 00304h,base+01015h
  dw 00309h,base+01D28h
  dw 00103h,base+00004h
  dw 00607h,base+0171Bh
  dw 00568h,base+018EBh
  dw 00405h,base+01B41h
  dw 0030Dh,base+00FB9h
  dw 00607h,base+016D3h
  dw 00467h,base+01B45h
  dw 00304h,base+00194h
  dw 0030Eh,base+0192Ch
  dw 00607h,base+01721h
  dw 00467h,base+01B49h
  dw 00304h,base+01D2Bh
  dw 0030Fh,base+00798h
  dw 00507h,base+016D3h
  dw 00365h,base+00C59h
  dw 00405h,base+01B4Dh
  dw 0030Fh,base+00432h
  dw 00607h,base+01727h
  dw 00365h,base+01D2Eh
  dw 00305h,base+01A65h
  dw 00310h,base+00D36h
  dw 00506h,base+018F0h
  dw 00365h,base+017C0h
  dw 00304h,base+01D31h
  dw 00311h,base+01856h
  dw 00506h,base+018F5h
  dw 00365h,base+01D34h
  dw 00304h,base+01D37h
  dw 00312h,base+01D3Ah
  dw 00405h,base+01B51h
  dw 00365h,base+00E14h
  dw 00204h,base+0002Bh
  dw 00213h,base+0027Fh
  dw 00304h,base+01D3Dh
  dw 00465h,base+01B55h
  dw 00204h,base+003D3h
  dw 00213h,base+0016Ch
  dw 00305h,base+01D40h
  dw 00363h,base+01270h
  dw 00205h,base+0020Bh
  dw 00213h,base+00032h
  dw 00305h,base+000AEh
  dw 00363h,base+01D43h
  dw 00205h,base+00A5Ch
  dw 00213h,base+008CAh
  dw 00305h,base+01D46h
  dw 00363h,base+01D49h
  dw 00205h,base+010A0h
  dw 00113h,base+00021h
  dw 00305h,base+00461h
  dw 00363h,base+01D4Ch
  dw 00205h,base+00369h
  dw 00113h,base+0000Ah
  dw 00306h,base+01D4Fh
  dw 00262h,base+00192h
  dw 00205h,base+000C6h
  dw 00113h,base+00008h
  dw 00306h,base+01D52h
  dw 00262h,base+00050h
  dw 00205h,base+0021Eh
  dw 00213h,base+01248h
  dw 00307h,base+01D55h
  dw 00261h,base+01285h
  dw 00205h,base+01AF9h
  dw 00213h,base+00002h
  dw 00307h,base+01D58h
  dw 00261h,base+01285h
  dw 00205h,base+0009Ah
  dw 00214h,base+015EBh
  dw 00206h,base+007B8h
  dw 00261h,base+01E43h
  dw 00206h,base+0009Ah
  dw 00113h,base+0002Dh
  dw 00206h,base+01270h
  dw 00361h,base+01D5Bh
  dw 00206h,base+00E54h
  dw 00113h,base+00057h
  dw 00206h,base+002D8h
  dw 00361h,base+01D5Eh
  dw 00206h,base+00416h
  dw 00113h,base+00057h
  dw 00206h,base+00398h
  dw 00361h,base+01D19h
  dw 0021Ah,base+001BAh
  dw 00205h,base+00114h
  dw 00361h,base+01021h
  dw 0021Ah,base+01828h
  dw 00205h,base+017C9h
  dw 00361h,base+0158Ah
  dw 0021Ah,base+01828h
  dw 00206h,base+0014Ah
  dw 00260h,base+00117h
  dw 0021Ah,base+01828h
  dw 00206h,base+00E16h
  dw 00260h,base+00022h
  dw 0021Ah,base+01828h
  dw 00306h,base+01D61h
  dw 00360h,base+0158Ah
  dw 0021Ah,base+01828h
  dw 00307h,base+01D19h
  dw 0025Fh,base+0050Ah
  dw 0021Ah,base+01828h
  dw 00307h,base+010DEh
  dw 0025Fh,base+00023h
  dw 0021Ah,base+001BAh
  dw 00308h,base+01D64h
  dw 0025Eh,base+0050Ah
  dw 0021Ah,base+001BAh
  dw 00308h,base+01D67h
  dw 0025Eh,base+00022h
  dw 0021Ah,base+001BAh
  dw 00366h,base+015FCh
  dw 0011Bh,base+00003h
  dw 00280h,base+00022h
  dw 00380h,base+00FBCh
  dw 00381h,base+0158Ah
  dw 00280h,base+00000h
  dw 00281h,base+003EAh
  dw 00280h,base+00116h
  dw 00200h,base+00022h

VegaPage2frame006:
  db 044h,064h,064h,01Bh
  db 068h
  db 000h,000h,0E5h,000h,000h
  db 000h,000h
  db 000h,000h
  dw 00280h,base+00022h
  dw 00280h,base+00117h
  dw 00381h,base+00FBCh
  dw 00280h,base+00117h
  dw 00380h,base+00FBCh
  dw 00480h,base+01B59h
  dw 00481h,base+01B5Dh
  dw 00380h,base+01D6Ah
  dw 00380h,base+0185Fh
  dw 00380h,base+0034Eh
  dw 00381h,base+01D6Dh
  dw 00280h,base+00032h
  dw 00280h,base+0052Dh
  dw 00280h,base+0014Ah
  dw 00281h,base+0014Ah
  dw 00280h,base+00231h
  dw 0027Ah,base+00121h
  dw 00206h,base+00022h
  dw 0037Ah,base+01D70h
  dw 00206h,base+00022h
  dw 0037Ah,base+01D73h
  dw 00306h,base+00061h
  dw 0037Bh,base+01D76h
  dw 00305h,base+00117h
  dw 0047Bh,base+01B61h
  dw 00406h,base+00FBCh
  dw 0037Ah,base+01D79h
  dw 00406h,base+01B65h
  dw 0030Dh,base+01D7Ch
  dw 0016Eh,base+00005h
  dw 00305h,base+0006Eh
  dw 0030Ch,base+01D7Fh
  dw 0046Fh,base+01B69h
  dw 00305h,base+0003Bh
  dw 0030Ch,base+01D82h
  dw 0046Fh,base+0172Fh
  dw 00305h,base+01D85h
  dw 0030Ah,base+01D88h
  dw 00672h,base+0172Dh
  dw 00204h,base+002B4h
  dw 0040Ah,base+01B6Dh
  dw 00672h,base+01733h
  dw 00304h,base+01D8Bh
  dw 0040Ah,base+01B71h
  dw 00673h,base+01733h
  dw 00203h,base+00CD3h
  dw 0050Ah,base+018FAh
  dw 00673h,base+01733h
  dw 00304h,base+01D8Eh
  dw 00409h,base+01B75h
  dw 00673h,base+01733h
  dw 00304h,base+01D91h
  dw 0050Ah,base+018FFh
  dw 00573h,base+00759h
  dw 0080Dh,base+01268h
  dw 00573h,base+01904h
  dw 0080Dh,base+01270h
  dw 00573h,base+01909h
  dw 0090Dh,base+01024h
  dw 00573h,base+0190Eh
  dw 0090Dh,base+0102Dh
  dw 00473h,base+01895h
  dw 00A0Eh,base+00EA9h
  dw 00373h,base+00BAFh
  dw 0090Dh,base+01036h
  dw 00373h,base+0070Dh
  dw 00A0Dh,base+00EB3h
  dw 00373h,base+00026h
  dw 00B0Dh,base+00D59h
  dw 00373h,base+0070Dh
  dw 00C0Dh,base+00B74h
  dw 00374h,base+01D94h
  dw 00B0Ch,base+00D64h
  dw 00374h,base+00B22h
  dw 00F80h,base+0071Eh
  dw 00F81h,base+0072Dh
  dw 00D81h,base+009C9h
  dw 00C0Dh,base+00B80h
  dw 00174h,base+00001h
  dw 00A0Ch,base+00EBDh
  dw 00175h,base+00004h
  dw 00983h,base+0103Fh
  dw 00580h,base+01913h
  dw 00580h,base+01918h
  dw 00580h,base+0191Dh
  dw 00580h,base+01922h
  dw 00507h,base+01927h
  dw 0017Ah,base+00004h
  dw 00580h,base+0192Ch
  dw 00580h,base+01931h
  dw 00680h,base+01739h
  dw 00680h,base+0173Fh
  dw 00680h,base+01745h
  dw 00880h,base+01278h
  dw 00980h,base+01048h
  dw 00980h,base+01051h
  dw 00980h,base+0105Ah
  dw 00A80h,base+00EC7h
  dw 00A80h,base+00ED1h
  dw 00A81h,base+00EDBh
  dw 00980h,base+01063h
  dw 00980h,base+0106Ch
  dw 00880h,base+01280h
  dw 00881h,base+01288h
  dw 00780h,base+014EAh
  dw 00780h,base+014F1h
  dw 00780h,base+014F8h
  dw 00780h,base+014FFh
  dw 00780h,base+01506h
  dw 00780h,base+0150Dh
  dw 00405h,base+01B79h
  dw 0027Ch,base+01E45h
  dw 00304h,base+00BD2h
  dw 0037Ch,base+01D97h
  dw 00304h,base+00178h
  dw 0037Ch,base+00008h
  dw 00304h,base+01D9Ah
  dw 0037Ch,base+00008h
  dw 00304h,base+01D9Ah
  dw 0037Ch,base+01B89h
  dw 00304h,base+011C9h
  dw 0037Ch,base+01D9Dh
  dw 00304h,base+0174Bh
  dw 0037Ch,base+004BBh
  dw 00305h,base+009A2h
  dw 0037Ch,base+01DA0h
  dw 00304h,base+00597h
  dw 0037Ch,base+01CADh
  dw 00304h,base+0116Bh
  dw 0037Ch,base+01DA3h
  dw 00304h,base+01DA6h
  dw 0037Ch,base+01DA9h
  dw 00304h,base+0002Dh
  dw 0037Ch,base+01DACh
  dw 00305h,base+01DAFh
  dw 0027Bh,base+0012Fh
  dw 00305h,base+008E8h
  dw 0027Ch,base+00179h
  dw 00204h,base+00192h
  dw 0027Ch,base+00265h
  dw 00205h,base+003ABh
  dw 0027Bh,base+00265h
  dw 00205h,base+00064h
  dw 0027Bh,base+0052Dh
  dw 00305h,base+01DB2h
  dw 0027Ch,base+0052Dh
  dw 00204h,base+000E3h
  dw 0027Ch,base+00057h
  dw 00305h,base+01DB5h
  dw 0047Bh,base+01B7Dh
  dw 00C81h,base+00B8Ch
  dw 00C80h,base+00B98h
  dw 00406h,base+01B81h
  dw 0017Bh,base+00008h
  dw 00480h,base+01B85h
  dw 00480h,base+01B89h
  dw 00400h,base+01B8Dh

VegaPage2frame007:
  db 048h,03Bh,05Ch,044h
  db 084h
  db 000h,000h,0BCh,000h,000h
  db 000h,000h
  db 000h,000h
  dw 00180h,base+00001h
  dw 00106h,base+00004h
  dw 00179h,base+00005h
  dw 00106h,base+00005h
  dw 00274h,base+00025h
  dw 00305h,base+00197h
  dw 00506h,base+01936h
  dw 00375h,base+00197h
  dw 00E7Fh,base+0084Eh
  dw 00F80h,base+0073Ch
  dw 00F7Fh,base+0074Bh
  dw 01080h,base+0056Eh
  dw 01080h,base+0057Eh
  dw 01080h,base+0058Eh
  dw 0107Fh,base+0059Eh
  dw 01180h,base+004E9h
  dw 01180h,base+004FAh
  dw 01280h,base+00480h
  dw 0137Fh,base+003D9h
  dw 01480h,base+0033Eh
  dw 01580h,base+002D6h
  dw 01580h,base+002EBh
  dw 01680h,base+00295h
  dw 0167Fh,base+002ABh
  dw 0090Ah,base+01075h
  dw 00E76h,base+0085Ch
  dw 0090Bh,base+0107Eh
  dw 00D75h,base+009D6h
  dw 0090Bh,base+01087h
  dw 00D75h,base+009E3h
  dw 00405h,base+01B91h
  dw 00407h,base+0107Ah
  dw 00405h,base+01B95h
  dw 0076Fh,base+01514h
  dw 00405h,base+01B99h
  dw 00407h,base+0107Ah
  dw 00405h,base+014F8h
  dw 0086Fh,base+01290h
  dw 00405h,base+0174Dh
  dw 00407h,base+0107Ah
  dw 00405h,base+01B9Dh
  dw 00405h,base+01BA1h
  dw 00368h,base+01DB8h
  dw 00507h,base+0193Bh
  dw 00407h,base+01BA5h
  dw 00405h,base+01BA9h
  dw 00306h,base+01C15h
  dw 00267h,base+00158h
  dw 00507h,base+01940h
  dw 00407h,base+01BADh
  dw 00405h,base+01BB1h
  dw 00206h,base+0014Fh
  dw 00366h,base+01DBBh
  dw 00608h,base+0174Bh
  dw 00407h,base+01BB5h
  dw 00406h,base+01BB9h
  dw 00106h,base+00021h
  dw 00265h,base+001EDh
  dw 00508h,base+01945h
  dw 00407h,base+01BBDh
  dw 0040Ch,base+01BC1h
  dw 00365h,base+01DBEh
  dw 00508h,base+0194Ah
  dw 00407h,base+01BC5h
  dw 0040Dh,base+01BC9h
  dw 00263h,base+000C9h
  dw 00609h,base+01751h
  dw 00408h,base+01BC5h
  dw 0030Ch,base+01DC1h
  dw 00363h,base+01DC4h
  dw 00508h,base+0194Fh
  dw 00509h,base+01954h
  dw 0030Ch,base+01DC7h
  dw 00363h,base+01DCAh
  dw 00507h,base+01959h
  dw 0050Ah,base+0195Eh
  dw 0030Ch,base+01DCDh
  dw 00363h,base+00F48h
  dw 00407h,base+01BCDh
  dw 0050Ah,base+01963h
  dw 0030Dh,base+01DD0h
  dw 00261h,base+00426h
  dw 00408h,base+01BD1h
  dw 0050Ah,base+01968h
  dw 0040Dh,base+01BD5h
  dw 00261h,base+000C8h
  dw 00307h,base+00CD2h
  dw 0050Bh,base+0196Dh
  dw 0046Ch,base+01BD9h
  dw 00407h,base+01BDDh
  dw 0070Dh,base+0151Bh
  dw 0056Ch,base+01972h
  dw 00407h,base+01BE1h
  dw 0060Eh,base+01757h
  dw 0046Bh,base+01BE5h
  dw 00307h,base+01DD3h
  dw 0040Eh,base+01BE9h
  dw 0056Bh,base+01977h
  dw 00307h,base+01DD6h
  dw 0030Fh,base+00632h
  dw 0046Ah,base+018D3h
  dw 00207h,base+00021h
  dw 00210h,base+00117h
  dw 00468h,base+01BEDh
  dw 00308h,base+00023h
  dw 00211h,base+00C70h
  dw 00567h,base+0197Ch
  dw 00308h,base+010DEh
  dw 00212h,base+00023h
  dw 00566h,base+01981h
  dw 00208h,base+0008Fh
  dw 00112h,base+00004h
  dw 00566h,base+01986h
  dw 00208h,base+0008Fh
  dw 00113h,base+00004h
  dw 00465h,base+01BF1h
  dw 00208h,base+0050Ah
  dw 00113h,base+00000h
  dw 00465h,base+01BF5h
  dw 00208h,base+002A7h
  dw 00114h,base+00005h
  dw 00364h,base+01CD7h
  dw 00208h,base+002A7h
  dw 00114h,base+00001h
  dw 00464h,base+01AD9h
  dw 00208h,base+00000h
  dw 00115h,base+00004h
  dw 00363h,base+01CD4h
  dw 0011Dh,base+00000h
  dw 00463h,base+01AD5h
  dw 0011Eh,base+00004h
  dw 00380h,base+00F70h
  dw 00481h,base+00C93h
  dw 00380h,base+00F70h
  dw 00481h,base+01AD1h
  dw 00480h,base+01450h
  dw 00381h,base+01CD1h
  dw 00280h,base+000B5h
  dw 00100h,base+00008h

VegaPage2frame008:
  db 038h,054h,074h,032h
  db 086h
  db 000h,000h,0CEh,000h,000h
  db 000h,000h
  db 000h,000h
  dw 00280h,base+00022h
  dw 00380h,base+01DD9h
  dw 0037Fh,base+01DDCh
  dw 00580h,base+0198Bh
  dw 0057Fh,base+01990h
  dw 0067Fh,base+0175Dh
  dw 0077Fh,base+01522h
  dw 0087Fh,base+01298h
  dw 00880h,base+012A0h
  dw 0087Fh,base+012A8h
  dw 00980h,base+01090h
  dw 00980h,base+01099h
  dw 0087Fh,base+012B0h
  dw 00980h,base+010A2h
  dw 00A80h,base+00EE5h
  dw 00B7Fh,base+00D6Fh
  dw 00E80h,base+0086Ah
  dw 01080h,base+005AEh
  dw 01B80h,base+00167h
  dw 01B80h,base+00182h
  dw 01B80h,base+0019Dh
  dw 00809h,base+012B8h
  dw 01276h,base+00492h
  dw 0080Bh,base+012C0h
  dw 01175h,base+0050Bh
  dw 0080Ch,base+012C8h
  dw 00408h,base+01BF9h
  dw 0086Ch,base+012D0h
  dw 00714h,base+01529h
  dw 0036Ch,base+01DDFh
  dw 00615h,base+01763h
  dw 0016Bh,base+00003h
  dw 00580h,base+01995h
  dw 00580h,base+0199Ah
  dw 00580h,base+0199Fh
  dw 00580h,base+019A4h
  dw 00680h,base+01769h
  dw 00680h,base+0176Fh
  dw 00680h,base+01775h
  dw 00580h,base+019A9h
  dw 00680h,base+0177Bh
  dw 00680h,base+01781h
  dw 00780h,base+01530h
  dw 00780h,base+01537h
  dw 00880h,base+012D8h
  dw 00881h,base+012E0h
  dw 00880h,base+012E8h
  dw 00880h,base+012F0h
  dw 00880h,base+012F8h
  dw 0097Fh,base+010ABh
  dw 00A80h,base+00EEFh
  dw 00A80h,base+00EF9h
  dw 00A80h,base+00F03h
  dw 00B80h,base+00D7Ah
  dw 00B80h,base+00D85h
  dw 00B80h,base+00D90h
  dw 00C80h,base+00BA4h
  dw 00C80h,base+00BB0h
  dw 00C80h,base+00BBCh
  dw 00C80h,base+00BC8h
  dw 00C80h,base+00BD4h
  dw 00C80h,base+00BE0h
  dw 00C81h,base+00BECh
  dw 00B81h,base+00D9Bh
  dw 00A81h,base+00F0Dh
  dw 00405h,base+01BFDh
  dw 0047Bh,base+01C01h
  dw 00405h,base+01C05h
  dw 0047Bh,base+01C09h
  dw 00305h,base+00D33h
  dw 0037Bh,base+01DE2h
  dw 00305h,base+00873h
  dw 0037Bh,base+01DE5h
  dw 00205h,base+00192h
  dw 0037Bh,base+01D22h
  dw 00205h,base+0000Ch
  dw 0027Bh,base+00A4Ch
  dw 00204h,base+0011Dh
  dw 0037Bh,base+00CD2h
  dw 00205h,base+0003Dh
  dw 0027Ah,base+00E1Fh
  dw 00306h,base+01DE8h
  dw 0027Ah,base+0012Fh
  dw 00306h,base+01B5Dh
  dw 0027Ah,base+0090Ch
  dw 00306h,base+01DEBh
  dw 0027Ah,base+00032h
  dw 00305h,base+00048h
  dw 0027Bh,base+00119h
  dw 00304h,base+0104Eh
  dw 0037Ch,base+01A08h
  dw 00204h,base+0003Ch
  dw 0037Ch,base+002FCh
  dw 00204h,base+00022h
  dw 0037Ch,base+019CEh
  dw 00204h,base+00022h
  dw 0037Dh,base+01DD9h
  dw 00103h,base+00000h
  dw 0037Dh,base+01DD9h
  dw 00104h,base+00000h
  dw 0027Ch,base+00A49h
  dw 00104h,base+00000h
  dw 0027Ch,base+00023h
  dw 00204h,base+00023h
  dw 0027Dh,base+00023h
  dw 00103h,base+00004h
  dw 0027Dh,base+0003Ch
  dw 00103h,base+00004h
  dw 00280h,base+0003Ch
  dw 00381h,base+00022h
  dw 00280h,base+00022h
  dw 00200h,base+00022h

VegaPage2frame009:
  db 04Eh,034h,046h,053h
  db 086h
  db 000h,000h,0ADh,000h,000h
  db 000h,000h
  db 000h,000h
  dw 0037Fh,base+00197h
  dw 0047Fh,base+00233h
  dw 0057Fh,base+019AEh
  dw 0067Fh,base+01787h
  dw 0077Fh,base+0153Eh
  dw 0097Fh,base+00F17h
  dw 00A7Dh,base+00F17h
  dw 00D80h,base+009F0h
  dw 00D7Fh,base+009FDh
  dw 00E7Fh,base+00878h
  dw 00E7Fh,base+00886h
  dw 00F80h,base+0075Ah
  dw 00F7Fh,base+00769h
  dw 01080h,base+005BEh
  dw 0117Fh,base+0051Ch
  dw 01380h,base+003ECh
  dw 01380h,base+003FFh
  dw 0147Fh,base+00352h
  dw 01580h,base+00300h
  dw 01580h,base+00315h
  dw 0080Bh,base+01300h
  dw 00B75h,base+00DA6h
  dw 0070Ch,base+01545h
  dw 00A74h,base+00F21h
  dw 0060Dh,base+0178Dh
  dw 00973h,base+010B4h
  dw 0060Dh,base+01793h
  dw 0096Fh,base+010BDh
  dw 00A12h,base+00F2Bh
  dw 0086Ch,base+01308h
  dw 00C15h,base+00BF8h
  dw 0076Bh,base+0154Ch
  dw 00C15h,base+00C04h
  dw 0076Ah,base+01553h
  dw 00D15h,base+00A0Ah
  dw 0086Bh,base+01310h
  dw 00D15h,base+00A17h
  dw 0086Bh,base+01318h
  dw 00D15h,base+00A24h
  dw 00405h,base+01C0Dh
  dw 00265h,base+00037h
  dw 00E16h,base+00894h
  dw 00305h,base+01947h
  dw 00265h,base+00011h
  dw 00E16h,base+008A2h
  dw 00305h,base+01DEEh
  dw 00264h,base+00192h
  dw 00E16h,base+008B0h
  dw 00306h,base+01DA3h
  dw 00264h,base+0012Fh
  dw 00408h,base+01C11h
  dw 0050Eh,base+019B3h
  dw 00206h,base+0012Fh
  dw 00263h,base+0012Fh
  dw 00409h,base+01C15h
  dw 0040Ch,base+01C19h
  dw 00408h,base+01C1Dh
  dw 00262h,base+0012Fh
  dw 00409h,base+01C21h
  dw 0060Dh,base+01799h
  dw 00308h,base+01DF1h
  dw 00262h,base+0194Fh
  dw 00309h,base+00F1Fh
  dw 0070Dh,base+0155Ah
  dw 00308h,base+01DF4h
  dw 00261h,base+0000Fh
  dw 0040Ah,base+011C4h
  dw 0090Dh,base+010C6h
  dw 00308h,base+0179Eh
  dw 00261h,base+003EAh
  dw 0030Ah,base+00EADh
  dw 00507h,base+019B8h
  dw 00206h,base+00117h
  dw 00307h,base+00E13h
  dw 00362h,base+01DF7h
  dw 0030Ah,base+00211h
  dw 00509h,base+019BDh
  dw 00104h,base+00004h
  dw 00307h,base+0158Ah
  dw 00361h,base+0185Fh
  dw 0040Bh,base+01C25h
  dw 00509h,base+019C2h
  dw 00104h,base+00000h
  dw 00207h,base+00022h
  dw 00361h,base+00A48h
  dw 0040Bh,base+01C29h
  dw 00509h,base+019C7h
  dw 00204h,base+00C70h
  dw 00207h,base+00022h
  dw 00360h,base+01596h
  dw 0040Ch,base+01C2Dh
  dw 0050Ah,base+019CCh
  dw 00103h,base+00004h
  dw 00207h,base+00022h
  dw 00360h,base+00022h
  dw 0030Ch,base+015E1h
  dw 0040Ah,base+01C31h
  dw 00103h,base+00000h
  dw 00208h,base+00022h
  dw 0025Eh,base+00022h
  dw 0040Eh,base+01C35h
  dw 00309h,base+002FAh
  dw 00203h,base+00C70h
  dw 00208h,base+0003Ch
  dw 0025Eh,base+00022h
  dw 0030Eh,base+0181Ah
  dw 0020Ah,base+00434h
  dw 00102h,base+00001h
  dw 00208h,base+0003Ch
  dw 0025Dh,base+0003Ch
  dw 00419h,base+015E2h
  dw 0040Bh,base+01C39h
  dw 0025Ch,base+00023h
  dw 0031Ah,base+0181Ah
  dw 0030Ah,base+01DFAh
  dw 0025Bh,base+0003Ch
  dw 0041Ch,base+01818h
  dw 00109h,base+00004h
  dw 0025Ch,base+00022h
  dw 00225h,base+01825h
  dw 0015Ah,base+00004h
  dw 00381h,base+01DFDh
  dw 00100h,base+0002Dh

VegaPage2frame010:
  db 042h,07Dh,070h,009h
  db 09Eh
  db 000h,000h,0F7h,000h,000h
  db 000h,000h
  db 000h,000h
  dw 0027Fh,base+000C8h
  dw 00380h,base+01E00h
  dw 00380h,base+01E03h
  dw 00380h,base+01E06h
  dw 00380h,base+01E06h
  dw 00380h,base+01E06h
  dw 00380h,base+01E06h
  dw 00380h,base+01E06h
  dw 00380h,base+01E06h
  dw 00380h,base+01E06h
  dw 00380h,base+01E06h
  dw 00380h,base+01E06h
  dw 00380h,base+01E06h
  dw 00480h,base+01C3Dh
  dw 00480h,base+01C41h
  dw 00480h,base+01C45h
  dw 00380h,base+01E09h
  dw 00380h,base+0073Eh
  dw 00381h,base+01E0Ch
  dw 00280h,base+006F0h
  dw 00180h,base+0009Ah
  dw 00180h,base+0000Fh
  dw 00180h,base+0000Fh
  dw 00180h,base+00006h
  dw 00180h,base+00008h
  dw 00180h,base+00008h
  dw 00180h,base+0000Fh
  dw 00180h,base+0000Fh
  dw 00280h,base+008CAh
  dw 00280h,base+00032h
  dw 00280h,base+00032h
  dw 0027Fh,base+0011Dh
  dw 00380h,base+00179h
  dw 00380h,base+011C9h
  dw 00380h,base+01E0Fh
  dw 00380h,base+002F5h
  dw 00380h,base+011C9h
  dw 00380h,base+01341h
  dw 00380h,base+0192Ch
  dw 00380h,base+01E12h
  dw 00380h,base+01E15h
  dw 00380h,base+01E18h
  dw 00380h,base+01E1Bh
  dw 00380h,base+01E1Eh
  dw 00380h,base+01C40h
  dw 00380h,base+01E21h
  dw 00304h,base+01561h
  dw 0027Ch,base+00000h
  dw 00780h,base+01561h
  dw 00780h,base+01568h
  dw 00880h,base+01320h
  dw 00880h,base+01328h
  dw 00980h,base+010CFh
  dw 00980h,base+010D8h
  dw 00980h,base+010E1h
  dw 0087Fh,base+01330h
  dw 00980h,base+010EAh
  dw 00980h,base+010F3h
  dw 00880h,base+01338h
  dw 00880h,base+01340h
  dw 00880h,base+01348h
  dw 00880h,base+01350h
  dw 00780h,base+0156Fh
  dw 0077Fh,base+01576h
  dw 00980h,base+010FCh
  dw 00980h,base+01105h
  dw 00980h,base+0110Eh
  dw 00A80h,base+00F35h
  dw 00102h,base+00004h
  dw 0087Eh,base+01358h
  dw 00102h,base+00059h
  dw 0087Eh,base+01360h
  dw 00102h,base+00001h
  dw 0087Eh,base+01368h
  dw 00102h,base+00004h
  dw 0087Eh,base+01370h
  dw 00102h,base+00001h
  dw 0077Eh,base+0157Dh
  dw 00980h,base+01117h
  dw 00880h,base+01378h
  dw 00880h,base+01380h
  dw 00780h,base+01584h
  dw 00780h,base+0158Bh
  dw 00680h,base+0179Fh
  dw 00680h,base+017A5h
  dw 0060Ah,base+017ABh
  dw 00175h,base+00004h
  dw 00102h,base+00004h
  dw 00509h,base+019D1h
  dw 00176h,base+00021h
  dw 00708h,base+01592h
  dw 00378h,base+01E24h
  dw 00B80h,base+00DB1h
  dw 00B7Fh,base+00DBCh
  dw 00C80h,base+00C10h
  dw 00B80h,base+00DC7h
  dw 00B7Fh,base+00DD2h
  dw 00D80h,base+00A31h
  dw 00E80h,base+008BEh
  dw 00E7Fh,base+008CCh
  dw 01080h,base+005CEh
  dw 00507h,base+019D6h
  dw 00979h,base+01120h
  dw 00508h,base+019DBh
  dw 00878h,base+01388h
  dw 00509h,base+019E0h
  dw 00776h,base+01599h
  dw 0050Ch,base+019E5h
  dw 00574h,base+019EAh
  dw 0060Ch,base+017B1h
  dw 00574h,base+019EFh
  dw 0060Bh,base+017B7h
  dw 00675h,base+017BDh
  dw 0060Bh,base+017C3h
  dw 00675h,base+017C9h
  dw 0060Bh,base+017CFh
  dw 00575h,base+019F4h
  dw 0060Ah,base+017D5h
  dw 00575h,base+019F9h
  dw 0070Bh,base+015A0h
  dw 00575h,base+019FEh
  dw 0070Ah,base+015A7h
  dw 00576h,base+01A03h
  dw 00E7Dh,base+008DAh
  dw 0107Fh,base+005DEh
  dw 01080h,base+005EEh
  dw 00708h,base+015AEh
  dw 00776h,base+015B5h
  dw 0080Ah,base+01390h
  dw 00676h,base+017DBh
  dw 0080Ah,base+01398h
  dw 00675h,base+017E1h
  dw 0090Bh,base+01129h
  dw 00775h,base+015BCh
  dw 0080Bh,base+013A0h
  dw 00674h,base+017E7h
  dw 0070Dh,base+015C3h
  dw 00103h,base+00005h
  dw 0026Bh,base+00024h
  dw 00204h,base+00022h
  dw 00711h,base+015CAh
  dw 0026Ah,base+003A1h
  dw 00C16h,base+00C1Ch
  dw 0036Ah,base+00851h
  dw 00B16h,base+00DDDh
  dw 0036Ah,base+00005h
  dw 00816h,base+013A8h
  dw 0046Ah,base+01C49h
  dw 00617h,base+017EDh
  dw 00369h,base+01850h
  dw 00580h,base+01A08h
  dw 00480h,base+01C4Dh
  dw 00480h,base+01C51h
  dw 00280h,base+00024h
  dw 0027Fh,base+00A56h
  dw 00380h,base+01597h
  dw 00380h,base+01E27h
  dw 00381h,base+01E2Ah
  dw 00200h,base+00022h

VegaPage2frame011:
  db 032h,044h,068h,033h
  db 090h
  db 000h,000h,0CDh,000h,000h
  db 000h,000h
  db 000h,000h
  dw 00180h,base+00005h
  dw 0017Fh,base+00021h
  dw 0027Fh,base+00005h
  dw 0037Eh,base+00089h
  dw 00680h,base+017F3h
  dw 00680h,base+017F9h
  dw 00680h,base+017FFh
  dw 00680h,base+01805h
  dw 00780h,base+015D1h
  dw 00781h,base+015D8h
  dw 00681h,base+0180Bh
  dw 00580h,base+01A0Dh
  dw 00581h,base+01A12h
  dw 00580h,base+01A17h
  dw 00581h,base+01A1Ch
  dw 00480h,base+00988h
  dw 00480h,base+0199Eh
  dw 0047Bh,base+0199Eh
  dw 00406h,base+0068Ch
  dw 00379h,base+01E2Dh
  dw 00607h,base+01811h
  dw 00378h,base+00D85h
  dw 00B80h,base+00DE8h
  dw 00A7Fh,base+00F3Fh
  dw 00B80h,base+00DF3h
  dw 00B7Fh,base+00DFEh
  dw 00C80h,base+00C28h
  dw 00C80h,base+00C34h
  dw 00C7Fh,base+00C40h
  dw 00D80h,base+00A3Eh
  dw 00D80h,base+00A4Bh
  dw 00D80h,base+00A58h
  dw 00D7Fh,base+00A65h
  dw 00E80h,base+008E8h
  dw 00E80h,base+008F6h
  dw 00E80h,base+00904h
  dw 00F80h,base+00778h
  dw 00F80h,base+00787h
  dw 00F7Fh,base+00796h
  dw 01080h,base+005FEh
  dw 01080h,base+0060Eh
  dw 0117Fh,base+0052Dh
  dw 0127Fh,base+004A4h
  dw 0137Fh,base+00412h
  dw 01480h,base+00366h
  dw 00607h,base+01817h
  dw 00D78h,base+00A72h
  dw 00708h,base+015DFh
  dw 00D78h,base+00A7Fh
  dw 00609h,base+0181Dh
  dw 00C77h,base+00C4Ch
  dw 00609h,base+01823h
  dw 00C77h,base+00C58h
  dw 00509h,base+01A21h
  dw 00C76h,base+00C64h
  dw 0060Ah,base+01829h
  dw 00C76h,base+00C70h
  dw 0050Ah,base+01A26h
  dw 00304h,base+01E30h
  dw 00771h,base+015E6h
  dw 0060Bh,base+0182Fh
  dw 00204h,base+0050Ah
  dw 00770h,base+015EDh
  dw 00410h,base+01C55h
  dw 00770h,base+015F4h
  dw 00410h,base+01C59h
  dw 00770h,base+015FBh
  dw 00311h,base+0129Bh
  dw 0066Fh,base+01835h
  dw 00210h,base+00117h
  dw 0066Fh,base+0183Bh
  dw 00411h,base+01C5Dh
  dw 0066Fh,base+01841h
  dw 00310h,base+0104Fh
  dw 00670h,base+01847h
  dw 0030Eh,base+0031Bh
  dw 00772h,base+01602h
  dw 0020Eh,base+0008Fh
  dw 00772h,base+01609h
  dw 0020Dh,base+00000h
  dw 00773h,base+01610h
  dw 00209h,base+010DFh
  dw 00103h,base+00005h
  dw 00774h,base+01617h
  dw 00208h,base+010DFh
  dw 00203h,base+0008Ch
  dw 00775h,base+0161Eh
  dw 00208h,base+00023h
  dw 00A78h,base+00F49h
  dw 00108h,base+00004h
  dw 00980h,base+01132h
  dw 00880h,base+013B0h
  dw 00680h,base+0184Dh
  dw 00381h,base+01446h
  dw 00100h,base+00004h

VegaPage2frame012:
  db 038h,04Eh,06Eh,037h
  db 084h
  db 000h,000h,0C9h,000h,000h
  db 000h,000h
  db 000h,000h
  dw 00380h,base+00197h
  dw 00680h,base+01853h
  dw 00780h,base+01625h
  dw 0087Fh,base+013B8h
  dw 00980h,base+0113Bh
  dw 00A80h,base+00F53h
  dw 00A7Fh,base+00F5Dh
  dw 00C80h,base+00C7Ch
  dw 00D0Eh,base+00A8Ch
  dw 00172h,base+00004h
  dw 00F80h,base+007A5h
  dw 0107Fh,base+0061Eh
  dw 01380h,base+00425h
  dw 00D0Eh,base+00A99h
  dw 00672h,base+01859h
  dw 00D0Eh,base+00AA6h
  dw 00672h,base+0185Fh
  dw 00D0Eh,base+00AB3h
  dw 00572h,base+01A2Bh
  dw 00E0Fh,base+00912h
  dw 00171h,base+00004h
  dw 0090Ah,base+01144h
  dw 00476h,base+01C61h
  dw 0080Ah,base+013C0h
  dw 00575h,base+01A30h
  dw 0090Bh,base+0114Dh
  dw 00575h,base+01A35h
  dw 0080Ch,base+013C8h
  dw 00473h,base+00F73h
  dw 0090Eh,base+01156h
  dw 00472h,base+01C65h
  dw 0080Fh,base+013D0h
  dw 00471h,base+01C69h
  dw 00810h,base+013D8h
  dw 0036Fh,base+01E33h
  dw 00812h,base+013E0h
  dw 0026Eh,base+01E47h
  dw 00712h,base+0162Ch
  dw 0026Dh,base+01012h
  dw 00813h,base+013E8h
  dw 0036Dh,base+002A6h
  dw 00813h,base+013F0h
  dw 0036Ch,base+00F8Ah
  dw 00814h,base+013F8h
  dw 0036Ch,base+01D67h
  dw 00814h,base+01400h
  dw 0036Ch,base+002C1h
  dw 00715h,base+01633h
  dw 0036Ah,base+00061h
  dw 00817h,base+01408h
  dw 00269h,base+00000h
  dw 0070Ah,base+0163Ah
  dw 0010Dh,base+00004h
  dw 00269h,base+0006Eh
  dw 0060Ah,base+01865h
  dw 0010Eh,base+00001h
  dw 00268h,base+00116h
  dw 0060Ah,base+0186Bh
  dw 0010Eh,base+00004h
  dw 00267h,base+00022h
  dw 00780h,base+01641h
  dw 0070Ah,base+01648h
  dw 00176h,base+00001h
  dw 0070Ah,base+0164Fh
  dw 00176h,base+00004h
  dw 00780h,base+01656h
  dw 00780h,base+0165Dh
  dw 00709h,base+01664h
  dw 00177h,base+00004h
  dw 00708h,base+0166Bh
  dw 00178h,base+00001h
  dw 0097Fh,base+0115Fh
  dw 00880h,base+01410h
  dw 00780h,base+01672h
  dw 00780h,base+01679h
  dw 00780h,base+01680h
  dw 00780h,base+01687h
  dw 00780h,base+0168Eh
  dw 00780h,base+01695h
  dw 00781h,base+0169Ch
  dw 00680h,base+01871h
  dw 00680h,base+01877h
  dw 00680h,base+01877h
  dw 00580h,base+01A3Ah
  dw 00580h,base+01A3Fh
  dw 00580h,base+01A44h
  dw 00203h,base+003CCh
  dw 0027Ch,base+000E4h
  dw 00304h,base+01E36h
  dw 0027Ch,base+00007h
  dw 00304h,base+01E39h
  dw 0027Ch,base+00208h
  dw 00304h,base+01B89h
  dw 0027Ch,base+00008h
  dw 00304h,base+01D22h
  dw 0027Ch,base+00008h
  dw 00304h,base+00873h
  dw 0027Ch,base+00008h
  dw 00304h,base+01E3Ch
  dw 0027Ch,base+0000Fh
  dw 00204h,base+00216h
  dw 0027Ch,base+0052Dh
  dw 00204h,base+0062Ah
  dw 0027Ch,base+00032h
  dw 00204h,base+0090Ch
  dw 0027Ch,base+00032h
  dw 00204h,base+00032h
  dw 0017Ch,base+0000Fh
  dw 00204h,base+00052h
  dw 0017Ch,base+00008h
  dw 00104h,base+00008h
  dw 0017Ch,base+00005h
  dw 00104h,base+00005h
  dw 0017Ch,base+0000Fh
  dw 00104h,base+0000Fh
  dw 0017Ch,base+0000Fh
  dw 00104h,base+000C5h
  dw 0047Ch,base+01C6Dh
  dw 00104h,base+0000Fh
  dw 0047Ch,base+01C71h
  dw 00104h,base+00005h
  dw 00304h,base+01CF4h
  dw 00178h,base+0000Ah
  dw 00205h,base+00256h
  dw 0027Bh,base+00221h
  dw 00480h,base+01C75h
  dw 00480h,base+01C79h
  dw 00300h,base+00BA1h


