  dw ehondaPage0frame000
  dw ehondaPage0frame001
  dw ehondaPage0frame002
  dw ehondaPage0frame003
  dw ehondaPage0frame004
  dw ehondaPage0frame005
  dw ehondaPage0frame006
  dw ehondaPage0frame007
  dw ehondaPage0frame008
  dw ehondaPage0frame009
  dw ehondaPage0frame010
  dw ehondaPage0frame011
  dw ehondaPage0frame012
  dw ehondaPage0frame013
  dw ehondaPage0frame014
  dw ehondaPage0frame015

ehondaPage0frame000:
  db 03Ah,052h,062h,035h
  db 084h
  db 068h,02Fh,025h,062h,038h
  db 000h,000h
  db 000h,000h
  dw 00180h,base+00000h
  dw 0017Fh,base+00184h
  dw 00480h,base+005A5h
  dw 0057Fh,base+038C6h
  dw 00580h,base+038CBh
  dw 00680h,base+033E3h
  dw 0067Fh,base+031B2h
  dw 0077Dh,base+0354Ch
  dw 00A7Fh,base+03318h
  dw 00B80h,base+03197h
  dw 00B7Fh,base+031A2h
  dw 00C80h,base+02F93h
  dw 00C7Fh,base+02F9Fh
  dw 00E80h,base+02BF4h
  dw 00E80h,base+02C02h
  dw 00F80h,base+029E7h
  dw 00F7Fh,base+029F6h
  dw 01080h,base+02737h
  dw 01080h,base+02747h
  dw 01080h,base+02757h
  dw 01080h,base+02767h
  dw 0107Fh,base+02777h
  dw 01180h,base+0235Dh
  dw 01180h,base+0236Eh
  dw 0117Eh,base+0237Fh
  dw 01480h,base+01A69h
  dw 01480h,base+01A7Dh
  dw 0147Fh,base+01A91h
  dw 01580h,base+0174Bh
  dw 01580h,base+01760h
  dw 01580h,base+01775h
  dw 0157Fh,base+0178Ah
  dw 01680h,base+01315h
  dw 01680h,base+0132Bh
  dw 01680h,base+01341h
  dw 01780h,base+010BFh
  dw 01780h,base+010D6h
  dw 0187Fh,base+00EAFh
  dw 01980h,base+009CDh
  dw 01980h,base+009E6h
  dw 01980h,base+009FFh
  dw 01980h,base+00A18h
  dw 01980h,base+00A31h
  dw 01980h,base+00A4Ah
  dw 0197Fh,base+00A63h
  dw 01A80h,base+006A7h
  dw 01B80h,base+0041Fh
  dw 01B80h,base+0043Ah
  dw 01C80h,base+0020Bh
  dw 01D81h,base+00197h
  dw 01C80h,base+00227h
  dw 01C80h,base+00243h
  dw 01C81h,base+0025Fh
  dw 01B80h,base+00455h
  dw 01B80h,base+00470h
  dw 01011h,base+02787h
  dw 00506h,base+038D0h
  dw 00469h,base+03ABFh
  dw 00D0Eh,base+02D98h
  dw 00203h,base+00000h
  dw 00507h,base+038D5h
  dw 00368h,base+03CB7h
  dw 00D0Fh,base+02DA5h
  dw 00103h,base+00000h
  dw 00406h,base+03AC3h
  dw 00268h,base+0002Eh
  dw 00D12h,base+02DB2h
  dw 0046Eh,base+03AC7h
  dw 00607h,base+0376Ah
  dw 00203h,base+00BE3h
  dw 00208h,base+00016h
  dw 0046Eh,base+03ACBh
  dw 0060Bh,base+03770h
  dw 00107h,base+00000h
  dw 0046Fh,base+03ACFh
  dw 0040Ah,base+03AD3h
  dw 00108h,base+00000h
  dw 0036Eh,base+00156h
  dw 00412h,base+03AD7h
  dw 0036Eh,base+00156h
  dw 00412h,base+03ADBh
  dw 0036Eh,base+00156h
  dw 00412h,base+03ADFh
  dw 0036Eh,base+00156h
  dw 00312h,base+032ECh
  dw 0036Eh,base+03CBAh
  dw 00312h,base+032ECh
  dw 0046Eh,base+03AE3h
  dw 00312h,base+032ECh
  dw 0046Eh,base+03AE7h
  dw 00311h,base+03CBDh
  dw 0066Fh,base+03776h
  dw 00311h,base+03CBDh
  dw 0076Fh,base+03613h
  dw 00311h,base+00CBEh
  dw 0086Fh,base+0351Bh
  dw 00311h,base+00CBEh
  dw 0086Fh,base+03523h
  dw 00412h,base+03AEBh
  dw 0076Eh,base+0361Ah
  dw 00415h,base+01B2Ah
  dw 0026Bh,base+0002Eh
  dw 0047Fh,base+03AEFh
  dw 00580h,base+017F4h
  dw 00580h,base+038DAh
  dw 00580h,base+0386Dh
  dw 00480h,base+03AF3h
  dw 00480h,base+03AF7h
  dw 00481h,base+03AFBh
  dw 00300h,base+026F0h

ehondaPage0frame001:
  db 03Eh,04Eh,062h,039h
  db 084h
  db 068h,02Fh,021h,062h,038h
  db 000h,000h
  db 000h,000h
  dw 00280h,base+00076h
  dw 00480h,base+0024Fh
  dw 0047Eh,base+01C49h
  dw 00680h,base+03358h
  dw 0067Eh,base+031E9h
  dw 0087Eh,base+0352Bh
  dw 00A7Fh,base+03322h
  dw 00C80h,base+02FABh
  dw 00C7Fh,base+02FB7h
  dw 00D80h,base+02DBFh
  dw 00D7Fh,base+02DCCh
  dw 00D80h,base+02DD9h
  dw 00D80h,base+02DE6h
  dw 00D7Fh,base+02DF3h
  dw 00F80h,base+02A05h
  dw 01080h,base+02797h
  dw 01080h,base+027A7h
  dw 0107Fh,base+027B7h
  dw 01180h,base+02390h
  dw 01180h,base+023A1h
  dw 0117Fh,base+023B2h
  dw 0127Fh,base+020E7h
  dw 01380h,base+01E15h
  dw 01380h,base+01E28h
  dw 01480h,base+01AA5h
  dw 0147Fh,base+01AB9h
  dw 01580h,base+0179Fh
  dw 01680h,base+01357h
  dw 0167Fh,base+0136Dh
  dw 01780h,base+010EDh
  dw 01780h,base+01104h
  dw 01780h,base+0111Bh
  dw 01780h,base+01132h
  dw 01880h,base+00EC7h
  dw 0187Fh,base+00EDFh
  dw 01980h,base+00A7Ch
  dw 01980h,base+00A95h
  dw 01980h,base+00AAEh
  dw 01A80h,base+006C1h
  dw 01A7Fh,base+006DBh
  dw 01B80h,base+0048Bh
  dw 01E80h,base+00101h
  dw 01E80h,base+0011Fh
  dw 01F81h,base+000E2h
  dw 01E80h,base+0013Dh
  dw 01E80h,base+0015Bh
  dw 01819h,base+00EF7h
  dw 00567h,base+02556h
  dw 01213h,base+020F9h
  dw 00507h,base+038DFh
  dw 00466h,base+00D66h
  dw 01213h,base+0210Bh
  dw 00507h,base+038E4h
  dw 00368h,base+00B41h
  dw 01011h,base+027C7h
  dw 00508h,base+038E9h
  dw 00166h,base+00000h
  dw 01112h,base+023C3h
  dw 0056Eh,base+038E9h
  dw 01012h,base+027D7h
  dw 0056Eh,base+038E9h
  dw 01012h,base+027E7h
  dw 0056Eh,base+038EEh
  dw 01012h,base+027F7h
  dw 0046Eh,base+02FCFh
  dw 00708h,base+03621h
  dw 0070Ah,base+03628h
  dw 0046Eh,base+03766h
  dw 00608h,base+0377Ch
  dw 00506h,base+03371h
  dw 00104h,base+00000h
  dw 0046Eh,base+01E6Fh
  dw 00609h,base+03782h
  dw 0040Ah,base+03AFFh
  dw 0036Eh,base+000FEh
  dw 00508h,base+038F3h
  dw 0030Ah,base+00C7Ch
  dw 0036Eh,base+00156h
  dw 00409h,base+03B03h
  dw 00209h,base+0024Fh
  dw 0036Eh,base+00156h
  dw 0040Ah,base+00D3Bh
  dw 00108h,base+00000h
  dw 0036Eh,base+00156h
  dw 00412h,base+00D3Bh
  dw 0036Eh,base+000F6h
  dw 00412h,base+03B07h
  dw 0036Eh,base+000F6h
  dw 00312h,base+00D3Bh
  dw 0046Eh,base+03AE3h
  dw 00312h,base+00D3Bh
  dw 0046Eh,base+03AE7h
  dw 00311h,base+02275h
  dw 0066Fh,base+03788h
  dw 00311h,base+02275h
  dw 0076Fh,base+03613h
  dw 00311h,base+00CBEh
  dw 0086Fh,base+0351Bh
  dw 00311h,base+00223h
  dw 0086Fh,base+03523h
  dw 00412h,base+00CBEh
  dw 0076Eh,base+0361Ah
  dw 00415h,base+01B2Ah
  dw 0026Bh,base+0002Eh
  dw 0047Fh,base+03AEFh
  dw 00580h,base+017F4h
  dw 00580h,base+038DAh
  dw 00580h,base+0386Dh
  dw 00480h,base+03AF3h
  dw 00480h,base+03AF7h
  dw 00481h,base+03AFBh
  dw 00300h,base+026F0h

ehondaPage0frame002:
  db 042h,04Ch,060h,03Bh
  db 086h
  db 067h,030h,01Fh,062h,038h
  db 000h,000h
  db 000h,000h
  dw 00180h,base+00000h
  dw 0017Fh,base+00184h
  dw 00480h,base+005A5h
  dw 0057Fh,base+038C6h
  dw 0057Dh,base+038CBh
  dw 0097Eh,base+033E0h
  dw 00B7Fh,base+031ADh
  dw 00C80h,base+02FC3h
  dw 00C7Fh,base+02FCFh
  dw 00D80h,base+02E00h
  dw 00D80h,base+02E0Dh
  dw 00D7Fh,base+02E1Ah
  dw 00E80h,base+02C10h
  dw 00F80h,base+02A14h
  dw 00F7Fh,base+02A23h
  dw 01080h,base+02807h
  dw 01080h,base+02817h
  dw 0117Eh,base+023D4h
  dw 01380h,base+01E3Bh
  dw 0137Fh,base+01E4Eh
  dw 01480h,base+01ACDh
  dw 01480h,base+01AE1h
  dw 01480h,base+01AF5h
  dw 0157Fh,base+017B4h
  dw 01680h,base+01383h
  dw 01680h,base+01399h
  dw 01680h,base+013AFh
  dw 0167Fh,base+013C5h
  dw 01780h,base+01149h
  dw 01880h,base+00F0Fh
  dw 0187Fh,base+00F27h
  dw 01A80h,base+006F5h
  dw 01A80h,base+0070Fh
  dw 01B7Fh,base+004A6h
  dw 02080h,base+00042h
  dw 0207Fh,base+00062h
  dw 02180h,base+00000h
  dw 02181h,base+00021h
  dw 02080h,base+00082h
  dw 02080h,base+000A2h
  dw 02081h,base+000C2h
  dw 0191Ch,base+00AC7h
  dw 00364h,base+03C93h
  dw 0191Ch,base+00AE0h
  dw 00363h,base+003D8h
  dw 01A1Eh,base+00729h
  dw 00162h,base+00000h
  dw 01980h,base+00AF9h
  dw 01982h,base+00B12h
  dw 01213h,base+0211Dh
  dw 0046Eh,base+03B0Bh
  dw 0167Fh,base+013DBh
  dw 01112h,base+023E5h
  dw 0056Eh,base+038F8h
  dw 01112h,base+023F6h
  dw 0056Eh,base+038FDh
  dw 01112h,base+02407h
  dw 0056Eh,base+03902h
  dw 01012h,base+02827h
  dw 0056Eh,base+03907h
  dw 01012h,base+02837h
  dw 0056Eh,base+0390Ch
  dw 00708h,base+0362Fh
  dw 0080Bh,base+03533h
  dw 0036Dh,base+03CC0h
  dw 00608h,base+0378Eh
  dw 00506h,base+03911h
  dw 00105h,base+00000h
  dw 0036Dh,base+000FEh
  dw 00609h,base+03794h
  dw 00405h,base+02053h
  dw 00105h,base+00000h
  dw 0036Eh,base+03957h
  dw 00508h,base+03916h
  dw 0040Ah,base+0192Eh
  dw 0036Eh,base+00FFAh
  dw 00409h,base+03B0Fh
  dw 00309h,base+00055h
  dw 0036Eh,base+00FFAh
  dw 00409h,base+03B13h
  dw 00309h,base+00055h
  dw 0036Eh,base+00156h
  dw 00412h,base+03B13h
  dw 0036Eh,base+000F6h
  dw 00412h,base+03B17h
  dw 0036Eh,base+03CC3h
  dw 00312h,base+001E4h
  dw 0046Eh,base+03B1Bh
  dw 00311h,base+00528h
  dw 0066Fh,base+03788h
  dw 00311h,base+00528h
  dw 0076Fh,base+03613h
  dw 00311h,base+00528h
  dw 0086Fh,base+0351Bh
  dw 00311h,base+00223h
  dw 0086Fh,base+03523h
  dw 00412h,base+00223h
  dw 0076Eh,base+0361Ah
  dw 00415h,base+03B1Fh
  dw 0026Bh,base+0002Eh
  dw 0047Fh,base+03AEFh
  dw 00580h,base+017F4h
  dw 00580h,base+038DAh
  dw 00580h,base+0386Dh
  dw 00480h,base+03AF3h
  dw 00480h,base+03AF7h
  dw 00481h,base+03AFBh
  dw 00300h,base+026F0h

ehondaPage0frame003:
  db 048h,04Dh,05Ch,03Ah
  db 084h
  db 062h,037h,02Ch,05Eh,042h
  db 000h,000h
  db 000h,000h
  dw 00280h,base+00076h
  dw 00480h,base+0024Fh
  dw 0047Eh,base+01C49h
  dw 00680h,base+03358h
  dw 00680h,base+031E9h
  dw 0067Fh,base+031F4h
  dw 0077Fh,base+03636h
  dw 0097Fh,base+033E9h
  dw 00A7Eh,base+0332Ch
  dw 00C80h,base+02FDBh
  dw 00C7Fh,base+02FE7h
  dw 00C80h,base+02FF3h
  dw 00C80h,base+02FFFh
  dw 00D7Fh,base+02E27h
  dw 00E80h,base+02C1Eh
  dw 00E80h,base+02C2Ch
  dw 00F80h,base+02A32h
  dw 00F80h,base+02A41h
  dw 00F7Fh,base+02A50h
  dw 01080h,base+02847h
  dw 01080h,base+02857h
  dw 00F7Fh,base+02A5Fh
  dw 0107Fh,base+02867h
  dw 01180h,base+02418h
  dw 0117Fh,base+02429h
  dw 01180h,base+0243Ah
  dw 0117Fh,base+0244Bh
  dw 01280h,base+0212Fh
  dw 01380h,base+01E61h
  dw 01380h,base+01E74h
  dw 0137Fh,base+01E87h
  dw 01780h,base+01160h
  dw 01880h,base+00F3Fh
  dw 01980h,base+00B2Bh
  dw 0197Fh,base+00B44h
  dw 01A80h,base+00743h
  dw 01A80h,base+0075Dh
  dw 01A80h,base+00777h
  dw 01A80h,base+00791h
  dw 01A80h,base+007ABh
  dw 01A7Fh,base+007C5h
  dw 01B80h,base+004C1h
  dw 01B80h,base+004DCh
  dw 01B81h,base+004F7h
  dw 01B80h,base+00512h
  dw 01B80h,base+0052Dh
  dw 01B80h,base+00548h
  dw 01B81h,base+00563h
  dw 01314h,base+01E9Ah
  dw 0066Bh,base+0379Ah
  dw 01415h,base+01B09h
  dw 0066Bh,base+0379Ah
  dw 01315h,base+01EADh
  dw 0066Bh,base+037A0h
  dw 01316h,base+01EC0h
  dw 00569h,base+0391Bh
  dw 00709h,base+0363Dh
  dw 00B0Eh,base+031B8h
  dw 00569h,base+03920h
  dw 00709h,base+03644h
  dw 00509h,base+03925h
  dw 00205h,base+000D3h
  dw 00569h,base+0392Ah
  dw 00709h,base+0364Bh
  dw 00509h,base+0392Fh
  dw 00106h,base+00000h
  dw 00468h,base+03B23h
  dw 0070Ah,base+03652h
  dw 00408h,base+03B27h
  dw 00106h,base+00000h
  dw 00468h,base+010E8h
  dw 0060Ah,base+037A6h
  dw 0040Fh,base+03B2Bh
  dw 00367h,base+00EDAh
  dw 0060Bh,base+037ACh
  dw 0030Eh,base+0014Bh
  dw 00367h,base+00620h
  dw 0060Bh,base+037B2h
  dw 0030Fh,base+00805h
  dw 00366h,base+00980h
  dw 0060Ch,base+037B8h
  dw 0010Eh,base+00000h
  dw 00366h,base+00858h
  dw 0051Ah,base+03934h
  dw 00366h,base+004B5h
  dw 0051Ah,base+03939h
  dw 00466h,base+03B2Fh
  dw 00419h,base+03B1Fh
  dw 00567h,base+0393Eh
  dw 00319h,base+011CEh
  dw 00667h,base+037BEh
  dw 00319h,base+00109h
  dw 00866h,base+0353Bh
  dw 0041Ah,base+01108h
  dw 00866h,base+03543h
  dw 0031Bh,base+00492h
  dw 00765h,base+03659h
  dw 0031Bh,base+001B4h
  dw 00765h,base+03660h
  dw 0031Fh,base+003C2h
  dw 00161h,base+0001Fh
  dw 0037Fh,base+0006Fh
  dw 00580h,base+038DAh
  dw 00580h,base+03943h
  dw 0057Fh,base+03948h
  dw 00680h,base+037C4h
  dw 00580h,base+0394Dh
  dw 00581h,base+03952h
  dw 00300h,base+0002Fh

ehondaPage0frame004:
  db 03Eh,04Eh,062h,039h
  db 084h
  db 05Fh,038h,02Dh,060h,03Ch
  db 000h,000h
  db 000h,000h
  dw 00280h,base+00076h
  dw 00480h,base+0024Fh
  dw 0047Eh,base+01C49h
  dw 00680h,base+03358h
  dw 0067Eh,base+031E9h
  dw 0087Eh,base+0352Bh
  dw 00A7Fh,base+03322h
  dw 00C80h,base+02FABh
  dw 00C7Fh,base+02FB7h
  dw 00D80h,base+02DBFh
  dw 00D7Fh,base+02DCCh
  dw 00D80h,base+02DD9h
  dw 00D80h,base+02DE6h
  dw 00D7Fh,base+02E34h
  dw 00F80h,base+02A6Eh
  dw 01080h,base+02877h
  dw 01080h,base+02887h
  dw 0107Fh,base+02897h
  dw 01180h,base+0245Ch
  dw 01180h,base+0246Dh
  dw 0117Fh,base+023B2h
  dw 0127Fh,base+020E7h
  dw 01380h,base+01E15h
  dw 01380h,base+01E28h
  dw 01480h,base+01AA5h
  dw 0147Fh,base+01AB9h
  dw 01580h,base+0179Fh
  dw 01680h,base+01357h
  dw 0167Fh,base+0136Dh
  dw 01780h,base+010EDh
  dw 01780h,base+01104h
  dw 01780h,base+0111Bh
  dw 01780h,base+01132h
  dw 01880h,base+00EC7h
  dw 0187Fh,base+00EDFh
  dw 01980h,base+00A7Ch
  dw 01980h,base+00A95h
  dw 01980h,base+00AAEh
  dw 01A80h,base+006C1h
  dw 01A7Fh,base+006DBh
  dw 01B80h,base+0048Bh
  dw 01E80h,base+00101h
  dw 01E80h,base+0011Fh
  dw 01F81h,base+000E2h
  dw 01E80h,base+0013Dh
  dw 01E80h,base+0015Bh
  dw 01819h,base+00EF7h
  dw 00567h,base+02556h
  dw 01213h,base+020F9h
  dw 00507h,base+038DFh
  dw 00466h,base+00D66h
  dw 01213h,base+0210Bh
  dw 00507h,base+038E4h
  dw 00368h,base+00B41h
  dw 01011h,base+027C7h
  dw 00508h,base+038E9h
  dw 00166h,base+00000h
  dw 01112h,base+023C3h
  dw 0056Eh,base+038E9h
  dw 01012h,base+027D7h
  dw 0056Eh,base+038E9h
  dw 01012h,base+027E7h
  dw 0056Eh,base+038EEh
  dw 01012h,base+027F7h
  dw 0046Eh,base+02FCFh
  dw 00708h,base+03621h
  dw 0070Ah,base+03628h
  dw 0046Eh,base+03766h
  dw 00608h,base+0377Ch
  dw 00506h,base+03371h
  dw 00104h,base+00000h
  dw 0046Eh,base+01E6Fh
  dw 00609h,base+03782h
  dw 0040Ah,base+03AFFh
  dw 0036Eh,base+000FEh
  dw 00508h,base+038F3h
  dw 0030Ah,base+00C7Ch
  dw 0036Eh,base+00156h
  dw 00409h,base+03B03h
  dw 00209h,base+0024Fh
  dw 0036Eh,base+00156h
  dw 0040Ah,base+00D3Bh
  dw 00108h,base+00000h
  dw 0036Eh,base+00156h
  dw 00412h,base+00D3Bh
  dw 0036Eh,base+000F6h
  dw 00412h,base+03B07h
  dw 0036Eh,base+000F6h
  dw 00312h,base+00D3Bh
  dw 0046Eh,base+03AE3h
  dw 00312h,base+00D3Bh
  dw 0046Eh,base+03AE7h
  dw 00311h,base+02275h
  dw 0066Fh,base+03788h
  dw 00311h,base+02275h
  dw 0076Fh,base+03613h
  dw 00311h,base+00CBEh
  dw 0086Fh,base+0351Bh
  dw 00311h,base+00223h
  dw 0086Fh,base+03523h
  dw 00412h,base+00CBEh
  dw 0076Eh,base+0361Ah
  dw 00415h,base+01B2Ah
  dw 0026Bh,base+0002Eh
  dw 0047Fh,base+03AEFh
  dw 00580h,base+017F4h
  dw 00580h,base+038DAh
  dw 00580h,base+0386Dh
  dw 00480h,base+03AF3h
  dw 00480h,base+03AF7h
  dw 00481h,base+03AFBh
  dw 00300h,base+026F0h

ehondaPage0frame005:
  db 038h,04Eh,064h,039h
  db 082h
  db 05Eh,038h,02Dh,05Fh,036h
  db 000h,000h
  db 000h,000h
  dw 00180h,base+00000h
  dw 0017Fh,base+00184h
  dw 00480h,base+005A5h
  dw 0057Fh,base+038C6h
  dw 00580h,base+038CBh
  dw 00680h,base+033E3h
  dw 0067Eh,base+031B2h
  dw 0087Eh,base+0354Bh
  dw 00A7Fh,base+03336h
  dw 00B7Fh,base+031C3h
  dw 00C80h,base+0300Bh
  dw 00C7Fh,base+03017h
  dw 00D80h,base+02E41h
  dw 00D80h,base+02E4Eh
  dw 00D7Fh,base+02E5Bh
  dw 00F80h,base+02A7Dh
  dw 00F80h,base+02A8Ch
  dw 01080h,base+028A7h
  dw 01080h,base+028B7h
  dw 01080h,base+028C7h
  dw 01080h,base+028D7h
  dw 0107Fh,base+028E7h
  dw 01180h,base+0247Eh
  dw 01180h,base+0248Fh
  dw 01180h,base+024A0h
  dw 0117Fh,base+024B1h
  dw 0127Fh,base+02141h
  dw 01480h,base+01B1Dh
  dw 01480h,base+01B31h
  dw 0147Fh,base+01B45h
  dw 01580h,base+017C9h
  dw 01680h,base+013F1h
  dw 01680h,base+01407h
  dw 0167Fh,base+0141Dh
  dw 01780h,base+01177h
  dw 01880h,base+00F57h
  dw 01880h,base+00F6Fh
  dw 01880h,base+00F87h
  dw 01980h,base+00B5Dh
  dw 01980h,base+00B76h
  dw 01980h,base+00B8Fh
  dw 01980h,base+00BA8h
  dw 01980h,base+00BC1h
  dw 01980h,base+00BDAh
  dw 01B80h,base+0057Eh
  dw 01C80h,base+0027Bh
  dw 01C80h,base+00297h
  dw 01C80h,base+002B3h
  dw 01718h,base+0118Eh
  dw 00468h,base+03B33h
  dw 01618h,base+01433h
  dw 00468h,base+03B37h
  dw 01618h,base+01449h
  dw 00469h,base+03B3Bh
  dw 01518h,base+017DEh
  dw 00369h,base+03BBBh
  dw 01317h,base+01ED3h
  dw 0026Bh,base+00097h
  dw 01116h,base+024C2h
  dw 0016Ah,base+00000h
  dw 0090Ah,base+033F2h
  dw 00776h,base+03667h
  dw 0090Ah,base+033FBh
  dw 00676h,base+037CAh
  dw 0090Ah,base+03404h
  dw 00102h,base+00000h
  dw 00475h,base+018D6h
  dw 00809h,base+03553h
  dw 00102h,base+00000h
  dw 00475h,base+0097Fh
  dw 00406h,base+008E3h
  dw 00205h,base+00037h
  dw 00375h,base+00EDAh
  dw 0040Bh,base+03B3Fh
  dw 00376h,base+00965h
  dw 0030Ah,base+033B3h
  dw 00376h,base+00965h
  dw 0030Ah,base+014C8h
  dw 00376h,base+03CC6h
  dw 0030Ah,base+018ADh
  dw 00376h,base+03CC9h
  dw 00309h,base+01898h
  dw 00577h,base+03957h
  dw 00309h,base+01898h
  dw 00677h,base+037D0h
  dw 00309h,base+00869h
  dw 00777h,base+03613h
  dw 00409h,base+03B43h
  dw 00877h,base+0351Bh
  dw 00409h,base+03B47h
  dw 00877h,base+03523h
  dw 0040Ah,base+03B4Bh
  dw 00776h,base+0361Ah
  dw 0040Dh,base+011FCh
  dw 00273h,base+0002Eh
  dw 00480h,base+00D3Bh
  dw 00480h,base+03B4Fh
  dw 0047Fh,base+03B53h
  dw 00580h,base+0395Ch
  dw 00580h,base+03961h
  dw 00580h,base+03966h
  dw 00581h,base+0396Bh
  dw 00400h,base+03B57h

ehondaPage0frame006:
  db 03Ah,04Ch,062h,03Bh
  db 080h
  db 065h,02Fh,02Bh,05Dh,036h
  db 000h,000h
  db 000h,000h
  dw 00280h,base+00076h
  dw 00480h,base+0024Fh
  dw 0047Eh,base+01C49h
  dw 00680h,base+03358h
  dw 00680h,base+031E9h
  dw 00681h,base+031F4h
  dw 0057Dh,base+0305Ah
  dw 0097Fh,base+0340Dh
  dw 00A7Eh,base+03340h
  dw 00C80h,base+03023h
  dw 00C7Fh,base+0302Fh
  dw 00C80h,base+0303Bh
  dw 00C7Fh,base+03047h
  dw 00D80h,base+02E68h
  dw 00D80h,base+02E75h
  dw 00E80h,base+02C3Ah
  dw 00F80h,base+02A9Bh
  dw 00F7Fh,base+02AAAh
  dw 01080h,base+028F7h
  dw 01080h,base+02907h
  dw 01180h,base+024D3h
  dw 0117Fh,base+024E4h
  dw 01280h,base+02153h
  dw 01280h,base+02165h
  dw 0127Fh,base+02177h
  dw 01380h,base+01EE6h
  dw 01380h,base+01EF9h
  dw 0137Fh,base+01F0Ch
  dw 01580h,base+017F3h
  dw 01580h,base+01808h
  dw 0157Fh,base+0181Dh
  dw 01680h,base+0145Fh
  dw 01680h,base+01475h
  dw 0167Fh,base+0148Bh
  dw 01880h,base+00F9Fh
  dw 01880h,base+00FB7h
  dw 01980h,base+00BF3h
  dw 01980h,base+00C0Ch
  dw 01980h,base+00C25h
  dw 01980h,base+00C3Eh
  dw 01980h,base+00C57h
  dw 01980h,base+00C70h
  dw 01A80h,base+007DFh
  dw 01A80h,base+007F9h
  dw 01A80h,base+00813h
  dw 01B80h,base+00599h
  dw 01C80h,base+002CFh
  dw 01617h,base+014A1h
  dw 00569h,base+01029h
  dw 01618h,base+014B7h
  dw 0056Ah,base+03970h
  dw 00203h,base+00000h
  dw 01113h,base+024F5h
  dw 0056Ah,base+03975h
  dw 00204h,base+00000h
  dw 00F12h,base+02AB9h
  dw 0056Ah,base+0397Ah
  dw 00204h,base+00000h
  dw 00F12h,base+02AC8h
  dw 0056Eh,base+02556h
  dw 00E13h,base+02C48h
  dw 0046Dh,base+03B5Bh
  dw 00D13h,base+02E82h
  dw 0036Dh,base+00189h
  dw 00D14h,base+02E8Fh
  dw 0026Dh,base+00AD3h
  dw 00B80h,base+031CEh
  dw 00B80h,base+031D9h
  dw 00A81h,base+0334Ah
  dw 00305h,base+0005Fh
  dw 0047Bh,base+031D5h
  dw 00305h,base+0005Fh
  dw 0047Bh,base+01E4Ah
  dw 00306h,base+03CCCh
  dw 0047Ah,base+03B5Fh
  dw 00306h,base+02275h
  dw 0047Ah,base+017C5h
  dw 00305h,base+00256h
  dw 0077Bh,base+0366Eh
  dw 00305h,base+0008Ah
  dw 0077Bh,base+03613h
  dw 00405h,base+0107Eh
  dw 0087Bh,base+0351Bh
  dw 00405h,base+00829h
  dw 0087Bh,base+03523h
  dw 00406h,base+03B63h
  dw 0077Ah,base+0361Ah
  dw 00409h,base+02B00h
  dw 00277h,base+0002Eh
  dw 00480h,base+00B7Ah
  dw 00580h,base+0397Fh
  dw 00580h,base+03984h
  dw 00580h,base+03989h
  dw 00480h,base+03B67h
  dw 00480h,base+03B6Bh
  dw 00480h,base+03B6Fh
  dw 00400h,base+03B73h

ehondaPage0frame007:
  db 036h,03Ch,066h,04Bh
  db 08Ah
  db 06Eh,027h,012h,064h,036h
  db 000h,000h
  db 000h,000h
  dw 00280h,base+00076h
  dw 0047Ch,base+0024Fh
  dw 0087Eh,base+0355Bh
  dw 00A7Fh,base+03354h
  dw 00B80h,base+031E4h
  dw 00B7Fh,base+031EFh
  dw 00C7Fh,base+03053h
  dw 00E7Dh,base+02C56h
  dw 0117Fh,base+02506h
  dw 01280h,base+02189h
  dw 0127Fh,base+0219Bh
  dw 01280h,base+021ADh
  dw 0127Fh,base+021BFh
  dw 01380h,base+01F1Fh
  dw 01480h,base+01B59h
  dw 0147Fh,base+01B6Dh
  dw 01580h,base+01832h
  dw 01580h,base+01847h
  dw 0167Fh,base+014CDh
  dw 01880h,base+00FCFh
  dw 01880h,base+00FE7h
  dw 01980h,base+00C89h
  dw 01980h,base+00CA2h
  dw 01980h,base+00CBBh
  dw 0197Fh,base+00CD4h
  dw 01A80h,base+0082Dh
  dw 01A80h,base+00847h
  dw 01980h,base+00CEDh
  dw 01982h,base+00D06h
  dw 01780h,base+011A5h
  dw 01780h,base+011BCh
  dw 01780h,base+011D3h
  dw 01780h,base+011EAh
  dw 01680h,base+014E3h
  dw 01680h,base+014F9h
  dw 01780h,base+01201h
  dw 01880h,base+00FFFh
  dw 01112h,base+02517h
  dw 0066Eh,base+037D6h
  dw 01012h,base+02917h
  dw 0076Eh,base+00D7Ch
  dw 01012h,base+02927h
  dw 0076Eh,base+03675h
  dw 00F12h,base+02AD7h
  dw 0076Eh,base+0367Ch
  dw 00F12h,base+02AE6h
  dw 0076Eh,base+03683h
  dw 00506h,base+0398Eh
  dw 0090Bh,base+03416h
  dw 0086Fh,base+03563h
  dw 00406h,base+0239Fh
  dw 0090Bh,base+0341Fh
  dw 00304h,base+00156h
  dw 0036Bh,base+03CCFh
  dw 00406h,base+03B77h
  dw 0080Bh,base+0356Bh
  dw 00305h,base+01732h
  dw 0026Ah,base+000DAh
  dw 00307h,base+0107Fh
  dw 0070Ah,base+0368Ah
  dw 0046Fh,base+03B7Bh
  dw 00307h,base+0001Dh
  dw 00709h,base+03691h
  dw 00670h,base+037DCh
  dw 00207h,base+0001Dh
  dw 00609h,base+01F9Eh
  dw 0076Fh,base+03698h
  dw 00309h,base+00528h
  dw 00304h,base+0068Bh
  dw 00104h,base+00000h
  dw 0086Fh,base+03573h
  dw 0030Ah,base+03017h
  dw 00103h,base+00000h
  dw 00104h,base+00000h
  dw 0086Fh,base+0357Bh
  dw 0030Ah,base+018ADh
  dw 00108h,base+00000h
  dw 0076Eh,base+0369Fh
  dw 00415h,base+03B1Fh
  dw 0026Bh,base+0002Fh
  dw 0047Fh,base+03B7Fh
  dw 00580h,base+017F4h
  dw 00580h,base+03984h
  dw 00480h,base+03B83h
  dw 00480h,base+03B87h
  dw 00480h,base+03B8Bh
  dw 00481h,base+03B8Fh
  dw 00200h,base+000DEh

ehondaPage0frame008:
  db 036h,050h,062h,035h
  db 084h
  db 063h,02Fh,025h,05Dh,032h
  db 000h,000h
  db 000h,000h
  dw 00180h,base+00000h
  dw 0017Fh,base+00184h
  dw 00480h,base+005A5h
  dw 0057Fh,base+038C6h
  dw 00580h,base+038CBh
  dw 00680h,base+033E3h
  dw 00680h,base+031B2h
  dw 0067Dh,base+02FC9h
  dw 0097Fh,base+03428h
  dw 00A7Fh,base+0335Eh
  dw 00B7Fh,base+031FAh
  dw 00C80h,base+0305Fh
  dw 00C7Fh,base+0306Bh
  dw 00D80h,base+02E9Ch
  dw 00D80h,base+02EA9h
  dw 00D7Dh,base+02EB6h
  dw 0117Fh,base+02528h
  dw 01280h,base+021D1h
  dw 0127Fh,base+021E3h
  dw 01380h,base+01F32h
  dw 0137Fh,base+01F45h
  dw 01480h,base+01B81h
  dw 01480h,base+01B95h
  dw 01480h,base+01BA9h
  dw 01480h,base+01BBDh
  dw 0147Fh,base+01BD1h
  dw 01580h,base+0185Ch
  dw 01580h,base+01871h
  dw 01580h,base+01886h
  dw 01580h,base+0189Bh
  dw 01580h,base+018B0h
  dw 01580h,base+018C5h
  dw 0167Fh,base+0150Fh
  dw 01780h,base+01218h
  dw 01780h,base+0122Fh
  dw 01780h,base+01246h
  dw 01880h,base+01017h
  dw 01880h,base+0102Fh
  dw 01880h,base+01047h
  dw 01980h,base+00D1Fh
  dw 01A80h,base+00861h
  dw 01A80h,base+0087Bh
  dw 01B80h,base+005B4h
  dw 01B80h,base+005CFh
  dw 01B82h,base+005EAh
  dw 01980h,base+00D38h
  dw 01980h,base+00D51h
  dw 00C0Dh,base+03077h
  dw 00B74h,base+03205h
  dw 00B0Ch,base+03210h
  dw 00B74h,base+0321Bh
  dw 00B0Ch,base+03226h
  dw 00809h,base+03583h
  dw 0016Ch,base+00000h
  dw 00607h,base+037E2h
  dw 00305h,base+000DBh
  dw 00773h,base+036A6h
  dw 00709h,base+036ADh
  dw 00204h,base+00000h
  dw 00773h,base+036B4h
  dw 0070Ch,base+036BBh
  dw 00874h,base+0358Bh
  dw 0060Ch,base+037E8h
  dw 00874h,base+03593h
  dw 0060Ch,base+037EEh
  dw 00874h,base+0359Bh
  dw 0060Ch,base+037F4h
  dw 00774h,base+036C2h
  dw 0060Bh,base+037FAh
  dw 00876h,base+035A3h
  dw 00509h,base+03993h
  dw 00877h,base+035ABh
  dw 00408h,base+039BBh
  dw 00878h,base+035B3h
  dw 00408h,base+03B93h
  dw 00678h,base+03800h
  dw 00408h,base+018C1h
  dw 00579h,base+03998h
  dw 00307h,base+00B53h
  dw 00579h,base+0399Dh
  dw 00207h,base+000ABh
  dw 00478h,base+03615h
  dw 00308h,base+03957h
  dw 00478h,base+03B97h
  dw 00308h,base+00FFAh
  dw 00478h,base+01145h
  dw 00309h,base+03CD2h
  dw 00376h,base+003D5h
  dw 0040Ah,base+010E9h
  dw 00376h,base+00371h
  dw 0040Ah,base+03B9Bh
  dw 00276h,base+000ABh
  dw 0040Ah,base+03B9Fh
  dw 00276h,base+0078Ch
  dw 0040Ah,base+03BA3h
  dw 00276h,base+0001Dh
  dw 0040Ah,base+03BA7h
  dw 00276h,base+0001Dh
  dw 0040Ah,base+00F22h
  dw 00276h,base+00A93h
  dw 0040Ah,base+03BABh
  dw 00276h,base+00AC3h
  dw 0040Ah,base+03BABh
  dw 00276h,base+00039h
  dw 0040Bh,base+033D2h
  dw 00275h,base+00E86h
  dw 0040Bh,base+0105Bh
  dw 00275h,base+000FFh
  dw 0040Ch,base+0105Bh
  dw 00174h,base+0001Fh
  dw 00480h,base+03BAFh
  dw 00480h,base+03BB3h
  dw 00400h,base+03BB7h

ehondaPage0frame009:
  db 036h,037h,060h,03Ah
  db 084h
  db 060h,02Fh,021h,05Ah,032h
  db 000h,000h
  db 000h,000h
  dw 00280h,base+00076h
  dw 0047Ch,base+0024Fh
  dw 0087Eh,base+0355Bh
  dw 00A7Fh,base+03354h
  dw 00B80h,base+031E4h
  dw 00B7Fh,base+031EFh
  dw 00C7Fh,base+03053h
  dw 00E7Dh,base+02C56h
  dw 0117Fh,base+02506h
  dw 01280h,base+02189h
  dw 0127Fh,base+0219Bh
  dw 01280h,base+021ADh
  dw 0127Fh,base+021BFh
  dw 01380h,base+01F1Fh
  dw 01480h,base+01B59h
  dw 0147Fh,base+01BE5h
  dw 01580h,base+018DAh
  dw 01580h,base+018EFh
  dw 01580h,base+01904h
  dw 0157Fh,base+01919h
  dw 01680h,base+01525h
  dw 01680h,base+0153Bh
  dw 01680h,base+01551h
  dw 0157Fh,base+0192Eh
  dw 01680h,base+01567h
  dw 01680h,base+0157Dh
  dw 01680h,base+01593h
  dw 01681h,base+015A9h
  dw 01681h,base+015BFh
  dw 01580h,base+01943h
  dw 01580h,base+01958h
  dw 01580h,base+0196Dh
  dw 01581h,base+01982h
  dw 01580h,base+01997h
  dw 0090Ah,base+03431h
  dw 00B75h,base+03231h
  dw 01780h,base+0125Dh
  dw 01880h,base+0105Fh
  dw 01880h,base+01077h
  dw 01980h,base+00D6Ah
  dw 01980h,base+00D83h
  dw 00708h,base+036C9h
  dw 01178h,base+02539h
  dw 00608h,base+03806h
  dw 01178h,base+0254Ah
  dw 00608h,base+0380Ch
  dw 01178h,base+0255Bh
  dw 00608h,base+03812h
  dw 00406h,base+03421h
  dw 00607h,base+03818h
  dw 0036Bh,base+03CCFh
  dw 00509h,base+039A2h
  dw 00306h,base+0356Eh
  dw 00407h,base+007D0h
  dw 0026Ah,base+000DAh
  dw 00409h,base+03BBBh
  dw 00307h,base+0368Ch
  dw 00270h,base+0002Fh
  dw 00409h,base+006E6h
  dw 00377h,base+03693h
  dw 00409h,base+03BBFh
  dw 00377h,base+00172h
  dw 00309h,base+0009Ah
  dw 00277h,base+00005h
  dw 00309h,base+00A3Ch
  dw 00277h,base+0009Ah
  dw 00309h,base+009BCh
  dw 00277h,base+0006Dh
  dw 00409h,base+03BC3h
  dw 00277h,base+0000Ch
  dw 0040Ah,base+03BC7h
  dw 00176h,base+00005h
  dw 0040Ah,base+03BCBh
  dw 00177h,base+00005h
  dw 00300h,base+00F53h

ehondaPage0frame010:
  db 046h,07Bh,064h,00Bh
  db 09Ah
  db 06Eh,038h,043h,05Ch,03Ch
  db 000h,000h
  db 000h,000h
  dw 0017Fh,base+00012h
  dw 00380h,base+03CD5h
  dw 00380h,base+03965h
  dw 00380h,base+03CD8h
  dw 00280h,base+03D2Ch
  dw 00280h,base+0243Dh
  dw 0027Fh,base+02A39h
  dw 00480h,base+03BCFh
  dw 00480h,base+03BD3h
  dw 00480h,base+03BD7h
  dw 00480h,base+03BDBh
  dw 00480h,base+03BDFh
  dw 00307h,base+00968h
  dw 00179h,base+0001Fh
  dw 00307h,base+006D8h
  dw 00178h,base+00012h
  dw 00408h,base+03B43h
  dw 00278h,base+001D0h
  dw 00307h,base+03CDBh
  dw 00378h,base+03CDEh
  dw 00408h,base+03BE3h
  dw 00378h,base+03CE1h
  dw 00308h,base+012BEh
  dw 00477h,base+03BE7h
  dw 00409h,base+03BEBh
  dw 00377h,base+03CE4h
  dw 00409h,base+03BEFh
  dw 00377h,base+03CE7h
  dw 00409h,base+03BF3h
  dw 00377h,base+03BFBh
  dw 00409h,base+03BF7h
  dw 00477h,base+03BFBh
  dw 00409h,base+03BFFh
  dw 00476h,base+03C03h
  dw 0050Bh,base+010DAh
  dw 00375h,base+03CEAh
  dw 0050Bh,base+039A7h
  dw 00375h,base+03CEAh
  dw 0040Bh,base+039B1h
  dw 00374h,base+0107Fh
  dw 0050Bh,base+039ACh
  dw 00375h,base+03C5Bh
  dw 0050Bh,base+039B1h
  dw 00375h,base+00026h
  dw 0050Ah,base+039B6h
  dw 00475h,base+03C07h
  dw 0070Ah,base+036D0h
  dw 00575h,base+039BBh
  dw 0090Bh,base+0343Ah
  dw 00475h,base+03C0Bh
  dw 0090Ah,base+03443h
  dw 00576h,base+039C0h
  dw 0090Ah,base+0344Ch
  dw 00575h,base+00F44h
  dw 0090Bh,base+03455h
  dw 00575h,base+039C5h
  dw 0090Ah,base+0345Eh
  dw 00676h,base+0381Eh
  dw 00F80h,base+02AF5h
  dw 00F80h,base+02B04h
  dw 00F7Fh,base+02B13h
  dw 00F80h,base+02B22h
  dw 00F80h,base+02B31h
  dw 00E7Fh,base+02C64h
  dw 00F80h,base+02B40h
  dw 00E80h,base+02C72h
  dw 00E80h,base+02C80h
  dw 00E7Fh,base+02C8Eh
  dw 00E80h,base+02C9Ch
  dw 00E80h,base+02CAAh
  dw 00E7Fh,base+02CB8h
  dw 00E80h,base+02CC6h
  dw 00E7Fh,base+02CD4h
  dw 00E80h,base+02CE2h
  dw 00D80h,base+02EC3h
  dw 00D7Bh,base+02ED0h
  dw 00405h,base+00090h
  dw 00D7Bh,base+02EDDh
  dw 01180h,base+0256Ch
  dw 01180h,base+0257Dh
  dw 0117Fh,base+0258Eh
  dw 0117Fh,base+0259Fh
  dw 0127Eh,base+021F5h
  dw 01480h,base+01BF9h
  dw 01480h,base+01C0Dh
  dw 01480h,base+01C21h
  dw 01480h,base+01C35h
  dw 01480h,base+01C49h
  dw 01480h,base+01C5Dh
  dw 01415h,base+01C71h
  dw 0016Bh,base+00000h
  dw 01680h,base+015D5h
  dw 01680h,base+015EBh
  dw 01680h,base+01601h
  dw 01680h,base+01617h
  dw 01681h,base+0162Dh
  dw 01580h,base+019ACh
  dw 01680h,base+01643h
  dw 01781h,base+01274h
  dw 01680h,base+01659h
  dw 01680h,base+0166Fh
  dw 01680h,base+01685h
  dw 01681h,base+0169Bh
  dw 01581h,base+019C1h
  dw 01480h,base+01C85h
  dw 01481h,base+01C99h
  dw 01380h,base+01F58h
  dw 0137Fh,base+01F6Bh
  dw 01480h,base+01CADh
  dw 01480h,base+01CC1h
  dw 01480h,base+01CD5h
  dw 0070Bh,base+036D7h
  dw 00875h,base+035BBh
  dw 0060Dh,base+03824h
  dw 00673h,base+018A7h
  dw 0060Ch,base+0382Ah
  dw 00773h,base+036DEh
  dw 0070Dh,base+036E5h
  dw 00772h,base+036ECh
  dw 0080Eh,base+035C3h
  dw 00672h,base+03830h
  dw 0070Eh,base+036F3h
  dw 00671h,base+03836h
  dw 0070Fh,base+036FAh
  dw 00670h,base+0383Ch
  dw 00810h,base+035CBh
  dw 00570h,base+039CAh
  dw 00810h,base+035D3h
  dw 00570h,base+039CFh
  dw 00810h,base+035DBh
  dw 00570h,base+039D4h
  dw 00710h,base+03701h
  dw 00570h,base+039D9h
  dw 0070Fh,base+03708h
  dw 00571h,base+039DEh
  dw 0060Eh,base+03842h
  dw 00672h,base+03848h
  dw 0060Dh,base+0384Eh
  dw 00673h,base+03854h
  dw 0050Dh,base+039E3h
  dw 00673h,base+0385Ah
  dw 0050Dh,base+039E8h
  dw 00573h,base+039EDh
  dw 0050Dh,base+025D1h
  dw 00572h,base+039F2h
  dw 0060Eh,base+03860h
  dw 00471h,base+03C0Fh
  dw 0060Fh,base+03866h
  dw 00471h,base+0123Ah
  dw 0060Fh,base+0386Ch
  dw 00470h,base+03C13h
  dw 00610h,base+03872h
  dw 00370h,base+00026h
  dw 0060Fh,base+03878h
  dw 00471h,base+00F50h
  dw 0050Fh,base+039F7h
  dw 00371h,base+002E8h
  dw 0050Fh,base+039FCh
  dw 00372h,base+03C08h
  dw 0030Eh,base+00050h
  dw 00272h,base+000ABh
  dw 0030Eh,base+0030Fh
  dw 00271h,base+008B2h
  dw 0040Fh,base+03C17h
  dw 00171h,base+00027h
  dw 0040Fh,base+03C1Bh
  dw 00171h,base+0001Fh
  dw 0030Fh,base+03CEDh
  dw 00171h,base+00007h
  dw 00380h,base+03CEDh
  dw 00380h,base+0060Ch
  dw 00380h,base+002BAh
  dw 00380h,base+03CF0h
  dw 00380h,base+03CF0h
  dw 00380h,base+02815h
  dw 00381h,base+03CF3h
  dw 00200h,base+0002Fh

ehondaPage0frame011:
  db 03Ch,041h,062h,026h
  db 076h
  db 065h,039h,022h,05Fh,03Dh
  db 000h,000h
  db 000h,000h
  dw 00180h,base+00000h
  dw 00180h,base+00000h
  dw 00203h,base+000D3h
  dw 0017Ch,base+00000h
  dw 00304h,base+000F3h
  dw 0037Ch,base+000DBh
  dw 00304h,base+0042Fh
  dw 0037Ch,base+000DBh
  dw 00780h,base+010A8h
  dw 0077Ah,base+0370Fh
  dw 00106h,base+00028h
  dw 00779h,base+03716h
  dw 00207h,base+00E86h
  dw 00879h,base+035E3h
  dw 00206h,base+03CD8h
  dw 0097Ah,base+03467h
  dw 00306h,base+03CF6h
  dw 00A7Ah,base+03368h
  dw 00305h,base+00374h
  dw 00B7Bh,base+0323Ch
  dw 00305h,base+01A8Eh
  dw 00B7Bh,base+03247h
  dw 00306h,base+01898h
  dw 00A7Ah,base+03372h
  dw 00506h,base+03A01h
  dw 00E7Ah,base+02CF0h
  dw 00507h,base+036D0h
  dw 00F79h,base+02B4Fh
  dw 00507h,base+03A06h
  dw 01079h,base+02937h
  dw 00507h,base+03A0Bh
  dw 0107Ah,base+02947h
  dw 00406h,base+03C1Fh
  dw 0117Ah,base+025B0h
  dw 00406h,base+03C23h
  dw 0117Ah,base+025C1h
  dw 00406h,base+03C27h
  dw 0127Ah,base+02207h
  dw 00405h,base+03C2Bh
  dw 0147Bh,base+01CE9h
  dw 00405h,base+03C2Fh
  dw 0147Bh,base+01CFDh
  dw 01A80h,base+00895h
  dw 01A81h,base+008AFh
  dw 01980h,base+00D9Ch
  dw 01A80h,base+008C9h
  dw 01A80h,base+008E3h
  dw 01A80h,base+008FDh
  dw 01A80h,base+00917h
  dw 01A80h,base+00931h
  dw 01A81h,base+0094Bh
  dw 01980h,base+00DB5h
  dw 0197Bh,base+00DCEh
  dw 00305h,base+006A1h
  dw 0197Bh,base+00DE7h
  dw 01E80h,base+00179h
  dw 01D80h,base+001B4h
  dw 01D81h,base+001D1h
  dw 01C80h,base+002EBh
  dw 01C81h,base+00307h
  dw 01B80h,base+00605h
  dw 01B81h,base+00620h
  dw 01B81h,base+0063Bh
  dw 01A80h,base+00965h
  dw 01A81h,base+0097Fh
  dw 01980h,base+00E00h
  dw 01213h,base+02219h
  dw 0066Eh,base+0387Eh
  dw 01012h,base+02957h
  dw 0066Fh,base+03884h
  dw 00F11h,base+02B5Eh
  dw 0056Fh,base+03A10h
  dw 00E12h,base+02CFEh
  dw 0056Fh,base+03A15h
  dw 00C11h,base+03083h
  dw 00570h,base+03A1Ah
  dw 00B11h,base+03252h
  dw 00203h,base+0164Bh
  dw 0016Ch,base+00000h
  dw 00B11h,base+0325Dh
  dw 00170h,base+00000h
  dw 00980h,base+03470h
  dw 00981h,base+03479h
  dw 00780h,base+0371Dh
  dw 00680h,base+0388Ah
  dw 00580h,base+03A1Fh
  dw 00480h,base+03C33h
  dw 00480h,base+02CCCh
  dw 00480h,base+03C37h
  dw 00481h,base+03C3Bh
  dw 00281h,base+03D2Eh
  dw 0017Fh,base+0002Ch
  dw 00200h,base+00453h

ehondaPage0frame012:
  db 030h,044h,06Ah,025h
  db 07Ch
  db 067h,031h,021h,061h,035h
  db 000h,000h
  db 000h,000h
  dw 00280h,base+007F2h
  dw 00280h,base+0236Eh
  dw 0037Fh,base+00264h
  dw 00480h,base+03C3Fh
  dw 0047Fh,base+02C4Bh
  dw 00580h,base+03A24h
  dw 00580h,base+03A29h
  dw 00580h,base+03A2Eh
  dw 0057Fh,base+03A33h
  dw 0060Ch,base+03890h
  dw 00274h,base+00000h
  dw 0050Ch,base+0224Fh
  dw 00374h,base+000DBh
  dw 0050Bh,base+03A38h
  dw 00475h,base+006ECh
  dw 00507h,base+03A3Dh
  dw 00204h,base+000D3h
  dw 00574h,base+01A25h
  dw 00608h,base+03896h
  dw 00204h,base+002A2h
  dw 00574h,base+0068Bh
  dw 00708h,base+03724h
  dw 00978h,base+03482h
  dw 0127Fh,base+0222Bh
  dw 01380h,base+01F7Eh
  dw 01380h,base+01F91h
  dw 01280h,base+0223Dh
  dw 01280h,base+0224Fh
  dw 0117Fh,base+025D2h
  dw 01380h,base+01FA4h
  dw 01380h,base+01FB7h
  dw 0147Fh,base+01D11h
  dw 01580h,base+019D6h
  dw 0167Fh,base+016B1h
  dw 0167Fh,base+016C7h
  dw 01680h,base+016DDh
  dw 01680h,base+016F3h
  dw 01681h,base+01709h
  dw 01580h,base+019EBh
  dw 01580h,base+01A00h
  dw 01314h,base+01FCAh
  dw 0016Dh,base+00000h
  dw 01180h,base+025E3h
  dw 01180h,base+025F4h
  dw 01180h,base+02605h
  dw 01180h,base+02616h
  dw 01180h,base+02627h
  dw 01180h,base+02638h
  dw 01181h,base+02649h
  dw 01080h,base+02967h
  dw 01080h,base+02977h
  dw 01080h,base+02987h
  dw 01081h,base+02997h
  dw 00F80h,base+02B6Dh
  dw 00F80h,base+02B7Ch
  dw 00F81h,base+02B8Bh
  dw 00E80h,base+02D0Ch
  dw 00D81h,base+02EEAh
  dw 00C80h,base+0308Fh
  dw 00C81h,base+0309Bh
  dw 00B7Fh,base+03268h
  dw 00C7Fh,base+030A7h
  dw 00D80h,base+02EF7h
  dw 00D80h,base+02F04h
  dw 00C80h,base+030B3h
  dw 00C80h,base+030BFh
  dw 00C80h,base+030CBh
  dw 00C7Fh,base+030D7h
  dw 00C80h,base+030E3h
  dw 00C80h,base+030EFh
  dw 00B81h,base+03273h
  dw 00980h,base+0348Bh
  dw 00405h,base+03C43h
  dw 0037Bh,base+0002Fh
  dw 00480h,base+00000h
  dw 00480h,base+01504h
  dw 00203h,base+00000h
  dw 0017Eh,base+00000h
  dw 00100h,base+00000h

ehondaPage0frame013:
  db 042h,04Bh,064h,01Fh
  db 088h
  db 06Ch,039h,021h,061h,03Dh
  db 000h,000h
  db 000h,000h
  dw 00381h,base+01F35h
  dw 00280h,base+0001Eh
  dw 00280h,base+001D0h
  dw 00380h,base+00400h
  dw 00380h,base+0070Ch
  dw 00380h,base+03CF9h
  dw 00380h,base+03CFCh
  dw 0037Ch,base+02436h
  dw 00104h,base+00020h
  dw 0047Ch,base+03C47h
  dw 00104h,base+00019h
  dw 0047Ch,base+021C2h
  dw 00104h,base+00012h
  dw 0057Dh,base+03A42h
  dw 00103h,base+00008h
  dw 0050Ch,base+03A47h
  dw 00170h,base+00007h
  dw 00910h,base+03494h
  dw 0016Fh,base+0002Ch
  dw 00A11h,base+0337Ch
  dw 0016Fh,base+00020h
  dw 00A11h,base+03386h
  dw 0016Fh,base+0001Fh
  dw 00911h,base+0349Dh
  dw 0016Fh,base+00008h
  dw 00910h,base+034A6h
  dw 0036Fh,base+015BDh
  dw 00811h,base+035EBh
  dw 0036Fh,base+03CFFh
  dw 00811h,base+035F3h
  dw 0036Eh,base+00479h
  dw 00912h,base+034AFh
  dw 0036Eh,base+02DDFh
  dw 00912h,base+034B8h
  dw 0036Eh,base+03D02h
  dw 00911h,base+034C1h
  dw 0046Fh,base+03C4Bh
  dw 00B11h,base+0327Eh
  dw 0036Fh,base+019EEh
  dw 00C11h,base+030FBh
  dw 0036Fh,base+010C4h
  dw 01480h,base+01D25h
  dw 00608h,base+0389Ch
  dw 00C78h,base+03107h
  dw 00607h,base+038A2h
  dw 00E78h,base+02D1Ah
  dw 00708h,base+0372Bh
  dw 00E78h,base+02D28h
  dw 00708h,base+03732h
  dw 00E78h,base+02D36h
  dw 00708h,base+03739h
  dw 00E78h,base+02D44h
  dw 0167Fh,base+0171Fh
  dw 01314h,base+01FDDh
  dw 0036Ch,base+00982h
  dw 01215h,base+02261h
  dw 0016Bh,base+0001Fh
  dw 01280h,base+02273h
  dw 0117Fh,base+0265Ah
  dw 0117Fh,base+0266Bh
  dw 0107Bh,base+029A7h
  dw 00105h,base+00000h
  dw 0117Ah,base+0267Ch
  dw 00406h,base+001BFh
  dw 0127Ah,base+02285h
  dw 00405h,base+03C4Fh
  dw 0137Bh,base+01FF0h
  dw 01980h,base+00E19h
  dw 01980h,base+00E32h
  dw 01A7Fh,base+00999h
  dw 01B7Fh,base+00656h
  dw 01C80h,base+00323h
  dw 01C81h,base+0033Fh
  dw 00102h,base+00000h
  dw 0197Eh,base+00E4Bh
  dw 01B82h,base+00671h
  dw 01980h,base+00E64h
  dw 01980h,base+00E7Dh
  dw 0197Fh,base+00E96h
  dw 01A81h,base+009B3h
  dw 00102h,base+00000h
  dw 01780h,base+0128Bh
  dw 01780h,base+012A2h
  dw 01780h,base+012B9h
  dw 01781h,base+012D0h
  dw 01580h,base+01A15h
  dw 01580h,base+01A2Ah
  dw 01481h,base+01D39h
  dw 01380h,base+02003h
  dw 01381h,base+02016h
  dw 01180h,base+0268Dh
  dw 01181h,base+0269Eh
  dw 01082h,base+029B7h
  dw 00E81h,base+02D52h
  dw 00C85h,base+03113h
  dw 00780h,base+03740h
  dw 00781h,base+03747h
  dw 00580h,base+03A4Ch
  dw 00481h,base+03C53h
  dw 00380h,base+0024Fh
  dw 00280h,base+00000h
  dw 00281h,base+00000h
  dw 00180h,base+00000h
  dw 00100h,base+00000h

ehondaPage0frame014:
  db 042h,052h,060h,01Eh
  db 07Ah
  db 063h,021h,019h,05Fh,03Dh
  db 000h,000h
  db 000h,000h
  dw 0017Ah,base+00008h
  dw 00105h,base+00005h
  dw 0037Bh,base+03D05h
  dw 00105h,base+00008h
  dw 00378h,base+0332Bh
  dw 00103h,base+00005h
  dw 00105h,base+00069h
  dw 00378h,base+03D08h
  dw 00103h,base+00008h
  dw 00105h,base+00011h
  dw 00277h,base+0005Dh
  dw 00102h,base+0001Fh
  dw 00307h,base+03D0Bh
  dw 00377h,base+03D0Eh
  dw 00509h,base+03A51h
  dw 00377h,base+03D11h
  dw 00509h,base+03A56h
  dw 00378h,base+03D14h
  dw 00508h,base+03A5Bh
  dw 00378h,base+03D17h
  dw 00508h,base+03A60h
  dw 00478h,base+03C57h
  dw 00508h,base+03A65h
  dw 00477h,base+03C5Bh
  dw 0060Ah,base+038A8h
  dw 00377h,base+02CA2h
  dw 00509h,base+03A6Ah
  dw 00378h,base+002CBh
  dw 00408h,base+03C5Fh
  dw 00379h,base+0028Eh
  dw 00307h,base+00256h
  dw 00279h,base+00012h
  dw 00306h,base+0008Ah
  dw 0037Ah,base+00385h
  dw 00406h,base+03C63h
  dw 0037Ah,base+00385h
  dw 00406h,base+03C67h
  dw 0037Ah,base+00EC4h
  dw 00405h,base+03C6Bh
  dw 0047Bh,base+03C6Fh
  dw 00405h,base+03C73h
  dw 0047Bh,base+00F50h
  dw 0097Eh,base+034CAh
  dw 00102h,base+00000h
  dw 0097Eh,base+034D3h
  dw 00A7Dh,base+03390h
  dw 00102h,base+00000h
  dw 00B7Eh,base+03289h
  dw 00D80h,base+02F11h
  dw 00D81h,base+02F1Eh
  dw 00C7Fh,base+0311Fh
  dw 00D80h,base+02F2Bh
  dw 00D80h,base+02F38h
  dw 00C80h,base+0312Bh
  dw 00C7Fh,base+03137h
  dw 00D81h,base+02F45h
  dw 00C0Eh,base+03143h
  dw 00172h,base+00000h
  dw 00B0Eh,base+03294h
  dw 00173h,base+00034h
  dw 00A0Dh,base+0339Ah
  dw 00104h,base+00034h
  dw 0010Ah,base+0001Fh
  dw 00165h,base+0004Ch
  dw 00A0Ch,base+033A4h
  dw 00304h,base+001A6h
  dw 0030Bh,base+00031h
  dw 00165h,base+0004Ch
  dw 0090Ch,base+034DCh
  dw 00304h,base+0042Fh
  dw 0030Ah,base+0017Ah
  dw 00366h,base+03D1Ah
  dw 0090Ch,base+034E5h
  dw 0080Eh,base+035FBh
  dw 00366h,base+03D1Dh
  dw 0090Bh,base+034EEh
  dw 00A0Fh,base+033AEh
  dw 00366h,base+03D20h
  dw 0090Ah,base+034F7h
  dw 00C10h,base+0314Fh
  dw 00366h,base+0078Ch
  dw 0171Ah,base+012E7h
  dw 00366h,base+007A6h
  dw 01819h,base+0108Fh
  dw 00467h,base+03C77h
  dw 01D80h,base+001EEh
  dw 01C80h,base+0035Bh
  dw 01C80h,base+00377h
  dw 01C80h,base+00393h
  dw 01C80h,base+003AFh
  dw 01C80h,base+003CBh
  dw 01C80h,base+003E7h
  dw 01C80h,base+00403h
  dw 01314h,base+02029h
  dw 00204h,base+003F5h
  dw 00468h,base+03C7Bh
  dw 01219h,base+02297h
  dw 00267h,base+0002Fh
  dw 01219h,base+022A9h
  dw 00268h,base+003F5h
  dw 01180h,base+026AFh
  dw 01180h,base+026C0h
  dw 01180h,base+026D1h
  dw 01481h,base+01D4Dh
  dw 01380h,base+0203Ch
  dw 01480h,base+01D61h
  dw 01480h,base+01D75h
  dw 01481h,base+01D89h
  dw 01480h,base+01D9Dh
  dw 01481h,base+01DB1h
  dw 01480h,base+01DC5h
  dw 01481h,base+01DD9h
  dw 0137Fh,base+0204Fh
  dw 0157Fh,base+01A3Fh
  dw 0167Fh,base+01735h
  dw 0171Ch,base+012FEh
  dw 00164h,base+0001Fh
  dw 0181Ch,base+010A7h
  dw 00163h,base+00012h
  dw 00103h,base+00000h
  dw 01B81h,base+0068Ch
  dw 00D0Fh,base+02F52h
  dw 00B71h,base+0329Fh
  dw 00C0Fh,base+0315Bh
  dw 00B71h,base+032AAh
  dw 00B0Fh,base+032B5h
  dw 00B71h,base+032C0h
  dw 00B10h,base+032CBh
  dw 00A70h,base+033B8h
  dw 00B11h,base+032D6h
  dw 0086Fh,base+03603h
  dw 00607h,base+038AEh
  dw 0030Dh,base+03D23h
  dw 0056Dh,base+03A6Fh
  dw 00507h,base+03A74h
  dw 0020Ch,base+00001h
  dw 0046Dh,base+03ADFh
  dw 00507h,base+03A79h
  dw 0020Ch,base+00298h
  dw 0036Eh,base+018ADh
  dw 00306h,base+00BD0h
  dw 0010Ch,base+00037h
  dw 0036Eh,base+00965h
  dw 00306h,base+00055h
  dw 0010Ch,base+00037h
  dw 0036Fh,base+03D26h
  dw 00112h,base+00000h
  dw 00100h,base+0001Fh

ehondaPage0frame015:
  db 03Ch,044h,07Eh,041h
  db 0A2h
  db 07Fh,039h,022h,074h,03Dh
  db 000h,000h
  db 000h,000h
  dw 0027Fh,base+0002Fh
  dw 0047Fh,base+011DDh
  dw 0057Fh,base+03A7Eh
  dw 0077Fh,base+0374Eh
  dw 00980h,base+03500h
  dw 0097Fh,base+03509h
  dw 00B80h,base+032E1h
  dw 00B7Fh,base+032ECh
  dw 00C80h,base+03167h
  dw 00D7Fh,base+02F5Fh
  dw 00F80h,base+02B9Ah
  dw 00F7Fh,base+02BA9h
  dw 0107Fh,base+029C7h
  dw 01280h,base+022BBh
  dw 01280h,base+022CDh
  dw 0127Fh,base+022DFh
  dw 01380h,base+02062h
  dw 01480h,base+01DEDh
  dw 0147Fh,base+01E01h
  dw 01580h,base+01A54h
  dw 00E0Fh,base+02D60h
  dw 00670h,base+038B4h
  dw 00F11h,base+02BB8h
  dw 0066Fh,base+038BAh
  dw 00F12h,base+02BC7h
  dw 0056Eh,base+03A83h
  dw 00F13h,base+02BD6h
  dw 0056Dh,base+03A88h
  dw 00F14h,base+02BE5h
  dw 0046Bh,base+03C7Fh
  dw 01014h,base+029D7h
  dw 0056Ch,base+03A8Dh
  dw 01114h,base+026E2h
  dw 0056Ch,base+03A92h
  dw 01114h,base+026F3h
  dw 0056Ch,base+03A97h
  dw 01114h,base+02704h
  dw 0056Ch,base+03A9Ch
  dw 01114h,base+02715h
  dw 0056Ch,base+03AA1h
  dw 01115h,base+02726h
  dw 0046Bh,base+03C83h
  dw 01215h,base+022F1h
  dw 0036Ah,base+03CDFh
  dw 01316h,base+02075h
  dw 0036Ah,base+01E71h
  dw 01380h,base+02088h
  dw 01380h,base+0209Bh
  dw 01381h,base+020AEh
  dw 01280h,base+02303h
  dw 01280h,base+02315h
  dw 01280h,base+02327h
  dw 01281h,base+02339h
  dw 01280h,base+0234Bh
  dw 01380h,base+020C1h
  dw 01380h,base+020D4h
  dw 00E0Fh,base+02D6Eh
  dw 00571h,base+00099h
  dw 00E0Fh,base+02D7Ch
  dw 00571h,base+03AA6h
  dw 00D0Fh,base+02F6Ch
  dw 00571h,base+03AABh
  dw 00D0Fh,base+02F79h
  dw 00570h,base+03AB0h
  dw 00E11h,base+02D8Ah
  dw 0046Fh,base+03C87h
  dw 00D11h,base+02F86h
  dw 0046Fh,base+03C8Bh
  dw 00809h,base+0360Bh
  dw 00408h,base+03670h
  dw 0046Bh,base+03C8Fh
  dw 00103h,base+0001Fh
  dw 0090Ah,base+03512h
  dw 00308h,base+000F6h
  dw 0046Ah,base+03C93h
  dw 00C0Dh,base+03173h
  dw 00409h,base+01D2Dh
  dw 0046Ah,base+03C97h
  dw 00C0Dh,base+0317Fh
  dw 00409h,base+03C9Bh
  dw 0046Ah,base+03493h
  dw 00C0Dh,base+0318Bh
  dw 00409h,base+03C9Fh
  dw 0036Ah,base+03D29h
  dw 00B0Ch,base+032F7h
  dw 00574h,base+03AB5h
  dw 00B0Ch,base+03302h
  dw 00674h,base+038C0h
  dw 00B0Ch,base+0330Dh
  dw 00774h,base+03755h
  dw 00A0Ch,base+033C2h
  dw 00774h,base+0375Ch
  dw 00A0Ch,base+033CCh
  dw 00774h,base+03763h
  dw 00A0Dh,base+033D6h
  dw 00203h,base+0002Fh
  dw 00370h,base+0002Fh
  dw 00406h,base+03CA3h
  dw 0037Ah,base+035ABh
  dw 00407h,base+03CA7h
  dw 00279h,base+0002Fh
  dw 00480h,base+03CABh
  dw 00480h,base+03CABh
  dw 00581h,base+03ABAh
  dw 00480h,base+03CAFh
  dw 00481h,base+03CB3h
  dw 00300h,base+0002Fh


