  dw guilePage1frame000
  dw guilePage1frame001
  dw guilePage1frame002
  dw guilePage1frame003
  dw guilePage1frame004
  dw guilePage1frame005
  dw guilePage1frame006
  dw guilePage1frame007
  dw guilePage1frame008
  dw guilePage1frame009
  dw guilePage1frame010
  dw guilePage1frame011
  dw guilePage1frame012
  dw guilePage1frame013
  dw guilePage1frame014
  dw guilePage1frame015
  dw guilePage1frame016
  dw guilePage1frame017
  dw guilePage1frame018
  dw guilePage1frame019
  dw guilePage1frame020
  dw guilePage1frame021
  dw guilePage1frame022
  dw guilePage1frame023
  dw guilePage1frame024
  dw guilePage1frame025
  dw guilePage1frame026

guilePage1frame000:
  db 02Ch,04Fh,066h,035h
  db 070h
  db 06Fh,022h,030h,06Fh,024h
  db 000h,000h
  db 000h,000h
  dw 0087Eh,base+02615h
  dw 00981h,base+021F8h
  dw 00881h,base+0261Dh
  dw 00680h,base+02FADh
  dw 00681h,base+02FB3h
  dw 00580h,base+01E06h
  dw 00780h,base+02AA5h
  dw 00880h,base+02625h
  dw 00A80h,base+01D84h
  dw 00A7Fh,base+01D8Eh
  dw 00C7Dh,base+01454h
  dw 00103h,base+0007Ah
  dw 00C7Ch,base+01460h
  dw 00204h,base+00789h
  dw 00C7Ch,base+0146Ch
  dw 00204h,base+00A01h
  dw 00C7Ch,base+01478h
  dw 00304h,base+03EF9h
  dw 00C7Ch,base+01484h
  dw 0107Fh,base+00888h
  dw 01180h,base+00789h
  dw 01180h,base+0079Ah
  dw 01181h,base+007ABh
  dw 01080h,base+00898h
  dw 00F81h,base+00A98h
  dw 00E80h,base+00DB3h
  dw 00E81h,base+00DC1h
  dw 00D80h,base+010EDh
  dw 00D80h,base+010FAh
  dw 00506h,base+03409h
  dw 0077Bh,base+0115Bh
  dw 00405h,base+03AD5h
  dw 0077Bh,base+02AACh
  dw 00406h,base+03AD9h
  dw 0067Bh,base+02FB9h
  dw 00305h,base+03BFCh
  dw 0067Bh,base+02FBFh
  dw 00205h,base+0002Bh
  dw 0067Ch,base+02FC5h
  dw 00104h,base+00000h
  dw 00680h,base+02FCBh
  dw 0077Fh,base+02AB3h
  dw 00880h,base+0262Dh
  dw 00880h,base+02635h
  dw 00880h,base+0263Dh
  dw 00880h,base+02645h
  dw 0087Fh,base+0264Dh
  dw 00980h,base+02201h
  dw 00980h,base+0220Ah
  dw 0097Fh,base+02213h
  dw 00A80h,base+01D98h
  dw 00A7Fh,base+01DA2h
  dw 00B80h,base+018E0h
  dw 00B80h,base+018EBh
  dw 00B80h,base+018F6h
  dw 00B7Fh,base+01901h
  dw 00C80h,base+01490h
  dw 00C80h,base+0149Ch
  dw 00607h,base+02FD1h
  dw 00579h,base+0340Eh
  dw 00507h,base+03413h
  dw 00579h,base+03418h
  dw 00507h,base+0341Dh
  dw 00479h,base+03ADDh
  dw 00407h,base+03AE1h
  dw 00479h,base+03AE5h
  dw 00407h,base+03AE9h
  dw 00479h,base+03AEDh
  dw 00407h,base+03AF1h
  dw 00579h,base+03422h
  dw 00407h,base+03AF5h
  dw 00579h,base+03427h
  dw 00407h,base+03AF9h
  dw 00679h,base+02FD7h
  dw 00507h,base+0342Ch
  dw 00679h,base+02FDDh
  dw 00507h,base+03431h
  dw 0067Ah,base+02FE3h
  dw 00407h,base+03AFDh
  dw 00679h,base+02FE9h
  dw 00407h,base+03B01h
  dw 00679h,base+02FEFh
  dw 00408h,base+03B05h
  dw 00578h,base+03436h
  dw 00408h,base+03B09h
  dw 00578h,base+0343Bh
  dw 00409h,base+03B0Dh
  dw 00477h,base+03B11h
  dw 00409h,base+03B15h
  dw 00477h,base+03B19h
  dw 00409h,base+03B1Dh
  dw 00577h,base+03440h
  dw 0040Ah,base+03B21h
  dw 00476h,base+03B25h
  dw 0040Ah,base+03B29h
  dw 00477h,base+03B2Dh
  dw 0030Ah,base+001D2h
  dw 00476h,base+002B1h
  dw 0030Ah,base+00222h
  dw 00576h,base+03445h
  dw 0030Bh,base+0017Ah
  dw 00475h,base+03B31h
  dw 0030Bh,base+01383h
  dw 00475h,base+03B35h
  dw 0030Bh,base+0017Ah
  dw 00474h,base+03577h
  dw 0040Ch,base+03B39h
  dw 00473h,base+03B3Dh
  dw 0050Dh,base+0344Ah
  dw 00373h,base+0017Ah
  dw 0050Ch,base+0344Fh
  dw 00373h,base+00A92h
  dw 0060Dh,base+02FF5h
  dw 00373h,base+03EFCh
  dw 0040Dh,base+02A94h
  dw 00373h,base+00206h
  dw 0030Dh,base+0153Dh
  dw 00374h,base+002D4h
  dw 0020Ch,base+00864h
  dw 00200h,base+00874h

guilePage1frame001:
  db 02Ah,050h,068h,034h
  db 070h
  db 06Eh,023h,031h,06Fh,024h
  db 000h,000h
  db 000h,000h
  dw 0077Eh,base+02ABAh
  dw 00880h,base+02655h
  dw 00881h,base+0265Dh
  dw 00781h,base+02AC1h
  dw 00680h,base+02FFBh
  dw 00681h,base+03001h
  dw 00680h,base+03007h
  dw 00780h,base+02AC8h
  dw 00980h,base+0221Ch
  dw 00A7Fh,base+01DACh
  dw 00B80h,base+0190Ch
  dw 00B7Dh,base+01917h
  dw 00102h,base+00007h
  dw 00C7Eh,base+014A8h
  dw 00E7Fh,base+00DCFh
  dw 00F80h,base+00AA7h
  dw 00F80h,base+00AB6h
  dw 00F80h,base+00AC5h
  dw 00F80h,base+00AD4h
  dw 00F80h,base+00AE3h
  dw 00F80h,base+00AF2h
  dw 00F81h,base+00B01h
  dw 00E80h,base+00DDDh
  dw 00E80h,base+00DEBh
  dw 00E81h,base+00DF9h
  dw 00C80h,base+014B4h
  dw 00405h,base+03B41h
  dw 0077Bh,base+02ACFh
  dw 00406h,base+03B45h
  dw 0067Ah,base+0300Dh
  dw 00406h,base+03B49h
  dw 0077Bh,base+02AD6h
  dw 00306h,base+00136h
  dw 0067Ah,base+03013h
  dw 00306h,base+03EFFh
  dw 0067Ah,base+03019h
  dw 00206h,base+0002Dh
  dw 0067Bh,base+0301Fh
  dw 00105h,base+00000h
  dw 0077Fh,base+02ADDh
  dw 00880h,base+02665h
  dw 00880h,base+0266Dh
  dw 00880h,base+02675h
  dw 00880h,base+0267Dh
  dw 00880h,base+02685h
  dw 0087Fh,base+0268Dh
  dw 00980h,base+02225h
  dw 0097Fh,base+0222Eh
  dw 00A80h,base+01DB6h
  dw 00A80h,base+01DC0h
  dw 00A80h,base+01DCAh
  dw 00A7Fh,base+01DD4h
  dw 00B80h,base+01922h
  dw 00B80h,base+0192Dh
  dw 00B7Fh,base+01938h
  dw 00C80h,base+014C0h
  dw 00607h,base+03025h
  dw 00579h,base+03454h
  dw 00507h,base+03459h
  dw 00579h,base+0345Eh
  dw 00507h,base+03463h
  dw 00479h,base+03B4Dh
  dw 00407h,base+03B51h
  dw 00479h,base+03B55h
  dw 00407h,base+03B59h
  dw 00479h,base+0103Bh
  dw 00407h,base+03B5Dh
  dw 00479h,base+03B61h
  dw 00407h,base+03B65h
  dw 00579h,base+03468h
  dw 00507h,base+0346Dh
  dw 00679h,base+0302Bh
  dw 00507h,base+03472h
  dw 0067Ah,base+03031h
  dw 00406h,base+03B69h
  dw 0067Ah,base+03037h
  dw 00407h,base+03B6Dh
  dw 00679h,base+0303Dh
  dw 00407h,base+03B71h
  dw 00679h,base+03043h
  dw 00408h,base+03B75h
  dw 00578h,base+03477h
  dw 00408h,base+03B79h
  dw 00578h,base+0347Ch
  dw 00409h,base+03B7Dh
  dw 00477h,base+0343Ch
  dw 00409h,base+03B81h
  dw 00577h,base+03481h
  dw 00409h,base+03B85h
  dw 00577h,base+03486h
  dw 0040Ah,base+03B21h
  dw 00577h,base+0348Bh
  dw 00309h,base+02C24h
  dw 00577h,base+03490h
  dw 0030Ah,base+001B7h
  dw 00576h,base+03495h
  dw 0030Ah,base+00222h
  dw 00576h,base+0349Ah
  dw 0030Bh,base+0017Ah
  dw 00475h,base+00586h
  dw 0030Bh,base+01383h
  dw 00375h,base+00585h
  dw 0030Bh,base+00256h
  dw 00375h,base+0106Ch
  dw 0030Bh,base+00177h
  dw 00374h,base+00DD4h
  dw 0040Ch,base+02E73h
  dw 00273h,base+0014Dh
  dw 0050Ch,base+003D3h
  dw 00374h,base+00A92h
  dw 0040Ch,base+002B0h
  dw 00373h,base+017CDh
  dw 0040Dh,base+0301Bh
  dw 00373h,base+01683h
  dw 0040Dh,base+02A94h
  dw 00373h,base+02604h
  dw 0030Dh,base+0153Dh
  dw 00274h,base+00059h
  dw 0020Ch,base+00864h
  dw 00200h,base+003BBh

guilePage1frame002:
  db 02Ch,050h,066h,034h
  db 070h
  db 06Fh,022h,037h,06Fh,024h
  db 000h,000h
  db 000h,000h
  dw 0087Eh,base+02615h
  dw 00981h,base+02237h
  dw 00781h,base+0261Dh
  dw 00680h,base+02FADh
  dw 00681h,base+02FB3h
  dw 00580h,base+01E06h
  dw 00580h,base+0349Fh
  dw 00780h,base+02AE4h
  dw 00880h,base+02695h
  dw 00980h,base+02240h
  dw 00A7Fh,base+01DDEh
  dw 00B80h,base+01943h
  dw 00B7Ch,base+0194Eh
  dw 00204h,base+0078Bh
  dw 00B7Ch,base+01959h
  dw 00F80h,base+00B10h
  dw 00F7Fh,base+00B1Fh
  dw 01080h,base+008A8h
  dw 01080h,base+008B8h
  dw 01081h,base+008C8h
  dw 00F80h,base+00B2Eh
  dw 00F81h,base+00B3Dh
  dw 00E80h,base+00E07h
  dw 00E80h,base+00E15h
  dw 00E81h,base+00E23h
  dw 00D80h,base+01107h
  dw 00D80h,base+01114h
  dw 00406h,base+03B89h
  dw 0077Ah,base+02AEBh
  dw 00406h,base+03B8Dh
  dw 0077Bh,base+02AF2h
  dw 00305h,base+00064h
  dw 0077Bh,base+02AF9h
  dw 00306h,base+03F02h
  dw 0067Bh,base+03049h
  dw 00205h,base+00206h
  dw 0067Bh,base+0304Fh
  dw 00105h,base+00000h
  dw 00680h,base+03055h
  dw 0077Fh,base+02B00h
  dw 00880h,base+0269Dh
  dw 00880h,base+026A5h
  dw 00880h,base+026ADh
  dw 00880h,base+026B5h
  dw 00880h,base+026BDh
  dw 0087Fh,base+026C5h
  dw 00980h,base+02249h
  dw 0097Fh,base+02252h
  dw 00A80h,base+01DE8h
  dw 00A80h,base+01DF2h
  dw 00A7Fh,base+01DFCh
  dw 00B80h,base+01964h
  dw 00B80h,base+0196Fh
  dw 00B80h,base+0197Ah
  dw 00B7Fh,base+01985h
  dw 00C80h,base+014CCh
  dw 00607h,base+0305Bh
  dw 00579h,base+034A4h
  dw 00507h,base+034A9h
  dw 00579h,base+034AEh
  dw 00507h,base+034B3h
  dw 00479h,base+03ADDh
  dw 00507h,base+034B8h
  dw 00479h,base+03B91h
  dw 00407h,base+03B95h
  dw 00479h,base+03B99h
  dw 00407h,base+03B9Dh
  dw 00479h,base+03BA1h
  dw 00407h,base+03BA5h
  dw 00579h,base+034BDh
  dw 00507h,base+034C2h
  dw 00679h,base+03061h
  dw 00507h,base+034C7h
  dw 0067Ah,base+03067h
  dw 00407h,base+03BA9h
  dw 00579h,base+034CCh
  dw 00407h,base+03BADh
  dw 00679h,base+0306Dh
  dw 00407h,base+03BB1h
  dw 00679h,base+03073h
  dw 00408h,base+03BB5h
  dw 00578h,base+034D1h
  dw 00408h,base+03BB9h
  dw 00578h,base+034D6h
  dw 00409h,base+03BBDh
  dw 00477h,base+03B11h
  dw 00409h,base+00E6Dh
  dw 00577h,base+034DBh
  dw 00409h,base+03BC1h
  dw 00577h,base+034E0h
  dw 0040Ah,base+03B21h
  dw 00476h,base+03BC5h
  dw 0040Ah,base+03BC9h
  dw 00477h,base+03B2Dh
  dw 0030Ah,base+001D2h
  dw 00476h,base+002B1h
  dw 0030Ah,base+00222h
  dw 00576h,base+034E5h
  dw 0030Bh,base+0017Ah
  dw 00475h,base+03B31h
  dw 0030Bh,base+01383h
  dw 00475h,base+03BCDh
  dw 0030Bh,base+00256h
  dw 00474h,base+03577h
  dw 0040Ch,base+03BD1h
  dw 00473h,base+03B3Dh
  dw 0050Dh,base+02CABh
  dw 00373h,base+0014Dh
  dw 0050Ch,base+0344Fh
  dw 00373h,base+000E5h
  dw 0060Dh,base+02FF5h
  dw 00373h,base+03EFCh
  dw 0040Dh,base+02A94h
  dw 00373h,base+017CDh
  dw 0030Dh,base+0153Dh
  dw 00374h,base+011A3h
  dw 0020Ch,base+00864h
  dw 00200h,base+004F2h

guilePage1frame003:
  db 02Eh,050h,068h,034h
  db 070h
  db 06Fh,023h,030h,071h,024h
  db 000h,000h
  db 000h,000h
  dw 0077Eh,base+02615h
  dw 00881h,base+021F8h
  dw 00781h,base+0261Dh
  dw 00680h,base+02FADh
  dw 00609h,base+02FB3h
  dw 00178h,base+00000h
  dw 00A80h,base+01E06h
  dw 00A80h,base+01E10h
  dw 00A80h,base+01E1Ah
  dw 00A7Ch,base+01E24h
  dw 00103h,base+00096h
  dw 00B7Ch,base+01990h
  dw 00304h,base+03F05h
  dw 00B7Ch,base+0199Bh
  dw 00F80h,base+00B4Ch
  dw 00F80h,base+00B5Bh
  dw 00F80h,base+00B6Ah
  dw 00F80h,base+00B79h
  dw 00304h,base+0213Eh
  dw 00B7Dh,base+019A6h
  dw 00E80h,base+00E31h
  dw 00E80h,base+00E3Fh
  dw 00E81h,base+00E4Dh
  dw 00D80h,base+01121h
  dw 00D80h,base+0112Eh
  dw 00D80h,base+0113Bh
  dw 00405h,base+03BD5h
  dw 0087Bh,base+026CDh
  dw 00405h,base+03BD9h
  dw 0087Ch,base+026D5h
  dw 00305h,base+00D83h
  dw 0077Bh,base+02B07h
  dw 00205h,base+0002Bh
  dw 0077Bh,base+02B0Eh
  dw 00205h,base+00059h
  dw 0077Ch,base+02B15h
  dw 00104h,base+0007Ah
  dw 00780h,base+02B1Ch
  dw 00780h,base+02B23h
  dw 00780h,base+02B2Ah
  dw 00780h,base+02B31h
  dw 00780h,base+02B38h
  dw 00780h,base+02B3Fh
  dw 0077Fh,base+02B46h
  dw 00880h,base+026DDh
  dw 00880h,base+026E5h
  dw 00980h,base+0225Bh
  dw 00980h,base+02264h
  dw 00980h,base+0226Dh
  dw 00980h,base+02276h
  dw 0097Fh,base+0227Fh
  dw 00A80h,base+01E2Eh
  dw 00A80h,base+01E38h
  dw 00A80h,base+01E42h
  dw 00A80h,base+01E4Ch
  dw 00A80h,base+01E56h
  dw 00A7Fh,base+01E60h
  dw 00B80h,base+019B1h
  dw 00B80h,base+019BCh
  dw 00B80h,base+019C7h
  dw 00B80h,base+019D2h
  dw 00B80h,base+019DDh
  dw 00B80h,base+019E8h
  dw 00C80h,base+014D8h
  dw 00C80h,base+014E4h
  dw 00D81h,base+01148h
  dw 00405h,base+03BDDh
  dw 0077Bh,base+02B4Dh
  dw 00405h,base+03BE1h
  dw 0087Bh,base+026EDh
  dw 00406h,base+03BE5h
  dw 0077Ah,base+02B54h
  dw 00406h,base+03BE9h
  dw 0077Bh,base+02B5Bh
  dw 00306h,base+0039Dh
  dw 0067Ah,base+03079h
  dw 00407h,base+03BEDh
  dw 0067Ah,base+0307Fh
  dw 00307h,base+03F08h
  dw 00579h,base+034EAh
  dw 00307h,base+03F0Bh
  dw 00679h,base+03085h
  dw 00308h,base+00176h
  dw 00678h,base+0308Bh
  dw 00309h,base+001B8h
  dw 00677h,base+03091h
  dw 0040Ah,base+0344Fh
  dw 00577h,base+034EFh
  dw 0030Ah,base+03BF5h
  dw 00476h,base+00731h
  dw 0040Ah,base+03BF1h
  dw 00476h,base+00F3Dh
  dw 0040Bh,base+03BF5h
  dw 00275h,base+0019Eh
  dw 0040Bh,base+0167Eh
  dw 00275h,base+003C8h
  dw 0030Bh,base+0317Dh
  dw 00275h,base+0014Dh
  dw 0030Bh,base+002CFh
  dw 00274h,base+00086h
  dw 0040Ch,base+0019Eh
  dw 00274h,base+00093h
  dw 0030Bh,base+02CAAh
  dw 00375h,base+02FF5h
  dw 0030Bh,base+0200Ch
  dw 00375h,base+03F0Eh
  dw 0030Bh,base+02604h
  dw 00375h,base+00306h
  dw 0020Bh,base+00093h
  dw 00375h,base+00909h
  dw 0020Bh,base+0014Eh
  dw 00275h,base+00079h
  dw 0010Ch,base+00002h
  dw 00100h,base+0000Ch

guilePage1frame004:
  db 026h,04Eh,068h,033h
  db 070h
  db 06Fh,024h,030h,072h,023h
  db 000h,000h
  db 000h,000h
  dw 0077Eh,base+02615h
  dw 00881h,base+021F8h
  dw 00781h,base+0261Dh
  dw 00680h,base+02FADh
  dw 00609h,base+02FB3h
  dw 00278h,base+00027h
  dw 00A80h,base+01E6Ah
  dw 00B80h,base+019F3h
  dw 00B7Fh,base+019FEh
  dw 00C7Dh,base+014F0h
  dw 00103h,base+00096h
  dw 00C7Ch,base+014FCh
  dw 00204h,base+00134h
  dw 00C7Ch,base+01508h
  dw 01080h,base+008D8h
  dw 01080h,base+008E8h
  dw 01080h,base+008F8h
  dw 01080h,base+00908h
  dw 00304h,base+0213Eh
  dw 00C7Dh,base+01514h
  dw 00F80h,base+00B88h
  dw 00F81h,base+00B97h
  dw 00E80h,base+00E5Bh
  dw 00E80h,base+00E69h
  dw 00E80h,base+00E77h
  dw 00D80h,base+01155h
  dw 00406h,base+03BF9h
  dw 0077Bh,base+02B62h
  dw 00305h,base+03F11h
  dw 0077Bh,base+02B69h
  dw 00306h,base+00015h
  dw 0067Ah,base+03097h
  dw 00306h,base+00306h
  dw 0067Bh,base+02B0Fh
  dw 00205h,base+00093h
  dw 0067Bh,base+02B16h
  dw 00105h,base+0007Ah
  dw 00680h,base+0309Dh
  dw 00780h,base+02B70h
  dw 0077Fh,base+02B77h
  dw 00880h,base+026F5h
  dw 00880h,base+026FDh
  dw 00880h,base+02705h
  dw 00981h,base+02288h
  dw 00880h,base+0270Dh
  dw 0087Fh,base+02715h
  dw 00980h,base+02291h
  dw 00980h,base+0229Ah
  dw 00980h,base+022A3h
  dw 00980h,base+022ACh
  dw 00980h,base+022B5h
  dw 00980h,base+022BEh
  dw 00980h,base+022C7h
  dw 00980h,base+022D0h
  dw 00980h,base+022D9h
  dw 00980h,base+022E2h
  dw 00980h,base+022EBh
  dw 00880h,base+0271Dh
  dw 00880h,base+02725h
  dw 00880h,base+0272Dh
  dw 00880h,base+02735h
  dw 00880h,base+0273Dh
  dw 00880h,base+02745h
  dw 00881h,base+0274Dh
  dw 00780h,base+02B7Eh
  dw 00880h,base+02755h
  dw 00881h,base+0275Dh
  dw 00780h,base+02B85h
  dw 00781h,base+02B8Ch
  dw 00680h,base+030A3h
  dw 00680h,base+030A9h
  dw 00681h,base+030AFh
  dw 00580h,base+034F4h
  dw 00681h,base+030B5h
  dw 00580h,base+034F9h
  dw 00681h,base+030BBh
  dw 00580h,base+034FEh
  dw 00580h,base+03503h
  dw 00580h,base+03508h
  dw 00580h,base+0350Dh
  dw 00580h,base+0072Fh
  dw 00580h,base+03512h
  dw 0057Fh,base+03517h
  dw 00580h,base+0351Ch
  dw 00580h,base+03521h
  dw 00580h,base+03526h
  dw 00581h,base+03349h
  dw 00102h,base+00000h
  dw 00200h,base+00005h

guilePage1frame005:
  db 020h,051h,068h,032h
  db 070h
  db 06Fh,023h,030h,071h,023h
  db 000h,000h
  db 000h,000h
  dw 0077Eh,base+02615h
  dw 00881h,base+021F8h
  dw 00781h,base+0261Dh
  dw 00680h,base+02FADh
  dw 00609h,base+02FB3h
  dw 00178h,base+00000h
  dw 00A80h,base+01E06h
  dw 00A80h,base+01E10h
  dw 00A80h,base+01E1Ah
  dw 00A7Ch,base+01E24h
  dw 00103h,base+00096h
  dw 00B7Ch,base+01990h
  dw 00304h,base+03F05h
  dw 00B7Ch,base+0199Bh
  dw 00F80h,base+00B4Ch
  dw 00F80h,base+00B5Bh
  dw 00F80h,base+00B6Ah
  dw 00F80h,base+00B79h
  dw 00304h,base+0213Eh
  dw 00B7Dh,base+019A6h
  dw 00E80h,base+00E31h
  dw 00E80h,base+00E3Fh
  dw 00E81h,base+00E4Dh
  dw 00D80h,base+01121h
  dw 00D80h,base+0112Eh
  dw 00D80h,base+0113Bh
  dw 00405h,base+03BD5h
  dw 0087Bh,base+026CDh
  dw 00405h,base+03BD9h
  dw 0087Ch,base+026D5h
  dw 00305h,base+00D83h
  dw 0077Bh,base+02B93h
  dw 00205h,base+0002Bh
  dw 0077Bh,base+02B9Ah
  dw 00205h,base+00059h
  dw 0077Ch,base+02BA1h
  dw 00104h,base+0007Ah
  dw 00780h,base+02BA8h
  dw 00780h,base+02BAFh
  dw 00780h,base+02BB6h
  dw 00780h,base+02BBDh
  dw 00780h,base+02BC4h
  dw 00780h,base+02BCBh
  dw 00780h,base+02BD2h
  dw 00880h,base+02765h
  dw 00880h,base+0276Dh
  dw 00880h,base+02775h
  dw 00880h,base+0277Dh
  dw 00880h,base+02785h
  dw 0087Fh,base+0278Dh
  dw 00980h,base+022F4h
  dw 00980h,base+022FDh
  dw 00980h,base+02306h
  dw 00980h,base+0230Fh
  dw 00980h,base+02318h
  dw 00980h,base+02321h
  dw 00980h,base+0232Ah
  dw 0087Fh,base+02795h
  dw 00980h,base+02333h
  dw 00880h,base+0279Dh
  dw 00880h,base+027A5h
  dw 00880h,base+027ADh
  dw 00880h,base+027B5h
  dw 00880h,base+027BDh
  dw 00880h,base+027C5h
  dw 00880h,base+027CDh
  dw 00881h,base+027D5h
  dw 00780h,base+02BD9h
  dw 00780h,base+02BE0h
  dw 00781h,base+02BE7h
  dw 00680h,base+030C1h
  dw 00680h,base+030C7h
  dw 00681h,base+030CDh
  dw 00580h,base+0352Bh
  dw 00580h,base+03530h
  dw 00580h,base+03535h
  dw 00580h,base+004C4h
  dw 00580h,base+0353Ah
  dw 00580h,base+02575h
  dw 00580h,base+0353Ah
  dw 00580h,base+02D53h
  dw 00580h,base+0353Ah
  dw 00580h,base+02D53h
  dw 00580h,base+0353Fh
  dw 00580h,base+03544h
  dw 00580h,base+03549h
  dw 00580h,base+0354Eh
  dw 00580h,base+03553h
  dw 00102h,base+0001Ah
  dw 00380h,base+01CD5h
  dw 00281h,base+00003h
  dw 00100h,base+00038h

guilePage1frame006:
  db 020h,04Fh,068h,033h
  db 070h
  db 06Ch,022h,030h,06Dh,023h
  db 000h,000h
  db 000h,000h
  dw 0077Eh,base+02615h
  dw 00881h,base+021F8h
  dw 00781h,base+0261Dh
  dw 00680h,base+02FADh
  dw 00609h,base+02FB3h
  dw 00278h,base+00027h
  dw 00A80h,base+01E6Ah
  dw 00B80h,base+019F3h
  dw 00B7Fh,base+019FEh
  dw 00C7Dh,base+014F0h
  dw 00103h,base+00096h
  dw 00C7Ch,base+014FCh
  dw 00204h,base+00134h
  dw 00C7Ch,base+01508h
  dw 01080h,base+008D8h
  dw 01080h,base+008E8h
  dw 01080h,base+008F8h
  dw 01080h,base+00908h
  dw 00304h,base+0213Eh
  dw 00C7Dh,base+01514h
  dw 00F80h,base+00B88h
  dw 00F81h,base+00B97h
  dw 00E80h,base+00E5Bh
  dw 00E80h,base+00E69h
  dw 00E80h,base+00E77h
  dw 00D80h,base+01155h
  dw 00406h,base+03BF9h
  dw 0077Bh,base+02BEEh
  dw 00305h,base+03F11h
  dw 0077Bh,base+02BF5h
  dw 00306h,base+00015h
  dw 0067Ah,base+030D3h
  dw 00306h,base+00306h
  dw 0067Bh,base+030D9h
  dw 00205h,base+00093h
  dw 0067Bh,base+030DFh
  dw 00104h,base+0007Ah
  dw 00780h,base+02BFCh
  dw 00880h,base+027DDh
  dw 00881h,base+027E5h
  dw 0077Fh,base+02C03h
  dw 00880h,base+027EDh
  dw 00880h,base+027F5h
  dw 00880h,base+027FDh
  dw 0087Fh,base+02805h
  dw 00980h,base+0233Ch
  dw 00980h,base+02345h
  dw 0097Fh,base+0234Eh
  dw 00A80h,base+01E74h
  dw 00A80h,base+01E7Eh
  dw 00A80h,base+01E88h
  dw 00A7Fh,base+01E92h
  dw 00B80h,base+01A09h
  dw 00A80h,base+01E9Ch
  dw 00A80h,base+01EA6h
  dw 00A80h,base+01EB0h
  dw 00A80h,base+01EBAh
  dw 00A80h,base+01EC4h
  dw 00980h,base+02357h
  dw 00980h,base+02360h
  dw 00880h,base+0280Dh
  dw 00880h,base+02815h
  dw 00880h,base+0281Dh
  dw 00880h,base+02825h
  dw 00880h,base+0282Dh
  dw 00880h,base+02835h
  dw 00880h,base+0283Dh
  dw 00780h,base+02C0Ah
  dw 00780h,base+02C11h
  dw 00780h,base+02C18h
  dw 00780h,base+02C1Fh
  dw 00780h,base+02C26h
  dw 0067Fh,base+030E5h
  dw 00780h,base+02C2Dh
  dw 0077Fh,base+02C34h
  dw 00780h,base+02C3Bh
  dw 00405h,base+03BFDh
  dw 0027Bh,base+0019Eh
  dw 00304h,base+01240h
  dw 0037Ch,base+03630h
  dw 00304h,base+002D4h
  dw 0037Ch,base+001D2h
  dw 00204h,base+0007Ah
  dw 0037Ch,base+000B4h
  dw 00204h,base+00206h
  dw 0037Fh,base+00079h
  dw 00480h,base+03C01h
  dw 00480h,base+03C05h
  dw 00380h,base+00176h
  dw 00380h,base+00EB0h
  dw 00380h,base+01646h
  dw 00380h,base+00935h
  dw 00280h,base+0007Ah
  dw 00200h,base+00252h

guilePage1frame007:
  db 022h,04Eh,066h,035h
  db 070h
  db 06Bh,022h,031h,06Dh,022h
  db 000h,000h
  db 000h,000h
  dw 0077Eh,base+02615h
  dw 00881h,base+021F8h
  dw 00781h,base+0261Dh
  dw 00680h,base+02FADh
  dw 00681h,base+02FB3h
  dw 00580h,base+01E06h
  dw 00980h,base+02369h
  dw 00A80h,base+01ECEh
  dw 00A7Ch,base+01ED8h
  dw 00103h,base+00096h
  dw 00B7Ch,base+01A14h
  dw 00204h,base+0019Eh
  dw 00B7Ch,base+01A1Fh
  dw 00304h,base+03F14h
  dw 00B7Ch,base+01A2Ah
  dw 00304h,base+03000h
  dw 00B7Ch,base+01A35h
  dw 00304h,base+03F17h
  dw 00B7Ch,base+01A40h
  dw 00304h,base+03F1Ah
  dw 00B7Ch,base+01A4Bh
  dw 00304h,base+00900h
  dw 00B7Ch,base+01A56h
  dw 00304h,base+03F1Dh
  dw 00B7Dh,base+01A61h
  dw 00E80h,base+00E85h
  dw 00E80h,base+00E93h
  dw 00E80h,base+00EA1h
  dw 00E81h,base+00EAFh
  dw 00D80h,base+01162h
  dw 00D80h,base+0116Fh
  dw 00405h,base+03C09h
  dw 0087Bh,base+02845h
  dw 00406h,base+0113Bh
  dw 0077Ah,base+02C42h
  dw 00406h,base+03C0Dh
  dw 0077Bh,base+02C49h
  dw 00205h,base+001A7h
  dw 0077Bh,base+02C50h
  dw 00205h,base+00027h
  dw 0077Ch,base+02C57h
  dw 00104h,base+0004Bh
  dw 00780h,base+02C5Eh
  dw 00780h,base+02C65h
  dw 00780h,base+02C6Ch
  dw 00780h,base+02C73h
  dw 00780h,base+02C7Ah
  dw 00780h,base+02C81h
  dw 00780h,base+02C88h
  dw 0087Fh,base+0284Dh
  dw 00980h,base+02372h
  dw 0087Fh,base+02855h
  dw 00980h,base+0237Bh
  dw 00980h,base+02384h
  dw 00980h,base+0238Dh
  dw 0097Fh,base+02396h
  dw 00A80h,base+01EE2h
  dw 00A7Fh,base+01EECh
  dw 00B80h,base+01A6Ch
  dw 00B80h,base+01A77h
  dw 00B80h,base+01A82h
  dw 00A7Fh,base+01EF6h
  dw 00B80h,base+01A8Dh
  dw 00B80h,base+01A98h
  dw 00506h,base+03558h
  dw 0047Ah,base+00C13h
  dw 00506h,base+0355Dh
  dw 0047Ah,base+00573h
  dw 00406h,base+00573h
  dw 0047Ah,base+00958h
  dw 00406h,base+0053Ch
  dw 0057Ah,base+03562h
  dw 00406h,base+00199h
  dw 0057Ah,base+03567h
  dw 00406h,base+03C11h
  dw 0057Ah,base+0356Ch
  dw 00406h,base+03C15h
  dw 0057Ah,base+03571h
  dw 00407h,base+03C19h
  dw 00479h,base+03C1Dh
  dw 00407h,base+03C21h
  dw 00479h,base+03C25h
  dw 00307h,base+0101Ch
  dw 00479h,base+03C29h
  dw 00307h,base+002DDh
  dw 00478h,base+03C2Dh
  dw 00409h,base+03C31h
  dw 00377h,base+00D86h
  dw 00409h,base+03C35h
  dw 00377h,base+001B3h
  dw 00309h,base+03F20h
  dw 00377h,base+0034Bh
  dw 00309h,base+001B7h
  dw 00377h,base+03F23h
  dw 00309h,base+00BE2h
  dw 00377h,base+001B6h
  dw 00309h,base+00585h
  dw 00377h,base+03630h
  dw 0030Ah,base+0017Ah
  dw 00275h,base+0014Dh
  dw 0040Bh,base+03C39h
  dw 00375h,base+0106Ah
  dw 0040Bh,base+00255h
  dw 00375h,base+0017Ah
  dw 0040Bh,base+03C3Dh
  dw 00375h,base+03F26h
  dw 0040Bh,base+002B2h
  dw 00374h,base+00256h
  dw 0050Ch,base+03576h
  dw 00373h,base+029C9h
  dw 0050Ch,base+0357Bh
  dw 00474h,base+03C41h
  dw 0040Ch,base+03C45h
  dw 00374h,base+03BE2h
  dw 0040Ch,base+00255h
  dw 00374h,base+00356h
  dw 0030Ch,base+01FC2h
  dw 00380h,base+00477h
  dw 00200h,base+003BBh

guilePage1frame008:
  db 026h,039h,06Ah,04Bh
  db 074h
  db 06Bh,031h,01Bh,06Dh,031h
  db 000h,000h
  db 000h,000h
  dw 0077Eh,base+02ABAh
  dw 00880h,base+02655h
  dw 00781h,base+0265Dh
  dw 00681h,base+02AC1h
  dw 00580h,base+02FFBh
  dw 00581h,base+03001h
  dw 00980h,base+0239Fh
  dw 0097Fh,base+023A8h
  dw 00B7Ch,base+01AA3h
  dw 00104h,base+0000Ch
  dw 00B7Ch,base+01AAEh
  dw 00203h,base+00079h
  dw 00C7Dh,base+01520h
  dw 00203h,base+0067Ah
  dw 00C7Ch,base+0152Ch
  dw 00304h,base+0351Bh
  dw 00C7Ch,base+01538h
  dw 00304h,base+03F29h
  dw 00C7Ch,base+01544h
  dw 00304h,base+03F2Ch
  dw 00C7Ch,base+01550h
  dw 00304h,base+008B8h
  dw 00C7Dh,base+0155Ch
  dw 00203h,base+00159h
  dw 00C7Dh,base+01568h
  dw 00F81h,base+00BA6h
  dw 00E80h,base+00EBDh
  dw 00E80h,base+00ECBh
  dw 00E80h,base+00ED9h
  dw 00E80h,base+00EE7h
  dw 00E81h,base+00EF5h
  dw 00405h,base+03C49h
  dw 0087Bh,base+0285Dh
  dw 00405h,base+00FB9h
  dw 0087Bh,base+02865h
  dw 00305h,base+00067h
  dw 0087Bh,base+0286Dh
  dw 00305h,base+03F2Fh
  dw 0087Ch,base+02875h
  dw 00204h,base+00307h
  dw 0087Bh,base+0287Dh
  dw 00205h,base+00102h
  dw 0087Ah,base+02885h
  dw 00506h,base+03580h
  dw 00979h,base+023B1h
  dw 01080h,base+00918h
  dw 01080h,base+00928h
  dw 01080h,base+00938h
  dw 01080h,base+00948h
  dw 01080h,base+00958h
  dw 01080h,base+00968h
  dw 01080h,base+00978h
  dw 01080h,base+00988h
  dw 01081h,base+00998h
  dw 00F80h,base+00BB5h
  dw 00E80h,base+00F03h
  dw 00E81h,base+00F11h
  dw 00C80h,base+01574h
  dw 00F81h,base+00BC4h
  dw 00F80h,base+00BD3h
  dw 00F81h,base+00BE2h
  dw 00E80h,base+00F1Fh
  dw 00E81h,base+00F2Dh
  dw 00D80h,base+0117Ch
  dw 00C7Fh,base+01580h
  dw 00A0Bh,base+01F00h
  dw 00274h,base+0014Dh
  dw 00A0Ch,base+01F0Ah
  dw 00274h,base+00093h
  dw 00405h,base+02CAAh
  dw 00406h,base+0024Bh
  dw 00374h,base+03F32h
  dw 0050Ch,base+03585h
  dw 00374h,base+00808h
  dw 0040Ch,base+03C4Dh
  dw 00374h,base+00077h
  dw 0030Ch,base+00079h
  dw 00375h,base+0017Ah
  dw 0020Bh,base+00016h
  dw 00200h,base+0000Bh

guilePage1frame009:
  db 028h,05Eh,06Ah,028h
  db 074h
  db 06Bh,022h,038h,071h,023h
  db 000h,000h
  db 000h,000h
  dw 0047Fh,base+03C51h
  dw 0067Fh,base+030EBh
  dw 0077Fh,base+02C8Fh
  dw 00881h,base+0288Dh
  dw 0067Fh,base+030F1h
  dw 0070Bh,base+02C96h
  dw 00275h,base+00027h
  dw 00709h,base+02C9Dh
  dw 00478h,base+03C55h
  dw 00D81h,base+01189h
  dw 00C81h,base+0158Ch
  dw 00B80h,base+01AB9h
  dw 00B80h,base+01AC4h
  dw 00C80h,base+01598h
  dw 00C81h,base+015A4h
  dw 00B7Fh,base+01ACFh
  dw 00D7Fh,base+01196h
  dw 00E80h,base+00F3Bh
  dw 00E80h,base+00F49h
  dw 00E80h,base+00F57h
  dw 00E80h,base+00F65h
  dw 00F80h,base+00BF1h
  dw 00F80h,base+00C00h
  dw 00F80h,base+00C0Fh
  dw 00F80h,base+00C1Eh
  dw 00A0Bh,base+01F14h
  dw 00575h,base+0358Ah
  dw 00A0Bh,base+01F1Eh
  dw 00573h,base+0358Fh
  dw 00203h,base+003B8h
  dw 0090Bh,base+023BAh
  dw 00472h,base+01192h
  dw 00203h,base+0031Eh
  dw 0090Bh,base+023C3h
  dw 00472h,base+00460h
  dw 00203h,base+009D3h
  dw 0090Bh,base+023CCh
  dw 00472h,base+03C59h
  dw 00203h,base+0031Eh
  dw 0090Bh,base+023D5h
  dw 00472h,base+03C5Dh
  dw 00C0Fh,base+015B0h
  dw 00371h,base+0002Ah
  dw 00C0Fh,base+015BCh
  dw 00271h,base+001B7h
  dw 00C80h,base+015C8h
  dw 00D80h,base+011A3h
  dw 00D81h,base+011B0h
  dw 00C7Fh,base+015D4h
  dw 00D80h,base+011BDh
  dw 00D7Fh,base+011CAh
  dw 00E80h,base+00F73h
  dw 00E80h,base+00F81h
  dw 00E7Fh,base+00F8Fh
  dw 00F80h,base+00C2Dh
  dw 00F80h,base+00C3Ch
  dw 00F80h,base+00C4Bh
  dw 00F80h,base+00C5Ah
  dw 00F81h,base+00C69h
  dw 00E80h,base+00F9Dh
  dw 00509h,base+00C13h
  dw 00577h,base+03594h
  dw 00509h,base+03599h
  dw 00577h,base+0359Eh
  dw 00509h,base+035A3h
  dw 00578h,base+035A8h
  dw 00408h,base+03C61h
  dw 00578h,base+035ADh
  dw 00508h,base+035B2h
  dw 00578h,base+035B7h
  dw 00508h,base+035BCh
  dw 00578h,base+035C1h
  dw 00508h,base+035C6h
  dw 00579h,base+035CBh
  dw 00407h,base+03C65h
  dw 00579h,base+035D0h
  dw 00407h,base+03C69h
  dw 0057Ah,base+035D5h
  dw 00306h,base+01D2Eh
  dw 0057Ah,base+00C64h
  dw 00406h,base+03C6Dh
  dw 0057Bh,base+035DAh
  dw 00305h,base+03B3Dh
  dw 0057Bh,base+035DFh
  dw 00405h,base+01588h
  dw 0057Bh,base+035E4h
  dw 00405h,base+03C71h
  dw 0047Bh,base+02F4Bh
  dw 00405h,base+0333Eh
  dw 0047Bh,base+00877h
  dw 00305h,base+0019Eh
  dw 0047Bh,base+00877h
  dw 00305h,base+00F67h
  dw 0057Bh,base+035E9h
  dw 00205h,base+0019Eh
  dw 0057Bh,base+035EEh
  dw 00205h,base+000D3h
  dw 0057Bh,base+035F3h
  dw 00205h,base+0014Dh
  dw 0057Bh,base+035F8h
  dw 00205h,base+000E6h
  dw 0057Ah,base+035FDh
  dw 00306h,base+03F35h
  dw 0057Ah,base+03602h
  dw 00306h,base+03F38h
  dw 0057Ah,base+03607h
  dw 00306h,base+00909h
  dw 0057Ah,base+035BCh
  dw 00206h,base+00079h
  dw 0057Bh,base+0360Ch
  dw 00105h,base+00000h
  dw 00480h,base+03C75h
  dw 00480h,base+03C79h
  dw 00480h,base+03C7Dh
  dw 00480h,base+001D2h
  dw 00480h,base+03C81h
  dw 00481h,base+03C85h
  dw 00380h,base+001D2h
  dw 00380h,base+01383h
  dw 00380h,base+0017Ah
  dw 00380h,base+01383h
  dw 00380h,base+0017Ah
  dw 00380h,base+00222h
  dw 00380h,base+001D2h
  dw 00380h,base+00222h
  dw 00380h,base+001B8h
  dw 00380h,base+001D2h
  dw 0037Fh,base+00179h
  dw 00480h,base+03C89h
  dw 00480h,base+00EC4h
  dw 00480h,base+00074h
  dw 00380h,base+0020Bh
  dw 00381h,base+00079h
  dw 00100h,base+00000h

guilePage1frame010:
  db 01Eh,050h,06Eh,02Dh
  db 074h
  db 06Dh,022h,031h,076h,023h
  db 000h,000h
  db 000h,000h
  dw 0077Eh,base+02CA4h
  dw 00981h,base+023DEh
  dw 00781h,base+0261Dh
  dw 00680h,base+02FADh
  dw 00681h,base+02FB3h
  dw 00580h,base+01E06h
  dw 00580h,base+0349Fh
  dw 0057Dh,base+03611h
  dw 00203h,base+00169h
  dw 0057Ch,base+03616h
  dw 00304h,base+03F3Bh
  dw 0087Ch,base+02895h
  dw 00304h,base+03F3Eh
  dw 0097Ch,base+023E7h
  dw 00305h,base+03F41h
  dw 0087Bh,base+0289Dh
  dw 00305h,base+0106Ch
  dw 0087Bh,base+028A5h
  dw 00304h,base+03F44h
  dw 0097Ch,base+023F0h
  dw 00304h,base+03F47h
  dw 00A7Ch,base+01F28h
  dw 00203h,base+0004Bh
  dw 00B7Dh,base+01ADAh
  dw 00203h,base+0011Fh
  dw 00B7Dh,base+01AE5h
  dw 00E80h,base+00FABh
  dw 00F80h,base+00C78h
  dw 00F80h,base+00C87h
  dw 00F80h,base+00C96h
  dw 00F80h,base+00CA5h
  dw 00F80h,base+00CB4h
  dw 00F81h,base+00CC3h
  dw 00E80h,base+00FB9h
  dw 00305h,base+01FC2h
  dw 0097Bh,base+023F9h
  dw 00305h,base+017CDh
  dw 0097Bh,base+02402h
  dw 00205h,base+00027h
  dw 0097Ch,base+0240Bh
  dw 00104h,base+0007Ah
  dw 00982h,base+02414h
  dw 00780h,base+02CABh
  dw 0067Ch,base+02D5Fh
  dw 00A7Fh,base+01F32h
  dw 00C7Fh,base+015E0h
  dw 00D80h,base+011D7h
  dw 00D80h,base+011E4h
  dw 00D80h,base+011F1h
  dw 00D80h,base+011FEh
  dw 00D80h,base+0120Bh
  dw 00D80h,base+01218h
  dw 00D80h,base+01225h
  dw 00D81h,base+01232h
  dw 00C80h,base+015ECh
  dw 00B80h,base+01AF0h
  dw 00A81h,base+01F3Ch
  dw 00980h,base+0241Dh
  dw 00881h,base+028ADh
  dw 00780h,base+02CB2h
  dw 00680h,base+030F7h
  dw 00780h,base+02CB9h
  dw 00780h,base+02CC0h
  dw 00780h,base+02CC7h
  dw 00780h,base+02CCEh
  dw 00780h,base+02CD5h
  dw 00780h,base+02CDCh
  dw 00780h,base+02CE3h
  dw 00780h,base+02CEAh
  dw 00781h,base+02CF1h
  dw 00680h,base+030FDh
  dw 00680h,base+03103h
  dw 00681h,base+03109h
  dw 00580h,base+0361Bh
  dw 00480h,base+00BEBh
  dw 00480h,base+03C8Dh
  dw 00381h,base+00B97h
  dw 00280h,base+0014Dh
  dw 00380h,base+001D2h
  dw 00380h,base+0017Ah
  dw 00480h,base+03C91h
  dw 00480h,base+03492h
  dw 00480h,base+00586h
  dw 00480h,base+01C09h
  dw 00380h,base+001B6h
  dw 00380h,base+00079h
  dw 00280h,base+0014Dh
  dw 0027Fh,base+000E6h
  dw 00380h,base+00253h
  dw 00380h,base+0061Fh
  dw 00380h,base+00E21h
  dw 00280h,base+0007Ah
  dw 00200h,base+00005h

guilePage1frame011:
  db 01Eh,03Ah,070h,02Fh
  db 078h
  db 070h,028h,031h,07Ah,028h
  db 000h,000h
  db 000h,000h
  dw 0057Dh,base+03620h
  dw 00781h,base+02CF8h
  dw 0057Eh,base+03625h
  dw 00780h,base+02CFFh
  dw 00781h,base+02D06h
  dw 00681h,base+0310Fh
  dw 00A80h,base+01F46h
  dw 00A80h,base+01F50h
  dw 00B80h,base+01AFBh
  dw 00B80h,base+01B06h
  dw 00B7Fh,base+01B11h
  dw 00C80h,base+015F8h
  dw 00C80h,base+01604h
  dw 00C80h,base+01610h
  dw 00C80h,base+0161Ch
  dw 00C80h,base+01628h
  dw 00D80h,base+0123Fh
  dw 00D80h,base+0124Ch
  dw 00D80h,base+01259h
  dw 00D80h,base+01266h
  dw 00D7Fh,base+01273h
  dw 00E80h,base+00FC7h
  dw 00E80h,base+00FD5h
  dw 00E80h,base+00FE3h
  dw 00E80h,base+00FF1h
  dw 00D80h,base+01280h
  dw 00405h,base+01280h
  dw 0087Bh,base+028B5h
  dw 00405h,base+03C95h
  dw 0087Bh,base+028BDh
  dw 00305h,base+03F4Ah
  dw 0087Ch,base+028C5h
  dw 00204h,base+00093h
  dw 0097Ch,base+02426h
  dw 00D80h,base+0128Dh
  dw 00D80h,base+0129Ah
  dw 00D80h,base+012A7h
  dw 00E7Fh,base+00FFFh
  dw 00F80h,base+00CD2h
  dw 00F80h,base+00CE1h
  dw 00F80h,base+00CF0h
  dw 00F80h,base+00CFFh
  dw 00E81h,base+0100Dh
  dw 00D80h,base+012B4h
  dw 00C81h,base+01634h
  dw 00B80h,base+01B1Ch
  dw 00A82h,base+01F5Ah
  dw 00581h,base+0362Ah
  dw 00581h,base+0362Fh
  dw 00481h,base+001EBh
  dw 00480h,base+02CCAh
  dw 00480h,base+03C99h
  dw 00480h,base+02CCAh
  dw 00480h,base+03C9Dh
  dw 0037Fh,base+00222h
  dw 00480h,base+001D2h
  dw 00380h,base+00F3Dh
  dw 00380h,base+03F4Dh
  dw 00380h,base+00ED9h
  dw 00380h,base+011A3h
  dw 00280h,base+00079h
  dw 00200h,base+007B8h

guilePage1frame012:
  db 02Ch,05Ch,060h,02Ah
  db 070h
  db 065h,023h,02Ch,073h,023h
  db 000h,000h
  db 000h,000h
  dw 0017Fh,base+00005h
  dw 00380h,base+03F50h
  dw 0037Fh,base+00B2Dh
  dw 00480h,base+03CA1h
  dw 0047Fh,base+03CA5h
  dw 00580h,base+03634h
  dw 00580h,base+03639h
  dw 00580h,base+0363Eh
  dw 0057Fh,base+03643h
  dw 0067Ch,base+03115h
  dw 00104h,base+00007h
  dw 0067Ch,base+0311Bh
  dw 00104h,base+00001h
  dw 0067Ch,base+03121h
  dw 00104h,base+00001h
  dw 0067Ch,base+03127h
  dw 00A80h,base+01F64h
  dw 00A80h,base+01F6Eh
  dw 00A80h,base+01F78h
  dw 00B80h,base+01B27h
  dw 00B80h,base+01B32h
  dw 00C80h,base+01640h
  dw 00C11h,base+0164Ch
  dw 0026Fh,base+00742h
  dw 00C10h,base+01658h
  dw 00470h,base+03CA9h
  dw 00C10h,base+01664h
  dw 00470h,base+03CADh
  dw 00C0Fh,base+01670h
  dw 00571h,base+03648h
  dw 00C0Fh,base+0167Ch
  dw 00672h,base+0312Dh
  dw 00102h,base+000CFh
  dw 0090Ch,base+0242Fh
  dw 00674h,base+03133h
  dw 0090Bh,base+02438h
  dw 00775h,base+02D0Dh
  dw 00A0Bh,base+01F82h
  dw 00775h,base+02D14h
  dw 00A0Bh,base+01F8Ch
  dw 00775h,base+02D1Bh
  dw 01280h,base+005D9h
  dw 01280h,base+005EBh
  dw 01280h,base+005FDh
  dw 01280h,base+0060Fh
  dw 01280h,base+00621h
  dw 01280h,base+00633h
  dw 01280h,base+00645h
  dw 01180h,base+007BCh
  dw 00406h,base+03CB1h
  dw 00B7Ah,base+01B3Dh
  dw 00406h,base+03CB5h
  dw 00B7Ah,base+01B48h
  dw 00407h,base+01264h
  dw 00607h,base+03139h
  dw 00372h,base+000D4h
  dw 00407h,base+03CB9h
  dw 00607h,base+0313Fh
  dw 00373h,base+00B97h
  dw 00206h,base+001C0h
  dw 00508h,base+0364Dh
  dw 00272h,base+0007Ah
  dw 00206h,base+007ACh
  dw 00508h,base+03652h
  dw 00273h,base+0014Dh
  dw 00105h,base+0007Ah
  dw 00508h,base+03657h
  dw 00278h,base+0014Eh
  dw 00507h,base+0365Ch
  dw 00379h,base+001D2h
  dw 00507h,base+03661h
  dw 00379h,base+03BF1h
  dw 00507h,base+03666h
  dw 00379h,base+00179h
  dw 00607h,base+03145h
  dw 00379h,base+00179h
  dw 00607h,base+0314Bh
  dw 00379h,base+0019Eh
  dw 00607h,base+03151h
  dw 00479h,base+002F0h
  dw 00608h,base+03157h
  dw 00379h,base+001D2h
  dw 00508h,base+0366Bh
  dw 00378h,base+000D4h
  dw 00508h,base+03670h
  dw 00378h,base+02FC7h
  dw 00508h,base+03675h
  dw 00378h,base+02C59h
  dw 00509h,base+0367Ah
  dw 00277h,base+0014Dh
  dw 00509h,base+0367Fh
  dw 00277h,base+001A7h
  dw 00580h,base+03684h
  dw 00580h,base+03689h
  dw 00580h,base+0368Eh
  dw 00580h,base+03693h
  dw 00580h,base+03698h
  dw 00581h,base+01BC1h
  dw 00480h,base+03CBDh
  dw 00480h,base+03CC1h
  dw 00480h,base+03CC5h
  dw 00480h,base+03CC9h
  dw 00480h,base+03CCDh
  dw 00480h,base+03CD1h
  dw 00480h,base+03CD5h
  dw 00480h,base+03CD9h
  dw 00480h,base+00E6Dh
  dw 00480h,base+02153h
  dw 00480h,base+03CDDh
  dw 00480h,base+03C44h
  dw 00480h,base+03CDDh
  dw 00380h,base+03C35h
  dw 00381h,base+001D2h
  dw 00280h,base+0038Dh
  dw 00280h,base+0014Dh
  dw 00280h,base+0038Dh
  dw 00280h,base+0014Dh
  dw 00280h,base+009C8h
  dw 00280h,base+0014Dh
  dw 00280h,base+01F5Eh
  dw 00280h,base+0014Dh
  dw 00280h,base+00059h
  dw 00380h,base+00079h
  dw 00380h,base+004D8h
  dw 00380h,base+03F53h
  dw 00380h,base+03F53h
  dw 00380h,base+00306h
  dw 00381h,base+0179Eh
  dw 00100h,base+00001h

guilePage1frame013:
  db 032h,035h,066h,036h
  db 070h
  db 068h,02Fh,022h,06Ah,02Fh
  db 000h,000h
  db 000h,000h
  dw 00180h,base+00000h
  dw 0017Fh,base+00002h
  dw 00380h,base+00015h
  dw 00380h,base+01619h
  dw 0030Ah,base+01709h
  dw 00276h,base+00101h
  dw 0030Ah,base+03F56h
  dw 00376h,base+03F59h
  dw 00309h,base+00113h
  dw 00477h,base+03CE1h
  dw 00309h,base+03F5Ch
  dw 00577h,base+0369Dh
  dw 00309h,base+0080Eh
  dw 00576h,base+036A2h
  dw 0040Ah,base+03CE5h
  dw 00576h,base+036A7h
  dw 0040Ah,base+03CE9h
  dw 00576h,base+036ACh
  dw 00409h,base+03CEDh
  dw 00777h,base+02D22h
  dw 00409h,base+00E57h
  dw 00777h,base+02D29h
  dw 00409h,base+02DF8h
  dw 00777h,base+02D30h
  dw 00509h,base+036B1h
  dw 00777h,base+02D37h
  dw 00609h,base+0315Dh
  dw 00777h,base+02D3Eh
  dw 00608h,base+03163h
  dw 00875h,base+028CDh
  dw 00103h,base+000CFh
  dw 00708h,base+02D45h
  dw 00975h,base+02441h
  dw 00103h,base+000CFh
  dw 00709h,base+02D4Ch
  dw 00874h,base+028D5h
  dw 00203h,base+0018Ch
  dw 00809h,base+028DDh
  dw 00874h,base+028E5h
  dw 01480h,base+00465h
  dw 01480h,base+00479h
  dw 01480h,base+0048Dh
  dw 01480h,base+004A1h
  dw 01517h,base+00369h
  dw 00169h,base+00000h
  dw 01880h,base+0029Eh
  dw 01980h,base+0018Bh
  dw 01980h,base+001A4h
  dw 01980h,base+001BDh
  dw 01980h,base+001D6h
  dw 00203h,base+00C95h
  dw 0157Dh,base+0037Eh
  dw 00203h,base+01A6Ah
  dw 01580h,base+00393h
  dw 01480h,base+004B5h
  dw 01481h,base+004C9h
  dw 01280h,base+00657h
  dw 00D0Eh,base+012C1h
  dw 00272h,base+00086h
  dw 00D0Eh,base+012CEh
  dw 00272h,base+00079h
  dw 00509h,base+036B6h
  dw 00377h,base+02351h
  dw 0040Ah,base+03CF1h
  dw 00276h,base+00051h
  dw 00680h,base+03169h
  dw 00680h,base+0316Fh
  dw 00681h,base+03175h
  dw 00580h,base+036BBh
  dw 00580h,base+036C0h
  dw 00580h,base+036C5h
  dw 00580h,base+036CAh
  dw 00480h,base+03CF5h
  dw 00481h,base+03CF9h
  dw 00380h,base+03F5Fh
  dw 00381h,base+026D1h
  dw 00280h,base+00016h
  dw 00180h,base+00005h
  dw 00100h,base+00000h

guilePage1frame014:
  db 02Ch,040h,06Ah,032h
  db 07Eh
  db 071h,022h,023h,06Bh,02Dh
  db 000h,000h
  db 000h,000h
  dw 0017Fh,base+0000Ch
  dw 00280h,base+000D3h
  dw 00480h,base+00587h
  dw 00480h,base+03CFDh
  dw 00480h,base+03D01h
  dw 00480h,base+03D05h
  dw 00480h,base+03D09h
  dw 00480h,base+00255h
  dw 00480h,base+0128Bh
  dw 00480h,base+001D2h
  dw 00580h,base+036CFh
  dw 00580h,base+004C4h
  dw 00680h,base+0317Bh
  dw 00680h,base+03181h
  dw 00780h,base+02D53h
  dw 00880h,base+028EDh
  dw 00982h,base+0244Ah
  dw 00880h,base+028F5h
  dw 0087Eh,base+028FDh
  dw 00B7Fh,base+01B53h
  dw 00C7Fh,base+01688h
  dw 00D80h,base+012DBh
  dw 00E80h,base+0101Bh
  dw 00E7Fh,base+01029h
  dw 00F80h,base+00D0Eh
  dw 00F80h,base+00D1Dh
  dw 00E80h,base+01037h
  dw 00E80h,base+01045h
  dw 00E81h,base+01053h
  dw 00C80h,base+01694h
  dw 00B80h,base+01B5Eh
  dw 00B80h,base+01B69h
  dw 00A0Ch,base+01F96h
  dw 00274h,base+000B5h
  dw 0070Ch,base+02D5Ah
  dw 00274h,base+0212Eh
  dw 0070Bh,base+02D61h
  dw 00375h,base+01FC5h
  dw 0070Bh,base+0143Ah
  dw 00370h,base+03F62h
  dw 00205h,base+00169h
  dw 0080Bh,base+0143Ah
  dw 0036Fh,base+03F65h
  dw 00306h,base+03F68h
  dw 0090Bh,base+02453h
  dw 0036Fh,base+005CDh
  dw 00306h,base+03F68h
  dw 0090Bh,base+0245Ch
  dw 0036Fh,base+00CCEh
  dw 00306h,base+03F6Bh
  dw 0090Ch,base+02465h
  dw 0026Eh,base+00005h
  dw 00306h,base+03F6Eh
  dw 00A0Ch,base+01FA0h
  dw 0036Eh,base+03F71h
  dw 00305h,base+03F6Eh
  dw 00B0Dh,base+01B74h
  dw 0036Eh,base+03CF7h
  dw 00305h,base+03F74h
  dw 0107Bh,base+009A8h
  dw 00305h,base+03F77h
  dw 0107Bh,base+009B8h
  dw 00205h,base+00367h
  dw 0107Bh,base+009C8h
  dw 00205h,base+00D9Bh
  dw 0107Bh,base+009D8h
  dw 0157Fh,base+003A8h
  dw 01680h,base+002E5h
  dw 01680h,base+002FBh
  dw 01680h,base+00311h
  dw 01580h,base+003BDh
  dw 01480h,base+004DDh
  dw 01481h,base+004F1h
  dw 01080h,base+009E8h
  dw 00E81h,base+01061h
  dw 00607h,base+03187h
  dw 00681h,base+0318Dh
  dw 00580h,base+036D4h
  dw 00580h,base+036D9h
  dw 00580h,base+036DEh
  dw 0057Fh,base+036E3h
  dw 00680h,base+03193h
  dw 00780h,base+02D68h
  dw 00781h,base+02D6Fh
  dw 00600h,base+03199h

guilePage1frame015:
  db 032h,034h,066h,039h
  db 086h
  db 066h,032h,021h,067h,030h
  db 000h,000h
  db 000h,000h
  dw 00280h,base+00155h
  dw 00280h,base+00350h
  dw 0027Fh,base+00049h
  dw 00480h,base+03D0Dh
  dw 00480h,base+03D11h
  dw 00480h,base+03D15h
  dw 00580h,base+036E8h
  dw 00580h,base+036EDh
  dw 0057Fh,base+036F2h
  dw 00680h,base+0319Fh
  dw 00680h,base+031A5h
  dw 00681h,base+031ABh
  dw 0067Ah,base+031B1h
  dw 00207h,base+00051h
  dw 00578h,base+036F7h
  dw 00407h,base+03D19h
  dw 00676h,base+031B7h
  dw 00103h,base+0007Ah
  dw 00D7Ch,base+012E8h
  dw 00204h,base+0007Ah
  dw 00D7Ah,base+012F5h
  dw 01380h,base+00541h
  dw 0137Fh,base+00554h
  dw 01416h,base+00505h
  dw 0016Ah,base+00123h
  dw 01416h,base+00519h
  dw 00169h,base+000CFh
  dw 01516h,base+003D2h
  dw 0026Ah,base+01189h
  dw 01980h,base+001EFh
  dw 01980h,base+00208h
  dw 01980h,base+00221h
  dw 01980h,base+0023Ah
  dw 01981h,base+00253h
  dw 00103h,base+00000h
  dw 01580h,base+003E7h
  dw 01580h,base+003FCh
  dw 01580h,base+00411h
  dw 01581h,base+00426h
  dw 01380h,base+00567h
  dw 00809h,base+02905h
  dw 00709h,base+02D76h
  dw 0016Eh,base+00123h
  dw 00809h,base+0290Dh
  dw 00709h,base+02D7Dh
  dw 0016Eh,base+00000h
  dw 0080Ah,base+02915h
  dw 00676h,base+031BDh
  dw 0080Ah,base+0291Dh
  dw 00676h,base+031C3h
  dw 0080Bh,base+02925h
  dw 00675h,base+031C9h
  dw 0080Bh,base+0292Dh
  dw 00675h,base+031CFh
  dw 0080Ch,base+02935h
  dw 00575h,base+036FCh
  dw 0060Bh,base+031D5h
  dw 00575h,base+03701h
  dw 0060Bh,base+031DBh
  dw 00475h,base+03D1Dh
  dw 0060Bh,base+031E1h
  dw 00475h,base+03D21h
  dw 0060Bh,base+031E7h
  dw 00476h,base+03D25h
  dw 0050Ah,base+03706h
  dw 00476h,base+03D29h
  dw 0040Ah,base+03D2Dh
  dw 00476h,base+03D31h
  dw 0040Ah,base+03D35h
  dw 00477h,base+03D39h
  dw 00309h,base+03F7Ah
  dw 00478h,base+03D3Dh
  dw 00108h,base+0006Eh
  dw 00481h,base+03D41h
  dw 00280h,base+00016h
  dw 00280h,base+01344h
  dw 00281h,base+00206h
  dw 00100h,base+00000h

guilePage1frame016:
  db 02Ch,05Ch,06Ch,02Ch
  db 086h
  db 06Eh,02Ah,030h,06Eh,028h
  db 000h,000h
  db 000h,000h
  dw 00280h,base+00060h
  dw 00280h,base+00864h
  dw 0037Fh,base+00864h
  dw 00480h,base+03D45h
  dw 00580h,base+0370Bh
  dw 00580h,base+03710h
  dw 00580h,base+03715h
  dw 00680h,base+031EDh
  dw 00680h,base+031F3h
  dw 00680h,base+031F9h
  dw 00680h,base+031FFh
  dw 00681h,base+03205h
  dw 00508h,base+0371Ah
  dw 00178h,base+00005h
  dw 00980h,base+0246Eh
  dw 0097Fh,base+02477h
  dw 00A80h,base+01FAAh
  dw 00A7Fh,base+01FB4h
  dw 00B80h,base+01B7Fh
  dw 00B78h,base+01B8Ah
  dw 00208h,base+00389h
  dw 00B78h,base+01B95h
  dw 00307h,base+014D3h
  dw 00C78h,base+016A0h
  dw 00508h,base+0371Fh
  dw 00C78h,base+016ACh
  dw 00508h,base+03724h
  dw 00C78h,base+016B8h
  dw 00608h,base+0320Bh
  dw 00C78h,base+016C4h
  dw 00608h,base+03211h
  dw 00A0Bh,base+01FBEh
  dw 0016Dh,base+000CFh
  dw 00608h,base+03217h
  dw 0090Bh,base+02480h
  dw 0016Dh,base+00000h
  dw 00608h,base+0321Dh
  dw 00A78h,base+01FC8h
  dw 00607h,base+03223h
  dw 00B79h,base+01BA0h
  dw 01280h,base+00669h
  dw 01280h,base+0067Bh
  dw 01280h,base+0068Dh
  dw 01280h,base+0069Fh
  dw 01280h,base+006B1h
  dw 01280h,base+006C3h
  dw 01280h,base+006D5h
  dw 01280h,base+006E7h
  dw 00C0Dh,base+016D0h
  dw 00573h,base+03729h
  dw 00B0Dh,base+01BABh
  dw 00573h,base+0372Eh
  dw 00304h,base+00175h
  dw 00709h,base+02D84h
  dw 00473h,base+021E4h
  dw 00305h,base+00A85h
  dw 00609h,base+03229h
  dw 00372h,base+00760h
  dw 00305h,base+00179h
  dw 00609h,base+0322Fh
  dw 00373h,base+03F7Dh
  dw 00204h,base+0014Dh
  dw 00609h,base+03235h
  dw 00273h,base+01553h
  dw 00204h,base+0014Dh
  dw 0060Ah,base+0323Bh
  dw 00172h,base+0007Ah
  dw 00204h,base+0014Dh
  dw 0057Ch,base+03733h
  dw 00304h,base+001B6h
  dw 0057Ch,base+03738h
  dw 00304h,base+02CBDh
  dw 0057Bh,base+0373Dh
  dw 00405h,base+02CCAh
  dw 0057Bh,base+03742h
  dw 00405h,base+02D56h
  dw 0057Bh,base+03747h
  dw 00305h,base+001D2h
  dw 0057Ah,base+0374Ch
  dw 00406h,base+001EBh
  dw 0057Ah,base+03751h
  dw 00306h,base+00176h
  dw 00579h,base+03756h
  dw 00407h,base+03D49h
  dw 00579h,base+0375Bh
  dw 00307h,base+03D49h
  dw 00579h,base+03760h
  dw 00307h,base+0017Ah
  dw 00579h,base+03765h
  dw 00207h,base+00103h
  dw 00580h,base+0376Ah
  dw 00580h,base+0376Fh
  dw 00580h,base+03774h
  dw 00580h,base+03779h
  dw 00480h,base+03D4Dh
  dw 00480h,base+03D51h
  dw 00480h,base+0037Fh
  dw 00480h,base+03D55h
  dw 00480h,base+03D59h
  dw 00480h,base+03D5Dh
  dw 00480h,base+03D61h
  dw 00480h,base+03D65h
  dw 00480h,base+03D69h
  dw 00480h,base+03D6Dh
  dw 00380h,base+009ADh
  dw 00380h,base+0039Dh
  dw 00380h,base+006DEh
  dw 00380h,base+01B96h
  dw 00380h,base+0002Bh
  dw 00380h,base+01B96h
  dw 00380h,base+00077h
  dw 00380h,base+001D2h
  dw 00380h,base+003B3h
  dw 00380h,base+001D2h
  dw 00380h,base+003B3h
  dw 00380h,base+001D2h
  dw 00380h,base+02E6Ah
  dw 00380h,base+001D2h
  dw 00380h,base+03630h
  dw 00380h,base+001D2h
  dw 00380h,base+000E5h
  dw 00380h,base+001B6h
  dw 00380h,base+00B7Ah
  dw 00380h,base+03F80h
  dw 00380h,base+03F80h
  dw 00380h,base+01EA4h
  dw 00280h,base+00027h
  dw 00200h,base+00B90h

guilePage1frame017:
  db 03Ah,050h,054h,034h
  db 070h
  db 053h,03Bh,017h,06Eh,022h
  db 053h,03Fh
  db 06Dh,047h
  dw 0077Eh,base+02615h
  dw 00881h,base+021F8h
  dw 00781h,base+0261Dh
  dw 00680h,base+02FADh
  dw 00681h,base+02FB3h
  dw 00580h,base+01E06h
  dw 00580h,base+0377Eh
  dw 00880h,base+0293Dh
  dw 00980h,base+02489h
  dw 00A7Dh,base+01FD2h
  dw 00D7Dh,base+01302h
  dw 0107Dh,base+009F8h
  dw 0137Ah,base+0057Ah
  dw 01980h,base+0026Ch
  dw 01980h,base+00285h
  dw 01A80h,base+00123h
  dw 01A80h,base+0013Dh
  dw 01A80h,base+00157h
  dw 00305h,base+03F83h
  dw 00305h,base+0020Bh
  dw 01077h,base+00A08h
  dw 00205h,base+0005Bh
  dw 00108h,base+0007Ah
  dw 00C73h,base+016DCh
  dw 0010Eh,base+0007Ah
  dw 00B80h,base+01BB6h
  dw 00B80h,base+01BC1h
  dw 00A81h,base+01FDCh
  dw 00980h,base+02492h
  dw 00981h,base+0249Bh
  dw 00881h,base+02945h
  dw 00780h,base+02C48h
  dw 00780h,base+02D8Bh
  dw 00780h,base+02D92h
  dw 00680h,base+03241h
  dw 00680h,base+03247h
  dw 00780h,base+02D99h
  dw 00780h,base+02DA0h
  dw 00780h,base+02DA7h
  dw 0077Fh,base+02DAEh
  dw 00880h,base+0294Dh
  dw 00880h,base+02955h
  dw 00980h,base+024A4h
  dw 0097Fh,base+024ADh
  dw 00A80h,base+01FE6h
  dw 00A7Fh,base+01FF0h
  dw 00B80h,base+01BCCh
  dw 00B80h,base+01BD7h
  dw 00B7Fh,base+01BE2h
  dw 00C80h,base+016E8h
  dw 00C80h,base+016F4h
  dw 00C80h,base+01700h
  dw 00506h,base+03783h
  dw 00679h,base+0324Dh
  dw 00608h,base+03253h
  dw 00578h,base+03788h
  dw 00508h,base+0378Dh
  dw 00578h,base+03792h
  dw 00508h,base+03797h
  dw 00578h,base+0379Ch
  dw 00508h,base+037A1h
  dw 00578h,base+037A6h
  dw 00508h,base+037ABh
  dw 00478h,base+00FF7h
  dw 00508h,base+037B0h
  dw 00578h,base+037B5h
  dw 00508h,base+037BAh
  dw 00578h,base+037BFh
  dw 00608h,base+03259h
  dw 00579h,base+037C4h
  dw 00507h,base+037C9h
  dw 00579h,base+037CEh
  dw 00507h,base+037D3h
  dw 00579h,base+037D8h
  dw 00507h,base+037DDh
  dw 0067Ah,base+0325Fh
  dw 00407h,base+02584h
  dw 00579h,base+037E2h
  dw 00407h,base+03D71h
  dw 00579h,base+037E7h
  dw 00307h,base+0270Ch
  dw 00579h,base+037ECh
  dw 00307h,base+00483h
  dw 00579h,base+037F1h
  dw 00308h,base+007D9h
  dw 00478h,base+00394h
  dw 00308h,base+03F86h
  dw 00578h,base+037F6h
  dw 00308h,base+0007Ah
  dw 00579h,base+037FBh
  dw 00208h,base+000D3h
  dw 00478h,base+03D75h
  dw 00209h,base+0014Dh
  dw 00377h,base+00179h
  dw 00209h,base+000D3h
  dw 00377h,base+001B7h
  dw 00209h,base+0014Dh
  dw 00376h,base+001D2h
  dw 0030Ah,base+00F3Dh
  dw 00376h,base+0019Dh
  dw 0040Bh,base+03C91h
  dw 00274h,base+0014Dh
  dw 0050Ch,base+03800h
  dw 00373h,base+034F9h
  dw 0060Dh,base+03265h
  dw 00373h,base+00A92h
  dw 0060Dh,base+00206h
  dw 00372h,base+00253h
  dw 0060Eh,base+0326Bh
  dw 00372h,base+0357Bh
  dw 0050Eh,base+03805h
  dw 00372h,base+00324h
  dw 0030Eh,base+002CFh
  dw 00373h,base+000E5h
  dw 0020Dh,base+003BBh
  dw 00380h,base+00256h
  dw 00200h,base+0018Ah

guilePage1frame018:
  db 022h,054h,06Ah,031h
  db 07Ch
  db 06Fh,022h,031h,071h,022h
  db 000h,000h
  db 000h,000h
  dw 0027Eh,base+0184Ah
  dw 00407h,base+03D79h
  dw 00178h,base+00000h
  dw 00407h,base+03D7Dh
  dw 00278h,base+0015Bh
  dw 00508h,base+0380Ah
  dw 00377h,base+00E07h
  dw 00608h,base+03271h
  dw 00477h,base+03D81h
  dw 00709h,base+02DB5h
  dw 00478h,base+03D85h
  dw 00607h,base+03277h
  dw 0057Ah,base+0380Fh
  dw 00B80h,base+01BEDh
  dw 00B81h,base+01BF8h
  dw 00A80h,base+01FFAh
  dw 00A80h,base+02004h
  dw 00A7Fh,base+0200Eh
  dw 00B7Fh,base+01C03h
  dw 00C80h,base+0170Ch
  dw 00C80h,base+01718h
  dw 00C7Fh,base+01724h
  dw 00D80h,base+0130Fh
  dw 00D80h,base+0131Ch
  dw 00D80h,base+01329h
  dw 00A80h,base+02018h
  dw 00A80h,base+02022h
  dw 00A80h,base+0202Ch
  dw 00A80h,base+02036h
  dw 00A80h,base+02040h
  dw 00A80h,base+0204Ah
  dw 00A80h,base+02054h
  dw 00881h,base+0295Dh
  dw 00780h,base+02DBCh
  dw 00780h,base+02DC3h
  dw 00780h,base+02DCAh
  dw 00780h,base+02DD1h
  dw 00780h,base+02DD8h
  dw 00681h,base+0327Dh
  dw 00580h,base+03814h
  dw 00580h,base+00613h
  dw 00680h,base+03283h
  dw 0067Fh,base+03289h
  dw 00780h,base+02DDFh
  dw 00780h,base+02DE6h
  dw 00780h,base+02DEDh
  dw 00880h,base+02965h
  dw 00880h,base+0296Dh
  dw 00980h,base+024B6h
  dw 00980h,base+024BFh
  dw 00A80h,base+0205Eh
  dw 00A80h,base+02068h
  dw 00B80h,base+01C0Eh
  dw 00B80h,base+01C19h
  dw 00C80h,base+01730h
  dw 00C80h,base+0173Ch
  dw 00C80h,base+01748h
  dw 00C80h,base+01754h
  dw 00D81h,base+01336h
  dw 00506h,base+03819h
  dw 0067Ah,base+0328Fh
  dw 00507h,base+0381Eh
  dw 00579h,base+03823h
  dw 00507h,base+03828h
  dw 00579h,base+0382Dh
  dw 00507h,base+03832h
  dw 00579h,base+03837h
  dw 00507h,base+0383Ch
  dw 00479h,base+03D89h
  dw 00507h,base+03841h
  dw 00479h,base+03D8Dh
  dw 00507h,base+03846h
  dw 00478h,base+03D91h
  dw 00608h,base+03295h
  dw 00478h,base+0008Dh
  dw 00608h,base+0329Bh
  dw 00478h,base+03D95h
  dw 00608h,base+032A1h
  dw 00377h,base+00306h
  dw 00609h,base+032A7h
  dw 00377h,base+0020Bh
  dw 00609h,base+032ADh
  dw 00377h,base+001B6h
  dw 00609h,base+032B3h
  dw 00277h,base+0014Dh
  dw 00509h,base+0384Bh
  dw 00276h,base+0014Dh
  dw 0060Ah,base+032B9h
  dw 00276h,base+000E6h
  dw 00509h,base+03850h
  dw 00377h,base+004D8h
  dw 00509h,base+03855h
  dw 00476h,base+03D99h
  dw 0050Ah,base+0385Ah
  dw 00476h,base+02CAEh
  dw 0040Ah,base+03D9Dh
  dw 00475h,base+038BEh
  dw 0040Bh,base+0019Eh
  dw 00575h,base+0072Fh
  dw 0040Ch,base+03DA1h
  dw 00474h,base+030BAh
  dw 0030Dh,base+0128Ch
  dw 00473h,base+03DA5h
  dw 0030Dh,base+03F89h
  dw 00473h,base+0048Bh
  dw 0030Eh,base+0019Eh
  dw 00372h,base+03F1Fh
  dw 0030Eh,base+00222h
  dw 00273h,base+0014Dh
  dw 00380h,base+000D4h
  dw 00380h,base+00BDFh
  dw 00380h,base+01619h
  dw 00380h,base+01619h
  dw 00381h,base+02A34h
  dw 00200h,base+0001Ah

guilePage1frame019:
  db 040h,052h,044h,032h
  db 068h
  db 044h,041h,018h,05Fh,026h
  db 045h,03Ah
  db 060h,045h
  dw 0067Fh,base+032BFh
  dw 00780h,base+02DF4h
  dw 00781h,base+02DFBh
  dw 00680h,base+032C5h
  dw 00681h,base+032CBh
  dw 00480h,base+03DA9h
  dw 00480h,base+03DADh
  dw 0046Eh,base+02A34h
  dw 0010Eh,base+00000h
  dw 00304h,base+0012Ch
  dw 0046Eh,base+03DB1h
  dw 0020Bh,base+0005Bh
  dw 00C74h,base+01760h
  dw 0030Bh,base+03F8Ch
  dw 00D75h,base+01343h
  dw 00308h,base+01AC0h
  dw 01315h,base+0058Dh
  dw 00163h,base+00000h
  dw 01C1Dh,base+000D0h
  dw 00263h,base+00003h
  dw 01F81h,base+00000h
  dw 01E80h,base+0001Fh
  dw 01E80h,base+0003Dh
  dw 01E81h,base+0005Bh
  dw 01D84h,base+00079h
  dw 01A81h,base+00171h
  dw 00209h,base+0014Dh
  dw 01080h,base+00A18h
  dw 01080h,base+00A28h
  dw 01081h,base+00A38h
  dw 00F80h,base+00D2Ch
  dw 00F80h,base+00D3Bh
  dw 0090Ah,base+024C8h
  dw 00576h,base+0385Fh
  dw 0090Bh,base+024D1h
  dw 00476h,base+0370Fh
  dw 0080Bh,base+02975h
  dw 00375h,base+00AA1h
  dw 0070Bh,base+02975h
  dw 00375h,base+00B9Fh
  dw 0070Ch,base+02975h
  dw 00274h,base+00005h
  dw 0070Ch,base+02457h
  dw 00275h,base+00079h
  dw 0067Fh,base+02458h
  dw 00780h,base+02E02h
  dw 00780h,base+02E09h
  dw 00780h,base+02E10h
  dw 00780h,base+02E17h
  dw 00780h,base+02E1Eh
  dw 0077Fh,base+02E25h
  dw 0087Fh,base+0297Dh
  dw 00A80h,base+02072h
  dw 00B7Fh,base+01C24h
  dw 00C80h,base+0176Ch
  dw 00C80h,base+01778h
  dw 00D80h,base+01350h
  dw 00D80h,base+0135Dh
  dw 00D7Fh,base+0136Ah
  dw 00F80h,base+00D4Ah
  dw 00F80h,base+00D59h
  dw 00708h,base+02E2Ch
  dw 00778h,base+02E33h
  dw 00608h,base+032D1h
  dw 00778h,base+02E3Ah
  dw 00609h,base+032D7h
  dw 00677h,base+032DDh
  dw 00609h,base+032E3h
  dw 00677h,base+032E9h
  dw 0060Ah,base+032EFh
  dw 00576h,base+03864h
  dw 0050Ah,base+03869h
  dw 00576h,base+0386Eh
  dw 0050Bh,base+03873h
  dw 00475h,base+00D2Dh
  dw 0050Bh,base+03878h
  dw 00474h,base+03DB5h
  dw 0060Dh,base+032F5h
  dw 00473h,base+03DB9h
  dw 0050Ch,base+0387Dh
  dw 00574h,base+03882h
  dw 0050Ch,base+03887h
  dw 00573h,base+0388Ch
  dw 0060Dh,base+032FBh
  dw 00573h,base+03891h
  dw 0050Dh,base+03896h
  dw 00573h,base+0389Bh
  dw 0050Dh,base+038A0h
  dw 00573h,base+038A5h
  dw 0050Dh,base+038AAh
  dw 00573h,base+038AFh
  dw 0050Dh,base+038B4h
  dw 00573h,base+038B9h
  dw 0040Dh,base+03DBDh
  dw 00473h,base+03DC1h
  dw 0040Eh,base+03DC5h
  dw 00372h,base+00EA1h
  dw 0040Eh,base+03DC9h
  dw 00372h,base+01CD5h
  dw 0030Eh,base+01F4Ah
  dw 00371h,base+001D2h
  dw 0040Fh,base+001ECh
  dw 00371h,base+001D2h
  dw 0030Fh,base+001D2h
  dw 00371h,base+001D2h
  dw 0030Fh,base+001D2h
  dw 00371h,base+001D2h
  dw 0030Fh,base+001D2h
  dw 00370h,base+001D2h
  dw 00410h,base+02CAEh
  dw 00370h,base+001D2h
  dw 00310h,base+00175h
  dw 00370h,base+00F3Dh
  dw 00310h,base+03E76h
  dw 00370h,base+001E9h
  dw 00310h,base+03F4Dh
  dw 00470h,base+00206h
  dw 00310h,base+001B6h
  dw 00470h,base+001D2h
  dw 00310h,base+001B6h
  dw 00570h,base+038BEh
  dw 00310h,base+001D2h
  dw 00670h,base+03301h
  dw 00410h,base+002B2h
  dw 00670h,base+0072Fh
  dw 00412h,base+002B2h
  dw 0046Eh,base+03DCDh
  dw 00412h,base+00255h
  dw 0046Fh,base+001ECh
  dw 00312h,base+00256h
  dw 00300h,base+00256h

guilePage1frame020:
  db 022h,04Fh,068h,036h
  db 078h
  db 068h,022h,030h,068h,026h
  db 000h,000h
  db 000h,000h
  dw 0067Fh,base+03307h
  dw 0087Fh,base+02985h
  dw 0087Fh,base+0298Dh
  dw 0097Fh,base+024DAh
  dw 00980h,base+024E3h
  dw 00980h,base+024ECh
  dw 0097Dh,base+024F5h
  dw 00C80h,base+01784h
  dw 00C80h,base+01790h
  dw 00C80h,base+0179Ch
  dw 00306h,base+00EE3h
  dw 00779h,base+02E41h
  dw 00407h,base+03DD1h
  dw 00779h,base+02E48h
  dw 00407h,base+03DD5h
  dw 00879h,base+02995h
  dw 00406h,base+03DD9h
  dw 0097Bh,base+024FEh
  dw 00205h,base+00451h
  dw 00980h,base+02507h
  dw 00980h,base+02510h
  dw 00980h,base+02519h
  dw 00A80h,base+0207Ch
  dw 00A81h,base+02086h
  dw 00980h,base+02522h
  dw 00980h,base+0252Bh
  dw 00A80h,base+02090h
  dw 00A81h,base+0209Ah
  dw 00980h,base+02534h
  dw 00880h,base+0299Dh
  dw 00880h,base+029A5h
  dw 00780h,base+02E4Fh
  dw 00580h,base+00051h
  dw 0057Fh,base+038C3h
  dw 0067Fh,base+0330Dh
  dw 00780h,base+02E56h
  dw 0077Fh,base+02E5Dh
  dw 00880h,base+029ADh
  dw 0097Fh,base+0253Dh
  dw 00A80h,base+020A4h
  dw 00A7Fh,base+020AEh
  dw 00B80h,base+01C2Fh
  dw 00B80h,base+01C3Ah
  dw 00A7Fh,base+020B8h
  dw 00B80h,base+01C45h
  dw 00B80h,base+01C50h
  dw 00A7Fh,base+020C2h
  dw 00B80h,base+01C5Bh
  dw 00B80h,base+01C66h
  dw 00A80h,base+020CCh
  dw 00A80h,base+020D6h
  dw 00A80h,base+020E0h
  dw 00980h,base+02546h
  dw 00980h,base+0254Fh
  dw 00980h,base+02558h
  dw 00980h,base+02561h
  dw 00880h,base+029B5h
  dw 00980h,base+0256Ah
  dw 00A80h,base+020EAh
  dw 00A81h,base+020F4h
  dw 00A80h,base+020FEh
  dw 00A81h,base+02108h
  dw 00981h,base+02573h
  dw 00881h,base+029BDh
  dw 00781h,base+02E64h
  dw 00781h,base+02E6Bh
  dw 00680h,base+03313h
  dw 00680h,base+03319h
  dw 00680h,base+0331Fh
  dw 00780h,base+02E72h
  dw 00880h,base+029C5h
  dw 00880h,base+029CDh
  dw 00304h,base+0019Eh
  dw 0047Bh,base+001ECh
  dw 00405h,base+02C3Bh
  dw 0047Bh,base+0308Bh
  dw 00406h,base+00665h
  dw 0037Ah,base+001B7h
  dw 00306h,base+0128Ch
  dw 0037Ah,base+001B8h
  dw 00306h,base+00179h
  dw 0037Bh,base+001D2h
  dw 00105h,base+0007Ah
  dw 00380h,base+001B8h
  dw 00380h,base+001D2h
  dw 0037Fh,base+001B7h
  dw 00480h,base+02CAEh
  dw 00480h,base+00665h
  dw 00380h,base+00179h
  dw 00300h,base+001D2h

guilePage1frame021:
  db 044h,052h,046h,032h
  db 076h
  db 06Bh,022h,01Fh,055h,02Ah
  db 046h,063h
  db 066h,05Eh
  dw 0037Fh,base+02CF9h
  dw 0057Fh,base+038C8h
  dw 00680h,base+03325h
  dw 00781h,base+02E79h
  dw 00780h,base+02E80h
  dw 00980h,base+0257Ch
  dw 00A80h,base+02112h
  dw 00B80h,base+01C71h
  dw 00B7Fh,base+01C7Ch
  dw 00C7Fh,base+017A8h
  dw 00D80h,base+01377h
  dw 0070Ah,base+02E87h
  dw 00376h,base+03F8Fh
  dw 0070Ah,base+02E8Eh
  dw 00376h,base+03F92h
  dw 0070Ah,base+02E95h
  dw 00176h,base+0001Ch
  dw 00708h,base+02E9Ch
  dw 00178h,base+0007Ah
  dw 00A80h,base+0211Ch
  dw 00A80h,base+02126h
  dw 00A80h,base+02130h
  dw 00A80h,base+0213Ah
  dw 00A80h,base+02144h
  dw 00A80h,base+0214Eh
  dw 00A80h,base+02158h
  dw 00980h,base+02585h
  dw 00980h,base+0258Eh
  dw 00881h,base+029D5h
  dw 00780h,base+02EA3h
  dw 00680h,base+00459h
  dw 00680h,base+0332Bh
  dw 0067Fh,base+03331h
  dw 0077Ch,base+02EAAh
  dw 00B7Fh,base+01C87h
  dw 00C7Eh,base+017B4h
  dw 00E80h,base+0106Fh
  dw 00E80h,base+0107Dh
  dw 00E7Eh,base+0108Bh
  dw 0107Eh,base+00A48h
  dw 0127Fh,base+006F9h
  dw 01380h,base+005A0h
  dw 0137Fh,base+005B3h
  dw 0147Fh,base+0052Dh
  dw 0157Fh,base+0043Bh
  dw 01680h,base+00327h
  dw 00D10h,base+01384h
  dw 0056Eh,base+0054Dh
  dw 00D12h,base+01391h
  dw 0056Eh,base+038CDh
  dw 00B12h,base+01C92h
  dw 0056Dh,base+038D2h
  dw 00B13h,base+01C9Dh
  dw 0056Dh,base+038D7h
  dw 00607h,base+03337h
  dw 0030Ch,base+012F8h
  dw 0056Ch,base+038DCh
  dw 00514h,base+001ECh
  dw 0056Bh,base+038E1h
  dw 00514h,base+001EBh
  dw 0056Ch,base+038E6h
  dw 00414h,base+002B1h
  dw 0056Bh,base+038EBh
  dw 00415h,base+02CAEh
  dw 0056Bh,base+038F0h
  dw 00415h,base+01C07h
  dw 0056Bh,base+038F5h
  dw 00315h,base+00B97h
  dw 0046Bh,base+00BE5h
  dw 00215h,base+0007Ah
  dw 0046Ch,base+00469h
  dw 00114h,base+0007Ah
  dw 00480h,base+03DDDh
  dw 00480h,base+03DE1h
  dw 00480h,base+03DE5h
  dw 00580h,base+038FAh
  dw 00580h,base+038FFh
  dw 00580h,base+03904h
  dw 00580h,base+03909h
  dw 00581h,base+0390Eh
  dw 00480h,base+03DE9h
  dw 00480h,base+03DEDh
  dw 00480h,base+03DF1h
  dw 00480h,base+03DF5h
  dw 00480h,base+03DF9h
  dw 00481h,base+025CDh
  dw 00380h,base+001B4h
  dw 00380h,base+0063Ah
  dw 00380h,base+03D49h
  dw 00380h,base+03D49h
  dw 00380h,base+000E5h
  dw 00380h,base+001D2h
  dw 00380h,base+001D2h
  dw 0037Eh,base+0017Ah
  dw 00580h,base+0026Ch
  dw 0057Fh,base+03913h
  dw 00680h,base+0333Dh
  dw 00680h,base+03343h
  dw 00681h,base+03349h
  dw 00200h,base+0000Dh

guilePage1frame022:
  db 026h,058h,060h,02Ch
  db 07Ah
  db 061h,022h,031h,06Ah,022h
  db 000h,000h
  db 000h,000h
  dw 0037Fh,base+03F95h
  dw 00580h,base+03918h
  dw 00681h,base+0334Fh
  dw 00580h,base+0391Dh
  dw 00680h,base+03355h
  dw 0067Eh,base+0335Bh
  dw 00102h,base+00000h
  dw 0067Dh,base+03361h
  dw 00203h,base+005D8h
  dw 0057Dh,base+03922h
  dw 0087Fh,base+029DDh
  dw 00880h,base+029E5h
  dw 00880h,base+029EDh
  dw 00882h,base+029F5h
  dw 00780h,base+02EB1h
  dw 00780h,base+02EB8h
  dw 00780h,base+02EBFh
  dw 00780h,base+02EC6h
  dw 00780h,base+02ECDh
  dw 00780h,base+02ED4h
  dw 00776h,base+02EDBh
  dw 0020Ah,base+00101h
  dw 00776h,base+02EE2h
  dw 00409h,base+00537h
  dw 00876h,base+029FDh
  dw 0050Ah,base+03927h
  dw 00876h,base+02A05h
  dw 0060Ah,base+03367h
  dw 00776h,base+02EE9h
  dw 0070Ah,base+02EF0h
  dw 00776h,base+02EF7h
  dw 0080Ah,base+02A0Dh
  dw 00776h,base+02EFEh
  dw 0080Ah,base+02A15h
  dw 00776h,base+02F05h
  dw 01180h,base+007CDh
  dw 01180h,base+007DEh
  dw 01180h,base+007EFh
  dw 01180h,base+00800h
  dw 01180h,base+00811h
  dw 01080h,base+00A58h
  dw 01081h,base+00A68h
  dw 00E80h,base+01099h
  dw 00C80h,base+017C0h
  dw 00C81h,base+017CCh
  dw 00B80h,base+01CA8h
  dw 00304h,base+001D2h
  dw 0077Dh,base+02F0Ch
  dw 00204h,base+0014Dh
  dw 0057Ch,base+024BFh
  dw 00304h,base+001D2h
  dw 0057Ch,base+01BC1h
  dw 00305h,base+00542h
  dw 0047Bh,base+01417h
  dw 00305h,base+00732h
  dw 0047Bh,base+00051h
  dw 00405h,base+001D2h
  dw 0047Bh,base+0035Fh
  dw 00405h,base+03DFDh
  dw 0047Ah,base+03E01h
  dw 00506h,base+001B6h
  dw 0057Ah,base+0392Ch
  dw 00406h,base+001D2h
  dw 00579h,base+03931h
  dw 00507h,base+02E6Dh
  dw 00579h,base+03936h
  dw 00407h,base+03E05h
  dw 00579h,base+0393Bh
  dw 00307h,base+00079h
  dw 00579h,base+03940h
  dw 00307h,base+001D2h
  dw 00579h,base+03945h
  dw 00207h,base+0014Dh
  dw 0057Ah,base+0394Ah
  dw 00106h,base+0007Ah
  dw 00580h,base+0394Fh
  dw 00580h,base+03954h
  dw 0047Fh,base+03E09h
  dw 00580h,base+03959h
  dw 00580h,base+0395Eh
  dw 00480h,base+03E0Dh
  dw 00480h,base+00338h
  dw 00480h,base+03E11h
  dw 00480h,base+03E15h
  dw 00480h,base+03E19h
  dw 00480h,base+009C3h
  dw 00480h,base+03E1Dh
  dw 00480h,base+03E21h
  dw 00480h,base+03E25h
  dw 00480h,base+03E29h
  dw 00481h,base+03E2Dh
  dw 00380h,base+0084Bh
  dw 00380h,base+03F98h
  dw 00380h,base+01846h
  dw 00380h,base+0012Ch
  dw 00380h,base+00177h
  dw 00380h,base+001D2h
  dw 00380h,base+001D2h
  dw 00280h,base+0014Dh
  dw 00280h,base+0014Dh
  dw 00280h,base+000D4h
  dw 00280h,base+00091h
  dw 00280h,base+00091h
  dw 00280h,base+0014Dh
  dw 00280h,base+00298h
  dw 00280h,base+0002Dh
  dw 0027Fh,base+0014Dh
  dw 00380h,base+001D2h
  dw 00380h,base+001D2h
  dw 00380h,base+002D1h
  dw 00381h,base+002D1h
  dw 00200h,base+0014Dh

guilePage1frame023:
  db 03Ah,05Ah,04Eh,02Ah
  db 04Eh
  db 04Dh,039h,026h,06Ah,023h
  db 04Dh,03Eh
  db 06Bh,03Eh
  dw 00280h,base+0014Dh
  dw 00280h,base+0014Dh
  dw 00280h,base+0007Ah
  dw 00380h,base+001B7h
  dw 00480h,base+02C2Dh
  dw 00417h,base+02FF7h
  dw 0026Ah,base+00155h
  dw 00413h,base+03E31h
  dw 00203h,base+007BEh
  dw 0036Ah,base+03E39h
  dw 00412h,base+03E35h
  dw 00304h,base+03F9Bh
  dw 0046Bh,base+03E39h
  dw 00411h,base+03E3Dh
  dw 00304h,base+00542h
  dw 0046Bh,base+03E41h
  dw 00411h,base+03E45h
  dw 00304h,base+00120h
  dw 0056Ch,base+03963h
  dw 00410h,base+03E49h
  dw 00970h,base+02597h
  dw 0050Fh,base+03968h
  dw 00A72h,base+02162h
  dw 0050Eh,base+0396Dh
  dw 00B72h,base+01CB3h
  dw 0060Eh,base+0336Dh
  dw 00B72h,base+01CBEh
  dw 0060Eh,base+03373h
  dw 00A73h,base+0216Ch
  dw 0050Dh,base+03972h
  dw 00973h,base+025A0h
  dw 0060Dh,base+03379h
  dw 00974h,base+025A9h
  dw 0050Ch,base+03977h
  dw 00974h,base+025B2h
  dw 0070Ch,base+02F13h
  dw 00974h,base+025BBh
  dw 0080Ch,base+02A1Dh
  dw 00A75h,base+02176h
  dw 0070Bh,base+02F1Ah
  dw 00A75h,base+02180h
  dw 0080Bh,base+02A25h
  dw 00B75h,base+01CC9h
  dw 0080Bh,base+02A2Dh
  dw 00B76h,base+01CD4h
  dw 0070Ah,base+02F21h
  dw 00B77h,base+01CDFh
  dw 00709h,base+02F28h
  dw 00B78h,base+01CEAh
  dw 00608h,base+0337Fh
  dw 00B78h,base+01CF5h
  dw 00607h,base+03385h
  dw 00C79h,base+017D8h
  dw 01381h,base+005C6h
  dw 01280h,base+0070Bh
  dw 01180h,base+00822h
  dw 01181h,base+00833h
  dw 00F80h,base+00D68h
  dw 00E80h,base+010A7h
  dw 00E81h,base+010B5h
  dw 00C80h,base+017E4h
  dw 00C81h,base+017F0h
  dw 00A80h,base+0218Ah
  dw 00981h,base+025C4h
  dw 00780h,base+02F2Fh
  dw 00680h,base+0338Bh
  dw 00681h,base+03391h
  dw 00580h,base+0397Ch
  dw 00580h,base+03981h
  dw 00580h,base+00A3Ah
  dw 00580h,base+03986h
  dw 00580h,base+0398Bh
  dw 00580h,base+03990h
  dw 00580h,base+03995h
  dw 00580h,base+0399Ah
  dw 00580h,base+0399Fh
  dw 00580h,base+039A4h
  dw 00580h,base+039A9h
  dw 00580h,base+039AEh
  dw 00580h,base+039B3h
  dw 00580h,base+039B8h
  dw 00580h,base+039BDh
  dw 00580h,base+039C2h
  dw 00580h,base+039C7h
  dw 00580h,base+039CCh
  dw 00580h,base+039D1h
  dw 00580h,base+039D6h
  dw 00480h,base+03E4Dh
  dw 00480h,base+03E51h
  dw 00580h,base+039DBh
  dw 00580h,base+039E0h
  dw 00580h,base+039E5h
  dw 00580h,base+039EAh
  dw 00580h,base+039EFh
  dw 00580h,base+039F4h
  dw 00581h,base+039F9h
  dw 00380h,base+0017Fh
  dw 00380h,base+03F9Eh
  dw 00380h,base+001F2h
  dw 00380h,base+00091h
  dw 00380h,base+0017Ah
  dw 00380h,base+001D2h
  dw 00380h,base+001D2h
  dw 00380h,base+001D2h
  dw 00380h,base+001D2h
  dw 00380h,base+00B97h
  dw 00380h,base+0301Bh
  dw 00380h,base+001F2h
  dw 00380h,base+00178h
  dw 00380h,base+03C0Dh
  dw 00380h,base+03FA1h
  dw 00380h,base+001D2h
  dw 00380h,base+001D2h
  dw 00380h,base+00027h
  dw 00380h,base+00175h
  dw 00200h,base+0014Dh

guilePage1frame024:
  db 02Eh,056h,060h,02Fh
  db 07Ch
  db 06Bh,022h,032h,06Dh,022h
  db 000h,000h
  db 000h,000h
  dw 0027Bh,base+002E5h
  dw 00105h,base+0007Ah
  dw 0047Ah,base+03E55h
  dw 00206h,base+00059h
  dw 0057Ah,base+039FEh
  dw 00306h,base+017CDh
  dw 0057Ah,base+03A03h
  dw 00306h,base+00179h
  dw 0067Ah,base+03397h
  dw 00406h,base+03E59h
  dw 0067Ah,base+0339Dh
  dw 00406h,base+013F8h
  dw 0057Ah,base+03A08h
  dw 00A80h,base+02194h
  dw 00A7Fh,base+0219Eh
  dw 00B80h,base+01D00h
  dw 00B80h,base+01D0Bh
  dw 00B80h,base+01D16h
  dw 00B80h,base+01D21h
  dw 00C80h,base+017FCh
  dw 00C80h,base+01808h
  dw 00D7Fh,base+0139Eh
  dw 00E80h,base+010C3h
  dw 00E80h,base+010D1h
  dw 00F7Fh,base+00D77h
  dw 01180h,base+00844h
  dw 0117Fh,base+00855h
  dw 0127Eh,base+0071Dh
  dw 0157Fh,base+00450h
  dw 01680h,base+0033Dh
  dw 0167Fh,base+00353h
  dw 00506h,base+03A0Dh
  dw 00B0Ch,base+01D2Ch
  dw 0056Eh,base+03A12h
  dw 00506h,base+03A17h
  dw 00A0Ch,base+021A8h
  dw 0056Eh,base+03A1Ch
  dw 00506h,base+03A21h
  dw 00A0Dh,base+021B2h
  dw 0046Eh,base+03E5Dh
  dw 00405h,base+03E61h
  dw 0090Dh,base+025CDh
  dw 00473h,base+011A1h
  dw 0090Eh,base+025D6h
  dw 00273h,base+0071Bh
  dw 00780h,base+02F36h
  dw 00680h,base+033A3h
  dw 00680h,base+033A9h
  dw 00680h,base+033AFh
  dw 00680h,base+033B5h
  dw 00680h,base+033BBh
  dw 00580h,base+03A26h
  dw 00580h,base+03A2Bh
  dw 00580h,base+03A30h
  dw 00580h,base+03A35h
  dw 00680h,base+033C1h
  dw 00680h,base+033C7h
  dw 00680h,base+033CDh
  dw 00681h,base+033D3h
  dw 00580h,base+03A3Ah
  dw 00580h,base+03A3Fh
  dw 00580h,base+03A44h
  dw 00580h,base+03A49h
  dw 00580h,base+03A4Eh
  dw 00580h,base+03A53h
  dw 00580h,base+03A58h
  dw 00580h,base+03A5Dh
  dw 00580h,base+03A62h
  dw 00480h,base+03E65h
  dw 00480h,base+004CAh
  dw 00480h,base+003D9h
  dw 00480h,base+03E69h
  dw 00480h,base+03E6Dh
  dw 00480h,base+03E71h
  dw 00480h,base+03E75h
  dw 00480h,base+03E79h
  dw 00480h,base+03E7Dh
  dw 00480h,base+03E81h
  dw 00480h,base+03E85h
  dw 00480h,base+03E89h
  dw 00480h,base+03E8Dh
  dw 00480h,base+03E91h
  dw 00380h,base+00200h
  dw 00380h,base+0039Dh
  dw 00380h,base+00051h
  dw 00380h,base+01CD5h
  dw 00380h,base+01CD5h
  dw 00380h,base+00253h
  dw 00380h,base+001D2h
  dw 00380h,base+003B2h
  dw 00380h,base+001D2h
  dw 00380h,base+003B2h
  dw 00380h,base+001D2h
  dw 0037Fh,base+003B2h
  dw 00480h,base+02C35h
  dw 00480h,base+03E95h
  dw 00680h,base+033D9h
  dw 00680h,base+033DFh
  dw 00780h,base+02F3Dh
  dw 00785h,base+02F44h
  dw 00100h,base+0007Ah

guilePage1frame025:
  db 03Ah,034h,056h,050h
  db 070h
  db 056h,03Bh,016h,05Eh,039h
  db 055h,066h
  db 073h,066h
  dw 0077Eh,base+02615h
  dw 00881h,base+021F8h
  dw 00781h,base+0261Dh
  dw 00680h,base+033E5h
  dw 00681h,base+033EBh
  dw 00580h,base+03A67h
  dw 00480h,base+03E99h
  dw 0047Fh,base+03E9Dh
  dw 00809h,base+02A35h
  dw 00176h,base+00000h
  dw 00C79h,base+01814h
  dw 00205h,base+00027h
  dw 00F76h,base+00D86h
  dw 00809h,base+02A3Dh
  dw 01177h,base+00866h
  dw 01B80h,base+00108h
  dw 01C80h,base+000ECh
  dw 01D80h,base+00096h
  dw 01D80h,base+000B3h
  dw 00305h,base+0017Ah
  dw 0187Ch,base+002B6h
  dw 00205h,base+00157h
  dw 0177Bh,base+002CEh
  dw 0010Ah,base+00005h
  dw 01283h,base+0072Fh
  dw 00E81h,base+010DFh
  dw 00D80h,base+013ABh
  dw 00C7Dh,base+01820h
  dw 00203h,base+00101h
  dw 00A7Ch,base+021BCh
  dw 00D80h,base+013B8h
  dw 00D80h,base+013C5h
  dw 00D7Fh,base+013D2h
  dw 00F80h,base+00D95h
  dw 00F80h,base+00DA4h
  dw 01080h,base+00A78h
  dw 01080h,base+00A88h
  dw 0117Fh,base+00877h
  dw 01280h,base+00741h
  dw 01280h,base+00753h
  dw 01280h,base+00765h
  dw 01280h,base+00777h
  dw 00506h,base+03A6Ch
  dw 00C7Ah,base+0182Ch
  dw 00507h,base+03A71h
  dw 00D78h,base+013DFh
  dw 00509h,base+03A76h
  dw 00C77h,base+01838h
  dw 0050Ah,base+03A7Bh
  dw 00B76h,base+01D37h
  dw 0040Dh,base+03EA1h
  dw 00873h,base+02A45h
  dw 0030Dh,base+00327h
  dw 00873h,base+02A4Dh
  dw 0030Dh,base+0017Ah
  dw 00872h,base+02A55h
  dw 0040Eh,base+006F8h
  dw 00872h,base+02A5Dh
  dw 0030Eh,base+001D2h
  dw 00870h,base+02A65h
  dw 00510h,base+03A80h
  dw 0086Fh,base+02A6Dh
  dw 00611h,base+033F1h
  dw 0086Fh,base+02A75h
  dw 00611h,base+033F7h
  dw 0086Fh,base+02A7Dh
  dw 00611h,base+001ECh
  dw 0086Fh,base+02A85h
  dw 00611h,base+033FDh
  dw 00880h,base+02A8Dh
  dw 00780h,base+02F4Bh
  dw 00405h,base+03EA5h
  dw 0027Ch,base+00206h
  dw 00200h,base+0008Bh

guilePage1frame026:
  db 020h,074h,066h,010h
  db 068h
  db 065h,022h,034h,067h,022h
  db 064h,011h
  db 064h,045h
  dw 00280h,base+00026h
  dw 0027Fh,base+00023h
  dw 00380h,base+03FA4h
  dw 00380h,base+03FA7h
  dw 00380h,base+03FAAh
  dw 00380h,base+00B90h
  dw 00380h,base+00074h
  dw 00380h,base+00760h
  dw 00380h,base+01803h
  dw 00380h,base+00EAFh
  dw 00380h,base+00E77h
  dw 00380h,base+00E77h
  dw 00380h,base+00E77h
  dw 00380h,base+00E77h
  dw 00380h,base+03FADh
  dw 00380h,base+00461h
  dw 00380h,base+00AA1h
  dw 00380h,base+00590h
  dw 00380h,base+007FBh
  dw 00380h,base+0003Ch
  dw 00380h,base+03FB0h
  dw 00307h,base+03FB3h
  dw 00379h,base+004F4h
  dw 00306h,base+00107h
  dw 0057Ah,base+03A85h
  dw 00306h,base+02E7Ah
  dw 0057Ah,base+03A8Ah
  dw 00305h,base+03EA9h
  dw 0077Bh,base+02F52h
  dw 00405h,base+03EA9h
  dw 0077Bh,base+02F59h
  dw 00C80h,base+01844h
  dw 00B80h,base+01D42h
  dw 00B80h,base+01D4Dh
  dw 00A80h,base+021C6h
  dw 00A80h,base+021D0h
  dw 00A80h,base+021DAh
  dw 00A81h,base+021E4h
  dw 00980h,base+025DFh
  dw 00980h,base+025E8h
  dw 00980h,base+025F1h
  dw 00980h,base+025FAh
  dw 00981h,base+02603h
  dw 00880h,base+02A95h
  dw 00B80h,base+01D58h
  dw 00C80h,base+01850h
  dw 00C80h,base+0185Ch
  dw 00C80h,base+01868h
  dw 00C80h,base+01874h
  dw 00D80h,base+013ECh
  dw 00D80h,base+013F9h
  dw 00D80h,base+01406h
  dw 00D80h,base+01413h
  dw 00D80h,base+01420h
  dw 00D81h,base+0142Dh
  dw 00D80h,base+0143Ah
  dw 00D80h,base+01447h
  dw 00708h,base+0143Ah
  dw 00578h,base+03A8Fh
  dw 00708h,base+0143Ah
  dw 00578h,base+03A94h
  dw 00709h,base+02F60h
  dw 00477h,base+03EADh
  dw 00709h,base+02F67h
  dw 00477h,base+03EB1h
  dw 00709h,base+02F6Eh
  dw 00477h,base+03EB5h
  dw 0070Ah,base+02F75h
  dw 00376h,base+03FB6h
  dw 0070Ah,base+02F7Ch
  dw 00376h,base+03FB9h
  dw 0070Bh,base+02F83h
  dw 00275h,base+0013Ch
  dw 00780h,base+02F8Ah
  dw 00780h,base+02F91h
  dw 00780h,base+02F98h
  dw 00780h,base+02F9Fh
  dw 00780h,base+02FA6h
  dw 00880h,base+02A9Dh
  dw 0097Fh,base+0260Ch
  dw 00A80h,base+021EEh
  dw 00B80h,base+01D63h
  dw 00B80h,base+01D6Eh
  dw 00B80h,base+01D79h
  dw 00C80h,base+01880h
  dw 00C80h,base+0188Ch
  dw 00C80h,base+01898h
  dw 00C80h,base+018A4h
  dw 00C80h,base+018B0h
  dw 00C80h,base+018BCh
  dw 00C80h,base+018C8h
  dw 00C80h,base+018D4h
  dw 00607h,base+03403h
  dw 00579h,base+03A99h
  dw 00507h,base+03A9Eh
  dw 00579h,base+03AA3h
  dw 00507h,base+03AA8h
  dw 00579h,base+03AADh
  dw 00508h,base+03AB2h
  dw 00479h,base+03EB9h
  dw 00407h,base+03EBDh
  dw 00479h,base+01421h
  dw 00407h,base+03EC1h
  dw 00479h,base+03EC5h
  dw 00407h,base+00918h
  dw 00479h,base+03EC9h
  dw 00407h,base+003D9h
  dw 00478h,base+03ECDh
  dw 00508h,base+03AB7h
  dw 00478h,base+03ED1h
  dw 00408h,base+03ED5h
  dw 00478h,base+03ED9h
  dw 00408h,base+03ABDh
  dw 00477h,base+03EDDh
  dw 00509h,base+03ABCh
  dw 00477h,base+03EE1h
  dw 00509h,base+03AC1h
  dw 00477h,base+03EE5h
  dw 00509h,base+03AC6h
  dw 00477h,base+03EE9h
  dw 00509h,base+03ACBh
  dw 00377h,base+00100h
  dw 00509h,base+03AD0h
  dw 00377h,base+00218h
  dw 00409h,base+03EEDh
  dw 00377h,base+003E9h
  dw 00409h,base+03EF1h
  dw 00377h,base+004D8h
  dw 00409h,base+03EF5h
  dw 00377h,base+004D8h
  dw 0030Ah,base+003E9h
  dw 00276h,base+00086h
  dw 00309h,base+00428h
  dw 00377h,base+001B6h
  dw 00309h,base+0332Bh
  dw 00377h,base+001D2h
  dw 00309h,base+03FBCh
  dw 00377h,base+02103h
  dw 00309h,base+03337h
  dw 00376h,base+00F39h
  dw 0040Ah,base+002F0h
  dw 00376h,base+002B3h
  dw 0030Ah,base+03FBFh
  dw 00376h,base+001D2h
  dw 0030Ah,base+0106Ah
  dw 00376h,base+001D2h
  dw 0030Ah,base+03FC2h
  dw 00376h,base+001D2h
  dw 0040Bh,base+002F0h
  dw 00375h,base+03FC5h
  dw 0040Bh,base+001D2h
  dw 00376h,base+017D3h
  dw 0030Ah,base+001D2h
  dw 00376h,base+0020Bh
  dw 0030Ah,base+0007Ah
  dw 00377h,base+00179h
  dw 0030Ah,base+03FC8h
  dw 00276h,base+01344h
  dw 00380h,base+03FCBh
  dw 00381h,base+015ABh
  dw 00280h,base+00093h
  dw 00200h,base+00161h


