  dw dhalsimPage1frame000
  dw dhalsimPage1frame001
  dw dhalsimPage1frame002
  dw dhalsimPage1frame003
  dw dhalsimPage1frame004
  dw dhalsimPage1frame005
  dw dhalsimPage1frame006
  dw dhalsimPage1frame007
  dw dhalsimPage1frame008
  dw dhalsimPage1frame009
  dw dhalsimPage1frame010
  dw dhalsimPage1frame011
  dw dhalsimPage1frame012
  dw dhalsimPage1frame013
  dw dhalsimPage1frame014
  dw dhalsimPage1frame015
  dw dhalsimPage1frame016
  dw dhalsimPage1frame017
  dw dhalsimPage1frame018
  dw dhalsimPage1frame019
  dw dhalsimPage1frame020
  dw dhalsimPage1frame021
  dw dhalsimPage1frame022
  dw dhalsimPage1frame023
  dw dhalsimPage1frame024
  dw dhalsimPage1frame025

dhalsimPage1frame000:
  db 02Ah,055h,064h,02Fh
  db 07Ah
  dw base+00000h
  dw 00380h
  dw 00480h
  dw 00580h
  dw 00580h
  dw 0057Eh
  dw 00780h
  dw 0077Fh
  dw 00880h
  dw 00405h
  dw 0037Bh
  dw 00405h
  dw 0037Bh
  dw 00980h
  dw 00980h
  dw 00A80h
  dw 00A80h
  dw 00B80h
  dw 00B80h
  dw 00B7Fh
  dw 00C80h
  dw 00C80h
  dw 00C80h
  dw 00C80h
  dw 00C80h
  dw 00C7Bh
  dw 00105h
  dw 00B7Bh
  dw 00105h
  dw 00A7Ah
  dw 00207h
  dw 00979h
  dw 00307h
  dw 00878h
  dw 00507h
  dw 0097Ah
  dw 00406h
  dw 0097Ah
  dw 00506h
  dw 00A7Ah
  dw 01080h
  dw 01081h
  dw 00F80h
  dw 00F80h
  dw 00709h
  dw 00577h
  dw 0070Ah
  dw 00477h
  dw 00508h
  dw 00678h
  dw 00102h
  dw 00306h
  dw 0067Bh
  dw 00105h
  dw 00780h
  dw 0077Fh
  dw 00880h
  dw 0087Fh
  dw 00980h
  dw 0097Fh
  dw 00A80h
  dw 00A81h
  dw 00980h
  dw 0097Fh
  dw 00A80h
  dw 00A80h
  dw 00980h
  dw 00980h
  dw 0097Fh
  dw 00A80h
  dw 00A80h
  dw 00405h
  dw 0047Bh
  dw 00405h
  dw 0047Bh
  dw 00305h
  dw 0047Bh
  dw 00405h
  dw 0037Bh
  dw 00880h
  dw 00981h
  dw 00880h
  dw 00980h
  dw 00980h
  dw 00980h
  dw 00405h
  dw 0057Ch
  dw 00304h
  dw 0057Ch
  dw 00305h
  dw 0047Bh
  dw 00305h
  dw 0047Bh
  dw 00306h
  dw 0037Ah
  dw 00307h
  dw 00379h
  dw 00307h
  dw 00379h
  dw 00208h
  dw 00278h
  dw 00208h
  dw 00278h
  dw 00209h
  dw 00277h
  dw 00209h
  dw 00277h
  dw 00209h
  dw 00377h
  dw 00209h
  dw 00376h
  dw 0030Ah
  dw 00375h
  dw 0050Ah
  dw 00474h
  dw 0070Ch
  dw 00474h
  dw 0070Bh
  dw 00575h
  dw 0060Ah
  dw 00578h
  dw 00102h
  dw 00206h
  dw 00580h
  dw 00400h

dhalsimPage1frame001:
  db 028h,054h,068h,030h
  db 084h
  dw base+002FEh
  dw 0027Fh
  dw 00481h
  dw 00380h
  dw 00481h
  dw 00378h
  dw 00206h
  dw 0057Ah
  dw 00307h
  dw 00478h
  dw 00408h
  dw 00478h
  dw 00409h
  dw 00377h
  dw 00509h
  dw 00377h
  dw 00508h
  dw 00478h
  dw 00508h
  dw 00478h
  dw 00607h
  dw 00579h
  dw 00C80h
  dw 00D80h
  dw 00D7Bh
  dw 00105h
  dw 00D7Ch
  dw 00103h
  dw 00F7Bh
  dw 00305h
  dw 00F7Ch
  dw 00204h
  dw 00F7Ch
  dw 00304h
  dw 00F7Ch
  dw 00304h
  dw 00F7Ch
  dw 00304h
  dw 00F7Ch
  dw 00E0Fh
  dw 00371h
  dw 00E10h
  dw 00271h
  dw 00304h
  dw 0097Ch
  dw 00C80h
  dw 00C80h
  dw 00C80h
  dw 00D81h
  dw 00C80h
  dw 00C80h
  dw 00C81h
  dw 00B80h
  dw 00305h
  dw 0057Bh
  dw 00306h
  dw 0047Bh
  dw 00104h
  dw 00680h
  dw 00680h
  dw 00780h
  dw 0077Fh
  dw 00880h
  dw 0087Fh
  dw 00980h
  dw 0097Fh
  dw 00A80h
  dw 00A81h
  dw 00980h
  dw 0097Fh
  dw 00A80h
  dw 00A80h
  dw 00980h
  dw 0097Fh
  dw 00A80h
  dw 00A80h
  dw 00980h
  dw 00405h
  dw 0047Ah
  dw 00506h
  dw 0047Ah
  dw 00406h
  dw 0047Ah
  dw 00406h
  dw 0037Ah
  dw 00405h
  dw 0047Ch
  dw 00880h
  dw 00980h
  dw 00980h
  dw 00A81h
  dw 00980h
  dw 00980h
  dw 00405h
  dw 0057Bh
  dw 00406h
  dw 0047Ah
  dw 00406h
  dw 0047Bh
  dw 00306h
  dw 0047Ah
  dw 00207h
  dw 00379h
  dw 00207h
  dw 00379h
  dw 00208h
  dw 00278h
  dw 00208h
  dw 00378h
  dw 00209h
  dw 00277h
  dw 00209h
  dw 00376h
  dw 0040Ah
  dw 00376h
  dw 00409h
  dw 00476h
  dw 0050Ah
  dw 00474h
  dw 0070Ch
  dw 00474h
  dw 0060Bh
  dw 00475h
  dw 0060Ah
  dw 00578h
  dw 00108h
  dw 00580h
  dw 00400h

dhalsimPage1frame002:
  db 02Ch,04Fh,062h,035h
  db 080h
  dw base+0060Bh
  dw 0017Bh
  dw 00205h
  dw 0037Ah
  dw 00305h
  dw 0047Bh
  dw 00405h
  dw 0047Bh
  dw 00406h
  dw 00379h
  dw 00507h
  dw 00379h
  dw 00506h
  dw 0047Ah
  dw 00A81h
  dw 0097Fh
  dw 00607h
  dw 00379h
  dw 00B7Ah
  dw 00107h
  dw 00A77h
  dw 00308h
  dw 00B78h
  dw 00308h
  dw 00B78h
  dw 00308h
  dw 00C78h
  dw 00308h
  dw 00C78h
  dw 00308h
  dw 00C78h
  dw 00308h
  dw 00D78h
  dw 00408h
  dw 00D78h
  dw 00408h
  dw 00D78h
  dw 00507h
  dw 00E7Ah
  dw 00406h
  dw 00E7Ah
  dw 00506h
  dw 00A0Bh
  dw 0036Fh
  dw 01012h
  dw 0016Eh
  dw 01080h
  dw 01081h
  dw 00809h
  dw 00779h
  dw 00507h
  dw 00779h
  dw 00507h
  dw 0077Ah
  dw 00306h
  dw 0067Bh
  dw 00205h
  dw 0067Bh
  dw 00106h
  dw 00580h
  dw 00580h
  dw 0067Fh
  dw 00780h
  dw 00780h
  dw 0087Fh
  dw 00980h
  dw 0097Fh
  dw 00A80h
  dw 00A80h
  dw 00A80h
  dw 00A80h
  dw 00A80h
  dw 00A7Fh
  dw 00A80h
  dw 00A80h
  dw 00A80h
  dw 00A7Fh
  dw 00A80h
  dw 00A80h
  dw 00506h
  dw 0047Ah
  dw 00406h
  dw 0047Ah
  dw 00306h
  dw 0037Ah
  dw 00405h
  dw 0047Bh
  dw 00405h
  dw 0037Bh
  dw 00A81h
  dw 00980h
  dw 00A80h
  dw 00A81h
  dw 00A80h
  dw 00305h
  dw 0057Bh
  dw 00305h
  dw 0057Bh
  dw 00306h
  dw 0047Ah
  dw 00307h
  dw 00479h
  dw 00308h
  dw 00379h
  dw 00208h
  dw 00278h
  dw 00208h
  dw 00378h
  dw 00209h
  dw 00277h
  dw 00209h
  dw 00376h
  dw 0040Ah
  dw 00376h
  dw 0040Ah
  dw 00376h
  dw 00409h
  dw 00476h
  dw 0050Ah
  dw 00474h
  dw 0060Ch
  dw 00474h
  dw 0060Bh
  dw 00475h
  dw 0040Ah
  dw 00578h
  dw 00108h
  dw 00580h
  dw 00400h

dhalsimPage1frame003:
  db 032h,052h,066h,032h
  db 07Ah
  dw base+00909h
  dw 0027Fh
  dw 00380h
  dw 00381h
  dw 0037Fh
  dw 00480h
  dw 0047Fh
  dw 00580h
  dw 00580h
  dw 0057Fh
  dw 00680h
  dw 00780h
  dw 00781h
  dw 0067Fh
  dw 00980h
  dw 00981h
  dw 00880h
  dw 00980h
  dw 00980h
  dw 00980h
  dw 0097Ch
  dw 00103h
  dw 00A7Bh
  dw 00102h
  dw 00103h
  dw 00A7Bh
  dw 00305h
  dw 00A7Ch
  dw 00204h
  dw 00A7Ch
  dw 00304h
  dw 00A7Bh
  dw 00406h
  dw 0087Ah
  dw 00506h
  dw 0087Bh
  dw 00405h
  dw 0087Ch
  dw 00405h
  dw 0077Bh
  dw 00C81h
  dw 00B80h
  dw 00B80h
  dw 00B80h
  dw 00B80h
  dw 00B82h
  dw 00981h
  dw 00880h
  dw 00981h
  dw 00881h
  dw 0077Fh
  dw 0087Fh
  dw 00A80h
  dw 00A7Fh
  dw 00B80h
  dw 00B80h
  dw 00B80h
  dw 00B80h
  dw 00B7Fh
  dw 00C80h
  dw 00B80h
  dw 00B80h
  dw 00407h
  dw 00478h
  dw 00508h
  dw 00478h
  dw 00408h
  dw 00477h
  dw 00409h
  dw 00477h
  dw 00409h
  dw 00477h
  dw 00309h
  dw 00477h
  dw 00309h
  dw 00478h
  dw 00309h
  dw 00377h
  dw 00309h
  dw 00477h
  dw 00309h
  dw 00577h
  dw 00309h
  dw 00577h
  dw 00309h
  dw 00677h
  dw 00309h
  dw 00677h
  dw 0030Ah
  dw 00576h
  dw 0020Bh
  dw 00575h
  dw 0020Ch
  dw 00474h
  dw 0020Dh
  dw 00473h
  dw 0020Dh
  dw 00673h
  dw 0020Eh
  dw 00571h
  dw 00210h
  dw 00470h
  dw 00210h
  dw 00470h
  dw 00211h
  dw 0036Fh
  dw 00211h
  dw 0036Fh
  dw 00211h
  dw 0036Fh
  dw 00212h
  dw 0036Dh
  dw 00413h
  dw 0036Ch
  dw 00514h
  dw 0036Ah
  dw 00716h
  dw 0036Ah
  dw 00615h
  dw 0046Bh
  dw 00102h
  dw 00102h
  dw 00211h
  dw 00480h
  dw 00400h

dhalsimPage1frame004:
  db 02Ah,056h,066h,02Eh
  db 07Eh
  dw base+00BB0h
  dw 00180h
  dw 0027Eh
  dw 00102h
  dw 0027Fh
  dw 00380h
  dw 0037Fh
  dw 00480h
  dw 0047Fh
  dw 0057Fh
  dw 00780h
  dw 00780h
  dw 0087Fh
  dw 00980h
  dw 00980h
  dw 00981h
  dw 0087Fh
  dw 00980h
  dw 00981h
  dw 00880h
  dw 0097Fh
  dw 00A80h
  dw 00A80h
  dw 00A80h
  dw 00B7Bh
  dw 00105h
  dw 00B7Bh
  dw 00105h
  dw 00B7Ah
  dw 00206h
  dw 00B7Ah
  dw 00306h
  dw 00B79h
  dw 00407h
  dw 00B7Ah
  dw 00406h
  dw 00A7Ah
  dw 00506h
  dw 0097Ah
  dw 00506h
  dw 0097Ah
  dw 00F81h
  dw 00F81h
  dw 00E80h
  dw 00E80h
  dw 00D81h
  dw 00506h
  dw 0067Ah
  dw 00507h
  dw 0057Bh
  dw 00205h
  dw 0057Bh
  dw 00205h
  dw 0067Fh
  dw 00780h
  dw 00780h
  dw 0087Fh
  dw 00980h
  dw 0097Fh
  dw 00A80h
  dw 00A80h
  dw 00A80h
  dw 00A80h
  dw 00A80h
  dw 00A7Fh
  dw 00A80h
  dw 00980h
  dw 00980h
  dw 0097Fh
  dw 00506h
  dw 0047Ah
  dw 00406h
  dw 0047Ah
  dw 00406h
  dw 00479h
  dw 00407h
  dw 00479h
  dw 00407h
  dw 00379h
  dw 00407h
  dw 00379h
  dw 00407h
  dw 0037Ah
  dw 00305h
  dw 0047Bh
  dw 00305h
  dw 0057Bh
  dw 00405h
  dw 0067Bh
  dw 00405h
  dw 0067Bh
  dw 00406h
  dw 0067Bh
  dw 00306h
  dw 0057Ah
  dw 00307h
  dw 00479h
  dw 00307h
  dw 00579h
  dw 00308h
  dw 00478h
  dw 00308h
  dw 00478h
  dw 00309h
  dw 00377h
  dw 0020Ah
  dw 00376h
  dw 0020Ah
  dw 00376h
  dw 0020Bh
  dw 00375h
  dw 0020Bh
  dw 00375h
  dw 0020Bh
  dw 00375h
  dw 0020Bh
  dw 00374h
  dw 0030Ch
  dw 00373h
  dw 0050Dh
  dw 00371h
  dw 0070Fh
  dw 00371h
  dw 0070Fh
  dw 00371h
  dw 0060Eh
  dw 00474h
  dw 00102h
  dw 00209h
  dw 00580h
  dw 00400h

dhalsimPage1frame005:
  db 028h,058h,064h,02Ch
  db 080h
  dw base+00E92h
  dw 0017Fh
  dw 00180h
  dw 0027Fh
  dw 00102h
  dw 0027Eh
  dw 00481h
  dw 0037Fh
  dw 0047Eh
  dw 00203h
  dw 0037Ch
  dw 00780h
  dw 00880h
  dw 0087Fh
  dw 00980h
  dw 00980h
  dw 00981h
  dw 0097Fh
  dw 00A80h
  dw 00A81h
  dw 00A80h
  dw 00A7Fh
  dw 00B80h
  dw 00C80h
  dw 00C80h
  dw 00C80h
  dw 00C7Ah
  dw 00106h
  dw 00C80h
  dw 00B79h
  dw 00207h
  dw 00A79h
  dw 00307h
  dw 00A79h
  dw 00306h
  dw 00B7Ah
  dw 00306h
  dw 00A79h
  dw 00102h
  dw 00305h
  dw 00A7Ah
  dw 00406h
  dw 00A7Ah
  dw 00506h
  dw 00A7Bh
  dw 00809h
  dw 00777h
  dw 00809h
  dw 00778h
  dw 00708h
  dw 00678h
  dw 00608h
  dw 00678h
  dw 00609h
  dw 00577h
  dw 00609h
  dw 00578h
  dw 00507h
  dw 0067Bh
  dw 00205h
  dw 0077Bh
  dw 00205h
  dw 00780h
  dw 00780h
  dw 00780h
  dw 0077Fh
  dw 00880h
  dw 00880h
  dw 00880h
  dw 00880h
  dw 00881h
  dw 00780h
  dw 0077Fh
  dw 00780h
  dw 00780h
  dw 00680h
  dw 00680h
  dw 00680h
  dw 00580h
  dw 00580h
  dw 0057Fh
  dw 00580h
  dw 00580h
  dw 00580h
  dw 00681h
  dw 00580h
  dw 00580h
  dw 00680h
  dw 00681h
  dw 00580h
  dw 00580h
  dw 00580h
  dw 00581h
  dw 00480h
  dw 00480h
  dw 00480h
  dw 00480h
  dw 00481h
  dw 00380h
  dw 00480h
  dw 0047Fh
  dw 00580h
  dw 0057Fh
  dw 0067Fh
  dw 0077Fh
  dw 00980h
  dw 00980h
  dw 00983h
  dw 00500h

dhalsimPage1frame006:
  db 026h,056h,064h,02Eh
  db 07Eh
  dw base+01137h
  dw 0017Fh
  dw 0017Fh
  dw 00380h
  dw 00481h
  dw 00381h
  dw 0027Eh
  dw 0047Dh
  dw 00203h
  dw 0057Dh
  dw 00304h
  dw 0047Bh
  dw 00405h
  dw 0057Bh
  dw 00406h
  dw 0047Ah
  dw 00406h
  dw 0047Ah
  dw 00506h
  dw 0047Ah
  dw 00506h
  dw 0047Ah
  dw 00B80h
  dw 00B80h
  dw 00C80h
  dw 00C80h
  dw 00C7Fh
  dw 00D80h
  dw 00D80h
  dw 00D80h
  dw 00D80h
  dw 00C7Bh
  dw 00105h
  dw 00B7Ch
  dw 00104h
  dw 00B7Ch
  dw 00104h
  dw 00B7Ah
  dw 00406h
  dw 00A7Ah
  dw 00406h
  dw 00A7Ah
  dw 00406h
  dw 00A7Bh
  dw 00F7Fh
  dw 0090Ah
  dw 00676h
  dw 0080Ah
  dw 00678h
  dw 00608h
  dw 00678h
  dw 00608h
  dw 00678h
  dw 00608h
  dw 00578h
  dw 00509h
  dw 00477h
  dw 00508h
  dw 00579h
  dw 00407h
  dw 00579h
  dw 00307h
  dw 0067Bh
  dw 00105h
  dw 00680h
  dw 00680h
  dw 00680h
  dw 0067Fh
  dw 00780h
  dw 00780h
  dw 0077Fh
  dw 00881h
  dw 00780h
  dw 00781h
  dw 0067Fh
  dw 00506h
  dw 0017Ah
  dw 00480h
  dw 00480h
  dw 00480h
  dw 00480h
  dw 0037Fh
  dw 00480h
  dw 00480h
  dw 00480h
  dw 00480h
  dw 00480h
  dw 00580h
  dw 00680h
  dw 00680h
  dw 00780h
  dw 00780h
  dw 00780h
  dw 00880h
  dw 00880h
  dw 00304h
  dw 0047Ch
  dw 00305h
  dw 0037Bh
  dw 00305h
  dw 0047Bh
  dw 00306h
  dw 0047Ah
  dw 00307h
  dw 00379h
  dw 00207h
  dw 00479h
  dw 00208h
  dw 00378h
  dw 00207h
  dw 00379h
  dw 00207h
  dw 00379h
  dw 00207h
  dw 00378h
  dw 00408h
  dw 00378h
  dw 00407h
  dw 00478h
  dw 00507h
  dw 00578h
  dw 00608h
  dw 00478h
  dw 00609h
  dw 00378h
  dw 00400h

dhalsimPage1frame007:
  db 030h,055h,068h,02Fh
  db 082h
  dw base+013D6h
  dw 00180h
  dw 0017Fh
  dw 00480h
  dw 00480h
  dw 00480h
  dw 00480h
  dw 00481h
  dw 0037Bh
  dw 00204h
  dw 0057Bh
  dw 00305h
  dw 0057Bh
  dw 00406h
  dw 0057Ah
  dw 00406h
  dw 00579h
  dw 00508h
  dw 00478h
  dw 00507h
  dw 00679h
  dw 00607h
  dw 0077Ah
  dw 00D7Fh
  dw 00F80h
  dw 00F81h
  dw 00E7Fh
  dw 00F7Fh
  dw 01080h
  dw 01080h
  dw 00F80h
  dw 00C80h
  dw 00C7Eh
  dw 00102h
  dw 00C7Ch
  dw 00102h
  dw 00103h
  dw 00B7Bh
  dw 00304h
  dw 00B7Dh
  dw 00E7Fh
  dw 00F80h
  dw 00F80h
  dw 00708h
  dw 00679h
  dw 00607h
  dw 00779h
  dw 00607h
  dw 00779h
  dw 00607h
  dw 0077Ah
  dw 00507h
  dw 00579h
  dw 00407h
  dw 00579h
  dw 00407h
  dw 00579h
  dw 00407h
  dw 00679h
  dw 00406h
  dw 0077Bh
  dw 00205h
  dw 00780h
  dw 00781h
  dw 0067Fh
  dw 00780h
  dw 00780h
  dw 0077Fh
  dw 00880h
  dw 00881h
  dw 00780h
  dw 0077Fh
  dw 00880h
  dw 00780h
  dw 0077Fh
  dw 0087Fh
  dw 00980h
  dw 00980h
  dw 0097Fh
  dw 00506h
  dw 0047Ah
  dw 00406h
  dw 0047Ah
  dw 00307h
  dw 00379h
  dw 00307h
  dw 0047Ah
  dw 00306h
  dw 00579h
  dw 00407h
  dw 00679h
  dw 00407h
  dw 00679h
  dw 00407h
  dw 00679h
  dw 00408h
  dw 00578h
  dw 00408h
  dw 00578h
  dw 00309h
  dw 00577h
  dw 0030Ah
  dw 00476h
  dw 0030Ch
  dw 00474h
  dw 0030Dh
  dw 00373h
  dw 0020Eh
  dw 00471h
  dw 0030Fh
  dw 00471h
  dw 00310h
  dw 00470h
  dw 00310h
  dw 00470h
  dw 00210h
  dw 00470h
  dw 00210h
  dw 0046Fh
  dw 00311h
  dw 0036Fh
  dw 00311h
  dw 0036Fh
  dw 00311h
  dw 0036Eh
  dw 00412h
  dw 0036Dh
  dw 00512h
  dw 0046Dh
  dw 00612h
  dw 0056Eh
  dw 00613h
  dw 0046Eh
  dw 00500h

dhalsimPage1frame008:
  db 022h,038h,06Ah,04Ch
  db 072h
  dw base+016D0h
  dw 0027Fh
  dw 00380h
  dw 00480h
  dw 0047Fh
  dw 00580h
  dw 00509h
  dw 00277h
  dw 00508h
  dw 00379h
  dw 00507h
  dw 00478h
  dw 00608h
  dw 00478h
  dw 00C81h
  dw 00B80h
  dw 00B80h
  dw 00C80h
  dw 00C80h
  dw 00D7Fh
  dw 00E80h
  dw 00E80h
  dw 00F80h
  dw 00F80h
  dw 00F80h
  dw 00F7Fh
  dw 01080h
  dw 00F80h
  dw 00F80h
  dw 00E7Fh
  dw 00E80h
  dw 00E80h
  dw 00F80h
  dw 00F81h
  dw 00E80h
  dw 00E80h
  dw 00E7Fh
  dw 00F80h
  dw 00F80h
  dw 00F80h
  dw 00F80h
  dw 00F80h
  dw 00E81h
  dw 00D81h
  dw 00405h
  dw 0077Bh
  dw 00406h
  dw 0057Bh
  dw 00304h
  dw 0067Ch
  dw 0090Bh
  dw 00276h
  dw 00D80h
  dw 00D81h
  dw 00C80h
  dw 00C81h
  dw 00B80h
  dw 00B7Fh
  dw 00709h
  dw 00376h
  dw 0070Ah
  dw 00374h
  dw 0080Ch
  dw 00374h
  dw 0070Ah
  dw 00576h
  dw 0060Ah
  dw 00578h
  dw 00102h
  dw 00206h
  dw 00480h
  dw 00400h

dhalsimPage1frame009:
  db 020h,060h,06Ch,023h
  db 078h
  dw base+0195Ah
  dw 0027Fh
  dw 00480h
  dw 00480h
  dw 00480h
  dw 0047Fh
  dw 00580h
  dw 00609h
  dw 00277h
  dw 00608h
  dw 00477h
  dw 00709h
  dw 00476h
  dw 00E80h
  dw 00E80h
  dw 00E80h
  dw 00E7Fh
  dw 00F80h
  dw 00F7Fh
  dw 01080h
  dw 01080h
  dw 01080h
  dw 01080h
  dw 00F80h
  dw 00506h
  dw 0097Ah
  dw 00406h
  dw 0097Ah
  dw 00207h
  dw 00880h
  dw 00881h
  dw 00780h
  dw 00780h
  dw 00780h
  dw 00780h
  dw 00780h
  dw 00780h
  dw 00680h
  dw 00680h
  dw 00680h
  dw 0067Fh
  dw 00780h
  dw 0087Fh
  dw 0097Fh
  dw 00A80h
  dw 00A80h
  dw 00A80h
  dw 00A80h
  dw 00A7Fh
  dw 00B7Fh
  dw 00C80h
  dw 00C7Fh
  dw 00D80h
  dw 00D80h
  dw 00D80h
  dw 00406h
  dw 00102h
  dw 00478h
  dw 00508h
  dw 00478h
  dw 00508h
  dw 00478h
  dw 00508h
  dw 00479h
  dw 00507h
  dw 00479h
  dw 00507h
  dw 0047Ah
  dw 00407h
  dw 00279h
  dw 00407h
  dw 0027Ah
  dw 00306h
  dw 0027Ah
  dw 00405h
  dw 0037Ch
  dw 00304h
  dw 0037Ch
  dw 00304h
  dw 0037Dh
  dw 00304h
  dw 0027Ch
  dw 00781h
  dw 00680h
  dw 00680h
  dw 00680h
  dw 00680h
  dw 00680h
  dw 00680h
  dw 00680h
  dw 00680h
  dw 00680h
  dw 00203h
  dw 0037Dh
  dw 00204h
  dw 0027Dh
  dw 00103h
  dw 0027Dh
  dw 00103h
  dw 0027Dh
  dw 00103h
  dw 0027Dh
  dw 00103h
  dw 0027Dh
  dw 00103h
  dw 0027Dh
  dw 00103h
  dw 00280h
  dw 00380h
  dw 00380h
  dw 00480h
  dw 00480h
  dw 00480h
  dw 00480h
  dw 00380h
  dw 00380h
  dw 00380h
  dw 00380h
  dw 00380h
  dw 00380h
  dw 00380h
  dw 00380h
  dw 00380h
  dw 00380h
  dw 00200h

dhalsimPage1frame010:
  db 022h,03Dh,06Eh,024h
  db 07Ah
  dw base+01C23h
  dw 0027Fh
  dw 00480h
  dw 00480h
  dw 00480h
  dw 00409h
  dw 00177h
  dw 00408h
  dw 00378h
  dw 00508h
  dw 00377h
  dw 00D80h
  dw 00D7Fh
  dw 00E80h
  dw 00E7Fh
  dw 00F80h
  dw 00F80h
  dw 00E80h
  dw 00E7Fh
  dw 00F80h
  dw 00E80h
  dw 00E80h
  dw 00E80h
  dw 00E80h
  dw 00E80h
  dw 00E81h
  dw 00203h
  dw 00A7Dh
  dw 00204h
  dw 00880h
  dw 00882h
  dw 00680h
  dw 00680h
  dw 00780h
  dw 00780h
  dw 00680h
  dw 00681h
  dw 0057Fh
  dw 0067Dh
  dw 00A7Dh
  dw 00D7Fh
  dw 00E7Fh
  dw 00F80h
  dw 00F80h
  dw 00F80h
  dw 00F80h
  dw 00F80h
  dw 00E80h
  dw 00E81h
  dw 00D81h
  dw 00C80h
  dw 00C81h
  dw 00A81h
  dw 00981h
  dw 00881h
  dw 00782h
  dw 00580h
  dw 00580h
  dw 00681h
  dw 00580h
  dw 00580h
  dw 00680h
  dw 00680h
  dw 00581h
  dw 00380h
  dw 00280h
  dw 00100h

dhalsimPage1frame011:
  db 050h,047h,03Eh,03Dh
  db 06Ah
  dw base+01E6Bh
  dw 0027Fh
  dw 00380h
  dw 00480h
  dw 0047Fh
  dw 00580h
  dw 00507h
  dw 00379h
  dw 00607h
  dw 00368h
  dw 00112h
  dw 0096Bh
  dw 00103h
  dw 0020Fh
  dw 00D6Eh
  dw 00611h
  dw 00E6Fh
  dw 00709h
  dw 00306h
  dw 01071h
  dw 00708h
  dw 00506h
  dw 01173h
  dw 01E80h
  dw 01F81h
  dw 01E82h
  dw 01C81h
  dw 01C80h
  dw 0080Ah
  dw 01376h
  dw 0020Bh
  dw 01384h
  dw 01080h
  dw 01081h
  dw 00F82h
  dw 00D81h
  dw 00C80h
  dw 00C81h
  dw 00B80h
  dw 00608h
  dw 00378h
  dw 00608h
  dw 00278h
  dw 00608h
  dw 00279h
  dw 00580h
  dw 00680h
  dw 0067Fh
  dw 0077Eh
  dw 00980h
  dw 00980h
  dw 0097Fh
  dw 00B7Fh
  dw 00C80h
  dw 00C7Fh
  dw 00D7Fh
  dw 00E80h
  dw 00E80h
  dw 00E80h
  dw 00D80h
  dw 00D80h
  dw 00408h
  dw 00578h
  dw 00409h
  dw 00478h
  dw 00308h
  dw 00478h
  dw 00308h
  dw 00478h
  dw 00408h
  dw 00478h
  dw 00408h
  dw 00478h
  dw 00408h
  dw 00578h
  dw 00408h
  dw 00678h
  dw 00408h
  dw 00678h
  dw 00408h
  dw 00778h
  dw 00408h
  dw 00878h
  dw 00308h
  dw 00978h
  dw 00308h
  dw 00B79h
  dw 00208h
  dw 00B78h
  dw 0020Ah
  dw 00976h
  dw 0020Bh
  dw 00875h
  dw 0010Eh
  dw 00571h
  dw 00211h
  dw 0036Fh
  dw 00211h
  dw 0036Eh
  dw 00311h
  dw 0046Eh
  dw 00512h
  dw 0046Ch
  dw 00714h
  dw 0046Ch
  dw 00713h
  dw 0056Dh
  dw 00712h
  dw 0066Eh
  dw 00102h
  dw 00103h
  dw 0010Dh
  dw 00581h
  dw 00400h

dhalsimPage1frame012:
  db 056h,029h,034h,05Bh
  db 070h
  dw base+021C4h
  dw 00364h
  dw 00102h
  dw 00109h
  dw 00210h
  dw 00564h
  dw 00406h
  dw 00305h
  dw 00405h
  dw 0020Bh
  dw 00665h
  dw 0131Ah
  dw 00765h
  dw 0151Ah
  dw 00866h
  dw 0161Ah
  dw 00866h
  dw 0171Ah
  dw 00866h
  dw 0181Ah
  dw 00866h
  dw 0181Ah
  dw 00867h
  dw 02181h
  dw 00305h
  dw 00305h
  dw 01678h
  dw 00108h
  dw 01780h
  dw 01781h
  dw 01680h
  dw 01680h
  dw 01674h
  dw 00102h
  dw 00109h
  dw 01774h
  dw 00406h
  dw 00305h
  dw 01775h
  dw 02280h
  dw 01D1Eh
  dw 00462h
  dw 01C1Eh
  dw 00462h
  dw 01C1Eh
  dw 00462h
  dw 01B1Eh
  dw 00462h
  dw 01A1Eh
  dw 00562h
  dw 00506h
  dw 01012h
  dw 00306h
  dw 00665h
  dw 00209h
  dw 00203h
  dw 00409h
  dw 00306h
  dw 0070Bh
  dw 0015Ah
  dw 00115h
  dw 00306h
  dw 00C7Ah
  dw 00306h
  dw 00C7Ah
  dw 00306h
  dw 00C7Ah
  dw 00306h
  dw 00C7Ah
  dw 00206h
  dw 00C7Ah
  dw 00207h
  dw 00B79h
  dw 00207h
  dw 00109h
  dw 00270h
  dw 00210h
  dw 00370h
  dw 00310h
  dw 0036Fh
  dw 00411h
  dw 0036Eh
  dw 00512h
  dw 0036Ch
  dw 00714h
  dw 0036Ch
  dw 00714h
  dw 0036Eh
  dw 00203h
  dw 0020Eh
  dw 00480h
  dw 00400h

dhalsimPage1frame013:
  db 08Ch,029h,000h,05Bh
  db 070h
  dw base+02505h
  dw 0044Ah
  dw 00125h
  dw 00311h
  dw 0044Ah
  dw 00405h
  dw 00320h
  dw 00304h
  dw 0030Ch
  dw 0054Ah
  dw 00B25h
  dw 0090Fh
  dw 0084Ch
  dw 02E34h
  dw 0084Ch
  dw 03034h
  dw 0084Ch
  dw 03134h
  dw 0084Ch
  dw 01220h
  dw 01114h
  dw 0084Ch
  dw 00B25h
  dw 00D0Eh
  dw 0094Dh
  dw 00A25h
  dw 0175Ch
  dw 00406h
  dw 0021Eh
  dw 0175Eh
  dw 00122h
  dw 01781h
  dw 01680h
  dw 01680h
  dw 01780h
  dw 0175Ah
  dw 00127h
  dw 01659h
  dw 00406h
  dw 00420h
  dw 01659h
  dw 03C80h
  dw 03738h
  dw 00448h
  dw 03738h
  dw 00448h
  dw 03638h
  dw 00448h
  dw 01321h
  dw 01518h
  dw 00347h
  dw 00C27h
  dw 00E12h
  dw 00548h
  dw 00406h
  dw 00322h
  dw 00709h
  dw 00307h
  dw 0064Ah
  dw 00227h
  dw 00308h
  dw 00307h
  dw 0060Ah
  dw 00141h
  dw 00126h
  dw 00108h
  dw 00307h
  dw 00C7Ah
  dw 00206h
  dw 00C7Ah
  dw 00206h
  dw 00C7Ah
  dw 00206h
  dw 00C7Ah
  dw 00206h
  dw 00C7Ah
  dw 00206h
  dw 00C7Ah
  dw 00207h
  dw 00108h
  dw 00371h
  dw 0020Fh
  dw 00370h
  dw 00311h
  dw 0026Fh
  dw 00311h
  dw 0036Eh
  dw 00512h
  dw 0036Ch
  dw 00714h
  dw 0036Ch
  dw 00713h
  dw 0046Dh
  dw 00102h
  dw 00103h
  dw 0010Eh
  dw 00480h
  dw 00300h

dhalsimPage1frame014:
  db 044h,036h,048h,04Eh
  db 06Ah
  dw base+02907h
  dw 00270h
  dw 00110h
  dw 0036Fh
  dw 00305h
  dw 0010Bh
  dw 00470h
  dw 00A10h
  dw 00470h
  dw 00C0Eh
  dw 00672h
  dw 01780h
  dw 01880h
  dw 01980h
  dw 01A81h
  dw 01983h
  dw 01780h
  dw 00203h
  dw 01486h
  dw 00F82h
  dw 00D7Fh
  dw 00E80h
  dw 00E80h
  dw 00F80h
  dw 00F81h
  dw 01080h
  dw 01081h
  dw 00F80h
  dw 00F80h
  dw 00F80h
  dw 00506h
  dw 0097Ah
  dw 00507h
  dw 0077Ah
  dw 00306h
  dw 0077Ah
  dw 00307h
  dw 00779h
  dw 00304h
  dw 00A7Ch
  dw 00E80h
  dw 00E7Fh
  dw 00F7Fh
  dw 01080h
  dw 0107Fh
  dw 01180h
  dw 01180h
  dw 01180h
  dw 01181h
  dw 01080h
  dw 00F11h
  dw 00170h
  dw 01182h
  dw 01081h
  dw 00F81h
  dw 00E81h
  dw 00D81h
  dw 00C81h
  dw 00B7Fh
  dw 00C80h
  dw 00708h
  dw 00477h
  dw 0080Ah
  dw 00375h
  dw 0080Bh
  dw 00375h
  dw 0080Ah
  dw 00476h
  dw 00709h
  dw 00577h
  dw 00102h
  dw 00407h
  dw 0057Ah
  dw 00207h
  dw 00300h

dhalsimPage1frame015:
  db 04Ah,01Eh,040h,066h
  db 07Ah
  dw base+02C20h
  dw 0047Fh
  dw 00571h
  dw 0030Fh
  dw 00670h
  dw 0060Eh
  dw 00872h
  dw 0060Eh
  dw 00869h
  dw 00106h
  dw 00102h
  dw 0080Fh
  dw 00866h
  dw 01314h
  dw 00206h
  dw 00866h
  dw 0161Ah
  dw 00866h
  dw 0161Ah
  dw 00866h
  dw 0171Ah
  dw 00866h
  dw 0171Ah
  dw 00866h
  dw 01719h
  dw 00967h
  dw 00506h
  dw 01113h
  dw 00967h
  dw 00104h
  dw 00205h
  dw 00E0Fh
  dw 00A6Ch
  dw 00206h
  dw 00102h
  dw 01517h
  dw 0016Ch
  dw 01214h
  dw 0016Dh
  dw 01580h
  dw 01580h
  dw 0157Fh
  dw 01680h
  dw 0167Fh
  dw 01780h
  dw 01415h
  dw 0026Ah
  dw 01416h
  dw 0026Ah
  dw 00305h
  dw 00E11h
  dw 0026Ah
  dw 00305h
  dw 00E11h
  dw 0026Ah
  dw 00206h
  dw 00203h
  dw 0090Ch
  dw 0036Bh
  dw 0010Ah
  dw 0080Ah
  dw 00476h
  dw 00102h
  dw 00408h
  dw 00479h
  dw 00207h
  dw 00400h

dhalsimPage1frame016:
  db 07Ah,01Eh,010h,066h
  db 07Ah
  dw base+02E7Dh
  dw 0047Fh
  dw 00571h
  dw 0030Fh
  dw 00670h
  dw 0060Eh
  dw 00872h
  dw 0060Eh
  dw 00872h
  dw 0070Eh
  dw 0084Fh
  dw 00921h
  dw 0090Ah
  dw 00206h
  dw 0084Eh
  dw 02E32h
  dw 0084Eh
  dw 02E32h
  dw 0084Eh
  dw 02F32h
  dw 0084Eh
  dw 02F32h
  dw 0084Eh
  dw 01217h
  dw 0181Ah
  dw 0094Fh
  dw 00607h
  dw 0031Bh
  dw 00D0Fh
  dw 00950h
  dw 00103h
  dw 00220h
  dw 00B0Ch
  dw 00A55h
  dw 0011Fh
  dw 01517h
  dw 0014Ah
  dw 00120h
  dw 00102h
  dw 01214h
  dw 0016Dh
  dw 01580h
  dw 01580h
  dw 0157Fh
  dw 01680h
  dw 0167Fh
  dw 01780h
  dw 01415h
  dw 0026Ah
  dw 01416h
  dw 0026Ah
  dw 00305h
  dw 00E11h
  dw 0026Ah
  dw 00305h
  dw 00E11h
  dw 0026Ah
  dw 00206h
  dw 00203h
  dw 0090Ch
  dw 0036Bh
  dw 0010Ah
  dw 0080Ah
  dw 00476h
  dw 00102h
  dw 00408h
  dw 00479h
  dw 00207h
  dw 00400h

dhalsimPage1frame017:
  db 04Ah,052h,040h,032h
  db 068h
  dw base+03146h
  dw 0057Fh
  dw 00880h
  dw 00980h
  dw 0096Dh
  dw 00212h
  dw 00B6Eh
  dw 00212h
  dw 00B6Eh
  dw 0030Fh
  dw 00E72h
  dw 0020Dh
  dw 01073h
  dw 0030Dh
  dw 01173h
  dw 0030Dh
  dw 01174h
  dw 0030Bh
  dw 01375h
  dw 0040Bh
  dw 01376h
  dw 0030Ah
  dw 01476h
  dw 0050Ah
  dw 01476h
  dw 0060Ah
  dw 01476h
  dw 0070Ah
  dw 01576h
  dw 01E80h
  dw 01A1Ch
  dw 00564h
  dw 01A1Ch
  dw 00565h
  dw 00103h
  dw 00E10h
  dw 0060Ah
  dw 00267h
  dw 00D0Fh
  dw 00609h
  dw 00469h
  dw 00C0Eh
  dw 0060Ah
  dw 00368h
  dw 01418h
  dw 00369h
  dw 01317h
  dw 0036Ah
  dw 01215h
  dw 0056Fh
  dw 00F11h
  dw 0056Fh
  dw 00F11h
  dw 00570h
  dw 00E11h
  dw 0046Fh
  dw 00D11h
  dw 00370h
  dw 00C10h
  dw 00271h
  dw 00B81h
  dw 00A81h
  dw 00981h
  dw 00881h
  dw 00780h
  dw 00781h
  dw 0067Fh
  dw 00681h
  dw 00580h
  dw 00480h
  dw 00480h
  dw 00480h
  dw 00480h
  dw 00480h
  dw 00480h
  dw 00480h
  dw 00480h
  dw 00480h
  dw 00480h
  dw 00480h
  dw 00480h
  dw 00380h
  dw 00380h
  dw 00480h
  dw 00480h
  dw 00581h
  dw 00480h
  dw 00480h
  dw 00480h
  dw 00481h
  dw 00380h
  dw 00380h
  dw 00380h
  dw 00380h
  dw 00381h
  dw 00280h
  dw 00280h
  dw 00380h
  dw 00381h
  dw 00280h
  dw 00280h
  dw 00380h
  dw 00380h
  dw 00480h
  dw 00480h
  dw 0047Fh
  dw 00580h
  dw 0047Fh
  dw 0047Fh
  dw 00480h
  dw 00480h
  dw 00300h

dhalsimPage1frame018:
  db 03Ch,05Ah,03Eh,029h
  db 058h
  dw base+03477h
  dw 0017Fh
  dw 00280h
  dw 00380h
  dw 0037Fh
  dw 00480h
  dw 00408h
  dw 00378h
  dw 00408h
  dw 00378h
  dw 00408h
  dw 00478h
  dw 00507h
  dw 00579h
  dw 00507h
  dw 0056Eh
  dw 0010Bh
  dw 00607h
  dw 0066Eh
  dw 0010Bh
  dw 00E75h
  dw 0010Bh
  dw 00E75h
  dw 0020Bh
  dw 00F75h
  dw 0020Bh
  dw 01075h
  dw 0020Bh
  dw 01175h
  dw 0020Bh
  dw 01175h
  dw 0030Bh
  dw 01175h
  dw 0030Ch
  dw 01074h
  dw 0030Ch
  dw 00205h
  dw 00B6Fh
  dw 00413h
  dw 0096Dh
  dw 00412h
  dw 00B6Fh
  dw 00311h
  dw 00B6Fh
  dw 00411h
  dw 00B6Fh
  dw 00811h
  dw 00B6Fh
  dw 00A0Ch
  dw 00105h
  dw 00B6Fh
  dw 00E11h
  dw 00B6Fh
  dw 00E12h
  dw 00203h
  dw 0076Ch
  dw 00F15h
  dw 0066Eh
  dw 00D12h
  dw 0066Fh
  dw 00D11h
  dw 00570h
  dw 00E0Fh
  dw 00672h
  dw 01481h
  dw 01281h
  dw 00203h
  dw 00E81h
  dw 00D80h
  dw 00E81h
  dw 00D80h
  dw 00D81h
  dw 00B81h
  dw 00A81h
  dw 00A81h
  dw 00980h
  dw 00980h
  dw 00980h
  dw 00982h
  dw 0067Fh
  dw 00781h
  dw 00780h
  dw 00780h
  dw 00780h
  dw 00680h
  dw 00580h
  dw 00580h
  dw 00580h
  dw 00480h
  dw 0047Fh
  dw 00580h
  dw 00580h
  dw 00480h
  dw 00480h
  dw 00580h
  dw 00580h
  dw 00680h
  dw 00681h
  dw 00580h
  dw 00581h
  dw 00480h
  dw 00481h
  dw 00480h
  dw 00481h
  dw 00380h
  dw 00381h
  dw 00380h
  dw 00381h
  dw 00380h
  dw 00380h
  dw 00480h
  dw 00480h
  dw 00480h
  dw 00480h
  dw 00380h
  dw 00380h
  dw 0027Fh
  dw 00380h
  dw 00480h
  dw 0047Fh
  dw 00580h
  dw 00580h
  dw 00400h

dhalsimPage1frame019:
  db 06Ah,05Dh,010h,026h
  db 010h
  dw base+037ABh
  dw 00280h
  dw 00280h
  dw 00281h
  dw 00123h
  dw 0015Dh
  dw 00122h
  dw 0025Dh
  dw 00323h
  dw 0035Dh
  dw 00323h
  dw 0035Dh
  dw 00322h
  dw 0045Eh
  dw 00422h
  dw 00408h
  dw 00357h
  dw 00321h
  dw 00408h
  dw 00357h
  dw 00321h
  dw 00408h
  dw 00457h
  dw 00421h
  dw 00507h
  dw 00558h
  dw 00521h
  dw 00507h
  dw 00558h
  dw 00621h
  dw 00607h
  dw 00658h
  dw 00821h
  dw 00E5Fh
  dw 00A21h
  dw 00E5Fh
  dw 00B21h
  dw 00F5Fh
  dw 00204h
  dw 0091Dh
  dw 01064h
  dw 0091Ch
  dw 01166h
  dw 0091Ah
  dw 01167h
  dw 00919h
  dw 01169h
  dw 00918h
  dw 01069h
  dw 00B17h
  dw 00205h
  dw 00B66h
  dw 00B1Ch
  dw 00965h
  dw 00B1Ah
  dw 00B68h
  dw 00A18h
  dw 00B69h
  dw 00A17h
  dw 00B6Ch
  dw 00814h
  dw 00B6Eh
  dw 00812h
  dw 00B70h
  dw 00810h
  dw 00B72h
  dw 0080Fh
  dw 00203h
  dw 0076Fh
  dw 00812h
  dw 0066Fh
  dw 00811h
  dw 00670h
  dw 00810h
  dw 00571h
  dw 0090Ch
  dw 00102h
  dw 00673h
  dw 0090Ah
  dw 00977h
  dw 01182h
  dw 00F81h
  dw 00E81h
  dw 00E81h
  dw 00D82h
  dw 00B81h
  dw 00981h
  dw 00880h
  dw 00980h
  dw 00980h
  dw 00980h
  dw 00980h
  dw 00982h
  dw 0067Fh
  dw 00781h
  dw 00780h
  dw 00780h
  dw 00780h
  dw 00680h
  dw 00580h
  dw 00580h
  dw 00580h
  dw 00480h
  dw 0047Fh
  dw 00580h
  dw 00580h
  dw 00480h
  dw 00480h
  dw 00580h
  dw 00580h
  dw 00680h
  dw 00681h
  dw 00580h
  dw 00581h
  dw 00480h
  dw 00481h
  dw 00480h
  dw 00481h
  dw 00380h
  dw 00381h
  dw 00380h
  dw 00381h
  dw 00380h
  dw 00380h
  dw 00480h
  dw 00480h
  dw 00480h
  dw 00480h
  dw 00380h
  dw 00380h
  dw 0027Fh
  dw 00380h
  dw 00480h
  dw 0047Fh
  dw 00580h
  dw 00580h
  dw 00400h

dhalsimPage1frame020:
  db 044h,037h,04Eh,04Dh
  db 07Eh
  dw base+03B39h
  dw 0027Fh
  dw 0047Bh
  dw 00205h
  dw 0047Bh
  dw 00304h
  dw 0057Bh
  dw 00C80h
  dw 00D0Eh
  dw 00272h
  dw 01080h
  dw 01180h
  dw 01180h
  dw 01180h
  dw 01180h
  dw 01180h
  dw 01180h
  dw 01180h
  dw 01180h
  dw 01080h
  dw 01080h
  dw 01080h
  dw 01180h
  dw 01180h
  dw 01180h
  dw 01180h
  dw 01180h
  dw 01180h
  dw 0107Fh
  dw 01180h
  dw 01180h
  dw 01180h
  dw 01181h
  dw 01080h
  dw 0107Fh
  dw 0117Fh
  dw 0127Fh
  dw 0127Fh
  dw 0137Fh
  dw 0147Fh
  dw 01580h
  dw 0157Eh
  dw 0167Fh
  dw 01780h
  dw 00E11h
  dw 0066Eh
  dw 00E13h
  dw 0056Dh
  dw 00713h
  dw 0056Ch
  dw 00715h
  dw 0046Bh
  dw 00716h
  dw 00365h
  dw 00B1Bh
  dw 00364h
  dw 00C1Ch
  dw 00364h
  dw 00B1Ch
  dw 00364h
  dw 0071Ch
  dw 00364h
  dw 0061Ch
  dw 00464h
  dw 0061Ch
  dw 00464h
  dw 0061Ch
  dw 00464h
  dw 0041Ch
  dw 00464h
  dw 0031Ch
  dw 00464h
  dw 0011Ch
  dw 00400h

dhalsimPage1frame021:
  db 056h,025h,054h,05Fh
  db 09Ah
  dw base+03E6Ch
  dw 0027Fh
  dw 00480h
  dw 00480h
  dw 0047Fh
  dw 00580h
  dw 0067Dh
  dw 00203h
  dw 0067Ch
  dw 00304h
  dw 0067Ch
  dw 00A76h
  dw 00209h
  dw 00B76h
  dw 0030Ah
  dw 00B76h
  dw 0040Ah
  dw 00A75h
  dw 0050Bh
  dw 00A0Dh
  dw 0015Fh
  dw 00109h
  dw 0060Bh
  dw 00A0Bh
  dw 00360h
  dw 00309h
  dw 0070Ch
  dw 00F6Bh
  dw 00309h
  dw 0070Dh
  dw 00D6Bh
  dw 00307h
  dw 0080Eh
  dw 00D6Bh
  dw 00307h
  dw 0090Bh
  dw 00103h
  dw 00E63h
  dw 00108h
  dw 00306h
  dw 00A0Ch
  dw 00103h
  dw 00E63h
  dw 00109h
  dw 00305h
  dw 01D72h
  dw 00209h
  dw 00304h
  dw 00607h
  dw 0176Ch
  dw 00309h
  dw 02177h
  dw 00309h
  dw 02177h
  dw 00408h
  dw 02279h
  dw 02980h
  dw 02A81h
  dw 02980h
  dw 02324h
  dw 0055Ch
  dw 02224h
  dw 0055Ch
  dw 01E23h
  dw 0065Dh
  dw 00308h
  dw 0151Bh
  dw 0065Dh
  dw 00309h
  dw 00204h
  dw 00E16h
  dw 0065Eh
  dw 0010Dh
  dw 00D15h
  dw 0066Dh
  dw 00B13h
  dw 0066Eh
  dw 00713h
  dw 00471h
  dw 00310h
  dw 00380h
  dw 00200h

dhalsimPage1frame022:
  db 04Eh,03Fh,04Ah,025h
  db 082h
  dw base+0417Ch
  dw 00203h
  dw 0027Dh
  dw 0057Fh
  dw 0077Fh
  dw 0087Eh
  dw 00A7Fh
  dw 00B80h
  dw 00B7Fh
  dw 00C80h
  dw 0080Ah
  dw 00176h
  dw 0090Eh
  dw 00272h
  dw 0090Dh
  dw 00373h
  dw 00A0Dh
  dw 00373h
  dw 00B0Dh
  dw 00473h
  dw 00B0Dh
  dw 00473h
  dw 00C0Dh
  dw 00473h
  dw 00C0Dh
  dw 00473h
  dw 00C0Dh
  dw 00373h
  dw 00C0Dh
  dw 00373h
  dw 00C0Dh
  dw 00374h
  dw 00B0Ch
  dw 00374h
  dw 00A0Ch
  dw 00475h
  dw 0090Ah
  dw 00577h
  dw 00809h
  dw 00577h
  dw 00E80h
  dw 00E80h
  dw 00D80h
  dw 00D80h
  dw 00C80h
  dw 00B80h
  dw 00B80h
  dw 00B80h
  dw 00B81h
  dw 0097Fh
  dw 00A80h
  dw 00980h
  dw 0077Fh
  dw 0087Fh
  dw 0097Dh
  dw 00B7Fh
  dw 00C7Fh
  dw 0107Dh
  dw 0137Fh
  dw 01580h
  dw 01572h
  dw 0010Dh
  dw 01673h
  dw 0020Ch
  dw 01774h
  dw 0020Bh
  dw 01876h
  dw 00209h
  dw 01877h
  dw 00308h
  dw 01978h
  dw 00407h
  dw 01979h
  dw 00E11h
  dw 00305h
  dw 00A6Bh
  dw 00D14h
  dw 00A6Ch
  dw 00C14h
  dw 00A6Dh
  dw 00B13h
  dw 0096Dh
  dw 00A13h
  dw 0066Dh
  dw 00304h
  dw 0050Fh
  dw 0056Dh
  dw 00313h
  dw 0046Dh
  dw 00213h
  dw 0046Eh
  dw 00112h
  dw 00380h
  dw 00380h
  dw 00380h
  dw 00280h
  dw 00100h

dhalsimPage1frame023:
  db 042h,042h,052h,026h
  db 07Eh
  dw base+044C5h
  dw 00280h
  dw 0037Fh
  dw 0047Ah
  dw 00206h
  dw 00579h
  dw 00407h
  dw 00679h
  dw 00407h
  dw 00779h
  dw 00407h
  dw 00879h
  dw 00506h
  dw 0097Ah
  dw 01080h
  dw 01080h
  dw 01180h
  dw 01280h
  dw 01280h
  dw 01381h
  dw 01281h
  dw 00A0Ch
  dw 00571h
  dw 00D0Fh
  dw 00570h
  dw 00E10h
  dw 00570h
  dw 00E10h
  dw 00570h
  dw 00E10h
  dw 0046Fh
  dw 00F11h
  dw 0046Fh
  dw 00F12h
  dw 0016Dh
  dw 01013h
  dw 0016Ch
  dw 01180h
  dw 01180h
  dw 0117Fh
  dw 01280h
  dw 00609h
  dw 00B75h
  dw 00809h
  dw 00E77h
  dw 00708h
  dw 00E77h
  dw 00709h
  dw 00E77h
  dw 00609h
  dw 00E77h
  dw 00509h
  dw 00E75h
  dw 0070Bh
  dw 00E75h
  dw 0060Bh
  dw 00F74h
  dw 0060Ch
  dw 00F73h
  dw 0060Dh
  dw 00F72h
  dw 0060Fh
  dw 00F71h
  dw 0060Fh
  dw 00F71h
  dw 0060Fh
  dw 00F71h
  dw 00410h
  dw 00E70h
  dw 00410h
  dw 00D71h
  dw 00310h
  dw 00C70h
  dw 00310h
  dw 00C71h
  dw 0010Fh
  dw 00B81h
  dw 00A80h
  dw 00981h
  dw 00980h
  dw 00A80h
  dw 00A80h
  dw 00A80h
  dw 00A80h
  dw 00A81h
  dw 00980h
  dw 00980h
  dw 00980h
  dw 00207h
  dw 00379h
  dw 00207h
  dw 00379h
  dw 00207h
  dw 00379h
  dw 00207h
  dw 00379h
  dw 00107h
  dw 00379h
  dw 00107h
  dw 00379h
  dw 00107h
  dw 00379h
  dw 00107h
  dw 00379h
  dw 00106h
  dw 00480h
  dw 00300h

dhalsimPage1frame024:
  db 066h,04Ah,02Eh,026h
  db 07Eh
  dw base+0483Dh
  dw 00280h
  dw 0037Fh
  dw 0047Ah
  dw 00206h
  dw 00579h
  dw 00407h
  dw 00679h
  dw 00407h
  dw 00779h
  dw 00407h
  dw 00879h
  dw 00506h
  dw 0097Ah
  dw 01080h
  dw 01080h
  dw 01180h
  dw 01280h
  dw 01280h
  dw 01381h
  dw 01281h
  dw 00A0Ch
  dw 00571h
  dw 00D0Fh
  dw 00570h
  dw 00E10h
  dw 00570h
  dw 00E10h
  dw 00570h
  dw 00E10h
  dw 0046Fh
  dw 00F11h
  dw 0046Fh
  dw 00F12h
  dw 0016Eh
  dw 00F12h
  dw 0016Dh
  dw 01080h
  dw 0107Fh
  dw 01180h
  dw 0117Fh
  dw 00609h
  dw 00B76h
  dw 00608h
  dw 00E77h
  dw 00608h
  dw 00E78h
  dw 00508h
  dw 00E77h
  dw 00509h
  dw 00E77h
  dw 00509h
  dw 00E76h
  dw 0050Ah
  dw 00E75h
  dw 0050Bh
  dw 00F75h
  dw 0040Bh
  dw 00F74h
  dw 0050Ch
  dw 00F74h
  dw 0040Dh
  dw 00F72h
  dw 0040Eh
  dw 00F72h
  dw 0040Eh
  dw 00F71h
  dw 00410h
  dw 00E6Fh
  dw 00411h
  dw 00D6Eh
  dw 00413h
  dw 00C6Ch
  dw 00414h
  dw 00C6Bh
  dw 00515h
  dw 00B6Bh
  dw 00416h
  dw 00A69h
  dw 00517h
  dw 00969h
  dw 00418h
  dw 00967h
  dw 00519h
  dw 00A67h
  dw 00419h
  dw 00A66h
  dw 0051Ah
  dw 00A66h
  dw 0041Ah
  dw 00A65h
  dw 0041Bh
  dw 00A65h
  dw 0041Ch
  dw 00963h
  dw 0041Dh
  dw 00962h
  dw 0051Eh
  dw 00962h
  dw 0041Eh
  dw 00207h
  dw 0035Ah
  dw 0041Fh
  dw 00207h
  dw 0035Ah
  dw 0041Fh
  dw 00207h
  dw 00359h
  dw 00420h
  dw 00207h
  dw 00358h
  dw 00421h
  dw 00107h
  dw 00358h
  dw 00421h
  dw 00107h
  dw 00356h
  dw 00523h
  dw 00107h
  dw 00356h
  dw 00523h
  dw 00107h
  dw 00355h
  dw 00524h
  dw 00106h
  dw 00455h
  dw 0062Bh
  dw 00354h
  dw 00680h
  dw 00680h
  dw 00680h
  dw 00480h
  dw 00481h
  dw 00380h
  dw 00381h
  dw 00100h

dhalsimPage1frame025:
  db 022h,053h,070h,031h
  db 082h
  dw base+04C23h
  dw 00280h
  dw 0037Bh
  dw 00104h
  dw 0047Bh
  dw 00305h
  dw 0047Bh
  dw 00305h
  dw 0047Bh
  dw 00405h
  dw 0057Bh
  dw 00405h
  dw 0057Bh
  dw 00405h
  dw 0057Ah
  dw 00102h
  dw 00304h
  dw 00579h
  dw 00607h
  dw 00779h
  dw 00607h
  dw 00878h
  dw 01080h
  dw 01081h
  dw 01080h
  dw 01081h
  dw 00F80h
  dw 00F81h
  dw 00E80h
  dw 00E80h
  dw 00E80h
  dw 00E7Fh
  dw 00F80h
  dw 00F80h
  dw 00F80h
  dw 00F81h
  dw 00305h
  dw 0087Bh
  dw 00205h
  dw 0087Bh
  dw 00106h
  dw 00780h
  dw 00780h
  dw 00780h
  dw 00780h
  dw 00780h
  dw 00780h
  dw 0077Fh
  dw 00781h
  dw 0067Fh
  dw 0077Fh
  dw 00980h
  dw 0097Fh
  dw 00A80h
  dw 00A80h
  dw 00A81h
  dw 0097Fh
  dw 00A80h
  dw 00A80h
  dw 00A80h
  dw 00A7Fh
  dw 00506h
  dw 0047Ah
  dw 00506h
  dw 0047Ah
  dw 00406h
  dw 0047Ah
  dw 00406h
  dw 00379h
  dw 00407h
  dw 00379h
  dw 00407h
  dw 00379h
  dw 00307h
  dw 00379h
  dw 00206h
  dw 0047Ah
  dw 00306h
  dw 0037Ah
  dw 00306h
  dw 0037Ah
  dw 00306h
  dw 0047Ah
  dw 00306h
  dw 0047Ah
  dw 00407h
  dw 00379h
  dw 00407h
  dw 00479h
  dw 00407h
  dw 00479h
  dw 00408h
  dw 00378h
  dw 00408h
  dw 00378h
  dw 00308h
  dw 00378h
  dw 00308h
  dw 00378h
  dw 00308h
  dw 00378h
  dw 00308h
  dw 00378h
  dw 00308h
  dw 00378h
  dw 00208h
  dw 00378h
  dw 00209h
  dw 00277h
  dw 00209h
  dw 00277h
  dw 00209h
  dw 00277h
  dw 00209h
  dw 00277h
  dw 00209h
  dw 00276h
  dw 0030Ah
  dw 00275h
  dw 0040Ah
  dw 00375h
  dw 0050Bh
  dw 00374h
  dw 0060Bh
  dw 00575h
  dw 0060Ah
  dw 00676h
  dw 00609h
  dw 00777h
  dw 00104h
  dw 00105h
  dw 00681h
  dw 00400h


