  dw VegaPage0frame000
  dw VegaPage0frame001
  dw VegaPage0frame002
  dw VegaPage0frame003
  dw VegaPage0frame004
  dw VegaPage0frame005
  dw VegaPage0frame006
  dw VegaPage0frame007
  dw VegaPage0frame008
  dw VegaPage0frame009
  dw VegaPage0frame010
  dw VegaPage0frame011
  dw VegaPage0frame012
  dw VegaPage0frame013
  dw VegaPage0frame014
  dw VegaPage0frame015
  dw VegaPage0frame016
  dw VegaPage0frame017
  dw VegaPage0frame018
  dw VegaPage0frame019
  dw VegaPage0frame020
  dw VegaPage0frame021
  dw VegaPage0frame022
  dw VegaPage0frame023
  dw VegaPage0frame024
  dw VegaPage0frame025
  dw VegaPage0frame026
  dw VegaPage0frame027
  dw VegaPage0frame028

VegaPage0frame000:
  db 028h,05Fh,076h,027h
  db 08Ah
  db 05Ch,0FAh,05Fh,08Eh,072h
  db 000h,000h
  db 000h,000h
  dw 0017Fh,base+0009Dh
  dw 00380h,base+0146Ch
  dw 0047Fh,base+03A20h
  dw 0050Ah,base+0369Ch
  dw 00176h,base+00008h
  dw 00509h,base+036A1h
  dw 00377h,base+03DC4h
  dw 00509h,base+036A6h
  dw 00277h,base+03A8Eh
  dw 00508h,base+036ABh
  dw 00477h,base+03A24h
  dw 00609h,base+03294h
  dw 00373h,base+03DC7h
  dw 00304h,base+002FCh
  dw 00608h,base+025E0h
  dw 00474h,base+03A28h
  dw 00A0Ch,base+02063h
  dw 00374h,base+03DC7h
  dw 0090Bh,base+0253Bh
  dw 00474h,base+03A2Ch
  dw 00A0Bh,base+0206Dh
  dw 00475h,base+03A30h
  dw 00F80h,base+00AA7h
  dw 00E80h,base+00EB2h
  dw 0090Ah,base+02544h
  dw 00476h,base+01498h
  dw 0090Ah,base+0254Dh
  dw 00376h,base+0093Fh
  dw 00D80h,base+0134Ah
  dw 00D80h,base+01357h
  dw 00C80h,base+0182Ah
  dw 00C80h,base+01836h
  dw 00B80h,base+01BF6h
  dw 00B0Ch,base+01C01h
  dw 00174h,base+0001Dh
  dw 00B0Ch,base+01C0Ch
  dw 00274h,base+00244h
  dw 00A0Bh,base+02077h
  dw 00375h,base+03DCAh
  dw 00F81h,base+00AB6h
  dw 00E80h,base+00EC0h
  dw 00D80h,base+01364h
  dw 00D7Fh,base+01371h
  dw 00D80h,base+0137Eh
  dw 00D80h,base+0138Bh
  dw 00D80h,base+01398h
  dw 00C80h,base+01842h
  dw 00708h,base+02E57h
  dw 00478h,base+01FDFh
  dw 00609h,base+0329Ah
  dw 00377h,base+00303h
  dw 00609h,base+032A0h
  dw 00376h,base+00887h
  dw 0070Ah,base+02E5Eh
  dw 00276h,base+00C00h
  dw 0070Bh,base+02E65h
  dw 00175h,base+0009Fh
  dw 00780h,base+02E6Ch
  dw 00780h,base+02E73h
  dw 00880h,base+02997h
  dw 00880h,base+0299Fh
  dw 00880h,base+029A7h
  dw 00880h,base+029AFh
  dw 00880h,base+029B7h
  dw 00980h,base+02556h
  dw 00980h,base+0255Fh
  dw 00A80h,base+02081h
  dw 00A80h,base+0208Bh
  dw 00B80h,base+01C17h
  dw 00B80h,base+01C22h
  dw 00C81h,base+0184Eh
  dw 00B80h,base+01C2Dh
  dw 00C80h,base+0185Ah
  dw 00C80h,base+01866h
  dw 00D80h,base+013A5h
  dw 00D80h,base+013B2h
  dw 00D81h,base+013BFh
  dw 00D80h,base+013CCh
  dw 00708h,base+02E7Ah
  dw 00578h,base+036B0h
  dw 00709h,base+02E81h
  dw 00477h,base+03A34h
  dw 00709h,base+02E88h
  dw 00477h,base+03A38h
  dw 00709h,base+02E8Fh
  dw 00477h,base+03A3Ch
  dw 00709h,base+02E96h
  dw 00477h,base+02F4Ch
  dw 00709h,base+02E9Dh
  dw 00478h,base+01409h
  dw 00408h,base+03A40h
  dw 00478h,base+03A44h
  dw 00308h,base+024A0h
  dw 00478h,base+01224h
  dw 00309h,base+024A0h
  dw 00376h,base+03DCDh
  dw 0040Ah,base+03A48h
  dw 00376h,base+00F34h
  dw 0040Ah,base+03A4Ch
  dw 00376h,base+00F34h
  dw 0040Ah,base+03A50h
  dw 00376h,base+00434h
  dw 0040Ah,base+03A54h
  dw 00376h,base+03DD0h
  dw 0040Ah,base+03A58h
  dw 00376h,base+01177h
  dw 0040Bh,base+03A5Ch
  dw 00274h,base+00351h
  dw 0040Ch,base+03A60h
  dw 00274h,base+00527h
  dw 0040Dh,base+03A64h
  dw 00273h,base+00D2Ah
  dw 0040Dh,base+03A68h
  dw 00273h,base+001A8h
  dw 0030Dh,base+00F34h
  dw 00273h,base+0001Bh
  dw 0030Dh,base+03DD3h
  dw 00273h,base+0006Ch
  dw 0020Ch,base+0008Ch
  dw 00474h,base+03A6Ch
  dw 0020Ch,base+001E2h
  dw 00474h,base+03A70h
  dw 0020Ch,base+00DFCh
  dw 00473h,base+03A74h
  dw 0020Dh,base+00376h
  dw 00473h,base+02D46h
  dw 0020Eh,base+00046h
  dw 00371h,base+0009Fh
  dw 0030Fh,base+009D6h
  dw 00471h,base+01662h
  dw 00310h,base+02AB2h
  dw 00370h,base+01027h
  dw 00410h,base+01027h
  dw 00470h,base+0014Dh
  dw 00411h,base+03A78h
  dw 0036Fh,base+003A6h
  dw 00411h,base+03A7Ch
  dw 00370h,base+00118h
  dw 00280h,base+01055h
  dw 00280h,base+001CBh
  dw 00280h,base+000FBh
  dw 00380h,base+01DAEh
  dw 00380h,base+02877h
  dw 00381h,base+01607h
  dw 00200h,base+0009Dh

VegaPage0frame001:
  db 02Ah,05Eh,076h,028h
  db 08Ah
  db 05Ch,0FAh,05Eh,08Eh,072h
  db 000h,000h
  db 000h,000h
  dw 00280h,base+0009Dh
  dw 0037Fh,base+013EBh
  dw 00480h,base+03A80h
  dw 00409h,base+03A84h
  dw 00177h,base+0000Ch
  dw 00509h,base+036B5h
  dw 00276h,base+0062Ch
  dw 00609h,base+032A6h
  dw 00377h,base+03DD6h
  dw 00609h,base+032ACh
  dw 00477h,base+03A88h
  dw 00608h,base+032B2h
  dw 00475h,base+03A8Ch
  dw 00102h,base+00044h
  dw 00609h,base+032B8h
  dw 00374h,base+03DC7h
  dw 0090Bh,base+02568h
  dw 00474h,base+03A28h
  dw 00A0Ch,base+02095h
  dw 00374h,base+03DC7h
  dw 00A0Bh,base+0209Fh
  dw 00475h,base+03A90h
  dw 00E80h,base+00ECEh
  dw 00E80h,base+00EDCh
  dw 0090Ah,base+0148Fh
  dw 00376h,base+01417h
  dw 00809h,base+029BFh
  dw 00477h,base+014BFh
  dw 00809h,base+029C7h
  dw 00477h,base+03A94h
  dw 00D80h,base+013D9h
  dw 00C80h,base+01872h
  dw 00B80h,base+01C38h
  dw 00B80h,base+01C43h
  dw 00A0Bh,base+020A9h
  dw 00275h,base+009C5h
  dw 00A0Bh,base+020B3h
  dw 00275h,base+0038Eh
  dw 0090Bh,base+02571h
  dw 00375h,base+0353Ch
  dw 0090Bh,base+0257Ah
  dw 00375h,base+03DD9h
  dw 0090Bh,base+02583h
  dw 00375h,base+00946h
  dw 0090Ah,base+0258Ch
  dw 00376h,base+03DDCh
  dw 0090Ah,base+02595h
  dw 00376h,base+00215h
  dw 00C80h,base+0187Eh
  dw 00C80h,base+0188Ah
  dw 00C7Fh,base+01896h
  dw 00C80h,base+018A2h
  dw 00708h,base+02EA4h
  dw 00478h,base+02007h
  dw 00608h,base+032BEh
  dw 00478h,base+00FF8h
  dw 00608h,base+032C4h
  dw 00378h,base+00B90h
  dw 00709h,base+02EABh
  dw 00277h,base+009C5h
  dw 00709h,base+02EB2h
  dw 00177h,base+0009Dh
  dw 0077Fh,base+02EB9h
  dw 00880h,base+029CFh
  dw 00880h,base+029D7h
  dw 00980h,base+0259Eh
  dw 00980h,base+025A7h
  dw 00980h,base+025B0h
  dw 00980h,base+025B9h
  dw 00980h,base+025C2h
  dw 00A80h,base+020BDh
  dw 00A80h,base+020C7h
  dw 00B81h,base+01C4Eh
  dw 00B80h,base+01C59h
  dw 00B80h,base+01C64h
  dw 00C80h,base+018AEh
  dw 00C80h,base+018BAh
  dw 00506h,base+0324Eh
  dw 0077Ah,base+018B3h
  dw 00506h,base+00EEAh
  dw 0077Ah,base+02EC0h
  dw 00E80h,base+00EEAh
  dw 00E81h,base+00EF8h
  dw 00D80h,base+013E6h
  dw 00D80h,base+013F3h
  dw 00D80h,base+01400h
  dw 00809h,base+029DFh
  dw 00577h,base+036BAh
  dw 0090Ah,base+025CBh
  dw 00476h,base+03A98h
  dw 0090Ah,base+025D4h
  dw 00476h,base+03A9Ch
  dw 0070Ah,base+02EC7h
  dw 00477h,base+03AA0h
  dw 00609h,base+032CAh
  dw 00477h,base+03AA4h
  dw 00409h,base+029F8h
  dw 00477h,base+03AA8h
  dw 00309h,base+00C04h
  dw 00477h,base+03AACh
  dw 00309h,base+029A7h
  dw 00476h,base+03AB0h
  dw 0040Ah,base+03AB4h
  dw 00476h,base+03AB8h
  dw 0040Ah,base+03ABCh
  dw 00476h,base+03AC0h
  dw 0040Bh,base+03AC4h
  dw 00374h,base+03DD3h
  dw 0050Ch,base+036BFh
  dw 00374h,base+03DDFh
  dw 0050Ch,base+036C4h
  dw 00374h,base+02B17h
  dw 0050Dh,base+036C9h
  dw 00273h,base+001E2h
  dw 0040Dh,base+03AC8h
  dw 00273h,base+002DBh
  dw 0040Dh,base+03ACCh
  dw 00273h,base+00379h
  dw 0040Dh,base+03AD0h
  dw 00273h,base+00379h
  dw 0030Dh,base+03DE2h
  dw 00373h,base+03DE5h
  dw 0030Dh,base+01F73h
  dw 00373h,base+01BB4h
  dw 0020Dh,base+0033Eh
  dw 00373h,base+03DE8h
  dw 0020Dh,base+00A02h
  dw 00372h,base+0009Fh
  dw 0030Eh,base+02475h
  dw 00372h,base+0014Bh
  dw 0020Eh,base+00376h
  dw 00471h,base+009F1h
  dw 00310h,base+009D6h
  dw 00370h,base+0009Dh
  dw 00310h,base+03DEBh
  dw 00370h,base+0014Bh
  dw 00411h,base+03AD4h
  dw 0036Fh,base+01027h
  dw 00411h,base+03AD8h
  dw 00370h,base+00656h
  dw 00311h,base+03B21h
  dw 0026Fh,base+0009Dh
  dw 00280h,base+001CBh
  dw 00280h,base+00131h
  dw 00280h,base+0009Fh
  dw 00380h,base+00131h
  dw 00381h,base+00CBFh
  dw 00280h,base+0074Ah
  dw 00200h,base+0009Dh

VegaPage0frame002:
  db 02Ah,061h,076h,025h
  db 08Ch
  db 05Ch,0FAh,061h,08Eh,072h
  db 000h,000h
  db 000h,000h
  dw 0017Fh,base+0009Dh
  dw 00380h,base+0146Ch
  dw 0047Fh,base+03A20h
  dw 00509h,base+0369Ch
  dw 00177h,base+0000Ch
  dw 00509h,base+036A1h
  dw 00277h,base+0062Ch
  dw 00508h,base+036A6h
  dw 00378h,base+03DD6h
  dw 00508h,base+036ABh
  dw 00477h,base+03A88h
  dw 00608h,base+03294h
  dw 00475h,base+03A8Ch
  dw 0090Bh,base+025DDh
  dw 00374h,base+03DC7h
  dw 00A0Bh,base+020D1h
  dw 00474h,base+03A28h
  dw 00A0Ch,base+020DBh
  dw 00374h,base+03DC7h
  dw 00A0Bh,base+020E5h
  dw 00475h,base+03A90h
  dw 00E80h,base+00F06h
  dw 00E80h,base+00F14h
  dw 00D80h,base+0140Dh
  dw 0090Ah,base+025E6h
  dw 00376h,base+014C0h
  dw 0090Ah,base+025EFh
  dw 00376h,base+03562h
  dw 00D80h,base+0141Ah
  dw 00C80h,base+018C6h
  dw 00C80h,base+018D2h
  dw 00B80h,base+01C6Fh
  dw 00B80h,base+01C7Ah
  dw 00B80h,base+01C85h
  dw 00A0Ch,base+020EFh
  dw 00174h,base+00199h
  dw 00A0Bh,base+020F9h
  dw 00275h,base+016F4h
  dw 00A0Bh,base+02103h
  dw 00375h,base+0025Dh
  dw 0090Bh,base+025F8h
  dw 00375h,base+03DEEh
  dw 0090Bh,base+02601h
  dw 00375h,base+025F3h
  dw 0090Ah,base+0260Ah
  dw 00476h,base+03ADCh
  dw 00D80h,base+01427h
  dw 00D7Fh,base+01434h
  dw 00D80h,base+01441h
  dw 00D80h,base+0144Eh
  dw 00708h,base+02ECEh
  dw 00478h,base+03AE0h
  dw 00708h,base+02ED5h
  dw 00478h,base+03AE4h
  dw 00708h,base+02EDCh
  dw 00378h,base+014CDh
  dw 00708h,base+02EE3h
  dw 00378h,base+00727h
  dw 00709h,base+02EEAh
  dw 00176h,base+0003Bh
  dw 00880h,base+029E7h
  dw 00880h,base+029EFh
  dw 00980h,base+02613h
  dw 00980h,base+0261Ch
  dw 00980h,base+02625h
  dw 00980h,base+0262Eh
  dw 00980h,base+02637h
  dw 00A80h,base+0210Dh
  dw 00A81h,base+02117h
  dw 00A80h,base+02121h
  dw 00A80h,base+0212Bh
  dw 00B80h,base+01C90h
  dw 00B80h,base+01C9Bh
  dw 00B80h,base+01CA6h
  dw 00C80h,base+018DEh
  dw 00C80h,base+018EAh
  dw 00D81h,base+0145Bh
  dw 00C80h,base+018F6h
  dw 00C80h,base+01902h
  dw 00D80h,base+01468h
  dw 00D80h,base+01475h
  dw 00708h,base+02EF1h
  dw 00578h,base+036CEh
  dw 00809h,base+029F7h
  dw 00478h,base+02163h
  dw 00708h,base+02EF8h
  dw 00478h,base+03AE8h
  dw 00708h,base+02EFFh
  dw 00478h,base+03AECh
  dw 00709h,base+02F06h
  dw 00477h,base+03AF0h
  dw 00509h,base+036D3h
  dw 00477h,base+01E61h
  dw 00409h,base+03AF4h
  dw 00477h,base+01E61h
  dw 00409h,base+03AF4h
  dw 00477h,base+03AF8h
  dw 00409h,base+03AFCh
  dw 00376h,base+03DF1h
  dw 0050Ah,base+036D8h
  dw 00376h,base+03AB8h
  dw 0050Bh,base+036DDh
  dw 00275h,base+01178h
  dw 0040Bh,base+03B00h
  dw 00375h,base+03DF4h
  dw 0040Bh,base+03B04h
  dw 00375h,base+03DF7h
  dw 0040Bh,base+03B08h
  dw 00375h,base+03DFAh
  dw 0040Ch,base+03B0Ch
  dw 00274h,base+001E2h
  dw 0040Ch,base+03B10h
  dw 00273h,base+0059Fh
  dw 0040Dh,base+03B14h
  dw 00273h,base+00265h
  dw 0040Dh,base+03B18h
  dw 00273h,base+00379h
  dw 0030Dh,base+03DDFh
  dw 00273h,base+00234h
  dw 0030Dh,base+03DFDh
  dw 00273h,base+00328h
  dw 0020Dh,base+0008Ch
  dw 00373h,base+03E00h
  dw 0020Dh,base+002DBh
  dw 00373h,base+006E9h
  dw 0020Dh,base+00D2Ah
  dw 00372h,base+02AD1h
  dw 0020Eh,base+01DC8h
  dw 00372h,base+01B9Ch
  dw 0020Eh,base+0058Bh
  dw 00371h,base+0014Bh
  dw 00310h,base+01DDDh
  dw 00370h,base+01663h
  dw 00410h,base+03B1Ch
  dw 00370h,base+0014Bh
  dw 00410h,base+03B20h
  dw 00370h,base+00337h
  dw 00411h,base+03B24h
  dw 00370h,base+02BF1h
  dw 00310h,base+01DAEh
  dw 00370h,base+0030Eh
  dw 00211h,base+0009Fh
  dw 0026Fh,base+0009Dh
  dw 00280h,base+0009Fh
  dw 00280h,base+0030Fh
  dw 00380h,base+00300h
  dw 00381h,base+006E7h
  dw 00280h,base+01728h
  dw 00281h,base+00337h
  dw 00100h,base+0009Dh

VegaPage0frame003:
  db 026h,060h,07Ah,023h
  db 08Ch
  db 05Eh,0FAh,064h,085h,07Bh
  db 000h,000h
  db 000h,000h
  dw 0017Fh,base+0009Dh
  dw 00380h,base+0146Ch
  dw 0047Fh,base+03A20h
  dw 00509h,base+0369Ch
  dw 00177h,base+0000Ch
  dw 00509h,base+036A1h
  dw 00277h,base+0062Ch
  dw 00508h,base+036A6h
  dw 00378h,base+03DD6h
  dw 00508h,base+036ABh
  dw 00477h,base+03A88h
  dw 00608h,base+03294h
  dw 00475h,base+03A8Ch
  dw 0090Bh,base+025DDh
  dw 00374h,base+03DC7h
  dw 00A0Bh,base+020D1h
  dw 00474h,base+03A28h
  dw 00A0Ch,base+020DBh
  dw 00374h,base+03DC7h
  dw 00A0Bh,base+020E5h
  dw 00475h,base+03A90h
  dw 00E80h,base+00F06h
  dw 00E80h,base+00F14h
  dw 00D80h,base+0140Dh
  dw 0090Ah,base+025E6h
  dw 00376h,base+014C0h
  dw 0090Ah,base+025EFh
  dw 00376h,base+03562h
  dw 00D80h,base+0141Ah
  dw 00C80h,base+018C6h
  dw 00C80h,base+018D2h
  dw 00B80h,base+01C6Fh
  dw 00B80h,base+01C7Ah
  dw 00B80h,base+01C85h
  dw 00A0Ch,base+020EFh
  dw 00174h,base+00199h
  dw 00A0Bh,base+020F9h
  dw 00275h,base+016F4h
  dw 00A0Bh,base+02103h
  dw 00375h,base+0025Dh
  dw 0090Bh,base+025F8h
  dw 00375h,base+03DEEh
  dw 0090Bh,base+02601h
  dw 00375h,base+025F3h
  dw 0090Ah,base+0260Ah
  dw 00476h,base+03ADCh
  dw 00D80h,base+01427h
  dw 00D7Fh,base+01434h
  dw 00D80h,base+01441h
  dw 00D80h,base+0144Eh
  dw 00708h,base+02ECEh
  dw 00478h,base+03AE0h
  dw 00708h,base+02ED5h
  dw 00478h,base+03AE4h
  dw 00708h,base+02EDCh
  dw 00378h,base+014CDh
  dw 00708h,base+02EE3h
  dw 00378h,base+00727h
  dw 00709h,base+02EEAh
  dw 00177h,base+0003Bh
  dw 00780h,base+029E8h
  dw 00880h,base+029FFh
  dw 00880h,base+02A07h
  dw 00980h,base+02640h
  dw 00980h,base+02649h
  dw 00980h,base+02652h
  dw 00980h,base+0265Bh
  dw 00A80h,base+02135h
  dw 00A80h,base+0213Fh
  dw 00A80h,base+02149h
  dw 00A80h,base+02153h
  dw 00A80h,base+0215Dh
  dw 00B81h,base+01CB1h
  dw 00A80h,base+02167h
  dw 00A80h,base+02171h
  dw 00B80h,base+01CBCh
  dw 00B80h,base+01CC7h
  dw 00B81h,base+01CD2h
  dw 00A80h,base+0217Bh
  dw 00A80h,base+02185h
  dw 00A80h,base+0218Fh
  dw 00A81h,base+02199h
  dw 00980h,base+02664h
  dw 00405h,base+03B28h
  dw 0047Bh,base+03B2Ch
  dw 00405h,base+02637h
  dw 0047Bh,base+00D97h
  dw 00405h,base+029F7h
  dw 0047Ch,base+03B30h
  dw 00304h,base+00C04h
  dw 0047Ch,base+03B34h
  dw 00304h,base+029A7h
  dw 0047Bh,base+03B38h
  dw 00405h,base+03B3Ch
  dw 0037Bh,base+03706h
  dw 00405h,base+03B40h
  dw 0037Bh,base+03E03h
  dw 00405h,base+03B44h
  dw 0037Bh,base+03E06h
  dw 00405h,base+03B48h
  dw 0037Bh,base+005E4h
  dw 00405h,base+03B4Ch
  dw 0027Bh,base+0008Ch
  dw 00405h,base+03B50h
  dw 0027Bh,base+00422h
  dw 00405h,base+03B54h
  dw 0027Bh,base+002DBh
  dw 00305h,base+03E09h
  dw 0027Bh,base+00362h
  dw 00305h,base+03E0Ch
  dw 0027Bh,base+00D2Ah
  dw 00305h,base+03E0Fh
  dw 0027Bh,base+005E5h
  dw 00304h,base+0161Ch
  dw 0037Dh,base+03E12h
  dw 00203h,base+00D2Ah
  dw 0037Dh,base+03E15h
  dw 00203h,base+00DFCh
  dw 0037Dh,base+01439h
  dw 00103h,base+0001Fh
  dw 0037Dh,base+019A6h
  dw 00103h,base+0001Fh
  dw 0037Dh,base+01B9Ch
  dw 00104h,base+0007Fh
  dw 0027Ch,base+0009Eh
  dw 00104h,base+00007h
  dw 0027Bh,base+0009Fh
  dw 00205h,base+01299h
  dw 0027Bh,base+0030Fh
  dw 00305h,base+02B0Ch
  dw 0037Bh,base+00337h
  dw 00306h,base+03E18h
  dw 0027Ah,base+00182h
  dw 00306h,base+03E1Bh
  dw 0027Ah,base+00300h
  dw 00307h,base+03911h
  dw 00179h,base+0009Dh
  dw 00380h,base+013B7h
  dw 00381h,base+00114h
  dw 00280h,base+00115h
  dw 00280h,base+0009Fh
  dw 00280h,base+00167h
  dw 00381h,base+03C55h
  dw 00280h,base+001CAh
  dw 00200h,base+0009Dh

VegaPage0frame004:
  db 026h,05Dh,07Ah,022h
  db 08Ch
  db 05Bh,0FAh,065h,082h,07Eh
  db 000h,000h
  db 000h,000h
  dw 0037Fh,base+013EBh
  dw 00480h,base+03A80h
  dw 00409h,base+03A84h
  dw 00177h,base+00008h
  dw 00508h,base+036B5h
  dw 00377h,base+03DC4h
  dw 00609h,base+032A6h
  dw 00277h,base+03A8Eh
  dw 00608h,base+032ACh
  dw 00478h,base+03A24h
  dw 00608h,base+032B2h
  dw 00375h,base+03DC7h
  dw 00102h,base+00044h
  dw 00608h,base+032B8h
  dw 00475h,base+03A28h
  dw 0090Bh,base+02568h
  dw 00374h,base+03DC7h
  dw 00A0Bh,base+02095h
  dw 00475h,base+03A2Ch
  dw 00A0Bh,base+0209Fh
  dw 00375h,base+03A31h
  dw 00E80h,base+00F22h
  dw 00D80h,base+01482h
  dw 00D80h,base+0148Fh
  dw 00809h,base+029BFh
  dw 00477h,base+03B58h
  dw 00809h,base+029C7h
  dw 00477h,base+01281h
  dw 00D80h,base+0149Ch
  dw 00C80h,base+0190Eh
  dw 00B80h,base+01C38h
  dw 00B80h,base+01C43h
  dw 00A0Bh,base+020A9h
  dw 00275h,base+009C5h
  dw 00A0Bh,base+020B3h
  dw 00275h,base+0038Eh
  dw 0090Bh,base+02571h
  dw 00375h,base+0353Ch
  dw 0090Bh,base+0257Ah
  dw 00375h,base+03DD9h
  dw 0090Bh,base+02583h
  dw 00375h,base+00946h
  dw 0090Ah,base+0258Ch
  dw 00376h,base+03DDCh
  dw 0090Ah,base+02595h
  dw 00376h,base+00215h
  dw 00C80h,base+0187Eh
  dw 00C80h,base+0188Ah
  dw 00C7Fh,base+01896h
  dw 00C80h,base+018A2h
  dw 00708h,base+02EA4h
  dw 00478h,base+02007h
  dw 00608h,base+032BEh
  dw 00478h,base+00FF8h
  dw 00608h,base+032C4h
  dw 00378h,base+00B90h
  dw 00609h,base+02EABh
  dw 00277h,base+009C5h
  dw 00609h,base+032D0h
  dw 00177h,base+0009Dh
  dw 0077Fh,base+02F0Dh
  dw 00880h,base+02A0Fh
  dw 00880h,base+02A17h
  dw 00880h,base+02A1Fh
  dw 00880h,base+02A27h
  dw 00880h,base+02A2Fh
  dw 00880h,base+02A37h
  dw 00880h,base+02A3Fh
  dw 00980h,base+0266Dh
  dw 00981h,base+02676h
  dw 00980h,base+0267Fh
  dw 00980h,base+02688h
  dw 00A80h,base+021A3h
  dw 00A81h,base+021ADh
  dw 00A80h,base+021B7h
  dw 00A80h,base+021C1h
  dw 00B81h,base+01CDDh
  dw 00A80h,base+021CBh
  dw 00A80h,base+021D5h
  dw 00B81h,base+01CE8h
  dw 00980h,base+02691h
  dw 00981h,base+0269Ah
  dw 00880h,base+02A47h
  dw 00881h,base+02A4Fh
  dw 00680h,base+032D6h
  dw 00681h,base+032DCh
  dw 00580h,base+036E2h
  dw 0057Fh,base+036E7h
  dw 00680h,base+032E2h
  dw 00680h,base+032E8h
  dw 00680h,base+032EEh
  dw 00580h,base+036ECh
  dw 00580h,base+036F1h
  dw 00480h,base+03B5Ch
  dw 00480h,base+03B60h
  dw 00480h,base+03B64h
  dw 00380h,base+03E1Eh
  dw 00380h,base+00724h
  dw 00380h,base+03E21h
  dw 00380h,base+0060Fh
  dw 00280h,base+00422h
  dw 0027Fh,base+00362h
  dw 00380h,base+03E24h
  dw 00380h,base+0369Eh
  dw 00380h,base+014CDh
  dw 00380h,base+03E27h
  dw 00380h,base+03E2Ah
  dw 00380h,base+03E2Dh
  dw 00380h,base+01606h
  dw 00380h,base+03E30h
  dw 00381h,base+00300h
  dw 00280h,base+00117h
  dw 00280h,base+01956h
  dw 00381h,base+02BF1h
  dw 00280h,base+00454h
  dw 00281h,base+00167h
  dw 00100h,base+0009Dh

VegaPage0frame005:
  db 02Ah,037h,078h,04Fh
  db 088h
  db 059h,0FAh,036h,080h,080h
  db 000h,000h
  db 000h,000h
  dw 0020Ah,base+0009Dh
  dw 00176h,base+0000Ch
  dw 0020Ah,base+0009Eh
  dw 00275h,base+0062Ch
  dw 0040Ah,base+03B68h
  dw 00376h,base+03DD6h
  dw 0040Ah,base+03B6Ch
  dw 00476h,base+03A88h
  dw 00509h,base+036F6h
  dw 00477h,base+03A8Ch
  dw 00509h,base+036FBh
  dw 00376h,base+03DC7h
  dw 00609h,base+032F4h
  dw 00477h,base+03A28h
  dw 00609h,base+02F22h
  dw 00375h,base+03DC7h
  dw 0080Ah,base+02A57h
  dw 00476h,base+03A90h
  dw 00809h,base+02A5Fh
  dw 00476h,base+00ED8h
  dw 00E80h,base+00F30h
  dw 00D80h,base+014A9h
  dw 00D80h,base+014B6h
  dw 00C7Fh,base+0191Ah
  dw 00D80h,base+014C3h
  dw 00D80h,base+014D0h
  dw 00C80h,base+01926h
  dw 00C80h,base+01932h
  dw 00D80h,base+014DDh
  dw 00E80h,base+00F3Eh
  dw 00E80h,base+00F4Ch
  dw 00F80h,base+00AC5h
  dw 00F80h,base+00AD4h
  dw 00F80h,base+00AE3h
  dw 00F80h,base+00AF2h
  dw 00E80h,base+00F5Ah
  dw 00E80h,base+00F68h
  dw 00E80h,base+00F76h
  dw 00E80h,base+00F84h
  dw 00E80h,base+00F92h
  dw 00D80h,base+014EAh
  dw 00D80h,base+014F7h
  dw 00D80h,base+01504h
  dw 0090Ah,base+026A3h
  dw 00376h,base+01522h
  dw 0090Ah,base+026ACh
  dw 00376h,base+01BFEh
  dw 0090Ah,base+026B5h
  dw 00376h,base+03E33h
  dw 0080Bh,base+02A67h
  dw 00275h,base+005FCh
  dw 0080Bh,base+02A6Fh
  dw 00175h,base+0000Ah
  dw 0080Bh,base+02A77h
  dw 00176h,base+00013h
  dw 0080Ah,base+02A7Fh
  dw 00176h,base+00013h
  dw 0080Ah,base+02A87h
  dw 00176h,base+0019Dh
  dw 00809h,base+02A8Fh
  dw 00378h,base+03E36h
  dw 00708h,base+02F14h
  dw 00376h,base+00387h
  dw 00102h,base+0009Dh
  dw 00C7Dh,base+0193Eh
  dw 00204h,base+00337h
  dw 00C7Ch,base+0194Ah
  dw 01080h,base+00777h
  dw 00C0Dh,base+01956h
  dw 00473h,base+03B70h
  dw 00C0Eh,base+01962h
  dw 00371h,base+00118h
  dw 00D80h,base+01511h
  dw 00D80h,base+0151Eh
  dw 00305h,base+02F71h
  dw 0087Bh,base+02A97h
  dw 00206h,base+0009Fh
  dw 0077Ah,base+02F1Bh
  dw 00307h,base+00D79h
  dw 0067Ah,base+032FAh
  dw 00207h,base+000D2h
  dw 00579h,base+03700h
  dw 00209h,base+0009Dh
  dw 00200h,base+0009Dh

VegaPage0frame006:
  db 022h,064h,074h,022h
  db 082h
  db 05Dh,02Fh,032h,057h,02Dh
  db 000h,000h
  db 000h,000h
  dw 00280h,base+0009Dh
  dw 0027Fh,base+0009Eh
  dw 00480h,base+03B68h
  dw 00480h,base+03B6Ch
  dw 00409h,base+036F6h
  dw 00277h,base+00020h
  dw 00509h,base+036FBh
  dw 00277h,base+00044h
  dw 00508h,base+032F5h
  dw 00277h,base+00060h
  dw 00709h,base+02F22h
  dw 00177h,base+00044h
  dw 00980h,base+026BEh
  dw 0097Eh,base+026C7h
  dw 00D7Fh,base+0152Bh
  dw 00E80h,base+00FA0h
  dw 00F7Fh,base+00B01h
  dw 01080h,base+00787h
  dw 01080h,base+00797h
  dw 01080h,base+007A7h
  dw 01080h,base+007B7h
  dw 01081h,base+007C7h
  dw 00E80h,base+00FAEh
  dw 00D80h,base+01538h
  dw 00D80h,base+01545h
  dw 00C80h,base+0196Eh
  dw 00C80h,base+0197Ah
  dw 00809h,base+02A9Fh
  dw 00277h,base+0025Eh
  dw 0070Ah,base+02F29h
  dw 00176h,base+0000Ch
  dw 00781h,base+02F30h
  dw 0067Eh,base+03300h
  dw 00102h,base+0009Dh
  dw 0067Eh,base+03306h
  dw 00102h,base+0009Dh
  dw 00680h,base+0330Ch
  dw 00680h,base+03312h
  dw 00607h,base+03318h
  dw 00379h,base+03E39h
  dw 00B80h,base+01CF3h
  dw 00B80h,base+01CFEh
  dw 00B7Dh,base+01D09h
  dw 00103h,base+0009Fh
  dw 00B7Dh,base+01D14h
  dw 00103h,base+0009Fh
  dw 00B7Dh,base+01D1Fh
  dw 00103h,base+0009Dh
  dw 00B80h,base+01D2Ah
  dw 00B80h,base+01D35h
  dw 00A80h,base+021DFh
  dw 00A80h,base+021E9h
  dw 00A80h,base+021F3h
  dw 00980h,base+026D0h
  dw 00980h,base+026D9h
  dw 00980h,base+026E2h
  dw 00881h,base+02AA7h
  dw 00780h,base+02F37h
  dw 00780h,base+02F3Eh
  dw 00780h,base+02F45h
  dw 00780h,base+02F4Ch
  dw 00781h,base+02F53h
  dw 00780h,base+02F5Ah
  dw 00780h,base+02F61h
  dw 00780h,base+02F68h
  dw 00780h,base+02F6Fh
  dw 00780h,base+02F76h
  dw 00880h,base+02AAFh
  dw 00880h,base+02AB7h
  dw 00880h,base+02ABFh
  dw 00880h,base+02AC7h
  dw 00881h,base+02ACFh
  dw 00780h,base+02F7Dh
  dw 00780h,base+02F84h
  dw 00680h,base+0331Eh
  dw 00304h,base+00347h
  dw 0027Bh,base+0003Ch
  dw 00405h,base+03B74h
  dw 0027Bh,base+003A6h
  dw 00406h,base+03B78h
  dw 0017Ah,base+0003Bh
  dw 00406h,base+03B78h
  dw 0017Ah,base+0003Bh
  dw 00480h,base+03B7Ch
  dw 00380h,base+03E3Ch
  dw 00380h,base+03E3Fh
  dw 0037Fh,base+03E42h
  dw 00480h,base+03B80h
  dw 00380h,base+03E45h
  dw 00380h,base+02274h
  dw 00380h,base+01B54h
  dw 00380h,base+00871h
  dw 00380h,base+00871h
  dw 00380h,base+03E48h
  dw 00380h,base+01970h
  dw 00380h,base+00BEAh
  dw 00280h,base+00376h
  dw 00280h,base+0085Ah
  dw 00280h,base+0085Ah
  dw 00280h,base+00EBCh
  dw 00280h,base+00C00h
  dw 0027Fh,base+00C00h
  dw 00380h,base+03E4Bh
  dw 00380h,base+030F4h
  dw 00381h,base+00337h
  dw 00280h,base+002FFh
  dw 00280h,base+00131h
  dw 00280h,base+0009Fh
  dw 00280h,base+0009Fh
  dw 00180h,base+0009Dh
  dw 00180h,base+0009Dh
  dw 00180h,base+0009Fh
  dw 00280h,base+0030Fh
  dw 00281h,base+00114h
  dw 00180h,base+0009Dh
  dw 00100h,base+0009Dh

VegaPage0frame007:
  db 02Ch,04Ah,06Eh,021h
  db 06Eh
  db 059h,0FAh,066h,080h,080h
  db 000h,000h
  db 000h,000h
  dw 00280h,base+000FBh
  dw 00382h,base+0100Dh
  dw 00181h,base+000FBh
  dw 00180h,base+0009Fh
  dw 00181h,base+000FBh
  dw 00106h,base+0009Fh
  dw 0017Ah,base+0009Dh
  dw 00205h,base+001CBh
  dw 0037Ch,base+00118h
  dw 00204h,base+0009Eh
  dw 0037Dh,base+00113h
  dw 00680h,base+03324h
  dw 00780h,base+02F8Bh
  dw 00780h,base+02F92h
  dw 00780h,base+02F99h
  dw 0077Ch,base+02FA0h
  dw 00B0Eh,base+01D40h
  dw 00103h,base+0003Bh
  dw 0016Eh,base+0003Bh
  dw 0147Fh,base+0038Bh
  dw 01580h,base+002CEh
  dw 01680h,base+00234h
  dw 01680h,base+0024Ah
  dw 01680h,base+00260h
  dw 01381h,base+00403h
  dw 01080h,base+007D7h
  dw 00F82h,base+00B10h
  dw 00C81h,base+01986h
  dw 00980h,base+026EBh
  dw 00980h,base+026F4h
  dw 00880h,base+02AD7h
  dw 00880h,base+02ADFh
  dw 00881h,base+02AE7h
  dw 00680h,base+0332Ah
  dw 00680h,base+03330h
  dw 00580h,base+03705h
  dw 00780h,base+02FA7h
  dw 0087Fh,base+02AEFh
  dw 00980h,base+026FDh
  dw 0090Dh,base+02706h
  dw 00273h,base+0003Bh
  dw 0090Ch,base+0270Fh
  dw 00474h,base+00049h
  dw 01080h,base+007E7h
  dw 0107Fh,base+007F7h
  dw 01280h,base+004D4h
  dw 01280h,base+004E6h
  dw 01280h,base+004F8h
  dw 01180h,base+005ACh
  dw 01180h,base+005BDh
  dw 0080Bh,base+02AF7h
  dw 00675h,base+03336h
  dw 0090Ch,base+02718h
  dw 00374h,base+004F2h
  dw 0090Dh,base+02721h
  dw 00274h,base+0024Fh
  dw 0090Dh,base+0272Ah
  dw 00173h,base+0003Bh
  dw 00980h,base+02733h
  dw 00A81h,base+021FDh
  dw 00980h,base+0273Ch
  dw 00A80h,base+02207h
  dw 00A80h,base+02211h
  dw 00304h,base+0030Eh
  dw 0067Ch,base+008C0h
  dw 00205h,base+0009Eh
  dw 0067Bh,base+0333Ch
  dw 00205h,base+0009Dh
  dw 0067Bh,base+03342h
  dw 00206h,base+0009Eh
  dw 0057Ah,base+03349h
  dw 00205h,base+00131h
  dw 0067Bh,base+03348h
  dw 00205h,base+00131h
  dw 0067Bh,base+0334Eh
  dw 00204h,base+019C0h
  dw 0077Ch,base+02FAEh
  dw 00204h,base+0009Fh
  dw 0067Ch,base+03354h
  dw 00A81h,base+0221Bh
  dw 00880h,base+02AFFh
  dw 00880h,base+02B07h
  dw 00480h,base+03B84h
  dw 00380h,base+02211h
  dw 00380h,base+0030Eh
  dw 0027Fh,base+0009Dh
  dw 00380h,base+01663h
  dw 00380h,base+01663h
  dw 00280h,base+00114h
  dw 00281h,base+00114h
  dw 00180h,base+000FBh
  dw 00180h,base+0009Dh
  dw 00100h,base+0009Dh

VegaPage0frame008:
  db 028h,054h,076h,032h
  db 086h
  db 05Ah,02Fh,025h,054h,02Dh
  db 000h,000h
  db 000h,000h
  dw 0017Fh,base+0009Dh
  dw 00380h,base+00D79h
  dw 00480h,base+03B88h
  dw 0047Fh,base+03B8Ch
  dw 00580h,base+0370Ah
  dw 0050Ah,base+0370Fh
  dw 00176h,base+0000Ch
  dw 0050Ah,base+03714h
  dw 00276h,base+0062Ch
  dw 00509h,base+03719h
  dw 00377h,base+03DD6h
  dw 00509h,base+0371Eh
  dw 00477h,base+03A88h
  dw 00508h,base+03723h
  dw 00475h,base+03A8Ch
  dw 0080Bh,base+02B0Fh
  dw 00374h,base+03DC7h
  dw 0090Bh,base+02745h
  dw 00475h,base+03A28h
  dw 0080Bh,base+02B17h
  dw 00375h,base+03DC7h
  dw 0090Ah,base+0274Eh
  dw 00475h,base+03A90h
  dw 00E80h,base+00FBCh
  dw 00E80h,base+00FCAh
  dw 00D80h,base+01552h
  dw 00D80h,base+0155Fh
  dw 00D80h,base+0156Ch
  dw 00D80h,base+01579h
  dw 00C80h,base+01992h
  dw 00B81h,base+01D4Bh
  dw 00A7Fh,base+02225h
  dw 00A80h,base+0222Fh
  dw 00A0Bh,base+02239h
  dw 00176h,base+00000h
  dw 00809h,base+02B1Fh
  dw 00377h,base+03E4Eh
  dw 00809h,base+02B27h
  dw 00377h,base+03E51h
  dw 00C7Eh,base+0199Eh
  dw 00102h,base+0009Dh
  dw 00C7Eh,base+019AAh
  dw 00102h,base+0009Dh
  dw 00C80h,base+019B6h
  dw 00B80h,base+01D56h
  dw 00A80h,base+02243h
  dw 00980h,base+02757h
  dw 00980h,base+02760h
  dw 0087Fh,base+02B2Fh
  dw 00880h,base+02B37h
  dw 00780h,base+02FB5h
  dw 00880h,base+02B3Fh
  dw 00880h,base+02B47h
  dw 00980h,base+02769h
  dw 00A80h,base+0224Dh
  dw 00B80h,base+01D61h
  dw 00C80h,base+019C2h
  dw 00C80h,base+019CEh
  dw 00D80h,base+01586h
  dw 00E80h,base+00FD8h
  dw 00F81h,base+00B1Fh
  dw 00E80h,base+00FE6h
  dw 00F80h,base+00B2Eh
  dw 00506h,base+03728h
  dw 0097Ah,base+02772h
  dw 00506h,base+0372Dh
  dw 0097Ah,base+0277Bh
  dw 00506h,base+03732h
  dw 0097Ah,base+02784h
  dw 0080Ah,base+02B4Fh
  dw 00576h,base+03737h
  dw 0080Bh,base+02B57h
  dw 00476h,base+03B90h
  dw 0070Ah,base+02FBCh
  dw 00476h,base+03B94h
  dw 0070Ah,base+02FC3h
  dw 00476h,base+03B98h
  dw 0070Ah,base+02FCAh
  dw 00476h,base+03B9Ch
  dw 0080Bh,base+02B5Fh
  dw 00375h,base+02C29h
  dw 0080Bh,base+02B67h
  dw 00375h,base+0095Dh
  dw 0080Bh,base+02B6Fh
  dw 00376h,base+03E54h
  dw 0070Ah,base+02FD1h
  dw 00376h,base+03E57h
  dw 0070Ah,base+02FD8h
  dw 00376h,base+03DD3h
  dw 0060Ah,base+0335Ah
  dw 00376h,base+00ECFh
  dw 0060Ah,base+03360h
  dw 00375h,base+03AB9h
  dw 0050Bh,base+0373Ch
  dw 00375h,base+03504h
  dw 0050Ch,base+03741h
  dw 00274h,base+00A02h
  dw 0050Ch,base+03746h
  dw 00273h,base+00D2Ah
  dw 0060Dh,base+03366h
  dw 00273h,base+00362h
  dw 0060Dh,base+0336Ch
  dw 00273h,base+0041Dh
  dw 0060Ch,base+03372h
  dw 00374h,base+03E5Ah
  dw 0050Ch,base+0374Bh
  dw 00373h,base+01B9Ch
  dw 0060Dh,base+03378h
  dw 00472h,base+03BA0h
  dw 0060Eh,base+0337Eh
  dw 00472h,base+00E7Ah
  dw 0040Fh,base+03BA4h
  dw 00371h,base+00118h
  dw 00310h,base+03E5Dh
  dw 00370h,base+01027h
  dw 00310h,base+0034Bh
  dw 00470h,base+03BA8h
  dw 00311h,base+02C93h
  dw 0036Fh,base+00118h
  dw 00380h,base+01656h
  dw 00381h,base+00118h
  dw 00280h,base+00337h
  dw 00280h,base+0009Fh
  dw 00380h,base+03E60h
  dw 00381h,base+01449h
  dw 00200h,base+0009Dh

VegaPage0frame009:
  db 032h,04Ah,066h,014h
  db 078h
  db 066h,02Fh,065h,060h,02Dh
  db 000h,000h
  db 000h,000h
  dw 00281h,base+001CBh
  dw 00180h,base+0009Dh
  dw 00181h,base+000FBh
  dw 00180h,base+0009Fh
  dw 00180h,base+0003Bh
  dw 00180h,base+0009Fh
  dw 00180h,base+0009Fh
  dw 00180h,base+000FBh
  dw 00180h,base+0009Fh
  dw 00180h,base+0009Dh
  dw 00180h,base+0009Fh
  dw 00281h,base+00116h
  dw 00180h,base+0009Fh
  dw 00180h,base+0009Fh
  dw 00180h,base+0009Fh
  dw 00180h,base+0009Dh
  dw 00180h,base+0009Fh
  dw 0047Eh,base+01951h
  dw 00680h,base+03384h
  dw 0077Fh,base+02FDFh
  dw 00A80h,base+02257h
  dw 00A80h,base+02261h
  dw 00A0Dh,base+0226Bh
  dw 00273h,base+001FDh
  dw 00B0Ch,base+01D6Ch
  dw 0046Bh,base+00B48h
  dw 00309h,base+00049h
  dw 01078h,base+00807h
  dw 00208h,base+00043h
  dw 01078h,base+00817h
  dw 00308h,base+009B0h
  dw 00F78h,base+00B3Dh
  dw 00408h,base+00B75h
  dw 00E78h,base+00FF4h
  dw 00408h,base+009C0h
  dw 00D78h,base+01593h
  dw 00508h,base+03750h
  dw 00C78h,base+019DAh
  dw 00508h,base+02FE8h
  dw 00B78h,base+01D77h
  dw 00508h,base+03755h
  dw 00C77h,base+019E6h
  dw 00709h,base+02FE6h
  dw 00C77h,base+019F2h
  dw 00709h,base+02FEDh
  dw 00C77h,base+019FEh
  dw 00809h,base+02B77h
  dw 00C77h,base+01A0Ah
  dw 01580h,base+002E3h
  dw 01581h,base+002F8h
  dw 01480h,base+0039Fh
  dw 00205h,base+0009Dh
  dw 00F82h,base+00B4Ch
  dw 0090Ah,base+0278Dh
  dw 00376h,base+00D1Eh
  dw 0090Bh,base+02796h
  dw 00275h,base+0009Dh
  dw 00980h,base+0279Fh
  dw 00980h,base+027A8h
  dw 00880h,base+02B7Fh
  dw 00980h,base+027B1h
  dw 00A80h,base+02275h
  dw 00A80h,base+0227Fh
  dw 00B80h,base+01D82h
  dw 00B80h,base+01D8Dh
  dw 00B81h,base+01D98h
  dw 00A80h,base+02289h
  dw 00A81h,base+02293h
  dw 00982h,base+027BAh
  dw 00203h,base+00340h
  dw 0047Dh,base+03BACh
  dw 0077Fh,base+02FF4h
  dw 00780h,base+02FFBh
  dw 00203h,base+0058Bh
  dw 0047Dh,base+03BB0h
  dw 0067Fh,base+0338Ah
  dw 00780h,base+03002h
  dw 00680h,base+03390h
  dw 00680h,base+03396h
  dw 00580h,base+0375Ah
  dw 00481h,base+03863h
  dw 00380h,base+00338h
  dw 00280h,base+000FBh
  dw 00280h,base+001CBh
  dw 00280h,base+001CBh
  dw 00280h,base+00336h
  dw 00280h,base+00336h
  dw 00280h,base+000FBh
  dw 00180h,base+0009Dh
  dw 00180h,base+0009Dh
  dw 00180h,base+0009Dh
  dw 00100h,base+0009Dh

VegaPage0frame010:
  db 02Ch,037h,062h,01Fh
  db 078h
  db 064h,02Fh,027h,05Eh,02Dh
  db 000h,000h
  db 000h,000h
  dw 00180h,base+0009Dh
  dw 00180h,base+0009Fh
  dw 0017Fh,base+00182h
  dw 00280h,base+01080h
  dw 00280h,base+00131h
  dw 00280h,base+00131h
  dw 00280h,base+0009Dh
  dw 00207h,base+000FBh
  dw 00278h,base+0009Dh
  dw 00D7Fh,base+015A0h
  dw 00E80h,base+01002h
  dw 00E80h,base+01010h
  dw 00D7Ch,base+015ADh
  dw 00103h,base+0003Bh
  dw 00E80h,base+0101Eh
  dw 00809h,base+02B87h
  dw 00375h,base+00D79h
  dw 0080Ch,base+02B8Fh
  dw 00174h,base+0009Dh
  dw 00B7Fh,base+01DA3h
  dw 00D80h,base+015BAh
  dw 00E80h,base+0102Ch
  dw 00F7Fh,base+00B5Bh
  dw 01080h,base+00827h
  dw 01180h,base+005CEh
  dw 01181h,base+005DFh
  dw 01080h,base+00837h
  dw 01080h,base+00847h
  dw 01081h,base+00857h
  dw 00F80h,base+00B6Ah
  dw 00F80h,base+00B79h
  dw 00F81h,base+00B88h
  dw 00F80h,base+00B97h
  dw 00F80h,base+00BA6h
  dw 00F80h,base+00BB5h
  dw 00F80h,base+00BC4h
  dw 00F80h,base+00BD3h
  dw 00F80h,base+00BE2h
  dw 00E81h,base+0103Ah
  dw 00304h,base+00122h
  dw 0097Ch,base+027C3h
  dw 00204h,base+0009Dh
  dw 00980h,base+027CCh
  dw 00980h,base+027D5h
  dw 0097Fh,base+027DEh
  dw 00A80h,base+0229Dh
  dw 00A7Fh,base+022A7h
  dw 00B78h,base+01DAEh
  dw 00408h,base+00DA9h
  dw 00B77h,base+01DB9h
  dw 00204h,base+00114h
  dw 00205h,base+00337h
  dw 00B7Ch,base+01DC4h
  dw 00104h,base+0009Dh
  dw 00B7Ch,base+01DCFh
  dw 00204h,base+001CBh
  dw 00B7Dh,base+01DDAh
  dw 00203h,base+0009Eh
  dw 00B7Dh,base+01DE5h
  dw 00204h,base+00115h
  dw 00A7Dh,base+022B1h
  dw 00103h,base+0009Dh
  dw 00A7Eh,base+022BBh
  dw 00B80h,base+01DF0h
  dw 00B82h,base+01DFBh
  dw 00880h,base+02B97h
  dw 00203h,base+0009Dh
  dw 00581h,base+0375Fh
  dw 00380h,base+0040Bh
  dw 00200h,base+0009Dh

VegaPage0frame011:
  db 03Ch,02Fh,058h,028h
  db 06Ah
  db 063h,02Fh,02Bh,05Dh,02Dh
  db 000h,000h
  db 000h,000h
  dw 0017Fh,base+0000Ch
  dw 00280h,base+006BAh
  dw 0037Fh,base+03E63h
  dw 00481h,base+03BB4h
  dw 00481h,base+03BB8h
  dw 00380h,base+03C70h
  dw 00477h,base+03BBCh
  dw 0010Ah,base+000FBh
  dw 00308h,base+03C70h
  dw 0026Eh,base+00128h
  dw 0020Ah,base+00115h
  dw 00508h,base+03764h
  dw 0036Fh,base+0279Ch
  dw 0020Ah,base+0009Dh
  dw 00B78h,base+01E06h
  dw 00107h,base+0009Fh
  dw 00C79h,base+01A16h
  dw 00106h,base+000FBh
  dw 0117Ah,base+005F0h
  dw 00205h,base+001CBh
  dw 0127Ch,base+0050Ah
  dw 00104h,base+0009Fh
  dw 0127Ch,base+0051Ch
  dw 00104h,base+0009Fh
  dw 0137Ch,base+00416h
  dw 00104h,base+000FBh
  dw 0137Dh,base+00429h
  dw 00103h,base+0009Fh
  dw 0137Dh,base+0043Ch
  dw 00103h,base+0009Fh
  dw 0137Dh,base+0044Fh
  dw 00103h,base+0009Dh
  dw 0137Eh,base+00462h
  dw 00102h,base+0009Fh
  dw 0137Eh,base+00475h
  dw 01581h,base+0030Dh
  dw 01580h,base+00322h
  dw 01581h,base+00337h
  dw 01581h,base+0034Ch
  dw 01580h,base+00361h
  dw 01580h,base+00376h
  dw 01113h,base+00601h
  dw 0026Dh,base+0009Dh
  dw 01180h,base+00612h
  dw 01180h,base+00623h
  dw 01080h,base+00867h
  dw 01080h,base+00877h
  dw 01080h,base+00887h
  dw 01081h,base+00897h
  dw 00F80h,base+00BF1h
  dw 00F81h,base+00C00h
  dw 00E80h,base+01048h
  dw 00E81h,base+01056h
  dw 00D81h,base+015C7h
  dw 00C81h,base+01A22h
  dw 00B82h,base+01E11h
  dw 00981h,base+027E7h
  dw 00881h,base+02B9Fh
  dw 00781h,base+03009h
  dw 00304h,base+00118h
  dw 00280h,base+0009Fh
  dw 00281h,base+00337h
  dw 00280h,base+0030Fh
  dw 00200h,base+0009Dh

VegaPage0frame012:
  db 050h,05Eh,074h,028h
  db 090h
  db 077h,028h,02Fh,066h,028h
  db 0C3h,03Dh
  db 09Dh,030h
  dw 0017Fh,base+0009Dh
  dw 00380h,base+0014Bh
  dw 0037Fh,base+03E66h
  dw 00580h,base+03769h
  dw 00580h,base+0376Eh
  dw 00580h,base+03773h
  dw 0057Fh,base+03778h
  dw 00680h,base+0339Ch
  dw 00680h,base+033A2h
  dw 0057Fh,base+0377Dh
  dw 00680h,base+033A8h
  dw 0067Fh,base+033AEh
  dw 00780h,base+03010h
  dw 0090Ch,base+027F0h
  dw 00274h,base+0003Bh
  dw 00A0Bh,base+022C5h
  dw 0050Ah,base+03782h
  dw 0096Ah,base+027F9h
  dw 02080h,base+000BEh
  dw 01A80h,base+00184h
  dw 01A80h,base+0019Eh
  dw 01A80h,base+001B8h
  dw 01116h,base+00634h
  dw 0036Ah,base+00218h
  dw 00F17h,base+00C0Fh
  dw 0026Ah,base+0041Dh
  dw 00A7Fh,base+022CFh
  dw 00A80h,base+022D9h
  dw 00A7Eh,base+022E3h
  dw 00203h,base+01DF3h
  dw 0097Ch,base+02802h
  dw 00205h,base+00114h
  dw 00708h,base+03017h
  dw 00172h,base+0003Bh
  dw 00206h,base+01956h
  dw 00708h,base+0301Eh
  dw 00272h,base+001D0h
  dw 00106h,base+000FBh
  dw 00608h,base+033B4h
  dw 00278h,base+01286h
  dw 00607h,base+033BAh
  dw 0037Ah,base+03539h
  dw 00506h,base+03787h
  dw 0037Ah,base+03E69h
  dw 00880h,base+02BA7h
  dw 0087Fh,base+02BAFh
  dw 00880h,base+02BB7h
  dw 00780h,base+03025h
  dw 00680h,base+033C0h
  dw 00580h,base+0378Ch
  dw 00580h,base+00574h
  dw 00580h,base+03791h
  dw 00580h,base+03796h
  dw 00580h,base+0379Bh
  dw 0057Fh,base+037A0h
  dw 00780h,base+0302Ch
  dw 00780h,base+03033h
  dw 00880h,base+02BBFh
  dw 00881h,base+02BC7h
  dw 00880h,base+02BCFh
  dw 0087Fh,base+02BD7h
  dw 00A80h,base+022EDh
  dw 00A80h,base+022F7h
  dw 00A80h,base+02301h
  dw 00B80h,base+01E1Ch
  dw 00B80h,base+01E27h
  dw 00B80h,base+01E32h
  dw 00607h,base+033C6h
  dw 00479h,base+03BC0h
  dw 00607h,base+033CCh
  dw 00579h,base+037A5h
  dw 00608h,base+033D2h
  dw 00478h,base+03BC4h
  dw 00608h,base+033D8h
  dw 00478h,base+009C7h
  dw 00708h,base+0303Ah
  dw 00478h,base+03BC8h
  dw 00708h,base+03041h
  dw 00478h,base+03BCCh
  dw 00C80h,base+01A2Eh
  dw 00507h,base+037AAh
  dw 00579h,base+037AFh
  dw 00304h,base+03E6Ch
  dw 00104h,base+0003Bh
  dw 00378h,base+009BBh
  dw 00308h,base+03E6Fh
  dw 00377h,base+03E72h
  dw 00409h,base+03BD0h
  dw 00376h,base+001D9h
  dw 0040Ah,base+03BD4h
  dw 00376h,base+03E75h
  dw 0040Ah,base+03BD8h
  dw 00275h,base+00018h
  dw 0050Bh,base+037B4h
  dw 00275h,base+00758h
  dw 0050Bh,base+037B9h
  dw 00275h,base+000EDh
  dw 0050Bh,base+037BEh
  dw 00275h,base+001E2h
  dw 0040Bh,base+03BDCh
  dw 00275h,base+001E2h
  dw 0040Bh,base+03BE0h
  dw 00274h,base+00086h
  dw 0050Ch,base+037C3h
  dw 00174h,base+00003h
  dw 0040Bh,base+03BE4h
  dw 00275h,base+00128h
  dw 0040Bh,base+03BE8h
  dw 00275h,base+00674h
  dw 0030Bh,base+012ADh
  dw 00275h,base+00265h
  dw 0030Bh,base+03E78h
  dw 00275h,base+00362h
  dw 0020Bh,base+0084Ah
  dw 00274h,base+007D3h
  dw 0030Ch,base+03E7Bh
  dw 00374h,base+00465h
  dw 0020Bh,base+000AAh
  dw 00475h,base+03BECh
  dw 0020Bh,base+00FABh
  dw 00374h,base+0376Bh
  dw 0030Ch,base+02492h
  dw 00374h,base+03E7Eh
  dw 0020Ch,base+002DBh
  dw 00373h,base+01F83h
  dw 0030Dh,base+02E1Ch
  dw 00473h,base+03BF0h
  dw 0020Dh,base+002DAh
  dw 00472h,base+03BF4h
  dw 0030Fh,base+03E81h
  dw 00471h,base+00118h
  dw 00410h,base+03BF8h
  dw 00470h,base+00CBEh
  dw 00311h,base+03E84h
  dw 0036Eh,base+00118h
  dw 00480h,base+03BFCh
  dw 00481h,base+03C00h
  dw 00381h,base+0235Bh
  dw 00380h,base+00131h
  dw 00381h,base+013B7h
  dw 00380h,base+03E87h
  dw 00300h,base+00118h

VegaPage0frame013:
  db 06Ch,051h,06Eh,036h
  db 0A4h
  db 067h,043h,01Eh,061h,09Fh
  db 000h,000h
  db 000h,000h
  dw 00180h,base+0009Dh
  dw 0027Fh,base+00117h
  dw 00380h,base+03E8Ah
  dw 00473h,base+03C04h
  dw 0020Dh,base+0009Fh
  dw 00474h,base+03C08h
  dw 0020Bh,base+0003Ah
  dw 00675h,base+033DEh
  dw 0020Ah,base+0030Fh
  dw 00778h,base+03048h
  dw 00107h,base+0009Fh
  dw 0087Ah,base+02BDFh
  dw 00106h,base+0009Fh
  dw 0087Bh,base+02BE7h
  dw 00204h,base+0030Fh
  dw 0087Dh,base+02BEFh
  dw 00B80h,base+01E3Dh
  dw 00C7Fh,base+01A3Ah
  dw 0107Fh,base+008A7h
  dw 0167Fh,base+00276h
  dw 0197Fh,base+001D2h
  dw 02680h,base+00077h
  dw 0277Fh,base+00050h
  dw 02880h,base+00000h
  dw 02880h,base+00028h
  dw 01316h,base+00488h
  dw 00309h,base+000F3h
  dw 00961h,base+0280Bh
  dw 00D1Fh,base+015D4h
  dw 00861h,base+02BF7h
  dw 00D20h,base+015E1h
  dw 00361h,base+03E8Dh
  dw 00C1Fh,base+01A46h
  dw 00262h,base+02C55h
  dw 00A1Eh,base+0230Bh
  dw 00164h,base+0000Ch
  dw 00880h,base+02BFFh
  dw 00680h,base+033E4h
  dw 00680h,base+033EAh
  dw 0057Fh,base+037C8h
  dw 00680h,base+033F0h
  dw 00580h,base+037CDh
  dw 00580h,base+037D2h
  dw 00580h,base+037D7h
  dw 0057Fh,base+037DCh
  dw 00680h,base+033F6h
  dw 00780h,base+0304Fh
  dw 0087Fh,base+02C07h
  dw 00A80h,base+02315h
  dw 00B80h,base+01E48h
  dw 00C7Fh,base+01A52h
  dw 00E7Fh,base+01064h
  dw 0107Fh,base+008B7h
  dw 01180h,base+00645h
  dw 0127Fh,base+0052Eh
  dw 01380h,base+0049Bh
  dw 0090Bh,base+02814h
  dw 00975h,base+0281Dh
  dw 0090Dh,base+02826h
  dw 00773h,base+03056h
  dw 0090Fh,base+0282Fh
  dw 00571h,base+037E1h
  dw 0090Fh,base+02838h
  dw 00572h,base+037E6h
  dw 0080Eh,base+02C0Fh
  dw 00472h,base+03C0Ch
  dw 0070Eh,base+0305Dh
  dw 00473h,base+03C10h
  dw 0060Ch,base+033FCh
  dw 00575h,base+037EBh
  dw 0050Bh,base+037F0h
  dw 00475h,base+03C14h
  dw 0050Bh,base+037F5h
  dw 00475h,base+03C18h
  dw 0040Bh,base+03C1Ch
  dw 00475h,base+03C20h
  dw 0040Bh,base+03C24h
  dw 00475h,base+03C28h
  dw 0040Bh,base+03C2Ch
  dw 00375h,base+0069Eh
  dw 0040Bh,base+03C30h
  dw 00374h,base+004EBh
  dw 0040Ch,base+03C34h
  dw 00272h,base+002D8h
  dw 0060Eh,base+03402h
  dw 00271h,base+0023Eh
  dw 0070Eh,base+03064h
  dw 00272h,base+00376h
  dw 0070Eh,base+0306Bh
  dw 00271h,base+00379h
  dw 0070Fh,base+03072h
  dw 00271h,base+00915h
  dw 0070Eh,base+03079h
  dw 00371h,base+03E90h
  dw 0080Fh,base+02C17h
  dw 00271h,base+0379Fh
  dw 0070Eh,base+03080h
  dw 00371h,base+0363Ah
  dw 0070Fh,base+03087h
  dw 00471h,base+03C38h
  dw 0060Fh,base+03408h
  dw 00470h,base+03C3Ch
  dw 00610h,base+0340Eh
  dw 0046Ch,base+03C40h
  dw 00103h,base+0009Dh
  dw 00612h,base+03414h
  dw 0026Ah,base+00115h
  dw 00916h,base+02841h
  dw 0026Ah,base+0009Eh
  dw 00817h,base+02C1Fh
  dw 00169h,base+00182h
  dw 00617h,base+0341Ah
  dw 00369h,base+032A5h
  dw 00517h,base+037FAh
  dw 00369h,base+03189h
  dw 00418h,base+03C44h
  dw 00268h,base+0009Dh
  dw 00480h,base+03C48h
  dw 00480h,base+03C4Ch
  dw 0047Fh,base+03C50h
  dw 00380h,base+022B2h
  dw 00280h,base+0034Ah
  dw 00481h,base+03C54h
  dw 00300h,base+00118h

VegaPage0frame014:
  db 048h,065h,076h,019h
  db 0A0h
  db 060h,02Fh,02Fh,072h,02Dh
  db 000h,000h
  db 000h,000h
  dw 0017Fh,base+0009Dh
  dw 00380h,base+03E93h
  dw 0047Fh,base+03C58h
  dw 00680h,base+03420h
  dw 00680h,base+03426h
  dw 00780h,base+0308Eh
  dw 0087Fh,base+02C27h
  dw 00B76h,base+01E53h
  dw 00109h,base+0003Bh
  dw 00D76h,base+015EEh
  dw 0030Ah,base+02877h
  dw 00708h,base+03095h
  dw 0056Fh,base+037FFh
  dw 00209h,base+0009Eh
  dw 00809h,base+02C2Fh
  dw 00570h,base+024CEh
  dw 00107h,base+0009Dh
  dw 00E7Ah,base+01072h
  dw 00106h,base+0009Dh
  dw 00E7Ah,base+01080h
  dw 00106h,base+0009Fh
  dw 00E7Bh,base+0108Eh
  dw 00102h,base+0009Fh
  dw 0117Fh,base+00656h
  dw 01281h,base+00540h
  dw 00F80h,base+00C1Eh
  dw 00E80h,base+0109Ch
  dw 00D7Fh,base+015FBh
  dw 00D80h,base+01608h
  dw 00C7Fh,base+01A5Eh
  dw 00C80h,base+01A6Ah
  dw 00C80h,base+01A76h
  dw 00C7Fh,base+01A82h
  dw 00D80h,base+01615h
  dw 00D7Fh,base+01622h
  dw 00506h,base+03804h
  dw 0087Ah,base+02C37h
  dw 00506h,base+03809h
  dw 00879h,base+02C3Fh
  dw 00507h,base+0380Eh
  dw 00879h,base+02C47h
  dw 00508h,base+03813h
  dw 00777h,base+0309Ch
  dw 00509h,base+03818h
  dw 00777h,base+030A3h
  dw 0040Ah,base+03C5Ch
  dw 00676h,base+0342Ch
  dw 0040Ah,base+03C60h
  dw 00676h,base+03432h
  dw 0030Bh,base+03E96h
  dw 00675h,base+03438h
  dw 0030Bh,base+020ACh
  dw 00675h,base+0343Eh
  dw 0030Ch,base+03E99h
  dw 00507h,base+0381Dh
  dw 0056Dh,base+03822h
  dw 0030Ch,base+03E9Ch
  dw 00D73h,base+0162Fh
  dw 0040Dh,base+03C64h
  dw 00E73h,base+010AAh
  dw 0030Dh,base+03E9Fh
  dw 00F73h,base+00C2Dh
  dw 0030Dh,base+03EA2h
  dw 01073h,base+008C7h
  dw 0030Eh,base+03B5Bh
  dw 00F72h,base+00C3Ch
  dw 0030Eh,base+00897h
  dw 00F72h,base+00C4Bh
  dw 0020Eh,base+002CEh
  dw 00F72h,base+00C5Ah
  dw 0020Eh,base+00061h
  dw 00E72h,base+010B8h
  dw 0020Fh,base+00727h
  dw 00D71h,base+0163Ch
  dw 0020Fh,base+00577h
  dw 00C71h,base+01A8Eh
  dw 0020Fh,base+00E10h
  dw 00607h,base+03444h
  dw 0056Ah,base+03827h
  dw 0020Eh,base+00E1Eh
  dw 00607h,base+0344Ah
  dw 0056Bh,base+0382Ch
  dw 0020Eh,base+0009Eh
  dw 00607h,base+03450h
  dw 0046Ah,base+03C68h
  dw 0030Fh,base+00167h
  dw 00B71h,base+01E5Eh
  dw 0020Eh,base+00037h
  dw 00B71h,base+01E69h
  dw 0030Fh,base+00520h
  dw 00B71h,base+01E74h
  dw 0030Fh,base+0050Eh
  dw 00A71h,base+0231Fh
  dw 0030Eh,base+005F3h
  dw 00405h,base+01405h
  dw 0066Ch,base+03456h
  dw 0040Fh,base+01A17h
  dw 00305h,base+00039h
  dw 0056Ch,base+03831h
  dw 0040Fh,base+03C6Ch
  dw 00305h,base+00043h
  dw 0056Bh,base+03836h
  dw 0050Fh,base+0383Bh
  dw 00405h,base+000F3h
  dw 0056Ch,base+03840h
  dw 0040Fh,base+03C70h
  dw 00405h,base+009B0h
  dw 0056Bh,base+03845h
  dw 00410h,base+03BBCh
  dw 00405h,base+01EC1h
  dw 0056Bh,base+0384Ah
  dw 00311h,base+03C70h
  dw 00304h,base+005CBh
  dw 0056Ah,base+0384Fh
  dw 00413h,base+03BB8h
  dw 00203h,base+000D2h
  dw 00569h,base+03854h
  dw 00414h,base+03BB4h
  dw 00203h,base+000D2h
  dw 0066Ah,base+0345Ch
  dw 00313h,base+03E63h
  dw 00203h,base+000D2h
  dw 0066Ah,base+03462h
  dw 00213h,base+006BAh
  dw 00203h,base+000D2h
  dw 0066Bh,base+03468h
  dw 00112h,base+0000Ch
  dw 00203h,base+000D2h
  dw 00102h,base+00005h
  dw 0047Bh,base+03C74h
  dw 00203h,base+0024Fh
  dw 00102h,base+00008h
  dw 0047Eh,base+02738h
  dw 00102h,base+001B3h
  dw 0047Eh,base+03C78h
  dw 00580h,base+03859h
  dw 00581h,base+0385Eh
  dw 00480h,base+03C7Ch
  dw 00480h,base+03AA0h
  dw 00480h,base+03C80h
  dw 00480h,base+03C84h
  dw 00480h,base+03C88h
  dw 00380h,base+007B4h
  dw 00380h,base+03EA5h
  dw 00380h,base+00AD5h
  dw 00280h,base+0000Ch
  dw 00280h,base+0084Ah
  dw 00280h,base+00265h
  dw 00280h,base+007D3h
  dw 00280h,base+00DFCh
  dw 00180h,base+0001Fh
  dw 00180h,base+0001Fh
  dw 0017Fh,base+00007h
  dw 00280h,base+0084Ah
  dw 00280h,base+02B1Ah
  dw 00280h,base+007D3h
  dw 0027Fh,base+00340h
  dw 00380h,base+03EA8h
  dw 0037Fh,base+032A5h
  dw 00480h,base+03C8Ch
  dw 00480h,base+03C90h
  dw 00380h,base+0343Ch
  dw 00381h,base+019A6h
  dw 00380h,base+01DAEh
  dw 00381h,base+03EABh
  dw 00280h,base+00336h
  dw 00380h,base+0034Bh
  dw 00381h,base+0184Ah
  dw 00200h,base+0009Dh

VegaPage0frame015:
  db 038h,05Fh,068h,020h
  db 09Ah
  db 074h,02Fh,02Ch,069h,02Dh
  db 000h,000h
  db 000h,000h
  dw 00181h,base+00001h
  dw 00273h,base+017EEh
  dw 0010Dh,base+0009Dh
  dw 00272h,base+03F38h
  dw 0030Eh,base+00CBFh
  dw 00272h,base+03F3Ah
  dw 0030Dh,base+00656h
  dw 0026Ch,base+03F3Ch
  dw 00207h,base+019C0h
  dw 0040Dh,base+03C94h
  dw 0026Bh,base+03F3Eh
  dw 00407h,base+031B2h
  dw 0050Eh,base+03863h
  dw 0026Bh,base+03F40h
  dw 00C13h,base+01A9Ah
  dw 00102h,base+00005h
  dw 0026Ah,base+03F3Ah
  dw 00204h,base+0009Fh
  dw 00910h,base+0284Ah
  dw 0036Ch,base+03EAEh
  dw 00105h,base+0009Dh
  dw 0080Eh,base+02C4Fh
  dw 00472h,base+03C98h
  dw 0080Eh,base+02C57h
  dw 0046Ch,base+03C9Ch
  dw 00107h,base+0009Dh
  dw 0070Dh,base+030AAh
  dw 0046Bh,base+03CA0h
  dw 00208h,base+00335h
  dw 0070Dh,base+030B1h
  dw 0036Ah,base+03EB1h
  dw 0020Ah,base+0082Fh
  dw 0060Ch,base+0346Eh
  dw 0036Bh,base+03EB4h
  dw 00109h,base+000FBh
  dw 0070Ch,base+030B8h
  dw 00373h,base+0025Dh
  dw 0080Dh,base+02C5Fh
  dw 00272h,base+0076Bh
  dw 0090Eh,base+02853h
  dw 00272h,base+00E1Eh
  dw 00A0Dh,base+02329h
  dw 00372h,base+03EB7h
  dw 00B0Eh,base+01E7Fh
  dw 00272h,base+0078Dh
  dw 00C0Dh,base+01AA6h
  dw 00373h,base+007C7h
  dw 00C0Dh,base+01AB2h
  dw 00373h,base+03EBAh
  dw 0107Fh,base+008D7h
  dw 01180h,base+00667h
  dw 01080h,base+008E7h
  dw 0107Fh,base+008F7h
  dw 00A0Ch,base+02333h
  dw 00574h,base+03868h
  dw 00A0Ch,base+0233Dh
  dw 00574h,base+0386Dh
  dw 0090Dh,base+0285Ch
  dw 00373h,base+01FE0h
  dw 0080Dh,base+02C67h
  dw 00373h,base+03EBDh
  dw 0080Eh,base+02C6Fh
  dw 00173h,base+00008h
  dw 00783h,base+030BFh
  dw 00580h,base+03872h
  dw 00508h,base+03877h
  dw 00478h,base+0003Eh
  dw 00E80h,base+010C6h
  dw 00F80h,base+00C69h
  dw 00F80h,base+00C78h
  dw 01080h,base+00907h
  dw 01080h,base+00917h
  dw 01081h,base+00927h
  dw 00F80h,base+00C87h
  dw 00F80h,base+00C96h
  dw 00F80h,base+00CA5h
  dw 0090Ah,base+02865h
  dw 00476h,base+02E1Fh
  dw 0070Ah,base+030C6h
  dw 00476h,base+03CA4h
  dw 0070Ah,base+030CDh
  dw 00376h,base+0129Eh
  dw 0080Ah,base+02C77h
  dw 00376h,base+00AA9h
  dw 00809h,base+02C7Fh
  dw 00377h,base+01E71h
  dw 00C81h,base+01ABEh
  dw 00A81h,base+02347h
  dw 00980h,base+0286Eh
  dw 00880h,base+02C87h
  dw 00880h,base+02C8Fh
  dw 00781h,base+030D4h
  dw 00780h,base+030DBh
  dw 00780h,base+030E2h
  dw 00780h,base+030E9h
  dw 00780h,base+030F0h
  dw 00781h,base+030F7h
  dw 00580h,base+0387Ch
  dw 00580h,base+03881h
  dw 00580h,base+03886h
  dw 00480h,base+03CA8h
  dw 00480h,base+03CACh
  dw 00480h,base+03CB0h
  dw 0047Fh,base+03CB4h
  dw 00580h,base+0388Bh
  dw 00580h,base+03890h
  dw 00480h,base+03CB8h
  dw 00480h,base+03CBCh
  dw 00480h,base+03CC0h
  dw 00480h,base+03CC4h
  dw 00480h,base+03CC8h
  dw 00480h,base+03CCCh
  dw 00480h,base+01419h
  dw 00380h,base+008FCh
  dw 00380h,base+019ADh
  dw 00380h,base+01706h
  dw 00381h,base+03EC0h
  dw 00280h,base+00A02h
  dw 00280h,base+00A02h
  dw 00280h,base+00DFCh
  dw 00180h,base+0001Fh
  dw 00180h,base+0001Fh
  dw 00180h,base+0001Fh
  dw 00180h,base+00001h
  dw 00180h,base+00012h
  dw 00180h,base+00009h
  dw 0017Fh,base+000FBh
  dw 00280h,base+00727h
  dw 00380h,base+03EC3h
  dw 00380h,base+0146Ch
  dw 00380h,base+0146Ch
  dw 00380h,base+03CF1h
  dw 00381h,base+00337h
  dw 00100h,base+00005h

VegaPage0frame016:
  db 05Ah,060h,058h,01Fh
  db 0AEh
  db 05Fh,02Fh,036h,068h,098h
  db 000h,000h
  db 000h,000h
  dw 0017Fh,base+0009Dh
  dw 0037Fh,base+006E7h
  dw 0047Dh,base+03CD0h
  dw 00765h,base+030FEh
  dw 0021Bh,base+00337h
  dw 00664h,base+03474h
  dw 0031Dh,base+013A1h
  dw 0055Ah,base+01027h
  dw 00208h,base+00117h
  dw 0061Dh,base+0347Ah
  dw 0055Ah,base+03895h
  dw 00203h,base+01956h
  dw 00106h,base+0009Dh
  dw 0071Dh,base+03105h
  dw 0045Ah,base+03CD4h
  dw 00104h,base+0009Dh
  dw 00105h,base+0009Dh
  dw 0081Ch,base+02C97h
  dw 0045Fh,base+03CD8h
  dw 00105h,base+0009Fh
  dw 0081Bh,base+02C9Fh
  dw 00461h,base+03CDCh
  dw 00104h,base+0009Dh
  dw 00919h,base+02877h
  dw 00463h,base+03CE0h
  dw 00104h,base+00182h
  dw 00918h,base+02880h
  dw 00565h,base+0389Ah
  dw 00102h,base+0009Dh
  dw 00A18h,base+02351h
  dw 00566h,base+0389Fh
  dw 00102h,base+00182h
  dw 00A17h,base+0235Bh
  dw 00667h,base+03480h
  dw 00C19h,base+01ACAh
  dw 00567h,base+038A4h
  dw 00C18h,base+01AD6h
  dw 00668h,base+03486h
  dw 00C17h,base+01AE2h
  dw 00668h,base+0348Ch
  dw 00D18h,base+01649h
  dw 00667h,base+03492h
  dw 00507h,base+038A9h
  dw 00710h,base+0310Ch
  dw 00868h,base+02CA7h
  dw 00607h,base+03498h
  dw 00811h,base+02CAFh
  dw 00768h,base+03113h
  dw 00507h,base+038AEh
  dw 00810h,base+02CB7h
  dw 00868h,base+02CBFh
  dw 00407h,base+03CE4h
  dw 00A10h,base+02365h
  dw 00869h,base+02CC7h
  dw 00307h,base+03EC6h
  dw 00A10h,base+0236Fh
  dw 00768h,base+0311Ah
  dw 00308h,base+038AEh
  dw 00A0Fh,base+02379h
  dw 00769h,base+03121h
  dw 00308h,base+01525h
  dw 00C0Eh,base+01AEEh
  dw 00769h,base+03128h
  dw 00309h,base+03EC9h
  dw 00C0Dh,base+01AFAh
  dw 0086Ah,base+02CCFh
  dw 00209h,base+03F42h
  dw 01477h,base+003B3h
  dw 00209h,base+03F44h
  dw 01477h,base+003C7h
  dw 00109h,base+00000h
  dw 01377h,base+004AEh
  dw 00109h,base+00000h
  dw 01380h,base+004C1h
  dw 01280h,base+00552h
  dw 01180h,base+00678h
  dw 00607h,base+0349Eh
  dw 00A79h,base+02383h
  dw 00608h,base+034A4h
  dw 00879h,base+02CD7h
  dw 00508h,base+038B3h
  dw 00678h,base+034AAh
  dw 00508h,base+038B8h
  dw 00679h,base+034B0h
  dw 00407h,base+03CE8h
  dw 00679h,base+034B6h
  dw 00406h,base+03CECh
  dw 0067Bh,base+034BCh
  dw 00305h,base+01C7Ch
  dw 0067Bh,base+034C2h
  dw 00305h,base+034CFh
  dw 0067Ch,base+034C8h
  dw 00204h,base+001CAh
  dw 0067Fh,base+034CEh
  dw 00880h,base+02CDFh
  dw 00880h,base+02CE7h
  dw 00880h,base+02CEFh
  dw 00880h,base+02CF7h
  dw 00881h,base+02CFFh
  dw 00780h,base+0312Fh
  dw 00780h,base+03136h
  dw 00780h,base+0313Dh
  dw 00781h,base+03144h
  dw 00780h,base+0314Bh
  dw 00681h,base+034D4h
  dw 00581h,base+038BDh
  dw 00580h,base+038C2h
  dw 00580h,base+038C7h
  dw 00581h,base+038CCh
  dw 00280h,base+03A62h
  dw 00280h,base+026ADh
  dw 00280h,base+02C6Ch
  dw 00280h,base+01680h
  dw 00280h,base+00220h
  dw 00380h,base+03ECCh
  dw 00380h,base+03ECFh
  dw 00380h,base+03ED2h
  dw 00380h,base+03ED5h
  dw 00380h,base+03ED8h
  dw 00380h,base+03EDBh
  dw 00380h,base+03EDEh
  dw 00380h,base+01178h
  dw 00380h,base+03EE1h
  dw 00380h,base+039B8h
  dw 00380h,base+00544h
  dw 00380h,base+03D28h
  dw 00380h,base+0003Eh
  dw 00381h,base+0003Eh
  dw 00280h,base+0023Eh
  dw 00280h,base+0023Eh
  dw 00280h,base+00DFCh
  dw 00280h,base+00A02h
  dw 00280h,base+00D2Ah
  dw 00280h,base+00D2Ah
  dw 00280h,base+02CABh
  dw 00280h,base+03372h
  dw 00280h,base+01092h
  dw 00280h,base+01092h
  dw 00280h,base+01092h
  dw 00280h,base+0084Ah
  dw 00280h,base+00579h
  dw 00280h,base+019C0h
  dw 00280h,base+00487h
  dw 0037Fh,base+03EE4h
  dw 00480h,base+03CF0h
  dw 0047Fh,base+03CF4h
  dw 00580h,base+038D1h
  dw 00581h,base+038D6h
  dw 00300h,base+00118h

VegaPage0frame017:
  db 05Ch,03Eh,074h,042h
  db 09Eh
  db 062h,0FAh,045h,094h,06Ch
  db 000h,000h
  db 000h,000h
  dw 00280h,base+0009Dh
  dw 0037Fh,base+00509h
  dw 00480h,base+03CF8h
  dw 00580h,base+038DBh
  dw 00580h,base+038E0h
  dw 00580h,base+038E5h
  dw 00580h,base+038EAh
  dw 0057Fh,base+038EFh
  dw 00580h,base+038F4h
  dw 00580h,base+038F9h
  dw 0057Eh,base+038FEh
  dw 00780h,base+03152h
  dw 00B7Fh,base+01E8Ah
  dw 0117Fh,base+00689h
  dw 0167Dh,base+0028Ch
  dw 02180h,base+0009Dh
  dw 00104h,base+000FBh
  dw 01D7Fh,base+000DEh
  dw 0191Eh,base+001EBh
  dw 00162h,base+00000h
  dw 0197Fh,base+00204h
  dw 00F10h,base+00CB4h
  dw 00307h,base+00049h
  dw 00369h,base+01B3Fh
  dw 00A0Ch,base+0238Dh
  dw 0010Ch,base+0009Dh
  dw 00167h,base+0000Ch
  dw 00B80h,base+01E95h
  dw 00B80h,base+01EA0h
  dw 00A80h,base+02397h
  dw 00A81h,base+023A1h
  dw 00880h,base+02D07h
  dw 0080Ch,base+02D0Fh
  dw 00275h,base+00105h
  dw 0060Ah,base+034DAh
  dw 00376h,base+008C4h
  dw 00609h,base+034E0h
  dw 00578h,base+03903h
  dw 00507h,base+00827h
  dw 00678h,base+034E6h
  dw 00E80h,base+010D4h
  dw 00E80h,base+010E2h
  dw 00E7Fh,base+010F0h
  dw 00F80h,base+00CC3h
  dw 00F7Fh,base+00CD2h
  dw 01080h,base+00937h
  dw 01080h,base+00947h
  dw 00F80h,base+00CE1h
  dw 00F7Fh,base+00CF0h
  dw 01080h,base+00957h
  dw 00F7Fh,base+00CFFh
  dw 00B0Dh,base+01EABh
  dw 00372h,base+0069Eh
  dw 00B0Eh,base+01EB6h
  dw 00371h,base+03EE7h
  dw 00B0Fh,base+01EC1h
  dw 00371h,base+0107Ch
  dw 00B0Fh,base+01ECCh
  dw 00271h,base+0008Ch
  dw 00A0Fh,base+023ABh
  dw 00272h,base+00422h
  dw 0090Eh,base+02889h
  dw 00272h,base+002DBh
  dw 0080Eh,base+02D17h
  dw 00272h,base+00A02h
  dw 0080Eh,base+02D1Fh
  dw 00272h,base+00A02h
  dw 0080Eh,base+02D27h
  dw 00172h,base+0001Fh
  dw 0080Eh,base+02D2Fh
  dw 00172h,base+00012h
  dw 0070Dh,base+03159h
  dw 00273h,base+0069Dh
  dw 0070Dh,base+03160h
  dw 00274h,base+00302h
  dw 0060Ch,base+034ECh
  dw 0026Dh,base+00907h
  dw 00206h,base+0009Dh
  dw 0060Ch,base+034F2h
  dw 0046Eh,base+03AD3h
  dw 00205h,base+00114h
  dw 0070Dh,base+03167h
  dw 0046Dh,base+01656h
  dw 00D13h,base+01656h
  dw 0046Bh,base+03CFCh
  dw 00E16h,base+010FEh
  dw 0036Ah,base+038D2h
  dw 00E16h,base+0110Ch
  dw 00369h,base+0009Eh
  dw 00F18h,base+00D0Eh
  dw 00368h,base+01003h
  dw 00E18h,base+0111Ah
  dw 0036Bh,base+00656h
  dw 00305h,base+00118h
  dw 00511h,base+025DBh
  dw 00200h,base+0009Dh

VegaPage0frame018:
  db 056h,04Fh,074h,032h
  db 0C4h
  db 067h,0F9h,055h,098h,068h
  db 000h,000h
  db 095h,046h
  dw 00380h,base+03EEAh
  dw 0037Fh,base+02DFDh
  dw 00380h,base+03EEDh
  dw 0027Fh,base+00428h
  dw 00280h,base+03EC6h
  dw 0017Fh,base+00087h
  dw 00280h,base+02453h
  dw 0017Fh,base+00058h
  dw 00280h,base+00790h
  dw 0017Fh,base+00058h
  dw 00280h,base+00203h
  dw 0027Fh,base+001BDh
  dw 00480h,base+03D00h
  dw 0047Fh,base+03D04h
  dw 0057Fh,base+03908h
  dw 00675h,base+034F8h
  dw 0020Ah,base+0009Dh
  dw 00675h,base+034FEh
  dw 0040Ah,base+03D08h
  dw 00676h,base+03504h
  dw 00409h,base+03D0Ch
  dw 00576h,base+0390Dh
  dw 00509h,base+03912h
  dw 00677h,base+0350Ah
  dw 00508h,base+03917h
  dw 00678h,base+03510h
  dw 00507h,base+0391Ch
  dw 00679h,base+03516h
  dw 00D80h,base+01663h
  dw 00C80h,base+01B06h
  dw 00B80h,base+01ED7h
  dw 00A7Fh,base+023B5h
  dw 00B7Fh,base+01EE2h
  dw 00B7Fh,base+01EEDh
  dw 00B80h,base+01EF8h
  dw 00A7Eh,base+023BFh
  dw 00C7Eh,base+01B12h
  dw 00D7Fh,base+01670h
  dw 00104h,base+0009Fh
  dw 00980h,base+02892h
  dw 0097Fh,base+0289Bh
  dw 00A80h,base+023C9h
  dw 00A7Fh,base+023D3h
  dw 00B80h,base+01F03h
  dw 00A80h,base+023DDh
  dw 00A80h,base+023E7h
  dw 00A80h,base+023F1h
  dw 00980h,base+028A4h
  dw 00981h,base+028ADh
  dw 0070Ch,base+0316Eh
  dw 00174h,base+0002Bh
  dw 0070Ah,base+03175h
  dw 00477h,base+03D10h
  dw 00608h,base+0351Ch
  dw 00578h,base+03921h
  dw 00607h,base+03522h
  dw 00779h,base+0317Ch
  dw 00E7Fh,base+01128h
  dw 00F80h,base+00D1Dh
  dw 00F80h,base+00D2Ch
  dw 00F7Fh,base+00D3Bh
  dw 00F80h,base+00D4Ah
  dw 00F7Fh,base+00D59h
  dw 01080h,base+00967h
  dw 01080h,base+00977h
  dw 01080h,base+00987h
  dw 00F7Fh,base+00D68h
  dw 01080h,base+00997h
  dw 00B0Ch,base+01F0Eh
  dw 00373h,base+008AEh
  dw 00B0Dh,base+01F19h
  dw 00372h,base+03EF0h
  dw 00B0Eh,base+01F24h
  dw 00372h,base+01D86h
  dw 00A0Eh,base+023FBh
  dw 00372h,base+01522h
  dw 0090Eh,base+028B6h
  dw 00372h,base+03EF3h
  dw 0090Eh,base+028BFh
  dw 00273h,base+00128h
  dw 0080Dh,base+02D37h
  dw 00273h,base+0007Eh
  dw 0080Dh,base+02D3Fh
  dw 00273h,base+0007Eh
  dw 0070Dh,base+03183h
  dw 00273h,base+00379h
  dw 0070Dh,base+0318Ah
  dw 00273h,base+00CD0h
  dw 0070Dh,base+03191h
  dw 00273h,base+03EB4h
  dw 0070Ch,base+03198h
  dw 00374h,base+03EF6h
  dw 0060Ch,base+03528h
  dw 0036Eh,base+0273Ch
  dw 00105h,base+0009Dh
  dw 0070Dh,base+0319Fh
  dw 0036Dh,base+01DF3h
  dw 00206h,base+0009Eh
  dw 0060Dh,base+0352Eh
  dw 0036Dh,base+0034Ah
  dw 00C13h,base+01B1Eh
  dw 0036Bh,base+001CBh
  dw 00E15h,base+01136h
  dw 0036Ah,base+00131h
  dw 00F17h,base+00D77h
  dw 00269h,base+00114h
  dw 00E17h,base+01144h
  dw 00369h,base+0034Ah
  dw 00E18h,base+01152h
  dw 0036Bh,base+02BF1h
  dw 00205h,base+0009Dh
  dw 00510h,base+0039Eh
  dw 0036Ch,base+00118h
  dw 00100h,base+0009Dh

VegaPage0frame019:
  db 042h,030h,07Ch,058h
  db 090h
  db 06Ch,046h,0F7h,065h,038h
  db 0B2h,048h
  db 099h,049h
  dw 0047Fh,base+003A0h
  dw 00580h,base+03926h
  dw 00178h,base+0009Dh
  dw 00306h,base+00118h
  dw 0027Ah,base+00117h
  dw 00306h,base+00779h
  dw 00279h,base+0009Dh
  dw 00780h,base+031A6h
  dw 00780h,base+031ADh
  dw 00880h,base+02D47h
  dw 00880h,base+02D4Fh
  dw 00980h,base+028C8h
  dw 00980h,base+028D1h
  dw 00980h,base+028DAh
  dw 00980h,base+028E3h
  dw 00980h,base+028ECh
  dw 00A80h,base+02405h
  dw 00A80h,base+0240Fh
  dw 00A81h,base+02419h
  dw 00A80h,base+02423h
  dw 00A80h,base+0242Dh
  dw 00B80h,base+01F2Fh
  dw 00B80h,base+01F3Ah
  dw 00C80h,base+01B2Ah
  dw 00C80h,base+01B36h
  dw 00D80h,base+0167Dh
  dw 00D80h,base+0168Ah
  dw 00E80h,base+01160h
  dw 00F80h,base+00D86h
  dw 01081h,base+009A7h
  dw 01080h,base+009B7h
  dw 01181h,base+0069Ah
  dw 01180h,base+006ABh
  dw 01180h,base+006BCh
  dw 01480h,base+003DBh
  dw 01680h,base+002A2h
  dw 01780h,base+0021Dh
  dw 0060Ah,base+03534h
  dw 00E76h,base+0116Eh
  dw 0060Bh,base+0353Ah
  dw 00E0Fh,base+0117Ch
  dw 00266h,base+0009Dh
  dw 0060Ch,base+03540h
  dw 01174h,base+006CDh
  dw 0060Eh,base+03546h
  dw 01072h,base+009C7h
  dw 0060Fh,base+0354Ch
  dw 00F71h,base+00D95h
  dw 00612h,base+03552h
  dw 00C6Eh,base+01B42h
  dw 00203h,base+03546h
  dw 00212h,base+000FBh
  dw 00205h,base+0003Bh
  dw 00466h,base+03D14h
  dw 0051Ah,base+0392Bh
  dw 00466h,base+0030Dh
  dw 0051Bh,base+03930h
  dw 00365h,base+00118h
  dw 00480h,base+03D18h
  dw 00280h,base+0025Ah
  dw 00281h,base+0025Ah
  dw 00100h,base+00000h

VegaPage0frame020:
  db 04Ch,055h,06Eh,029h
  db 088h
  db 06Ch,02Fh,031h,060h,038h
  db 000h,000h
  db 000h,000h
  dw 00175h,base+0009Dh
  dw 0020Bh,base+0009Dh
  dw 00274h,base+00167h
  dw 0050Bh,base+03935h
  dw 00475h,base+03D1Ch
  dw 0070Bh,base+031B4h
  dw 00574h,base+0393Ah
  dw 01181h,base+006DEh
  dw 01080h,base+009D7h
  dw 01081h,base+009E7h
  dw 00F80h,base+00DA4h
  dw 00F80h,base+00DB3h
  dw 00E81h,base+0118Ah
  dw 00D80h,base+01697h
  dw 00D81h,base+016A4h
  dw 00B81h,base+01F45h
  dw 00B80h,base+01F50h
  dw 00B81h,base+01F5Bh
  dw 00A80h,base+02437h
  dw 00C80h,base+01B4Eh
  dw 00D80h,base+016B1h
  dw 00E80h,base+01198h
  dw 00E80h,base+011A6h
  dw 00F80h,base+00DC2h
  dw 01080h,base+009F7h
  dw 00809h,base+02D57h
  dw 00877h,base+02D5Fh
  dw 0080Ah,base+02D67h
  dw 00876h,base+02D6Fh
  dw 0070Bh,base+031BBh
  dw 00875h,base+02D77h
  dw 0060Dh,base+03558h
  dw 00673h,base+0355Eh
  dw 0050Eh,base+0393Fh
  dw 00672h,base+03564h
  dw 0050Fh,base+03944h
  dw 00671h,base+0356Ah
  dw 00510h,base+03949h
  dw 00670h,base+03570h
  dw 00511h,base+0394Eh
  dw 0066Fh,base+03576h
  dw 00512h,base+00B75h
  dw 0056Dh,base+03953h
  dw 00608h,base+0357Ch
  dw 0040Dh,base+0134Ah
  dw 0046Bh,base+03D20h
  dw 00D16h,base+016BEh
  dw 0056Ah,base+03958h
  dw 00E17h,base+011B4h
  dw 00569h,base+0395Dh
  dw 00E18h,base+011C2h
  dw 00568h,base+03962h
  dw 00E18h,base+011D0h
  dw 00568h,base+03967h
  dw 00E19h,base+011DEh
  dw 00567h,base+0396Ch
  dw 00E19h,base+011ECh
  dw 00667h,base+03582h
  dw 00E1Ah,base+011FAh
  dw 00102h,base+0009Dh
  dw 00364h,base+03EF9h
  dw 00E1Dh,base+01208h
  dw 00363h,base+03EFCh
  dw 00E1Dh,base+01216h
  dw 00363h,base+03584h
  dw 00809h,base+02D7Fh
  dw 00515h,base+03971h
  dw 00362h,base+03EFFh
  dw 00709h,base+031C2h
  dw 00416h,base+03D24h
  dw 00261h,base+00204h
  dw 00609h,base+03588h
  dw 00416h,base+03D28h
  dw 00262h,base+027C8h
  dw 00508h,base+03976h
  dw 00417h,base+03D2Ch
  dw 00161h,base+00002h
  dw 00608h,base+0358Eh
  dw 00317h,base+02CA7h
  dw 00161h,base+00009h
  dw 00B1Fh,base+01F66h
  dw 00161h,base+00009h
  dw 00B80h,base+01F71h
  dw 00A80h,base+02441h
  dw 00708h,base+031C9h
  dw 00279h,base+001E2h
  dw 00607h,base+03594h
  dw 00279h,base+00A02h
  dw 00507h,base+0397Bh
  dw 00179h,base+0001Fh
  dw 00506h,base+03980h
  dw 0027Ah,base+00376h
  dw 00506h,base+03985h
  dw 0027Bh,base+03F46h
  dw 00780h,base+031D0h
  dw 00680h,base+0359Ah
  dw 0077Fh,base+031D7h
  dw 00880h,base+02D87h
  dw 0077Fh,base+031DEh
  dw 00880h,base+02D8Fh
  dw 00880h,base+02D97h
  dw 00880h,base+02D9Fh
  dw 00405h,base+03D30h
  dw 0027Ah,base+0034Ah
  dw 00506h,base+0398Ah
  dw 0027Ah,base+0034Ah
  dw 00507h,base+0398Fh
  dw 00279h,base+01956h
  dw 00407h,base+03D34h
  dw 00279h,base+00335h
  dw 00307h,base+00AA9h
  dw 00278h,base+01DF3h
  dw 00309h,base+02326h
  dw 00177h,base+0009Fh
  dw 00309h,base+03F02h
  dw 00176h,base+0009Dh
  dw 0037Eh,base+03EC0h
  dw 00480h,base+03D38h
  dw 0047Fh,base+03D3Ch
  dw 00480h,base+03D40h
  dw 00580h,base+03994h
  dw 00580h,base+03999h
  dw 00481h,base+03D44h
  dw 00380h,base+03F05h
  dw 00380h,base+0384Fh
  dw 00280h,base+01DF3h
  dw 00280h,base+00335h
  dw 00280h,base+0273Dh
  dw 00280h,base+00115h
  dw 00280h,base+001CAh
  dw 00280h,base+0030Fh
  dw 00200h,base+0030Fh

VegaPage0frame021:
  db 040h,040h,06Ah,02Bh
  db 06Ch
  db 06Ah,007h,057h,0A9h,057h
  db 000h,000h
  db 000h,000h
  dw 0037Fh,base+00117h
  dw 00304h,base+0009Dh
  dw 00106h,base+0009Dh
  dw 0027Bh,base+0009Dh
  dw 00104h,base+0009Fh
  dw 0037Ch,base+00387h
  dw 00204h,base+001CBh
  dw 00479h,base+03D48h
  dw 00204h,base+0003Bh
  dw 0077Ch,base+031E5h
  dw 00B7Fh,base+01F7Ch
  dw 00D80h,base+016CBh
  dw 00D80h,base+016D8h
  dw 00D80h,base+016E5h
  dw 00D80h,base+016F2h
  dw 00C81h,base+01B5Ah
  dw 00B81h,base+01F87h
  dw 00A80h,base+0244Bh
  dw 00981h,base+028F5h
  dw 00880h,base+02DA7h
  dw 00880h,base+02DAFh
  dw 00880h,base+02DB7h
  dw 00880h,base+02DBFh
  dw 00880h,base+02DC7h
  dw 00880h,base+02DCFh
  dw 00780h,base+031ECh
  dw 00780h,base+031F3h
  dw 00780h,base+031FAh
  dw 00680h,base+035A0h
  dw 00680h,base+035A6h
  dw 00607h,base+035ACh
  dw 00379h,base+03F08h
  dw 00607h,base+035B2h
  dw 00379h,base+0396Ch
  dw 00A80h,base+02455h
  dw 00A80h,base+0245Fh
  dw 00A80h,base+02469h
  dw 00A80h,base+02473h
  dw 00980h,base+028FEh
  dw 00B80h,base+01F92h
  dw 00C80h,base+01B66h
  dw 00F80h,base+00DD1h
  dw 01218h,base+00564h
  dw 00268h,base+0009Dh
  dw 01417h,base+003EFh
  dw 00369h,base+02BF1h
  dw 01617h,base+002B8h
  dw 00469h,base+00118h
  dw 01B80h,base+00133h
  dw 01C80h,base+000FBh
  dw 01C81h,base+00117h
  dw 01B80h,base+0014Eh
  dw 01B81h,base+00169h
  dw 0090Ch,base+02907h
  dw 00E75h,base+01224h
  dw 0080Dh,base+02DD7h
  dw 00409h,base+003A2h
  dw 0036Ch,base+0009Eh
  dw 00615h,base+035B8h
  dw 0026Bh,base+0009Dh
  dw 00680h,base+035BEh
  dw 00780h,base+03201h
  dw 00304h,base+03DD3h
  dw 0037Bh,base+005CBh
  dw 00407h,base+03D4Ch
  dw 00178h,base+0003Bh
  dw 00480h,base+03D50h
  dw 00480h,base+03D54h
  dw 00380h,base+01A34h
  dw 00380h,base+00372h
  dw 00380h,base+00372h
  dw 00380h,base+00118h
  dw 00380h,base+00118h
  dw 00380h,base+00118h
  dw 00380h,base+00118h
  dw 00380h,base+0009Eh
  dw 00380h,base+0321Dh
  dw 00381h,base+01F83h
  dw 00280h,base+00092h
  dw 00200h,base+0009Dh

VegaPage0frame022:
  db 042h,051h,066h,02Dh
  db 066h
  db 076h,046h,022h,066h,038h
  db 0BAh,045h
  db 09Bh,05Ah
  dw 00180h,base+0009Fh
  dw 00180h,base+0009Dh
  dw 00180h,base+0009Dh
  dw 00181h,base+000FBh
  dw 00180h,base+0009Dh
  dw 00181h,base+000FBh
  dw 00104h,base+0009Fh
  dw 0027Ch,base+0009Dh
  dw 00204h,base+00116h
  dw 0037Ch,base+00300h
  dw 00203h,base+001CBh
  dw 0047Eh,base+01951h
  dw 00102h,base+0009Fh
  dw 0047Eh,base+03D58h
  dw 00102h,base+0009Fh
  dw 0047Eh,base+03D5Ch
  dw 00102h,base+0009Dh
  dw 0047Eh,base+03D60h
  dw 00680h,base+035C4h
  dw 00607h,base+035CAh
  dw 00279h,base+000D2h
  dw 00A81h,base+0247Dh
  dw 00980h,base+02910h
  dw 00A81h,base+02487h
  dw 00980h,base+02919h
  dw 00A80h,base+02491h
  dw 00A7Eh,base+0249Bh
  dw 00D80h,base+016FFh
  dw 00D80h,base+0170Ch
  dw 00E7Fh,base+01232h
  dw 00F80h,base+00DE0h
  dw 00F80h,base+00DEFh
  dw 00F80h,base+00DFEh
  dw 00E80h,base+01240h
  dw 00E80h,base+0124Eh
  dw 00D81h,base+01719h
  dw 00B80h,base+01F9Dh
  dw 00C80h,base+01B72h
  dw 00D80h,base+01726h
  dw 00E80h,base+0125Ch
  dw 00E80h,base+0126Ah
  dw 00F80h,base+00E0Dh
  dw 00F80h,base+00E1Ch
  dw 00F80h,base+00E2Bh
  dw 00305h,base+03E93h
  dw 00B7Ch,base+01FA8h
  dw 00204h,base+00272h
  dw 00B7Ch,base+01FB3h
  dw 00105h,base+00011h
  dw 00A7Bh,base+024A5h
  dw 00103h,base+000FBh
  dw 00D7Fh,base+01733h
  dw 00E7Fh,base+01278h
  dw 00F7Fh,base+00E3Ah
  dw 01080h,base+00A07h
  dw 01080h,base+00A17h
  dw 01080h,base+00A27h
  dw 01080h,base+00A37h
  dw 01180h,base+006EFh
  dw 01180h,base+00700h
  dw 01181h,base+00711h
  dw 0090Ah,base+02922h
  dw 00776h,base+03208h
  dw 0090Bh,base+0292Bh
  dw 00676h,base+035D0h
  dw 0080Bh,base+02DDFh
  dw 00578h,base+0399Eh
  dw 00508h,base+039A3h
  dw 0067Ah,base+035D6h
  dw 00307h,base+03DE8h
  dw 00679h,base+035DCh
  dw 00307h,base+0009Fh
  dw 0077Ah,base+0320Fh
  dw 00207h,base+000FBh
  dw 00679h,base+035E2h
  dw 00208h,base+0009Fh
  dw 00679h,base+035E8h
  dw 00207h,base+0009Fh
  dw 00679h,base+035EEh
  dw 00208h,base+0030Fh
  dw 00578h,base+039A8h
  dw 00208h,base+0030Fh
  dw 00578h,base+039ADh
  dw 00209h,base+01003h
  dw 00578h,base+039B2h
  dw 00108h,base+00093h
  dw 00578h,base+039B7h
  dw 00109h,base+000FBh
  dw 00477h,base+03D64h
  dw 00109h,base+0009Dh
  dw 00481h,base+03D68h
  dw 00381h,base+017F9h
  dw 00381h,base+03AB9h
  dw 00280h,base+001E2h
  dw 00381h,base+00B5Fh
  dw 00280h,base+002D8h
  dw 00280h,base+002DBh
  dw 00381h,base+02492h
  dw 0027Fh,base+0000Ah
  dw 00480h,base+00118h
  dw 00480h,base+03D6Ch
  dw 00580h,base+039BCh
  dw 00580h,base+039C1h
  dw 00680h,base+00169h
  dw 00681h,base+035F4h
  dw 00583h,base+035F5h
  dw 00200h,base+0009Dh

VegaPage0frame023:
  db 02Ah,063h,072h,023h
  db 076h
  db 06Ah,00Bh,063h,0BBh,045h
  db 0B9h,06Ch
  db 09Ah,06Dh
  dw 0017Fh,base+0000Ch
  dw 00280h,base+006BAh
  dw 0037Fh,base+03E63h
  dw 00481h,base+03BB4h
  dw 00481h,base+03BB8h
  dw 00380h,base+03C70h
  dw 00481h,base+03BBCh
  dw 00380h,base+03C70h
  dw 00481h,base+03764h
  dw 00380h,base+01E06h
  dw 00481h,base+01A17h
  dw 00380h,base+005F3h
  dw 00380h,base+0050Eh
  dw 00480h,base+01353h
  dw 00480h,base+03D70h
  dw 00480h,base+003A2h
  dw 00481h,base+03D74h
  dw 00481h,base+03D78h
  dw 00381h,base+03F0Bh
  dw 00280h,base+00B6Bh
  dw 00380h,base+02B8Ch
  dw 0037Eh,base+03F0Eh
  dw 00580h,base+039C6h
  dw 0067Fh,base+035FAh
  dw 00780h,base+03216h
  dw 00780h,base+0321Dh
  dw 00780h,base+03224h
  dw 00780h,base+0322Bh
  dw 0087Fh,base+02DE7h
  dw 00980h,base+02934h
  dw 00980h,base+0293Dh
  dw 0087Fh,base+02DEFh
  dw 00A7Fh,base+024AFh
  dw 00B80h,base+01FBEh
  dw 00C80h,base+01B7Eh
  dw 00C80h,base+01B8Ah
  dw 00D80h,base+01740h
  dw 00D80h,base+0174Dh
  dw 00E80h,base+01286h
  dw 00E80h,base+01294h
  dw 00E81h,base+012A2h
  dw 00D80h,base+0175Ah
  dw 00D80h,base+01767h
  dw 00C80h,base+01B96h
  dw 00B81h,base+01FC9h
  dw 00781h,base+03232h
  dw 00680h,base+03600h
  dw 00680h,base+03606h
  dw 00680h,base+0360Ch
  dw 00680h,base+03612h
  dw 00680h,base+03618h
  dw 00680h,base+0361Eh
  dw 00680h,base+03624h
  dw 00680h,base+0362Ah
  dw 00780h,base+03239h
  dw 00780h,base+03240h
  dw 00880h,base+02DF7h
  dw 00A80h,base+024B9h
  dw 00B80h,base+01FD4h
  dw 00D80h,base+01774h
  dw 00E80h,base+012B0h
  dw 00F80h,base+00E49h
  dw 00F80h,base+00E58h
  dw 01080h,base+00A47h
  dw 01080h,base+00A57h
  dw 01080h,base+00A67h
  dw 01081h,base+00A77h
  dw 00F80h,base+00E67h
  dw 00F80h,base+00E76h
  dw 0070Bh,base+03247h
  dw 00375h,base+02F54h
  dw 0070Bh,base+0324Eh
  dw 00375h,base+03F11h
  dw 0080Ah,base+02DFFh
  dw 00476h,base+03D7Ch
  dw 0080Ah,base+02E07h
  dw 00476h,base+03D80h
  dw 0080Ah,base+02E0Fh
  dw 00477h,base+03D84h
  dw 00709h,base+03255h
  dw 00477h,base+03D88h
  dw 00709h,base+0325Ch
  dw 00377h,base+03F14h
  dw 00709h,base+03263h
  dw 00378h,base+03F17h
  dw 00608h,base+03630h
  dw 00378h,base+03F1Ah
  dw 00608h,base+03636h
  dw 00278h,base+001D9h
  dw 00608h,base+0363Ch
  dw 00278h,base+00143h
  dw 00608h,base+03642h
  dw 00279h,base+0084Ah
  dw 00407h,base+03D8Ch
  dw 00278h,base+00362h
  dw 00508h,base+039CBh
  dw 00277h,base+00D2Ah
  dw 00609h,base+03648h
  dw 00277h,base+002F6h
  dw 00609h,base+0364Eh
  dw 00276h,base+0009Ch
  dw 0070Ah,base+0326Ah
  dw 00274h,base+0069Ch
  dw 0090Bh,base+02946h
  dw 00375h,base+01BB4h
  dw 0090Bh,base+0294Fh
  dw 00374h,base+01027h
  dw 0090Ch,base+02958h
  dw 00474h,base+031A9h
  dw 0090Ch,base+02961h
  dw 00574h,base+039D0h
  dw 0030Ch,base+01A2Ch
  dw 00574h,base+00783h
  dw 0030Eh,base+00118h
  dw 00472h,base+00D78h
  dw 0030Fh,base+03F1Dh
  dw 00371h,base+00118h
  dw 00380h,base+0030Eh
  dw 00280h,base+0009Fh
  dw 00380h,base+01027h
  dw 00380h,base+030FDh
  dw 00381h,base+0087Ah
  dw 00200h,base+0009Dh

VegaPage0frame024:
  db 024h,04Ah,078h,03Ch
  db 092h
  db 066h,0FAh,04Bh,08Dh,073h
  db 000h,000h
  db 000h,000h
  dw 00180h,base+00011h
  dw 00280h,base+016F5h
  dw 00280h,base+016F5h
  dw 00280h,base+016F5h
  dw 00280h,base+01084h
  dw 00280h,base+01084h
  dw 00280h,base+01084h
  dw 00280h,base+01084h
  dw 00280h,base+01084h
  dw 00280h,base+01084h
  dw 00280h,base+016F5h
  dw 00280h,base+007D9h
  dw 0027Fh,base+00C1Eh
  dw 00380h,base+03F20h
  dw 00380h,base+03F23h
  dw 00380h,base+024B0h
  dw 0037Ch,base+03F26h
  dw 00305h,base+0009Dh
  dw 0027Bh,base+002F6h
  dw 00305h,base+03CAAh
  dw 0027Ah,base+002F6h
  dw 00506h,base+039D5h
  dw 0027Ah,base+002F6h
  dw 00506h,base+039DAh
  dw 0027Ah,base+0039Ah
  dw 00506h,base+039DFh
  dw 0027Ah,base+00465h
  dw 00506h,base+039E4h
  dw 0027Ah,base+005FCh
  dw 0087Fh,base+02E17h
  dw 0097Fh,base+0296Ah
  dw 00A7Fh,base+024C3h
  dw 00B80h,base+01FDFh
  dw 00B80h,base+01FEAh
  dw 00B7Fh,base+01FF5h
  dw 00C80h,base+01BA2h
  dw 00B80h,base+02000h
  dw 00B7Fh,base+0200Bh
  dw 00B80h,base+02016h
  dw 00A81h,base+024CDh
  dw 00A80h,base+024D7h
  dw 00A7Fh,base+024E1h
  dw 00B80h,base+02021h
  dw 00D80h,base+01781h
  dw 00E80h,base+012BEh
  dw 00708h,base+03271h
  dw 00678h,base+03654h
  dw 00709h,base+03278h
  dw 00677h,base+0365Ah
  dw 00609h,base+03660h
  dw 00677h,base+03666h
  dw 00608h,base+0366Ch
  dw 00778h,base+0327Fh
  dw 00608h,base+03672h
  dw 00778h,base+03286h
  dw 00E80h,base+012CCh
  dw 00E80h,base+012DAh
  dw 00E80h,base+012E8h
  dw 00E80h,base+00F84h
  dw 00E80h,base+00F92h
  dw 00D80h,base+014EAh
  dw 00D80h,base+014F7h
  dw 00D80h,base+01504h
  dw 0090Ah,base+026A3h
  dw 00376h,base+01522h
  dw 0090Ah,base+026ACh
  dw 00376h,base+01BFEh
  dw 0090Ah,base+026B5h
  dw 00376h,base+03E33h
  dw 0080Bh,base+02A67h
  dw 00275h,base+005FCh
  dw 0080Bh,base+02A6Fh
  dw 00175h,base+0000Ah
  dw 0080Bh,base+02A77h
  dw 00176h,base+00013h
  dw 0080Ah,base+02A7Fh
  dw 00176h,base+00013h
  dw 0080Ah,base+02A87h
  dw 00176h,base+0019Dh
  dw 00809h,base+02A8Fh
  dw 00378h,base+03E36h
  dw 00708h,base+02F14h
  dw 00376h,base+00387h
  dw 00102h,base+0009Dh
  dw 00C7Dh,base+0193Eh
  dw 00204h,base+00337h
  dw 00C7Ch,base+0194Ah
  dw 01080h,base+00777h
  dw 00C0Dh,base+01956h
  dw 00473h,base+03B70h
  dw 00C0Eh,base+01962h
  dw 00371h,base+00118h
  dw 00D80h,base+01511h
  dw 00D80h,base+0151Eh
  dw 00305h,base+02F71h
  dw 0087Bh,base+02A97h
  dw 00206h,base+0009Fh
  dw 0077Ah,base+02F1Bh
  dw 00307h,base+00D79h
  dw 0067Ah,base+032FAh
  dw 00207h,base+000D2h
  dw 00579h,base+03700h
  dw 00209h,base+0009Dh
  dw 00200h,base+0009Dh

VegaPage0frame025:
  db 028h,053h,06Eh,033h
  db 080h
  db 063h,002h,054h,092h,06Eh
  db 000h,000h
  db 000h,000h
  dw 00280h,base+0009Dh
  dw 00380h,base+00300h
  dw 0037Fh,base+0296Ah
  dw 00580h,base+039E9h
  dw 00580h,base+039EEh
  dw 0057Fh,base+02F93h
  dw 0067Eh,base+03678h
  dw 00102h,base+0003Bh
  dw 0067Dh,base+0367Eh
  dw 00980h,base+02973h
  dw 0087Fh,base+02E1Fh
  dw 00A80h,base+024EBh
  dw 00A80h,base+024F5h
  dw 00A80h,base+024FFh
  dw 00A7Fh,base+02509h
  dw 00B80h,base+0202Ch
  dw 00B80h,base+02037h
  dw 00B7Eh,base+02042h
  dw 00102h,base+0009Fh
  dw 00A7Eh,base+02513h
  dw 00102h,base+000FBh
  dw 00A80h,base+0251Dh
  dw 00A80h,base+02527h
  dw 00980h,base+0297Ch
  dw 00980h,base+02985h
  dw 00880h,base+02E27h
  dw 01180h,base+00722h
  dw 01180h,base+00733h
  dw 01180h,base+00744h
  dw 0117Fh,base+00755h
  dw 01280h,base+00576h
  dw 01280h,base+00588h
  dw 00B80h,base+0204Dh
  dw 00880h,base+02E2Fh
  dw 00880h,base+02E37h
  dw 00880h,base+02E3Fh
  dw 00880h,base+02E47h
  dw 00A80h,base+02531h
  dw 00C80h,base+01BAEh
  dw 00D80h,base+0178Eh
  dw 00E80h,base+012F6h
  dw 00F80h,base+00E85h
  dw 00F80h,base+00E94h
  dw 00F80h,base+00EA3h
  dw 00E81h,base+01304h
  dw 00D80h,base+0179Bh
  dw 00D80h,base+017A8h
  dw 00D80h,base+017B5h
  dw 00D81h,base+017C2h
  dw 00506h,base+039F3h
  dw 0067Ah,base+03684h
  dw 00506h,base+039F8h
  dw 0067Ah,base+0368Ah
  dw 00507h,base+039FDh
  dw 0057Ah,base+03A02h
  dw 00507h,base+03A07h
  dw 00479h,base+03D90h
  dw 00507h,base+02149h
  dw 00479h,base+03D94h
  dw 00508h,base+03A0Ch
  dw 00379h,base+0268Dh
  dw 00407h,base+03D98h
  dw 00379h,base+00B4Ch
  dw 00507h,base+03A11h
  dw 0037Ah,base+0011Bh
  dw 00406h,base+03D9Ch
  dw 0037Ah,base+0011Bh
  dw 00406h,base+03DA0h
  dw 0037Ah,base+003E4h
  dw 00407h,base+03DA4h
  dw 00279h,base+01039h
  dw 00407h,base+03DA8h
  dw 00379h,base+03F29h
  dw 00407h,base+03DACh
  dw 00379h,base+03F29h
  dw 00407h,base+03DB0h
  dw 00378h,base+0372Dh
  dw 00409h,base+03DB4h
  dw 00277h,base+002DBh
  dw 00409h,base+03DB8h
  dw 00277h,base+00925h
  dw 00409h,base+03DBCh
  dw 00277h,base+00376h
  dw 0040Ah,base+03DC0h
  dw 00176h,base+0001Fh
  dw 0030Ah,base+03F2Ch
  dw 00176h,base+0001Fh
  dw 0030Ah,base+03F2Fh
  dw 00276h,base+03F48h
  dw 0030Ah,base+03AB9h
  dw 00276h,base+002FFh
  dw 0020Ah,base+00002h
  dw 00376h,base+0030Eh
  dw 0020Ah,base+00925h
  dw 00376h,base+030FDh
  dw 0020Ah,base+00925h
  dw 00376h,base+013B7h
  dw 0020Ah,base+00D2Ah
  dw 00376h,base+0009Eh
  dw 0020Bh,base+001BCh
  dw 00374h,base+0014Bh
  dw 0030Dh,base+0103Eh
  dw 00373h,base+02BF1h
  dw 0030Dh,base+01027h
  dw 00373h,base+00118h
  dw 00380h,base+0080Ch
  dw 00380h,base+0375Ah
  dw 00381h,base+01190h
  dw 00280h,base+0009Eh
  dw 00280h,base+0009Dh
  dw 00280h,base+0009Fh
  dw 00381h,base+00D79h
  dw 00280h,base+002F8h
  dw 00200h,base+0009Dh

VegaPage0frame026:
  db 02Ch,03Bh,070h,04Bh
  db 090h
  db 05Fh,00Bh,03Ah,0B0h,050h
  db 0B0h,068h
  db 000h,000h
  dw 0017Fh,base+00008h
  dw 00380h,base+03DC4h
  dw 0027Fh,base+03A8Eh
  dw 00480h,base+03A24h
  dw 0037Fh,base+03DC7h
  dw 00480h,base+03A28h
  dw 00376h,base+03DC7h
  dw 00109h,base+0009Dh
  dw 00476h,base+03A2Ch
  dw 0030Ah,base+03F32h
  dw 00376h,base+03A31h
  dw 00309h,base+00886h
  dw 00476h,base+00AB2h
  dw 0050Ah,base+03A16h
  dw 00376h,base+00EBDh
  dw 00507h,base+03A1Bh
  dw 00102h,base+0011Ch
  dw 00477h,base+01498h
  dw 00C80h,base+01BBAh
  dw 00C80h,base+01BC6h
  dw 00C80h,base+01BD2h
  dw 00B80h,base+02058h
  dw 00C81h,base+01BDEh
  dw 00C80h,base+01BEAh
  dw 00D80h,base+017CFh
  dw 00D80h,base+017DCh
  dw 00D80h,base+017E9h
  dw 00D80h,base+017F6h
  dw 00D10h,base+01803h
  dw 00170h,base+0009Dh
  dw 00D0Fh,base+01810h
  dw 00371h,base+03F35h
  dw 01280h,base+0059Ah
  dw 00102h,base+000FBh
  dw 0117Eh,base+00766h
  dw 00103h,base+000FBh
  dw 0107Dh,base+00A87h
  dw 00103h,base+0009Fh
  dw 01081h,base+00A97h
  dw 00607h,base+03690h
  dw 00874h,base+02E4Fh
  dw 00105h,base+0009Dh
  dw 00607h,base+03696h
  dw 00774h,base+0328Dh
  dw 00105h,base+000FBh
  dw 00E7Bh,base+01312h
  dw 00105h,base+0009Fh
  dw 00E80h,base+01320h
  dw 00E7Ah,base+0132Eh
  dw 00106h,base+000FBh
  dw 00E7Ah,base+0133Ch
  dw 00106h,base+0009Dh
  dw 00D7Ah,base+0181Dh
  dw 00106h,base+000FBh
  dw 0090Ah,base+0298Eh
  dw 00370h,base+01501h
  dw 00106h,base+0009Fh
  dw 0090Ah,base+01504h
  dw 00370h,base+0150Eh
  dw 00106h,base+0009Fh
  dw 0090Ah,base+026A3h
  dw 00376h,base+01522h
  dw 0090Ah,base+026ACh
  dw 00376h,base+01BFEh
  dw 0080Ah,base+026B5h
  dw 00376h,base+03E33h
  dw 0080Bh,base+02A67h
  dw 00275h,base+005FCh
  dw 0070Bh,base+02A6Fh
  dw 00175h,base+0000Ah
  dw 0080Bh,base+02A77h
  dw 00176h,base+00013h
  dw 0080Ah,base+02A7Fh
  dw 00176h,base+00013h
  dw 0080Ah,base+02A87h
  dw 00176h,base+0019Dh
  dw 0080Ah,base+02A8Fh
  dw 00277h,base+00114h
  dw 00708h,base+02F14h
  dw 00376h,base+00387h
  dw 00102h,base+0009Dh
  dw 00B7Dh,base+0193Eh
  dw 00204h,base+00337h
  dw 00C7Ch,base+0194Ah
  dw 01080h,base+00777h
  dw 00C0Dh,base+01956h
  dw 00473h,base+03B70h
  dw 00C0Eh,base+01962h
  dw 00371h,base+00118h
  dw 00D80h,base+01511h
  dw 00D80h,base+0151Eh
  dw 00305h,base+02F71h
  dw 0087Bh,base+02A97h
  dw 00206h,base+0009Fh
  dw 0077Ah,base+02F1Bh
  dw 00307h,base+00D79h
  dw 0067Ah,base+032FAh
  dw 00207h,base+000D2h
  dw 00579h,base+03700h
  dw 00209h,base+0009Dh
  dw 00200h,base+0009Dh

VegaPage0frame027:
  db 03Ch,02Fh,05Eh,059h
  db 070h
  db 071h,036h,015h,05Eh,046h
  db 000h,000h
  db 000h,000h
  dw 0017Fh,base+0000Ch
  dw 00280h,base+006BAh
  dw 0037Fh,base+03E63h
  dw 00481h,base+03BB4h
  dw 00481h,base+03BB8h
  dw 00380h,base+03C70h
  dw 00477h,base+03BBCh
  dw 0010Ah,base+000FBh
  dw 00308h,base+03C70h
  dw 0026Eh,base+00128h
  dw 0020Ah,base+00115h
  dw 00508h,base+03764h
  dw 0036Fh,base+0279Ch
  dw 0020Ah,base+0009Dh
  dw 00B78h,base+01E06h
  dw 00107h,base+0009Fh
  dw 00C79h,base+01A16h
  dw 00106h,base+000FBh
  dw 0117Ah,base+005F0h
  dw 00205h,base+001CBh
  dw 0127Ch,base+0050Ah
  dw 00104h,base+0009Fh
  dw 0127Ch,base+0051Ch
  dw 00104h,base+0009Fh
  dw 0137Ch,base+00416h
  dw 00104h,base+000FBh
  dw 0137Dh,base+00429h
  dw 00103h,base+0009Fh
  dw 0137Dh,base+0043Ch
  dw 00103h,base+0009Fh
  dw 0137Dh,base+0044Fh
  dw 00103h,base+0009Dh
  dw 0137Eh,base+00462h
  dw 00102h,base+0009Fh
  dw 0137Eh,base+00475h
  dw 01581h,base+0030Dh
  dw 01580h,base+00322h
  dw 01581h,base+00337h
  dw 01581h,base+0034Ch
  dw 01580h,base+00361h
  dw 01580h,base+00376h
  dw 01113h,base+00601h
  dw 0026Dh,base+0009Dh
  dw 01180h,base+00612h
  dw 01180h,base+00623h
  dw 01080h,base+00867h
  dw 01080h,base+00877h
  dw 01080h,base+00887h
  dw 01081h,base+00897h
  dw 00F80h,base+00BF1h
  dw 00F81h,base+00C00h
  dw 00E80h,base+01048h
  dw 00E81h,base+01056h
  dw 00D81h,base+015C7h
  dw 00C81h,base+01A22h
  dw 00B82h,base+01E11h
  dw 00981h,base+027E7h
  dw 00881h,base+02B9Fh
  dw 00781h,base+03009h
  dw 00304h,base+00118h
  dw 00280h,base+0009Fh
  dw 00281h,base+00337h
  dw 00280h,base+0030Fh
  dw 00200h,base+0009Dh

VegaPage0frame028:
  db 02Ch,037h,066h,04Fh
  db 07Ch
  db 062h,046h,020h,067h,02Dh
  db 0A8h,066h
  db 08Fh,067h
  dw 00180h,base+0009Dh
  dw 00180h,base+0009Fh
  dw 0017Fh,base+00182h
  dw 00280h,base+01080h
  dw 00280h,base+00131h
  dw 00280h,base+00131h
  dw 00280h,base+0009Dh
  dw 00207h,base+000FBh
  dw 00278h,base+0009Dh
  dw 00D7Fh,base+015A0h
  dw 00E80h,base+01002h
  dw 00E80h,base+01010h
  dw 00D7Ch,base+015ADh
  dw 00103h,base+0003Bh
  dw 00E80h,base+0101Eh
  dw 00809h,base+02B87h
  dw 00375h,base+00D79h
  dw 0080Ch,base+02B8Fh
  dw 00174h,base+0009Dh
  dw 00B7Fh,base+01DA3h
  dw 00D80h,base+015BAh
  dw 00E80h,base+0102Ch
  dw 00F7Fh,base+00B5Bh
  dw 01080h,base+00827h
  dw 01180h,base+005CEh
  dw 01181h,base+005DFh
  dw 01080h,base+00837h
  dw 01080h,base+00847h
  dw 01081h,base+00857h
  dw 00F80h,base+00B6Ah
  dw 00F80h,base+00B79h
  dw 00F81h,base+00B88h
  dw 00F80h,base+00B97h
  dw 00F80h,base+00BA6h
  dw 00F80h,base+00BB5h
  dw 00F80h,base+00BC4h
  dw 00F80h,base+00BD3h
  dw 00F80h,base+00BE2h
  dw 00E81h,base+0103Ah
  dw 00304h,base+00122h
  dw 0097Ch,base+027C3h
  dw 00204h,base+0009Dh
  dw 00980h,base+027CCh
  dw 00980h,base+027D5h
  dw 0097Fh,base+027DEh
  dw 00A80h,base+0229Dh
  dw 00A7Fh,base+022A7h
  dw 00B78h,base+01DAEh
  dw 00408h,base+00DA9h
  dw 00B77h,base+01DB9h
  dw 00204h,base+00114h
  dw 00205h,base+00337h
  dw 00B7Ch,base+01DC4h
  dw 00104h,base+0009Dh
  dw 00B7Ch,base+01DCFh
  dw 00204h,base+001CBh
  dw 00B7Dh,base+01DDAh
  dw 00203h,base+0009Eh
  dw 00B7Dh,base+01DE5h
  dw 00204h,base+00115h
  dw 00A7Dh,base+022B1h
  dw 00103h,base+0009Dh
  dw 00A7Eh,base+022BBh
  dw 00B80h,base+01DF0h
  dw 00B82h,base+01DFBh
  dw 00880h,base+02B97h
  dw 00203h,base+0009Dh
  dw 00581h,base+0375Fh
  dw 00380h,base+0040Bh
  dw 00200h,base+0009Dh


