  dw ehondaPage2frame000
  dw ehondaPage2frame001
  dw ehondaPage2frame002
  dw ehondaPage2frame003
  dw ehondaPage2frame004
  dw ehondaPage2frame005
  dw ehondaPage2frame006
  dw ehondaPage2frame007
  dw ehondaPage2frame008
  dw ehondaPage2frame009
  dw ehondaPage2frame010
  dw ehondaPage2frame011
  dw ehondaPage2frame012
  dw ehondaPage2frame013
  dw ehondaPage2frame014
  dw ehondaPage2frame015
  dw ehondaPage2frame016

ehondaPage2frame000:
  db 054h,048h,062h,03Fh
  db 078h
  db 062h,054h,01Eh,05Eh,03Eh
  db 0B4h,055h
  db 09Ah,05Dh
  dw 00309h,base+0098Ch
  dw 00176h,base+00012h
  dw 0050Ah,base+03A06h
  dw 00176h,base+00010h
  dw 00609h,base+03772h
  dw 00476h,base+007ADh
  dw 0090Ah,base+0341Fh
  dw 00575h,base+03A0Bh
  dw 00F7Fh,base+02A85h
  dw 0117Fh,base+02660h
  dw 01280h,base+023EAh
  dw 0127Fh,base+023FCh
  dw 01323h,base+02151h
  dw 0015Dh,base+00007h
  dw 01322h,base+02164h
  dw 0025Dh,base+00EA3h
  dw 01422h,base+01D55h
  dw 0035Dh,base+03D75h
  dw 01523h,base+01A76h
  dw 0045Dh,base+03C45h
  dw 01723h,base+0158Dh
  dw 0045Dh,base+03C49h
  dw 01823h,base+013C5h
  dw 0045Ch,base+03C4Dh
  dw 01924h,base+00FDDh
  dw 0035Ch,base+01CDBh
  dw 01A24h,base+00D87h
  dw 0045Ch,base+03C51h
  dw 01B1Eh,base+00C43h
  dw 00306h,base+000DCh
  dw 0045Ch,base+03C55h
  dw 01C1Dh,base+00AD7h
  dw 00A64h,base+0337Fh
  dw 02780h,base+00131h
  dw 02780h,base+00158h
  dw 02681h,base+0021Bh
  dw 02480h,base+002D6h
  dw 02480h,base+002FAh
  dw 02380h,base+003D2h
  dw 0217Fh,base+004C3h
  dw 02280h,base+0043Bh
  dw 02180h,base+004E4h
  dw 0207Fh,base+005AAh
  dw 02080h,base+005CAh
  dw 01B1Dh,base+00C5Eh
  dw 00263h,base+00027h
  dw 01A80h,base+00DA1h
  dw 01A7Fh,base+00DBBh
  dw 01C80h,base+00AF3h
  dw 01C80h,base+00B0Fh
  dw 01C7Fh,base+00B2Bh
  dw 01D80h,base+00876h
  dw 01D80h,base+00893h
  dw 01D80h,base+008B0h
  dw 01D80h,base+008CDh
  dw 01D80h,base+008EAh
  dw 01D80h,base+00907h
  dw 01D80h,base+00924h
  dw 01D80h,base+00941h
  dw 01D80h,base+0095Eh
  dw 00D0Eh,base+02F3Fh
  dw 00708h,base+035EAh
  dw 0066Ah,base+03778h
  dw 00709h,base+035F1h
  dw 00306h,base+006B3h
  dw 00507h,base+02DA4h
  dw 0066Bh,base+0377Eh
  dw 00608h,base+03784h
  dw 00306h,base+0011Bh
  dw 00407h,base+02DB2h
  dw 0066Bh,base+0378Ah
  dw 00609h,base+03790h
  dw 00105h,base+00012h
  dw 00407h,base+02DC0h
  dw 0066Bh,base+03796h
  dw 00609h,base+0379Ch
  dw 00105h,base+00012h
  dw 00407h,base+03ABFh
  dw 0056Bh,base+03A10h
  dw 0060Eh,base+037A2h
  dw 00307h,base+03AC4h
  dw 0056Bh,base+00BEEh
  dw 0060Eh,base+037A8h
  dw 00307h,base+0117Dh
  dw 0046Bh,base+0037Dh
  dw 0060Eh,base+037AEh
  dw 00107h,base+00012h
  dw 0046Bh,base+00BEFh
  dw 0060Eh,base+037B4h
  dw 00107h,base+00012h
  dw 0036Bh,base+00056h
  dw 00515h,base+02C65h
  dw 0036Ch,base+00277h
  dw 00414h,base+009C5h
  dw 0036Ch,base+00083h
  dw 00413h,base+03C59h
  dw 0046Dh,base+02965h
  dw 00413h,base+0107Ah
  dw 0046Dh,base+03C5Dh
  dw 00413h,base+03C61h
  dw 0056Eh,base+03A15h
  dw 00312h,base+004C9h
  dw 0056Eh,base+03A1Ah
  dw 00312h,base+004C9h
  dw 0066Eh,base+037BAh
  dw 00412h,base+03C65h
  dw 0066Eh,base+037C0h
  dw 00413h,base+00761h
  dw 0056Dh,base+03A1Fh
  dw 00414h,base+013CAh
  dw 0046Bh,base+03C69h
  dw 00515h,base+03A24h
  dw 0046Bh,base+03C6Dh
  dw 0057Fh,base+03A29h
  dw 00680h,base+037C6h
  dw 00680h,base+037CCh
  dw 0057Fh,base+03A2Eh
  dw 00580h,base+03A33h
  dw 00580h,base+03A38h
  dw 00581h,base+03A3Dh
  dw 00300h,base+000DCh

ehondaPage2frame001:
  db 05Ah,049h,062h,03Eh
  db 08Ah
  db 066h,054h,01Fh,062h,03Eh
  db 0BCh,046h
  db 0A2h,04Eh
  dw 00180h,base+00012h
  dw 0017Fh,base+00010h
  dw 00480h,base+007ADh
  dw 0057Fh,base+03A0Bh
  dw 00580h,base+02A8Fh
  dw 00680h,base+0266Bh
  dw 0067Dh,base+023F6h
  dw 0097Eh,base+03428h
  dw 00B80h,base+03298h
  dw 00B7Fh,base+032A3h
  dw 00C80h,base+03154h
  dw 00C7Fh,base+03160h
  dw 00D80h,base+02F4Ch
  dw 00D80h,base+02F59h
  dw 00D1Fh,base+02F66h
  dw 00360h,base+02260h
  dw 00E20h,base+02C83h
  dw 00360h,base+03D78h
  dw 00E20h,base+02C91h
  dw 00360h,base+03D75h
  dw 00E20h,base+02C9Fh
  dw 00360h,base+00D06h
  dw 00E20h,base+02CADh
  dw 0035Eh,base+03D7Bh
  dw 01121h,base+02671h
  dw 0045Dh,base+03C71h
  dw 0131Ah,base+02177h
  dw 00D65h,base+02F73h
  dw 01420h,base+01D69h
  dw 00205h,base+000AAh
  dw 0035Bh,base+0267Fh
  dw 01422h,base+01D7Dh
  dw 0065Dh,base+037D2h
  dw 01519h,base+01A8Bh
  dw 01066h,base+028D5h
  dw 01622h,base+017CCh
  dw 0085Eh,base+03512h
  dw 0161Ch,base+017E2h
  dw 00D64h,base+02F80h
  dw 01820h,base+013DDh
  dw 00960h,base+03431h
  dw 0181Ah,base+013F5h
  dw 00F66h,base+02A94h
  dw 01822h,base+0140Dh
  dw 0065Dh,base+00D1Bh
  dw 01A1Dh,base+00DD5h
  dw 00863h,base+0351Ah
  dw 01A80h,base+00DEFh
  dw 01B7Fh,base+00C79h
  dw 01C80h,base+00B47h
  dw 01C80h,base+00B63h
  dw 01C7Fh,base+00B7Fh
  dw 01D80h,base+0097Bh
  dw 01D80h,base+00998h
  dw 01D80h,base+009B5h
  dw 01D80h,base+009D2h
  dw 01D80h,base+009EFh
  dw 01D80h,base+008EAh
  dw 01D80h,base+00907h
  dw 01D80h,base+00924h
  dw 01D80h,base+00941h
  dw 01D80h,base+0095Eh
  dw 00D0Eh,base+02F3Fh
  dw 00708h,base+035EAh
  dw 0066Ah,base+03778h
  dw 00709h,base+035F1h
  dw 00306h,base+006B3h
  dw 00507h,base+02DA4h
  dw 0066Bh,base+0377Eh
  dw 00608h,base+03784h
  dw 00306h,base+0011Bh
  dw 00407h,base+02DB2h
  dw 0066Bh,base+0378Ah
  dw 00609h,base+03790h
  dw 00105h,base+00012h
  dw 00407h,base+02DC0h
  dw 0066Bh,base+03796h
  dw 00609h,base+0379Ch
  dw 00105h,base+00012h
  dw 00407h,base+03ABFh
  dw 0056Bh,base+03A10h
  dw 0060Eh,base+037A2h
  dw 00307h,base+03AC4h
  dw 0056Bh,base+00BEEh
  dw 0060Eh,base+037A8h
  dw 00307h,base+0117Dh
  dw 0046Bh,base+0037Dh
  dw 0060Eh,base+037AEh
  dw 00107h,base+00012h
  dw 0046Bh,base+00BEFh
  dw 0060Eh,base+037B4h
  dw 00107h,base+00012h
  dw 0036Bh,base+00056h
  dw 00515h,base+02C65h
  dw 0036Ch,base+00277h
  dw 00414h,base+009C5h
  dw 0036Ch,base+00083h
  dw 00413h,base+03C59h
  dw 0046Dh,base+02965h
  dw 00413h,base+0107Ah
  dw 0046Dh,base+03C5Dh
  dw 00413h,base+03C61h
  dw 0056Eh,base+03A15h
  dw 00312h,base+004C9h
  dw 0056Eh,base+03A1Ah
  dw 00312h,base+004C9h
  dw 0066Eh,base+037BAh
  dw 00412h,base+03C65h
  dw 0066Eh,base+037C0h
  dw 00413h,base+00761h
  dw 0056Dh,base+03A1Fh
  dw 00414h,base+013CAh
  dw 0046Bh,base+03C69h
  dw 00515h,base+03A24h
  dw 0046Bh,base+03C6Dh
  dw 0057Fh,base+03A29h
  dw 00680h,base+037C6h
  dw 00680h,base+037CCh
  dw 0057Fh,base+03A2Eh
  dw 00580h,base+03A33h
  dw 00580h,base+03A38h
  dw 00581h,base+03A3Dh
  dw 00300h,base+000DCh

ehondaPage2frame002:
  db 050h,056h,062h,031h
  db 0ACh
  db 066h,04Bh,02Ch,062h,03Eh
  db 0B0h,03Bh
  db 096h,043h
  dw 00180h,base+00027h
  dw 0027Fh,base+014FEh
  dw 00380h,base+03D7Eh
  dw 00480h,base+03C75h
  dw 00480h,base+03C79h
  dw 0047Fh,base+03C7Dh
  dw 00480h,base+03C81h
  dw 00480h,base+03C85h
  dw 0047Fh,base+03C89h
  dw 00580h,base+03A42h
  dw 00580h,base+03A47h
  dw 00580h,base+03A4Ch
  dw 00580h,base+03A51h
  dw 00469h,base+03C8Dh
  dw 00309h,base+0098Ch
  dw 0010Eh,base+00012h
  dw 00468h,base+03C91h
  dw 0050Ah,base+03A06h
  dw 0010Bh,base+00010h
  dw 00102h,base+00114h
  dw 00469h,base+03C95h
  dw 00609h,base+03772h
  dw 0040Dh,base+007ADh
  dw 00569h,base+03A56h
  dw 0090Ah,base+0341Fh
  dw 0050Bh,base+03A0Bh
  dw 00102h,base+000EBh
  dw 00568h,base+03A5Bh
  dw 00F17h,base+02A85h
  dw 00668h,base+037D8h
  dw 01116h,base+02660h
  dw 00102h,base+000EBh
  dw 00567h,base+03A60h
  dw 01218h,base+023EAh
  dw 00768h,base+035F8h
  dw 01216h,base+023FCh
  dw 00102h,base+00114h
  dw 00667h,base+037DEh
  dw 01316h,base+02151h
  dw 00102h,base+00114h
  dw 00768h,base+035FFh
  dw 01318h,base+02164h
  dw 00667h,base+037E4h
  dw 01416h,base+01D55h
  dw 00102h,base+00114h
  dw 00767h,base+03606h
  dw 01519h,base+01A76h
  dw 00667h,base+037EAh
  dw 01718h,base+0158Dh
  dw 00768h,base+0360Dh
  dw 0181Bh,base+013C5h
  dw 00364h,base+03D81h
  dw 0191Ch,base+00FDDh
  dw 00264h,base+011BDh
  dw 01A1Ch,base+00D87h
  dw 00264h,base+003D7h
  dw 01B80h,base+00C43h
  dw 01C81h,base+00AD7h
  dw 01B80h,base+00131h
  dw 01B80h,base+00158h
  dw 01D81h,base+00A0Ch
  dw 01B80h,base+00C94h
  dw 01C80h,base+00B9Bh
  dw 01D80h,base+00A29h
  dw 01B7Fh,base+00CAFh
  dw 01E80h,base+007C2h
  dw 01C80h,base+00BB7h
  dw 01B7Fh,base+005AAh
  dw 01C80h,base+005CAh
  dw 01B80h,base+00C5Eh
  dw 01A80h,base+00DA1h
  dw 01A7Fh,base+00DBBh
  dw 01C80h,base+00AF3h
  dw 01C80h,base+00B0Fh
  dw 01C7Fh,base+00B2Bh
  dw 01D80h,base+00876h
  dw 01D80h,base+00893h
  dw 01D80h,base+008B0h
  dw 01D80h,base+008CDh
  dw 01D80h,base+008EAh
  dw 01D80h,base+00907h
  dw 01D80h,base+00924h
  dw 01D80h,base+00941h
  dw 01D80h,base+0095Eh
  dw 00D0Eh,base+02F3Fh
  dw 00708h,base+035EAh
  dw 0066Ah,base+03778h
  dw 00709h,base+035F1h
  dw 00306h,base+006B3h
  dw 00507h,base+02DA4h
  dw 0066Bh,base+0377Eh
  dw 00608h,base+03784h
  dw 00306h,base+0011Bh
  dw 00407h,base+02DB2h
  dw 0066Bh,base+0378Ah
  dw 00609h,base+03790h
  dw 00105h,base+00012h
  dw 00407h,base+02DC0h
  dw 0066Bh,base+03796h
  dw 00609h,base+0379Ch
  dw 00105h,base+00012h
  dw 00407h,base+03ABFh
  dw 0056Bh,base+03A10h
  dw 0060Eh,base+037A2h
  dw 00307h,base+03AC4h
  dw 0056Bh,base+00BEEh
  dw 0060Eh,base+037A8h
  dw 00307h,base+0117Dh
  dw 0046Bh,base+0037Dh
  dw 0060Eh,base+037AEh
  dw 00107h,base+00012h
  dw 0046Bh,base+00BEFh
  dw 0060Eh,base+037B4h
  dw 00107h,base+00012h
  dw 0036Bh,base+00056h
  dw 00515h,base+02C65h
  dw 0036Ch,base+00277h
  dw 00414h,base+009C5h
  dw 0036Ch,base+00083h
  dw 00413h,base+03C59h
  dw 0046Dh,base+02965h
  dw 00413h,base+0107Ah
  dw 0046Dh,base+03C5Dh
  dw 00413h,base+03C61h
  dw 0056Eh,base+03A15h
  dw 00312h,base+004C9h
  dw 0056Eh,base+03A1Ah
  dw 00312h,base+004C9h
  dw 0066Eh,base+037BAh
  dw 00412h,base+03C65h
  dw 0066Eh,base+037C0h
  dw 00413h,base+00761h
  dw 0056Dh,base+03A1Fh
  dw 00414h,base+013CAh
  dw 0046Bh,base+03C69h
  dw 00515h,base+03A24h
  dw 0046Bh,base+03C6Dh
  dw 0057Fh,base+03A29h
  dw 00680h,base+037C6h
  dw 00680h,base+037CCh
  dw 0057Fh,base+03A2Eh
  dw 00580h,base+03A33h
  dw 00580h,base+03A38h
  dw 00581h,base+03A3Dh
  dw 00300h,base+000DCh

ehondaPage2frame003:
  db 05Eh,048h,062h,03Fh
  db 078h
  db 066h,059h,032h,062h,03Eh
  db 0BFh,06Dh
  db 0A5h,067h
  dw 00309h,base+0098Ch
  dw 00176h,base+00012h
  dw 0050Ah,base+03A06h
  dw 00176h,base+00010h
  dw 00609h,base+03772h
  dw 00476h,base+007ADh
  dw 0090Ah,base+0341Fh
  dw 00575h,base+03A0Bh
  dw 00F7Fh,base+02A85h
  dw 0117Fh,base+02660h
  dw 01280h,base+023EAh
  dw 0127Fh,base+023FCh
  dw 01380h,base+02151h
  dw 0137Fh,base+02164h
  dw 0147Fh,base+01D55h
  dw 01580h,base+01A76h
  dw 01780h,base+0158Dh
  dw 0187Fh,base+013C5h
  dw 01980h,base+00FDDh
  dw 01A80h,base+00D87h
  dw 01B80h,base+00C43h
  dw 01C81h,base+00AD7h
  dw 01B80h,base+00131h
  dw 01B80h,base+00158h
  dw 01D81h,base+00A0Ch
  dw 01B80h,base+00C94h
  dw 01C80h,base+00B9Bh
  dw 01D80h,base+00A29h
  dw 01B7Fh,base+00CAFh
  dw 01E80h,base+007C2h
  dw 01C80h,base+00BB7h
  dw 01B1Eh,base+005AAh
  dw 00161h,base+0001Bh
  dw 01C20h,base+005CAh
  dw 00160h,base+00007h
  dw 01B1Eh,base+00C5Eh
  dw 00103h,base+0001Bh
  dw 0015Fh,base+00007h
  dw 01A1Dh,base+00DA1h
  dw 00102h,base+00027h
  dw 00103h,base+00022h
  dw 0015Eh,base+00042h
  dw 01A1Dh,base+00DBBh
  dw 00407h,base+03C99h
  dw 0015Bh,base+00035h
  dw 01C1Dh,base+00AF3h
  dw 00102h,base+00027h
  dw 00407h,base+03C9Dh
  dw 0015Ah,base+00022h
  dw 01C1Eh,base+00B0Fh
  dw 00102h,base+00027h
  dw 00507h,base+03A65h
  dw 00205h,base+00027h
  dw 00154h,base+000A0h
  dw 01C1Eh,base+00B2Bh
  dw 00102h,base+00027h
  dw 00609h,base+037F0h
  dw 00556h,base+03A6Ah
  dw 01D1Fh,base+00876h
  dw 00103h,base+0002Ch
  dw 00305h,base+03D84h
  dw 00104h,base+0001Bh
  dw 00455h,base+03CA1h
  dw 01D20h,base+00893h
  dw 00102h,base+0001Bh
  dw 0070Ah,base+03614h
  dw 00354h,base+000DFh
  dw 01D23h,base+008B0h
  dw 00507h,base+03A6Fh
  dw 00102h,base+00006h
  dw 00354h,base+03D87h
  dw 01D21h,base+008CDh
  dw 00102h,base+00042h
  dw 00B5Dh,base+032AEh
  dw 01D22h,base+008EAh
  dw 00C5Eh,base+0316Ch
  dw 01D23h,base+00907h
  dw 00B5Dh,base+032B9h
  dw 01D23h,base+00924h
  dw 00B5Dh,base+032C4h
  dw 01D24h,base+00941h
  dw 00A5Ch,base+03389h
  dw 01D25h,base+0095Eh
  dw 0095Bh,base+0343Ah
  dw 00D0Eh,base+02F3Fh
  dw 00708h,base+035EAh
  dw 00610h,base+03778h
  dw 0085Ah,base+03522h
  dw 00709h,base+035F1h
  dw 00306h,base+006B3h
  dw 00507h,base+02DA4h
  dw 00611h,base+0377Eh
  dw 0065Ah,base+037F6h
  dw 00608h,base+03784h
  dw 00306h,base+0011Bh
  dw 00407h,base+02DB2h
  dw 00611h,base+0378Ah
  dw 00203h,base+003D7h
  dw 00357h,base+0002Bh
  dw 00609h,base+03790h
  dw 00105h,base+00012h
  dw 00407h,base+02DC0h
  dw 00615h,base+03796h
  dw 00156h,base+00022h
  dw 00609h,base+0379Ch
  dw 00105h,base+00012h
  dw 00407h,base+03ABFh
  dw 0056Bh,base+03A10h
  dw 0060Eh,base+037A2h
  dw 00307h,base+03AC4h
  dw 0056Bh,base+00BEEh
  dw 0060Eh,base+037A8h
  dw 00307h,base+0117Dh
  dw 0046Bh,base+0037Dh
  dw 0060Eh,base+037AEh
  dw 00107h,base+00012h
  dw 0046Bh,base+00BEFh
  dw 0060Eh,base+037B4h
  dw 00107h,base+00012h
  dw 0036Bh,base+00056h
  dw 00515h,base+02C65h
  dw 0036Ch,base+00277h
  dw 00414h,base+009C5h
  dw 0036Ch,base+00083h
  dw 00413h,base+03C59h
  dw 0046Dh,base+02965h
  dw 00413h,base+0107Ah
  dw 0046Dh,base+03C5Dh
  dw 00413h,base+03C61h
  dw 0056Eh,base+03A15h
  dw 00312h,base+004C9h
  dw 0056Eh,base+03A1Ah
  dw 00312h,base+004C9h
  dw 0066Eh,base+037BAh
  dw 00412h,base+03C65h
  dw 0066Eh,base+037C0h
  dw 00413h,base+00761h
  dw 0056Dh,base+03A1Fh
  dw 00414h,base+013CAh
  dw 0046Bh,base+03C69h
  dw 00515h,base+03A24h
  dw 0046Bh,base+03C6Dh
  dw 0057Fh,base+03A29h
  dw 00680h,base+037C6h
  dw 00680h,base+037CCh
  dw 0057Fh,base+03A2Eh
  dw 00580h,base+03A33h
  dw 00580h,base+03A38h
  dw 00581h,base+03A3Dh
  dw 00300h,base+000DCh

ehondaPage2frame004:
  db 02Eh,04Dh,078h,032h
  db 090h
  db 076h,028h,022h,070h,035h
  db 0A5h,05Fh
  db 097h,067h
  dw 0017Fh,base+00012h
  dw 00380h,base+01115h
  dw 00380h,base+0077Fh
  dw 0057Fh,base+03A74h
  dw 0067Fh,base+037FCh
  dw 0077Eh,base+0361Bh
  dw 00980h,base+03443h
  dw 0097Fh,base+0344Ch
  dw 00A80h,base+03393h
  dw 00A7Fh,base+0339Dh
  dw 00B80h,base+032CFh
  dw 00B80h,base+032DAh
  dw 00B80h,base+032E5h
  dw 00B7Fh,base+032F0h
  dw 00C80h,base+03178h
  dw 00B80h,base+032FBh
  dw 00B80h,base+03306h
  dw 00B80h,base+03311h
  dw 00B80h,base+0331Ch
  dw 00C7Fh,base+03184h
  dw 00D80h,base+02F8Dh
  dw 00E80h,base+02CBBh
  dw 00E80h,base+02CC9h
  dw 00E80h,base+02CD7h
  dw 00E80h,base+02CE5h
  dw 00E80h,base+02CF3h
  dw 00E80h,base+02D01h
  dw 00E80h,base+02D0Fh
  dw 00E80h,base+02D1Dh
  dw 00F80h,base+02AA3h
  dw 00F80h,base+02AB2h
  dw 00F80h,base+02AC1h
  dw 00F81h,base+02AD0h
  dw 00E80h,base+02D2Bh
  dw 00E80h,base+02D39h
  dw 00E7Fh,base+02D47h
  dw 00F80h,base+02ADFh
  dw 0107Fh,base+028E5h
  dw 0117Fh,base+02682h
  dw 0127Fh,base+0240Eh
  dw 01481h,base+01D91h
  dw 01381h,base+0218Ah
  dw 0137Fh,base+0219Dh
  dw 01480h,base+01DA5h
  dw 01580h,base+01AA0h
  dw 01580h,base+01AB5h
  dw 01681h,base+017F8h
  dw 01581h,base+01ACAh
  dw 01481h,base+01DB9h
  dw 01381h,base+021B0h
  dw 01280h,base+02420h
  dw 01280h,base+02432h
  dw 01182h,base+02693h
  dw 00809h,base+0352Ah
  dw 00677h,base+03802h
  dw 0080Ah,base+03532h
  dw 00576h,base+03A79h
  dw 0080Ah,base+0353Ah
  dw 00579h,base+03A7Eh
  dw 00508h,base+03A83h
  dw 00478h,base+03CA5h
  dw 00507h,base+03A88h
  dw 00579h,base+03A8Dh
  dw 00507h,base+00A78h
  dw 00579h,base+03A92h
  dw 00507h,base+03A97h
  dw 00479h,base+02E6Eh
  dw 00507h,base+02BC8h
  dw 00479h,base+02E6Eh
  dw 00407h,base+03CA9h
  dw 00479h,base+03CADh
  dw 00407h,base+005C5h
  dw 00479h,base+03CB1h
  dw 00407h,base+00626h
  dw 0047Ah,base+03CB5h
  dw 00306h,base+00115h
  dw 0047Ah,base+03CB9h
  dw 00306h,base+03D8Ah
  dw 0047Ah,base+03CBDh
  dw 00306h,base+03D8Dh
  dw 0047Ah,base+03CC1h
  dw 00306h,base+03D90h
  dw 0047Ah,base+03CC5h
  dw 00306h,base+03D90h
  dw 0037Ah,base+03384h
  dw 00307h,base+00D7Eh
  dw 00279h,base+0004Fh
  dw 00307h,base+03D93h
  dw 00279h,base+00FF1h
  dw 00407h,base+03CC9h
  dw 00278h,base+00FF1h
  dw 00508h,base+00492h
  dw 00178h,base+00027h
  dw 00580h,base+03A9Ch
  dw 00580h,base+03A9Ch
  dw 00581h,base+03AA1h
  dw 00300h,base+000DCh

ehondaPage2frame005:
  db 04Ch,046h,086h,03Ah
  db 094h
  db 083h,02Bh,022h,07Dh,054h
  db 0D1h,063h
  db 0B7h,06Bh
  dw 00103h,base+00012h
  dw 0017Dh,base+00012h
  dw 0047Fh,base+0144Ch
  dw 00580h,base+03AA6h
  dw 00580h,base+007ADh
  dw 00680h,base+03808h
  dw 00680h,base+0380Eh
  dw 0067Fh,base+03814h
  dw 00780h,base+03622h
  dw 00781h,base+03629h
  dw 00680h,base+0381Ah
  dw 00681h,base+03820h
  dw 0057Fh,base+03AABh
  dw 0067Fh,base+03826h
  dw 00780h,base+03630h
  dw 00A7Fh,base+033A7h
  dw 00C7Fh,base+03190h
  dw 00D80h,base+02F9Ah
  dw 00D7Fh,base+02FA7h
  dw 00F80h,base+02AEEh
  dw 00F80h,base+02AFDh
  dw 00F80h,base+02B0Ch
  dw 00F80h,base+02B1Bh
  dw 00F80h,base+02B2Ah
  dw 00E81h,base+02D55h
  dw 00D80h,base+02FB4h
  dw 00E80h,base+02D63h
  dw 00E81h,base+02D71h
  dw 00D80h,base+02FC1h
  dw 00D80h,base+02FCEh
  dw 00D80h,base+02FDBh
  dw 00D80h,base+02FE8h
  dw 00E80h,base+02D7Fh
  dw 00E80h,base+02D8Dh
  dw 00F80h,base+02B39h
  dw 0107Fh,base+028F5h
  dw 01517h,base+01ADFh
  dw 00169h,base+00027h
  dw 01980h,base+00FF6h
  dw 0197Fh,base+0100Fh
  dw 01C80h,base+00BD3h
  dw 01D7Fh,base+00A46h
  dw 01F80h,base+006CAh
  dw 01F80h,base+006E9h
  dw 02080h,base+005EAh
  dw 02180h,base+00505h
  dw 02180h,base+00526h
  dw 02280h,base+0045Dh
  dw 02280h,base+0047Fh
  dw 02380h,base+003F5h
  dw 02380h,base+00418h
  dw 01718h,base+015A4h
  dw 00C68h,base+0319Ch
  dw 01619h,base+0180Eh
  dw 00B67h,base+03327h
  dw 01519h,base+01AF4h
  dw 00305h,base+000DCh
  dw 00763h,base+03637h
  dw 0141Dh,base+01DCDh
  dw 00763h,base+0363Eh
  dw 0131Eh,base+021C3h
  dw 00662h,base+0382Ch
  dw 0131Fh,base+021D6h
  dw 00561h,base+03AB0h
  dw 00C0Fh,base+031A8h
  dw 00310h,base+000DCh
  dw 00562h,base+03AB5h
  dw 00B1Fh,base+03332h
  dw 00461h,base+03CCDh
  dw 00A1Fh,base+033B1h
  dw 00361h,base+021E5h
  dw 00304h,base+000FEh
  dw 0051Bh,base+0056Eh
  dw 00361h,base+03D96h
  dw 00405h,base+03CD1h
  dw 0031Bh,base+0011Bh
  dw 00160h,base+00027h
  dw 00480h,base+03CD1h
  dw 00480h,base+03CD5h
  dw 0047Fh,base+03CD9h
  dw 0057Eh,base+03ABAh
  dw 00780h,base+03645h
  dw 00780h,base+0364Ch
  dw 00780h,base+03653h
  dw 00781h,base+0365Ah
  dw 00684h,base+03832h
  dw 00100h,base+00027h

ehondaPage2frame006:
  db 05Ch,041h,064h,045h
  db 082h
  db 06Ch,054h,01Eh,068h,033h
  db 0BEh,04Ch
  db 0A4h,054h
  dw 00309h,base+0098Ch
  dw 00176h,base+00012h
  dw 0050Ah,base+03A06h
  dw 00176h,base+00010h
  dw 00609h,base+03772h
  dw 00476h,base+007ADh
  dw 0090Ah,base+0341Fh
  dw 00575h,base+03A0Bh
  dw 00F7Fh,base+02A85h
  dw 0117Fh,base+02660h
  dw 01280h,base+023EAh
  dw 0127Fh,base+023FCh
  dw 01323h,base+02151h
  dw 0015Dh,base+00007h
  dw 01322h,base+02164h
  dw 0025Dh,base+00EA3h
  dw 01422h,base+01D55h
  dw 0035Dh,base+03D75h
  dw 01523h,base+01A76h
  dw 0045Dh,base+03C45h
  dw 01723h,base+0158Dh
  dw 0045Dh,base+03C49h
  dw 01823h,base+013C5h
  dw 0045Ch,base+03C4Dh
  dw 01924h,base+00FDDh
  dw 0035Ch,base+01CDBh
  dw 01A24h,base+00D87h
  dw 0045Ch,base+03C51h
  dw 01B1Eh,base+00C43h
  dw 00306h,base+000DCh
  dw 0045Ch,base+03C55h
  dw 01C1Dh,base+00AD7h
  dw 00A64h,base+0337Fh
  dw 02780h,base+00131h
  dw 02780h,base+00158h
  dw 02681h,base+0021Bh
  dw 02480h,base+002D6h
  dw 02480h,base+002FAh
  dw 02380h,base+003D2h
  dw 0217Fh,base+004C3h
  dw 02280h,base+0043Bh
  dw 02180h,base+004E4h
  dw 0207Fh,base+005AAh
  dw 02080h,base+005CAh
  dw 01617h,base+00C5Eh
  dw 00406h,base+0011Bh
  dw 00263h,base+00027h
  dw 0157Fh,base+00DA1h
  dw 01680h,base+01824h
  dw 01680h,base+0183Ah
  dw 01680h,base+01850h
  dw 01580h,base+01B09h
  dw 01680h,base+01866h
  dw 01680h,base+0187Ch
  dw 0167Fh,base+01892h
  dw 01780h,base+015BBh
  dw 01780h,base+015D2h
  dw 0167Fh,base+018A8h
  dw 01780h,base+015E9h
  dw 01680h,base+018BEh
  dw 01680h,base+018D4h
  dw 01580h,base+01B1Eh
  dw 00607h,base+03838h
  dw 00E79h,base+02D9Bh
  dw 00607h,base+0383Eh
  dw 00E79h,base+02DA9h
  dw 00607h,base+03844h
  dw 00E79h,base+02DB7h
  dw 00607h,base+0384Ah
  dw 00809h,base+02605h
  dw 00570h,base+03ABFh
  dw 00607h,base+03850h
  dw 00709h,base+03661h
  dw 00570h,base+03AC4h
  dw 00508h,base+01FBCh
  dw 00608h,base+007ADh
  dw 00570h,base+03AC9h
  dw 00508h,base+03ACEh
  dw 00608h,base+007ADh
  dw 0066Fh,base+03856h
  dw 0040Ah,base+02BC8h
  dw 00507h,base+03AD3h
  dw 0076Fh,base+03668h
  dw 0040Ah,base+03CDDh
  dw 00508h,base+03AD8h
  dw 0066Eh,base+030D9h
  dw 0030Ah,base+00056h
  dw 00508h,base+03ADDh
  dw 0076Dh,base+0366Fh
  dw 0050Ch,base+03AA1h
  dw 00407h,base+03ADEh
  dw 0076Dh,base+03676h
  dw 0050Dh,base+021EFh
  dw 00307h,base+021A1h
  dw 0056Ch,base+02F13h
  dw 0050Eh,base+03AE2h
  dw 00272h,base+000ECh
  dw 0057Fh,base+03AE7h
  dw 00580h,base+03AECh
  dw 00580h,base+03AF1h
  dw 00580h,base+03AF6h
  dw 00580h,base+03AFBh
  dw 00580h,base+03B00h
  dw 00500h,base+03B05h

ehondaPage2frame007:
  db 052h,045h,068h,02Ch
  db 07Ah
  db 06Ch,039h,022h,066h,054h
  db 0B7h,070h
  db 097h,06Fh
  dw 00180h,base+00012h
  dw 0017Fh,base+00010h
  dw 00480h,base+007ADh
  dw 0057Fh,base+03A0Bh
  dw 00580h,base+02A8Fh
  dw 00680h,base+0266Bh
  dw 00680h,base+023F6h
  dw 00680h,base+02408h
  dw 00680h,base+0215Eh
  dw 00681h,base+0385Ch
  dw 0057Fh,base+01D64h
  dw 0087Fh,base+03542h
  dw 00A80h,base+033BBh
  dw 00E7Fh,base+02DC5h
  dw 01080h,base+02905h
  dw 0107Fh,base+02915h
  dw 01480h,base+01DE1h
  dw 0157Fh,base+01B33h
  dw 01780h,base+01600h
  dw 0187Fh,base+01425h
  dw 01A80h,base+00E09h
  dw 01D80h,base+00A63h
  dw 01E80h,base+007E0h
  dw 01E80h,base+007FEh
  dw 01F80h,base+00708h
  dw 00D0Fh,base+02FF5h
  dw 00405h,base+000DCh
  dw 00B6Ch,base+0333Dh
  dw 00D15h,base+03002h
  dw 00A6Bh,base+033C5h
  dw 00D0Eh,base+0300Fh
  dw 00203h,base+00652h
  dw 00204h,base+00675h
  dw 00305h,base+000DCh
  dw 00566h,base+03B0Ah
  dw 0141Ah,base+01DF5h
  dw 00467h,base+03CE1h
  dw 0131Ah,base+021E9h
  dw 00366h,base+03C1Ch
  dw 0141Bh,base+01E09h
  dw 00165h,base+00027h
  dw 01480h,base+01E1Dh
  dw 01480h,base+01E31h
  dw 01480h,base+01E45h
  dw 01380h,base+021FCh
  dw 01381h,base+0220Fh
  dw 0127Fh,base+02444h
  dw 0137Fh,base+02222h
  dw 01580h,base+01B48h
  dw 0167Fh,base+018EAh
  dw 01880h,base+0143Dh
  dw 0197Fh,base+01028h
  dw 01A80h,base+00E23h
  dw 01B80h,base+00CCAh
  dw 01B80h,base+00CE5h
  dw 01F80h,base+00727h
  dw 02080h,base+0060Ah
  dw 02181h,base+00547h
  dw 02080h,base+0062Ah
  dw 02180h,base+00568h
  dw 02180h,base+00589h
  dw 01011h,base+02925h
  dw 0116Fh,base+026A4h
  dw 00F12h,base+02B48h
  dw 0106Eh,base+02935h
  dw 00F13h,base+02B57h
  dw 0116Dh,base+026B5h
  dw 00F14h,base+02B66h
  dw 0136Ch,base+02235h
  dw 00E16h,base+02DD3h
  dw 0126Ah,base+02456h
  dw 00E19h,base+02DE1h
  dw 00F68h,base+02B75h
  dw 00C19h,base+031B4h
  dw 00E67h,base+02DEFh
  dw 00C1Ah,base+031C0h
  dw 00D66h,base+0301Ch
  dw 00C1Ah,base+031CCh
  dw 00307h,base+000DCh
  dw 00660h,base+03862h
  dw 00A20h,base+033CFh
  dw 00660h,base+03868h
  dw 00A20h,base+033D9h
  dw 00660h,base+0386Eh
  dw 00A21h,base+033E3h
  dw 00560h,base+03B0Fh
  dw 00922h,base+03455h
  dw 0025Fh,base+00027h
  dw 00883h,base+0354Ah
  dw 00581h,base+03B14h
  dw 00480h,base+00D12h
  dw 00481h,base+0130Fh
  dw 00200h,base+00027h

ehondaPage2frame008:
  db 038h,032h,064h,036h
  db 080h
  db 061h,039h,021h,05Bh,033h
  db 097h,063h
  db 077h,06Bh
  dw 00278h,base+03DCFh
  dw 00208h,base+00027h
  dw 00278h,base+0039Bh
  dw 00207h,base+0159Bh
  dw 00378h,base+00736h
  dw 00407h,base+03CE5h
  dw 00479h,base+0011Bh
  dw 00407h,base+03CE9h
  dw 00579h,base+03B19h
  dw 00406h,base+03CEDh
  dw 00607h,base+03874h
  dw 00373h,base+0158Ah
  dw 00405h,base+03CF1h
  dw 00B7Ah,base+03348h
  dw 0127Fh,base+02468h
  dw 01380h,base+02248h
  dw 0137Fh,base+0225Bh
  dw 0147Fh,base+01E59h
  dw 01680h,base+01900h
  dw 0177Fh,base+01617h
  dw 01980h,base+01041h
  dw 01980h,base+0105Ah
  dw 01980h,base+01073h
  dw 01980h,base+0108Ch
  dw 01A80h,base+00E3Dh
  dw 01A80h,base+00E57h
  dw 01A80h,base+00E71h
  dw 01A80h,base+00E8Bh
  dw 01B80h,base+00D00h
  dw 01B81h,base+00D1Bh
  dw 01B80h,base+00D36h
  dw 01B84h,base+00D51h
  dw 01780h,base+0162Eh
  dw 0177Fh,base+01645h
  dw 01780h,base+0165Ch
  dw 01780h,base+01673h
  dw 01780h,base+0168Ah
  dw 01112h,base+026C6h
  dw 0056Fh,base+03B1Eh
  dw 01012h,base+02945h
  dw 0046Dh,base+00761h
  dw 01113h,base+026D7h
  dw 0036Dh,base+03D99h
  dw 01113h,base+026E8h
  dw 0036Dh,base+03D99h
  dw 01113h,base+026F9h
  dw 0036Ch,base+0021Bh
  dw 01215h,base+0247Ah
  dw 0026Ah,base+00027h
  dw 01316h,base+0226Eh
  dw 0016Ah,base+00027h
  dw 0137Fh,base+02281h
  dw 01480h,base+01E6Dh
  dw 0147Fh,base+01E81h
  dw 01580h,base+01B5Dh
  dw 01480h,base+01E95h
  dw 01480h,base+01EA9h
  dw 00405h,base+0011Bh
  dw 00F7Bh,base+02B84h
  dw 00305h,base+0011Bh
  dw 00F7Ch,base+02B93h
  dw 00205h,base+0011Bh
  dw 00D7Bh,base+03029h
  dw 00205h,base+0011Bh
  dw 00C81h,base+031D8h
  dw 00B80h,base+03353h
  dw 00781h,base+0367Dh
  dw 00400h,base+0011Bh

ehondaPage2frame009:
  db 05Ah,040h,054h,02Fh
  db 07Ah
  db 066h,03Bh,01Eh,053h,05Ah
  db 09Ch,069h
  db 07Ch,071h
  dw 0017Eh,base+00136h
  dw 00380h,base+03D9Ch
  dw 00380h,base+03D9Fh
  dw 0037Fh,base+03DA2h
  dw 00580h,base+03B23h
  dw 00102h,base+00000h
  dw 0037Eh,base+0105Eh
  dw 00506h,base+03B28h
  dw 0017Bh,base+0001Bh
  dw 00680h,base+0387Ah
  dw 0067Fh,base+03880h
  dw 00780h,base+03684h
  dw 00781h,base+0368Bh
  dw 00680h,base+03886h
  dw 00681h,base+0388Ch
  dw 00581h,base+03B2Dh
  dw 00580h,base+02A55h
  dw 00680h,base+03892h
  dw 0060Dh,base+03898h
  dw 00174h,base+00012h
  dw 0050Ch,base+03B32h
  dw 00374h,base+00733h
  dw 0070Bh,base+03692h
  dw 00575h,base+03B37h
  dw 0090Bh,base+0345Eh
  dw 0056Fh,base+0056Eh
  dw 00106h,base+00012h
  dw 0107Ah,base+02955h
  dw 00205h,base+0003Fh
  dw 0117Bh,base+0270Ah
  dw 00203h,base+00012h
  dw 0147Ch,base+01EBDh
  dw 00304h,base+00790h
  dw 0147Ch,base+01ED1h
  dw 01880h,base+01455h
  dw 01880h,base+0146Dh
  dw 01880h,base+01485h
  dw 01880h,base+0149Dh
  dw 01880h,base+014B5h
  dw 01781h,base+016A1h
  dw 01680h,base+01916h
  dw 01680h,base+0192Ch
  dw 01780h,base+016B8h
  dw 01676h,base+01942h
  dw 00105h,base+00027h
  dw 00205h,base+00027h
  dw 01775h,base+016CFh
  dw 00305h,base+00115h
  dw 00305h,base+0098Ch
  dw 0181Dh,base+014CDh
  dw 00159h,base+0002Ch
  dw 00305h,base+00277h
  dw 01E20h,base+0081Ch
  dw 00359h,base+021D0h
  dw 00506h,base+03B3Ch
  dw 01F21h,base+00746h
  dw 00359h,base+021D0h
  dw 02627h,base+00241h
  dw 00358h,base+03DA5h
  dw 02B80h,base+00086h
  dw 02D80h,base+00000h
  dw 02D80h,base+0002Dh
  dw 02C81h,base+0005Ah
  dw 02B80h,base+000B1h
  dw 02B85h,base+000DCh
  dw 02581h,base+00267h
  dw 01A1Bh,base+00EA5h
  dw 00967h,base+03467h
  dw 0181Ah,base+014E5h
  dw 00666h,base+00716h
  dw 0171Dh,base+016E6h
  dw 00262h,base+00027h
  dw 01680h,base+01958h
  dw 01680h,base+0196Eh
  dw 00305h,base+0158Bh
  dw 00F7Bh,base+02BA2h
  dw 00305h,base+000DCh
  dw 00F80h,base+02BB1h
  dw 00E80h,base+02DFDh
  dw 00E81h,base+02E0Bh
  dw 00C80h,base+031E4h
  dw 00C80h,base+031F0h
  dw 00C81h,base+031FCh
  dw 00A80h,base+033EDh
  dw 00607h,base+02F2Bh
  dw 00379h,base+0033Eh
  dw 00607h,base+0389Eh
  dw 00102h,base+00011h
  dw 00178h,base+00012h
  dw 00406h,base+02759h
  dw 0017Ah,base+00011h
  dw 00306h,base+0098Ch
  dw 0017Bh,base+00011h
  dw 00200h,base+00027h

ehondaPage2frame010:
  db 03Ch,05Ch,05Eh,02Bh
  db 07Ch
  db 05Bh,034h,024h,055h,045h
  db 000h,000h
  db 000h,000h
  dw 00180h,base+00027h
  dw 00204h,base+005BCh
  dw 00277h,base+00027h
  dw 00204h,base+001A4h
  dw 00304h,base+03DA8h
  dw 00378h,base+03D5Dh
  dw 00708h,base+03699h
  dw 00378h,base+0002Bh
  dw 00C7Eh,base+03208h
  dw 00E80h,base+02E19h
  dw 00E80h,base+02E27h
  dw 00E81h,base+02E35h
  dw 00D80h,base+03036h
  dw 00D80h,base+03043h
  dw 00C80h,base+03214h
  dw 00C7Fh,base+03220h
  dw 00D7Fh,base+03050h
  dw 00F7Fh,base+02BC0h
  dw 01080h,base+02965h
  dw 01080h,base+02975h
  dw 01180h,base+0271Bh
  dw 0117Fh,base+0272Ch
  dw 01280h,base+0248Ch
  dw 01280h,base+0249Eh
  dw 01280h,base+024B0h
  dw 01280h,base+024C2h
  dw 01280h,base+024D4h
  dw 01180h,base+0273Dh
  dw 0117Fh,base+0274Eh
  dw 01180h,base+0275Fh
  dw 01180h,base+02770h
  dw 01080h,base+02985h
  dw 00F80h,base+02BCFh
  dw 00E80h,base+02E43h
  dw 00D80h,base+0305Dh
  dw 00C80h,base+0322Ch
  dw 00C80h,base+03238h
  dw 00C80h,base+03244h
  dw 00D80h,base+0306Ah
  dw 00D80h,base+03077h
  dw 00D80h,base+03084h
  dw 00D7Fh,base+03084h
  dw 00E80h,base+02E51h
  dw 00E80h,base+02E5Fh
  dw 00F80h,base+02BDEh
  dw 00F7Fh,base+02BEDh
  dw 01180h,base+02781h
  dw 01280h,base+024E6h
  dw 0137Fh,base+02294h
  dw 01580h,base+01B72h
  dw 01580h,base+01B87h
  dw 01680h,base+01984h
  dw 01680h,base+0199Ah
  dw 01680h,base+019B0h
  dw 0177Fh,base+016FDh
  dw 01980h,base+010A5h
  dw 01980h,base+010BEh
  dw 01980h,base+010D7h
  dw 01980h,base+010F0h
  dw 01980h,base+01109h
  dw 01980h,base+01122h
  dw 01980h,base+0113Bh
  dw 01980h,base+01154h
  dw 01980h,base+0116Dh
  dw 01981h,base+01186h
  dw 00E0Fh,base+02E6Dh
  dw 00971h,base+03470h
  dw 00E0Fh,base+02E7Bh
  dw 00971h,base+03479h
  dw 00E0Fh,base+02E89h
  dw 00204h,base+0011Bh
  dw 0056Dh,base+03B41h
  dw 00608h,base+038A4h
  dw 00508h,base+03B46h
  dw 00103h,base+00012h
  dw 0066Dh,base+038AAh
  dw 00708h,base+036A0h
  dw 0050Bh,base+03B4Bh
  dw 0066Dh,base+038B0h
  dw 00708h,base+036A7h
  dw 0050Bh,base+03B50h
  dw 0066Dh,base+038B6h
  dw 00809h,base+03552h
  dw 0040Bh,base+03CF5h
  dw 0056Dh,base+03B55h
  dw 00709h,base+036AEh
  dw 0030Ah,base+007A4h
  dw 0056Dh,base+03B5Ah
  dw 0070Bh,base+036B5h
  dw 00109h,base+00012h
  dw 0046Ch,base+03CF9h
  dw 00714h,base+036BCh
  dw 0046Ch,base+03575h
  dw 00715h,base+036C3h
  dw 0036Bh,base+000F1h
  dw 00715h,base+036CAh
  dw 0036Ch,base+026D3h
  dw 00514h,base+03B5Fh
  dw 0036Ch,base+00277h
  dw 00514h,base+03B64h
  dw 0036Ch,base+00277h
  dw 00514h,base+03B69h
  dw 0046Dh,base+00056h
  dw 00413h,base+0042Ch
  dw 0046Dh,base+03CFDh
  dw 00413h,base+03575h
  dw 0056Eh,base+03B6Eh
  dw 00312h,base+0081Ch
  dw 0066Eh,base+038BCh
  dw 00312h,base+002A4h
  dw 0066Eh,base+038C2h
  dw 00412h,base+03D01h
  dw 0076Eh,base+036D1h
  dw 00412h,base+03D05h
  dw 0076Eh,base+036D8h
  dw 00414h,base+0306Ah
  dw 0056Ch,base+03B73h
  dw 00514h,base+03B78h
  dw 0046Ch,base+03D09h
  dw 0057Fh,base+03B7Dh
  dw 00680h,base+038C8h
  dw 00580h,base+03B82h
  dw 0057Fh,base+03B87h
  dw 00580h,base+03B8Ch
  dw 00580h,base+03B91h
  dw 00482h,base+03D0Dh
  dw 00200h,base+00114h

ehondaPage2frame011:
  db 036h,044h,064h,044h
  db 080h
  db 06Ah,02Dh,01Eh,062h,032h
  db 000h,000h
  db 000h,000h
  dw 00280h,base+001A4h
  dw 00480h,base+00733h
  dw 0047Fh,base+03208h
  dw 0077Fh,base+036DFh
  dw 00880h,base+0355Ah
  dw 00981h,base+03482h
  dw 00880h,base+03562h
  dw 0097Fh,base+0348Bh
  dw 00B7Eh,base+0335Eh
  dw 00E7Fh,base+02E97h
  dw 00F80h,base+02BFCh
  dw 00F7Fh,base+02C0Bh
  dw 0117Fh,base+02792h
  dw 01280h,base+024F8h
  dw 01280h,base+0250Ah
  dw 01280h,base+0251Ch
  dw 0117Fh,base+027A3h
  dw 01280h,base+0252Eh
  dw 01380h,base+022A7h
  dw 0137Fh,base+022BAh
  dw 01480h,base+01EE5h
  dw 01480h,base+01EF9h
  dw 01480h,base+01F0Dh
  dw 01480h,base+01F21h
  dw 01480h,base+01F35h
  dw 0147Fh,base+01F49h
  dw 01580h,base+01B9Ch
  dw 01480h,base+01F5Dh
  dw 01480h,base+01F71h
  dw 01380h,base+022CDh
  dw 01380h,base+022E0h
  dw 0137Fh,base+022F3h
  dw 01480h,base+01F85h
  dw 01480h,base+01F99h
  dw 01480h,base+01FADh
  dw 0147Fh,base+01FC1h
  dw 01580h,base+01BB1h
  dw 01580h,base+01BC6h
  dw 01580h,base+01BDBh
  dw 01580h,base+01BF0h
  dw 01480h,base+01FD5h
  dw 01480h,base+01FE9h
  dw 01480h,base+01FFDh
  dw 01011h,base+02995h
  dw 0036Eh,base+0080Ch
  dw 01112h,base+027B4h
  dw 0046Eh,base+03D11h
  dw 01012h,base+029A5h
  dw 0046Eh,base+03D11h
  dw 01012h,base+029B5h
  dw 0046Eh,base+03D11h
  dw 01013h,base+029C5h
  dw 0036Dh,base+003D8h
  dw 01013h,base+029D5h
  dw 0036Dh,base+00277h
  dw 00F13h,base+02C1Ah
  dw 0036Dh,base+00277h
  dw 00F13h,base+02C29h
  dw 0036Dh,base+03DABh
  dw 00E13h,base+02EA5h
  dw 0036Dh,base+03DAEh
  dw 00D13h,base+03091h
  dw 0046Dh,base+03D15h
  dw 00D12h,base+0309Eh
  dw 0066Eh,base+038CEh
  dw 00C12h,base+03250h
  dw 0076Eh,base+036E6h
  dw 00C12h,base+0325Ch
  dw 0086Eh,base+0356Ah
  dw 00C12h,base+03268h
  dw 0086Eh,base+03572h
  dw 00D13h,base+030ABh
  dw 0076Dh,base+036EDh
  dw 00D16h,base+030B8h
  dw 0026Ah,base+00027h
  dw 00D7Fh,base+030C5h
  dw 00E80h,base+02EB3h
  dw 00E80h,base+02EC1h
  dw 00E80h,base+02ECFh
  dw 00405h,base+03D19h
  dw 0097Bh,base+03494h
  dw 00506h,base+03B96h
  dw 0077Ah,base+036F4h
  dw 00506h,base+03B9Bh
  dw 0077Bh,base+036FBh
  dw 00306h,base+000DCh
  dw 00682h,base+038D4h
  dw 00300h,base+000DCh

ehondaPage2frame012:
  db 03Eh,040h,05Eh,044h
  db 06Ch
  db 056h,03Dh,013h,05Ch,03Ch
  db 000h,000h
  db 000h,000h
  dw 0037Fh,base+00631h
  dw 00506h,base+03BA0h
  dw 00579h,base+00F22h
  dw 00D80h,base+030D2h
  dw 00E7Fh,base+02EDDh
  dw 01180h,base+027C5h
  dw 01180h,base+027D6h
  dw 0157Fh,base+01C05h
  dw 01680h,base+019C6h
  dw 0167Fh,base+019DCh
  dw 01780h,base+01714h
  dw 01680h,base+019F2h
  dw 01680h,base+01A08h
  dw 01680h,base+01A1Eh
  dw 01780h,base+0172Bh
  dw 0177Fh,base+01742h
  dw 01980h,base+0119Fh
  dw 01980h,base+011B8h
  dw 01980h,base+011D1h
  dw 0197Fh,base+011EAh
  dw 01A80h,base+00EBFh
  dw 01A80h,base+00ED9h
  dw 01A81h,base+00EF3h
  dw 01980h,base+01203h
  dw 01A81h,base+00F0Dh
  dw 01980h,base+0121Ch
  dw 01981h,base+01235h
  dw 01980h,base+0124Eh
  dw 01980h,base+01267h
  dw 01980h,base+01280h
  dw 01980h,base+01299h
  dw 01980h,base+012B2h
  dw 01980h,base+012CBh
  dw 01980h,base+012E4h
  dw 01980h,base+012FDh
  dw 01980h,base+01316h
  dw 01A80h,base+00F27h
  dw 01B80h,base+00D6Ch
  dw 01011h,base+029E5h
  dw 00A6Fh,base+033F7h
  dw 00D0Eh,base+030DFh
  dw 00203h,base+0033Dh
  dw 00A6Fh,base+03401h
  dw 00607h,base+038DAh
  dw 00607h,base+038E0h
  dw 00103h,base+00012h
  dw 00607h,base+03401h
  dw 00368h,base+03DB1h
  dw 00608h,base+038E6h
  dw 00506h,base+03BA5h
  dw 00103h,base+00012h
  dw 00607h,base+03401h
  dw 00368h,base+000DFh
  dw 00608h,base+038ECh
  dw 00509h,base+03BAAh
  dw 00607h,base+038F2h
  dw 00368h,base+00F1Fh
  dw 00608h,base+038F8h
  dw 0050Ah,base+03BAFh
  dw 00506h,base+00D7Eh
  dw 00368h,base+03DB4h
  dw 00608h,base+038FEh
  dw 0050Ah,base+03BB4h
  dw 00506h,base+03BB9h
  dw 00368h,base+03DB7h
  dw 00608h,base+03904h
  dw 0050Ah,base+03BBEh
  dw 00506h,base+03BC3h
  dw 00368h,base+03DBAh
  dw 00509h,base+03BC8h
  dw 0030Ah,base+03DBDh
  dw 00405h,base+00E44h
  dw 00369h,base+03DC0h
  dw 00408h,base+03D1Dh
  dw 0020Ah,base+00027h
  dw 00405h,base+00BEFh
  dw 00269h,base+00027h
  dw 00412h,base+0228Bh
  dw 0046Eh,base+00BEFh
  dw 00412h,base+00774h
  dw 0046Eh,base+02921h
  dw 00413h,base+00BFBh
  dw 0046Eh,base+004F8h
  dw 00312h,base+00775h
  dw 0086Eh,base+0357Ah
  dw 00312h,base+00775h
  dw 0086Eh,base+03582h
  dw 00312h,base+00073h
  dw 0086Eh,base+0358Ah
  dw 00312h,base+0107Bh
  dw 0076Dh,base+03702h
  dw 00513h,base+03BCDh
  dw 0076Dh,base+03709h
  dw 00513h,base+03BD2h
  dw 0066Dh,base+0390Ah
  dw 00513h,base+03BD7h
  dw 0056Dh,base+03BDCh
  dw 00513h,base+03BE1h
  dw 0026Dh,base+00027h
  dw 00514h,base+03BE6h
  dw 0016Ch,base+00027h
  dw 00580h,base+03BEBh
  dw 00481h,base+03D21h
  dw 00380h,base+000DCh
  dw 00280h,base+00054h
  dw 00200h,base+00027h

ehondaPage2frame013:
  db 050h,024h,050h,03Ch
  db 078h
  db 061h,02Eh,008h,050h,04Fh
  db 08Fh,05Ch
  db 09Bh,04Ch
  dw 0037Fh,base+0011Bh
  dw 0057Fh,base+0056Eh
  dw 0077Fh,base+03710h
  dw 00980h,base+0349Dh
  dw 0097Fh,base+034A6h
  dw 00D80h,base+030ECh
  dw 00E7Fh,base+02EEBh
  dw 01080h,base+029F5h
  dw 01180h,base+027E7h
  dw 01280h,base+02540h
  dw 0137Ah,base+02306h
  dw 00106h,base+00027h
  dw 01379h,base+02319h
  dw 00306h,base+00627h
  dw 01576h,base+01C1Ah
  dw 00104h,base+00027h
  dw 00305h,base+000F1h
  dw 01677h,base+01A34h
  dw 00204h,base+0002Bh
  dw 01D7Bh,base+00A80h
  dw 00304h,base+01317h
  dw 01E7Ch,base+0083Ah
  dw 02280h,base+004A1h
  dw 02480h,base+0031Eh
  dw 0247Eh,base+00342h
  dw 02780h,base+0017Fh
  dw 0277Fh,base+001A6h
  dw 02780h,base+001CDh
  dw 02781h,base+001F4h
  dw 02581h,base+0028Ch
  dw 02485h,base+00366h
  dw 01F81h,base+00765h
  dw 01E82h,base+00858h
  dw 01C81h,base+00BEFh
  dw 00204h,base+00027h
  dw 01780h,base+01759h
  dw 01580h,base+01C2Fh
  dw 01180h,base+027F8h
  dw 01183h,base+02809h
  dw 00D81h,base+030F9h
  dw 00981h,base+034AFh
  dw 00481h,base+014D1h
  dw 00200h,base+0011Bh

ehondaPage2frame014:
  db 044h,050h,05Ch,02Eh
  db 07Ch
  db 04Bh,054h,02Fh,047h,033h
  db 000h,000h
  db 000h,000h
  dw 00180h,base+00012h
  dw 00278h,base+0039Bh
  dw 00207h,base+00027h
  dw 00378h,base+001A3h
  dw 00406h,base+03D25h
  dw 0057Ah,base+0056Eh
  dw 00C7Fh,base+03274h
  dw 00D80h,base+03106h
  dw 00D7Fh,base+03113h
  dw 00E7Fh,base+02EF9h
  dw 00F80h,base+02C38h
  dw 00F7Fh,base+02C47h
  dw 01080h,base+02A05h
  dw 0107Fh,base+02A15h
  dw 01180h,base+0281Ah
  dw 01180h,base+0282Bh
  dw 0117Fh,base+0283Ch
  dw 01280h,base+02552h
  dw 01180h,base+0284Dh
  dw 01280h,base+02564h
  dw 01280h,base+02576h
  dw 01380h,base+0232Ch
  dw 01380h,base+0233Fh
  dw 00506h,base+03BF0h
  dw 00E7Ah,base+02F07h
  dw 00405h,base+03D29h
  dw 00F7Bh,base+02C56h
  dw 0147Fh,base+02011h
  dw 01880h,base+014FDh
  dw 01980h,base+0132Fh
  dw 01980h,base+01348h
  dw 00205h,base+00300h
  dw 0147Bh,base+02025h
  dw 00105h,base+0001Bh
  dw 0151Ah,base+01C44h
  dw 00166h,base+00027h
  dw 0151Ah,base+01C59h
  dw 00165h,base+0012Fh
  dw 0171Bh,base+01770h
  dw 00265h,base+00663h
  dw 0171Bh,base+01787h
  dw 00264h,base+001C5h
  dw 0181Ch,base+01515h
  dw 00264h,base+00279h
  dw 0191Bh,base+01361h
  dw 00465h,base+03D2Dh
  dw 0191Bh,base+0137Ah
  dw 00464h,base+03D31h
  dw 02080h,base+0064Ah
  dw 02080h,base+0066Ah
  dw 01F7Fh,base+00784h
  dw 02080h,base+0068Ah
  dw 02080h,base+006AAh
  dw 01F80h,base+007A3h
  dw 01516h,base+01C6Eh
  dw 0096Ah,base+034B8h
  dw 01517h,base+01C83h
  dw 00869h,base+03592h
  dw 0151Bh,base+01C98h
  dw 00465h,base+03D35h
  dw 0141Ch,base+02039h
  dw 00364h,base+03DC3h
  dw 0131Ch,base+02352h
  dw 00264h,base+000D2h
  dw 0131Dh,base+02365h
  dw 00163h,base+00027h
  dw 01380h,base+02378h
  dw 01281h,base+02588h
  dw 01080h,base+02A25h
  dw 00304h,base+0011Bh
  dw 00708h,base+03717h
  dw 00374h,base+0011Bh
  dw 00304h,base+0011Bh
  dw 0077Dh,base+0371Eh
  dw 00103h,base+00012h
  dw 00780h,base+03725h
  dw 00681h,base+03910h
  dw 0057Fh,base+03BF5h
  dw 00680h,base+03916h
  dw 00680h,base+0391Ch
  dw 00680h,base+03922h
  dw 00680h,base+03928h
  dw 00680h,base+0392Eh
  dw 00680h,base+03934h
  dw 00680h,base+0393Ah
  dw 00680h,base+03940h
  dw 00681h,base+03946h
  dw 00480h,base+03D39h
  dw 00480h,base+03CDDh
  dw 00480h,base+000AEh
  dw 0057Fh,base+03BFAh
  dw 00680h,base+0394Ch
  dw 00680h,base+03952h
  dw 00680h,base+03958h
  dw 00580h,base+03AF1h
  dw 00580h,base+03BFFh
  dw 00580h,base+03C04h
  dw 00480h,base+03D3Dh
  dw 00480h,base+02C62h
  dw 00380h,base+004C9h
  dw 00380h,base+00D68h
  dw 00381h,base+0233Ch
  dw 00100h,base+00027h

ehondaPage2frame015:
  db 056h,02Fh,054h,059h
  db 092h
  db 071h,02Eh,008h,04Eh,061h
  db 000h,000h
  db 000h,000h
  dw 0027Fh,base+00027h
  dw 0047Fh,base+000DCh
  dw 00580h,base+03C09h
  dw 0067Fh,base+0395Eh
  dw 00780h,base+0372Ch
  dw 0077Fh,base+03733h
  dw 00880h,base+0359Ah
  dw 00878h,base+035A2h
  dw 00207h,base+00027h
  dw 00A78h,base+0340Bh
  dw 00307h,base+03DC6h
  dw 00B79h,base+03369h
  dw 00405h,base+03D41h
  dw 00D7Ah,base+03120h
  dw 00506h,base+03C0Eh
  dw 00D77h,base+0312Dh
  dw 0167Fh,base+01A4Ah
  dw 01780h,base+0179Eh
  dw 0177Fh,base+017B5h
  dw 01980h,base+01393h
  dw 0197Fh,base+013ACh
  dw 01A80h,base+00F41h
  dw 01A80h,base+00F5Bh
  dw 01415h,base+0204Dh
  dw 0056Bh,base+03C13h
  dw 01416h,base+02061h
  dw 0056Ah,base+03C18h
  dw 01417h,base+02075h
  dw 00468h,base+03575h
  dw 01418h,base+02089h
  dw 00468h,base+03D45h
  dw 01419h,base+0209Dh
  dw 00464h,base+0083Ch
  dw 00102h,base+00027h
  dw 0151Ah,base+01CADh
  dw 00663h,base+03964h
  dw 0181Dh,base+0152Dh
  dw 00863h,base+035AAh
  dw 0181Dh,base+01545h
  dw 00863h,base+035B2h
  dw 0181Dh,base+0155Dh
  dw 00863h,base+035BAh
  dw 0181Dh,base+01575h
  dw 00762h,base+0373Ah
  dw 01A1Eh,base+00F75h
  dw 00662h,base+014F6h
  dw 01A1Fh,base+00F8Fh
  dw 00261h,base+00027h
  dw 01A80h,base+00FA9h
  dw 01A80h,base+00FC3h
  dw 01C80h,base+00C0Bh
  dw 01D20h,base+00A9Dh
  dw 00161h,base+00027h
  dw 01C1Fh,base+00C27h
  dw 00561h,base+03C1Dh
  dw 01D1Eh,base+00ABAh
  dw 00662h,base+0396Ah
  dw 02480h,base+0038Ah
  dw 0247Bh,base+003AEh
  dw 00204h,base+00027h
  dw 0257Bh,base+002B1h
  dw 02A80h,base+00107h
  dw 00D11h,base+0313Ah
  dw 00405h,base+0011Bh
  dw 0146Ah,base+020B1h
  dw 00D13h,base+03147h
  dw 00104h,base+00012h
  dw 01269h,base+0259Ah
  dw 00C1Ah,base+03280h
  dw 00F66h,base+02C65h
  dw 00B1Ah,base+03374h
  dw 0090Ch,base+034C1h
  dw 0035Bh,base+000DCh
  dw 0091Ah,base+034CAh
  dw 00766h,base+03741h
  dw 0081Eh,base+035C2h
  dw 00200h,base+00027h

ehondaPage2frame016:
  db 038h,061h,05Ch,026h
  db 072h
  db 05Bh,030h,023h,055h,03Ch
  db 000h,000h
  db 000h,000h
  dw 00180h,base+00012h
  dw 0017Eh,base+00010h
  dw 0047Fh,base+001A2h
  dw 00581h,base+03C22h
  dw 0057Fh,base+03C27h
  dw 00680h,base+03970h
  dw 00680h,base+03976h
  dw 00680h,base+0397Ch
  dw 00580h,base+03C2Ch
  dw 00780h,base+03748h
  dw 00880h,base+035CAh
  dw 0097Eh,base+034D3h
  dw 00C7Fh,base+0328Ch
  dw 00E80h,base+02F15h
  dw 00E80h,base+02F23h
  dw 00E7Bh,base+02F31h
  dw 00102h,base+00027h
  dw 0117Eh,base+0285Eh
  dw 01380h,base+0238Bh
  dw 01480h,base+020C5h
  dw 01480h,base+020D9h
  dw 01480h,base+020EDh
  dw 01580h,base+01CC2h
  dw 01580h,base+01CD7h
  dw 01580h,base+01CECh
  dw 01580h,base+01D01h
  dw 01580h,base+01D16h
  dw 01681h,base+01A60h
  dw 01580h,base+01D2Bh
  dw 01583h,base+01D40h
  dw 01281h,base+025ACh
  dw 01180h,base+0286Fh
  dw 01181h,base+02880h
  dw 01080h,base+02A35h
  dw 01081h,base+02A45h
  dw 01080h,base+02A55h
  dw 01182h,base+02891h
  dw 00F80h,base+02C74h
  dw 01080h,base+02A65h
  dw 01080h,base+02A75h
  dw 01180h,base+028A2h
  dw 01180h,base+028B3h
  dw 01180h,base+028C4h
  dw 01280h,base+025BEh
  dw 01280h,base+025D0h
  dw 01280h,base+025E2h
  dw 0127Fh,base+025F4h
  dw 01480h,base+02101h
  dw 01480h,base+02115h
  dw 0147Fh,base+02129h
  dw 01480h,base+0213Dh
  dw 01280h,base+02606h
  dw 01280h,base+02618h
  dw 01280h,base+0262Ah
  dw 01280h,base+0263Ch
  dw 0127Fh,base+0264Eh
  dw 01380h,base+0239Eh
  dw 01380h,base+023B1h
  dw 01380h,base+023C4h
  dw 01380h,base+023D7h
  dw 00809h,base+035D2h
  dw 00A77h,base+03415h
  dw 0080Ah,base+035DAh
  dw 00976h,base+034DCh
  dw 0070Ah,base+0374Fh
  dw 00976h,base+034E5h
  dw 0070Ah,base+03756h
  dw 00976h,base+034EEh
  dw 0060Ah,base+03982h
  dw 00976h,base+034F7h
  dw 0060Ah,base+03988h
  dw 00976h,base+03500h
  dw 0060Ah,base+0398Eh
  dw 00976h,base+03509h
  dw 0060Ah,base+03994h
  dw 00607h,base+0399Ah
  dw 00270h,base+0011Bh
  dw 00609h,base+039A0h
  dw 00608h,base+039A6h
  dw 0016Fh,base+00012h
  dw 00609h,base+039A0h
  dw 00608h,base+039ACh
  dw 0016Fh,base+00012h
  dw 00609h,base+039B2h
  dw 00777h,base+0375Dh
  dw 0060Ah,base+039B8h
  dw 00676h,base+039BEh
  dw 0060Ah,base+039C4h
  dw 00676h,base+039CAh
  dw 0050Ah,base+03C31h
  dw 00677h,base+039D0h
  dw 00409h,base+03D49h
  dw 00677h,base+039D0h
  dw 00409h,base+03D4Dh
  dw 00677h,base+039D6h
  dw 00409h,base+03BC5h
  dw 00677h,base+039DCh
  dw 00409h,base+00BEFh
  dw 00678h,base+039E2h
  dw 00308h,base+00D4Dh
  dw 00678h,base+039E8h
  dw 00309h,base+00277h
  dw 00477h,base+03D51h
  dw 00309h,base+00277h
  dw 00477h,base+03D55h
  dw 0030Ah,base+03DC9h
  dw 00375h,base+0026Bh
  dw 0040Bh,base+03D59h
  dw 00375h,base+03DCCh
  dw 0050Bh,base+03C36h
  dw 00474h,base+03D5Dh
  dw 0060Ch,base+039EEh
  dw 00473h,base+03D61h
  dw 0070Dh,base+03764h
  dw 00472h,base+03D65h
  dw 0080Eh,base+035E2h
  dw 00472h,base+03D65h
  dw 0070Eh,base+0376Bh
  dw 00473h,base+03D69h
  dw 0060Dh,base+039F4h
  dw 00474h,base+03D6Dh
  dw 0020Ch,base+00027h
  dw 00480h,base+03D51h
  dw 00580h,base+03AE2h
  dw 0057Fh,base+01252h
  dw 00680h,base+039FAh
  dw 00680h,base+03A00h
  dw 00580h,base+03C3Bh
  dw 00580h,base+03C40h
  dw 00480h,base+03D71h
  dw 00400h,base+000DCh


