  dw dhalsimPage1frame000
  dw dhalsimPage1frame001
  dw dhalsimPage1frame002
  dw dhalsimPage1frame003
  dw dhalsimPage1frame004
  dw dhalsimPage1frame005
  dw dhalsimPage1frame006
  dw dhalsimPage1frame007
  dw dhalsimPage1frame008
  dw dhalsimPage1frame009
  dw dhalsimPage1frame010
  dw dhalsimPage1frame011
  dw dhalsimPage1frame012
  dw dhalsimPage1frame013
  dw dhalsimPage1frame014
  dw dhalsimPage1frame015
  dw dhalsimPage1frame016
  dw dhalsimPage1frame017
  dw dhalsimPage1frame018
  dw dhalsimPage1frame019
  dw dhalsimPage1frame020
  dw dhalsimPage1frame021
  dw dhalsimPage1frame022
  dw dhalsimPage1frame023
  dw dhalsimPage1frame024
  dw dhalsimPage1frame025

dhalsimPage1frame000:
  db 02Ah,055h,066h,02Fh
  db 07Ch
  db 06Fh,022h,037h,071h,022h
  db 000h,000h
  db 000h,000h
  dw 00380h,base+032C1h
  dw 00480h,base+01D24h
  dw 00480h,base+03895h
  dw 00480h,base+03899h
  dw 0047Eh,base+0389Dh
  dw 0067Fh,base+0316Ah
  dw 00780h,base+02E5Ah
  dw 00780h,base+02E61h
  dw 00405h,base+038A1h
  dw 0037Ah,base+00129h
  dw 00506h,base+034D0h
  dw 0037Ah,base+00027h
  dw 00980h,base+02753h
  dw 00A81h,base+022D5h
  dw 0097Fh,base+0275Ch
  dw 00B80h,base+01FBDh
  dw 00B81h,base+01FC8h
  dw 00A7Fh,base+022DFh
  dw 00C80h,base+01CE1h
  dw 00C80h,base+01CEDh
  dw 00C80h,base+01CF9h
  dw 00C80h,base+01D05h
  dw 00C80h,base+01D11h
  dw 00C80h,base+01D1Dh
  dw 00B80h,base+01FD3h
  dw 00B79h,base+01FDEh
  dw 00102h,base+00000h
  dw 00105h,base+00002h
  dw 00A79h,base+022E9h
  dw 00308h,base+00582h
  dw 00879h,base+02BCAh
  dw 00206h,base+00032h
  dw 00979h,base+02765h
  dw 00407h,base+038A5h
  dw 0097Ah,base+0276Eh
  dw 00406h,base+038A9h
  dw 00979h,base+02777h
  dw 00506h,base+034D5h
  dw 00A7Ah,base+022F3h
  dw 01181h,base+00C80h
  dw 01080h,base+00F17h
  dw 01081h,base+00F27h
  dw 00E80h,base+01501h
  dw 00708h,base+02E68h
  dw 00678h,base+03170h
  dw 00609h,base+03176h
  dw 00577h,base+034DAh
  dw 00609h,base+0317Ch
  dw 00578h,base+034DFh
  dw 00102h,base+00001h
  dw 00206h,base+00026h
  dw 0067Ah,base+03182h
  dw 00205h,base+00027h
  dw 00780h,base+02E6Fh
  dw 00780h,base+02E76h
  dw 0087Fh,base+02BD2h
  dw 00980h,base+02780h
  dw 0097Fh,base+02789h
  dw 00A80h,base+022FDh
  dw 00A80h,base+02307h
  dw 00A80h,base+02311h
  dw 00A80h,base+0231Bh
  dw 00A80h,base+02325h
  dw 00A80h,base+0232Fh
  dw 0097Fh,base+02792h
  dw 00A80h,base+02339h
  dw 00A80h,base+02343h
  dw 00980h,base+0279Bh
  dw 00980h,base+027A4h
  dw 0097Fh,base+027ADh
  dw 00506h,base+034E4h
  dw 0047Ah,base+038ADh
  dw 00406h,base+01CADh
  dw 0047Ah,base+038B1h
  dw 00406h,base+0189Fh
  dw 0037Ah,base+01418h
  dw 00406h,base+038B5h
  dw 0037Ah,base+03BEDh
  dw 00981h,base+027B6h
  dw 00880h,base+02BDAh
  dw 00980h,base+027BFh
  dw 00981h,base+027C8h
  dw 00980h,base+027D1h
  dw 00980h,base+027DAh
  dw 00304h,base+002DBh
  dw 0057Ch,base+034E9h
  dw 00305h,base+00030h
  dw 0047Bh,base+038B9h
  dw 00305h,base+00031h
  dw 0057Bh,base+034EEh
  dw 00306h,base+0005Dh
  dw 0047Ah,base+038BDh
  dw 00307h,base+0231Ch
  dw 00379h,base+01A88h
  dw 00307h,base+0005Dh
  dw 00379h,base+03BF0h
  dw 00308h,base+0231Ch
  dw 00279h,base+0151Ah
  dw 00207h,base+00027h
  dw 00379h,base+03BF3h
  dw 00208h,base+00339h
  dw 00278h,base+00FA3h
  dw 00208h,base+00027h
  dw 00278h,base+003B1h
  dw 00208h,base+00673h
  dw 00378h,base+03BF6h
  dw 00208h,base+00027h
  dw 00377h,base+0009Dh
  dw 0030Ah,base+0002Fh
  dw 00375h,base+02E5Eh
  dw 0040Ah,base+0056Eh
  dw 00475h,base+038C1h
  dw 0050Bh,base+034F3h
  dw 00474h,base+038C5h
  dw 0060Bh,base+03188h
  dw 00575h,base+034F8h
  dw 0060Bh,base+0318Eh
  dw 00475h,base+038C9h
  dw 0060Ah,base+03194h
  dw 00576h,base+034FDh
  dw 00104h,base+00001h
  dw 00105h,base+00001h
  dw 00581h,base+03502h
  dw 00400h,base+01B6Eh

dhalsimPage1frame001:
  db 026h,054h,06Ah,030h
  db 084h
  db 06Fh,022h,036h,071h,022h
  db 000h,000h
  db 000h,000h
  dw 00380h,base+032AFh
  dw 00380h,base+027D0h
  dw 00481h,base+0056Fh
  dw 00380h,base+000FCh
  dw 00379h,base+03BF9h
  dw 00206h,base+00023h
  dw 00479h,base+038CDh
  dw 00307h,base+02E5Ah
  dw 00479h,base+038D1h
  dw 00408h,base+02E61h
  dw 00378h,base+02124h
  dw 00408h,base+038D5h
  dw 00477h,base+03021h
  dw 00509h,base+034D0h
  dw 00477h,base+038D9h
  dw 00509h,base+02753h
  dw 00477h,base+038DDh
  dw 00608h,base+0319Ah
  dw 00479h,base+038E1h
  dw 00507h,base+0275Ch
  dw 00578h,base+03507h
  dw 00D80h,base+01A09h
  dw 00D7Dh,base+01A16h
  dw 00104h,base+0002Dh
  dw 00C7Ch,base+01D29h
  dw 00103h,base+0002Dh
  dw 00E7Ch,base+0150Fh
  dw 00204h,base+00426h
  dw 00E7Bh,base+0151Dh
  dw 00305h,base+0294Dh
  dw 00E7Bh,base+0152Bh
  dw 00305h,base+00023h
  dw 00E7Ch,base+01539h
  dw 00204h,base+00E4Ah
  dw 00E7Bh,base+01547h
  dw 00405h,base+038E5h
  dw 00E7Bh,base+01555h
  dw 00405h,base+038E9h
  dw 00E7Bh,base+01563h
  dw 00E0Fh,base+01571h
  dw 00472h,base+038EDh
  dw 00D0Fh,base+01A23h
  dw 00271h,base+00027h
  dw 00405h,base+03651h
  dw 0087Bh,base+02BE2h
  dw 00D80h,base+01A30h
  dw 00D80h,base+01A3Dh
  dw 00D81h,base+01A4Ah
  dw 00C80h,base+01D35h
  dw 00D81h,base+01A57h
  dw 00C80h,base+01D41h
  dw 00C80h,base+01D4Dh
  dw 00B80h,base+01FE9h
  dw 00405h,base+038F1h
  dw 0067Ch,base+03170h
  dw 00205h,base+00001h
  dw 0057Bh,base+034DAh
  dw 00205h,base+00027h
  dw 00580h,base+034DFh
  dw 0067Fh,base+03182h
  dw 00780h,base+02E6Fh
  dw 00780h,base+02E76h
  dw 0087Fh,base+02BD2h
  dw 00980h,base+02780h
  dw 0097Fh,base+02789h
  dw 00A80h,base+022FDh
  dw 00A80h,base+02307h
  dw 00A80h,base+02311h
  dw 00A80h,base+0231Bh
  dw 00A80h,base+0234Dh
  dw 00A80h,base+0232Fh
  dw 0097Fh,base+02792h
  dw 00A80h,base+02339h
  dw 00A80h,base+02357h
  dw 00980h,base+027E3h
  dw 0097Fh,base+027A4h
  dw 00A80h,base+02361h
  dw 00506h,base+0350Ch
  dw 0047Ah,base+038F5h
  dw 00405h,base+0049Ah
  dw 0047Bh,base+01789h
  dw 00405h,base+02A54h
  dw 0047Bh,base+038F9h
  dw 00305h,base+006F0h
  dw 0047Bh,base+038FDh
  dw 00405h,base+019F9h
  dw 0037Bh,base+03BFCh
  dw 00881h,base+02BEAh
  dw 00880h,base+02BF2h
  dw 00980h,base+027ECh
  dw 00980h,base+027F5h
  dw 00A80h,base+0236Bh
  dw 00A81h,base+02375h
  dw 00305h,base+00069h
  dw 0047Bh,base+03901h
  dw 00305h,base+0009Ch
  dw 0057Bh,base+03511h
  dw 00306h,base+01A30h
  dw 0047Ah,base+03905h
  dw 00307h,base+00C30h
  dw 00379h,base+02F6Eh
  dw 00307h,base+01A30h
  dw 00379h,base+03314h
  dw 00308h,base+02563h
  dw 00379h,base+01A7Bh
  dw 00207h,base+00005h
  dw 00379h,base+01A88h
  dw 00208h,base+00673h
  dw 00278h,base+03CD7h
  dw 00208h,base+00095h
  dw 00377h,base+03BF6h
  dw 00309h,base+0021Ah
  dw 00377h,base+0009Dh
  dw 00309h,base+003F7h
  dw 00376h,base+00360h
  dw 0040Ah,base+03909h
  dw 00375h,base+013F4h
  dw 0050Bh,base+03516h
  dw 00374h,base+013A9h
  dw 0060Bh,base+031A0h
  dw 00475h,base+0390Dh
  dw 0060Bh,base+031A6h
  dw 00475h,base+03911h
  dw 0050Ah,base+0032Fh
  dw 00576h,base+034FDh
  dw 00109h,base+00001h
  dw 00581h,base+03502h
  dw 00400h,base+01B6Eh

dhalsimPage1frame002:
  db 02Ch,04Fh,062h,035h
  db 082h
  db 06Fh,022h,031h,070h,023h
  db 000h,000h
  db 000h,000h
  dw 0017Ah,base+00000h
  dw 00206h,base+00096h
  dw 0027Ah,base+01124h
  dw 00305h,base+02ECAh
  dw 0037Ah,base+03BFFh
  dw 00406h,base+02C8Ah
  dw 0037Ah,base+027D0h
  dw 00406h,base+028FAh
  dw 0047Ah,base+009E3h
  dw 00507h,base+02903h
  dw 00379h,base+00322h
  dw 00506h,base+0290Ch
  dw 0047Ah,base+00693h
  dw 00A80h,base+0237Fh
  dw 00A80h,base+02389h
  dw 00607h,base+031ACh
  dw 00371h,base+03C02h
  dw 00102h,base+00000h
  dw 00106h,base+00000h
  dw 00A78h,base+02393h
  dw 00102h,base+00000h
  dw 00106h,base+00000h
  dw 00A77h,base+0239Dh
  dw 00309h,base+027D0h
  dw 00B77h,base+01FF4h
  dw 00308h,base+00A74h
  dw 00C79h,base+01D59h
  dw 00207h,base+00004h
  dw 00C79h,base+01D65h
  dw 00207h,base+00EB7h
  dw 00C78h,base+01D71h
  dw 00408h,base+03915h
  dw 00D78h,base+01A64h
  dw 00408h,base+03919h
  dw 00D78h,base+01A71h
  dw 00408h,base+0391Dh
  dw 00D79h,base+01A7Eh
  dw 00407h,base+03921h
  dw 00D79h,base+01A8Bh
  dw 00407h,base+03925h
  dw 00D79h,base+01A98h
  dw 00506h,base+02606h
  dw 00E7Ah,base+0157Fh
  dw 00506h,base+0351Bh
  dw 00A0Ch,base+023A7h
  dw 0026Eh,base+0031Ah
  dw 01012h,base+00F37h
  dw 0026Eh,base+00027h
  dw 01081h,base+00F47h
  dw 01080h,base+00F57h
  dw 00809h,base+02BFAh
  dw 00779h,base+02E7Dh
  dw 00607h,base+031B2h
  dw 0077Ah,base+02E84h
  dw 00406h,base+00723h
  dw 0077Ah,base+01AABh
  dw 00406h,base+00A8Dh
  dw 0077Bh,base+02E8Bh
  dw 00206h,base+00096h
  dw 0057Bh,base+03520h
  dw 00106h,base+00026h
  dw 0047Fh,base+01CABh
  dw 00680h,base+031B8h
  dw 00680h,base+031BEh
  dw 00780h,base+02E92h
  dw 0077Fh,base+02E99h
  dw 00880h,base+02C02h
  dw 0087Fh,base+02C0Ah
  dw 00980h,base+027FEh
  dw 0097Fh,base+02807h
  dw 00A80h,base+023B1h
  dw 00A81h,base+023BBh
  dw 00980h,base+02810h
  dw 0097Fh,base+02819h
  dw 00A80h,base+023C5h
  dw 00A80h,base+023CFh
  dw 00A7Fh,base+023D9h
  dw 00A80h,base+023E3h
  dw 00A80h,base+023EDh
  dw 00A80h,base+023F7h
  dw 00A7Fh,base+02401h
  dw 00506h,base+02618h
  dw 0047Ah,base+03929h
  dw 00406h,base+0392Dh
  dw 0047Ah,base+03931h
  dw 00406h,base+02A54h
  dw 0047Ah,base+03935h
  dw 00406h,base+001BDh
  dw 0037Ah,base+01821h
  dw 00506h,base+03525h
  dw 0037Bh,base+03615h
  dw 00980h,base+02822h
  dw 00A80h,base+0240Bh
  dw 00A81h,base+02415h
  dw 00A80h,base+0241Fh
  dw 00A80h,base+02429h
  dw 00405h,base+00DC7h
  dw 0057Bh,base+0352Ah
  dw 00406h,base+02463h
  dw 0057Bh,base+0352Fh
  dw 00306h,base+03C05h
  dw 0047Ah,base+03939h
  dw 00307h,base+01CD2h
  dw 00379h,base+03C08h
  dw 00207h,base+01D4Dh
  dw 00379h,base+018DEh
  dw 00208h,base+002F7h
  dw 00378h,base+03C0Bh
  dw 00209h,base+00853h
  dw 00277h,base+03CD7h
  dw 00209h,base+002F7h
  dw 00377h,base+03BF6h
  dw 00309h,base+004CDh
  dw 00377h,base+0026Bh
  dw 00309h,base+0026Bh
  dw 00377h,base+01167h
  dw 00309h,base+00322h
  dw 00376h,base+00360h
  dw 0040Ah,base+027D9h
  dw 00375h,base+013A9h
  dw 0050Bh,base+03534h
  dw 00374h,base+03C0Eh
  dw 0060Bh,base+031C4h
  dw 00475h,base+0393Dh
  dw 0050Bh,base+03539h
  dw 00475h,base+03941h
  dw 0040Ah,base+0021Dh
  dw 00476h,base+034FDh
  dw 00102h,base+00001h
  dw 00107h,base+00001h
  dw 00581h,base+03502h
  dw 00400h,base+01B6Eh

dhalsimPage1frame003:
  db 032h,053h,068h,031h
  db 07Ah
  db 06Fh,022h,037h,06Eh,022h
  db 000h,000h
  db 000h,000h
  dw 00181h,base+00000h
  dw 0017Eh,base+00030h
  dw 00481h,base+036B0h
  dw 00380h,base+00DB1h
  dw 00380h,base+011FCh
  dw 0037Fh,base+00081h
  dw 00480h,base+03945h
  dw 0047Fh,base+03949h
  dw 00580h,base+0353Eh
  dw 00580h,base+03543h
  dw 00680h,base+031CAh
  dw 00680h,base+031D0h
  dw 00680h,base+031D6h
  dw 00680h,base+031DCh
  dw 00880h,base+02C12h
  dw 00980h,base+0282Bh
  dw 00980h,base+02834h
  dw 00980h,base+0283Dh
  dw 00981h,base+02846h
  dw 0087Bh,base+02C1Ah
  dw 00104h,base+0002Dh
  dw 00980h,base+0284Fh
  dw 00980h,base+02858h
  dw 0097Bh,base+02861h
  dw 00205h,base+00695h
  dw 0097Ch,base+0286Ah
  dw 00204h,base+0009Dh
  dw 0097Bh,base+02873h
  dw 00305h,base+03C11h
  dw 0097Bh,base+0287Ch
  dw 00405h,base+0394Dh
  dw 0097Bh,base+02885h
  dw 00406h,base+03951h
  dw 0077Ah,base+02EA0h
  dw 00506h,base+03548h
  dw 0077Bh,base+02EA7h
  dw 00405h,base+03955h
  dw 0077Ch,base+02EAEh
  dw 00B80h,base+01FFFh
  dw 00B80h,base+0200Ah
  dw 00C80h,base+01D7Dh
  dw 00C80h,base+01D89h
  dw 00B81h,base+02015h
  dw 00A80h,base+02433h
  dw 00102h,base+00001h
  dw 00880h,base+02C22h
  dw 00981h,base+0288Eh
  dw 00881h,base+02C2Ah
  dw 00780h,base+02EB5h
  dw 00880h,base+02C32h
  dw 0087Fh,base+02C3Ah
  dw 0097Fh,base+02897h
  dw 00A80h,base+0243Dh
  dw 00A80h,base+02447h
  dw 00B80h,base+02020h
  dw 00B80h,base+0202Bh
  dw 00B7Fh,base+02036h
  dw 00C80h,base+01D95h
  dw 00B80h,base+02041h
  dw 00B7Fh,base+0204Ch
  dw 00B80h,base+02057h
  dw 00508h,base+0354Dh
  dw 00378h,base+00035h
  dw 00408h,base+0241Fh
  dw 00377h,base+00035h
  dw 00509h,base+03552h
  dw 00377h,base+00035h
  dw 00409h,base+0248Eh
  dw 00377h,base+03C14h
  dw 00309h,base+0014Eh
  dw 00377h,base+03262h
  dw 00309h,base+007B0h
  dw 00377h,base+03C17h
  dw 00309h,base+03B16h
  dw 00377h,base+03C17h
  dw 00309h,base+002E5h
  dw 00477h,base+03959h
  dw 00309h,base+00A34h
  dw 00577h,base+03557h
  dw 00309h,base+03C1Ah
  dw 00577h,base+0355Ch
  dw 0030Ah,base+02F52h
  dw 00576h,base+03561h
  dw 0030Ah,base+03C1Dh
  dw 00576h,base+03566h
  dw 0030Ah,base+0069Ah
  dw 00676h,base+031E2h
  dw 0030Ah,base+002DBh
  dw 00676h,base+031E8h
  dw 0030Bh,base+00438h
  dw 00575h,base+0356Bh
  dw 0030Ch,base+00211h
  dw 00574h,base+0352Fh
  dw 0030Dh,base+00211h
  dw 00473h,base+0395Dh
  dw 0020Eh,base+01CF5h
  dw 00572h,base+03570h
  dw 0020Fh,base+00027h
  dw 00571h,base+03575h
  dw 0020Fh,base+013FFh
  dw 00571h,base+0357Ah
  dw 00210h,base+00027h
  dw 00470h,base+03961h
  dw 00210h,base+017A3h
  dw 00470h,base+03965h
  dw 00111h,base+00001h
  dw 0036Fh,base+03966h
  dw 00211h,base+03126h
  dw 0036Eh,base+032AFh
  dw 00312h,base+001B5h
  dw 0036Dh,base+032AFh
  dw 00413h,base+0056Eh
  dw 0036Ch,base+00984h
  dw 00515h,base+0357Fh
  dw 0036Ah,base+00AD6h
  dw 00616h,base+031EEh
  dw 0036Ah,base+00A2Fh
  dw 00615h,base+031F4h
  dw 0046Ch,base+006DFh
  dw 00103h,base+00001h
  dw 00110h,base+00001h
  dw 00581h,base+03584h
  dw 00300h,base+00484h

dhalsimPage1frame004:
  db 02Ah,056h,068h,02Eh
  db 07Eh
  db 070h,022h,037h,06Fh,022h
  db 000h,000h
  db 000h,000h
  dw 00281h,base+005BCh
  dw 0017Eh,base+00030h
  dw 00102h,base+00000h
  dw 0017Eh,base+00030h
  dw 00381h,base+00030h
  dw 0037Fh,base+00008h
  dw 00480h,base+00660h
  dw 0047Eh,base+03969h
  dw 00680h,base+031FAh
  dw 0067Fh,base+03200h
  dw 00880h,base+02C42h
  dw 00880h,base+02C4Ah
  dw 00880h,base+02C52h
  dw 00880h,base+02C5Ah
  dw 00880h,base+02C62h
  dw 00880h,base+02C6Ah
  dw 00880h,base+02C72h
  dw 00980h,base+028A0h
  dw 00980h,base+028A9h
  dw 00980h,base+028B2h
  dw 0097Fh,base+028BBh
  dw 00B80h,base+02062h
  dw 00B80h,base+0206Dh
  dw 00B80h,base+02078h
  dw 00B7Ah,base+02083h
  dw 00102h,base+00000h
  dw 00104h,base+00002h
  dw 00B7Ah,base+0208Eh
  dw 00306h,base+00582h
  dw 00B7Bh,base+02099h
  dw 00205h,base+00032h
  dw 00B7Ah,base+020A4h
  dw 00407h,base+038A5h
  dw 00A7Ah,base+02451h
  dw 00406h,base+0396Dh
  dw 00A79h,base+0245Bh
  dw 00507h,base+034D5h
  dw 00979h,base+028C4h
  dw 00607h,base+03206h
  dw 0097Ah,base+028CDh
  dw 00E80h,base+0158Dh
  dw 00F81h,base+011D7h
  dw 00E81h,base+0159Bh
  dw 00D80h,base+01AA5h
  dw 00D80h,base+01AB2h
  dw 00507h,base+03589h
  dw 0057Ah,base+0358Eh
  dw 00407h,base+002F7h
  dw 0047Ah,base+01CABh
  dw 00305h,base+00213h
  dw 0067Ch,base+0320Ch
  dw 00104h,base+00001h
  dw 00680h,base+03212h
  dw 00780h,base+02EBCh
  dw 0077Fh,base+02EC3h
  dw 00880h,base+02C7Ah
  dw 0087Fh,base+02C82h
  dw 00980h,base+028D6h
  dw 0097Fh,base+028DFh
  dw 00A80h,base+02465h
  dw 00A81h,base+0246Fh
  dw 00980h,base+028E8h
  dw 0097Fh,base+02819h
  dw 00A80h,base+02479h
  dw 00A80h,base+02483h
  dw 0097Fh,base+028F1h
  dw 00A80h,base+0248Dh
  dw 00A80h,base+02497h
  dw 00406h,base+007C7h
  dw 0047Ah,base+03971h
  dw 00406h,base+00D7Fh
  dw 00379h,base+02407h
  dw 00407h,base+00233h
  dw 00379h,base+02407h
  dw 00407h,base+03975h
  dw 00379h,base+02AF3h
  dw 00306h,base+03C02h
  dw 0047Ah,base+03979h
  dw 00306h,base+021D0h
  dw 0047Ah,base+0397Dh
  dw 00306h,base+0049Ah
  dw 0037Ah,base+03BFCh
  dw 00406h,base+03981h
  dw 0037Ah,base+03C20h
  dw 00406h,base+03985h
  dw 0047Bh,base+02053h
  dw 00305h,base+03C23h
  dw 0057Bh,base+03593h
  dw 00305h,base+03C26h
  dw 0067Bh,base+03218h
  dw 00305h,base+00499h
  dw 0067Bh,base+0321Eh
  dw 00306h,base+011C8h
  dw 0067Ah,base+03224h
  dw 00307h,base+004D2h
  dw 00579h,base+03598h
  dw 00308h,base+0005Dh
  dw 00478h,base+03989h
  dw 00308h,base+0231Ch
  dw 00478h,base+0398Dh
  dw 00309h,base+0005Dh
  dw 00477h,base+03991h
  dw 0030Ah,base+0231Ch
  dw 00377h,base+03575h
  dw 00209h,base+00027h
  dw 00377h,base+005A5h
  dw 0020Ah,base+00339h
  dw 00376h,base+03C29h
  dw 0020Ah,base+00027h
  dw 00376h,base+03C2Ch
  dw 0020Bh,base+00673h
  dw 00375h,base+02ED4h
  dw 0020Bh,base+00027h
  dw 00374h,base+003F6h
  dw 0030Ch,base+0002Fh
  dw 00373h,base+007F1h
  dw 0040Dh,base+0056Eh
  dw 00372h,base+00D5Ah
  dw 0050Eh,base+034F3h
  dw 00371h,base+03C2Fh
  dw 0060Eh,base+03188h
  dw 00372h,base+03C32h
  dw 0060Eh,base+0318Eh
  dw 00372h,base+003ABh
  dw 0060Dh,base+03194h
  dw 00473h,base+01166h
  dw 00104h,base+00001h
  dw 00109h,base+00001h
  dw 00480h,base+03995h
  dw 00400h,base+016F0h

dhalsimPage1frame005:
  db 026h,057h,066h,02Dh
  db 082h
  db 073h,022h,036h,076h,022h
  db 000h,000h
  db 000h,000h
  dw 0017Fh,base+00030h
  dw 00280h,base+00121h
  dw 0027Fh,base+00030h
  dw 00481h,base+002DCh
  dw 0037Fh,base+00322h
  dw 0047Dh,base+03999h
  dw 00203h,base+00096h
  dw 0047Dh,base+0399Dh
  dw 0077Fh,base+02ECAh
  dw 00880h,base+02C8Ah
  dw 00980h,base+028FAh
  dw 00980h,base+02903h
  dw 00980h,base+0290Ch
  dw 00980h,base+02915h
  dw 00980h,base+0291Eh
  dw 00980h,base+02927h
  dw 00A80h,base+024A1h
  dw 00A80h,base+024ABh
  dw 00B80h,base+020AFh
  dw 00B80h,base+020BAh
  dw 00B7Fh,base+020C5h
  dw 00C80h,base+01DA1h
  dw 00C80h,base+01DADh
  dw 00C80h,base+01DB9h
  dw 00C7Bh,base+01DC5h
  dw 00105h,base+00000h
  dw 00C79h,base+01DD1h
  dw 00307h,base+00009h
  dw 00B79h,base+020D0h
  dw 00307h,base+0000Ah
  dw 00A7Ah,base+024B5h
  dw 00206h,base+00004h
  dw 00A79h,base+024BFh
  dw 00407h,base+039A1h
  dw 00A7Ah,base+024C9h
  dw 00305h,base+01AC4h
  dw 00B7Bh,base+020DBh
  dw 00405h,base+00661h
  dw 00A7Bh,base+024D3h
  dw 00405h,base+039A5h
  dw 00B7Ch,base+020E6h
  dw 00809h,base+02C92h
  dw 00677h,base+0322Ah
  dw 00709h,base+02ED1h
  dw 00677h,base+03230h
  dw 00708h,base+02ED8h
  dw 00778h,base+02EDFh
  dw 00709h,base+02EE6h
  dw 00577h,base+0359Dh
  dw 00709h,base+02EEDh
  dw 00578h,base+035A2h
  dw 00508h,base+035A7h
  dw 00678h,base+03236h
  dw 00508h,base+01FE8h
  dw 0067Ah,base+0323Ch
  dw 00306h,base+00614h
  dw 0067Bh,base+03242h
  dw 00105h,base+00001h
  dw 00680h,base+03248h
  dw 0077Fh,base+02EF4h
  dw 00880h,base+02C9Ah
  dw 00880h,base+02CA2h
  dw 00880h,base+02CAAh
  dw 0087Fh,base+02CB2h
  dw 00980h,base+02930h
  dw 00981h,base+02939h
  dw 00780h,base+02EFBh
  dw 00780h,base+02F02h
  dw 00780h,base+02F09h
  dw 00780h,base+02F10h
  dw 00780h,base+02F17h
  dw 00680h,base+0324Eh
  dw 0057Fh,base+035ACh
  dw 00680h,base+03254h
  dw 00680h,base+0325Ah
  dw 00680h,base+03260h
  dw 00580h,base+035B1h
  dw 00580h,base+035B6h
  dw 00480h,base+039A9h
  dw 00580h,base+035BBh
  dw 00580h,base+035C0h
  dw 00680h,base+03266h
  dw 00681h,base+0326Ch
  dw 00580h,base+035C5h
  dw 00580h,base+035CAh
  dw 00580h,base+035CFh
  dw 00581h,base+035D4h
  dw 00480h,base+039ADh
  dw 00480h,base+039B1h
  dw 00480h,base+00F22h
  dw 00481h,base+014B0h
  dw 00380h,base+03C35h
  dw 00480h,base+018EAh
  dw 00480h,base+039B5h
  dw 00480h,base+01FE8h
  dw 00480h,base+039B9h
  dw 00480h,base+014B0h
  dw 00480h,base+039BDh
  dw 0047Fh,base+002AAh
  dw 0057Fh,base+035D9h
  dw 0077Eh,base+02F1Eh
  dw 00980h,base+02942h
  dw 00980h,base+0294Bh
  dw 00984h,base+02954h
  dw 00500h,base+00DE5h

dhalsimPage1frame006:
  db 028h,055h,064h,02Fh
  db 080h
  db 070h,022h,036h,072h,022h
  db 000h,000h
  db 000h,000h
  dw 0017Dh,base+00000h
  dw 00481h,base+0366Fh
  dw 00381h,base+0241Fh
  dw 00380h,base+00322h
  dw 0037Fh,base+0066Eh
  dw 0047Dh,base+03969h
  dw 00203h,base+00023h
  dw 0047Ch,base+039C1h
  dw 00304h,base+02E5Ah
  dw 0057Ch,base+035DEh
  dw 00405h,base+02E61h
  dw 0047Bh,base+00F3Dh
  dw 00406h,base+038D5h
  dw 00379h,base+0273Ah
  dw 00507h,base+034D0h
  dw 00379h,base+035EDh
  dw 00507h,base+02753h
  dw 00379h,base+02E68h
  dw 00607h,base+0319Ah
  dw 0047Ah,base+039C5h
  dw 00A7Fh,base+024DDh
  dw 00C80h,base+01DDDh
  dw 00C81h,base+01DE9h
  dw 00C7Fh,base+01DF5h
  dw 00D80h,base+01ABFh
  dw 00D7Fh,base+01ACCh
  dw 00E80h,base+015A9h
  dw 00E80h,base+015B7h
  dw 00D80h,base+01AD9h
  dw 00D7Ch,base+01AE6h
  dw 00105h,base+00000h
  dw 00A7Bh,base+024E7h
  dw 00105h,base+00030h
  dw 00A7Ch,base+024F1h
  dw 00104h,base+00002h
  dw 00A79h,base+024FBh
  dw 00407h,base+01604h
  dw 00A7Ah,base+02505h
  dw 00405h,base+039C9h
  dw 00B7Ah,base+020F1h
  dw 00506h,base+035E3h
  dw 00A7Bh,base+0250Fh
  dw 00F80h,base+011E6h
  dw 00809h,base+02CBAh
  dw 00677h,base+03272h
  dw 0080Ah,base+02CC2h
  dw 00677h,base+03278h
  dw 00709h,base+02F25h
  dw 00678h,base+018DBh
  dw 00507h,base+035E8h
  dw 00679h,base+0327Eh
  dw 00508h,base+035EDh
  dw 00578h,base+035F2h
  dw 00508h,base+035F7h
  dw 00478h,base+039CDh
  dw 00508h,base+035FCh
  dw 00478h,base+00687h
  dw 00408h,base+039D1h
  dw 00579h,base+03601h
  dw 00307h,base+00212h
  dw 0057Ah,base+03606h
  dw 00106h,base+00001h
  dw 00680h,base+03284h
  dw 0067Fh,base+0328Ah
  dw 00780h,base+02F2Ch
  dw 00780h,base+02F33h
  dw 00780h,base+02F3Ah
  dw 0077Fh,base+02F41h
  dw 00880h,base+02CCAh
  dw 00880h,base+02CD2h
  dw 00781h,base+02F48h
  dw 00680h,base+03290h
  dw 00680h,base+03296h
  dw 00405h,base+039D5h
  dw 0017Bh,base+00001h
  dw 00480h,base+02367h
  dw 0047Fh,base+038F5h
  dw 00480h,base+039D9h
  dw 00480h,base+039DDh
  dw 00480h,base+039E1h
  dw 0047Fh,base+0325Ch
  dw 00480h,base+039E5h
  dw 00580h,base+0360Bh
  dw 00580h,base+03610h
  dw 00580h,base+03615h
  dw 00580h,base+0361Ah
  dw 00681h,base+0329Ch
  dw 00680h,base+032A2h
  dw 00680h,base+032A8h
  dw 00780h,base+02F4Fh
  dw 00780h,base+02F56h
  dw 00780h,base+02F5Dh
  dw 00780h,base+02F64h
  dw 00304h,base+01140h
  dw 0047Ch,base+015A9h
  dw 00304h,base+03C38h
  dw 0047Ch,base+039E9h
  dw 00305h,base+0086Ah
  dw 0037Bh,base+03C3Bh
  dw 00205h,base+01E8Ah
  dw 0047Bh,base+039EDh
  dw 00206h,base+0086Ah
  dw 0047Ah,base+039F1h
  dw 00207h,base+00251h
  dw 00379h,base+01828h
  dw 00207h,base+0086Ah
  dw 00379h,base+008B3h
  dw 00207h,base+01ABDh
  dw 00379h,base+0034Bh
  dw 00207h,base+00027h
  dw 00378h,base+00155h
  dw 00308h,base+004D2h
  dw 00278h,base+00068h
  dw 00307h,base+002A5h
  dw 00378h,base+003F7h
  dw 00408h,base+039F5h
  dw 00377h,base+00322h
  dw 00508h,base+0361Fh
  dw 00478h,base+02602h
  dw 00508h,base+03624h
  dw 00478h,base+039F9h
  dw 00508h,base+03629h
  dw 00378h,base+00025h
  dw 00500h,base+0059Ah

dhalsimPage1frame007:
  db 02Eh,054h,06Ah,030h
  db 084h
  db 06Fh,022h,036h,071h,027h
  db 000h,000h
  db 000h,000h
  dw 0017Fh,base+00000h
  dw 00380h,base+002DDh
  dw 0047Fh,base+014B9h
  dw 00580h,base+0362Eh
  dw 00580h,base+03633h
  dw 00581h,base+02D11h
  dw 0047Bh,base+039FDh
  dw 00205h,base+00096h
  dw 0047Bh,base+03A01h
  dw 00305h,base+02ECAh
  dw 0057Ah,base+03638h
  dw 00406h,base+02C8Ah
  dw 0057Ah,base+0363Dh
  dw 00407h,base+028FAh
  dw 00479h,base+03A05h
  dw 00407h,base+02903h
  dw 00579h,base+03642h
  dw 00507h,base+0290Ch
  dw 00579h,base+03647h
  dw 00506h,base+0237Fh
  dw 0077Ah,base+02F6Bh
  dw 00E80h,base+015C5h
  dw 00E80h,base+015D3h
  dw 00E80h,base+015E1h
  dw 00F7Fh,base+011F5h
  dw 01080h,base+00F67h
  dw 01080h,base+00F77h
  dw 00F80h,base+01204h
  dw 00F80h,base+01213h
  dw 00B7Dh,base+020FCh
  dw 00103h,base+00000h
  dw 00B7Dh,base+02107h
  dw 00103h,base+00030h
  dw 00B7Ch,base+02112h
  dw 00104h,base+00002h
  dw 00B7Ch,base+0211Dh
  dw 00304h,base+003F8h
  dw 00B7Ch,base+02128h
  dw 00F80h,base+01222h
  dw 00E80h,base+015EFh
  dw 00E80h,base+015FDh
  dw 00607h,base+032AEh
  dw 00779h,base+02F72h
  dw 00608h,base+032B4h
  dw 00678h,base+032BAh
  dw 00608h,base+032C0h
  dw 00679h,base+032C6h
  dw 00507h,base+0364Ch
  dw 00679h,base+032CCh
  dw 00507h,base+03651h
  dw 00679h,base+032D2h
  dw 00508h,base+03656h
  dw 00478h,base+0107Fh
  dw 00508h,base+0365Bh
  dw 00578h,base+03660h
  dw 00507h,base+03665h
  dw 0067Ah,base+032D8h
  dw 00306h,base+00A2Bh
  dw 0067Ah,base+032DEh
  dw 00306h,base+00211h
  dw 00780h,base+02F79h
  dw 00780h,base+02F80h
  dw 00780h,base+02F87h
  dw 0077Fh,base+02F8Eh
  dw 00880h,base+02CDAh
  dw 00880h,base+02CE2h
  dw 00880h,base+02CEAh
  dw 00880h,base+02CF2h
  dw 00780h,base+02F95h
  dw 00780h,base+02F9Ch
  dw 00780h,base+02FA3h
  dw 0077Fh,base+02FAAh
  dw 00880h,base+02CFAh
  dw 0087Fh,base+02D02h
  dw 0097Fh,base+0295Dh
  dw 00A80h,base+02519h
  dw 00980h,base+02966h
  dw 00506h,base+02AC1h
  dw 0037Ah,base+03C3Eh
  dw 00406h,base+02BF6h
  dw 0047Ah,base+03A09h
  dw 00306h,base+03C20h
  dw 0047Ah,base+02488h
  dw 00306h,base+0122Eh
  dw 0057Ah,base+0366Ah
  dw 00307h,base+03C41h
  dw 00579h,base+0366Fh
  dw 00307h,base+03C44h
  dw 00579h,base+03674h
  dw 00307h,base+03C47h
  dw 00579h,base+03679h
  dw 00307h,base+03C4Ah
  dw 00678h,base+032E4h
  dw 00408h,base+03A0Dh
  dw 00678h,base+032EAh
  dw 00409h,base+03A11h
  dw 00577h,base+0367Eh
  dw 0040Ah,base+03A15h
  dw 00476h,base+002A5h
  dw 0040Ah,base+03A19h
  dw 00576h,base+03683h
  dw 0030Ch,base+00C69h
  dw 00474h,base+03A1Dh
  dw 0030Dh,base+03C4Dh
  dw 00473h,base+03A21h
  dw 0030Eh,base+00959h
  dw 00472h,base+03A25h
  dw 0030Fh,base+03C50h
  dw 00471h,base+03A29h
  dw 0020Fh,base+00025h
  dw 00471h,base+03A2Dh
  dw 00210h,base+03CD9h
  dw 0036Fh,base+009E6h
  dw 00311h,base+00212h
  dw 0036Fh,base+00AE2h
  dw 00311h,base+03C4Dh
  dw 0036Fh,base+00AE2h
  dw 00211h,base+00027h
  dw 0036Eh,base+002DDh
  dw 00312h,base+0000Ah
  dw 0036Eh,base+001B4h
  dw 00312h,base+02946h
  dw 0036Eh,base+00556h
  dw 00411h,base+0098Eh
  dw 0046Eh,base+03A31h
  dw 00511h,base+03688h
  dw 0056Eh,base+0368Dh
  dw 00612h,base+032F0h
  dw 0056Eh,base+03692h
  dw 00612h,base+032F6h
  dw 0046Eh,base+00301h
  dw 00500h,base+03697h

dhalsimPage1frame008:
  db 024h,038h,06Ah,04Ch
  db 072h
  db 06Ch,022h,01Eh,06Ch,023h
  db 000h,000h
  db 000h,000h
  dw 00280h,base+00096h
  dw 0037Fh,base+02ECAh
  dw 00480h,base+02C8Ah
  dw 00480h,base+03A35h
  dw 00480h,base+02903h
  dw 00508h,base+0369Ch
  dw 00278h,base+00096h
  dw 00508h,base+036A1h
  dw 00378h,base+03C53h
  dw 00507h,base+015C5h
  dw 00479h,base+03A39h
  dw 00607h,base+031ACh
  dw 00479h,base+03A3Dh
  dw 00B80h,base+02133h
  dw 00C80h,base+01E01h
  dw 00C80h,base+01E0Dh
  dw 00C81h,base+01E19h
  dw 00C7Fh,base+01E25h
  dw 00D80h,base+01AF3h
  dw 00D80h,base+01B00h
  dw 00E80h,base+0160Bh
  dw 00E80h,base+01619h
  dw 00F7Fh,base+01231h
  dw 01080h,base+00F87h
  dw 01080h,base+00F97h
  dw 00F80h,base+01240h
  dw 00F7Fh,base+0124Fh
  dw 00F80h,base+0125Eh
  dw 00E80h,base+01627h
  dw 00D80h,base+01B0Dh
  dw 00E80h,base+01635h
  dw 00E80h,base+01643h
  dw 00E80h,base+01651h
  dw 00F81h,base+0126Dh
  dw 00E7Fh,base+0165Fh
  dw 00F80h,base+0127Ch
  dw 00F7Fh,base+0128Bh
  dw 01080h,base+00FA7h
  dw 01080h,base+00FB7h
  dw 00F80h,base+0129Ah
  dw 00F81h,base+012A9h
  dw 00E80h,base+0166Dh
  dw 00E81h,base+0167Bh
  dw 00506h,base+036A6h
  dw 0067Ah,base+032FCh
  dw 00406h,base+0364Bh
  dw 0067Bh,base+03302h
  dw 00405h,base+03A41h
  dw 0057Ch,base+036ABh
  dw 0090Bh,base+0296Fh
  dw 00275h,base+0000Ah
  dw 00D81h,base+01B1Ah
  dw 00C80h,base+01E31h
  dw 00C81h,base+01E3Dh
  dw 00B80h,base+0213Eh
  dw 00B80h,base+02149h
  dw 00B80h,base+02154h
  dw 00708h,base+02FB1h
  dw 00377h,base+003E0h
  dw 00709h,base+02FB8h
  dw 00375h,base+00756h
  dw 0080Bh,base+02D0Ah
  dw 00375h,base+00EADh
  dw 0070Ah,base+02FBFh
  dw 00476h,base+03A45h
  dw 00609h,base+03194h
  dw 00577h,base+036B0h
  dw 00104h,base+00001h
  dw 00105h,base+00001h
  dw 00581h,base+036B5h
  dw 00300h,base+002C8h

dhalsimPage1frame009:
  db 020h,060h,06Eh,023h
  db 07Ah
  db 071h,022h,037h,074h,022h
  db 000h,000h
  db 000h,000h
  dw 0027Fh,base+03CC0h
  dw 00480h,base+03A49h
  dw 00480h,base+03A4Dh
  dw 00480h,base+03A51h
  dw 0047Fh,base+03A55h
  dw 00580h,base+036BAh
  dw 00609h,base+03308h
  dw 00277h,base+00001h
  dw 00608h,base+0330Eh
  dw 00477h,base+01E6Dh
  dw 00709h,base+02FC6h
  dw 00476h,base+03A59h
  dw 00E80h,base+01689h
  dw 00E80h,base+01697h
  dw 00E80h,base+016A5h
  dw 00E7Fh,base+016B3h
  dw 00F80h,base+012B8h
  dw 00F7Fh,base+012C7h
  dw 01080h,base+00FC7h
  dw 01080h,base+00FD7h
  dw 01080h,base+00FE7h
  dw 01080h,base+00FF7h
  dw 00F80h,base+012D6h
  dw 00506h,base+036BFh
  dw 0097Ah,base+02978h
  dw 00406h,base+0027Ch
  dw 0097Ah,base+02981h
  dw 00207h,base+00004h
  dw 00880h,base+02D12h
  dw 00881h,base+02D1Ah
  dw 00780h,base+02FCDh
  dw 00780h,base+02FD4h
  dw 00780h,base+02FDBh
  dw 00780h,base+02FE2h
  dw 00780h,base+02FE9h
  dw 00780h,base+02FF0h
  dw 00680h,base+03314h
  dw 00680h,base+0331Ah
  dw 00680h,base+03320h
  dw 0067Fh,base+03326h
  dw 00780h,base+02FF7h
  dw 0087Fh,base+02D22h
  dw 0097Fh,base+0298Ah
  dw 00A80h,base+02523h
  dw 00A80h,base+0252Dh
  dw 00A80h,base+02537h
  dw 00A80h,base+02541h
  dw 00A7Fh,base+0254Bh
  dw 00B7Fh,base+0215Fh
  dw 00C80h,base+01E49h
  dw 00C7Fh,base+01E55h
  dw 00D80h,base+01B27h
  dw 00D80h,base+01B34h
  dw 00D80h,base+01B41h
  dw 00406h,base+00BC2h
  dw 00102h,base+00001h
  dw 00478h,base+03A5Dh
  dw 00508h,base+036C4h
  dw 00478h,base+03A61h
  dw 00508h,base+036C9h
  dw 00478h,base+03A65h
  dw 00508h,base+036CEh
  dw 00479h,base+03A69h
  dw 00507h,base+036D3h
  dw 00479h,base+03A6Dh
  dw 00507h,base+036D8h
  dw 0047Ah,base+03A71h
  dw 00407h,base+03A75h
  dw 00279h,base+0106Bh
  dw 00407h,base+0188Ch
  dw 0027Ah,base+00AD7h
  dw 00306h,base+03939h
  dw 0027Ah,base+02F77h
  dw 00405h,base+018DEh
  dw 0037Ch,base+012D2h
  dw 00304h,base+00F59h
  dw 0037Ch,base+000D9h
  dw 00304h,base+01DF2h
  dw 0037Dh,base+00191h
  dw 00304h,base+0216Dh
  dw 0027Ch,base+00123h
  dw 00781h,base+02FFEh
  dw 00680h,base+0332Ch
  dw 00680h,base+03332h
  dw 00680h,base+03338h
  dw 00680h,base+0333Eh
  dw 00680h,base+03344h
  dw 00680h,base+0334Ah
  dw 00680h,base+03350h
  dw 00680h,base+03356h
  dw 00680h,base+0335Ch
  dw 00203h,base+0049Ah
  dw 0037Dh,base+03C56h
  dw 00204h,base+002AFh
  dw 0027Dh,base+00218h
  dw 00103h,base+00079h
  dw 0027Dh,base+00025h
  dw 00103h,base+0002Dh
  dw 0027Dh,base+00A51h
  dw 00103h,base+00002h
  dw 0027Dh,base+00025h
  dw 00103h,base+00009h
  dw 0027Dh,base+02184h
  dw 00103h,base+0002Dh
  dw 0027Dh,base+00025h
  dw 00103h,base+00002h
  dw 00280h,base+00251h
  dw 00380h,base+0005Eh
  dw 00380h,base+0022Ch
  dw 00480h,base+03A79h
  dw 00480h,base+03A7Dh
  dw 00480h,base+03A81h
  dw 00480h,base+03A85h
  dw 00380h,base+03C59h
  dw 00380h,base+03C5Ch
  dw 00380h,base+03C5Fh
  dw 00380h,base+03C5Fh
  dw 00380h,base+03C62h
  dw 00380h,base+018ADh
  dw 00380h,base+00641h
  dw 00380h,base+03C65h
  dw 00380h,base+03C68h
  dw 00380h,base+03C6Bh
  dw 00200h,base+00004h

dhalsimPage1frame010:
  db 022h,03Dh,06Eh,025h
  db 07Ah
  db 071h,022h,01Fh,072h,022h
  db 000h,000h
  db 000h,000h
  dw 00380h,base+03C6Eh
  dw 0037Fh,base+03C71h
  dw 00480h,base+03A89h
  dw 00480h,base+03A8Dh
  dw 00509h,base+036DDh
  dw 00277h,base+0000Ah
  dw 00509h,base+036E2h
  dw 00277h,base+001B5h
  dw 00608h,base+03362h
  dw 00478h,base+039E5h
  dw 00C7Fh,base+01E61h
  dw 00D80h,base+01B4Eh
  dw 00D7Fh,base+01B5Bh
  dw 00E80h,base+016C1h
  dw 00E80h,base+016CFh
  dw 00E7Fh,base+016DDh
  dw 00F80h,base+012E5h
  dw 00E80h,base+016EBh
  dw 00E7Fh,base+016F9h
  dw 00F80h,base+012F4h
  dw 00F80h,base+01303h
  dw 00F80h,base+01312h
  dw 00F81h,base+01321h
  dw 00D80h,base+01B68h
  dw 00D80h,base+01B75h
  dw 00304h,base+004D2h
  dw 0097Dh,base+02993h
  dw 00103h,base+00001h
  dw 00981h,base+0299Ch
  dw 00881h,base+02D2Ah
  dw 00781h,base+03005h
  dw 0057Fh,base+036E7h
  dw 00780h,base+0300Ch
  dw 00780h,base+03013h
  dw 00781h,base+0301Ah
  dw 00580h,base+036ECh
  dw 00580h,base+036F1h
  dw 0067Dh,base+03368h
  dw 0097Ch,base+029A5h
  dw 00D7Fh,base+01B82h
  dw 00E80h,base+01707h
  dw 00E7Fh,base+01715h
  dw 00F80h,base+01330h
  dw 00F80h,base+0133Fh
  dw 00F80h,base+0134Eh
  dw 00F80h,base+0135Dh
  dw 00F81h,base+0136Ch
  dw 00E81h,base+01723h
  dw 00D80h,base+01B8Fh
  dw 00C81h,base+01E6Dh
  dw 00B80h,base+0216Ah
  dw 00B81h,base+02175h
  dw 00981h,base+029AEh
  dw 00882h,base+02D32h
  dw 00681h,base+0336Eh
  dw 00681h,base+03374h
  dw 00580h,base+0239Fh
  dw 00580h,base+003C6h
  dw 00580h,base+036F6h
  dw 00680h,base+0337Ah
  dw 00681h,base+03380h
  dw 00580h,base+036FBh
  dw 00580h,base+03700h
  dw 00480h,base+03A91h
  dw 00381h,base+03C74h
  dw 00100h,base+00001h

dhalsimPage1frame011:
  db 050h,047h,03Eh,03Dh
  db 06Ah
  db 03Eh,04Ah,015h,065h,02Ah
  db 042h,051h
  db 060h,051h
  dw 00280h,base+00096h
  dw 0037Fh,base+02ECAh
  dw 00480h,base+02C8Ah
  dw 00480h,base+03A35h
  dw 00480h,base+02903h
  dw 00507h,base+03705h
  dw 00279h,base+001B5h
  dw 00506h,base+0237Fh
  dw 00469h,base+02BF5h
  dw 00111h,base+00001h
  dw 00A6Bh,base+02555h
  dw 00203h,base+00030h
  dw 0020Fh,base+02AFCh
  dw 00D6Fh,base+01B9Ch
  dw 00610h,base+03386h
  dw 00E6Fh,base+01731h
  dw 0070Ah,base+03021h
  dw 00305h,base+00211h
  dw 01072h,base+01007h
  dw 00708h,base+03028h
  dw 00506h,base+0370Ah
  dw 01072h,base+01017h
  dw 01F81h,base+00376h
  dw 01E81h,base+003B4h
  dw 01E81h,base+003D2h
  dw 01D82h,base+0040Eh
  dw 01C80h,base+00482h
  dw 00809h,base+02D3Ah
  dw 01377h,base+00AA3h
  dw 0010Ah,base+00002h
  dw 01476h,base+009C7h
  dw 0010Fh,base+00001h
  dw 00F80h,base+0137Bh
  dw 01080h,base+01027h
  dw 01080h,base+01037h
  dw 00102h,base+00001h
  dw 00E81h,base+0173Fh
  dw 00D81h,base+01BA9h
  dw 00C81h,base+01E79h
  dw 00A7Fh,base+0255Fh
  dw 00708h,base+0302Fh
  dw 00378h,base+012DBh
  dw 00608h,base+0338Ch
  dw 00379h,base+004D2h
  dw 00608h,base+03392h
  dw 00178h,base+00001h
  dw 00680h,base+03398h
  dw 00680h,base+0339Eh
  dw 00680h,base+033A4h
  dw 0077Eh,base+03036h
  dw 0097Fh,base+029B7h
  dw 00A80h,base+02569h
  dw 00A80h,base+02573h
  dw 00A7Fh,base+0257Dh
  dw 00B7Fh,base+02180h
  dw 00C7Fh,base+01E85h
  dw 00D80h,base+01BB6h
  dw 00D7Fh,base+01BC3h
  dw 00E80h,base+0174Dh
  dw 00E80h,base+0175Bh
  dw 00E80h,base+01769h
  dw 00D81h,base+01BD0h
  dw 00407h,base+03A95h
  dw 00579h,base+02D41h
  dw 00308h,base+002E5h
  dw 00478h,base+03A99h
  dw 00408h,base+03A9Dh
  dw 00478h,base+039D9h
  dw 00409h,base+03AA1h
  dw 00378h,base+03ABEh
  dw 00308h,base+03C77h
  dw 00378h,base+03C7Ah
  dw 00308h,base+0158Ch
  dw 00478h,base+03AA5h
  dw 00308h,base+027A3h
  dw 00578h,base+0370Fh
  dw 00308h,base+002DBh
  dw 00578h,base+03714h
  dw 00308h,base+001DFh
  dw 00678h,base+033AAh
  dw 00307h,base+000D1h
  dw 00779h,base+0303Dh
  dw 00307h,base+03C7Dh
  dw 00879h,base+02D42h
  dw 00307h,base+00212h
  dw 00979h,base+029C0h
  dw 00308h,base+03C80h
  dw 00B78h,base+0218Bh
  dw 00208h,base+00025h
  dw 00B78h,base+02196h
  dw 0020Ah,base+0135Bh
  dw 00976h,base+029C9h
  dw 0020Ch,base+00025h
  dw 00774h,base+03044h
  dw 0020Fh,base+005A6h
  dw 00471h,base+03AA9h
  dw 00210h,base+00027h
  dw 0036Fh,base+024BBh
  dw 00311h,base+002DDh
  dw 0036Eh,base+024BBh
  dw 00412h,base+0056Eh
  dw 0036Dh,base+03334h
  dw 00513h,base+03719h
  dw 0036Ch,base+00D5Eh
  dw 00613h,base+033B0h
  dw 0046Ch,base+03AADh
  dw 00713h,base+0304Bh
  dw 0056Dh,base+0371Eh
  dw 00713h,base+03052h
  dw 0056Fh,base+03723h
  dw 00103h,base+00001h
  dw 0020Eh,base+00027h
  dw 00580h,base+03728h
  dw 00400h,base+00283h

dhalsimPage1frame012:
  db 054h,029h,034h,05Bh
  db 070h
  db 033h,04Ch,01Bh,05Dh,030h
  db 049h,05Ch
  db 063h,05Dh
  dw 00464h,base+03AB1h
  dw 0010Bh,base+00002h
  dw 00311h,base+00211h
  dw 00464h,base+03AB5h
  dw 00405h,base+03AB9h
  dw 00305h,base+00211h
  dw 00405h,base+01D29h
  dw 0030Ch,base+000CCh
  dw 00564h,base+0372Dh
  dw 0141Ah,base+009DBh
  dw 00866h,base+02D4Ah
  dw 0141Ah,base+009EFh
  dw 00866h,base+02D52h
  dw 0161Ah,base+00819h
  dw 00866h,base+02D5Ah
  dw 0171Ah,base+00636h
  dw 00866h,base+02D62h
  dw 0171Ah,base+0064Dh
  dw 00866h,base+02D6Ah
  dw 01819h,base+005BEh
  dw 00967h,base+029D2h
  dw 02281h,base+002D0h
  dw 00406h,base+01777h
  dw 00204h,base+00027h
  dw 01778h,base+00664h
  dw 00109h,base+00001h
  dw 01680h,base+0082Fh
  dw 01680h,base+00845h
  dw 01680h,base+0085Bh
  dw 01780h,base+0067Bh
  dw 01774h,base+00692h
  dw 0010Bh,base+00001h
  dw 01875h,base+005D6h
  dw 00406h,base+01354h
  dw 00304h,base+00211h
  dw 01875h,base+005EEh
  dw 02280h,base+002F2h
  dw 01D1Eh,base+0042Bh
  dw 00462h,base+03434h
  dw 01D1Eh,base+00448h
  dw 00462h,base+03ABDh
  dw 01C1Eh,base+0049Eh
  dw 00462h,base+03AC1h
  dw 01C1Fh,base+004BAh
  dw 00361h,base+02AF3h
  dw 01B1Fh,base+004D6h
  dw 00562h,base+03732h
  dw 00406h,base+02CFFh
  dw 00F11h,base+0138Ah
  dw 00307h,base+03C83h
  dw 00564h,base+03737h
  dw 00209h,base+0012Fh
  dw 00204h,base+00027h
  dw 00308h,base+001DFh
  dw 00307h,base+01094h
  dw 00609h,base+033B6h
  dw 0015Ch,base+00002h
  dw 0010Ch,base+00001h
  dw 00108h,base+00001h
  dw 00307h,base+03C86h
  dw 00A7Ah,base+02587h
  dw 00206h,base+008E8h
  dw 00A7Ah,base+02591h
  dw 00206h,base+00A51h
  dw 00A7Ah,base+0259Bh
  dw 00206h,base+00025h
  dw 00A7Ah,base+025A5h
  dw 00206h,base+02184h
  dw 00A7Ah,base+025AFh
  dw 00206h,base+00027h
  dw 00A7Ah,base+025B9h
  dw 00207h,base+00235h
  dw 00107h,base+00002h
  dw 00272h,base+00097h
  dw 0020Eh,base+00009h
  dw 00371h,base+03C89h
  dw 0030Fh,base+003F7h
  dw 00371h,base+0132Ch
  dw 0030Fh,base+002A5h
  dw 00370h,base+00931h
  dw 00510h,base+0373Ch
  dw 0036Eh,base+00504h
  dw 00712h,base+03059h
  dw 0036Eh,base+00249h
  dw 00712h,base+03060h
  dw 0036Eh,base+0105Eh
  dw 00102h,base+00001h
  dw 00103h,base+00001h
  dw 0010Ch,base+00001h
  dw 00480h,base+03AC5h
  dw 00400h,base+016D5h

dhalsimPage1frame013:
  db 080h,029h,008h,05Bh
  db 070h
  db 000h,07Fh,01Bh,05Ch,030h
  db 00Ah,075h
  db 028h,075h
  dw 0044Eh,base+03AB1h
  dw 00102h,base+00002h
  dw 0011Fh,base+00001h
  dw 00311h,base+0022Dh
  dw 0044Dh,base+03AB5h
  dw 00406h,base+00DB3h
  dw 0031Ch,base+00211h
  dw 00304h,base+000D1h
  dw 0030Ch,base+000CCh
  dw 0054Eh,base+0372Dh
  dw 00B21h,base+021A1h
  dw 0090Fh,base+029DBh
  dw 0084Fh,base+02D4Ah
  dw 02B31h,base+001E2h
  dw 0084Fh,base+02D52h
  dw 02D31h,base+00188h
  dw 0084Fh,base+02D5Ah
  dw 02E31h,base+000D0h
  dw 0084Fh,base+02D62h
  dw 0121Dh,base+00B4Eh
  dw 01114h,base+00C91h
  dw 0084Fh,base+02D6Ah
  dw 00B22h,base+021ACh
  dw 00D0Eh,base+01BDDh
  dw 00951h,base+029D2h
  dw 00921h,base+029E4h
  dw 01760h,base+006A9h
  dw 00305h,base+0282Eh
  dw 0021Bh,base+00027h
  dw 01762h,base+006C0h
  dw 0011Eh,base+00001h
  dw 01781h,base+006D7h
  dw 01680h,base+00871h
  dw 01680h,base+00887h
  dw 01780h,base+006EEh
  dw 0175Eh,base+00705h
  dw 00102h,base+00001h
  dw 00121h,base+00001h
  dw 0165Ch,base+005D8h
  dw 00406h,base+01831h
  dw 0041Dh,base+00553h
  dw 0165Dh,base+005F0h
  dw 03880h,base+00000h
  dw 03334h,base+00038h
  dw 0044Ch,base+03434h
  dw 03334h,base+0006Bh
  dw 0044Ch,base+03ABDh
  dw 03234h,base+0009Eh
  dw 0044Ch,base+03AC1h
  dw 0121Dh,base+00B60h
  dw 01518h,base+008F5h
  dw 0034Bh,base+02AF3h
  dw 00B23h,base+021B7h
  dw 00E12h,base+01777h
  dw 0054Bh,base+03732h
  dw 00506h,base+03741h
  dw 0031Fh,base+0005Dh
  dw 00709h,base+01392h
  dw 00307h,base+03C83h
  dw 0054Eh,base+03737h
  dw 00223h,base+00DB7h
  dw 00308h,base+001DFh
  dw 00307h,base+01094h
  dw 00609h,base+033B6h
  dw 00145h,base+00002h
  dw 00123h,base+00001h
  dw 00108h,base+00001h
  dw 00307h,base+03C86h
  dw 00A7Ah,base+02587h
  dw 00206h,base+008E8h
  dw 00A7Ah,base+02591h
  dw 00206h,base+00A51h
  dw 00A7Ah,base+0259Bh
  dw 00206h,base+00025h
  dw 00A7Ah,base+025A5h
  dw 00206h,base+02184h
  dw 00A7Ah,base+025AFh
  dw 00206h,base+00027h
  dw 00A7Ah,base+025B9h
  dw 00207h,base+00235h
  dw 00107h,base+00002h
  dw 00272h,base+00097h
  dw 0020Eh,base+00009h
  dw 00371h,base+03C89h
  dw 0030Fh,base+003F7h
  dw 00371h,base+0132Ch
  dw 0030Fh,base+002A5h
  dw 00370h,base+00931h
  dw 00510h,base+0373Ch
  dw 0036Eh,base+00504h
  dw 00712h,base+03059h
  dw 0036Eh,base+00249h
  dw 00712h,base+03060h
  dw 0036Eh,base+0105Eh
  dw 00102h,base+00001h
  dw 00103h,base+00001h
  dw 0010Ch,base+00001h
  dw 00480h,base+03AC5h
  dw 00400h,base+016D5h

dhalsimPage1frame014:
  db 046h,036h,048h,04Eh
  db 06Ch
  db 048h,03Eh,010h,064h,029h
  db 047h,051h
  db 061h,052h
  dw 0026Fh,base+00023h
  dw 00210h,base+0000Ah
  dw 00370h,base+02E5Ah
  dw 00304h,base+0076Ah
  dw 0010Ch,base+00001h
  dw 00470h,base+02E61h
  dw 00A10h,base+025C3h
  dw 0046Fh,base+038A1h
  dw 00C0Eh,base+01E91h
  dw 00772h,base+03067h
  dw 01780h,base+0071Ch
  dw 01980h,base+0055Ah
  dw 01A81h,base+0050Ch
  dw 01980h,base+00573h
  dw 01A83h,base+00526h
  dw 01781h,base+00733h
  dw 00103h,base+0002Ah
  dw 0147Dh,base+00A03h
  dw 00108h,base+00001h
  dw 00F82h,base+01399h
  dw 00D80h,base+01BEAh
  dw 00E80h,base+01785h
  dw 00E80h,base+01793h
  dw 00E80h,base+017A1h
  dw 00E80h,base+017AFh
  dw 01081h,base+01047h
  dw 01080h,base+01057h
  dw 01081h,base+01067h
  dw 00F80h,base+013A8h
  dw 00E80h,base+017BDh
  dw 00405h,base+03AC9h
  dw 0097Bh,base+029EDh
  dw 00406h,base+037B5h
  dw 0087Ah,base+02D72h
  dw 00407h,base+03ACDh
  dw 00779h,base+0306Eh
  dw 00407h,base+03AD1h
  dw 0077Ah,base+03075h
  dw 00204h,base+00DF3h
  dw 0097Ch,base+029F6h
  dw 00E80h,base+017CBh
  dw 00E7Fh,base+017D9h
  dw 00F7Fh,base+013B7h
  dw 0107Fh,base+01077h
  dw 01180h,base+00CA2h
  dw 01180h,base+00CB3h
  dw 01180h,base+00CC4h
  dw 01180h,base+00CD5h
  dw 01080h,base+01087h
  dw 01081h,base+01097h
  dw 00F10h,base+013C6h
  dw 00171h,base+00002h
  dw 01181h,base+00CE6h
  dw 01081h,base+010A7h
  dw 00F81h,base+013D5h
  dw 00E82h,base+017E7h
  dw 00C81h,base+01E9Dh
  dw 00B80h,base+021C2h
  dw 00B80h,base+021CDh
  dw 00B80h,base+021D8h
  dw 00708h,base+0307Ch
  dw 00477h,base+03AD5h
  dw 0070Ah,base+03083h
  dw 00374h,base+01D16h
  dw 0090Ch,base+029FFh
  dw 00374h,base+0191Ah
  dw 0080Ah,base+02D7Ah
  dw 00576h,base+03746h
  dw 0080Ah,base+02D82h
  dw 00578h,base+0374Bh
  dw 00508h,base+03750h
  dw 00479h,base+03AD9h
  dw 00207h,base+0000Ah
  dw 00400h,base+00317h

dhalsimPage1frame015:
  db 04Ch,01Eh,040h,066h
  db 07Ah
  db 040h,046h,010h,05Ch,030h
  db 045h,06Ah
  db 060h,067h
  dw 00480h,base+03ADDh
  dw 00570h,base+03755h
  dw 0030Fh,base+00211h
  dw 00671h,base+033BCh
  dw 0050Dh,base+010C5h
  dw 00872h,base+02D8Ah
  dw 0070Eh,base+0308Ah
  dw 0096Fh,base+02A08h
  dw 00103h,base+00002h
  dw 0070Eh,base+03091h
  dw 00967h,base+02A11h
  dw 01314h,base+00AB6h
  dw 00105h,base+00001h
  dw 00966h,base+02A1Ah
  dw 0161Ah,base+0089Dh
  dw 00966h,base+02A23h
  dw 0171Ah,base+0074Ah
  dw 00966h,base+02A2Ch
  dw 0171Ah,base+00761h
  dw 00966h,base+02A35h
  dw 0171Ah,base+00778h
  dw 00966h,base+02A3Eh
  dw 0171Ah,base+0078Fh
  dw 00866h,base+02D92h
  dw 00607h,base+033C2h
  dw 01012h,base+010B7h
  dw 00968h,base+02A47h
  dw 00103h,base+00004h
  dw 00205h,base+012B8h
  dw 00E10h,base+017F5h
  dw 0096Ch,base+02A50h
  dw 00105h,base+00026h
  dw 00203h,base+00027h
  dw 01517h,base+0090Ah
  dw 00161h,base+00002h
  dw 00108h,base+00001h
  dw 00103h,base+00001h
  dw 01213h,base+00B72h
  dw 0026Dh,base+00008h
  dw 01580h,base+0091Fh
  dw 01580h,base+00934h
  dw 01580h,base+00949h
  dw 0157Fh,base+0095Eh
  dw 0167Fh,base+008B3h
  dw 01780h,base+007A6h
  dw 01415h,base+00A17h
  dw 0036Bh,base+007AFh
  dw 01415h,base+00A2Bh
  dw 0036Bh,base+00C55h
  dw 00304h,base+03C8Ch
  dw 00F11h,base+013E4h
  dw 0036Bh,base+03C89h
  dw 00205h,base+00B0Bh
  dw 00D10h,base+01BF7h
  dw 0036Bh,base+03AAAh
  dw 00206h,base+00AEBh
  dw 00203h,base+00026h
  dw 0090Ch,base+02A59h
  dw 0036Bh,base+03C8Fh
  dw 00109h,base+00004h
  dw 0080Bh,base+02D9Ah
  dw 00477h,base+03AE1h
  dw 00508h,base+0375Ah
  dw 0057Ah,base+0375Fh
  dw 00207h,base+0000Ah
  dw 00300h,base+00211h

dhalsimPage1frame016:
  db 07Ah,01Eh,012h,066h
  db 07Ah
  db 011h,074h,010h,05Bh,031h
  db 016h,06Bh
  db 02Eh,06Ch
  dw 00480h,base+03ADDh
  dw 00570h,base+03755h
  dw 0030Fh,base+00211h
  dw 00671h,base+033BCh
  dw 0050Dh,base+010C5h
  dw 00872h,base+02D8Ah
  dw 0070Eh,base+0308Ah
  dw 00952h,base+02A08h
  dw 00120h,base+00001h
  dw 0070Eh,base+03098h
  dw 0094Fh,base+02A11h
  dw 00922h,base+02A62h
  dw 0090Ah,base+02A6Bh
  dw 00105h,base+00001h
  dw 0094Fh,base+02A1Ah
  dw 02D31h,base+001B5h
  dw 0094Fh,base+02A23h
  dw 02E31h,base+000FEh
  dw 0094Fh,base+02A2Ch
  dw 02E31h,base+0012Ch
  dw 0094Fh,base+02A35h
  dw 02E31h,base+0015Ah
  dw 0094Fh,base+02A3Eh
  dw 01217h,base+00B84h
  dw 0171Ah,base+007BDh
  dw 0084Fh,base+02D92h
  dw 00506h,base+03764h
  dw 0041Bh,base+0068Bh
  dw 00D0Fh,base+01C04h
  dw 00950h,base+02A47h
  dw 00104h,base+00002h
  dw 0021Fh,base+00003h
  dw 00B0Dh,base+017F8h
  dw 00954h,base+02A50h
  dw 00220h,base+00213h
  dw 01517h,base+0090Ah
  dw 00169h,base+00002h
  dw 00103h,base+00001h
  dw 01213h,base+00B72h
  dw 0026Dh,base+00008h
  dw 01580h,base+0091Fh
  dw 01580h,base+00934h
  dw 01580h,base+00949h
  dw 0157Fh,base+0095Eh
  dw 0167Fh,base+008B3h
  dw 01780h,base+007A6h
  dw 01415h,base+00A17h
  dw 0036Bh,base+007AFh
  dw 01415h,base+00A2Bh
  dw 0036Bh,base+00C55h
  dw 00304h,base+03C8Ch
  dw 00F11h,base+013E4h
  dw 0036Bh,base+03C89h
  dw 00205h,base+00B0Bh
  dw 00D10h,base+01BF7h
  dw 0036Bh,base+03AAAh
  dw 00206h,base+00AEBh
  dw 00203h,base+00026h
  dw 0090Ch,base+02A59h
  dw 0036Bh,base+03C8Fh
  dw 00109h,base+00004h
  dw 0080Bh,base+02D9Ah
  dw 00477h,base+03AE1h
  dw 00508h,base+0375Ah
  dw 0057Ah,base+0375Fh
  dw 00207h,base+0000Ah
  dw 00300h,base+00211h

dhalsimPage1frame017:
  db 048h,052h,042h,032h
  db 068h
  db 041h,044h,021h,068h,024h
  db 044h,049h
  db 060h,04Fh
  dw 00680h,base+033C8h
  dw 0077Fh,base+0309Fh
  dw 00980h,base+02A74h
  dw 00A6Eh,base+025CDh
  dw 00112h,base+00026h
  dw 00A6Eh,base+025D7h
  dw 00211h,base+00457h
  dw 00C6Fh,base+01EA9h
  dw 0020Fh,base+0066Eh
  dw 00E71h,base+01803h
  dw 0030Eh,base+020C3h
  dw 01073h,base+010C7h
  dw 0020Ch,base+00217h
  dw 01174h,base+00CF7h
  dw 0030Ch,base+03C92h
  dw 01274h,base+00B96h
  dw 0030Ch,base+00237h
  dw 01275h,base+00BA8h
  dw 0030Bh,base+03C95h
  dw 01375h,base+00AC9h
  dw 0040Bh,base+03AE5h
  dw 01375h,base+00ADCh
  dw 0050Bh,base+021A8h
  dw 01475h,base+00A3Fh
  dw 0060Bh,base+033CEh
  dw 01475h,base+00A53h
  dw 0070Bh,base+030A6h
  dw 01475h,base+00A67h
  dw 01F80h,base+00395h
  dw 01B1Ch,base+004F1h
  dw 00565h,base+03769h
  dw 01A1Ch,base+00540h
  dw 00464h,base+03AE9h
  dw 00204h,base+00032h
  dw 00E0Fh,base+01811h
  dw 0070Ah,base+030ADh
  dw 00368h,base+00E62h
  dw 00D0Fh,base+01C11h
  dw 00609h,base+033D4h
  dw 00368h,base+002D7h
  dw 00D0Fh,base+01C1Eh
  dw 0060Ah,base+033DAh
  dw 00268h,base+00064h
  dw 01318h,base+00AEFh
  dw 00369h,base+00217h
  dw 01216h,base+00BBAh
  dw 0046Bh,base+03AEDh
  dw 01215h,base+00BCCh
  dw 0046Eh,base+03AF1h
  dw 00F12h,base+013F3h
  dw 0046Fh,base+03AF5h
  dw 00F11h,base+01402h
  dw 0046Fh,base+03AF9h
  dw 00E11h,base+0181Fh
  dw 00470h,base+03AFDh
  dw 00C11h,base+01EB5h
  dw 00370h,base+012AFh
  dw 00C10h,base+01EC1h
  dw 00271h,base+00032h
  dw 00B0Fh,base+021E3h
  dw 00171h,base+00001h
  dw 00B81h,base+021EEh
  dw 00A82h,base+025E1h
  dw 00880h,base+02DA2h
  dw 00880h,base+02DAAh
  dw 00781h,base+030B4h
  dw 00680h,base+033E0h
  dw 00680h,base+033E6h
  dw 00581h,base+00552h
  dw 00480h,base+00283h
  dw 0047Fh,base+00283h
  dw 00580h,base+005AEh
  dw 00580h,base+0376Eh
  dw 00580h,base+03773h
  dw 00580h,base+03778h
  dw 00580h,base+03778h
  dw 00580h,base+0377Dh
  dw 00481h,base+02995h
  dw 00380h,base+007F1h
  dw 0037Fh,base+03525h
  dw 00480h,base+03B01h
  dw 00480h,base+02384h
  dw 00480h,base+03B05h
  dw 00480h,base+03B09h
  dw 00581h,base+0376Eh
  dw 00480h,base+00937h
  dw 00481h,base+021A8h
  dw 00380h,base+032C1h
  dw 00480h,base+03B0Dh
  dw 00480h,base+03B11h
  dw 00480h,base+02F67h
  dw 00481h,base+00280h
  dw 00380h,base+001DFh
  dw 00380h,base+01A30h
  dw 00380h,base+03C98h
  dw 00380h,base+01A30h
  dw 00381h,base+03C4Dh
  dw 00280h,base+008E8h
  dw 00280h,base+03CDBh
  dw 00280h,base+00025h
  dw 00380h,base+01786h
  dw 00380h,base+0022Ch
  dw 00480h,base+03B15h
  dw 00480h,base+01D95h
  dw 00480h,base+03B19h
  dw 00480h,base+03B1Dh
  dw 00480h,base+03B21h
  dw 0047Fh,base+0382Dh
  dw 0047Fh,base+00280h
  dw 00480h,base+00B2Ah
  dw 00380h,base+00D8Ch
  dw 00300h,base+00301h

dhalsimPage1frame018:
  db 03Ch,05Ah,03Eh,029h
  db 058h
  db 03Eh,03Bh,02Ah,063h,02Ah
  db 045h,04Bh
  db 061h,052h
  dw 00280h,base+00027h
  dw 0027Fh,base+00032h
  dw 00380h,base+00280h
  dw 00480h,base+03981h
  dw 00480h,base+03B25h
  dw 00408h,base+03B29h
  dw 00277h,base+03CDDh
  dw 00508h,base+03782h
  dw 00478h,base+03B2Dh
  dw 00508h,base+03787h
  dw 00478h,base+03B31h
  dw 00508h,base+0378Ch
  dw 00478h,base+00AF5h
  dw 00608h,base+033ECh
  dw 00578h,base+03791h
  dw 00608h,base+033F2h
  dw 0056Dh,base+0192Fh
  dw 0020Bh,base+00235h
  dw 00E75h,base+0182Dh
  dw 0020Bh,base+00684h
  dw 00F75h,base+01411h
  dw 0020Ch,base+002C5h
  dw 00F75h,base+01420h
  dw 0010Bh,base+00000h
  dw 01075h,base+010D7h
  dw 0020Bh,base+0026Ah
  dw 01074h,base+010E7h
  dw 0030Ch,base+021CDh
  dw 01074h,base+010F7h
  dw 0030Ch,base+02A7Dh
  dw 01174h,base+00D08h
  dw 0030Ch,base+03C9Bh
  dw 01174h,base+00D19h
  dw 0040Dh,base+03B35h
  dw 00204h,base+00027h
  dw 00C70h,base+01ECDh
  dw 00312h,base+01D02h
  dw 00A6Eh,base+025EBh
  dw 00312h,base+0049Ah
  dw 00A6Eh,base+025F5h
  dw 00412h,base+037C3h
  dw 00A6Eh,base+025FFh
  dw 00512h,base+03796h
  dw 00A6Eh,base+02609h
  dw 00912h,base+02A7Dh
  dw 00A6Eh,base+02613h
  dw 00A0Ch,base+0261Dh
  dw 00206h,base+0000Ah
  dw 00A6Eh,base+02627h
  dw 00E12h,base+0183Bh
  dw 00A6Fh,base+02631h
  dw 00E12h,base+01849h
  dw 00103h,base+0002Ah
  dw 0066Bh,base+033F8h
  dw 00F12h,base+0142Fh
  dw 00104h,base+00001h
  dw 0056Dh,base+00451h
  dw 00D13h,base+01C2Bh
  dw 0056Eh,base+0379Bh
  dw 00D0Eh,base+01C38h
  dw 00103h,base+00001h
  dw 00671h,base+033FEh
  dw 00D0Eh,base+01C45h
  dw 00772h,base+030BBh
  dw 01481h,base+00A7Bh
  dw 01381h,base+00B02h
  dw 00304h,base+00211h
  dw 00E80h,base+01857h
  dw 00E81h,base+01865h
  dw 00D80h,base+01C52h
  dw 00D81h,base+01C5Fh
  dw 00C80h,base+01ED9h
  dw 00C81h,base+01EE5h
  dw 00B81h,base+021F9h
  dw 00A81h,base+0263Bh
  dw 00980h,base+02A86h
  dw 00981h,base+02A8Fh
  dw 00880h,base+02DB2h
  dw 00881h,base+02DBAh
  dw 00780h,base+030C2h
  dw 00780h,base+030C9h
  dw 00781h,base+030D0h
  dw 00680h,base+03404h
  dw 00680h,base+0340Ah
  dw 00680h,base+03410h
  dw 00480h,base+027F5h
  dw 0047Fh,base+03B39h
  dw 00580h,base+037A0h
  dw 00580h,base+03778h
  dw 00580h,base+037A5h
  dw 00480h,base+0394Ah
  dw 0047Fh,base+00008h
  dw 00580h,base+037AAh
  dw 00480h,base+03B3Dh
  dw 00580h,base+037AFh
  dw 00680h,base+03416h
  dw 00681h,base+0341Ch
  dw 00580h,base+037B4h
  dw 00681h,base+03422h
  dw 00580h,base+037B9h
  dw 00581h,base+037BEh
  dw 00480h,base+03B41h
  dw 00481h,base+03A41h
  dw 00380h,base+012CEh
  dw 00481h,base+03B45h
  dw 00380h,base+00FFAh
  dw 00381h,base+00FFFh
  dw 00380h,base+007F8h
  dw 00380h,base+000CCh
  dw 00480h,base+03998h
  dw 00480h,base+03B49h
  dw 00480h,base+03B4Dh
  dw 00480h,base+01707h
  dw 00480h,base+03B51h
  dw 00480h,base+00AFDh
  dw 00380h,base+00280h
  dw 00380h,base+0199Eh
  dw 00380h,base+00069h
  dw 0037Fh,base+00030h
  dw 00480h,base+03B55h
  dw 00480h,base+03B59h
  dw 00480h,base+0000Ah
  dw 00400h,base+00283h

dhalsimPage1frame019:
  db 068h,05Eh,012h,025h
  db 012h
  db 011h,068h,01Eh,061h,029h
  db 018h,041h
  db 034h,046h
  dw 00180h,base+00002h
  dw 00180h,base+00030h
  dw 00180h,base+00480h
  dw 00180h,base+00064h
  dw 00223h,base+002F2h
  dw 0025Dh,base+00027h
  dw 00223h,base+000A0h
  dw 0025Dh,base+00032h
  dw 00222h,base+00A32h
  dw 0035Eh,base+00280h
  dw 00222h,base+00391h
  dw 0045Eh,base+03981h
  dw 00322h,base+005A2h
  dw 0045Eh,base+03B25h
  dw 00322h,base+03C9Eh
  dw 00408h,base+03B29h
  dw 00256h,base+03CDDh
  dw 00321h,base+03989h
  dw 00508h,base+03782h
  dw 00457h,base+03B2Dh
  dw 00421h,base+03B5Dh
  dw 00508h,base+03787h
  dw 00457h,base+03B31h
  dw 00521h,base+037C3h
  dw 00508h,base+0378Ch
  dw 00457h,base+00AF5h
  dw 00621h,base+03428h
  dw 00608h,base+033ECh
  dw 00557h,base+03791h
  dw 00721h,base+030D7h
  dw 00608h,base+033F2h
  dw 00557h,base+0192Fh
  dw 00921h,base+02A98h
  dw 00E5Fh,base+0182Dh
  dw 00A21h,base+02645h
  dw 00F5Fh,base+01411h
  dw 00C22h,base+01EF1h
  dw 00F5Fh,base+01420h
  dw 00104h,base+00002h
  dw 0081Dh,base+02DC2h
  dw 01064h,base+010D7h
  dw 0091Ch,base+02AA1h
  dw 01065h,base+010E7h
  dw 0091Bh,base+02AAAh
  dw 01067h,base+010F7h
  dw 00919h,base+02AB3h
  dw 01168h,base+00D08h
  dw 00918h,base+02ABCh
  dw 0116Ah,base+00D19h
  dw 00B17h,base+02204h
  dw 00204h,base+00027h
  dw 00C66h,base+01ECDh
  dw 00C1Ch,base+01EFDh
  dw 00A66h,base+025EBh
  dw 00B1Ah,base+0220Fh
  dw 00A67h,base+025F5h
  dw 00B19h,base+0221Ah
  dw 00A69h,base+025FFh
  dw 00A17h,base+0264Fh
  dw 00A6Bh,base+02609h
  dw 00915h,base+02AC5h
  dw 00A6Eh,base+02613h
  dw 00812h,base+02DCAh
  dw 00A70h,base+02627h
  dw 00810h,base+02DD2h
  dw 00A71h,base+02631h
  dw 00810h,base+02DDAh
  dw 00103h,base+0002Ah
  dw 0066Eh,base+033F8h
  dw 0080Fh,base+02DE2h
  dw 00104h,base+00001h
  dw 0056Eh,base+00451h
  dw 00912h,base+02ACEh
  dw 0056Fh,base+0379Bh
  dw 0090Dh,base+02AD7h
  dw 00103h,base+00001h
  dw 00671h,base+033FEh
  dw 0090Ch,base+02AE0h
  dw 00102h,base+00026h
  dw 00773h,base+030BBh
  dw 00A0Bh,base+02659h
  dw 00877h,base+00A87h
  dw 01181h,base+00D2Ah
  dw 01082h,base+01107h
  dw 00E81h,base+01873h
  dw 00D81h,base+01C6Ch
  dw 00C81h,base+01F09h
  dw 00B81h,base+02225h
  dw 00A81h,base+02663h
  dw 00980h,base+02AE9h
  dw 00980h,base+0263Ch
  dw 00980h,base+02A86h
  dw 00981h,base+02A8Fh
  dw 00880h,base+02DB2h
  dw 00881h,base+02DBAh
  dw 00780h,base+030C2h
  dw 00780h,base+030C9h
  dw 00781h,base+030D0h
  dw 00680h,base+03404h
  dw 00680h,base+0340Ah
  dw 00680h,base+03410h
  dw 00480h,base+027F5h
  dw 0047Fh,base+03B39h
  dw 00580h,base+037A0h
  dw 00580h,base+03778h
  dw 00580h,base+037A5h
  dw 00480h,base+0394Ah
  dw 0047Fh,base+00008h
  dw 00580h,base+037AAh
  dw 00480h,base+03B3Dh
  dw 00580h,base+037AFh
  dw 00680h,base+03416h
  dw 00681h,base+0341Ch
  dw 00580h,base+037B4h
  dw 00681h,base+03422h
  dw 00580h,base+037B9h
  dw 00581h,base+037BEh
  dw 00480h,base+03B41h
  dw 00481h,base+03A41h
  dw 00380h,base+012CEh
  dw 00481h,base+03B45h
  dw 00380h,base+00FFAh
  dw 00381h,base+00FFFh
  dw 00380h,base+007F8h
  dw 00380h,base+000CCh
  dw 00480h,base+03998h
  dw 00480h,base+03B49h
  dw 00480h,base+03B4Dh
  dw 00480h,base+01707h
  dw 00480h,base+03B51h
  dw 00480h,base+00AFDh
  dw 00380h,base+00280h
  dw 00380h,base+0199Eh
  dw 00380h,base+00069h
  dw 0037Fh,base+00030h
  dw 00480h,base+03B55h
  dw 00480h,base+03B59h
  dw 00480h,base+0000Ah
  dw 00400h,base+00283h

dhalsimPage1frame020:
  db 046h,037h,04Eh,04Dh
  db 07Eh
  db 06Eh,025h,01Ch,04Eh,04Ch
  db 04Dh,06Bh
  db 069h,06Bh
  dw 00380h,base+00211h
  dw 0037Bh,base+03CA1h
  dw 00104h,base+00002h
  dw 0057Bh,base+037C8h
  dw 00305h,base+00008h
  dw 0057Bh,base+037CDh
  dw 00C7Fh,base+01F15h
  dw 00E0Fh,base+01881h
  dw 00171h,base+00002h
  dw 01180h,base+00D3Bh
  dw 01180h,base+00D4Ch
  dw 01280h,base+00BDEh
  dw 01280h,base+00BF0h
  dw 01280h,base+00C02h
  dw 01281h,base+00C14h
  dw 01180h,base+00D5Dh
  dw 0107Fh,base+01117h
  dw 01180h,base+00D6Eh
  dw 01180h,base+00D7Fh
  dw 01180h,base+00D90h
  dw 01180h,base+00DA1h
  dw 01180h,base+00DB2h
  dw 01180h,base+00DC3h
  dw 01180h,base+00DD4h
  dw 01180h,base+00DE5h
  dw 01180h,base+00DF6h
  dw 01180h,base+00E07h
  dw 01180h,base+00E18h
  dw 01180h,base+00E29h
  dw 01180h,base+00E3Ah
  dw 01180h,base+00E4Bh
  dw 01180h,base+00E5Ch
  dw 01181h,base+00E6Dh
  dw 0107Fh,base+01127h
  dw 0117Fh,base+00E7Eh
  dw 0117Fh,base+00E8Fh
  dw 0117Fh,base+00EA0h
  dw 0127Fh,base+00C26h
  dw 0137Fh,base+00B15h
  dw 0147Fh,base+00A8Fh
  dw 0157Eh,base+00973h
  dw 01780h,base+007D4h
  dw 0177Fh,base+007EBh
  dw 00F12h,base+0143Eh
  dw 0056Eh,base+037D2h
  dw 00E12h,base+0188Fh
  dw 0056Dh,base+037D7h
  dw 00714h,base+030DEh
  dw 0046Ch,base+03B61h
  dw 00715h,base+030E5h
  dw 0036Ah,base+00869h
  dw 00717h,base+030ECh
  dw 00264h,base+02E8Eh
  dw 00C1Ch,base+01F21h
  dw 00264h,base+0086Ah
  dw 00B1Ch,base+02230h
  dw 00263h,base+02E8Eh
  dw 00B1Dh,base+0223Bh
  dw 00263h,base+00004h
  dw 0081Dh,base+02DEAh
  dw 00363h,base+02948h
  dw 0071Dh,base+030F3h
  dw 00363h,base+03CA4h
  dw 0061Ch,base+0342Eh
  dw 00465h,base+03B65h
  dw 0051Bh,base+037DCh
  dw 00464h,base+03B69h
  dw 0041Ch,base+02384h
  dw 00464h,base+00254h
  dw 0031Ch,base+00B49h
  dw 00481h,base+03B6Dh
  dw 00300h,base+00211h

dhalsimPage1frame021:
  db 054h,025h,056h,05Fh
  db 09Ah
  db 08Bh,022h,009h,055h,056h
  db 054h,06Bh
  db 070h,06Bh
  dw 00380h,base+03CA7h
  dw 0037Fh,base+03CAAh
  dw 00580h,base+037E1h
  dw 00580h,base+037E6h
  dw 00580h,base+037EBh
  dw 0057Ch,base+00A90h
  dw 00204h,base+0000Ah
  dw 0057Ch,base+037F0h
  dw 00304h,base+0020Eh
  dw 0057Bh,base+037F5h
  dw 00A76h,base+0266Dh
  dw 0020Ah,base+00208h
  dw 00A76h,base+02677h
  dw 0030Ah,base+000F7h
  dw 00A75h,base+02681h
  dw 0040Bh,base+016CBh
  dw 00A75h,base+0268Bh
  dw 0050Bh,base+037FAh
  dw 0090Bh,base+02AF2h
  dw 00102h,base+00039h
  dw 0015Eh,base+00000h
  dw 00209h,base+0000Ah
  dw 0060Ch,base+03434h
  dw 00A0Bh,base+02695h
  dw 00260h,base+00291h
  dw 00209h,base+007E8h
  dw 0060Ch,base+0343Ah
  dw 00E6Bh,base+0189Dh
  dw 00308h,base+002DBh
  dw 0080Dh,base+02DF2h
  dw 00E6Bh,base+018ABh
  dw 00308h,base+0000Ah
  dw 0080Eh,base+02DFAh
  dw 00C6Bh,base+01F2Dh
  dw 00206h,base+00221h
  dw 0090Fh,base+02AFBh
  dw 00D6Bh,base+01C79h
  dw 00306h,base+03CADh
  dw 0090Bh,base+02B04h
  dw 00203h,base+00254h
  dw 00E64h,base+018B9h
  dw 00108h,base+0002Dh
  dw 00305h,base+03BFCh
  dw 01D73h,base+00465h
  dw 00108h,base+0002Dh
  dw 00405h,base+014C5h
  dw 00607h,base+03440h
  dw 0166Ch,base+008C9h
  dw 00209h,base+0026Ah
  dw 02077h,base+00336h
  dw 00309h,base+003F0h
  dw 02077h,base+00356h
  dw 00407h,base+03B71h
  dw 02379h,base+002ADh
  dw 02A81h,base+0020Dh
  dw 02980h,base+00237h
  dw 02980h,base+00260h
  dw 02425h,base+00289h
  dw 0045Ch,base+004D5h
  dw 02223h,base+00314h
  dw 0055Dh,base+037FFh
  dw 01E23h,base+003F0h
  dw 0055Dh,base+03804h
  dw 00207h,base+00037h
  dw 0151Bh,base+00988h
  dw 0065Eh,base+03446h
  dw 00208h,base+00030h
  dw 00205h,base+00027h
  dw 00E15h,base+018C7h
  dw 0065Eh,base+0344Ch
  dw 0020Eh,base+00023h
  dw 00D14h,base+01C86h
  dw 0066Eh,base+03452h
  dw 00A13h,base+0269Fh
  dw 0056Dh,base+03809h
  dw 00809h,base+02E02h
  dw 0010Ah,base+00001h
  dw 00571h,base+0380Eh
  dw 00310h,base+00211h
  dw 00381h,base+03CB0h
  dw 00200h,base+00027h

dhalsimPage1frame022:
  db 04Eh,03Fh,046h,025h
  db 07Eh
  db 070h,023h,01Bh,046h,04Bh
  db 048h,064h
  db 06Ah,05Ah
  dw 00203h,base+00027h
  dw 0027Dh,base+00027h
  dw 0057Fh,base+03813h
  dw 0077Fh,base+030FAh
  dw 0087Eh,base+02E0Ah
  dw 00A7Fh,base+026A9h
  dw 00B80h,base+02246h
  dw 00B7Fh,base+02251h
  dw 00C80h,base+01F39h
  dw 0080Ah,base+02E12h
  dw 00176h,base+00001h
  dw 0090Eh,base+02B0Dh
  dw 00272h,base+00254h
  dw 0090Dh,base+02B16h
  dw 00373h,base+03962h
  dw 00A0Dh,base+026B3h
  dw 00373h,base+007FEh
  dw 00B0Dh,base+0225Ch
  dw 00473h,base+03B75h
  dw 00B0Dh,base+02267h
  dw 00473h,base+03B79h
  dw 00C0Dh,base+01F45h
  dw 00473h,base+03B7Dh
  dw 00C0Dh,base+01F51h
  dw 00473h,base+03B81h
  dw 00C0Dh,base+01F5Dh
  dw 00373h,base+0314Ah
  dw 00C0Dh,base+01F69h
  dw 00373h,base+00211h
  dw 00C0Dh,base+01F75h
  dw 00374h,base+024E9h
  dw 00B0Ch,base+02272h
  dw 00374h,base+01A26h
  dw 00A0Ch,base+026BDh
  dw 00475h,base+03B85h
  dw 0090Ah,base+02B1Fh
  dw 00577h,base+03818h
  dw 00809h,base+02E1Ah
  dw 00577h,base+0381Dh
  dw 00E80h,base+018D5h
  dw 00E80h,base+018E3h
  dw 00D80h,base+01C93h
  dw 00D80h,base+01CA0h
  dw 00C80h,base+01F81h
  dw 00B80h,base+0227Dh
  dw 00B80h,base+02288h
  dw 00B80h,base+02293h
  dw 00B81h,base+0229Eh
  dw 0097Fh,base+02B28h
  dw 00A80h,base+026C7h
  dw 00980h,base+02B31h
  dw 0077Fh,base+03101h
  dw 0087Fh,base+02E22h
  dw 0097Dh,base+02B3Ah
  dw 00B7Fh,base+022A9h
  dw 00C7Fh,base+01F8Dh
  dw 0107Dh,base+01137h
  dw 0137Fh,base+00B28h
  dw 01580h,base+0099Dh
  dw 01572h,base+009B2h
  dw 0010Dh,base+00026h
  dw 01673h,base+008DFh
  dw 0020Ch,base+00292h
  dw 01774h,base+00802h
  dw 0020Bh,base+00C81h
  dw 01876h,base+00606h
  dw 00209h,base+0029Eh
  dw 01877h,base+0061Eh
  dw 00308h,base+008E4h
  dw 01978h,base+0058Ch
  dw 00407h,base+01CA0h
  dw 01979h,base+005A5h
  dw 00E11h,base+018F1h
  dw 00305h,base+00211h
  dw 00A6Bh,base+026D1h
  dw 00D14h,base+01CADh
  dw 00A6Ch,base+026DBh
  dw 00C14h,base+01F99h
  dw 00A6Dh,base+026E5h
  dw 00B13h,base+022B4h
  dw 0096Dh,base+02B43h
  dw 00A13h,base+026EFh
  dw 0066Dh,base+03458h
  dw 00304h,base+01B9Ch
  dw 0050Fh,base+00283h
  dw 0056Dh,base+03822h
  dw 00313h,base+00C03h
  dw 0046Dh,base+03B89h
  dw 00213h,base+00040h
  dw 0046Eh,base+03B8Dh
  dw 00112h,base+00002h
  dw 00380h,base+03CB3h
  dw 00380h,base+03918h
  dw 00380h,base+00129h
  dw 00280h,base+00023h
  dw 00100h,base+00001h

dhalsimPage1frame023:
  db 042h,042h,052h,026h
  db 07Eh
  db 053h,040h,02Ch,071h,022h
  db 054h,056h
  db 06Bh,048h
  dw 00280h,base+0000Ah
  dw 0037Fh,base+00155h
  dw 0047Ah,base+01C60h
  dw 00206h,base+00254h
  dw 00579h,base+03827h
  dw 00407h,base+03B91h
  dw 00679h,base+0345Eh
  dw 00407h,base+03B95h
  dw 00779h,base+03108h
  dw 00407h,base+03B99h
  dw 00879h,base+02E2Ah
  dw 00506h,base+0382Ch
  dw 0097Ah,base+02B4Ch
  dw 01080h,base+01147h
  dw 01080h,base+01157h
  dw 01180h,base+00EB1h
  dw 01280h,base+00C38h
  dw 01280h,base+00C4Ah
  dw 01381h,base+00B3Bh
  dw 01281h,base+00C5Ch
  dw 00A0Ch,base+026F9h
  dw 00571h,base+03831h
  dw 00D0Fh,base+01CBAh
  dw 00570h,base+03836h
  dw 00E10h,base+018FFh
  dw 00570h,base+0383Bh
  dw 00E10h,base+0190Dh
  dw 00570h,base+03840h
  dw 00E10h,base+0191Bh
  dw 0046Fh,base+03B9Dh
  dw 00F11h,base+0144Dh
  dw 0046Fh,base+03BA1h
  dw 00F12h,base+0145Ch
  dw 0016Dh,base+00064h
  dw 01013h,base+01167h
  dw 0016Ch,base+00001h
  dw 01180h,base+00EC2h
  dw 01180h,base+00ED3h
  dw 0117Fh,base+00EE4h
  dw 01280h,base+00C6Eh
  dw 00609h,base+03464h
  dw 00B75h,base+022BFh
  dw 00809h,base+02E32h
  dw 00E77h,base+01929h
  dw 00708h,base+0310Fh
  dw 00E77h,base+01937h
  dw 00709h,base+03116h
  dw 00E77h,base+01945h
  dw 00609h,base+0346Ah
  dw 00E77h,base+01953h
  dw 00509h,base+03845h
  dw 00E75h,base+01961h
  dw 0070Bh,base+0311Dh
  dw 00E75h,base+0196Fh
  dw 0060Bh,base+03470h
  dw 00F74h,base+0146Bh
  dw 0060Ch,base+03476h
  dw 00F73h,base+0147Ah
  dw 0060Dh,base+0347Ch
  dw 00F72h,base+01489h
  dw 0060Fh,base+03482h
  dw 00F71h,base+01498h
  dw 0060Fh,base+03488h
  dw 00F71h,base+014A7h
  dw 0060Fh,base+0348Eh
  dw 00F71h,base+014B6h
  dw 00410h,base+03BA5h
  dw 00E70h,base+0197Dh
  dw 00410h,base+03BA9h
  dw 00D71h,base+01CC7h
  dw 00310h,base+03CB6h
  dw 00C70h,base+01FA5h
  dw 00310h,base+01275h
  dw 00C71h,base+01FB1h
  dw 0010Fh,base+00001h
  dw 00B81h,base+022CAh
  dw 00A80h,base+02703h
  dw 00981h,base+02B55h
  dw 00980h,base+02B5Eh
  dw 00A80h,base+0270Dh
  dw 00A80h,base+02717h
  dw 00A80h,base+02721h
  dw 00A80h,base+0272Bh
  dw 00A81h,base+02735h
  dw 00980h,base+02B67h
  dw 00980h,base+02B70h
  dw 00980h,base+02B79h
  dw 00207h,base+0006Dh
  dw 00379h,base+00097h
  dw 00207h,base+00009h
  dw 00379h,base+00418h
  dw 00207h,base+00377h
  dw 00379h,base+00418h
  dw 00207h,base+0003Ah
  dw 00379h,base+005C8h
  dw 00107h,base+00002h
  dw 00379h,base+03CB9h
  dw 00107h,base+00004h
  dw 00379h,base+03CB9h
  dw 00107h,base+00064h
  dw 00379h,base+0060Eh
  dw 00107h,base+00039h
  dw 00379h,base+03CBCh
  dw 00106h,base+00001h
  dw 00480h,base+03BADh
  dw 00300h,base+00211h

dhalsimPage1frame024:
  db 066h,04Ah,02Eh,026h
  db 07Eh
  db 052h,041h,028h,02Eh,060h
  db 030h,072h
  db 04Ah,05Dh
  dw 00280h,base+0000Ah
  dw 0037Fh,base+00155h
  dw 0047Ah,base+01C60h
  dw 00206h,base+00254h
  dw 00579h,base+03827h
  dw 00407h,base+03B91h
  dw 00679h,base+0345Eh
  dw 00407h,base+03B95h
  dw 00779h,base+03108h
  dw 00407h,base+03B99h
  dw 00879h,base+02E2Ah
  dw 00506h,base+0382Ch
  dw 0097Ah,base+02B4Ch
  dw 01080h,base+01147h
  dw 01080h,base+01157h
  dw 01180h,base+00EB1h
  dw 01280h,base+00C38h
  dw 01280h,base+00C4Ah
  dw 01381h,base+00B3Bh
  dw 01281h,base+00C5Ch
  dw 00A0Ch,base+026F9h
  dw 00571h,base+03831h
  dw 00D0Fh,base+01CBAh
  dw 00570h,base+03836h
  dw 00E10h,base+018FFh
  dw 00570h,base+0383Bh
  dw 00E10h,base+0190Dh
  dw 00570h,base+03840h
  dw 00E10h,base+0198Bh
  dw 0046Fh,base+03B9Dh
  dw 00F11h,base+014C5h
  dw 0046Fh,base+03BA1h
  dw 00F12h,base+014D4h
  dw 0016Eh,base+00064h
  dw 00F12h,base+014E3h
  dw 0016Dh,base+00001h
  dw 01080h,base+01177h
  dw 0107Fh,base+01187h
  dw 01180h,base+00EF5h
  dw 0117Fh,base+00F06h
  dw 00609h,base+03494h
  dw 00B76h,base+022BFh
  dw 00608h,base+0349Ah
  dw 00E77h,base+01929h
  dw 00608h,base+034A0h
  dw 00E78h,base+01937h
  dw 00508h,base+0384Ah
  dw 00E77h,base+01945h
  dw 00509h,base+0384Fh
  dw 00E77h,base+01953h
  dw 00509h,base+03854h
  dw 00E76h,base+01961h
  dw 0050Ah,base+03859h
  dw 00E75h,base+0196Fh
  dw 0050Bh,base+00F05h
  dw 00F75h,base+0146Bh
  dw 0040Bh,base+03BB1h
  dw 00F74h,base+0147Ah
  dw 0050Ch,base+0385Eh
  dw 00F74h,base+01489h
  dw 0040Dh,base+00976h
  dw 00F72h,base+01498h
  dw 0040Eh,base+007F1h
  dw 00F72h,base+014A7h
  dw 0040Eh,base+00434h
  dw 00F71h,base+014B6h
  dw 00410h,base+0000Ah
  dw 00E6Fh,base+0197Dh
  dw 00411h,base+0000Ah
  dw 00D6Eh,base+01CC7h
  dw 00413h,base+0000Ah
  dw 00C6Ch,base+01FA5h
  dw 00414h,base+0000Ah
  dw 00C6Bh,base+01FB1h
  dw 00515h,base+0000Ah
  dw 00B6Bh,base+022CAh
  dw 00416h,base+00976h
  dw 00A69h,base+02703h
  dw 00517h,base+03863h
  dw 00969h,base+02B55h
  dw 00418h,base+03BB5h
  dw 00967h,base+02B5Eh
  dw 00519h,base+03868h
  dw 00A67h,base+0270Dh
  dw 00419h,base+00C70h
  dw 00A66h,base+02717h
  dw 0051Ah,base+0386Dh
  dw 00A66h,base+02721h
  dw 0041Ah,base+005CBh
  dw 00A65h,base+0272Bh
  dw 0041Bh,base+03BB9h
  dw 00A65h,base+02735h
  dw 0041Ch,base+03BBDh
  dw 00963h,base+02B67h
  dw 0041Dh,base+0228Ch
  dw 00962h,base+02B70h
  dw 0051Eh,base+03863h
  dw 00962h,base+02B79h
  dw 0041Eh,base+00AF5h
  dw 00207h,base+0006Dh
  dw 0035Ah,base+00097h
  dw 0041Fh,base+00769h
  dw 00207h,base+00009h
  dw 0035Ah,base+00418h
  dw 0041Fh,base+02339h
  dw 00207h,base+00377h
  dw 00359h,base+00418h
  dw 00420h,base+003DAh
  dw 00207h,base+0003Ah
  dw 00358h,base+005C8h
  dw 00421h,base+03BC1h
  dw 00107h,base+00002h
  dw 00358h,base+03CB9h
  dw 00421h,base+03BC5h
  dw 00107h,base+00004h
  dw 00356h,base+03CB9h
  dw 00523h,base+0311Dh
  dw 00107h,base+00064h
  dw 00356h,base+0060Eh
  dw 00523h,base+03872h
  dw 00107h,base+00039h
  dw 00355h,base+03CBCh
  dw 00524h,base+03476h
  dw 00106h,base+00001h
  dw 00455h,base+03BADh
  dw 0062Bh,base+0347Ch
  dw 00354h,base+00211h
  dw 00680h,base+03482h
  dw 00680h,base+03488h
  dw 00680h,base+0348Eh
  dw 00480h,base+03BA5h
  dw 00481h,base+03BA9h
  dw 00380h,base+03CB6h
  dw 00381h,base+01275h
  dw 00100h,base+00001h

dhalsimPage1frame025:
  db 022h,053h,070h,031h
  db 084h
  db 077h,022h,037h,074h,022h
  db 000h,000h
  db 000h,000h
  dw 0027Fh,base+00023h
  dw 0037Bh,base+03CBFh
  dw 00105h,base+00039h
  dw 0047Bh,base+02E61h
  dw 00305h,base+03CC2h
  dw 0047Bh,base+038A1h
  dw 00304h,base+0064Eh
  dw 0057Ch,base+03877h
  dw 00304h,base+032F7h
  dw 0057Ch,base+0387Ch
  dw 00304h,base+002C7h
  dw 0067Ch,base+034A6h
  dw 00305h,base+004D2h
  dw 00579h,base+03881h
  dw 00102h,base+00000h
  dw 00304h,base+01122h
  dw 0067Ah,base+01A09h
  dw 00506h,base+03886h
  dw 00879h,base+02E3Ah
  dw 00708h,base+03124h
  dw 00778h,base+0312Bh
  dw 01080h,base+01197h
  dw 01080h,base+011A7h
  dw 01080h,base+011B7h
  dw 01081h,base+011C7h
  dw 00F81h,base+014F2h
  dw 00E80h,base+01999h
  dw 00E81h,base+019A7h
  dw 00D7Fh,base+01CD4h
  dw 00E80h,base+019B5h
  dw 00E80h,base+019C3h
  dw 00E80h,base+019D1h
  dw 00E80h,base+019DFh
  dw 00E80h,base+019EDh
  dw 00E80h,base+019FBh
  dw 00305h,base+0066Eh
  dw 0097Bh,base+02B82h
  dw 00306h,base+01550h
  dw 0087Bh,base+02E42h
  dw 00105h,base+00002h
  dw 00880h,base+02E4Ah
  dw 00780h,base+03132h
  dw 00781h,base+03139h
  dw 00680h,base+034ACh
  dw 00680h,base+034B2h
  dw 0067Fh,base+034B8h
  dw 00780h,base+03140h
  dw 00780h,base+03147h
  dw 00780h,base+0314Eh
  dw 0077Fh,base+03155h
  dw 0087Fh,base+02E52h
  dw 00980h,base+02B8Bh
  dw 00980h,base+02B94h
  dw 00980h,base+02B9Dh
  dw 00980h,base+02BA6h
  dw 00980h,base+02BAFh
  dw 00980h,base+02BB8h
  dw 0097Fh,base+02BC1h
  dw 00A80h,base+0273Fh
  dw 00A80h,base+02749h
  dw 00405h,base+0238Fh
  dw 0057Bh,base+0388Bh
  dw 00405h,base+03BC9h
  dw 0047Ah,base+03BCDh
  dw 00506h,base+03890h
  dw 0047Ah,base+03BD1h
  dw 00406h,base+00233h
  dw 0047Ah,base+00954h
  dw 00406h,base+019EAh
  dw 0047Ah,base+03BD5h
  dw 00306h,base+002A5h
  dw 00479h,base+03935h
  dw 00407h,base+03BD9h
  dw 00379h,base+013ECh
  dw 00307h,base+00C03h
  dw 00379h,base+01B9Ch
  dw 00307h,base+0049Ah
  dw 00379h,base+03CC5h
  dw 00307h,base+0377Eh
  dw 00379h,base+03CC8h
  dw 00407h,base+03BDDh
  dw 0037Ah,base+024B7h
  dw 00306h,base+00184h
  dw 0047Ah,base+03BE1h
  dw 00306h,base+00068h
  dw 0047Ah,base+03BE5h
  dw 00307h,base+03581h
  dw 00379h,base+03CCBh
  dw 00307h,base+03CCEh
  dw 00379h,base+03CD1h
  dw 00307h,base+03518h
  dw 00379h,base+03CD4h
  dw 00307h,base+027C5h
  dw 00379h,base+035CBh
  dw 00307h,base+012F1h
  dw 00379h,base+03A0Dh
  dw 00308h,base+001DEh
  dw 00278h,base+010D2h
  dw 00208h,base+00096h
  dw 00278h,base+01D78h
  dw 00208h,base+00A65h
  dw 00278h,base+00027h
  dw 00208h,base+02D53h
  dw 00278h,base+002F7h
  dw 00208h,base+00A65h
  dw 00278h,base+02438h
  dw 00208h,base+00228h
  dw 00277h,base+002F7h
  dw 00309h,base+039B6h
  dw 00277h,base+00FA3h
  dw 00209h,base+002F7h
  dw 00277h,base+002F7h
  dw 00209h,base+01CF5h
  dw 00277h,base+01EC8h
  dw 00209h,base+00004h
  dw 00277h,base+00027h
  dw 00209h,base+00235h
  dw 00276h,base+0000Ah
  dw 0030Ah,base+003F7h
  dw 00375h,base+002A5h
  dw 0050Ah,base+0371Ah
  dw 00474h,base+00518h
  dw 0070Ch,base+0315Ch
  dw 00474h,base+03BE9h
  dw 0070Ah,base+03163h
  dw 00676h,base+034BEh
  dw 0060Ah,base+00AFFh
  dw 00678h,base+034C4h
  dw 00102h,base+00001h
  dw 00206h,base+00027h
  dw 00680h,base+034CAh
  dw 00500h,base+00283h


