  dw dhalsimPage3frame000
  dw dhalsimPage3frame001
  dw dhalsimPage3frame002
  dw dhalsimPage3frame003
  dw dhalsimPage3frame004
  dw dhalsimPage3frame005
  dw dhalsimPage3frame006
  dw dhalsimPage3frame007
  dw dhalsimPage3frame008
  dw dhalsimPage3frame009
  dw dhalsimPage3frame010
  dw dhalsimPage3frame011
  dw dhalsimPage3frame012
  dw dhalsimPage3frame013
  dw dhalsimPage3frame014
  dw dhalsimPage3frame015
  dw dhalsimPage3frame016
  dw dhalsimPage3frame017
  dw dhalsimPage3frame018
  dw dhalsimPage3frame019
  dw dhalsimPage3frame020
  dw dhalsimPage3frame021
  dw dhalsimPage3frame022
  dw dhalsimPage3frame023
  dw dhalsimPage3frame024
  dw dhalsimPage3frame025
  dw dhalsimPage3frame026

dhalsimPage3frame000:
  db 024h,03Bh,06Ch,049h
  db 080h
  dw base+00000h
  dw 0027Fh
  dw 0037Ah
  dw 00306h
  dw 00479h
  dw 00507h
  dw 00479h
  dw 00506h
  dw 0057Ah
  dw 00B80h
  dw 00B80h
  dw 00C80h
  dw 00C80h
  dw 00C81h
  dw 00A80h
  dw 00B81h
  dw 00C7Fh
  dw 00E7Fh
  dw 00F80h
  dw 00F7Fh
  dw 01181h
  dw 0107Fh
  dw 01181h
  dw 01080h
  dw 01080h
  dw 00F82h
  dw 00D81h
  dw 00B80h
  dw 00A81h
  dw 00980h
  dw 00981h
  dw 00781h
  dw 00680h
  dw 00579h
  dw 00206h
  dw 00779h
  dw 00407h
  dw 00779h
  dw 00508h
  dw 00678h
  dw 00608h
  dw 00678h
  dw 00F80h
  dw 00F80h
  dw 00F80h
  dw 00F81h
  dw 00E80h
  dw 00E81h
  dw 00C80h
  dw 00C81h
  dw 00B80h
  dw 00B81h
  dw 00980h
  dw 00980h
  dw 00A81h
  dw 00B80h
  dw 00B80h
  dw 00C80h
  dw 00204h
  dw 0087Ch
  dw 00208h
  dw 00477h
  dw 00409h
  dw 00376h
  dw 0050Ah
  dw 00374h
  dw 0070Ch
  dw 00374h
  dw 0070Bh
  dw 00475h
  dw 0060Ah
  dw 00578h
  dw 00102h
  dw 00206h
  dw 00581h
  dw 00300h

dhalsimPage3frame001:
  db 030h,04Eh,068h,035h
  db 088h
  dw base+00286h
  dw 0037Fh
  dw 00480h
  dw 0057Fh
  dw 00680h
  dw 0067Fh
  dw 00880h
  dw 0097Fh
  dw 00A7Bh
  dw 00204h
  dw 00C7Ch
  dw 0107Fh
  dw 01180h
  dw 01280h
  dw 01280h
  dw 0117Bh
  dw 00305h
  dw 0117Bh
  dw 00506h
  dw 00F79h
  dw 00607h
  dw 00F79h
  dw 01680h
  dw 01580h
  dw 01580h
  dw 01581h
  dw 00C0Eh
  dw 00672h
  dw 00102h
  dw 00A0Ch
  dw 00674h
  dw 00607h
  dw 00305h
  dw 00675h
  dw 00406h
  dw 00102h
  dw 00103h
  dw 0067Bh
  dw 00104h
  dw 0067Ch
  dw 00103h
  dw 00880h
  dw 0087Fh
  dw 0097Fh
  dw 00A80h
  dw 00A7Fh
  dw 00B80h
  dw 00B80h
  dw 00B80h
  dw 00B81h
  dw 00A80h
  dw 0097Fh
  dw 00A80h
  dw 00A80h
  dw 00A7Fh
  dw 00A80h
  dw 00405h
  dw 0057Ah
  dw 00506h
  dw 0047Ah
  dw 00406h
  dw 0047Ah
  dw 00405h
  dw 0047Bh
  dw 00305h
  dw 0047Ch
  dw 00204h
  dw 0037Ch
  dw 00304h
  dw 0037Ch
  dw 00304h
  dw 0047Ch
  dw 00304h
  dw 0047Bh
  dw 00406h
  dw 0047Ah
  dw 00406h
  dw 0047Ah
  dw 00406h
  dw 0047Ah
  dw 00306h
  dw 0047Ah
  dw 00307h
  dw 00379h
  dw 00307h
  dw 00379h
  dw 00307h
  dw 00379h
  dw 00307h
  dw 00379h
  dw 00207h
  dw 00379h
  dw 00207h
  dw 00379h
  dw 00207h
  dw 00379h
  dw 00207h
  dw 00379h
  dw 00208h
  dw 00277h
  dw 00309h
  dw 00276h
  dw 0040Ah
  dw 00275h
  dw 0050Bh
  dw 00375h
  dw 0050Ah
  dw 00475h
  dw 0060Bh
  dw 00474h
  dw 0070Ch
  dw 00473h
  dw 0080Dh
  dw 00473h
  dw 0050Ch
  dw 00575h
  dw 0030Bh
  dw 00576h
  dw 00109h
  dw 00580h
  dw 0057Fh
  dw 00580h
  dw 00581h
  dw 00481h
  dw 00200h

dhalsimPage3frame002:
  db 024h,03Dh,06Ah,047h
  db 082h
  dw base+00584h
  dw 00380h
  dw 0047Fh
  dw 00580h
  dw 00580h
  dw 00580h
  dw 00580h
  dw 00580h
  dw 00580h
  dw 00581h
  dw 0057Ch
  dw 00A80h
  dw 00A7Fh
  dw 00B80h
  dw 00B80h
  dw 00B80h
  dw 00B80h
  dw 00B7Dh
  dw 00104h
  dw 00A7Ch
  dw 00104h
  dw 00A7Bh
  dw 00305h
  dw 00A7Ah
  dw 00406h
  dw 00A7Ah
  dw 00405h
  dw 00B7Bh
  dw 01080h
  dw 01080h
  dw 01080h
  dw 01080h
  dw 00102h
  dw 00E80h
  dw 00E80h
  dw 00E80h
  dw 00E80h
  dw 00D81h
  dw 00B7Ch
  dw 00204h
  dw 00A7Ch
  dw 00308h
  dw 00677h
  dw 00508h
  dw 00778h
  dw 00608h
  dw 00778h
  dw 00F80h
  dw 00F80h
  dw 00F81h
  dw 00E80h
  dw 00E81h
  dw 00D80h
  dw 00D81h
  dw 00C80h
  dw 00C81h
  dw 00A80h
  dw 00A81h
  dw 00980h
  dw 00980h
  dw 00B80h
  dw 00C81h
  dw 00B80h
  dw 00204h
  dw 0077Ch
  dw 00207h
  dw 00478h
  dw 00309h
  dw 00376h
  dw 0040Ah
  dw 00374h
  dw 0060Bh
  dw 00475h
  dw 0060Ah
  dw 00576h
  dw 0060Ah
  dw 00576h
  dw 00104h
  dw 00106h
  dw 00480h
  dw 00400h

dhalsimPage3frame003:
  db 036h,04Bh,06Ch,035h
  db 088h
  dw base+00806h
  dw 0027Dh
  dw 00103h
  dw 00209h
  dw 00173h
  dw 00709h
  dw 00204h
  dw 00273h
  dw 00708h
  dw 00305h
  dw 00372h
  dw 01280h
  dw 01280h
  dw 01280h
  dw 01180h
  dw 0117Bh
  dw 00204h
  dw 0127Bh
  dw 0177Fh
  dw 01880h
  dw 0197Fh
  dw 01A80h
  dw 01A80h
  dw 01A80h
  dw 00A0Bh
  dw 00F76h
  dw 00102h
  dw 00608h
  dw 00F78h
  dw 00508h
  dw 00F79h
  dw 00308h
  dw 0080Ah
  dw 00476h
  dw 0080Ah
  dw 00377h
  dw 0070Ah
  dw 00276h
  dw 00778h
  dw 00207h
  dw 00879h
  dw 00307h
  dw 00778h
  dw 00508h
  dw 00778h
  dw 00607h
  dw 00779h
  dw 00F80h
  dw 00F80h
  dw 00F80h
  dw 00E80h
  dw 00E80h
  dw 00E80h
  dw 00E80h
  dw 00F80h
  dw 00F80h
  dw 00F80h
  dw 00405h
  dw 00A7Bh
  dw 00405h
  dw 00A7Bh
  dw 00406h
  dw 00975h
  dw 00204h
  dw 00407h
  dw 00975h
  dw 00204h
  dw 00408h
  dw 00774h
  dw 00304h
  dw 00409h
  dw 00673h
  dw 00304h
  dw 0040Ah
  dw 00472h
  dw 0070Eh
  dw 00472h
  dw 0070Eh
  dw 00372h
  dw 0070Eh
  dw 00472h
  dw 0070Eh
  dw 00472h
  dw 0060Eh
  dw 00472h
  dw 0060Eh
  dw 00474h
  dw 0040Ch
  dw 00374h
  dw 0040Ch
  dw 00475h
  dw 0030Bh
  dw 00475h
  dw 0030Bh
  dw 00476h
  dw 0020Ah
  dw 00476h
  dw 0020Ah
  dw 00476h
  dw 0010Ah
  dw 00380h
  dw 00380h
  dw 00380h
  dw 00380h
  dw 00381h
  dw 00280h
  dw 0027Fh
  dw 00380h
  dw 00380h
  dw 00380h
  dw 00380h
  dw 00380h
  dw 0037Fh
  dw 00580h
  dw 00580h
  dw 00580h
  dw 00580h
  dw 00481h
  dw 00300h

dhalsimPage3frame004:
  db 03Ah,031h,060h,054h
  db 066h
  dw base+00B58h
  dw 0010Fh
  dw 0026Fh
  dw 00311h
  dw 0036Eh
  dw 00412h
  dw 0046Eh
  dw 00412h
  dw 0046Eh
  dw 00412h
  dw 0046Eh
  dw 00412h
  dw 0046Eh
  dw 00412h
  dw 0046Eh
  dw 00412h
  dw 0046Eh
  dw 00410h
  dw 00571h
  dw 00304h
  dw 00305h
  dw 00105h
  dw 00672h
  dw 00A0Eh
  dw 00672h
  dw 00B0Eh
  dw 00672h
  dw 00B0Eh
  dw 00671h
  dw 00C0Fh
  dw 00671h
  dw 00C0Fh
  dw 00671h
  dw 00C0Fh
  dw 00671h
  dw 00C0Fh
  dw 00571h
  dw 00405h
  dw 0080Ah
  dw 00572h
  dw 00205h
  dw 00709h
  dw 00472h
  dw 00208h
  dw 00406h
  dw 00407h
  dw 00173h
  dw 00406h
  dw 00406h
  dw 00374h
  dw 00406h
  dw 00406h
  dw 00374h
  dw 00506h
  dw 00405h
  dw 00575h
  dw 00A0Bh
  dw 00575h
  dw 00A0Bh
  dw 00675h
  dw 00A0Bh
  dw 00775h
  dw 00A0Ch
  dw 00675h
  dw 01180h
  dw 0127Fh
  dw 00D0Eh
  dw 00572h
  dw 01480h
  dw 00B0Ch
  dw 00874h
  dw 00B0Ch
  dw 00203h
  dw 00572h
  dw 00D0Fh
  dw 00471h
  dw 00D0Fh
  dw 00471h
  dw 00D0Eh
  dw 00571h
  dw 01480h
  dw 01480h
  dw 01381h
  dw 01280h
  dw 01181h
  dw 01081h
  dw 00E80h
  dw 00E81h
  dw 00D81h
  dw 00C80h
  dw 00B82h
  dw 00981h
  dw 00204h
  dw 00100h

dhalsimPage3frame005:
  db 04Ch,01Ch,06Eh,069h
  db 086h
  dw base+00E09h
  dw 0017Fh
  dw 00380h
  dw 0040Bh
  dw 00175h
  dw 0050Ah
  dw 00375h
  dw 0070Ah
  dw 00476h
  dw 0080Ah
  dw 00576h
  dw 0090Ah
  dw 0070Ah
  dw 0026Ch
  dw 01112h
  dw 0056Dh
  dw 01880h
  dw 01880h
  dw 00405h
  dw 0137Ah
  dw 00406h
  dw 0137Ah
  dw 00407h
  dw 01679h
  dw 00407h
  dw 01678h
  dw 00407h
  dw 01779h
  dw 00407h
  dw 01878h
  dw 00407h
  dw 01979h
  dw 00306h
  dw 01A79h
  dw 00407h
  dw 01A78h
  dw 00407h
  dw 01B79h
  dw 00407h
  dw 01B78h
  dw 00408h
  dw 01B77h
  dw 00509h
  dw 01B75h
  dw 0070Ch
  dw 01974h
  dw 0070Ch
  dw 01976h
  dw 00103h
  dw 0020Ah
  dw 00309h
  dw 00C83h
  dw 00305h
  dw 0037Ch
  dw 00100h

dhalsimPage3frame006:
  db 044h,03Dh,06Eh,047h
  db 08Eh
  dw base+01051h
  dw 0017Fh
  dw 0027Fh
  dw 00580h
  dw 00680h
  dw 00680h
  dw 00681h
  dw 0067Dh
  dw 00980h
  dw 00A7Fh
  dw 00B80h
  dw 00C80h
  dw 00C80h
  dw 00D81h
  dw 00608h
  dw 00478h
  dw 00608h
  dw 00579h
  dw 00508h
  dw 00679h
  dw 00507h
  dw 00779h
  dw 00E81h
  dw 00D81h
  dw 00C80h
  dw 00D80h
  dw 00D80h
  dw 00E7Fh
  dw 0117Fh
  dw 0127Eh
  dw 00102h
  dw 0127Eh
  dw 0157Bh
  dw 00103h
  dw 0177Ch
  dw 01011h
  dw 00A6Fh
  dw 01011h
  dw 00B6Fh
  dw 01012h
  dw 00A6Eh
  dw 00F12h
  dw 00A6Eh
  dw 00E13h
  dw 0096Dh
  dw 00E14h
  dw 0086Ch
  dw 00E14h
  dw 0086Ch
  dw 00304h
  dw 00A13h
  dw 00569h
  dw 00307h
  dw 00711h
  dw 00468h
  dw 00408h
  dw 00610h
  dw 00368h
  dw 00408h
  dw 00611h
  dw 00267h
  dw 00408h
  dw 00578h
  dw 00408h
  dw 00578h
  dw 00407h
  dw 00679h
  dw 00407h
  dw 00579h
  dw 00407h
  dw 00579h
  dw 00407h
  dw 00479h
  dw 00307h
  dw 00479h
  dw 00307h
  dw 00579h
  dw 00307h
  dw 00579h
  dw 00207h
  dw 00678h
  dw 00308h
  dw 0070Ah
  dw 0016Eh
  dw 00307h
  dw 0090Ah
  dw 0036Fh
  dw 00307h
  dw 00D79h
  dw 00207h
  dw 00D78h
  dw 00308h
  dw 00D77h
  dw 0040Ah
  dw 00D75h
  dw 0050Bh
  dw 00104h
  dw 00A70h
  dw 00613h
  dw 0076Ch
  dw 00716h
  dw 0056Ah
  dw 00717h
  dw 0056Bh
  dw 00203h
  dw 00114h
  dw 00382h
  dw 00100h

dhalsimPage3frame007:
  db 044h,04Eh,072h,036h
  db 090h
  dw base+01361h
  dw 0027Fh
  dw 00380h
  dw 00411h
  dw 0016Fh
  dw 0040Eh
  dw 00102h
  dw 00270h
  dw 0040Dh
  dw 00672h
  dw 0050Bh
  dw 00A75h
  dw 0050Ah
  dw 00A76h
  dw 00508h
  dw 00C76h
  dw 00709h
  dw 00E76h
  dw 00809h
  dw 00E77h
  dw 0177Fh
  dw 01780h
  dw 01780h
  dw 01480h
  dw 00E10h
  dw 00470h
  dw 00D0Fh
  dw 00471h
  dw 00C0Eh
  dw 00572h
  dw 00C0Dh
  dw 00673h
  dw 01380h
  dw 0117Fh
  dw 01280h
  dw 01180h
  dw 01180h
  dw 01080h
  dw 01080h
  dw 00F80h
  dw 00F80h
  dw 00A0Ch
  dw 00274h
  dw 0090Ch
  dw 00174h
  dw 0097Fh
  dw 00980h
  dw 00881h
  dw 00680h
  dw 00780h
  dw 00780h
  dw 00680h
  dw 00680h
  dw 0067Fh
  dw 00780h
  dw 00780h
  dw 00980h
  dw 00980h
  dw 00980h
  dw 00A80h
  dw 00B80h
  dw 00C80h
  dw 00C80h
  dw 00D80h
  dw 00E80h
  dw 00E80h
  dw 00E80h
  dw 00E80h
  dw 0060Ah
  dw 00376h
  dw 00509h
  dw 00478h
  dw 00408h
  dw 00478h
  dw 00308h
  dw 00378h
  dw 00308h
  dw 00378h
  dw 00308h
  dw 00377h
  dw 00409h
  dw 00376h
  dw 0050Ah
  dw 00376h
  dw 0050Ah
  dw 00375h
  dw 0060Bh
  dw 00374h
  dw 0070Ch
  dw 00373h
  dw 0080Eh
  dw 00270h
  dw 00A10h
  dw 0026Fh
  dw 00A11h
  dw 0026Fh
  dw 00911h
  dw 0026Fh
  dw 00711h
  dw 0026Fh
  dw 00411h
  dw 0026Fh
  dw 00311h
  dw 0026Fh
  dw 00311h
  dw 0036Fh
  dw 00311h
  dw 0046Fh
  dw 00311h
  dw 0056Fh
  dw 00311h
  dw 0076Fh
  dw 00511h
  dw 0076Fh
  dw 00511h
  dw 0076Fh
  dw 00512h
  dw 00103h
  dw 0016Ch
  dw 00400h

dhalsimPage3frame008:
  db 04Eh,039h,046h,04Bh
  db 068h
  dw base+016D5h
  dw 0017Fh
  dw 0047Fh
  dw 00780h
  dw 0087Fh
  dw 00A7Fh
  dw 00B80h
  dw 00C7Fh
  dw 0107Eh
  dw 01280h
  dw 0127Fh
  dw 01380h
  dw 0137Fh
  dw 01580h
  dw 01680h
  dw 01680h
  dw 01681h
  dw 01680h
  dw 0167Fh
  dw 00B0Dh
  dw 00A73h
  dw 00A0Dh
  dw 00B73h
  dw 0090Dh
  dw 00B72h
  dw 00A0Dh
  dw 00C73h
  dw 00A0Dh
  dw 00C72h
  dw 00B0Dh
  dw 00D73h
  dw 00A0Dh
  dw 00C72h
  dw 00B0Dh
  dw 00E71h
  dw 00D0Fh
  dw 00E71h
  dw 00C0Eh
  dw 00F71h
  dw 00D0Fh
  dw 00809h
  dw 00668h
  dw 00D0Eh
  dw 0090Ch
  dw 00466h
  dw 00D0Eh
  dw 0070Ch
  dw 00466h
  dw 00C0Eh
  dw 0060Ch
  dw 00566h
  dw 0090Eh
  dw 0060Ch
  dw 00666h
  dw 0090Fh
  dw 0060Ch
  dw 00565h
  dw 0080Fh
  dw 0060Ch
  dw 00665h
  dw 00507h
  dw 00109h
  dw 0050Bh
  dw 00664h
  dw 00611h
  dw 0050Bh
  dw 00664h
  dw 00412h
  dw 0040Bh
  dw 00663h
  dw 00312h
  dw 0050Ch
  dw 00562h
  dw 00313h
  dw 0040Ch
  dw 00461h
  dw 00313h
  dw 0040Ch
  dw 00560h
  dw 00415h
  dw 0040Bh
  dw 00560h
  dw 00415h
  dw 0050Ch
  dw 0045Fh
  dw 00316h
  dw 0040Bh
  dw 0045Fh
  dw 00316h
  dw 0050Ch
  dw 0045Eh
  dw 00217h
  dw 0040Ch
  dw 0045Dh
  dw 00217h
  dw 0040Ch
  dw 00474h
  dw 0040Dh
  dw 00373h
  dw 0030Dh
  dw 00373h
  dw 0030Dh
  dw 00373h
  dw 0030Ch
  dw 00473h
  dw 0040Dh
  dw 00473h
  dw 0040Dh
  dw 00473h
  dw 0040Ch
  dw 00573h
  dw 0050Dh
  dw 00573h
  dw 0050Dh
  dw 00474h
  dw 0030Ch
  dw 00400h

dhalsimPage3frame009:
  db 048h,04Dh,05Ah,036h
  db 098h
  dw base+01A55h
  dw 00363h
  dw 0031Dh
  dw 00304h
  dw 0015Dh
  dw 00102h
  dw 0031Dh
  dw 00561h
  dw 0051Fh
  dw 00462h
  dw 0041Eh
  dw 00561h
  dw 00511h
  dw 0020Dh
  dw 00662h
  dw 00610h
  dw 0030Dh
  dw 00763h
  dw 00710h
  dw 0030Dh
  dw 00763h
  dw 00710h
  dw 0040Dh
  dw 00664h
  dw 0060Fh
  dw 0040Dh
  dw 00466h
  dw 0040Dh
  dw 0040Ch
  dw 00468h
  dw 0040Bh
  dw 0050Dh
  dw 00468h
  dw 0040Bh
  dw 0050Bh
  dw 0066Ah
  dw 00708h
  dw 00203h
  dw 00506h
  dw 00304h
  dw 0076Bh
  dw 01B81h
  dw 01981h
  dw 01781h
  dw 01680h
  dw 01581h
  dw 01480h
  dw 01282h
  dw 00F81h
  dw 00E81h
  dw 00C80h
  dw 00B81h
  dw 00A80h
  dw 00A80h
  dw 00980h
  dw 00980h
  dw 00981h
  dw 00880h
  dw 00880h
  dw 00780h
  dw 00780h
  dw 00880h
  dw 00880h
  dw 00880h
  dw 00881h
  dw 00680h
  dw 00680h
  dw 0067Dh
  dw 00C80h
  dw 00C7Eh
  dw 0107Fh
  dw 0127Fh
  dw 0147Fh
  dw 01680h
  dw 01680h
  dw 01680h
  dw 01680h
  dw 01681h
  dw 00305h
  dw 00A0Ch
  dw 0036Fh
  dw 00406h
  dw 0080Ah
  dw 00470h
  dw 00406h
  dw 00107h
  dw 00103h
  dw 00470h
  dw 00410h
  dw 00470h
  dw 00410h
  dw 00470h
  dw 00410h
  dw 00470h
  dw 00410h
  dw 00470h
  dw 00410h
  dw 00470h
  dw 00311h
  dw 0036Fh
  dw 00311h
  dw 0036Fh
  dw 00311h
  dw 0036Fh
  dw 00311h
  dw 0036Fh
  dw 00311h
  dw 0036Fh
  dw 00212h
  dw 0026Eh
  dw 00212h
  dw 0026Eh
  dw 00212h
  dw 0026Eh
  dw 00212h
  dw 0026Eh
  dw 00212h
  dw 0026Eh
  dw 00212h
  dw 0026Dh
  dw 00313h
  dw 0036Dh
  dw 00313h
  dw 0036Ch
  dw 00414h
  dw 0046Ah
  dw 00616h
  dw 0066Ah
  dw 00616h
  dw 0066Ah
  dw 00616h
  dw 0066Ah
  dw 00102h
  dw 00102h
  dw 00212h
  dw 00203h
  dw 00102h
  dw 00100h

dhalsimPage3frame010:
  db 034h,055h,070h,02Fh
  db 098h
  dw base+01DDAh
  dw 0017Fh
  dw 00380h
  dw 0037Fh
  dw 0047Ch
  dw 00104h
  dw 0047Bh
  dw 00305h
  dw 0057Bh
  dw 00A80h
  dw 00A80h
  dw 00A7Fh
  dw 00B7Eh
  dw 00D7Fh
  dw 00F80h
  dw 00F7Fh
  dw 01080h
  dw 01080h
  dw 01080h
  dw 01080h
  dw 01080h
  dw 01080h
  dw 01080h
  dw 01080h
  dw 01180h
  dw 00B0Ch
  dw 00574h
  dw 00B0Ch
  dw 00574h
  dw 00B0Dh
  dw 00473h
  dw 00A0Dh
  dw 00573h
  dw 00A0Eh
  dw 00473h
  dw 0070Dh
  dw 00472h
  dw 0080Eh
  dw 00471h
  dw 0090Fh
  dw 00471h
  dw 0090Fh
  dw 00470h
  dw 00A0Fh
  dw 00471h
  dw 0090Fh
  dw 00471h
  dw 00A0Fh
  dw 00470h
  dw 00B0Fh
  dw 00471h
  dw 00B0Eh
  dw 00572h
  dw 00B0Eh
  dw 00572h
  dw 00B0Eh
  dw 00571h
  dw 00C0Eh
  dw 00672h
  dw 00C0Eh
  dw 00672h
  dw 00C0Eh
  dw 00672h
  dw 00C0Fh
  dw 00572h
  dw 00B0Fh
  dw 00371h
  dw 00B80h
  dw 00B80h
  dw 00A80h
  dw 00405h
  dw 0057Bh
  dw 00405h
  dw 0047Ah
  dw 00506h
  dw 0047Ah
  dw 00406h
  dw 0047Ah
  dw 00406h
  dw 0047Ah
  dw 00306h
  dw 0037Ah
  dw 00306h
  dw 0037Bh
  dw 00205h
  dw 0037Bh
  dw 00305h
  dw 0037Bh
  dw 00305h
  dw 0047Bh
  dw 00305h
  dw 0047Bh
  dw 00305h
  dw 0047Bh
  dw 00305h
  dw 0057Bh
  dw 00306h
  dw 0047Ah
  dw 00306h
  dw 0047Ah
  dw 00306h
  dw 0047Ah
  dw 00306h
  dw 0047Ah
  dw 00306h
  dw 00479h
  dw 00307h
  dw 00479h
  dw 00307h
  dw 00479h
  dw 00307h
  dw 00479h
  dw 00308h
  dw 00378h
  dw 00208h
  dw 00378h
  dw 00208h
  dw 00377h
  dw 00309h
  dw 00377h
  dw 00309h
  dw 00377h
  dw 00309h
  dw 00377h
  dw 00309h
  dw 00376h
  dw 0040Bh
  dw 00275h
  dw 0040Bh
  dw 00275h
  dw 0040Bh
  dw 00275h
  dw 0040Ah
  dw 00376h
  dw 0030Ah
  dw 00375h
  dw 0030Ah
  dw 00476h
  dw 0030Ah
  dw 00475h
  dw 00309h
  dw 00677h
  dw 00309h
  dw 00678h
  dw 00108h
  dw 00680h
  dw 00500h

dhalsimPage3frame011:
  db 038h,051h,054h,033h
  db 074h
  dw base+0213Ah
  dw 0017Fh
  dw 00203h
  dw 0027Ch
  dw 00780h
  dw 0077Fh
  dw 0087Fh
  dw 0097Fh
  dw 00A7Fh
  dw 00B7Eh
  dw 00D80h
  dw 00D80h
  dw 00C80h
  dw 00C80h
  dw 00C80h
  dw 00C7Fh
  dw 00D80h
  dw 00D80h
  dw 0070Ah
  dw 00276h
  dw 00680h
  dw 00780h
  dw 0087Fh
  dw 00A80h
  dw 00B7Ch
  dw 00204h
  dw 00C7Ch
  dw 00304h
  dw 00D7Bh
  dw 00405h
  dw 00E7Bh
  dw 00405h
  dw 00F7Bh
  dw 01480h
  dw 01480h
  dw 01480h
  dw 01480h
  dw 01480h
  dw 0147Fh
  dw 01581h
  dw 0157Fh
  dw 00506h
  dw 00103h
  dw 00D77h
  dw 00509h
  dw 00D78h
  dw 00409h
  dw 00C78h
  dw 00203h
  dw 00203h
  dw 00206h
  dw 00875h
  dw 00102h
  dw 00508h
  dw 00978h
  dw 00508h
  dw 00978h
  dw 00507h
  dw 00A79h
  dw 00507h
  dw 00A79h
  dw 00506h
  dw 00B7Ah
  dw 00506h
  dw 00B7Bh
  dw 00203h
  dw 00102h
  dw 00B7Bh
  dw 00105h
  dw 00B7Bh
  dw 00105h
  dw 00B7Fh
  dw 00C80h
  dw 00C80h
  dw 00C80h
  dw 00506h
  dw 00579h
  dw 00607h
  dw 00579h
  dw 00507h
  dw 00578h
  dw 00608h
  dw 00478h
  dw 00508h
  dw 00478h
  dw 00608h
  dw 00478h
  dw 00608h
  dw 00479h
  dw 00607h
  dw 00379h
  dw 00B81h
  dw 00B81h
  dw 00A80h
  dw 00B81h
  dw 00A81h
  dw 00980h
  dw 00A81h
  dw 00980h
  dw 00405h
  dw 0067Ch
  dw 00405h
  dw 0057Bh
  dw 00405h
  dw 0067Bh
  dw 00406h
  dw 0057Ah
  dw 00406h
  dw 0057Ah
  dw 00307h
  dw 00479h
  dw 00307h
  dw 00479h
  dw 00308h
  dw 00378h
  dw 00208h
  dw 00478h
  dw 00208h
  dw 00476h
  dw 0040Bh
  dw 00375h
  dw 0040Ah
  dw 00576h
  dw 0040Ah
  dw 00578h
  dw 00208h
  dw 00580h
  dw 00400h

dhalsimPage3frame012:
  db 01Ch,012h,072h,054h
  db 07Ah
  dw base+024EAh
  dw 0037Fh
  dw 00405h
  dw 0037Ah
  dw 00780h
  dw 0057Fh
  dw 00780h
  dw 00780h
  dw 0087Fh
  dw 00980h
  dw 00A0Ch
  dw 00274h
  dw 00A0Bh
  dw 00275h
  dw 00A81h
  dw 00880h
  dw 00880h
  dw 00B81h
  dw 00406h
  dw 0037Ah
  dw 00580h
  dw 00481h
  dw 00200h

dhalsimPage3frame013:
  db 01Ah,00Fh,074h,05Ch
  db 078h
  dw base+0256Eh
  dw 00209h
  dw 00176h
  dw 00580h
  dw 00607h
  dw 00178h
  dw 00880h
  dw 00880h
  dw 00980h
  dw 00A80h
  dw 00B80h
  dw 00C80h
  dw 00B80h
  dw 00A80h
  dw 00881h
  dw 00607h
  dw 00104h
  dw 00175h
  dw 00506h
  dw 0027Ch
  dw 00100h

dhalsimPage3frame014:
  db 00Eh,018h,07Ch,057h
  db 082h
  dw base+025E4h
  dw 00100h

dhalsimPage3frame015:
  db 04Ah,051h,042h,033h
  db 074h
  dw base+025E5h
  dw 0017Fh
  dw 00203h
  dw 0027Ch
  dw 00780h
  dw 0077Fh
  dw 0087Fh
  dw 0097Fh
  dw 00A7Fh
  dw 00B7Eh
  dw 00D80h
  dw 00D80h
  dw 00C80h
  dw 00C80h
  dw 00C80h
  dw 00C7Fh
  dw 00D80h
  dw 00D80h
  dw 0070Ah
  dw 00276h
  dw 00680h
  dw 00780h
  dw 0087Fh
  dw 00A80h
  dw 00B7Ch
  dw 00204h
  dw 00C7Ch
  dw 00304h
  dw 00D7Bh
  dw 00405h
  dw 00E7Bh
  dw 00405h
  dw 00F7Bh
  dw 01480h
  dw 01478h
  dw 00208h
  dw 01477h
  dw 00609h
  dw 01476h
  dw 0060Ah
  dw 01476h
  dw 0070Ah
  dw 01476h
  dw 00709h
  dw 01577h
  dw 0080Ah
  dw 01576h
  dw 00E0Fh
  dw 00103h
  dw 00D6Eh
  dw 0090Ah
  dw 00408h
  dw 00D6Eh
  dw 0080Ah
  dw 00409h
  dw 00C6Dh
  dw 00607h
  dw 00104h
  dw 00203h
  dw 00203h
  dw 00206h
  dw 00869h
  dw 0070Ch
  dw 00102h
  dw 00508h
  dw 0096Ah
  dw 0060Eh
  dw 00508h
  dw 0096Bh
  dw 0050Dh
  dw 00507h
  dw 00A6Ch
  dw 0040Dh
  dw 00507h
  dw 00A6Eh
  dw 0020Bh
  dw 00506h
  dw 00B7Ah
  dw 00506h
  dw 00B7Bh
  dw 00203h
  dw 00102h
  dw 00B7Bh
  dw 00105h
  dw 00B7Bh
  dw 00105h
  dw 00B7Fh
  dw 00C80h
  dw 00C80h
  dw 00C80h
  dw 00506h
  dw 00579h
  dw 00607h
  dw 00579h
  dw 00507h
  dw 00578h
  dw 00608h
  dw 00478h
  dw 00508h
  dw 00478h
  dw 00608h
  dw 00478h
  dw 00608h
  dw 00479h
  dw 00607h
  dw 00379h
  dw 00B81h
  dw 00B81h
  dw 00A80h
  dw 00B81h
  dw 00A81h
  dw 00980h
  dw 00A81h
  dw 00980h
  dw 00405h
  dw 0067Ch
  dw 00405h
  dw 0057Bh
  dw 00405h
  dw 0067Bh
  dw 00406h
  dw 0057Ah
  dw 00406h
  dw 0057Ah
  dw 00307h
  dw 00479h
  dw 00307h
  dw 00479h
  dw 00308h
  dw 00378h
  dw 00208h
  dw 00478h
  dw 00208h
  dw 00476h
  dw 0040Bh
  dw 00375h
  dw 0040Ah
  dw 00576h
  dw 0040Ah
  dw 00578h
  dw 00208h
  dw 00580h
  dw 00400h

dhalsimPage3frame016:
  db 066h,051h,026h,033h
  db 074h
  dw base+029F1h
  dw 0017Fh
  dw 00203h
  dw 0027Ch
  dw 00780h
  dw 00762h
  dw 0031Dh
  dw 00861h
  dw 0051Eh
  dw 00961h
  dw 0061Eh
  dw 00A62h
  dw 00607h
  dw 00116h
  dw 00B63h
  dw 0091Bh
  dw 00D65h
  dw 0091Bh
  dw 00D64h
  dw 00A1Ch
  dw 00C64h
  dw 00A1Ch
  dw 00C64h
  dw 00A1Ch
  dw 00C64h
  dw 00C1Ch
  dw 00C63h
  dw 00D1Ch
  dw 00D64h
  dw 00D1Ch
  dw 00D63h
  dw 00E1Dh
  dw 0070Ah
  dw 00259h
  dw 00E1Dh
  dw 00663h
  dw 00E1Dh
  dw 00763h
  dw 00E1Dh
  dw 00863h
  dw 00E1Ch
  dw 00A64h
  dw 00E1Ch
  dw 00B64h
  dw 00F18h
  dw 00204h
  dw 00C64h
  dw 00F18h
  dw 00304h
  dw 00D64h
  dw 00F17h
  dw 00405h
  dw 00E64h
  dw 00F17h
  dw 00405h
  dw 00F64h
  dw 00F17h
  dw 01469h
  dw 00F17h
  dw 01468h
  dw 01118h
  dw 01468h
  dw 01118h
  dw 01468h
  dw 01218h
  dw 01468h
  dw 01218h
  dw 01469h
  dw 01316h
  dw 0156Ah
  dw 01417h
  dw 01569h
  dw 01516h
  dw 00506h
  dw 00103h
  dw 00D61h
  dw 01B1Fh
  dw 00D61h
  dw 01517h
  dw 00409h
  dw 00C60h
  dw 01318h
  dw 00203h
  dw 00203h
  dw 00206h
  dw 0085Dh
  dw 01218h
  dw 00102h
  dw 00508h
  dw 0095Eh
  dw 0131Ah
  dw 00508h
  dw 0095Eh
  dw 0121Ah
  dw 00507h
  dw 00A5Fh
  dw 00F1Ah
  dw 00507h
  dw 00A60h
  dw 00D19h
  dw 00506h
  dw 00B61h
  dw 00C19h
  dw 00506h
  dw 00B62h
  dw 00A19h
  dw 00203h
  dw 00102h
  dw 00B64h
  dw 00405h
  dw 00312h
  dw 00105h
  dw 00B65h
  dw 00216h
  dw 00105h
  dw 00B7Fh
  dw 00C80h
  dw 00C80h
  dw 00C80h
  dw 00506h
  dw 00579h
  dw 00607h
  dw 00579h
  dw 00507h
  dw 00578h
  dw 00608h
  dw 00478h
  dw 00508h
  dw 00478h
  dw 00608h
  dw 00478h
  dw 00608h
  dw 00479h
  dw 00607h
  dw 00379h
  dw 00B81h
  dw 00B81h
  dw 00A80h
  dw 00B81h
  dw 00A81h
  dw 00980h
  dw 00A81h
  dw 00980h
  dw 00405h
  dw 0067Ch
  dw 00405h
  dw 0057Bh
  dw 00405h
  dw 0067Bh
  dw 00406h
  dw 0057Ah
  dw 00406h
  dw 0057Ah
  dw 00307h
  dw 00479h
  dw 00307h
  dw 00479h
  dw 00308h
  dw 00378h
  dw 00208h
  dw 00478h
  dw 00208h
  dw 00476h
  dw 0040Bh
  dw 00375h
  dw 0040Ah
  dw 00576h
  dw 0040Ah
  dw 00578h
  dw 00208h
  dw 00580h
  dw 00400h

dhalsimPage3frame017:
  db 062h,051h,02Ah,033h
  db 038h
  dw base+02FECh
  dw 0011Eh
  dw 00160h
  dw 00102h
  dw 0011Dh
  dw 00203h
  dw 0025Eh
  dw 0031Eh
  dw 00761h
  dw 0051Fh
  dw 00761h
  dw 0051Eh
  dw 00862h
  dw 0051Dh
  dw 00963h
  dw 0051Ch
  dw 00A64h
  dw 0061Bh
  dw 00B63h
  dw 0081Bh
  dw 00D65h
  dw 0091Bh
  dw 00D64h
  dw 00B1Ch
  dw 00C64h
  dw 00B1Ch
  dw 00C64h
  dw 00C1Ch
  dw 00C63h
  dw 00D1Dh
  dw 00C63h
  dw 00D1Ch
  dw 00D64h
  dw 00D1Ch
  dw 00D64h
  dw 00C1Ch
  dw 0070Ah
  dw 0025Ah
  dw 00E1Ch
  dw 00664h
  dw 00E1Ch
  dw 00764h
  dw 00E1Ch
  dw 00864h
  dw 00E1Bh
  dw 00A65h
  dw 00E1Bh
  dw 00B65h
  dw 00E17h
  dw 00204h
  dw 00C65h
  dw 00E17h
  dw 00304h
  dw 00D65h
  dw 00E16h
  dw 00405h
  dw 00E65h
  dw 00F16h
  dw 00405h
  dw 00F65h
  dw 00F16h
  dw 0146Ah
  dw 00F16h
  dw 0146Ah
  dw 00F16h
  dw 0146Ah
  dw 01011h
  dw 00105h
  dw 0146Bh
  dw 01115h
  dw 0146Ah
  dw 01216h
  dw 0146Bh
  dw 01214h
  dw 0156Ch
  dw 01315h
  dw 0156Ah
  dw 01415h
  dw 00506h
  dw 00103h
  dw 00D62h
  dw 01A1Eh
  dw 00D62h
  dw 01416h
  dw 00409h
  dw 00C61h
  dw 01317h
  dw 00203h
  dw 00203h
  dw 00206h
  dw 0085Eh
  dw 01117h
  dw 00102h
  dw 00508h
  dw 0095Fh
  dw 01019h
  dw 00508h
  dw 0095Fh
  dw 00F19h
  dw 00507h
  dw 00A61h
  dw 00F18h
  dw 00507h
  dw 00A61h
  dw 00E18h
  dw 00506h
  dw 00B63h
  dw 00C17h
  dw 00506h
  dw 00B63h
  dw 00405h
  dw 00513h
  dw 00203h
  dw 00102h
  dw 00B62h
  dw 00406h
  dw 00413h
  dw 00105h
  dw 00B63h
  dw 00306h
  dw 00212h
  dw 00105h
  dw 00B64h
  dw 00105h
  dw 00216h
  dw 00C80h
  dw 00C80h
  dw 00C80h
  dw 00506h
  dw 00579h
  dw 00607h
  dw 00579h
  dw 00507h
  dw 00578h
  dw 00608h
  dw 00478h
  dw 00508h
  dw 00478h
  dw 00608h
  dw 00478h
  dw 00608h
  dw 00479h
  dw 00607h
  dw 00379h
  dw 00B81h
  dw 00B81h
  dw 00A80h
  dw 00B81h
  dw 00A81h
  dw 00980h
  dw 00A81h
  dw 00980h
  dw 00405h
  dw 0067Ch
  dw 00405h
  dw 0057Bh
  dw 00405h
  dw 0067Bh
  dw 00406h
  dw 0057Ah
  dw 00406h
  dw 0057Ah
  dw 00307h
  dw 00479h
  dw 00307h
  dw 00479h
  dw 00308h
  dw 00378h
  dw 00208h
  dw 00478h
  dw 00208h
  dw 00476h
  dw 0040Bh
  dw 00375h
  dw 0040Ah
  dw 00576h
  dw 0040Ah
  dw 00578h
  dw 00208h
  dw 00580h
  dw 00400h

dhalsimPage3frame018:
  db 02Ch,042h,06Ch,023h
  db 082h
  dw base+035E9h
  dw 00280h
  dw 0037Fh
  dw 00480h
  dw 00480h
  dw 00480h
  dw 00580h
  dw 00580h
  dw 00580h
  dw 00580h
  dw 00580h
  dw 00480h
  dw 00480h
  dw 00481h
  dw 00380h
  dw 00405h
  dw 00177h
  dw 00204h
  dw 0077Ch
  dw 00B7Fh
  dw 00D80h
  dw 00D80h
  dw 00D80h
  dw 00D7Fh
  dw 00E80h
  dw 00E80h
  dw 00E80h
  dw 00E7Fh
  dw 00F80h
  dw 00F80h
  dw 00F80h
  dw 00F80h
  dw 00F80h
  dw 00F80h
  dw 00E81h
  dw 00B82h
  dw 00880h
  dw 00881h
  dw 00880h
  dw 00880h
  dw 00880h
  dw 00881h
  dw 00780h
  dw 0077Fh
  dw 0087Fh
  dw 0097Fh
  dw 00A7Fh
  dw 00D80h
  dw 00D7Fh
  dw 00F80h
  dw 00F7Fh
  dw 01080h
  dw 0107Fh
  dw 01180h
  dw 0127Fh
  dw 01380h
  dw 01380h
  dw 01380h
  dw 0147Fh
  dw 01580h
  dw 0090Bh
  dw 00A75h
  dw 0080Ch
  dw 00974h
  dw 0060Dh
  dw 00873h
  dw 0040Eh
  dw 00873h
  dw 0020Dh
  dw 00881h
  dw 00781h
  dw 00681h
  dw 00481h
  dw 00300h

dhalsimPage3frame019:
  db 044h,048h,05Ch,029h
  db 08Ah
  dw base+038ACh
  dw 00380h
  dw 00380h
  dw 00408h
  dw 00177h
  dw 00507h
  dw 00479h
  dw 00507h
  dw 00579h
  dw 00506h
  dw 0067Ah
  dw 00C80h
  dw 00C80h
  dw 00C80h
  dw 00C80h
  dw 00C7Fh
  dw 00D80h
  dw 00D80h
  dw 00C80h
  dw 00C80h
  dw 00B80h
  dw 00B80h
  dw 00A7Fh
  dw 00B80h
  dw 00C80h
  dw 00D7Eh
  dw 00F7Fh
  dw 0107Fh
  dw 0117Fh
  dw 01280h
  dw 01280h
  dw 01280h
  dw 01280h
  dw 01280h
  dw 0117Fh
  dw 01280h
  dw 0117Fh
  dw 00D80h
  dw 00B7Fh
  dw 00C80h
  dw 00B80h
  dw 00B7Fh
  dw 00C7Fh
  dw 00C80h
  dw 00C80h
  dw 00C7Fh
  dw 00C7Fh
  dw 00B0Ch
  dw 00173h
  dw 00C80h
  dw 00B80h
  dw 00A7Fh
  dw 00506h
  dw 0057Ah
  dw 00A80h
  dw 00A80h
  dw 0097Fh
  dw 00A80h
  dw 0087Fh
  dw 0097Fh
  dw 00A7Fh
  dw 00B7Fh
  dw 00B7Fh
  dw 00B80h
  dw 00B80h
  dw 00A80h
  dw 00980h
  dw 00880h
  dw 00780h
  dw 00780h
  dw 00780h
  dw 00780h
  dw 00681h
  dw 00580h
  dw 00580h
  dw 00481h
  dw 00380h
  dw 00281h
  dw 00100h

dhalsimPage3frame020:
  db 03Ch,049h,05Ch,023h
  db 092h
  dw base+03BB1h
  dw 0017Fh
  dw 0037Fh
  dw 00480h
  dw 00580h
  dw 0057Bh
  dw 00305h
  dw 0057Bh
  dw 00304h
  dw 0067Bh
  dw 00B80h
  dw 00B80h
  dw 00A80h
  dw 00980h
  dw 00980h
  dw 00880h
  dw 00709h
  dw 00177h
  dw 00A80h
  dw 00A80h
  dw 00A80h
  dw 00A80h
  dw 00A80h
  dw 00A80h
  dw 00A80h
  dw 0097Eh
  dw 00102h
  dw 0097Eh
  dw 00A80h
  dw 00A7Eh
  dw 0097Fh
  dw 00980h
  dw 0097Fh
  dw 00A80h
  dw 0097Fh
  dw 00A80h
  dw 00980h
  dw 00880h
  dw 00880h
  dw 00880h
  dw 0077Fh
  dw 00880h
  dw 00880h
  dw 00880h
  dw 00780h
  dw 0057Fh
  dw 00680h
  dw 00580h
  dw 00580h
  dw 00480h
  dw 0047Eh
  dw 0057Eh
  dw 00780h
  dw 00780h
  dw 0077Fh
  dw 00780h
  dw 00680h
  dw 00580h
  dw 00480h
  dw 0047Fh
  dw 00480h
  dw 00480h
  dw 0037Eh
  dw 0057Fh
  dw 00580h
  dw 00480h
  dw 00480h
  dw 00481h
  dw 0037Fh
  dw 00380h
  dw 00380h
  dw 00380h
  dw 00280h
  dw 00280h
  dw 0017Fh
  dw 00280h
  dw 00280h
  dw 00100h

dhalsimPage3frame021:
  db 048h,047h,05Ah,029h
  db 08Ah
  dw base+03D8Ah
  dw 00380h
  dw 0037Fh
  dw 00409h
  dw 00177h
  dw 00508h
  dw 00378h
  dw 00508h
  dw 00478h
  dw 00507h
  dw 00579h
  dw 00507h
  dw 00579h
  dw 00507h
  dw 00578h
  dw 00D80h
  dw 00D80h
  dw 00D80h
  dw 00C80h
  dw 00C80h
  dw 00B80h
  dw 00A81h
  dw 00980h
  dw 0097Fh
  dw 00B7Fh
  dw 00C80h
  dw 00D80h
  dw 00E7Eh
  dw 0107Fh
  dw 0117Fh
  dw 0137Fh
  dw 01480h
  dw 01480h
  dw 01480h
  dw 01380h
  dw 0137Fh
  dw 01480h
  dw 00C0Eh
  dw 00571h
  dw 00C12h
  dw 0016Eh
  dw 00B80h
  dw 00B80h
  dw 00A7Fh
  dw 00B7Fh
  dw 00C7Fh
  dw 00D80h
  dw 00C7Fh
  dw 00D7Fh
  dw 00D80h
  dw 00D7Fh
  dw 00C80h
  dw 00C80h
  dw 00B7Fh
  dw 00B80h
  dw 00A80h
  dw 0097Fh
  dw 00A80h
  dw 00A80h
  dw 0097Fh
  dw 00A7Fh
  dw 00B7Fh
  dw 00B80h
  dw 00B7Fh
  dw 00B80h
  dw 00A7Fh
  dw 00A80h
  dw 0097Fh
  dw 00980h
  dw 00980h
  dw 00880h
  dw 00880h
  dw 00880h
  dw 00881h
  dw 00680h
  dw 00681h
  dw 00480h
  dw 00481h
  dw 00280h
  dw 00200h

dhalsimPage3frame022:
  db 048h,03Ch,05Eh,031h
  db 09Eh
  dw base+04096h
  dw 0027Ah
  dw 00305h
  dw 0047Bh
  dw 00305h
  dw 0047Ah
  dw 00406h
  dw 0047Ah
  dw 00405h
  dw 0057Ah
  dw 00506h
  dw 0067Ah
  dw 00506h
  dw 0067Ah
  dw 00C80h
  dw 00B80h
  dw 00B80h
  dw 00A80h
  dw 0097Fh
  dw 00980h
  dw 00A7Fh
  dw 00B7Fh
  dw 00C80h
  dw 00C80h
  dw 00C7Fh
  dw 00D7Fh
  dw 00E80h
  dw 00E7Eh
  dw 00F80h
  dw 00E80h
  dw 00880h
  dw 00880h
  dw 00880h
  dw 0077Fh
  dw 00880h
  dw 0087Fh
  dw 00980h
  dw 0087Fh
  dw 00980h
  dw 0097Eh
  dw 00A80h
  dw 0097Fh
  dw 00A80h
  dw 00880h
  dw 00780h
  dw 0067Fh
  dw 00680h
  dw 00480h
  dw 0037Fh
  dw 00480h
  dw 0047Fh
  dw 00580h
  dw 0057Fh
  dw 00680h
  dw 0057Fh
  dw 0067Fh
  dw 0067Fh
  dw 0057Fh
  dw 00580h
  dw 0047Fh
  dw 00580h
  dw 0057Fh
  dw 0067Fh
  dw 00780h
  dw 00405h
  dw 0017Bh
  dw 00380h
  dw 00100h

dhalsimPage3frame023:
  db 058h,018h,05Ah,044h
  db 064h
  dw base+04272h
  dw 00380h
  dw 0047Fh
  dw 00580h
  dw 0060Dh
  dw 00373h
  dw 0070Dh
  dw 00472h
  dw 0080Ah
  dw 00203h
  dw 00572h
  dw 00A0Bh
  dw 00818h
  dw 0025Ch
  dw 00B0Dh
  dw 00B0Eh
  dw 00409h
  dw 0025Bh
  dw 01A1Ch
  dw 00609h
  dw 0035Bh
  dw 02880h
  dw 02A80h
  dw 02A80h
  dw 02A80h
  dw 00506h
  dw 0257Ah
  dw 00507h
  dw 02579h
  dw 00407h
  dw 01113h
  dw 0030Dh
  dw 0055Ah
  dw 00204h
  dw 01215h
  dw 00211h
  dw 0015Ah
  dw 0117Eh
  dw 01380h
  dw 00B0Ch
  dw 00102h
  dw 00203h
  dw 0016Fh
  dw 00981h
  dw 00780h
  dw 00680h
  dw 00304h
  dw 00200h

dhalsimPage3frame024:
  db 058h,026h,058h,03Dh
  db 064h
  dw base+04470h
  dw 00380h
  dw 0037Fh
  dw 00580h
  dw 00580h
  dw 00680h
  dw 00680h
  dw 00680h
  dw 0070Fh
  dw 00171h
  dw 0070Fh
  dw 00371h
  dw 0080Bh
  dw 0080Bh
  dw 0066Ah
  dw 0080Ah
  dw 01319h
  dw 0035Eh
  dw 00708h
  dw 01518h
  dw 00560h
  dw 0257Ch
  dw 00104h
  dw 0267Bh
  dw 00304h
  dw 0277Ch
  dw 02B7Fh
  dw 02C80h
  dw 02C80h
  dw 02026h
  dw 0065Ah
  dw 02026h
  dw 0065Ah
  dw 02C80h
  dw 02C81h
  dw 02B80h
  dw 00304h
  dw 0277Dh
  dw 00104h
  dw 02680h
  dw 02580h
  dw 00708h
  dw 01518h
  dw 0055Fh
  dw 0080Ah
  dw 01319h
  dw 0035Dh
  dw 0080Bh
  dw 0080Bh
  dw 0066Ah
  dw 0070Fh
  dw 00371h
  dw 0070Fh
  dw 00171h
  dw 00680h
  dw 00680h
  dw 00680h
  dw 00580h
  dw 00581h
  dw 00380h
  dw 00300h

dhalsimPage3frame025:
  db 058h,018h,05Ah,044h
  db 062h
  dw base+047C0h
  dw 00304h
  dw 0027Ch
  dw 00680h
  dw 0077Fh
  dw 00980h
  dw 00B0Ch
  dw 00102h
  dw 00203h
  dw 0016Fh
  dw 01382h
  dw 0117Ch
  dw 00204h
  dw 01215h
  dw 00211h
  dw 00155h
  dw 00407h
  dw 01113h
  dw 0030Dh
  dw 00559h
  dw 00507h
  dw 02579h
  dw 00506h
  dw 0257Ah
  dw 02A80h
  dw 02A80h
  dw 02A80h
  dw 02880h
  dw 01A1Ch
  dw 00609h
  dw 0035Ch
  dw 00B0Dh
  dw 00B0Eh
  dw 00409h
  dw 0025Dh
  dw 00A0Bh
  dw 00818h
  dw 0025Eh
  dw 0080Ah
  dw 00203h
  dw 00574h
  dw 0070Dh
  dw 00473h
  dw 0060Dh
  dw 00373h
  dw 00581h
  dw 00480h
  dw 00300h

dhalsimPage3frame026:
  db 056h,026h,05Ah,03Dh
  db 064h
  dw base+049BEh
  dw 00304h
  dw 0027Ch
  dw 0077Fh
  dw 00980h
  dw 00980h
  dw 00A80h
  dw 00A80h
  dw 00B80h
  dw 00B10h
  dw 00170h
  dw 00B0Fh
  dw 00371h
  dw 00B0Ch
  dw 0080Ch
  dw 00369h
  dw 0090Bh
  dw 01175h
  dw 01D21h
  dw 0035Fh
  dw 0257Dh
  dw 0287Fh
  dw 00304h
  dw 0257Bh
  dw 02B80h
  dw 02B80h
  dw 02B80h
  dw 01F24h
  dw 0065Ch
  dw 01F24h
  dw 0065Ch
  dw 02B80h
  dw 02B80h
  dw 02B81h
  dw 00304h
  dw 0257Dh
  dw 02883h
  dw 02580h
  dw 01D21h
  dw 0045Fh
  dw 0090Bh
  dw 01174h
  dw 00B0Ch
  dw 0080Ch
  dw 00368h
  dw 00B0Fh
  dw 00371h
  dw 00B10h
  dw 00170h
  dw 00B80h
  dw 00A80h
  dw 00A80h
  dw 00980h
  dw 00981h
  dw 00780h
  dw 00304h
  dw 00200h


