  dw ehondaPage3frame000
  dw ehondaPage3frame001
  dw ehondaPage3frame002
  dw ehondaPage3frame003
  dw ehondaPage3frame004
  dw ehondaPage3frame005
  dw ehondaPage3frame006
  dw ehondaPage3frame007
  dw ehondaPage3frame008
  dw ehondaPage3frame009
  dw ehondaPage3frame010
  dw ehondaPage3frame011
  dw ehondaPage3frame012
  dw ehondaPage3frame013
  dw ehondaPage3frame014
  dw ehondaPage3frame015
  dw ehondaPage3frame016

ehondaPage3frame000:
  db 054h,048h,04Ah,03Fh
  db 074h
  db 049h,054h,01Fh,063h,03Ch
  db 04Bh,055h
  db 065h,05Dh
  dw 00107h,base+0001Ah
  dw 00379h,base+00984h
  dw 00106h,base+0001Ch
  dw 00578h,base+03A0Eh
  dw 00407h,base+007B4h
  dw 00678h,base+0377Ah
  dw 00506h,base+03A13h
  dw 0097Bh,base+0341Fh
  dw 00F7Fh,base+02A85h
  dw 01180h,base+02660h
  dw 01280h,base+023EAh
  dw 0126Fh,base+023FCh
  dw 00111h,base+00003h
  dw 0136Fh,base+02151h
  dw 00211h,base+00E8Bh
  dw 0136Fh,base+02164h
  dw 00311h,base+03D86h
  dw 0146Eh,base+01D55h
  dw 00412h,base+03C52h
  dw 0156Eh,base+01A76h
  dw 00410h,base+03C56h
  dw 01770h,base+0158Dh
  dw 0040Fh,base+03C5Ah
  dw 01872h,base+013C5h
  dw 0030Eh,base+00C42h
  dw 01971h,base+00FDDh
  dw 0040Eh,base+03C5Eh
  dw 01A72h,base+00D87h
  dw 00407h,base+03C62h
  dw 00306h,base+00102h
  dw 01B74h,base+00C43h
  dw 00A0Bh,base+0337Fh
  dw 01C74h,base+00AD7h
  dw 02780h,base+00131h
  dw 02781h,base+00158h
  dw 02681h,base+0021Bh
  dw 02480h,base+002D6h
  dw 02481h,base+002FAh
  dw 02382h,base+003D2h
  dw 02180h,base+004C3h
  dw 02281h,base+0043Bh
  dw 02181h,base+004E4h
  dw 02081h,base+005AAh
  dw 02081h,base+005CAh
  dw 00204h,base+00004h
  dw 01B81h,base+00C5Eh
  dw 01A80h,base+00DA1h
  dw 01A7Fh,base+00DBBh
  dw 01C80h,base+00AF3h
  dw 01C80h,base+00B0Fh
  dw 01C80h,base+00B2Bh
  dw 01D80h,base+00876h
  dw 01D80h,base+00893h
  dw 01D80h,base+008B0h
  dw 01D80h,base+008CDh
  dw 01D80h,base+008EAh
  dw 01D80h,base+00907h
  dw 01D80h,base+00924h
  dw 01D80h,base+00941h
  dw 01D81h,base+0095Eh
  dw 00607h,base+03780h
  dw 00708h,base+035F2h
  dw 00D71h,base+02F3Fh
  dw 00608h,base+03786h
  dw 00508h,base+02D9Bh
  dw 00305h,base+006BEh
  dw 0076Bh,base+035F9h
  dw 00609h,base+0378Ch
  dw 00407h,base+02DAAh
  dw 00305h,base+00119h
  dw 0066Bh,base+03792h
  dw 00609h,base+03798h
  dw 00408h,base+02DB8h
  dw 00104h,base+0001Ah
  dw 0066Ch,base+0379Eh
  dw 00508h,base+03A18h
  dw 00408h,base+03AC8h
  dw 00104h,base+0001Ah
  dw 0066Ch,base+037A4h
  dw 00509h,base+00C07h
  dw 0030Bh,base+03ACEh
  dw 0066Dh,base+037AAh
  dw 00408h,base+0036Fh
  dw 0030Bh,base+01173h
  dw 0066Dh,base+037B0h
  dw 0040Ah,base+00C07h
  dw 00109h,base+0001Ah
  dw 0066Eh,base+037B6h
  dw 00309h,base+0002Eh
  dw 00109h,base+0001Ah
  dw 0066Eh,base+037BCh
  dw 00313h,base+00279h
  dw 0056Dh,base+02C6Fh
  dw 00313h,base+0005Ah
  dw 0046Dh,base+009BEh
  dw 00413h,base+02971h
  dw 0046Dh,base+03C66h
  dw 00413h,base+03C6Ah
  dw 0046Ch,base+01081h
  dw 00514h,base+03A1Dh
  dw 0046Ch,base+03C6Eh
  dw 00514h,base+03A22h
  dw 0036Bh,base+004DBh
  dw 00615h,base+037C2h
  dw 0036Bh,base+004DBh
  dw 00614h,base+037C8h
  dw 0046Ch,base+03C72h
  dw 00514h,base+03A27h
  dw 0046Ch,base+00746h
  dw 00414h,base+03C76h
  dw 0046Ch,base+013D4h
  dw 00414h,base+03C7Ah
  dw 00580h,base+03A2Ch
  dw 00580h,base+03A31h
  dw 00680h,base+037CEh
  dw 00681h,base+037D4h
  dw 00581h,base+03A36h
  dw 00580h,base+03A3Bh
  dw 00580h,base+03A40h
  dw 00581h,base+03A45h
  dw 00300h,base+00102h

ehondaPage3frame001:
  db 05Ah,049h,044h,03Eh
  db 074h
  db 045h,054h,023h,05Fh,03Eh
  db 043h,046h
  db 05Dh,04Eh
  dw 00180h,base+0001Ah
  dw 0017Eh,base+0001Ch
  dw 0047Fh,base+007B4h
  dw 00581h,base+03A13h
  dw 0057Fh,base+02A85h
  dw 00680h,base+02660h
  dw 00680h,base+023EAh
  dw 00980h,base+03428h
  dw 00B80h,base+03298h
  dw 00B80h,base+032A3h
  dw 00C80h,base+03154h
  dw 00C80h,base+03160h
  dw 00D80h,base+02F4Ch
  dw 00D6Bh,base+02F59h
  dw 00315h,base+02266h
  dw 00D6Bh,base+02F66h
  dw 00315h,base+03D89h
  dw 00E6Bh,base+02C83h
  dw 00315h,base+03D86h
  dw 00E6Bh,base+02C91h
  dw 00315h,base+00D12h
  dw 00E6Bh,base+02C9Fh
  dw 00315h,base+03D8Ch
  dw 00E6Bh,base+02CADh
  dw 00414h,base+03C7Eh
  dw 0116Ch,base+02671h
  dw 00D14h,base+02F73h
  dw 0136Ch,base+02177h
  dw 00306h,base+02671h
  dw 0020Eh,base+0008Bh
  dw 0146Ch,base+01D69h
  dw 00614h,base+037DAh
  dw 0146Ch,base+01D7Dh
  dw 01014h,base+028D5h
  dw 0156Ch,base+01A8Bh
  dw 00814h,base+03512h
  dw 0166Dh,base+017CCh
  dw 00D13h,base+02F80h
  dw 0166Dh,base+017E2h
  dw 00911h,base+03431h
  dw 0186Fh,base+013DDh
  dw 00F11h,base+02A94h
  dw 01870h,base+013F5h
  dw 00610h,base+00102h
  dw 01874h,base+0140Dh
  dw 0080Bh,base+0351Ah
  dw 01A80h,base+00DD5h
  dw 01A7Fh,base+00DEFh
  dw 01B80h,base+00C79h
  dw 01C80h,base+00B47h
  dw 01C80h,base+00B63h
  dw 01C80h,base+00B7Fh
  dw 01D80h,base+0097Bh
  dw 01D80h,base+00998h
  dw 01D80h,base+009B5h
  dw 01D80h,base+009D2h
  dw 01D80h,base+009EFh
  dw 01D80h,base+008EAh
  dw 01D80h,base+00907h
  dw 01D80h,base+00924h
  dw 01D80h,base+00941h
  dw 01D81h,base+0095Eh
  dw 00607h,base+03780h
  dw 00708h,base+035F2h
  dw 00D71h,base+02F3Fh
  dw 00608h,base+03786h
  dw 00508h,base+02D9Bh
  dw 00305h,base+006BEh
  dw 0076Bh,base+035F9h
  dw 00609h,base+0378Ch
  dw 00407h,base+02DAAh
  dw 00305h,base+00119h
  dw 0066Bh,base+03792h
  dw 00609h,base+03798h
  dw 00408h,base+02DB8h
  dw 00104h,base+0001Ah
  dw 0066Ch,base+0379Eh
  dw 00508h,base+03A18h
  dw 00408h,base+03AC8h
  dw 00104h,base+0001Ah
  dw 0066Ch,base+037A4h
  dw 00509h,base+00C07h
  dw 0030Bh,base+03ACEh
  dw 0066Dh,base+037AAh
  dw 00408h,base+0036Fh
  dw 0030Bh,base+01173h
  dw 0066Dh,base+037B0h
  dw 0040Ah,base+00C07h
  dw 00109h,base+0001Ah
  dw 0066Eh,base+037B6h
  dw 00309h,base+0002Eh
  dw 00109h,base+0001Ah
  dw 0066Eh,base+037BCh
  dw 00313h,base+00279h
  dw 0056Dh,base+02C6Fh
  dw 00313h,base+0005Ah
  dw 0046Dh,base+009BEh
  dw 00413h,base+02971h
  dw 0046Dh,base+03C66h
  dw 00413h,base+03C6Ah
  dw 0046Ch,base+01081h
  dw 00514h,base+03A1Dh
  dw 0046Ch,base+03C6Eh
  dw 00514h,base+03A22h
  dw 0036Bh,base+004DBh
  dw 00615h,base+037C2h
  dw 0036Bh,base+004DBh
  dw 00614h,base+037C8h
  dw 0046Ch,base+03C72h
  dw 00514h,base+03A27h
  dw 0046Ch,base+00746h
  dw 00414h,base+03C76h
  dw 0046Ch,base+013D4h
  dw 00414h,base+03C7Ah
  dw 00580h,base+03A2Ch
  dw 00580h,base+03A31h
  dw 00680h,base+037CEh
  dw 00681h,base+037D4h
  dw 00581h,base+03A36h
  dw 00580h,base+03A3Bh
  dw 00580h,base+03A40h
  dw 00581h,base+03A45h
  dw 00300h,base+00102h

ehondaPage3frame002:
  db 050h,056h,04Eh,031h
  db 052h
  db 04Eh,04Bh,02Eh,05Fh,03Eh
  db 04Fh,03Bh
  db 069h,043h
  dw 0017Fh,base+00004h
  dw 00280h,base+01512h
  dw 0037Fh,base+03D8Fh
  dw 00480h,base+03C82h
  dw 00480h,base+03C86h
  dw 00481h,base+03C8Ah
  dw 00480h,base+03C8Eh
  dw 00480h,base+03C92h
  dw 00480h,base+03C96h
  dw 00580h,base+03A4Ah
  dw 00580h,base+03A4Fh
  dw 00580h,base+03A54h
  dw 00581h,base+03A59h
  dw 00480h,base+03C9Ah
  dw 00411h,base+03C9Eh
  dw 00107h,base+0001Ah
  dw 00369h,base+00984h
  dw 00405h,base+03CA2h
  dw 0010Bh,base+0011Eh
  dw 00106h,base+0001Ch
  dw 0056Ah,base+03A0Eh
  dw 0050Eh,base+03A5Eh
  dw 00407h,base+007B4h
  dw 0066Bh,base+0377Ah
  dw 00506h,base+03A63h
  dw 00107h,base+000F7h
  dw 00506h,base+03A13h
  dw 0096Dh,base+0341Fh
  dw 0060Eh,base+037E0h
  dw 00F73h,base+02A85h
  dw 00506h,base+03A68h
  dw 00106h,base+000F7h
  dw 01173h,base+02660h
  dw 0070Dh,base+03600h
  dw 01274h,base+023EAh
  dw 00607h,base+037E6h
  dw 00105h,base+0011Eh
  dw 01274h,base+023FCh
  dw 00708h,base+03607h
  dw 00104h,base+0011Eh
  dw 01375h,base+02151h
  dw 0060Bh,base+037ECh
  dw 01375h,base+02164h
  dw 00708h,base+0360Eh
  dw 00103h,base+0011Eh
  dw 01476h,base+01D55h
  dw 0060Ah,base+037F2h
  dw 01576h,base+01A76h
  dw 00708h,base+03615h
  dw 01779h,base+0158Dh
  dw 00306h,base+03D92h
  dw 0187Bh,base+013C5h
  dw 00205h,base+011CAh
  dw 0197Bh,base+00FDDh
  dw 00204h,base+003EEh
  dw 01A7Fh,base+00D87h
  dw 01B7Fh,base+00C43h
  dw 01C80h,base+00AD7h
  dw 01B80h,base+0013Dh
  dw 01B7Eh,base+00164h
  dw 01D81h,base+00A0Ch
  dw 01B7Fh,base+00C94h
  dw 01C7Fh,base+00B9Bh
  dw 01D82h,base+00A29h
  dw 01B7Eh,base+00CAFh
  dw 01E82h,base+007C2h
  dw 01C81h,base+00BB7h
  dw 01B80h,base+005AFh
  dw 01C81h,base+005CEh
  dw 01B81h,base+00C5Eh
  dw 01A80h,base+00DA1h
  dw 01A7Fh,base+00DBBh
  dw 01C80h,base+00AF3h
  dw 01C80h,base+00B0Fh
  dw 01C80h,base+00B2Bh
  dw 01D80h,base+00876h
  dw 01D80h,base+00893h
  dw 01D80h,base+008B0h
  dw 01D80h,base+008CDh
  dw 01D80h,base+008EAh
  dw 01D80h,base+00907h
  dw 01D80h,base+00924h
  dw 01D80h,base+00941h
  dw 01D81h,base+0095Eh
  dw 00607h,base+03780h
  dw 00708h,base+035F2h
  dw 00D71h,base+02F3Fh
  dw 00608h,base+03786h
  dw 00508h,base+02D9Bh
  dw 00305h,base+006BEh
  dw 0076Bh,base+035F9h
  dw 00609h,base+0378Ch
  dw 00407h,base+02DAAh
  dw 00305h,base+00119h
  dw 0066Bh,base+03792h
  dw 00609h,base+03798h
  dw 00408h,base+02DB8h
  dw 00104h,base+0001Ah
  dw 0066Ch,base+0379Eh
  dw 00508h,base+03A18h
  dw 00408h,base+03AC8h
  dw 00104h,base+0001Ah
  dw 0066Ch,base+037A4h
  dw 00509h,base+00C07h
  dw 0030Bh,base+03ACEh
  dw 0066Dh,base+037AAh
  dw 00408h,base+0036Fh
  dw 0030Bh,base+01173h
  dw 0066Dh,base+037B0h
  dw 0040Ah,base+00C07h
  dw 00109h,base+0001Ah
  dw 0066Eh,base+037B6h
  dw 00309h,base+0002Eh
  dw 00109h,base+0001Ah
  dw 0066Eh,base+037BCh
  dw 00313h,base+00279h
  dw 0056Dh,base+02C6Fh
  dw 00313h,base+0005Ah
  dw 0046Dh,base+009BEh
  dw 00413h,base+02971h
  dw 0046Dh,base+03C66h
  dw 00413h,base+03C6Ah
  dw 0046Ch,base+01081h
  dw 00514h,base+03A1Dh
  dw 0046Ch,base+03C6Eh
  dw 00514h,base+03A22h
  dw 0036Bh,base+004DBh
  dw 00615h,base+037C2h
  dw 0036Bh,base+004DBh
  dw 00614h,base+037C8h
  dw 0046Ch,base+03C72h
  dw 00514h,base+03A27h
  dw 0046Ch,base+00746h
  dw 00414h,base+03C76h
  dw 0046Ch,base+013D4h
  dw 00414h,base+03C7Ah
  dw 00580h,base+03A2Ch
  dw 00580h,base+03A31h
  dw 00680h,base+037CEh
  dw 00681h,base+037D4h
  dw 00581h,base+03A36h
  dw 00580h,base+03A3Bh
  dw 00580h,base+03A40h
  dw 00581h,base+03A45h
  dw 00300h,base+00102h

ehondaPage3frame003:
  db 05Eh,048h,040h,03Fh
  db 074h
  db 040h,05Dh,033h,05Fh,03Dh
  db 040h,06Dh
  db 05Ah,067h
  dw 00107h,base+0001Ah
  dw 00379h,base+00984h
  dw 00106h,base+0001Ch
  dw 00578h,base+03A0Eh
  dw 00407h,base+007B4h
  dw 00678h,base+0377Ah
  dw 00506h,base+03A13h
  dw 0097Bh,base+0341Fh
  dw 00F7Fh,base+02A85h
  dw 01180h,base+02660h
  dw 01280h,base+023EAh
  dw 01280h,base+023FCh
  dw 01380h,base+02151h
  dw 01380h,base+02164h
  dw 01480h,base+01D55h
  dw 0157Eh,base+01A76h
  dw 0177Fh,base+0158Dh
  dw 01880h,base+013C5h
  dw 0197Fh,base+00FDDh
  dw 01A7Fh,base+00D87h
  dw 01B7Fh,base+00C43h
  dw 01C80h,base+00AD7h
  dw 01B80h,base+0013Dh
  dw 01B7Eh,base+00164h
  dw 01D81h,base+00A0Ch
  dw 01B7Fh,base+00C94h
  dw 01C7Fh,base+00B9Bh
  dw 01D82h,base+00A29h
  dw 01B7Eh,base+00CAFh
  dw 01E82h,base+007C2h
  dw 01C7Dh,base+00BB7h
  dw 00104h,base+00001h
  dw 01B7Bh,base+005AFh
  dw 00105h,base+00003h
  dw 01C7Ah,base+005CEh
  dw 00103h,base+00003h
  dw 00104h,base+00001h
  dw 01B78h,base+00C5Eh
  dw 00103h,base+00036h
  dw 00102h,base+00006h
  dw 00104h,base+00004h
  dw 01A75h,base+00DA1h
  dw 00104h,base+0002Fh
  dw 00407h,base+0266Fh
  dw 01A74h,base+00DBBh
  dw 00104h,base+00006h
  dw 00405h,base+00FF4h
  dw 00102h,base+00004h
  dw 01C6Fh,base+00AF3h
  dw 00104h,base+00086h
  dw 00204h,base+00004h
  dw 00506h,base+03A6Dh
  dw 00103h,base+00004h
  dw 01C6Eh,base+00B0Fh
  dw 00508h,base+03A72h
  dw 00607h,base+037F8h
  dw 00103h,base+00004h
  dw 01C6Eh,base+00B2Bh
  dw 00407h,base+03CA6h
  dw 00103h,base+00001h
  dw 00305h,base+03D95h
  dw 00103h,base+00000h
  dw 01D6Eh,base+00876h
  dw 00306h,base+000DAh
  dw 00708h,base+0361Ch
  dw 00104h,base+00001h
  dw 01D6Eh,base+00893h
  dw 00304h,base+03D98h
  dw 00103h,base+00002h
  dw 0050Bh,base+03A77h
  dw 01D6Fh,base+008B0h
  dw 00B0Ch,base+032AEh
  dw 00105h,base+00036h
  dw 01D6Fh,base+008CDh
  dw 00C11h,base+0316Ch
  dw 01D6Fh,base+008EAh
  dw 00B11h,base+032B9h
  dw 01D6Fh,base+00907h
  dw 00B11h,base+032C4h
  dw 01D6Fh,base+00924h
  dw 00A11h,base+03389h
  dw 01D6Fh,base+00941h
  dw 00911h,base+0343Ah
  dw 01D6Fh,base+0095Eh
  dw 00812h,base+03522h
  dw 00607h,base+03780h
  dw 00708h,base+035F2h
  dw 00D60h,base+02F3Fh
  dw 00611h,base+037FEh
  dw 00608h,base+03786h
  dw 00508h,base+02D9Bh
  dw 00305h,base+006BEh
  dw 0075Ah,base+035F9h
  dw 00304h,base+00D14h
  dw 0020Dh,base+003EEh
  dw 00609h,base+0378Ch
  dw 00407h,base+02DAAh
  dw 00305h,base+00119h
  dw 0065Bh,base+03792h
  dw 00110h,base+00006h
  dw 00609h,base+03798h
  dw 00408h,base+02DB8h
  dw 00104h,base+0001Ah
  dw 0066Ch,base+0379Eh
  dw 00508h,base+03A18h
  dw 00408h,base+03AC8h
  dw 00104h,base+0001Ah
  dw 0066Ch,base+037A4h
  dw 00509h,base+00C07h
  dw 0030Bh,base+03ACEh
  dw 0066Dh,base+037AAh
  dw 00408h,base+0036Fh
  dw 0030Bh,base+01173h
  dw 0066Dh,base+037B0h
  dw 0040Ah,base+00C07h
  dw 00109h,base+0001Ah
  dw 0066Eh,base+037B6h
  dw 00309h,base+0002Eh
  dw 00109h,base+0001Ah
  dw 0066Eh,base+037BCh
  dw 00313h,base+00279h
  dw 0056Dh,base+02C6Fh
  dw 00313h,base+0005Ah
  dw 0046Dh,base+009BEh
  dw 00413h,base+02971h
  dw 0046Dh,base+03C66h
  dw 00413h,base+03C6Ah
  dw 0046Ch,base+01081h
  dw 00514h,base+03A1Dh
  dw 0046Ch,base+03C6Eh
  dw 00514h,base+03A22h
  dw 0036Bh,base+004DBh
  dw 00615h,base+037C2h
  dw 0036Bh,base+004DBh
  dw 00614h,base+037C8h
  dw 0046Ch,base+03C72h
  dw 00514h,base+03A27h
  dw 0046Ch,base+00746h
  dw 00414h,base+03C76h
  dw 0046Ch,base+013D4h
  dw 00414h,base+03C7Ah
  dw 00580h,base+03A2Ch
  dw 00580h,base+03A31h
  dw 00680h,base+037CEh
  dw 00681h,base+037D4h
  dw 00581h,base+03A36h
  dw 00580h,base+03A3Bh
  dw 00580h,base+03A40h
  dw 00581h,base+03A45h
  dw 00300h,base+00102h

ehondaPage3frame004:
  db 02Eh,04Dh,05Ah,032h
  db 06Eh
  db 061h,028h,022h,05Ah,035h
  db 05Ah,05Fh
  db 068h,067h
  dw 0017Fh,base+0001Ah
  dw 00380h,base+01113h
  dw 0037Eh,base+00767h
  dw 00580h,base+03A7Ch
  dw 00680h,base+03804h
  dw 00780h,base+03623h
  dw 00980h,base+03443h
  dw 00980h,base+0344Ch
  dw 00A80h,base+03393h
  dw 00A80h,base+0339Dh
  dw 00B80h,base+032CFh
  dw 00B80h,base+032DAh
  dw 00B80h,base+032E5h
  dw 00B80h,base+032F0h
  dw 00C81h,base+03178h
  dw 00B80h,base+032FBh
  dw 00B80h,base+03306h
  dw 00B80h,base+03311h
  dw 00B7Fh,base+0331Ch
  dw 00C80h,base+03184h
  dw 00D7Fh,base+02F8Dh
  dw 00E80h,base+02CBBh
  dw 00E80h,base+02CC9h
  dw 00E80h,base+02CD7h
  dw 00E80h,base+02CE5h
  dw 00E80h,base+02CF3h
  dw 00E80h,base+02D01h
  dw 00E80h,base+02D0Fh
  dw 00E7Fh,base+02D1Dh
  dw 00F80h,base+02AA3h
  dw 00F80h,base+02AB2h
  dw 00F80h,base+02AC1h
  dw 00F80h,base+02AD0h
  dw 00E80h,base+02D2Bh
  dw 00E80h,base+02D39h
  dw 00E80h,base+02D47h
  dw 00F7Fh,base+02ADFh
  dw 01080h,base+028E5h
  dw 01180h,base+02682h
  dw 0127Fh,base+0240Eh
  dw 01480h,base+01D91h
  dw 0137Fh,base+0218Ah
  dw 01380h,base+0219Dh
  dw 0147Fh,base+01DA5h
  dw 01580h,base+01AA0h
  dw 0157Fh,base+01AB5h
  dw 01680h,base+017F8h
  dw 01580h,base+01ACAh
  dw 01480h,base+01DB9h
  dw 01380h,base+021B0h
  dw 01280h,base+02420h
  dw 01281h,base+02432h
  dw 01180h,base+02693h
  dw 00607h,base+0380Ah
  dw 00879h,base+0352Ah
  dw 00507h,base+03A81h
  dw 00879h,base+03532h
  dw 00507h,base+03A86h
  dw 00879h,base+0353Ah
  dw 00407h,base+03CAAh
  dw 00579h,base+03A8Bh
  dw 00507h,base+03A90h
  dw 00579h,base+03A95h
  dw 00507h,base+03A9Ah
  dw 0057Ah,base+00A66h
  dw 00406h,base+02E76h
  dw 0057Ah,base+03A9Fh
  dw 00406h,base+02E76h
  dw 0057Ah,base+02BC2h
  dw 00407h,base+03CAEh
  dw 00479h,base+03CB2h
  dw 00407h,base+03CB6h
  dw 00479h,base+005ABh
  dw 00407h,base+03CBAh
  dw 00479h,base+0060Ah
  dw 00407h,base+03CBEh
  dw 00379h,base+00120h
  dw 00407h,base+03CC2h
  dw 00379h,base+03D9Bh
  dw 00407h,base+03CC6h
  dw 00379h,base+03D9Eh
  dw 00407h,base+03CCAh
  dw 0037Ah,base+03DA1h
  dw 00306h,base+03381h
  dw 0037Ah,base+03DA1h
  dw 00206h,base+00036h
  dw 0037Ah,base+00D72h
  dw 00206h,base+00FE0h
  dw 0037Ah,base+03DA4h
  dw 00205h,base+00FE0h
  dw 0047Ch,base+03CCEh
  dw 00104h,base+00004h
  dw 00580h,base+00489h
  dw 00580h,base+03AA4h
  dw 00580h,base+03AA4h
  dw 00581h,base+03AA9h
  dw 00300h,base+00102h

ehondaPage3frame005:
  db 04Ch,046h,02Eh,03Ah
  db 064h
  db 051h,02Bh,022h,02Eh,054h
  db 02Eh,063h
  db 048h,06Bh
  dw 00103h,base+0001Ah
  dw 0017Dh,base+0001Ah
  dw 00480h,base+01442h
  dw 00580h,base+03AAEh
  dw 0057Fh,base+007B3h
  dw 00680h,base+03810h
  dw 00680h,base+03816h
  dw 00680h,base+0381Ch
  dw 00780h,base+0362Ah
  dw 00780h,base+03631h
  dw 00680h,base+03822h
  dw 00680h,base+03828h
  dw 00580h,base+03AB3h
  dw 00680h,base+0382Eh
  dw 0077Dh,base+03638h
  dw 00A7Fh,base+033A7h
  dw 00C80h,base+03190h
  dw 00D80h,base+02F9Ah
  dw 00D7Fh,base+02FA7h
  dw 00F80h,base+02AEEh
  dw 00F80h,base+02AFDh
  dw 00F80h,base+02B0Ch
  dw 00F80h,base+02B1Bh
  dw 00F81h,base+02B2Ah
  dw 00E80h,base+02D55h
  dw 00D7Fh,base+02FB4h
  dw 00E80h,base+02D63h
  dw 00E80h,base+02D71h
  dw 00D80h,base+02FC1h
  dw 00D80h,base+02FCEh
  dw 00D80h,base+02FDBh
  dw 00D7Fh,base+02FE8h
  dw 00E80h,base+02D7Fh
  dw 00E7Fh,base+02D8Dh
  dw 00F7Fh,base+02B39h
  dw 01079h,base+028F5h
  dw 00103h,base+00004h
  dw 0157Ch,base+01ADFh
  dw 01980h,base+00FF6h
  dw 0197Eh,base+0100Fh
  dw 01C7Fh,base+00BD3h
  dw 01D7Fh,base+00A46h
  dw 01F80h,base+006CAh
  dw 01F7Fh,base+006E9h
  dw 0207Fh,base+005EAh
  dw 02180h,base+00505h
  dw 0217Fh,base+00526h
  dw 02280h,base+0045Dh
  dw 0227Fh,base+0047Fh
  dw 02380h,base+003F5h
  dw 0237Fh,base+00418h
  dw 00C0Dh,base+0319Ch
  dw 01773h,base+015A4h
  dw 00B0Eh,base+03327h
  dw 01671h,base+0180Eh
  dw 00709h,base+0363Fh
  dw 00307h,base+00102h
  dw 01570h,base+01AF4h
  dw 00710h,base+03646h
  dw 01470h,base+01DCDh
  dw 00611h,base+03834h
  dw 0136Fh,base+021C3h
  dw 00511h,base+03AB8h
  dw 0136Fh,base+021D6h
  dw 00512h,base+03ABDh
  dw 00306h,base+00102h
  dw 00C68h,base+031A8h
  dw 00418h,base+03CD2h
  dw 00B69h,base+03332h
  dw 00318h,base+021D7h
  dw 00A68h,base+033B1h
  dw 00319h,base+03DA7h
  dw 00506h,base+0057Ch
  dw 00362h,base+000E2h
  dw 00119h,base+00004h
  dw 00304h,base+00119h
  dw 00480h,base+03CD6h
  dw 00480h,base+03CD6h
  dw 00480h,base+03CDAh
  dw 00480h,base+03CDEh
  dw 00580h,base+03AC2h
  dw 00780h,base+0364Dh
  dw 00780h,base+03654h
  dw 00780h,base+0365Bh
  dw 00780h,base+03662h
  dw 00681h,base+0383Ah
  dw 00100h,base+00004h

ehondaPage3frame006:
  db 05Ch,041h,040h,045h
  db 06Ah
  db 03Fh,054h,01Eh,064h,037h
  db 041h,04Ch
  db 05Bh,054h
  dw 00107h,base+0001Ah
  dw 00379h,base+00984h
  dw 00106h,base+0001Ch
  dw 00578h,base+03A0Eh
  dw 00407h,base+007B4h
  dw 00678h,base+0377Ah
  dw 00506h,base+03A13h
  dw 0097Bh,base+0341Fh
  dw 00F7Fh,base+02A85h
  dw 01180h,base+02660h
  dw 01280h,base+023EAh
  dw 0126Fh,base+023FCh
  dw 00111h,base+00003h
  dw 0136Fh,base+02151h
  dw 00211h,base+00E8Bh
  dw 0136Fh,base+02164h
  dw 00311h,base+03D86h
  dw 0146Eh,base+01D55h
  dw 00412h,base+03C52h
  dw 0156Eh,base+01A76h
  dw 00410h,base+03C56h
  dw 01770h,base+0158Dh
  dw 0040Fh,base+03C5Ah
  dw 01872h,base+013C5h
  dw 0030Eh,base+00C42h
  dw 01971h,base+00FDDh
  dw 0040Eh,base+03C5Eh
  dw 01A72h,base+00D87h
  dw 00407h,base+03C62h
  dw 00306h,base+00102h
  dw 01B74h,base+00C43h
  dw 00A0Bh,base+0337Fh
  dw 01C74h,base+00AD7h
  dw 02780h,base+00131h
  dw 02781h,base+00158h
  dw 02681h,base+0021Bh
  dw 02480h,base+002D6h
  dw 02481h,base+002FAh
  dw 02382h,base+003D2h
  dw 02180h,base+004C3h
  dw 02281h,base+0043Bh
  dw 02181h,base+004E4h
  dw 02081h,base+005AAh
  dw 02081h,base+005CAh
  dw 00204h,base+00004h
  dw 00405h,base+00119h
  dw 01681h,base+00C63h
  dw 01580h,base+00DA6h
  dw 01680h,base+01824h
  dw 01680h,base+0183Ah
  dw 01681h,base+01850h
  dw 0157Fh,base+01B09h
  dw 01680h,base+01866h
  dw 01680h,base+0187Ch
  dw 01680h,base+01892h
  dw 01780h,base+015BBh
  dw 01781h,base+015D2h
  dw 01680h,base+018A8h
  dw 01781h,base+015E9h
  dw 01680h,base+018BEh
  dw 01681h,base+018D4h
  dw 01580h,base+01B1Eh
  dw 00E0Fh,base+02D9Bh
  dw 00671h,base+03840h
  dw 00E0Fh,base+02DA9h
  dw 00671h,base+03846h
  dw 00E0Fh,base+02DB7h
  dw 00671h,base+0384Ch
  dw 00506h,base+03AC7h
  dw 00809h,base+03542h
  dw 00671h,base+03852h
  dw 00507h,base+03ACCh
  dw 00708h,base+03669h
  dw 00671h,base+03858h
  dw 00507h,base+03AD1h
  dw 00609h,base+007B2h
  dw 0056Fh,base+01FADh
  dw 00608h,base+0385Eh
  dw 00609h,base+007B2h
  dw 0056Eh,base+03AD6h
  dw 00709h,base+03670h
  dw 0050Bh,base+03ADBh
  dw 0046Ch,base+02BC3h
  dw 00609h,base+030D2h
  dw 0050Bh,base+03AE0h
  dw 0046Bh,base+03CE2h
  dw 0070Ah,base+03677h
  dw 0050Ch,base+03AE5h
  dw 0036Ah,base+0002Eh
  dw 0070Ah,base+0367Eh
  dw 0040Bh,base+03AE5h
  dw 0056Ch,base+03AA9h
  dw 00509h,base+03AEAh
  dw 0030Bh,base+021A9h
  dw 00575h,base+021F1h
  dw 0020Bh,base+000F5h
  dw 00580h,base+03AEFh
  dw 00581h,base+03AF4h
  dw 00580h,base+03AF9h
  dw 00580h,base+03AFEh
  dw 00580h,base+03B03h
  dw 00580h,base+03B08h
  dw 00580h,base+03B0Dh
  dw 00500h,base+03B12h

ehondaPage3frame007:
  db 052h,045h,046h,02Ch
  db 084h
  db 000h,000h,0D4h,000h,000h
  db 048h,070h
  db 068h,06Fh
  dw 00180h,base+0001Ah
  dw 0017Eh,base+0001Ch
  dw 0047Fh,base+007B4h
  dw 00581h,base+03A13h
  dw 0057Fh,base+02A85h
  dw 00680h,base+02660h
  dw 00680h,base+023EAh
  dw 00680h,base+023FCh
  dw 00680h,base+02151h
  dw 00680h,base+03864h
  dw 0057Eh,base+01D55h
  dw 0087Fh,base+0354Ah
  dw 00A7Ch,base+033BBh
  dw 00E7Fh,base+02DC5h
  dw 01080h,base+02905h
  dw 0107Dh,base+02915h
  dw 0147Fh,base+01DE1h
  dw 0157Fh,base+01B33h
  dw 0177Fh,base+01600h
  dw 0187Fh,base+01425h
  dw 01A7Dh,base+00E09h
  dw 01D7Fh,base+00A63h
  dw 01E80h,base+007E0h
  dw 01E7Fh,base+007FEh
  dw 01F80h,base+00708h
  dw 00B0Ch,base+0333Dh
  dw 00406h,base+00102h
  dw 00D6Eh,base+02FF5h
  dw 00A12h,base+033C5h
  dw 00D6Eh,base+03002h
  dw 00507h,base+03B17h
  dw 00305h,base+00102h
  dw 00203h,base+0067Dh
  dw 00203h,base+00660h
  dw 00D6Fh,base+0300Fh
  dw 0040Ah,base+03CE6h
  dw 01476h,base+01DF5h
  dw 0030Ah,base+03DAAh
  dw 01377h,base+021E9h
  dw 00108h,base+00004h
  dw 01480h,base+01E09h
  dw 01480h,base+01E1Dh
  dw 01480h,base+01E31h
  dw 01481h,base+01E45h
  dw 01380h,base+021FCh
  dw 01380h,base+0220Fh
  dw 01280h,base+02444h
  dw 0137Fh,base+02222h
  dw 0157Fh,base+01B48h
  dw 0167Fh,base+018EAh
  dw 0187Fh,base+0143Dh
  dw 01980h,base+01028h
  dw 01A7Fh,base+00E23h
  dw 01B80h,base+00CCAh
  dw 01B7Ch,base+00CE5h
  dw 01F7Fh,base+00727h
  dw 0207Fh,base+0060Ah
  dw 02180h,base+00547h
  dw 0207Fh,base+0062Ah
  dw 02180h,base+00568h
  dw 0217Fh,base+00589h
  dw 01112h,base+026A4h
  dw 0106Eh,base+02925h
  dw 01013h,base+02935h
  dw 00F6Bh,base+02B48h
  dw 01115h,base+026B5h
  dw 00F68h,base+02B57h
  dw 01318h,base+02235h
  dw 00F67h,base+02B66h
  dw 0121Ah,base+02456h
  dw 00E66h,base+02DD3h
  dw 00F1Ah,base+02B75h
  dw 00E66h,base+02DE1h
  dw 00E1Bh,base+02DEFh
  dw 00C65h,base+031B4h
  dw 00D1Bh,base+0301Ch
  dw 00C65h,base+031C0h
  dw 0060Ah,base+0386Ah
  dw 00311h,base+00102h
  dw 00C65h,base+031CCh
  dw 0061Ch,base+03870h
  dw 00A64h,base+033CFh
  dw 0061Ch,base+03876h
  dw 00A64h,base+033D9h
  dw 0051Ch,base+03B1Ch
  dw 00A65h,base+033E3h
  dw 0021Bh,base+00004h
  dw 00980h,base+03455h
  dw 00880h,base+03552h
  dw 00580h,base+03B21h
  dw 00480h,base+00D05h
  dw 00481h,base+01300h
  dw 00200h,base+00004h

ehondaPage3frame008:
  db 038h,032h,064h,036h
  db 07Ch
  db 065h,039h,021h,071h,032h
  db 068h,063h
  db 088h,06Bh
  dw 00280h,base+03DE3h
  dw 00208h,base+0039Bh
  dw 00278h,base+00004h
  dw 00308h,base+00734h
  dw 00278h,base+01594h
  dw 00407h,base+00119h
  dw 00478h,base+03CEAh
  dw 00508h,base+03B26h
  dw 00474h,base+03CEEh
  dw 00304h,base+01575h
  dw 00608h,base+0387Ch
  dw 00474h,base+03CF2h
  dw 00B0Ch,base+03348h
  dw 00473h,base+03CF6h
  dw 01280h,base+02468h
  dw 01380h,base+02248h
  dw 01380h,base+0225Bh
  dw 0147Fh,base+01E59h
  dw 0167Fh,base+01900h
  dw 0177Fh,base+01617h
  dw 01980h,base+01041h
  dw 01980h,base+0105Ah
  dw 01980h,base+01073h
  dw 0197Fh,base+0108Ch
  dw 01A80h,base+00E3Dh
  dw 01A80h,base+00E57h
  dw 01A80h,base+00E71h
  dw 01A7Fh,base+00E8Bh
  dw 01B80h,base+00D00h
  dw 01B7Fh,base+00D1Bh
  dw 01B80h,base+00D36h
  dw 01B80h,base+00D51h
  dw 01780h,base+0162Eh
  dw 01781h,base+01645h
  dw 01780h,base+0165Ch
  dw 01780h,base+01673h
  dw 01780h,base+0168Ah
  dw 00506h,base+03B2Bh
  dw 0117Ah,base+026C6h
  dw 00406h,base+00746h
  dw 0107Bh,base+02945h
  dw 00305h,base+03DADh
  dw 0117Bh,base+026D7h
  dw 00305h,base+03DADh
  dw 0117Bh,base+026E8h
  dw 00305h,base+0023Eh
  dw 0117Bh,base+026F9h
  dw 00205h,base+00004h
  dw 0127Ch,base+0247Ah
  dw 00104h,base+00004h
  dw 01380h,base+0226Eh
  dw 01380h,base+02281h
  dw 01480h,base+01E6Dh
  dw 01480h,base+01E81h
  dw 01581h,base+01B5Dh
  dw 01480h,base+01E95h
  dw 01480h,base+01EA9h
  dw 00F10h,base+02B84h
  dw 00470h,base+00119h
  dw 00F11h,base+02B93h
  dw 00370h,base+00119h
  dw 00D10h,base+03029h
  dw 00271h,base+00119h
  dw 00C0Fh,base+031D8h
  dw 00271h,base+00119h
  dw 00B84h,base+03353h
  dw 00782h,base+03685h
  dw 00400h,base+00119h

ehondaPage3frame009:
  db 05Ah,040h,052h,02Fh
  db 084h
  db 05Eh,03Bh,01Eh,052h,05Ah
  db 063h,069h
  db 083h,071h
  dw 00180h,base+00150h
  dw 00380h,base+03DB0h
  dw 00380h,base+03DB3h
  dw 0037Fh,base+03DB6h
  dw 00580h,base+03B30h
  dw 00304h,base+0106Ch
  dw 0017Ah,base+0002Ch
  dw 00102h,base+00001h
  dw 0057Eh,base+03B35h
  dw 00680h,base+03882h
  dw 00680h,base+03888h
  dw 00780h,base+0368Ch
  dw 00780h,base+03693h
  dw 00680h,base+0388Eh
  dw 00680h,base+03894h
  dw 0057Fh,base+03B3Ah
  dw 0057Fh,base+02A60h
  dw 00678h,base+0389Ah
  dw 00108h,base+0001Ah
  dw 00676h,base+038A0h
  dw 0030Ah,base+00737h
  dw 00575h,base+03B3Fh
  dw 00509h,base+03B44h
  dw 00777h,base+0369Ah
  dw 00507h,base+0057Ch
  dw 00979h,base+0345Eh
  dw 01015h,base+02955h
  dw 0016Bh,base+0001Ah
  dw 01114h,base+0270Ah
  dw 0026Bh,base+00046h
  dw 01415h,base+01EBDh
  dw 0026Bh,base+00019h
  dw 01415h,base+01ED1h
  dw 0036Bh,base+00794h
  dw 01880h,base+01455h
  dw 01880h,base+0146Dh
  dw 01880h,base+01485h
  dw 01880h,base+0149Dh
  dw 01881h,base+014B5h
  dw 01780h,base+016A1h
  dw 01680h,base+01916h
  dw 0167Fh,base+0192Ch
  dw 01781h,base+016B8h
  dw 0167Fh,base+01942h
  dw 0171Ah,base+016CFh
  dw 00206h,base+00004h
  dw 0015Ah,base+00004h
  dw 00106h,base+00000h
  dw 0181Ah,base+014CDh
  dw 00305h,base+00984h
  dw 0035Bh,base+00120h
  dw 00305h,base+021C6h
  dw 01E20h,base+0081Ch
  dw 0035Bh,base+00279h
  dw 00305h,base+021C6h
  dw 01F20h,base+00746h
  dw 0055Bh,base+03B49h
  dw 00304h,base+03DB9h
  dw 0267Ch,base+00241h
  dw 02B7Eh,base+00086h
  dw 02D80h,base+00000h
  dw 02D81h,base+0002Dh
  dw 02C80h,base+0005Ah
  dw 02B80h,base+000B1h
  dw 02B81h,base+000DCh
  dw 02580h,base+00267h
  dw 0090Ah,base+03467h
  dw 01A78h,base+00EA5h
  dw 00608h,base+00713h
  dw 01879h,base+014E5h
  dw 00208h,base+00004h
  dw 01782h,base+016E6h
  dw 01680h,base+01958h
  dw 01682h,base+0196Eh
  dw 00F11h,base+02BA2h
  dw 0036Fh,base+00D4Fh
  dw 00F11h,base+02BB1h
  dw 00370h,base+00102h
  dw 00E80h,base+02DFDh
  dw 00E81h,base+02E0Bh
  dw 00C80h,base+031E4h
  dw 00C80h,base+031F0h
  dw 00C81h,base+031FCh
  dw 00A80h,base+033EDh
  dw 00304h,base+0031Fh
  dw 0067Ch,base+02F23h
  dw 00102h,base+0001Ah
  dw 00102h,base+0001Bh
  dw 0067Eh,base+038A6h
  dw 00103h,base+0001Bh
  dw 0047Dh,base+02750h
  dw 00104h,base+0001Bh
  dw 00380h,base+00984h
  dw 00200h,base+00004h

ehondaPage3frame010:
  db 03Ch,05Ch,066h,02Bh
  db 082h
  db 074h,030h,024h,06Eh,03Ch
  db 000h,000h
  db 000h,000h
  dw 0017Bh,base+00004h
  dw 00204h,base+00004h
  dw 0027Ch,base+005B6h
  dw 00304h,base+03D6Fh
  dw 00305h,base+03DBCh
  dw 00277h,base+0017Fh
  dw 00304h,base+00D14h
  dw 0077Bh,base+036A1h
  dw 00C80h,base+03208h
  dw 00E80h,base+02E19h
  dw 00E80h,base+02E27h
  dw 00E80h,base+02E35h
  dw 00D80h,base+03036h
  dw 00D81h,base+03043h
  dw 00C80h,base+03214h
  dw 00C80h,base+03220h
  dw 00D7Fh,base+03050h
  dw 00F80h,base+02BC0h
  dw 01080h,base+02965h
  dw 0107Fh,base+02975h
  dw 01180h,base+0271Bh
  dw 01180h,base+0272Ch
  dw 01280h,base+0248Ch
  dw 01280h,base+0249Eh
  dw 01280h,base+024B0h
  dw 01280h,base+024C2h
  dw 01281h,base+024D4h
  dw 01180h,base+0273Dh
  dw 01181h,base+0274Eh
  dw 01180h,base+0275Fh
  dw 01181h,base+02770h
  dw 01081h,base+02985h
  dw 00F81h,base+02BCFh
  dw 00E81h,base+02E43h
  dw 00D81h,base+0305Dh
  dw 00C80h,base+0322Ch
  dw 00C80h,base+03238h
  dw 00C7Fh,base+03244h
  dw 00D80h,base+0306Ah
  dw 00D80h,base+03077h
  dw 00D80h,base+03084h
  dw 00D80h,base+03084h
  dw 00E80h,base+02E51h
  dw 00E7Fh,base+02E5Fh
  dw 00F80h,base+02BDEh
  dw 00F7Fh,base+02BEDh
  dw 0117Fh,base+02781h
  dw 0127Fh,base+024E6h
  dw 0137Fh,base+02294h
  dw 01580h,base+01B72h
  dw 0157Fh,base+01B87h
  dw 01680h,base+01984h
  dw 01680h,base+0199Ah
  dw 0167Fh,base+019B0h
  dw 0177Fh,base+016FDh
  dw 01980h,base+010A5h
  dw 01980h,base+010BEh
  dw 01980h,base+010D7h
  dw 01980h,base+010F0h
  dw 01980h,base+01109h
  dw 01980h,base+01122h
  dw 01980h,base+0113Bh
  dw 01980h,base+01154h
  dw 01980h,base+0116Dh
  dw 01980h,base+01186h
  dw 0090Ah,base+03470h
  dw 00E76h,base+02E6Dh
  dw 0090Ah,base+03479h
  dw 00E76h,base+02E7Bh
  dw 00507h,base+03B4Eh
  dw 00203h,base+00119h
  dw 00E75h,base+02E89h
  dw 00608h,base+038ACh
  dw 00104h,base+0001Ah
  dw 00507h,base+03B53h
  dw 0066Dh,base+038B2h
  dw 0060Ch,base+038B8h
  dw 00506h,base+03B58h
  dw 0076Eh,base+036A8h
  dw 0060Ch,base+038BEh
  dw 00506h,base+03B5Dh
  dw 0076Eh,base+036AFh
  dw 0050Ch,base+03B62h
  dw 00405h,base+03CFAh
  dw 0086Fh,base+0355Ah
  dw 0050Ch,base+03B67h
  dw 00305h,base+007BEh
  dw 0076Fh,base+036B6h
  dw 0040Ch,base+03CFEh
  dw 00105h,base+0001Ah
  dw 0076Fh,base+036BDh
  dw 00411h,base+0357Bh
  dw 0076Fh,base+036C4h
  dw 00311h,base+000DEh
  dw 0076Fh,base+036CBh
  dw 00311h,base+026C7h
  dw 0076Fh,base+036D2h
  dw 00312h,base+00279h
  dw 0056Eh,base+03B6Ch
  dw 00312h,base+00279h
  dw 0056Dh,base+03B71h
  dw 00413h,base+0002Dh
  dw 0056Dh,base+03B76h
  dw 00413h,base+03D02h
  dw 0046Ch,base+00423h
  dw 00514h,base+03B7Bh
  dw 0046Bh,base+0357Bh
  dw 00615h,base+038C4h
  dw 0036Bh,base+00837h
  dw 00615h,base+038CAh
  dw 0036Ah,base+00296h
  dw 00715h,base+036D9h
  dw 0046Bh,base+03D06h
  dw 00715h,base+036E0h
  dw 0046Bh,base+03D0Ah
  dw 00515h,base+03B80h
  dw 0046Ch,base+03073h
  dw 00413h,base+03D0Eh
  dw 00580h,base+03B85h
  dw 00580h,base+03B8Ah
  dw 00681h,base+038D0h
  dw 00580h,base+03B8Fh
  dw 00581h,base+03B94h
  dw 00580h,base+03B99h
  dw 00581h,base+03B9Eh
  dw 00480h,base+03D12h
  dw 00200h,base+00122h

ehondaPage3frame011:
  db 036h,044h,066h,044h
  db 07Ch
  db 068h,02Dh,01Eh,06Bh,032h
  db 000h,000h
  db 000h,000h
  dw 0027Eh,base+0017Fh
  dw 00480h,base+00736h
  dw 0047Eh,base+03210h
  dw 00780h,base+036E7h
  dw 0087Fh,base+03562h
  dw 00980h,base+03482h
  dw 0087Fh,base+0356Ah
  dw 0097Fh,base+0348Bh
  dw 00B7Fh,base+0335Eh
  dw 00E80h,base+02E97h
  dw 00F80h,base+02BFCh
  dw 00F7Fh,base+02C0Bh
  dw 01180h,base+02792h
  dw 01280h,base+024F8h
  dw 01280h,base+0250Ah
  dw 01281h,base+0251Ch
  dw 01180h,base+027A3h
  dw 0127Fh,base+0252Eh
  dw 01380h,base+022A7h
  dw 01380h,base+022BAh
  dw 01480h,base+01EE5h
  dw 01480h,base+01EF9h
  dw 01480h,base+01F0Dh
  dw 01480h,base+01F21h
  dw 01480h,base+01F35h
  dw 01480h,base+01F49h
  dw 01581h,base+01B9Ch
  dw 01480h,base+01F5Dh
  dw 01481h,base+01F71h
  dw 01380h,base+022CDh
  dw 01380h,base+022E0h
  dw 01380h,base+022F3h
  dw 01480h,base+01F85h
  dw 01480h,base+01F99h
  dw 01480h,base+01FADh
  dw 01480h,base+01FC1h
  dw 01580h,base+01BB1h
  dw 01580h,base+01BC6h
  dw 01580h,base+01BDBh
  dw 01581h,base+01BF0h
  dw 01480h,base+01FD5h
  dw 01480h,base+01FE9h
  dw 01480h,base+01FFDh
  dw 00304h,base+0080Bh
  dw 0107Bh,base+02995h
  dw 00405h,base+03D16h
  dw 0117Bh,base+027B4h
  dw 00406h,base+03D16h
  dw 0107Ah,base+029A5h
  dw 00406h,base+03D16h
  dw 0107Ah,base+029B5h
  dw 00306h,base+003ECh
  dw 0107Ah,base+029C5h
  dw 00306h,base+00279h
  dw 0107Ah,base+029D5h
  dw 00307h,base+00279h
  dw 00F79h,base+02C1Ah
  dw 00307h,base+03DBFh
  dw 00F79h,base+02C29h
  dw 00308h,base+03DC2h
  dw 00E77h,base+02EA5h
  dw 0040Ah,base+03D1Ah
  dw 00D75h,base+03091h
  dw 0060Bh,base+038D6h
  dw 00D74h,base+0309Eh
  dw 0070Dh,base+036EEh
  dw 00C72h,base+03250h
  dw 0080Eh,base+03572h
  dw 00C72h,base+0325Ch
  dw 0080Eh,base+0357Ah
  dw 00C72h,base+03268h
  dw 0070Dh,base+036F5h
  dw 00D75h,base+030ABh
  dw 0020Bh,base+00004h
  dw 00D80h,base+030B8h
  dw 00D80h,base+030C5h
  dw 00E80h,base+02EB3h
  dw 00E80h,base+02EC1h
  dw 00E80h,base+02ECFh
  dw 0090Ah,base+03494h
  dw 00477h,base+03D1Eh
  dw 00708h,base+036FCh
  dw 00578h,base+03BA3h
  dw 00708h,base+03703h
  dw 00578h,base+03BA8h
  dw 00609h,base+038DCh
  dw 00378h,base+00102h
  dw 00300h,base+00102h

ehondaPage3frame012:
  db 03Eh,040h,064h,044h
  db 08Eh
  db 06Ch,03Dh,013h,067h,039h
  db 000h,000h
  db 000h,000h
  dw 00379h,base+00640h
  dw 00506h,base+00F0Dh
  dw 00579h,base+03BADh
  dw 00D7Fh,base+030D2h
  dw 00E7Eh,base+02EDDh
  dw 01180h,base+027C5h
  dw 0117Ch,base+027D6h
  dw 01580h,base+01C05h
  dw 01680h,base+019C6h
  dw 01680h,base+019DCh
  dw 01781h,base+01714h
  dw 01680h,base+019F2h
  dw 01680h,base+01A08h
  dw 0167Fh,base+01A1Eh
  dw 01780h,base+0172Bh
  dw 0177Fh,base+01742h
  dw 01980h,base+0119Fh
  dw 01980h,base+011B8h
  dw 01980h,base+011D1h
  dw 01980h,base+011EAh
  dw 01A80h,base+00EBFh
  dw 01A80h,base+00ED9h
  dw 01A80h,base+00EF3h
  dw 0197Fh,base+01203h
  dw 01A80h,base+00F0Dh
  dw 01980h,base+0121Ch
  dw 0197Fh,base+01235h
  dw 01980h,base+0124Eh
  dw 01980h,base+01267h
  dw 01980h,base+01280h
  dw 01980h,base+01299h
  dw 01980h,base+012B2h
  dw 01980h,base+012CBh
  dw 01980h,base+012E4h
  dw 01980h,base+012FDh
  dw 0197Fh,base+01316h
  dw 01A7Fh,base+00F27h
  dw 01B80h,base+00D6Ch
  dw 00A0Bh,base+033F7h
  dw 01075h,base+029E5h
  dw 00A0Bh,base+03401h
  dw 00203h,base+00321h
  dw 00D72h,base+030DFh
  dw 00304h,base+03DC5h
  dw 00608h,base+03405h
  dw 00102h,base+0001Ah
  dw 00607h,base+038E2h
  dw 0066Bh,base+038E8h
  dw 00304h,base+000DAh
  dw 00608h,base+03405h
  dw 00102h,base+0001Ah
  dw 00507h,base+03BB2h
  dw 0066Bh,base+038EEh
  dw 00304h,base+00F12h
  dw 0060Ah,base+038F4h
  dw 00507h,base+03BB7h
  dw 0066Bh,base+038FAh
  dw 00304h,base+03DC8h
  dw 0050Ah,base+00D70h
  dw 00507h,base+03BBCh
  dw 0066Bh,base+03900h
  dw 00304h,base+03DCBh
  dw 0050Ah,base+03BC1h
  dw 00507h,base+03BC6h
  dw 0066Bh,base+03906h
  dw 00304h,base+03DCEh
  dw 0050Ah,base+03BCBh
  dw 00507h,base+03BD0h
  dw 0066Bh,base+0390Ch
  dw 00304h,base+03DD1h
  dw 0040Bh,base+00E4Ch
  dw 00307h,base+03DD4h
  dw 0056Bh,base+03BD5h
  dw 00203h,base+00004h
  dw 0040Ch,base+00C07h
  dw 00206h,base+00004h
  dw 0046Eh,base+03D22h
  dw 00412h,base+00C07h
  dw 0046Eh,base+02286h
  dw 00412h,base+02915h
  dw 0046Dh,base+00771h
  dw 00413h,base+004EDh
  dw 00469h,base+00BFBh
  dw 00817h,base+03582h
  dw 00369h,base+00771h
  dw 00817h,base+0358Ah
  dw 00369h,base+00771h
  dw 00817h,base+03592h
  dw 0036Ah,base+0006Ah
  dw 00716h,base+0370Ah
  dw 0036Ah,base+01081h
  dw 00715h,base+03711h
  dw 0056Ch,base+03BDAh
  dw 00614h,base+03912h
  dw 0056Dh,base+03BDFh
  dw 00513h,base+03BE4h
  dw 00570h,base+03BE9h
  dw 00210h,base+00004h
  dw 00570h,base+03BEEh
  dw 00110h,base+00004h
  dw 00580h,base+03BF3h
  dw 00581h,base+03BF8h
  dw 00480h,base+03D26h
  dw 00381h,base+00102h
  dw 00280h,base+00031h
  dw 00200h,base+00004h

ehondaPage3frame013:
  db 050h,024h,060h,03Ch
  db 082h
  db 070h,02Eh,008h,060h,04Fh
  db 06Fh,05Ah
  db 064h,04Ch
  dw 0037Fh,base+00119h
  dw 0057Fh,base+0057Ch
  dw 0077Fh,base+03718h
  dw 00980h,base+0349Dh
  dw 0097Dh,base+034A6h
  dw 00D7Fh,base+030ECh
  dw 00E7Fh,base+02EEBh
  dw 0107Fh,base+029F5h
  dw 0117Fh,base+027E7h
  dw 0127Fh,base+02540h
  dw 01380h,base+02306h
  dw 01318h,base+02319h
  dw 00167h,base+00004h
  dw 01518h,base+01C1Ah
  dw 00368h,base+0060Ah
  dw 01618h,base+01A34h
  dw 00306h,base+000DEh
  dw 00160h,base+00004h
  dw 01D1Fh,base+00A80h
  dw 00261h,base+00000h
  dw 01E1Fh,base+0083Ah
  dw 00361h,base+0132Bh
  dw 0227Eh,base+004A1h
  dw 02480h,base+0031Eh
  dw 0247Fh,base+00342h
  dw 02780h,base+0017Fh
  dw 02781h,base+001A6h
  dw 02780h,base+001CDh
  dw 02781h,base+001F4h
  dw 02580h,base+0028Ch
  dw 02480h,base+00366h
  dw 01F80h,base+00765h
  dw 01E80h,base+00858h
  dw 01C80h,base+00BEFh
  dw 01719h,base+01759h
  dw 00269h,base+00004h
  dw 01584h,base+01C2Fh
  dw 01180h,base+027F8h
  dw 01181h,base+02809h
  dw 00D83h,base+030F9h
  dw 00984h,base+034AFh
  dw 00481h,base+014DDh
  dw 00200h,base+00119h

ehondaPage3frame014:
  db 044h,050h,060h,02Eh
  db 082h
  db 060h,054h,035h,085h,02Ah
  db 000h,000h
  db 000h,000h
  dw 0017Fh,base+0001Ah
  dw 00280h,base+0039Bh
  dw 00308h,base+0017Fh
  dw 00278h,base+00004h
  dw 00507h,base+0057Ch
  dw 00478h,base+03D2Ah
  dw 00C80h,base+03274h
  dw 00D80h,base+03106h
  dw 00D80h,base+03113h
  dw 00E80h,base+02EF9h
  dw 00F80h,base+02C38h
  dw 00F80h,base+02C47h
  dw 01080h,base+02A05h
  dw 01080h,base+02A15h
  dw 01180h,base+0281Ah
  dw 01180h,base+0282Bh
  dw 01180h,base+0283Ch
  dw 01281h,base+02552h
  dw 0117Fh,base+0284Dh
  dw 01280h,base+02564h
  dw 0127Fh,base+02576h
  dw 01380h,base+0232Ch
  dw 0137Fh,base+0233Fh
  dw 00E0Fh,base+02F07h
  dw 00571h,base+03BFDh
  dw 00F10h,base+02C56h
  dw 00470h,base+03D2Eh
  dw 0147Dh,base+02011h
  dw 0187Fh,base+014FDh
  dw 01980h,base+0132Fh
  dw 01980h,base+01348h
  dw 01417h,base+02025h
  dw 00262h,base+00316h
  dw 00106h,base+00004h
  dw 01519h,base+01C44h
  dw 00161h,base+00001h
  dw 00106h,base+00108h
  dw 01579h,base+01C59h
  dw 00206h,base+00389h
  dw 0177Ah,base+01770h
  dw 00206h,base+001ACh
  dw 0177Ah,base+01787h
  dw 00206h,base+00278h
  dw 01879h,base+01515h
  dw 00406h,base+03D32h
  dw 0197Ah,base+01361h
  dw 00406h,base+03D36h
  dw 0197Ah,base+0137Ah
  dw 02080h,base+0064Ah
  dw 02081h,base+0066Ah
  dw 01F80h,base+00784h
  dw 02080h,base+0068Ah
  dw 02081h,base+006AAh
  dw 01F80h,base+007A3h
  dw 0090Ah,base+034B8h
  dw 01576h,base+01C6Eh
  dw 0080Ah,base+0359Ah
  dw 01576h,base+01C83h
  dw 0040Ah,base+03D3Ah
  dw 01576h,base+01C98h
  dw 0030Bh,base+03DD7h
  dw 01476h,base+02039h
  dw 0020Bh,base+000B9h
  dw 01375h,base+02352h
  dw 0010Bh,base+00004h
  dw 01380h,base+02365h
  dw 01381h,base+02378h
  dw 01281h,base+02588h
  dw 01081h,base+02A25h
  dw 00304h,base+00119h
  dw 00708h,base+0371Fh
  dw 00378h,base+00119h
  dw 00708h,base+03726h
  dw 00378h,base+00119h
  dw 00709h,base+0372Dh
  dw 00178h,base+0001Ah
  dw 00680h,base+03918h
  dw 00580h,base+03C02h
  dw 00680h,base+0391Eh
  dw 00680h,base+03924h
  dw 00680h,base+0392Ah
  dw 00680h,base+03930h
  dw 00680h,base+03936h
  dw 00680h,base+0393Ch
  dw 00680h,base+03942h
  dw 00680h,base+03948h
  dw 00681h,base+0394Eh
  dw 00480h,base+03D3Eh
  dw 00480h,base+03CE2h
  dw 0047Fh,base+03D42h
  dw 00580h,base+03C07h
  dw 00680h,base+03954h
  dw 00680h,base+0395Ah
  dw 00681h,base+03960h
  dw 00580h,base+03AFEh
  dw 00580h,base+03C0Ch
  dw 00581h,base+03C11h
  dw 00480h,base+03D46h
  dw 00481h,base+03D4Ah
  dw 00380h,base+004DBh
  dw 00380h,base+00D52h
  dw 00381h,base+0232Ch
  dw 00100h,base+00004h

ehondaPage3frame015:
  db 056h,02Fh,056h,059h
  db 06Ah
  db 060h,02Eh,008h,051h,05Ch
  db 000h,000h
  db 000h,000h
  dw 0027Fh,base+00004h
  dw 00480h,base+00102h
  dw 0057Fh,base+03C16h
  dw 00680h,base+03966h
  dw 00780h,base+03734h
  dw 00780h,base+0373Bh
  dw 00880h,base+035A2h
  dw 0087Fh,base+035AAh
  dw 00A0Fh,base+0340Bh
  dw 00271h,base+00004h
  dw 00B0Fh,base+03369h
  dw 00371h,base+03DDAh
  dw 00D0Eh,base+03120h
  dw 00472h,base+03D4Eh
  dw 00D0Eh,base+0312Dh
  dw 00572h,base+03C1Bh
  dw 01680h,base+01A4Ah
  dw 01780h,base+0179Eh
  dw 0177Fh,base+017B5h
  dw 01980h,base+01393h
  dw 01980h,base+013ACh
  dw 01A80h,base+00F41h
  dw 01A80h,base+00F5Bh
  dw 00506h,base+03C20h
  dw 01479h,base+0204Dh
  dw 00507h,base+03C25h
  dw 01479h,base+02061h
  dw 00407h,base+0357Bh
  dw 01479h,base+02075h
  dw 00408h,base+03D52h
  dw 01477h,base+02089h
  dw 00409h,base+00852h
  dw 01475h,base+0209Dh
  dw 0060Bh,base+0396Ch
  dw 01516h,base+01CADh
  dw 0015Dh,base+00004h
  dw 0080Dh,base+035B2h
  dw 01873h,base+0152Dh
  dw 0080Dh,base+035BAh
  dw 01873h,base+01545h
  dw 0080Dh,base+035C2h
  dw 01874h,base+0155Dh
  dw 0070Ch,base+03742h
  dw 01875h,base+01575h
  dw 0060Ah,base+014E6h
  dw 01A79h,base+00F75h
  dw 00207h,base+00004h
  dw 01A80h,base+00F8Fh
  dw 01A80h,base+00FA9h
  dw 01A7Eh,base+00FC3h
  dw 01C7Bh,base+00C0Bh
  dw 00104h,base+00004h
  dw 01D78h,base+00A9Dh
  dw 00508h,base+03C2Ah
  dw 01C78h,base+00C27h
  dw 00607h,base+03972h
  dw 01D79h,base+00ABAh
  dw 02480h,base+0038Ah
  dw 02480h,base+003AEh
  dw 02527h,base+002B1h
  dw 00259h,base+00004h
  dw 02A80h,base+00107h
  dw 01415h,base+020B1h
  dw 00408h,base+00119h
  dw 00D64h,base+0313Ah
  dw 01215h,base+0259Ah
  dw 00107h,base+0001Ah
  dw 00D64h,base+03147h
  dw 00F1Dh,base+02C65h
  dw 00C63h,base+03280h
  dw 00306h,base+00102h
  dw 00918h,base+034C1h
  dw 00B69h,base+03374h
  dw 00718h,base+03749h
  dw 00969h,base+034CAh
  dw 00218h,base+00004h
  dw 00800h,base+035CAh

ehondaPage3frame016:
  db 038h,061h,06Ch,026h
  db 08Ch
  db 075h,02Fh,023h,06Eh,036h
  db 000h,000h
  db 000h,000h
  dw 00180h,base+0001Ah
  dw 0017Fh,base+0001Ch
  dw 00480h,base+0017Fh
  dw 0057Fh,base+03C2Fh
  dw 00580h,base+03C34h
  dw 00680h,base+03978h
  dw 00680h,base+0397Eh
  dw 00681h,base+03984h
  dw 0057Eh,base+03C39h
  dw 0077Fh,base+03750h
  dw 0087Fh,base+035D2h
  dw 0097Fh,base+034D3h
  dw 00C7Fh,base+0328Ch
  dw 00E80h,base+02F15h
  dw 00E80h,base+02F23h
  dw 00E80h,base+02F31h
  dw 01112h,base+0285Eh
  dw 0016Eh,base+00004h
  dw 0137Fh,base+0238Bh
  dw 01480h,base+020C5h
  dw 01480h,base+020D9h
  dw 0147Fh,base+020EDh
  dw 01580h,base+01CC2h
  dw 01580h,base+01CD7h
  dw 01580h,base+01CECh
  dw 01580h,base+01D01h
  dw 0157Fh,base+01D16h
  dw 01680h,base+01A60h
  dw 01580h,base+01D2Bh
  dw 01580h,base+01D40h
  dw 01280h,base+025ACh
  dw 01180h,base+0286Fh
  dw 01180h,base+02880h
  dw 01080h,base+02A35h
  dw 0107Fh,base+02A45h
  dw 0107Fh,base+02A55h
  dw 01180h,base+02891h
  dw 00F7Fh,base+02C74h
  dw 01080h,base+02A65h
  dw 0107Fh,base+02A75h
  dw 01180h,base+028A2h
  dw 01180h,base+028B3h
  dw 0117Fh,base+028C4h
  dw 01280h,base+025BEh
  dw 01280h,base+025D0h
  dw 01280h,base+025E2h
  dw 0127Fh,base+025F4h
  dw 01480h,base+02101h
  dw 01480h,base+02115h
  dw 01481h,base+02129h
  dw 01482h,base+0213Dh
  dw 01280h,base+02606h
  dw 01280h,base+02618h
  dw 01280h,base+0262Ah
  dw 01280h,base+0263Ch
  dw 01280h,base+0264Eh
  dw 01380h,base+0239Eh
  dw 01380h,base+023B1h
  dw 01380h,base+023C4h
  dw 01380h,base+023D7h
  dw 00A0Bh,base+03415h
  dw 00875h,base+035DAh
  dw 0090Bh,base+034DCh
  dw 00875h,base+035E2h
  dw 0090Ch,base+034E5h
  dw 00774h,base+03757h
  dw 0090Ch,base+034EEh
  dw 00774h,base+0375Eh
  dw 0090Dh,base+034F7h
  dw 00673h,base+0398Ah
  dw 0090Dh,base+03500h
  dw 00673h,base+03990h
  dw 0090Dh,base+03509h
  dw 00673h,base+03996h
  dw 00203h,base+00119h
  dw 0060Ah,base+0399Ch
  dw 00673h,base+039A2h
  dw 00103h,base+0001Ah
  dw 00609h,base+039A8h
  dw 00674h,base+039AEh
  dw 00103h,base+0001Ah
  dw 00609h,base+039B4h
  dw 00676h,base+039AEh
  dw 0070Ah,base+03765h
  dw 00676h,base+039BAh
  dw 0060Ah,base+039C0h
  dw 00676h,base+039C6h
  dw 0060Ah,base+039CCh
  dw 00676h,base+039D2h
  dw 0060Bh,base+039D8h
  dw 00575h,base+03C3Eh
  dw 0060Bh,base+039D8h
  dw 00475h,base+03D56h
  dw 0060Bh,base+039DEh
  dw 00475h,base+03D5Ah
  dw 0060Bh,base+039E4h
  dw 00475h,base+03D5Eh
  dw 0060Bh,base+039EAh
  dw 00475h,base+00C07h
  dw 0060Bh,base+039F0h
  dw 00376h,base+00D37h
  dw 0040Ah,base+03D62h
  dw 00376h,base+00279h
  dw 0040Ah,base+03D66h
  dw 00376h,base+00279h
  dw 0030Ah,base+00285h
  dw 00376h,base+03DDDh
  dw 0030Ah,base+03DE0h
  dw 00475h,base+03D6Ah
  dw 0040Ah,base+03D6Eh
  dw 00576h,base+03C43h
  dw 0040Ah,base+03D72h
  dw 00676h,base+039F6h
  dw 0040Ah,base+03D76h
  dw 00776h,base+0376Ch
  dw 0040Ah,base+03D76h
  dw 00876h,base+035EAh
  dw 0040Bh,base+03D7Ah
  dw 00775h,base+03773h
  dw 0040Bh,base+03D7Eh
  dw 00675h,base+039FCh
  dw 0040Eh,base+03D62h
  dw 00271h,base+00004h
  dw 00580h,base+03AEFh
  dw 00580h,base+0125Eh
  dw 00680h,base+03A02h
  dw 00681h,base+03A08h
  dw 00580h,base+03C48h
  dw 00581h,base+03C4Dh
  dw 00480h,base+03D82h
  dw 00400h,base+00102h


