  dw dhalsimPage2frame000
  dw dhalsimPage2frame001
  dw dhalsimPage2frame002
  dw dhalsimPage2frame003
  dw dhalsimPage2frame004
  dw dhalsimPage2frame005
  dw dhalsimPage2frame006
  dw dhalsimPage2frame007
  dw dhalsimPage2frame008
  dw dhalsimPage2frame009
  dw dhalsimPage2frame010
  dw dhalsimPage2frame011
  dw dhalsimPage2frame012
  dw dhalsimPage2frame013
  dw dhalsimPage2frame014
  dw dhalsimPage2frame015
  dw dhalsimPage2frame016
  dw dhalsimPage2frame017
  dw dhalsimPage2frame018
  dw dhalsimPage2frame019
  dw dhalsimPage2frame020
  dw dhalsimPage2frame021
  dw dhalsimPage2frame022
  dw dhalsimPage2frame023
  dw dhalsimPage2frame024
  dw dhalsimPage2frame025
  dw dhalsimPage2frame026
  dw dhalsimPage2frame027
  dw dhalsimPage2frame028
  dw dhalsimPage2frame029
  dw dhalsimPage2frame030
  dw dhalsimPage2frame031
  dw dhalsimPage2frame032
  dw dhalsimPage2frame033

dhalsimPage2frame000:
  db 024h,03Bh,070h,049h
  db 07Ch
  db 06Dh,022h,02Ah,070h,022h
  db 000h,000h
  db 000h,000h
  dw 0027Fh,base+0003Ah
  dw 00380h,base+000ACh
  dw 00407h,base+0324Dh
  dw 00379h,base+0003Ch
  dw 00406h,base+03251h
  dw 0057Ah,base+027CAh
  dw 00405h,base+03255h
  dw 0067Ah,base+02C8Eh
  dw 00C80h,base+01965h
  dw 00C80h,base+01971h
  dw 00C80h,base+0197Dh
  dw 00C80h,base+01989h
  dw 00B80h,base+01D61h
  dw 00B80h,base+01D6Ch
  dw 00A7Eh,base+02197h
  dw 00C7Fh,base+01995h
  dw 00E7Fh,base+013EAh
  dw 00F80h,base+010FCh
  dw 00F80h,base+0110Bh
  dw 01080h,base+00F4Ch
  dw 01080h,base+00F5Ch
  dw 01080h,base+00F6Ch
  dw 01080h,base+00F7Ch
  dw 00F80h,base+0111Ah
  dw 00F81h,base+01129h
  dw 00D80h,base+016B4h
  dw 00B81h,base+01D77h
  dw 00A80h,base+021A1h
  dw 00A81h,base+021ABh
  dw 00880h,base+0284Ch
  dw 00781h,base+02AA4h
  dw 00680h,base+02C94h
  dw 00680h,base+02C9Ah
  dw 0060Bh,base+02CA0h
  dw 00274h,base+00037h
  dw 0070Bh,base+02AABh
  dw 00375h,base+00037h
  dw 0070Ah,base+02AB2h
  dw 00576h,base+02F82h
  dw 00709h,base+02AB9h
  dw 00677h,base+02CA6h
  dw 00F80h,base+01138h
  dw 00F80h,base+01147h
  dw 00F80h,base+01156h
  dw 00E80h,base+013F8h
  dw 00E80h,base+01406h
  dw 00D80h,base+016C1h
  dw 00D80h,base+016CEh
  dw 00C80h,base+019A1h
  dw 00C81h,base+019ADh
  dw 00A80h,base+021B5h
  dw 00A80h,base+021BFh
  dw 00980h,base+025BBh
  dw 0097Eh,base+025C4h
  dw 00B7Fh,base+01D82h
  dw 00C80h,base+019B9h
  dw 00B80h,base+01D8Dh
  dw 00709h,base+02AC0h
  dw 00277h,base+000A7h
  dw 00409h,base+03259h
  dw 00277h,base+00024h
  dw 00309h,base+00024h
  dw 00377h,base+004D5h
  dw 00309h,base+002CEh
  dw 00477h,base+0325Dh
  dw 00409h,base+03261h
  dw 00677h,base+02CACh
  dw 00509h,base+02F87h
  dw 00677h,base+02CB2h
  dw 00509h,base+02F8Ch
  dw 00678h,base+01A35h
  dw 00409h,base+03265h
  dw 00104h,base+0000Bh
  dw 00173h,base+0000Bh
  dw 00400h,base+0183Eh

dhalsimPage2frame001:
  db 030h,04Eh,068h,035h
  db 072h
  db 067h,024h,037h,06Dh,022h
  db 000h,000h
  db 000h,000h
  dw 0037Fh,base+002CEh
  dw 00480h,base+01414h
  dw 00580h,base+02F91h
  dw 00580h,base+02F96h
  dw 0067Fh,base+02CB8h
  dw 0077Fh,base+02AC7h
  dw 0097Fh,base+025CDh
  dw 00B80h,base+01D98h
  dw 00B0Dh,base+01DA3h
  dw 00272h,base+03594h
  dw 01180h,base+00D1Bh
  dw 01180h,base+00D2Ch
  dw 01180h,base+00D3Dh
  dw 01280h,base+00B35h
  dw 01280h,base+00B47h
  dw 01114h,base+00D4Eh
  dw 0026Dh,base+0000Fh
  dw 01011h,base+00F8Ch
  dw 00570h,base+02F9Bh
  dw 00E0Fh,base+01414h
  dw 00671h,base+02CBEh
  dw 01680h,base+006D0h
  dw 01681h,base+006E6h
  dw 0157Fh,base+00754h
  dw 01580h,base+00769h
  dw 00709h,base+02ACEh
  dw 00C77h,base+019C5h
  dw 00709h,base+02AD5h
  dw 00977h,base+025D6h
  dw 00609h,base+02CC4h
  dw 00304h,base+0237Ch
  dw 00574h,base+02FA0h
  dw 00608h,base+02CCAh
  dw 00102h,base+00000h
  dw 00103h,base+00005h
  dw 00473h,base+00033h
  dw 00708h,base+02ADCh
  dw 00102h,base+00005h
  dw 00176h,base+00000h
  dw 0070Ah,base+02AE3h
  dw 00176h,base+00005h
  dw 0087Fh,base+02854h
  dw 00A80h,base+021C9h
  dw 00A80h,base+021D3h
  dw 00B80h,base+01DAEh
  dw 00B80h,base+01DB9h
  dw 00B80h,base+01DC4h
  dw 00B81h,base+01DCFh
  dw 00A80h,base+021DDh
  dw 00A80h,base+021E7h
  dw 00A80h,base+021F1h
  dw 00A80h,base+021FBh
  dw 00A81h,base+02205h
  dw 00A80h,base+0220Fh
  dw 00A81h,base+02219h
  dw 00405h,base+03269h
  dw 0057Bh,base+00037h
  dw 00406h,base+02053h
  dw 0047Bh,base+000EAh
  dw 00405h,base+0326Dh
  dw 0047Bh,base+03271h
  dw 00406h,base+0147Dh
  dw 0037Bh,base+007EFh
  dw 00305h,base+0144Fh
  dw 0037Bh,base+0048Dh
  dw 00305h,base+01957h
  dw 0037Bh,base+0183Bh
  dw 00305h,base+0157Bh
  dw 0037Bh,base+006F2h
  dw 00305h,base+00305h
  dw 0037Ah,base+0346Dh
  dw 00406h,base+03275h
  dw 0037Ah,base+004D5h
  dw 00406h,base+03279h
  dw 0037Ah,base+0350Dh
  dw 00306h,base+03425h
  dw 0037Ah,base+0350Dh
  dw 00306h,base+01FFAh
  dw 0037Ah,base+00313h
  dw 00306h,base+0266Ah
  dw 0037Ah,base+03510h
  dw 00306h,base+03513h
  dw 0037Ah,base+000E8h
  dw 00307h,base+03516h
  dw 00279h,base+0000Fh
  dw 00307h,base+03519h
  dw 00379h,base+003FCh
  dw 00207h,base+005B7h
  dw 00378h,base+00033h
  dw 00308h,base+00906h
  dw 00378h,base+0042Dh
  dw 00308h,base+0351Ch
  dw 00378h,base+0351Fh
  dw 00308h,base+0042Ch
  dw 00378h,base+0042Dh
  dw 00309h,base+03522h
  dw 00277h,base+00AFAh
  dw 00309h,base+0042Ch
  dw 00277h,base+000B5h
  dw 00309h,base+03525h
  dw 00277h,base+00AFAh
  dw 00309h,base+00033h
  dw 00377h,base+00036h
  dw 00308h,base+0071Ah
  dw 00578h,base+02FA5h
  dw 00308h,base+0000Fh
  dw 00677h,base+02CD0h
  dw 00409h,base+01B88h
  dw 00777h,base+02AEAh
  dw 00509h,base+02FAAh
  dw 00877h,base+0285Ch
  dw 0050Ah,base+02FAFh
  dw 00776h,base+02AF1h
  dw 0050Ch,base+02FB4h
  dw 00575h,base+02FB9h
  dw 0050Ch,base+02FBEh
  dw 00474h,base+0327Dh
  dw 0050Dh,base+02FC3h
  dw 00274h,base+00032h
  dw 00580h,base+02AF4h
  dw 00580h,base+02FC8h
  dw 00581h,base+02FCDh
  dw 00480h,base+03281h
  dw 00300h,base+00033h

dhalsimPage2frame002:
  db 024h,03Dh,070h,047h
  db 078h
  db 070h,022h,02Ah,074h,021h
  db 000h,000h
  db 000h,000h
  dw 0027Fh,base+0081Dh
  dw 0047Fh,base+03285h
  dw 00580h,base+02FD2h
  dw 00680h,base+02CD6h
  dw 00680h,base+02CDCh
  dw 00680h,base+02CE2h
  dw 00680h,base+02CE8h
  dw 00581h,base+02FD7h
  dw 0047Eh,base+03289h
  dw 00680h,base+02CEEh
  dw 0097Fh,base+025DFh
  dw 00B80h,base+01DDAh
  dw 00B80h,base+01DE5h
  dw 00B80h,base+01DF0h
  dw 00B80h,base+01DFBh
  dw 00B80h,base+01E06h
  dw 00B0Eh,base+01E11h
  dw 00173h,base+00000h
  dw 00A0Dh,base+02223h
  dw 00172h,base+0000Eh
  dw 00B0Dh,base+01E1Ch
  dw 00173h,base+00004h
  dw 00B0Dh,base+01E27h
  dw 00373h,base+0000Eh
  dw 00B0Dh,base+01E32h
  dw 00373h,base+0003Eh
  dw 00B0Ch,base+01E3Dh
  dw 00474h,base+0328Dh
  dw 01080h,base+00F9Ch
  dw 01180h,base+00D5Fh
  dw 01180h,base+00D70h
  dw 01080h,base+00FACh
  dw 00F80h,base+01165h
  dw 00E80h,base+01422h
  dw 00E81h,base+01430h
  dw 00D80h,base+016DBh
  dw 00D82h,base+016E8h
  dw 00B80h,base+01E48h
  dw 00A0Ch,base+0222Dh
  dw 00275h,base+0003Dh
  dw 0060Ah,base+02CF4h
  dw 00476h,base+0040Bh
  dw 00609h,base+02CFAh
  dw 00577h,base+02FDCh
  dw 00608h,base+00032h
  dw 00677h,base+02D00h
  dw 00F80h,base+01174h
  dw 00F80h,base+01183h
  dw 00F80h,base+01192h
  dw 00F80h,base+011A1h
  dw 00E80h,base+0143Eh
  dw 00E81h,base+0144Ch
  dw 00C80h,base+019D1h
  dw 00C80h,base+019DDh
  dw 00B80h,base+01E53h
  dw 00B81h,base+01E5Eh
  dw 00980h,base+025E8h
  dw 0097Fh,base+025F1h
  dw 00A7Eh,base+02237h
  dw 00B80h,base+01E69h
  dw 00B7Fh,base+01E74h
  dw 00C80h,base+019E9h
  dw 0080Ah,base+02864h
  dw 00276h,base+00032h
  dw 0040Ah,base+03291h
  dw 00277h,base+00040h
  dw 00308h,base+0031Ch
  dw 00478h,base+0221Fh
  dw 00308h,base+0051Fh
  dw 00578h,base+02FE1h
  dw 00308h,base+03528h
  dw 00778h,base+02AF8h
  dw 00408h,base+03295h
  dw 00778h,base+02AFFh
  dw 00509h,base+02FE6h
  dw 00677h,base+02D06h
  dw 00509h,base+02FEBh
  dw 00203h,base+00033h
  dw 00175h,base+0000Bh
  dw 00300h,base+000B5h

dhalsimPage2frame003:
  db 036h,04Bh,062h,035h
  db 078h
  db 061h,033h,027h,06Dh,02Ah
  db 000h,000h
  db 000h,000h
  dw 00177h,base+0000Bh
  dw 00108h,base+0000Bh
  dw 00304h,base+0352Bh
  dw 00273h,base+0003Dh
  dw 00305h,base+03299h
  dw 00204h,base+0000Fh
  dw 00676h,base+02D0Ch
  dw 00405h,base+03299h
  dw 00304h,base+0352Eh
  dw 00877h,base+0286Ch
  dw 01180h,base+00D81h
  dw 01180h,base+00D92h
  dw 01180h,base+00DA3h
  dw 01280h,base+00B59h
  dw 01280h,base+00B6Bh
  dw 01214h,base+00B7Dh
  dw 0036Ch,base+00035h
  dw 01880h,base+005CDh
  dw 01880h,base+005E5h
  dw 01980h,base+00537h
  dw 01980h,base+00550h
  dw 01980h,base+00569h
  dw 01980h,base+00582h
  dw 00F10h,base+011B0h
  dw 00970h,base+025FAh
  dw 00F10h,base+011BFh
  dw 00708h,base+02B06h
  dw 00168h,base+00006h
  dw 00E11h,base+0145Ah
  dw 0056Fh,base+00409h
  dw 00405h,base+0329Dh
  dw 0090Eh,base+02603h
  dw 0036Dh,base+00033h
  dw 00305h,base+012CBh
  dw 0087Ch,base+02874h
  dw 00104h,base+00000h
  dw 00881h,base+0287Ch
  dw 00780h,base+02B0Dh
  dw 0080Dh,base+02884h
  dw 00173h,base+00008h
  dw 0080Ch,base+0288Ch
  dw 00375h,base+00037h
  dw 0060Ah,base+02D12h
  dw 00476h,base+032A1h
  dw 00809h,base+02894h
  dw 00577h,base+02FF0h
  dw 00E7Fh,base+01468h
  dw 00F81h,base+011CEh
  dw 00E80h,base+01476h
  dw 00E81h,base+01484h
  dw 00D7Fh,base+016F5h
  dw 00E80h,base+01492h
  dw 00E80h,base+014A0h
  dw 00F80h,base+011DDh
  dw 00F80h,base+011ECh
  dw 00F80h,base+011FBh
  dw 00A0Bh,base+02241h
  dw 00475h,base+032A5h
  dw 0090Bh,base+0260Ch
  dw 00475h,base+03259h
  dw 0090Bh,base+02615h
  dw 00407h,base+032A9h
  dw 0016Eh,base+00032h
  dw 0080Bh,base+0289Ch
  dw 00407h,base+028ACh
  dw 0016Eh,base+00004h
  dw 0070Bh,base+02B14h
  dw 00407h,base+032ADh
  dw 0016Fh,base+00013h
  dw 0050Bh,base+02FF5h
  dw 00305h,base+03531h
  dw 00370h,base+000CCh
  dw 0050Bh,base+02FFAh
  dw 00304h,base+0256Ch
  dw 00472h,base+032B1h
  dw 0030Ah,base+01009h
  dw 00876h,base+028A4h
  dw 0040Ah,base+00FFDh
  dw 00876h,base+028ACh
  dw 0040Bh,base+032B5h
  dw 00775h,base+02B1Bh
  dw 0040Bh,base+01EB6h
  dw 00775h,base+02B22h
  dw 0040Bh,base+00DA8h
  dw 00775h,base+02B29h
  dw 0040Bh,base+032B9h
  dw 00675h,base+02D18h
  dw 0030Bh,base+03534h
  dw 00575h,base+02FFFh
  dw 0030Bh,base+03537h
  dw 00475h,base+032BDh
  dw 0040Bh,base+032C1h
  dw 00475h,base+032C5h
  dw 0040Bh,base+032C9h
  dw 00375h,base+021C1h
  dw 0040Ch,base+032CDh
  dw 00274h,base+0006Ch
  dw 0040Ch,base+032D1h
  dw 00274h,base+0000Fh
  dw 0030Ch,base+003ABh
  dw 00174h,base+0000Bh
  dw 00380h,base+003D5h
  dw 00380h,base+002E9h
  dw 00380h,base+00CB8h
  dw 00381h,base+002E9h
  dw 00280h,base+00687h
  dw 0027Fh,base+00033h
  dw 00380h,base+002E9h
  dw 00380h,base+0088Ah
  dw 00480h,base+032BDh
  dw 00480h,base+032D5h
  dw 00480h,base+032D9h
  dw 00480h,base+032DDh
  dw 00480h,base+032E1h
  dw 00480h,base+032E5h
  dw 00480h,base+01F83h
  dw 00480h,base+032E9h
  dw 00481h,base+032EDh
  dw 00300h,base+0042Dh

dhalsimPage2frame004:
  db 03Ah,032h,060h,053h
  db 074h
  db 060h,03Ah,017h,05Fh,029h
  db 000h,000h
  db 000h,000h
  dw 0017Fh,base+00000h
  dw 00212h,base+00399h
  dw 0016Dh,base+0000Bh
  dw 00311h,base+0353Ah
  dw 0046Fh,base+032F1h
  dw 00311h,base+0021Eh
  dw 0046Eh,base+032F5h
  dw 00412h,base+032F9h
  dw 0046Eh,base+032FDh
  dw 00412h,base+03301h
  dw 0046Fh,base+00BDFh
  dw 00411h,base+03305h
  dw 0046Fh,base+03309h
  dw 00411h,base+0330Dh
  dw 0046Fh,base+03311h
  dw 00411h,base+03315h
  dw 0046Fh,base+03319h
  dw 00612h,base+02D1Eh
  dw 0036Eh,base+00E70h
  dw 0060Bh,base+02D24h
  dw 00102h,base+00000h
  dw 00405h,base+0003Ah
  dw 0036Fh,base+0000Fh
  dw 00509h,base+03004h
  dw 00B77h,base+01E7Fh
  dw 00609h,base+02D2Ah
  dw 00B77h,base+01E8Ah
  dw 00609h,base+02D30h
  dw 00B77h,base+01E95h
  dw 00609h,base+02D36h
  dw 00B77h,base+01EA0h
  dw 00608h,base+02D3Ch
  dw 00C78h,base+019F5h
  dw 00608h,base+02D42h
  dw 00C78h,base+01A01h
  dw 00608h,base+02D48h
  dw 00C79h,base+01A0Dh
  dw 00507h,base+009F9h
  dw 00809h,base+028B4h
  dw 00371h,base+00631h
  dw 00406h,base+01426h
  dw 00709h,base+02B30h
  dw 0036Ch,base+00037h
  dw 00105h,base+0000Bh
  dw 00406h,base+0232Eh
  dw 0040Ah,base+0276Ah
  dw 0016Bh,base+00000h
  dw 00205h,base+00C32h
  dw 00405h,base+0041Ah
  dw 00575h,base+03009h
  dw 00406h,base+0331Dh
  dw 00405h,base+03321h
  dw 00575h,base+0300Eh
  dw 00406h,base+03325h
  dw 00405h,base+03329h
  dw 00574h,base+03013h
  dw 00507h,base+03018h
  dw 00978h,base+0261Eh
  dw 00607h,base+02D4Eh
  dw 00A79h,base+0224Bh
  dw 00607h,base+02D54h
  dw 00A78h,base+02255h
  dw 00708h,base+02B37h
  dw 00A78h,base+0225Fh
  dw 01280h,base+00B8Fh
  dw 0127Fh,base+00BA1h
  dw 00507h,base+0301Dh
  dw 00C79h,base+01A19h
  dw 0137Fh,base+009A6h
  dw 0090Ah,base+02627h
  dw 00A76h,base+02269h
  dw 00506h,base+03022h
  dw 00304h,base+01157h
  dw 00A76h,base+02273h
  dw 00406h,base+0000Fh
  dw 00E7Ah,base+014AEh
  dw 00507h,base+03027h
  dw 00C7Ah,base+01A25h
  dw 00405h,base+005C9h
  dw 00E7Bh,base+014BCh
  dw 01380h,base+009B9h
  dw 01380h,base+009CCh
  dw 01381h,base+009DFh
  dw 01280h,base+00BB3h
  dw 01181h,base+00DB4h
  dw 01080h,base+00FBCh
  dw 00F80h,base+0120Ah
  dw 00E80h,base+014CAh
  dw 00E81h,base+014D8h
  dw 00C80h,base+01A31h
  dw 00B81h,base+01EABh
  dw 00982h,base+02630h
  dw 00204h,base+00033h
  dw 00200h,base+00033h

dhalsimPage2frame005:
  db 04Ah,01Ch,046h,069h
  db 076h
  db 05Ch,022h,008h,044h,04Ch
  db 000h,000h
  db 000h,000h
  dw 0027Fh,base+0000Fh
  dw 00377h,base+0052Dh
  dw 00208h,base+0000Ah
  dw 00578h,base+0302Ch
  dw 00307h,base+01C13h
  dw 00678h,base+02D5Ah
  dw 00407h,base+0332Dh
  dw 00779h,base+02B3Eh
  dw 00406h,base+02B83h
  dw 00872h,base+028BCh
  dw 00206h,base+0055Dh
  dw 00607h,base+02D60h
  dw 00A73h,base+0227Dh
  dw 00405h,base+03331h
  dw 0127Ah,base+00BC5h
  dw 01880h,base+005FDh
  dw 01880h,base+00615h
  dw 01415h,base+0087Ah
  dw 0046Bh,base+02C92h
  dw 01315h,base+009F2h
  dw 00468h,base+02ED9h
  dw 01618h,base+006FCh
  dw 00568h,base+02017h
  dw 01519h,base+0077Eh
  dw 00466h,base+03335h
  dw 0171Ah,base+0065Dh
  dw 00466h,base+03339h
  dw 0181Bh,base+0062Dh
  dw 00465h,base+0333Dh
  dw 0191Ch,base+0059Bh
  dw 00364h,base+01D69h
  dw 0191Ch,base+005B4h
  dw 00464h,base+03341h
  dw 01A1Dh,base+0044Dh
  dw 00463h,base+03345h
  dw 01A1Dh,base+00467h
  dw 00463h,base+03349h
  dw 01A1Eh,base+00481h
  dw 00462h,base+0334Dh
  dw 01A1Eh,base+0049Bh
  dw 00562h,base+03031h
  dw 01A1Eh,base+004B5h
  dw 00662h,base+02D66h
  dw 01A1Eh,base+004CFh
  dw 00763h,base+02B45h
  dw 0181Dh,base+00645h
  dw 00764h,base+02B4Ch
  dw 00B12h,base+01EB6h
  dw 0020Bh,base+0000Fh
  dw 00103h,base+0000Bh
  dw 00102h,base+0000Bh
  dw 0015Eh,base+0000Bh
  dw 00305h,base+0000Fh
  dw 00481h,base+03351h
  dw 00200h,base+0000Fh

dhalsimPage2frame006:
  db 044h,03Ch,04Ch,047h
  db 070h
  db 04Bh,030h,01Ah,049h,047h
  db 000h,000h
  db 000h,000h
  dw 0017Fh,base+00000h
  dw 0037Eh,base+007D2h
  dw 00580h,base+03036h
  dw 0057Fh,base+0303Bh
  dw 00680h,base+02D6Ch
  dw 00680h,base+02D72h
  dw 0067Fh,base+02D78h
  dw 00980h,base+02639h
  dw 00A7Fh,base+02287h
  dw 00B80h,base+01EC1h
  dw 00B7Fh,base+01ECCh
  dw 00C80h,base+01A3Dh
  dw 00C7Fh,base+01A49h
  dw 00507h,base+03040h
  dw 00679h,base+02D7Eh
  dw 00406h,base+03355h
  dw 00678h,base+02D84h
  dw 00608h,base+02D8Ah
  dw 00677h,base+02D90h
  dw 00609h,base+02D96h
  dw 00577h,base+03045h
  dw 00D80h,base+01702h
  dw 00D7Fh,base+0170Fh
  dw 00D80h,base+0171Ch
  dw 00C7Fh,base+01A55h
  dw 00E80h,base+014E6h
  dw 00E7Eh,base+014F4h
  dw 0117Fh,base+00DC5h
  dw 01280h,base+00BD7h
  dw 01213h,base+00BE9h
  dw 0026Dh,base+003C9h
  dw 0157Fh,base+00793h
  dw 0171Ah,base+00674h
  dw 00166h,base+00000h
  dw 00B0Ch,base+01ED7h
  dw 00F74h,base+01219h
  dw 00A0Ch,base+02291h
  dw 01073h,base+00FCCh
  dw 00B0Dh,base+01EE2h
  dw 01073h,base+00FDCh
  dw 00A0Dh,base+0229Bh
  dw 01073h,base+00FECh
  dw 00A0Eh,base+022A5h
  dw 00F72h,base+01228h
  dw 0090Eh,base+02642h
  dw 00F72h,base+01237h
  dw 0080Eh,base+028C4h
  dw 00E72h,base+01502h
  dw 0050Eh,base+0304Ah
  dw 00A0Ch,base+022AFh
  dw 00267h,base+00024h
  dw 0040Eh,base+03359h
  dw 0070Ah,base+02B53h
  dw 00368h,base+00790h
  dw 0030Eh,base+00F64h
  dw 0060Ah,base+02D9Ch
  dw 00369h,base+00023h
  dw 0020Dh,base+00033h
  dw 0060Ah,base+02DA2h
  dw 00376h,base+004D5h
  dw 0060Ah,base+02DA8h
  dw 00377h,base+01334h
  dw 00509h,base+0304Fh
  dw 00377h,base+0046Ah
  dw 00509h,base+03054h
  dw 00377h,base+0046Ah
  dw 00509h,base+03059h
  dw 00378h,base+00024h
  dw 00408h,base+0221Ah
  dw 00378h,base+00039h
  dw 00408h,base+0335Dh
  dw 00379h,base+000F7h
  dw 00407h,base+03361h
  dw 00378h,base+00259h
  dw 00509h,base+0305Eh
  dw 00376h,base+0353Dh
  dw 0060Ah,base+02DAEh
  dw 00375h,base+02BEAh
  dw 0070Bh,base+02B5Ah
  dw 00370h,base+03540h
  dw 00205h,base+0000Fh
  dw 0070Bh,base+02B61h
  dw 00370h,base+0099Ah
  dw 00204h,base+00024h
  dw 0080Dh,base+028CCh
  dw 0026Fh,base+01497h
  dw 00C11h,base+01A61h
  dw 0026Fh,base+003A1h
  dw 00C11h,base+01A6Dh
  dw 0036Eh,base+03543h
  dw 00D12h,base+01729h
  dw 0046Dh,base+02D17h
  dw 00E14h,base+01510h
  dw 0046Ch,base+03365h
  dw 0090Ch,base+0264Bh
  dw 00108h,base+00008h
  dw 0046Bh,base+01F09h
  dw 00715h,base+02B68h
  dw 0066Bh,base+02DB4h
  dw 00515h,base+03063h
  dw 0066Bh,base+02DBAh
  dw 00415h,base+03369h
  dw 0066Ah,base+02DC0h
  dw 00416h,base+0336Dh
  dw 00103h,base+0000Bh
  dw 00102h,base+0000Bh
  dw 00100h,base+0000Bh

dhalsimPage2frame007:
  db 044h,04Eh,058h,036h
  db 07Ah
  db 06Bh,022h,037h,073h,02Bh
  db 000h,000h
  db 000h,000h
  dw 00280h,base+00037h
  dw 00371h,base+03546h
  dw 0010Eh,base+0000Bh
  dw 00472h,base+03371h
  dw 00203h,base+0000Ah
  dw 0010Bh,base+0000Bh
  dw 00471h,base+03375h
  dw 0060Fh,base+02DC6h
  dw 00470h,base+03379h
  dw 00A10h,base+022B9h
  dw 00571h,base+03068h
  dw 00A0Fh,base+022C3h
  dw 00571h,base+0306Dh
  dw 00C0Fh,base+01A79h
  dw 00570h,base+03072h
  dw 00E10h,base+0151Eh
  dw 00771h,base+02B6Fh
  dw 00E0Fh,base+0152Ch
  dw 00871h,base+028D4h
  dw 01781h,base+0068Bh
  dw 01780h,base+006A2h
  dw 01783h,base+006B9h
  dw 01480h,base+0088Eh
  dw 00406h,base+01814h
  dw 00E7Bh,base+0153Ah
  dw 00406h,base+005E4h
  dw 00D7Ah,base+01736h
  dw 00507h,base+03077h
  dw 00C79h,base+01A85h
  dw 00607h,base+02DCCh
  dw 00C79h,base+01A91h
  dw 01382h,base+00A05h
  dw 01180h,base+00DD6h
  dw 01281h,base+00BFBh
  dw 01180h,base+00DE7h
  dw 01181h,base+00DF8h
  dw 01080h,base+00FFCh
  dw 01081h,base+0100Ch
  dw 00F80h,base+01246h
  dw 00F81h,base+01255h
  dw 00204h,base+00274h
  dw 00A7Dh,base+022CDh
  dw 00104h,base+00032h
  dw 00980h,base+02654h
  dw 00981h,base+0265Dh
  dw 00981h,base+02666h
  dw 00881h,base+028DCh
  dw 0067Fh,base+02DD2h
  dw 00780h,base+02B76h
  dw 00781h,base+02B7Dh
  dw 00680h,base+02DD8h
  dw 00680h,base+02DDEh
  dw 00680h,base+02DE4h
  dw 00780h,base+02B84h
  dw 0077Eh,base+02B8Bh
  dw 00980h,base+0266Fh
  dw 00980h,base+02678h
  dw 0097Fh,base+02681h
  dw 00A7Fh,base+022D7h
  dw 00B7Fh,base+01EEDh
  dw 00C80h,base+01A9Dh
  dw 00C7Fh,base+01AA9h
  dw 00D7Fh,base+01743h
  dw 00E80h,base+01548h
  dw 00E80h,base+01556h
  dw 00E80h,base+01564h
  dw 00E81h,base+01572h
  dw 00307h,base+002CEh
  dw 00679h,base+0157Ah
  dw 00408h,base+01509h
  dw 00578h,base+0307Ch
  dw 00408h,base+0337Dh
  dw 00479h,base+03381h
  dw 00308h,base+011E4h
  dw 00378h,base+03382h
  dw 00308h,base+02BA4h
  dw 00378h,base+03549h
  dw 00308h,base+02BA4h
  dw 00378h,base+02E4Ah
  dw 00308h,base+006F9h
  dw 00478h,base+03385h
  dw 00308h,base+00039h
  dw 00578h,base+03081h
  dw 00308h,base+0003Ah
  dw 00578h,base+03086h
  dw 00308h,base+006EFh
  dw 00678h,base+02DEAh
  dw 00308h,base+01DB4h
  dw 00778h,base+02B92h
  dw 00208h,base+00036h
  dw 00878h,base+028E4h
  dw 00208h,base+00622h
  dw 00A78h,base+022E1h
  dw 00209h,base+00036h
  dw 00A77h,base+022EBh
  dw 0020Ah,base+00622h
  dw 00976h,base+0268Ah
  dw 0020Ch,base+00033h
  dw 00774h,base+02B99h
  dw 0020Fh,base+007C3h
  dw 00471h,base+02A06h
  dw 00210h,base+00033h
  dw 0036Fh,base+004A3h
  dw 00311h,base+00753h
  dw 0036Eh,base+004A3h
  dw 00412h,base+009DFh
  dw 0036Dh,base+02AA6h
  dw 00513h,base+0308Bh
  dw 0036Bh,base+0354Ch
  dw 00715h,base+02BA0h
  dw 0036Bh,base+0354Fh
  dw 00713h,base+02BA7h
  dw 0056Dh,base+03090h
  dw 00713h,base+01A34h
  dw 0056Fh,base+03095h
  dw 00103h,base+0000Bh
  dw 0010Eh,base+0000Bh
  dw 00580h,base+0309Ah
  dw 00400h,base+00033h

dhalsimPage2frame008:
  db 04Ch,039h,06Ch,04Bh
  db 094h
  db 078h,040h,030h,069h,031h
  db 000h,000h
  db 000h,000h
  dw 0027Fh,base+0000Fh
  dw 0047Dh,base+03389h
  dw 00780h,base+02BAEh
  dw 0087Fh,base+028ECh
  dw 0097Fh,base+02693h
  dw 00B80h,base+01EF8h
  dw 00B7Dh,base+01F03h
  dw 00F80h,base+01264h
  dw 01180h,base+00E09h
  dw 01280h,base+00C0Dh
  dw 01280h,base+00C1Fh
  dw 0137Fh,base+00A18h
  dw 0147Fh,base+008A2h
  dw 01580h,base+007A8h
  dw 0157Fh,base+007BDh
  dw 01680h,base+00712h
  dw 01680h,base+00728h
  dw 0167Fh,base+0073Eh
  dw 00A0Dh,base+022F5h
  dw 00A73h,base+022FFh
  dw 00A0Eh,base+02309h
  dw 00A71h,base+02313h
  dw 00C0Fh,base+01AB5h
  dw 00A71h,base+0231Dh
  dw 00C0Fh,base+01AC1h
  dw 00A71h,base+02327h
  dw 00D10h,base+01750h
  dw 00A71h,base+02331h
  dw 00C0Fh,base+01ACDh
  dw 00A71h,base+0233Bh
  dw 00D0Fh,base+0175Dh
  dw 00B71h,base+01F0Eh
  dw 00D0Fh,base+0176Ah
  dw 00B71h,base+01F19h
  dw 00E10h,base+01580h
  dw 00C70h,base+01AD9h
  dw 00E10h,base+0158Eh
  dw 00D6Fh,base+01777h
  dw 00607h,base+02DF0h
  dw 0090Ah,base+0269Ch
  dw 00D6Fh,base+01784h
  dw 00508h,base+0289Dh
  dw 0080Ah,base+028F4h
  dw 00C6Eh,base+01AE5h
  dw 00508h,base+0309Fh
  dw 00102h,base+00008h
  dw 00608h,base+01E86h
  dw 00C6Eh,base+01AF1h
  dw 0040Bh,base+0338Dh
  dw 00507h,base+030A4h
  dw 00C6Dh,base+01AFDh
  dw 0050Bh,base+030A9h
  dw 0060Ch,base+02DF6h
  dw 00868h,base+028FCh
  dw 0060Ch,base+02DFCh
  dw 0060Ch,base+02E02h
  dw 00868h,base+02904h
  dw 0060Ch,base+02E08h
  dw 0050Ch,base+030AEh
  dw 00967h,base+026A5h
  dw 0070Ch,base+02BB5h
  dw 0060Eh,base+02E0Eh
  dw 00102h,base+0000Bh
  dw 00664h,base+02E14h
  dw 0060Ch,base+02E1Ah
  dw 00511h,base+030B3h
  dw 00563h,base+030B8h
  dw 0060Ch,base+02E20h
  dw 00512h,base+030BDh
  dw 00461h,base+01D97h
  dw 0050Dh,base+030C2h
  dw 00413h,base+03391h
  dw 00460h,base+03395h
  dw 0050Dh,base+030C7h
  dw 00413h,base+03337h
  dw 00460h,base+03399h
  dw 0040Ch,base+0339Dh
  dw 00414h,base+033A1h
  dw 00460h,base+033A5h
  dw 0040Ch,base+03337h
  dw 00414h,base+033A9h
  dw 0045Fh,base+033ADh
  dw 0050Ch,base+030CCh
  dw 00416h,base+033B1h
  dw 0035Eh,base+03552h
  dw 0040Bh,base+033B5h
  dw 00517h,base+030D1h
  dw 0035Dh,base+015A5h
  dw 0050Ch,base+030D6h
  dw 00418h,base+033B9h
  dw 0025Ch,base+00385h
  dw 0040Ch,base+033BDh
  dw 00418h,base+033C1h
  dw 0025Ch,base+000F2h
  dw 0030Ch,base+03555h
  dw 00419h,base+033C5h
  dw 0015Bh,base+00000h
  dw 0030Ch,base+03558h
  dw 00419h,base+033C9h
  dw 0015Bh,base+00004h
  dw 0030Ch,base+0025Fh
  dw 00419h,base+033CDh
  dw 0015Bh,base+00000h
  dw 0030Ch,base+01C86h
  dw 00474h,base+00E5Eh
  dw 0030Dh,base+00461h
  dw 00373h,base+002A6h
  dw 0030Dh,base+0355Bh
  dw 00373h,base+002A6h
  dw 0030Dh,base+00087h
  dw 00373h,base+0000Eh
  dw 0040Dh,base+00DB6h
  dw 00473h,base+0000Eh
  dw 0050Dh,base+030DBh
  dw 00473h,base+033D1h
  dw 0050Dh,base+030E0h
  dw 00474h,base+033D5h
  dw 0040Ch,base+00033h
  dw 00400h,base+00CD8h

dhalsimPage2frame009:
  db 02Ch,042h,074h,01Ch
  db 086h
  db 061h,023h,050h,068h,032h
  db 000h,000h
  db 000h,000h
  dw 0027Fh,base+0003Ah
  dw 00380h,base+000ACh
  dw 00480h,base+033D9h
  dw 00480h,base+03251h
  dw 0047Fh,base+02201h
  dw 00580h,base+030E5h
  dw 00580h,base+030EAh
  dw 00580h,base+030EFh
  dw 00580h,base+030F4h
  dw 00581h,base+030F9h
  dw 00480h,base+003F8h
  dw 00480h,base+033DDh
  dw 00480h,base+00032h
  dw 0037Dh,base+00039h
  dw 00102h,base+00000h
  dw 0047Dh,base+00272h
  dw 00709h,base+02BBCh
  dw 00277h,base+00036h
  dw 00B7Fh,base+01F24h
  dw 00D80h,base+01791h
  dw 00D80h,base+0179Eh
  dw 00D80h,base+017ABh
  dw 00D80h,base+017B8h
  dw 00E80h,base+0159Ch
  dw 00E80h,base+015AAh
  dw 00E80h,base+015B8h
  dw 00E80h,base+015C6h
  dw 00F80h,base+01273h
  dw 00F80h,base+01282h
  dw 00F80h,base+01291h
  dw 00F80h,base+012A0h
  dw 00F80h,base+012AFh
  dw 00F81h,base+012BEh
  dw 00E82h,base+015D4h
  dw 00B81h,base+01F2Fh
  dw 00880h,base+0290Ch
  dw 0087Fh,base+02914h
  dw 00880h,base+0291Ch
  dw 00880h,base+02924h
  dw 00880h,base+0292Ch
  dw 00880h,base+02934h
  dw 00780h,base+02BC3h
  dw 00780h,base+02BCAh
  dw 00880h,base+0293Ch
  dw 00980h,base+026AEh
  dw 00A7Eh,base+02345h
  dw 00D80h,base+017C5h
  dw 00D7Fh,base+017D2h
  dw 00F80h,base+012CDh
  dw 00F80h,base+012DCh
  dw 01080h,base+0101Ch
  dw 01080h,base+0102Ch
  dw 0117Fh,base+00E1Ah
  dw 01280h,base+00C31h
  dw 01380h,base+00A2Bh
  dw 01380h,base+00A3Eh
  dw 0137Fh,base+00A51h
  dw 01480h,base+008B6h
  dw 01580h,base+007D2h
  dw 00A0Ch,base+0234Fh
  dw 00974h,base+026B7h
  dw 0090Dh,base+026C0h
  dw 00873h,base+02944h
  dw 0080Fh,base+0294Ch
  dw 00670h,base+02E26h
  dw 00812h,base+02954h
  dw 0046Eh,base+02B9Dh
  dw 00813h,base+0295Ch
  dw 0026Dh,base+0000Fh
  dw 00780h,base+02BD1h
  dw 00681h,base+02E2Ch
  dw 00480h,base+022E2h
  dw 00300h,base+0007Ah

dhalsimPage2frame010:
  db 032h,055h,05Ch,02Fh
  db 066h
  db 05Dh,029h,037h,06Ah,022h
  db 000h,000h
  db 000h,000h
  dw 0017Fh,base+00000h
  dw 0027Fh,base+00001h
  dw 00480h,base+01704h
  dw 00480h,base+006E2h
  dw 00407h,base+033E1h
  dw 00279h,base+0000Fh
  dw 00507h,base+030FEh
  dw 00279h,base+0000Ch
  dw 00A80h,base+02359h
  dw 00A80h,base+02363h
  dw 00A80h,base+0236Dh
  dw 00A7Fh,base+02377h
  dw 00D80h,base+017DFh
  dw 00E7Fh,base+015E2h
  dw 01080h,base+0103Ch
  dw 01080h,base+0104Ch
  dw 01080h,base+0105Ch
  dw 01180h,base+00E2Bh
  dw 01180h,base+00E3Ch
  dw 01180h,base+00E4Dh
  dw 01180h,base+00E5Eh
  dw 01180h,base+00E6Fh
  dw 01180h,base+00E80h
  dw 01180h,base+00E91h
  dw 00405h,base+033E5h
  dw 00C7Ah,base+01B09h
  dw 00506h,base+03103h
  dw 00C7Ah,base+01B15h
  dw 00507h,base+03108h
  dw 00B79h,base+01F3Ah
  dw 00407h,base+033D0h
  dw 00A79h,base+02381h
  dw 00408h,base+033E9h
  dw 00978h,base+026C9h
  dw 00309h,base+0355Eh
  dw 00877h,base+02964h
  dw 00309h,base+03561h
  dw 00877h,base+0296Ch
  dw 00409h,base+033EDh
  dw 00977h,base+026D2h
  dw 00409h,base+033F1h
  dw 00A77h,base+0238Bh
  dw 00409h,base+033F5h
  dw 00A77h,base+02395h
  dw 0040Ah,base+033F9h
  dw 00977h,base+026DBh
  dw 00409h,base+033FDh
  dw 00A77h,base+0239Fh
  dw 00509h,base+006BCh
  dw 00A77h,base+023A9h
  dw 00509h,base+0310Dh
  dw 00A77h,base+023B3h
  dw 00608h,base+02E32h
  dw 00B78h,base+01F45h
  dw 00608h,base+02E38h
  dw 00C78h,base+01B21h
  dw 00608h,base+02E3Eh
  dw 00C78h,base+01B2Dh
  dw 00708h,base+02BD8h
  dw 00C78h,base+01B39h
  dw 00608h,base+02E44h
  dw 00C79h,base+01B45h
  dw 00407h,base+03401h
  dw 00C79h,base+01B51h
  dw 00408h,base+03405h
  dw 00B80h,base+01F50h
  dw 00B80h,base+01F5Bh
  dw 00A80h,base+023BDh
  dw 00A81h,base+023C7h
  dw 00405h,base+03409h
  dw 0047Bh,base+0340Dh
  dw 00405h,base+0289Dh
  dw 0057Bh,base+03112h
  dw 00406h,base+03411h
  dw 0047Bh,base+008C6h
  dw 00305h,base+03564h
  dw 0047Bh,base+0118Eh
  dw 00306h,base+03567h
  dw 0037Ah,base+00737h
  dw 00306h,base+0356Ah
  dw 0037Bh,base+00DB4h
  dw 00205h,base+0027Eh
  dw 0037Bh,base+0055Ah
  dw 00305h,base+0356Dh
  dw 0037Ah,base+0183Bh
  dw 00406h,base+03415h
  dw 0037Ah,base+010F3h
  dw 00405h,base+03419h
  dw 0047Ah,base+009DEh
  dw 00506h,base+03117h
  dw 0047Ah,base+02192h
  dw 00506h,base+0311Ch
  dw 0047Ah,base+0341Dh
  dw 00406h,base+03421h
  dw 0047Ah,base+0170Fh
  dw 00406h,base+03425h
  dw 0047Ah,base+03429h
  dw 00406h,base+0342Dh
  dw 0047Ah,base+03431h
  dw 00406h,base+03435h
  dw 0047Ah,base+00753h
  dw 00407h,base+03439h
  dw 00379h,base+0042Dh
  dw 00407h,base+0343Dh
  dw 00379h,base+03570h
  dw 00307h,base+03573h
  dw 00379h,base+00BA1h
  dw 00307h,base+03576h
  dw 00379h,base+0288Fh
  dw 00308h,base+032A4h
  dw 00278h,base+00036h
  dw 00308h,base+006F7h
  dw 00378h,base+03570h
  dw 00308h,base+003D5h
  dw 00378h,base+0042Dh
  dw 00308h,base+00907h
  dw 00378h,base+0288Fh
  dw 00309h,base+03579h
  dw 00277h,base+00036h
  dw 00208h,base+003CCh
  dw 00378h,base+02365h
  dw 00208h,base+02496h
  dw 00478h,base+03441h
  dw 00208h,base+003CCh
  dw 00478h,base+01901h
  dw 00208h,base+01A4Bh
  dw 00478h,base+03445h
  dw 00208h,base+00528h
  dw 00478h,base+03449h
  dw 00208h,base+0279Bh
  dw 00578h,base+03121h
  dw 00209h,base+00036h
  dw 00477h,base+00B9Dh
  dw 00309h,base+006F9h
  dw 00476h,base+0344Dh
  dw 0040Ch,base+033D0h
  dw 00274h,base+00313h
  dw 0050Ch,base+03126h
  dw 00374h,base+00274h
  dw 0060Ch,base+02E4Ah
  dw 00374h,base+00B97h
  dw 0070Dh,base+02BDFh
  dw 00274h,base+00272h
  dw 0060Dh,base+02E50h
  dw 00173h,base+00032h
  dw 00500h,base+0312Bh

dhalsimPage2frame011:
  db 036h,051h,074h,033h
  db 08Ah
  db 073h,02Eh,037h,073h,022h
  db 000h,000h
  db 000h,000h
  dw 0017Ch,base+0000Bh
  dw 00204h,base+0000Fh
  dw 0027Ch,base+003C4h
  dw 00680h,base+02E56h
  dw 0077Fh,base+02BE6h
  dw 00980h,base+026E4h
  dw 00A80h,base+023D1h
  dw 00B80h,base+01F66h
  dw 00B80h,base+01F71h
  dw 00D81h,base+017ECh
  dw 00D80h,base+017F9h
  dw 00D80h,base+01806h
  dw 00D80h,base+01813h
  dw 00D80h,base+01820h
  dw 00D80h,base+0182Dh
  dw 00D81h,base+0183Ah
  dw 00C80h,base+01B5Dh
  dw 00203h,base+00033h
  dw 00102h,base+0000Bh
  dw 00781h,base+02BEDh
  dw 0067Fh,base+02E5Ch
  dw 0077Fh,base+02BF4h
  dw 00980h,base+026EDh
  dw 0097Eh,base+026F6h
  dw 00B7Fh,base+01F7Ch
  dw 00C0Eh,base+01B69h
  dw 00272h,base+00037h
  dw 00C0Eh,base+01B75h
  dw 00370h,base+0357Ch
  dw 00E0Fh,base+015F0h
  dw 00471h,base+03451h
  dw 00E0Fh,base+015FEh
  dw 00470h,base+03455h
  dw 01580h,base+007E7h
  dw 01580h,base+007FCh
  dw 01580h,base+00811h
  dw 01480h,base+008CAh
  dw 01481h,base+008DEh
  dw 01480h,base+008F2h
  dw 0147Fh,base+00906h
  dw 01580h,base+00826h
  dw 00D0Fh,base+01847h
  dw 00102h,base+0000Bh
  dw 0046Fh,base+0160Ch
  dw 00D11h,base+01854h
  dw 0046Eh,base+004E9h
  dw 00D12h,base+01861h
  dw 0046Eh,base+010F3h
  dw 0080Dh,base+02974h
  dw 00103h,base+00005h
  dw 00102h,base+000D0h
  dw 0026Eh,base+00037h
  dw 0090Ch,base+026FFh
  dw 00607h,base+02E62h
  dw 0016Dh,base+0000Bh
  dw 00A0Ch,base+023DBh
  dw 00674h,base+02E68h
  dw 00A0Ch,base+023E5h
  dw 00674h,base+02E6Eh
  dw 00B0Ch,base+01F87h
  dw 00674h,base+02E74h
  dw 00B0Ch,base+01F92h
  dw 00674h,base+02E7Ah
  dw 00B0Ch,base+01F9Dh
  dw 00674h,base+02E80h
  dw 00B0Dh,base+01FA8h
  dw 00102h,base+0000Bh
  dw 00171h,base+00000h
  dw 00B0Fh,base+01FB3h
  dw 00271h,base+00F91h
  dw 00C80h,base+01B81h
  dw 00C80h,base+01B8Dh
  dw 00C81h,base+01B99h
  dw 00C80h,base+01BA5h
  dw 00506h,base+03130h
  dw 0067Bh,base+02E86h
  dw 00406h,base+03459h
  dw 0057Ah,base+03135h
  dw 00406h,base+0345Dh
  dw 0067Ah,base+02E8Ch
  dw 00407h,base+02FF5h
  dw 00579h,base+0313Ah
  dw 00408h,base+03461h
  dw 00479h,base+021A1h
  dw 00306h,base+01A02h
  dw 0057Ah,base+0313Fh
  dw 00305h,base+00804h
  dw 0067Bh,base+02E92h
  dw 00405h,base+03465h
  dw 0067Ah,base+02E98h
  dw 00B80h,base+01FBEh
  dw 00A7Fh,base+023EFh
  dw 00B80h,base+01FC9h
  dw 00A80h,base+023F9h
  dw 00A7Fh,base+02403h
  dw 00A80h,base+0240Dh
  dw 00980h,base+02708h
  dw 0097Eh,base+02711h
  dw 00506h,base+03144h
  dw 00479h,base+03469h
  dw 00607h,base+02E9Eh
  dw 00479h,base+0346Dh
  dw 00507h,base+03149h
  dw 00379h,base+0357Fh
  dw 00507h,base+0314Eh
  dw 00379h,base+00E5Fh
  dw 00407h,base+03471h
  dw 00379h,base+01007h
  dw 00407h,base+03475h
  dw 00378h,base+00795h
  dw 00409h,base+03479h
  dw 00277h,base+00738h
  dw 00409h,base+0347Dh
  dw 00277h,base+0038Bh
  dw 00309h,base+03582h
  dw 00276h,base+000C8h
  dw 0040Ah,base+03481h
  dw 00376h,base+01E27h
  dw 0040Ah,base+03485h
  dw 00476h,base+03489h
  dw 0040Ah,base+0147Fh
  dw 00476h,base+003ABh
  dw 0050Ah,base+03153h
  dw 00476h,base+00037h
  dw 0050Bh,base+03158h
  dw 00102h,base+0000Bh
  dw 00173h,base+0000Bh
  dw 00400h,base+01E83h

dhalsimPage2frame012:
  db 01Ah,012h,08Eh,049h
  db 09Ch
  db 000h,000h,0B7h,000h,000h
  db 09Bh,052h
  db 000h,000h
  dw 0037Ch,base+00274h
  dw 00203h,base+000D2h
  dw 0047Fh,base+0242Bh
  dw 00682h,base+02EA4h
  dw 0057Fh,base+0315Dh
  dw 0067Fh,base+02EAAh
  dw 00780h,base+02BFBh
  dw 0087Fh,base+0297Ch
  dw 0097Ch,base+0271Ah
  dw 00203h,base+000BBh
  dw 00A7Eh,base+02417h
  dw 00103h,base+00021h
  dw 0097Fh,base+02723h
  dw 00A82h,base+02421h
  dw 00880h,base+02984h
  dw 0087Dh,base+0298Ch
  dw 00A81h,base+0242Bh
  dw 00204h,base+0000Dh
  dw 0057Fh,base+03162h
  dw 00681h,base+02EB0h
  dw 00481h,base+008C6h
  dw 00300h,base+0000Fh

dhalsimPage2frame013:
  db 018h,00Fh,090h,04Bh
  db 090h
  db 000h,000h,0B5h,000h,000h
  db 09Bh,052h
  db 000h,000h
  dw 00108h,base+0000Eh
  dw 0017Eh,base+0000Dh
  dw 0047Fh,base+00C46h
  dw 0067Eh,base+02EB6h
  dw 00881h,base+02994h
  dw 0077Eh,base+01BB1h
  dw 00A80h,base+02435h
  dw 00A7Fh,base+0243Fh
  dw 00B7Fh,base+01FD4h
  dw 00C80h,base+01BB1h
  dw 00C81h,base+01BBDh
  dw 00A82h,base+02449h
  dw 0087Fh,base+0299Ch
  dw 00103h,base+00013h
  dw 0067Eh,base+01BCDh
  dw 00103h,base+00014h
  dw 00481h,base+0107Dh
  dw 00102h,base+0000Dh
  dw 00100h,base+0000Dh

dhalsimPage2frame014:
  db 016h,01Ch,08Ch,044h
  db 092h
  db 000h,000h,0BCh,000h,000h
  db 000h,000h
  db 000h,000h
  dw 00102h,base+00000h
  dw 00102h,base+00002h
  dw 0017Eh,base+00002h
  dw 00105h,base+00004h
  dw 00179h,base+00000h
  dw 00105h,base+00001h
  dw 00102h,base+00004h
  dw 0017Ah,base+00002h
  dw 00106h,base+00000h
  dw 00178h,base+0000Eh
  dw 00108h,base+00004h
  dw 0017Ch,base+00000h
  dw 00181h,base+00000h
  dw 0017Ah,base+00002h
  dw 00104h,base+00004h
  dw 00102h,base+00004h
  dw 0017Bh,base+00004h
  dw 00107h,base+0000Eh
  dw 00177h,base+00000h
  dw 0010Ah,base+00000h
  dw 0017Ah,base+0000Eh
  dw 00105h,base+00004h
  dw 0027Ch,base+00012h
  dw 00102h,base+0000Eh
  dw 00102h,base+00002h
  dw 0027Ah,base+00000h
  dw 00106h,base+00000h
  dw 00280h,base+00274h
  dw 00180h,base+00008h
  dw 0017Ah,base+00008h
  dw 00106h,base+00000h
  dw 0027Ch,base+00274h
  dw 00102h,base+0000Eh
  dw 00102h,base+00002h
  dw 0027Bh,base+00000h
  dw 00105h,base+00004h
  dw 00277h,base+00012h
  dw 0010Ah,base+00000h
  dw 00178h,base+0000Eh
  dw 00107h,base+0000Eh
  dw 00178h,base+00000h
  dw 00104h,base+00004h
  dw 00102h,base+00004h
  dw 00180h,base+00004h
  dw 0017Fh,base+00002h
  dw 0017Ch,base+00000h
  dw 00108h,base+00004h
  dw 0017Ah,base+00000h
  dw 00106h,base+00000h
  dw 00179h,base+0000Eh
  dw 00105h,base+00001h
  dw 00102h,base+00004h
  dw 0017Bh,base+00002h
  dw 00105h,base+00004h
  dw 00179h,base+00000h
  dw 00102h,base+00000h
  dw 00102h,base+00002h
  dw 00100h,base+00002h

dhalsimPage2frame015:
  db 04Ah,051h,074h,033h
  db 08Ah
  db 073h,02Eh,037h,073h,022h
  db 000h,000h
  db 000h,000h
  dw 0017Ch,base+0000Bh
  dw 00204h,base+0000Fh
  dw 0027Ch,base+003C4h
  dw 00680h,base+02E56h
  dw 0077Fh,base+02BE6h
  dw 00980h,base+026E4h
  dw 00A80h,base+023D1h
  dw 00B80h,base+01F66h
  dw 00B80h,base+01F71h
  dw 00D81h,base+017ECh
  dw 00D80h,base+017F9h
  dw 00D80h,base+01806h
  dw 00D80h,base+01813h
  dw 00D80h,base+01820h
  dw 00D80h,base+0182Dh
  dw 00D81h,base+0183Ah
  dw 00C80h,base+01B5Dh
  dw 00203h,base+00033h
  dw 00102h,base+0000Bh
  dw 00781h,base+02BEDh
  dw 0067Fh,base+02E5Ch
  dw 0077Fh,base+02BF4h
  dw 00980h,base+026EDh
  dw 0097Eh,base+026F6h
  dw 00B7Fh,base+01F7Ch
  dw 00C0Eh,base+01B69h
  dw 00272h,base+00037h
  dw 00C0Eh,base+01B75h
  dw 00370h,base+0357Ch
  dw 00E0Fh,base+015F0h
  dw 00471h,base+03451h
  dw 00E0Fh,base+015FEh
  dw 00470h,base+03455h
  dw 01580h,base+007E7h
  dw 01580h,base+007FCh
  dw 0151Ah,base+00811h
  dw 00366h,base+00195h
  dw 01418h,base+008CAh
  dw 00668h,base+02EBCh
  dw 01419h,base+008DEh
  dw 00568h,base+03167h
  dw 01417h,base+008F2h
  dw 00669h,base+02EC2h
  dw 01416h,base+00906h
  dw 00869h,base+029A4h
  dw 01517h,base+00826h
  dw 00869h,base+029ACh
  dw 00D0Fh,base+01847h
  dw 00102h,base+0000Bh
  dw 00E6Fh,base+0160Ch
  dw 00D11h,base+01854h
  dw 00405h,base+004E9h
  dw 00969h,base+0272Ch
  dw 00D12h,base+01861h
  dw 00405h,base+010F3h
  dw 00969h,base+02735h
  dw 0080Dh,base+02974h
  dw 00103h,base+00005h
  dw 00102h,base+000D0h
  dw 00206h,base+00037h
  dw 00102h,base+00014h
  dw 00566h,base+0316Ch
  dw 0090Ch,base+026FFh
  dw 00607h,base+02E62h
  dw 00106h,base+0000Bh
  dw 00667h,base+02EC8h
  dw 00A0Ch,base+023DBh
  dw 0060Dh,base+02E68h
  dw 00667h,base+02ECEh
  dw 00A0Ch,base+023E5h
  dw 0060Eh,base+02E6Eh
  dw 00566h,base+03171h
  dw 00B0Ch,base+01F87h
  dw 0060Eh,base+02E74h
  dw 00466h,base+02CACh
  dw 00B0Ch,base+01F92h
  dw 0060Fh,base+02E7Ah
  dw 00102h,base+0000Eh
  dw 00163h,base+0000Dh
  dw 00B0Ch,base+01F9Dh
  dw 00674h,base+02E80h
  dw 00B0Dh,base+01FA8h
  dw 00102h,base+0000Bh
  dw 00171h,base+00000h
  dw 00B0Fh,base+01FB3h
  dw 00271h,base+00F91h
  dw 00C80h,base+01B81h
  dw 00C80h,base+01B8Dh
  dw 00C81h,base+01B99h
  dw 00C80h,base+01BA5h
  dw 00506h,base+03130h
  dw 0067Bh,base+02E86h
  dw 00406h,base+03459h
  dw 0057Ah,base+03135h
  dw 00406h,base+0345Dh
  dw 0067Ah,base+02E8Ch
  dw 00407h,base+02FF5h
  dw 00579h,base+0313Ah
  dw 00408h,base+03461h
  dw 00479h,base+021A1h
  dw 00306h,base+01A02h
  dw 0057Ah,base+0313Fh
  dw 00305h,base+00804h
  dw 0067Bh,base+02E92h
  dw 00405h,base+03465h
  dw 0067Ah,base+02E98h
  dw 00B80h,base+01FBEh
  dw 00A7Fh,base+023EFh
  dw 00B80h,base+01FC9h
  dw 00A80h,base+023F9h
  dw 00A7Fh,base+02403h
  dw 00A80h,base+0240Dh
  dw 00980h,base+02708h
  dw 0097Eh,base+02711h
  dw 00506h,base+03144h
  dw 00479h,base+03469h
  dw 00607h,base+02E9Eh
  dw 00479h,base+0346Dh
  dw 00507h,base+03149h
  dw 00379h,base+0357Fh
  dw 00507h,base+0314Eh
  dw 00379h,base+00E5Fh
  dw 00407h,base+03471h
  dw 00379h,base+01007h
  dw 00407h,base+03475h
  dw 00378h,base+00795h
  dw 00409h,base+03479h
  dw 00277h,base+00738h
  dw 00409h,base+0347Dh
  dw 00277h,base+0038Bh
  dw 00309h,base+03582h
  dw 00276h,base+000C8h
  dw 0040Ah,base+03481h
  dw 00376h,base+01E27h
  dw 0040Ah,base+03485h
  dw 00476h,base+03489h
  dw 0040Ah,base+0147Fh
  dw 00476h,base+003ABh
  dw 0050Ah,base+03153h
  dw 00476h,base+00037h
  dw 0050Bh,base+03158h
  dw 00102h,base+0000Bh
  dw 00173h,base+0000Bh
  dw 00400h,base+01E83h

dhalsimPage2frame016:
  db 064h,051h,074h,033h
  db 08Ah
  db 073h,02Eh,037h,073h,022h
  db 0D2h,05Fh
  db 0B3h,03Dh
  dw 0017Ch,base+0000Bh
  dw 00204h,base+0000Fh
  dw 0027Ch,base+003C4h
  dw 00680h,base+02E56h
  dw 00723h,base+02BE6h
  dw 0015Ch,base+00000h
  dw 00923h,base+026E4h
  dw 0035Dh,base+002CEh
  dw 00A22h,base+023D1h
  dw 0065Eh,base+02ED4h
  dw 00B22h,base+01F66h
  dw 0065Eh,base+02EDAh
  dw 00B20h,base+01F71h
  dw 00102h,base+00000h
  dw 0065Eh,base+02EE0h
  dw 00D20h,base+017ECh
  dw 00861h,base+029B4h
  dw 00D1Eh,base+017F9h
  dw 00962h,base+0273Eh
  dw 00D1Eh,base+01806h
  dw 00A62h,base+02453h
  dw 00D1Eh,base+01813h
  dw 00B62h,base+01FDFh
  dw 00D1Eh,base+01820h
  dw 00B62h,base+01FEAh
  dw 00D1Dh,base+0182Dh
  dw 00C63h,base+01BC9h
  dw 00D1Dh,base+0183Ah
  dw 00C64h,base+01BD5h
  dw 00C1Bh,base+01B5Dh
  dw 00D0Eh,base+0186Eh
  dw 00157h,base+00004h
  dw 00203h,base+00033h
  dw 00102h,base+0000Bh
  dw 00716h,base+02BEDh
  dw 00F6Bh,base+012EBh
  dw 00615h,base+02E5Ch
  dw 00F6Ah,base+012FAh
  dw 00716h,base+02BF4h
  dw 00E69h,base+0161Ah
  dw 00918h,base+026EDh
  dw 00D68h,base+0187Bh
  dw 00917h,base+026F6h
  dw 00F67h,base+01309h
  dw 00B19h,base+01F7Ch
  dw 00F66h,base+01318h
  dw 00C0Eh,base+01B69h
  dw 0020Ch,base+00037h
  dw 00F66h,base+01327h
  dw 00C0Eh,base+01B75h
  dw 0030Ch,base+0357Ch
  dw 00F64h,base+01336h
  dw 00E0Fh,base+015F0h
  dw 0040Dh,base+03451h
  dw 00F64h,base+01345h
  dw 00E0Fh,base+015FEh
  dw 0040Dh,base+03455h
  dw 00E63h,base+01628h
  dw 0151Dh,base+007E7h
  dw 00F63h,base+01354h
  dw 0151Ch,base+007FCh
  dw 01064h,base+0106Ch
  dw 0151Ch,base+00811h
  dw 01064h,base+0107Ch
  dw 0141Bh,base+008CAh
  dw 01165h,base+00EA2h
  dw 0141Ah,base+008DEh
  dw 01267h,base+00C43h
  dw 01419h,base+008F2h
  dw 01267h,base+00C55h
  dw 01417h,base+00906h
  dw 01368h,base+00A64h
  dw 01517h,base+00826h
  dw 01469h,base+0091Ah
  dw 00D0Fh,base+01847h
  dw 00102h,base+0000Bh
  dw 00405h,base+0160Ch
  dw 0156Ah,base+0083Bh
  dw 00D11h,base+01854h
  dw 01A6Eh,base+004E9h
  dw 00D12h,base+01861h
  dw 00405h,base+010F3h
  dw 01569h,base+00850h
  dw 0080Dh,base+02974h
  dw 00103h,base+00005h
  dw 00102h,base+000D0h
  dw 00207h,base+00037h
  dw 01367h,base+00A77h
  dw 0090Ch,base+026FFh
  dw 00607h,base+02E62h
  dw 00106h,base+0000Bh
  dw 01367h,base+00A8Ah
  dw 00A0Ch,base+023DBh
  dw 0060Dh,base+02E68h
  dw 01267h,base+00C67h
  dw 00A0Ch,base+023E5h
  dw 0060Eh,base+02E6Eh
  dw 01166h,base+00EB3h
  dw 00B0Ch,base+01F87h
  dw 00610h,base+02E74h
  dw 00F64h,base+01363h
  dw 00B0Ch,base+01F92h
  dw 00612h,base+02E7Ah
  dw 00D62h,base+01888h
  dw 00B0Ch,base+01F9Dh
  dw 00612h,base+02E80h
  dw 00C62h,base+01BE1h
  dw 00B0Dh,base+01FA8h
  dw 00102h,base+0000Bh
  dw 00111h,base+00000h
  dw 00A60h,base+0245Dh
  dw 00B0Fh,base+01FB3h
  dw 00211h,base+00F91h
  dw 00204h,base+0000Fh
  dw 0045Ch,base+02EDCh
  dw 00C24h,base+01B81h
  dw 0035Ch,base+00023h
  dw 00C80h,base+01B8Dh
  dw 00C81h,base+01B99h
  dw 00C80h,base+01BA5h
  dw 00506h,base+03130h
  dw 0067Bh,base+02E86h
  dw 00406h,base+03459h
  dw 0057Ah,base+03135h
  dw 00406h,base+0345Dh
  dw 0067Ah,base+02E8Ch
  dw 00407h,base+02FF5h
  dw 00579h,base+0313Ah
  dw 00408h,base+03461h
  dw 00479h,base+021A1h
  dw 00306h,base+01A02h
  dw 0057Ah,base+0313Fh
  dw 00305h,base+00804h
  dw 0067Bh,base+02E92h
  dw 00405h,base+03465h
  dw 0067Ah,base+02E98h
  dw 00B80h,base+01FBEh
  dw 00A7Fh,base+023EFh
  dw 00B80h,base+01FC9h
  dw 00A80h,base+023F9h
  dw 00A7Fh,base+02403h
  dw 00A80h,base+0240Dh
  dw 00980h,base+02708h
  dw 0097Eh,base+02711h
  dw 00506h,base+03144h
  dw 00479h,base+03469h
  dw 00607h,base+02E9Eh
  dw 00479h,base+0346Dh
  dw 00507h,base+03149h
  dw 00379h,base+0357Fh
  dw 00507h,base+0314Eh
  dw 00379h,base+00E5Fh
  dw 00407h,base+03471h
  dw 00379h,base+01007h
  dw 00407h,base+03475h
  dw 00378h,base+00795h
  dw 00409h,base+03479h
  dw 00277h,base+00738h
  dw 00409h,base+0347Dh
  dw 00277h,base+0038Bh
  dw 00309h,base+03582h
  dw 00276h,base+000C8h
  dw 0040Ah,base+03481h
  dw 00376h,base+01E27h
  dw 0040Ah,base+03485h
  dw 00476h,base+03489h
  dw 0040Ah,base+0147Fh
  dw 00476h,base+003ABh
  dw 0050Ah,base+03153h
  dw 00476h,base+00037h
  dw 0050Bh,base+03158h
  dw 00102h,base+0000Bh
  dw 00173h,base+0000Bh
  dw 00400h,base+01E83h

dhalsimPage2frame017:
  db 064h,051h,074h,033h
  db 08Ah
  db 073h,02Eh,037h,073h,022h
  db 096h,061h
  db 0B6h,062h
  dw 0017Ch,base+0000Bh
  dw 00204h,base+0000Fh
  dw 0021Eh,base+003C4h
  dw 0025Eh,base+0006Ch
  dw 00622h,base+02E56h
  dw 0035Eh,base+02322h
  dw 00722h,base+02BE6h
  dw 0045Dh,base+02A08h
  dw 00923h,base+026E4h
  dw 0045Dh,base+0348Dh
  dw 00A23h,base+023D1h
  dw 0045Dh,base+01873h
  dw 00B22h,base+01F66h
  dw 0065Eh,base+02EE6h
  dw 00B22h,base+01F71h
  dw 0065Eh,base+02EECh
  dw 00D21h,base+017ECh
  dw 00860h,base+029BCh
  dw 00D1Eh,base+017F9h
  dw 00102h,base+00004h
  dw 00960h,base+02747h
  dw 00D1Eh,base+01806h
  dw 00B62h,base+01FF5h
  dw 00D1Eh,base+01813h
  dw 00B62h,base+02000h
  dw 00D1Eh,base+01820h
  dw 00C62h,base+01BEDh
  dw 00D1Eh,base+0182Dh
  dw 00C62h,base+01BF9h
  dw 00D1Eh,base+0183Ah
  dw 00D63h,base+01895h
  dw 00C1Dh,base+01B5Dh
  dw 00D63h,base+018A2h
  dw 00203h,base+00033h
  dw 00102h,base+0000Bh
  dw 00718h,base+02BEDh
  dw 00D69h,base+018AFh
  dw 00615h,base+02E5Ch
  dw 00E6Ah,base+01636h
  dw 00716h,base+02BF4h
  dw 00E69h,base+01644h
  dw 00917h,base+026EDh
  dw 00F69h,base+01372h
  dw 00917h,base+026F6h
  dw 00F67h,base+01381h
  dw 00B19h,base+01F7Ch
  dw 00F66h,base+01390h
  dw 00C0Eh,base+01B69h
  dw 0020Ch,base+00037h
  dw 00F66h,base+0139Fh
  dw 00C0Eh,base+01B75h
  dw 0030Dh,base+0357Ch
  dw 00E63h,base+01652h
  dw 00E0Fh,base+015F0h
  dw 0040Eh,base+03451h
  dw 00E63h,base+01660h
  dw 00E0Fh,base+015FEh
  dw 0040Dh,base+03455h
  dw 00F63h,base+013AEh
  dw 0151Ch,base+007E7h
  dw 01064h,base+0108Ch
  dw 0151Ch,base+007FCh
  dw 01064h,base+0109Ch
  dw 0151Ch,base+00811h
  dw 01064h,base+010ACh
  dw 01419h,base+008CAh
  dw 00103h,base+00000h
  dw 01064h,base+010BCh
  dw 0141Ah,base+008DEh
  dw 01167h,base+00EC4h
  dw 01418h,base+008F2h
  dw 01268h,base+00C79h
  dw 01417h,base+00906h
  dw 01368h,base+00A9Dh
  dw 01517h,base+00826h
  dw 01469h,base+0092Eh
  dw 00D0Fh,base+01847h
  dw 00102h,base+0000Bh
  dw 00407h,base+0160Ch
  dw 01368h,base+00AB0h
  dw 00D11h,base+01854h
  dw 01A6Eh,base+00503h
  dw 00D12h,base+01861h
  dw 00406h,base+010F3h
  dw 01468h,base+00942h
  dw 0080Dh,base+02974h
  dw 00103h,base+00005h
  dw 00102h,base+000D0h
  dw 00207h,base+00037h
  dw 01367h,base+00AC3h
  dw 0090Ch,base+026FFh
  dw 00607h,base+02E62h
  dw 00107h,base+0000Bh
  dw 01266h,base+00C8Bh
  dw 00A0Ch,base+023DBh
  dw 0060Fh,base+02E68h
  dw 01165h,base+00ED5h
  dw 00A0Ch,base+023E5h
  dw 00610h,base+02E6Eh
  dw 00F64h,base+013BDh
  dw 00B0Ch,base+01F87h
  dw 0060Fh,base+02E74h
  dw 01065h,base+010CCh
  dw 00B0Ch,base+01F92h
  dw 00611h,base+02E7Ah
  dw 00E63h,base+0166Eh
  dw 00B0Ch,base+01F9Dh
  dw 00612h,base+02E80h
  dw 00C62h,base+01C05h
  dw 00B0Dh,base+01FA8h
  dw 00102h,base+0000Bh
  dw 00110h,base+00000h
  dw 00B61h,base+0200Bh
  dw 00B0Fh,base+01FB3h
  dw 00211h,base+00F91h
  dw 00406h,base+03491h
  dw 0045Ah,base+0052Eh
  dw 00C21h,base+01B81h
  dw 00206h,base+00012h
  dw 00259h,base+0000Dh
  dw 00C22h,base+01B8Dh
  dw 00205h,base+0000Fh
  dw 00259h,base+0000Fh
  dw 00C81h,base+01B99h
  dw 00C80h,base+01BA5h
  dw 00506h,base+03130h
  dw 0067Bh,base+02E86h
  dw 00406h,base+03459h
  dw 0057Ah,base+03135h
  dw 00406h,base+0345Dh
  dw 0067Ah,base+02E8Ch
  dw 00407h,base+02FF5h
  dw 00579h,base+0313Ah
  dw 00408h,base+03461h
  dw 00479h,base+021A1h
  dw 00306h,base+01A02h
  dw 0057Ah,base+0313Fh
  dw 00305h,base+00804h
  dw 0067Bh,base+02E92h
  dw 00405h,base+03465h
  dw 0067Ah,base+02E98h
  dw 00B80h,base+01FBEh
  dw 00A7Fh,base+023EFh
  dw 00B80h,base+01FC9h
  dw 00A80h,base+023F9h
  dw 00A7Fh,base+02403h
  dw 00A80h,base+0240Dh
  dw 00980h,base+02708h
  dw 0097Eh,base+02711h
  dw 00506h,base+03144h
  dw 00479h,base+03469h
  dw 00607h,base+02E9Eh
  dw 00479h,base+0346Dh
  dw 00507h,base+03149h
  dw 00379h,base+0357Fh
  dw 00507h,base+0314Eh
  dw 00379h,base+00E5Fh
  dw 00407h,base+03471h
  dw 00379h,base+01007h
  dw 00407h,base+03475h
  dw 00378h,base+00795h
  dw 00409h,base+03479h
  dw 00277h,base+00738h
  dw 00409h,base+0347Dh
  dw 00277h,base+0038Bh
  dw 00309h,base+03582h
  dw 00276h,base+000C8h
  dw 0040Ah,base+03481h
  dw 00376h,base+01E27h
  dw 0040Ah,base+03485h
  dw 00476h,base+03489h
  dw 0040Ah,base+0147Fh
  dw 00476h,base+003ABh
  dw 0050Ah,base+03153h
  dw 00476h,base+00037h
  dw 0050Bh,base+03158h
  dw 00102h,base+0000Bh
  dw 00173h,base+0000Bh
  dw 00400h,base+01E83h

dhalsimPage2frame018:
  db 02Ch,042h,06Ch,023h
  db 07Eh
  db 075h,01Ch,01Fh,070h,027h
  db 000h,000h
  db 000h,000h
  dw 0027Fh,base+0003Ah
  dw 00380h,base+000ACh
  dw 00480h,base+033D9h
  dw 00480h,base+03251h
  dw 0047Fh,base+02201h
  dw 00580h,base+030E5h
  dw 00580h,base+030EAh
  dw 00580h,base+030EFh
  dw 00580h,base+030F4h
  dw 00581h,base+030F9h
  dw 00480h,base+003F8h
  dw 00480h,base+033DDh
  dw 00480h,base+00032h
  dw 0037Dh,base+00039h
  dw 00102h,base+00000h
  dw 0047Dh,base+00272h
  dw 00709h,base+02BBCh
  dw 00277h,base+00036h
  dw 00B7Fh,base+01F24h
  dw 00D80h,base+01791h
  dw 00D80h,base+0179Eh
  dw 00D80h,base+017ABh
  dw 00D80h,base+017B8h
  dw 00E80h,base+0159Ch
  dw 00E80h,base+015AAh
  dw 00E80h,base+015B8h
  dw 00E80h,base+015C6h
  dw 00F80h,base+01273h
  dw 00F80h,base+01282h
  dw 00F80h,base+01291h
  dw 00F80h,base+012A0h
  dw 00F80h,base+012AFh
  dw 00F81h,base+012BEh
  dw 00E82h,base+015D4h
  dw 00B81h,base+01F2Fh
  dw 00880h,base+0290Ch
  dw 0087Fh,base+02914h
  dw 00880h,base+0291Ch
  dw 00880h,base+02924h
  dw 00880h,base+0292Ch
  dw 00880h,base+02934h
  dw 00780h,base+02BC3h
  dw 00780h,base+02BCAh
  dw 00880h,base+0293Ch
  dw 00980h,base+026AEh
  dw 00A7Eh,base+02345h
  dw 00D80h,base+017C5h
  dw 00D7Fh,base+017D2h
  dw 00F80h,base+012CDh
  dw 00F80h,base+012DCh
  dw 01080h,base+0101Ch
  dw 01080h,base+0102Ch
  dw 0117Fh,base+00E1Ah
  dw 01280h,base+00C31h
  dw 01380h,base+00A2Bh
  dw 01380h,base+00A3Eh
  dw 0137Fh,base+00A51h
  dw 01480h,base+008B6h
  dw 01580h,base+007D2h
  dw 00A0Ch,base+0234Fh
  dw 00974h,base+026B7h
  dw 0090Dh,base+026C0h
  dw 00873h,base+02944h
  dw 0080Fh,base+0294Ch
  dw 00670h,base+02E26h
  dw 00812h,base+02954h
  dw 0046Eh,base+02B9Dh
  dw 00813h,base+0295Ch
  dw 0026Dh,base+0000Fh
  dw 00780h,base+02BD1h
  dw 00681h,base+02E2Ch
  dw 00480h,base+022E2h
  dw 00300h,base+0007Ah

dhalsimPage2frame019:
  db 044h,048h,060h,029h
  db 070h
  db 060h,031h,028h,077h,02Dh
  db 0A1h,070h
  db 083h,058h
  dw 00380h,base+0000Fh
  dw 0037Ah,base+03537h
  dw 00105h,base+00000h
  dw 0047Ah,base+03495h
  dw 00406h,base+03499h
  dw 00579h,base+03176h
  dw 00507h,base+0317Bh
  dw 00579h,base+03180h
  dw 00607h,base+02EF2h
  dw 00579h,base+03185h
  dw 00C80h,base+01C11h
  dw 00C80h,base+01C1Dh
  dw 00C80h,base+01C29h
  dw 00C80h,base+01C35h
  dw 00C80h,base+01C41h
  dw 00D80h,base+018BCh
  dw 00D81h,base+018C9h
  dw 00C80h,base+01C4Dh
  dw 00C81h,base+01C59h
  dw 00B80h,base+02016h
  dw 00B81h,base+02021h
  dw 00A80h,base+02467h
  dw 00B7Fh,base+0202Ch
  dw 00C7Fh,base+01C65h
  dw 00D80h,base+018D6h
  dw 00F80h,base+013CCh
  dw 01080h,base+010DCh
  dw 01180h,base+00EE6h
  dw 01280h,base+00C9Dh
  dw 01280h,base+00CAFh
  dw 01280h,base+00CC1h
  dw 01280h,base+00CD3h
  dw 01281h,base+00CE5h
  dw 01180h,base+00EF7h
  dw 01281h,base+00CF7h
  dw 01185h,base+00F08h
  dw 00D82h,base+018E3h
  dw 00B80h,base+02037h
  dw 00C81h,base+01C71h
  dw 00B80h,base+02042h
  dw 00B80h,base+0204Dh
  dw 00C81h,base+01C7Dh
  dw 00C80h,base+01C89h
  dw 00C80h,base+01C95h
  dw 00C81h,base+01CA1h
  dw 00C80h,base+01CADh
  dw 00102h,base+00000h
  dw 00B80h,base+02058h
  dw 00C81h,base+01CB9h
  dw 00B81h,base+02063h
  dw 00A80h,base+02471h
  dw 00506h,base+0318Ah
  dw 0057Bh,base+0318Fh
  dw 00A80h,base+0247Bh
  dw 00A81h,base+02485h
  dw 00980h,base+02750h
  dw 00A82h,base+0248Fh
  dw 00880h,base+029C4h
  dw 00980h,base+02759h
  dw 00A80h,base+02499h
  dw 00B81h,base+0206Eh
  dw 00B81h,base+02079h
  dw 00B80h,base+02084h
  dw 00B81h,base+0208Fh
  dw 00A81h,base+024A3h
  dw 00981h,base+02762h
  dw 00881h,base+029CCh
  dw 00780h,base+02C02h
  dw 00780h,base+02C09h
  dw 00780h,base+02C10h
  dw 00781h,base+02C17h
  dw 00680h,base+02EF8h
  dw 00580h,base+03194h
  dw 00581h,base+03199h
  dw 00480h,base+0349Dh
  dw 00381h,base+03585h
  dw 00280h,base+00DD4h
  dw 00100h,base+0000Bh

dhalsimPage2frame020:
  db 03Ch,049h,068h,023h
  db 06Ch
  db 068h,031h,028h,07Fh,02Dh
  db 0A4h,06Ch
  db 090h,04Dh
  dw 0017Fh,base+0000Bh
  dw 00380h,base+00039h
  dw 0047Fh,base+00B54h
  dw 00580h,base+0319Eh
  dw 00580h,base+031A3h
  dw 00507h,base+031A8h
  dw 00379h,base+0000Fh
  dw 00607h,base+02EFEh
  dw 00379h,base+00340h
  dw 00B80h,base+0209Ah
  dw 00B81h,base+020A5h
  dw 00A81h,base+024ADh
  dw 00980h,base+0276Bh
  dw 00981h,base+02774h
  dw 0087Eh,base+029D4h
  dw 00103h,base+0000Bh
  dw 0077Dh,base+02C1Eh
  dw 00A80h,base+024B7h
  dw 00A80h,base+024C1h
  dw 00A80h,base+024CBh
  dw 00A80h,base+024D5h
  dw 00A80h,base+024DFh
  dw 00A80h,base+024E9h
  dw 00A81h,base+024F3h
  dw 00980h,base+0277Dh
  dw 0090Ah,base+02786h
  dw 00177h,base+00000h
  dw 00A80h,base+024FDh
  dw 00A83h,base+02507h
  dw 00981h,base+0278Fh
  dw 00980h,base+02798h
  dw 00980h,base+027A1h
  dw 00A81h,base+02511h
  dw 00980h,base+027AAh
  dw 00A81h,base+0251Bh
  dw 00981h,base+027B3h
  dw 00880h,base+029DCh
  dw 00880h,base+029E4h
  dw 00881h,base+029ECh
  dw 00780h,base+02C25h
  dw 00880h,base+029F4h
  dw 00880h,base+029FCh
  dw 00881h,base+02A04h
  dw 00782h,base+02C2Ch
  dw 00580h,base+031ADh
  dw 00681h,base+02F04h
  dw 00580h,base+031B2h
  dw 00581h,base+031B7h
  dw 00480h,base+034A1h
  dw 00481h,base+034A5h
  dw 00580h,base+031BCh
  dw 00780h,base+02C33h
  dw 00780h,base+02C3Ah
  dw 00781h,base+02C41h
  dw 00781h,base+02C48h
  dw 00681h,base+02F0Ah
  dw 00581h,base+031C1h
  dw 00480h,base+034A9h
  dw 00481h,base+034ADh
  dw 00480h,base+034B1h
  dw 00481h,base+034B5h
  dw 00380h,base+03212h
  dw 00581h,base+031C6h
  dw 00581h,base+031CBh
  dw 00480h,base+034B9h
  dw 00480h,base+034BDh
  dw 00480h,base+00340h
  dw 00381h,base+005CAh
  dw 00380h,base+00461h
  dw 00380h,base+02E56h
  dw 00381h,base+005CAh
  dw 00280h,base+003F1h
  dw 00281h,base+0052Ah
  dw 00180h,base+0000Eh
  dw 00280h,base+000E9h
  dw 00281h,base+0002Dh
  dw 00100h,base+00000h

dhalsimPage2frame021:
  db 048h,047h,05Eh,029h
  db 070h
  db 061h,031h,028h,078h,02Dh
  db 0A2h,06Fh
  db 081h,05Bh
  dw 00380h,base+00340h
  dw 0037Ah,base+024CFh
  dw 00106h,base+0000Bh
  dw 00479h,base+034C1h
  dw 00306h,base+03588h
  dw 00579h,base+031D0h
  dw 00407h,base+034C5h
  dw 00579h,base+031D5h
  dw 00507h,base+031DAh
  dw 00579h,base+031DFh
  dw 00507h,base+031E4h
  dw 00579h,base+031E9h
  dw 00507h,base+031EEh
  dw 00579h,base+01B94h
  dw 00D80h,base+018F0h
  dw 00D80h,base+018FDh
  dw 00D81h,base+0190Ah
  dw 00C80h,base+01CC5h
  dw 00C81h,base+01CD1h
  dw 00B81h,base+020B0h
  dw 00A80h,base+02525h
  dw 00980h,base+027BCh
  dw 0097Fh,base+027C5h
  dw 00B80h,base+020BBh
  dw 00C7Fh,base+01CDDh
  dw 00D7Fh,base+01917h
  dw 00E80h,base+0167Ch
  dw 01080h,base+010ECh
  dw 0117Fh,base+00F19h
  dw 01380h,base+00AD6h
  dw 01480h,base+00956h
  dw 01480h,base+0096Ah
  dw 01481h,base+0097Eh
  dw 01380h,base+00AE9h
  dw 01380h,base+00AFCh
  dw 01481h,base+00992h
  dw 00507h,base+003DCh
  dw 00C7Ah,base+01CE9h
  dw 00107h,base+0000Bh
  dw 00C81h,base+01CF5h
  dw 00B80h,base+020C6h
  dw 00B81h,base+020D1h
  dw 00A80h,base+0252Fh
  dw 00B80h,base+020DCh
  dw 00C80h,base+01D01h
  dw 00D81h,base+01924h
  dw 00C80h,base+01D0Dh
  dw 00D81h,base+01931h
  dw 00D80h,base+0193Eh
  dw 00D82h,base+0194Bh
  dw 00C80h,base+01D19h
  dw 00C81h,base+01D25h
  dw 00B81h,base+020E7h
  dw 00B81h,base+020F2h
  dw 00A81h,base+02539h
  dw 00980h,base+027CEh
  dw 00A80h,base+02543h
  dw 00A81h,base+0254Dh
  dw 00980h,base+027D7h
  dw 00A80h,base+02557h
  dw 00B81h,base+020FDh
  dw 00B80h,base+02108h
  dw 00B81h,base+02113h
  dw 00B81h,base+0211Eh
  dw 00A81h,base+02561h
  dw 00A81h,base+0256Bh
  dw 00981h,base+027E0h
  dw 00980h,base+027E9h
  dw 00981h,base+027F2h
  dw 00880h,base+02A0Ch
  dw 00880h,base+02A14h
  dw 00880h,base+02A1Ch
  dw 00881h,base+02A24h
  dw 00680h,base+02F10h
  dw 00681h,base+02F16h
  dw 00480h,base+034C9h
  dw 00481h,base+034CDh
  dw 00280h,base+001FCh
  dw 00200h,base+00A0Ch

dhalsimPage2frame022:
  db 048h,03Ch,05Ah,031h
  db 05Eh
  db 05Ch,032h,028h,073h,02Dh
  db 0A4h,06Fh
  db 086h,064h
  dw 0027Fh,base+03596h
  dw 00406h,base+034D1h
  dw 0037Ah,base+00035h
  dw 00406h,base+034D5h
  dw 0037Ah,base+00008h
  dw 00406h,base+00B68h
  dw 0047Ah,base+034D9h
  dw 00506h,base+031F3h
  dw 00479h,base+024CBh
  dw 00607h,base+02F1Ch
  dw 00579h,base+031F8h
  dw 00607h,base+02F22h
  dw 00579h,base+031FDh
  dw 00C81h,base+01D31h
  dw 00B80h,base+02129h
  dw 00B81h,base+02134h
  dw 00A81h,base+02575h
  dw 00981h,base+027FBh
  dw 0097Fh,base+02804h
  dw 00A80h,base+0257Fh
  dw 00B80h,base+0213Fh
  dw 00C80h,base+01D3Dh
  dw 00C80h,base+01D49h
  dw 00C80h,base+01D55h
  dw 00D80h,base+01958h
  dw 00E80h,base+0168Ah
  dw 00E81h,base+01698h
  dw 00F81h,base+013DBh
  dw 00E86h,base+016A6h
  dw 00880h,base+02A2Ch
  dw 00880h,base+02A34h
  dw 00881h,base+02A3Ch
  dw 00780h,base+02C4Fh
  dw 00880h,base+02A44h
  dw 00880h,base+02A4Ch
  dw 00981h,base+0280Dh
  dw 00880h,base+02A54h
  dw 00980h,base+02816h
  dw 00981h,base+0281Fh
  dw 00A81h,base+02589h
  dw 00980h,base+02828h
  dw 00A82h,base+02593h
  dw 00881h,base+02A5Ch
  dw 00781h,base+02C56h
  dw 00681h,base+02F28h
  dw 00682h,base+02F2Eh
  dw 00481h,base+034DDh
  dw 00380h,base+00EC5h
  dw 00480h,base+034E1h
  dw 00480h,base+034E5h
  dw 00580h,base+03202h
  dw 00580h,base+03207h
  dw 00681h,base+02F34h
  dw 00580h,base+0320Ch
  dw 00681h,base+02F3Ah
  dw 00682h,base+02F40h
  dw 00581h,base+03211h
  dw 00581h,base+03216h
  dw 00480h,base+034E9h
  dw 00580h,base+0321Bh
  dw 00580h,base+03220h
  dw 00680h,base+02F46h
  dw 00781h,base+02C5Dh
  dw 00102h,base+00000h
  dw 00481h,base+034EDh
  dw 00382h,base+00026h
  dw 00100h,base+00000h

dhalsimPage2frame023:
  db 058h,018h,04Eh,044h
  db 096h
  db 04Ch,05Ch,00Ch,04Dh,05Ch
  db 0A9h,057h
  db 07Eh,05Ch
  dw 0037Fh,base+0000Ch
  dw 00480h,base+00894h
  dw 00575h,base+03225h
  dw 0030Ah,base+00033h
  dw 00675h,base+02F4Ch
  dw 0040Ah,base+034F1h
  dw 00776h,base+02C64h
  dw 00506h,base+0322Ah
  dw 00204h,base+0025Ah
  dw 00864h,base+02A64h
  dw 00212h,base+0000Fh
  dw 00809h,base+02A6Ch
  dw 00A65h,base+0259Dh
  dw 00207h,base+01206h
  dw 00407h,base+00A02h
  dw 00B0Dh,base+0214Ah
  dw 00B64h,base+02155h
  dw 00306h,base+02477h
  dw 00608h,base+02F52h
  dw 01A72h,base+0051Dh
  dw 0287Eh,base+00255h
  dw 02A80h,base+00185h
  dw 02A80h,base+001AFh
  dw 02A7Fh,base+001D9h
  dw 02526h,base+00366h
  dw 00559h,base+0322Fh
  dw 02527h,base+0038Bh
  dw 00559h,base+03234h
  dw 0050Fh,base+03239h
  dw 00305h,base+0358Bh
  dw 01114h,base+00F2Ah
  dw 00458h,base+034F5h
  dw 00110h,base+00000h
  dw 00205h,base+0000Fh
  dw 01214h,base+00D09h
  dw 0026Dh,base+009F6h
  dw 01180h,base+00F3Bh
  dw 01381h,base+00B0Fh
  dw 00102h,base+00032h
  dw 00203h,base+00033h
  dw 00102h,base+0001Dh
  dw 00B82h,base+02160h
  dw 00981h,base+02831h
  dw 00781h,base+02C6Bh
  dw 00680h,base+02F58h
  dw 00203h,base+00033h
  dw 00300h,base+0000Fh

dhalsimPage2frame024:
  db 058h,026h,050h,03Dh
  db 096h
  db 04Dh,05Ch,012h,04Eh,05Ch
  db 0AAh,05Bh
  db 09Ah,064h
  dw 00380h,base+0000Fh
  dw 0037Fh,base+00DB1h
  dw 00580h,base+0323Eh
  dw 0057Fh,base+03243h
  dw 00680h,base+02F5Eh
  dw 00680h,base+02F64h
  dw 00676h,base+02F6Ah
  dw 00109h,base+0000Bh
  dw 00775h,base+02C72h
  dw 0030Bh,base+00220h
  dw 0076Bh,base+02C79h
  dw 00609h,base+00033h
  dw 0080Bh,base+02A74h
  dw 00862h,base+02A7Ch
  dw 00309h,base+000A7h
  dw 01315h,base+00B22h
  dw 00862h,base+02A84h
  dw 00508h,base+03248h
  dw 01516h,base+00865h
  dw 00762h,base+02C80h
  dw 0257Fh,base+003B0h
  dw 02629h,base+002F4h
  dw 00157h,base+0000Bh
  dw 02728h,base+002CDh
  dw 00358h,base+00037h
  dw 02B80h,base+00058h
  dw 02C80h,base+00000h
  dw 02C80h,base+0002Ch
  dw 0060Ch,base+02F70h
  dw 02074h,base+003D5h
  dw 0060Ch,base+02F70h
  dw 02074h,base+003D5h
  dw 02C80h,base+0002Ch
  dw 02C80h,base+00000h
  dw 02B80h,base+00058h
  dw 02728h,base+002CDh
  dw 00358h,base+00037h
  dw 02629h,base+002F4h
  dw 00158h,base+0000Bh
  dw 02580h,base+003B0h
  dw 00508h,base+03248h
  dw 01516h,base+00865h
  dw 00762h,base+02C80h
  dw 00309h,base+000A7h
  dw 01315h,base+00B22h
  dw 0086Ch,base+02A84h
  dw 00609h,base+00033h
  dw 0080Bh,base+02A74h
  dw 00876h,base+02A7Ch
  dw 0030Bh,base+00220h
  dw 00777h,base+02C79h
  dw 00109h,base+0000Bh
  dw 00781h,base+02C72h
  dw 00680h,base+02F6Ah
  dw 00680h,base+02F64h
  dw 00681h,base+02F5Eh
  dw 00580h,base+03243h
  dw 00581h,base+0323Eh
  dw 00380h,base+00DB1h
  dw 00300h,base+0000Fh

dhalsimPage2frame025:
  db 058h,018h,04Eh,044h
  db 092h
  db 04Ch,05Ch,00Ch,04Dh,05Ch
  db 0A9h,058h
  db 07Fh,05Dh
  dw 00203h,base+00033h
  dw 0037Dh,base+0000Fh
  dw 0067Fh,base+02F58h
  dw 0077Fh,base+02C6Bh
  dw 00977h,base+02831h
  dw 00102h,base+00032h
  dw 00203h,base+00033h
  dw 00102h,base+0001Dh
  dw 00B78h,base+02160h
  dw 01380h,base+00B0Fh
  dw 0116Ah,base+00F3Bh
  dw 00110h,base+00000h
  dw 00205h,base+0000Fh
  dw 01214h,base+00D09h
  dw 00257h,base+009F6h
  dw 0050Fh,base+03239h
  dw 00305h,base+0358Bh
  dw 01114h,base+00F2Ah
  dw 00458h,base+034F5h
  dw 02527h,base+0038Bh
  dw 0055Ah,base+03234h
  dw 02526h,base+00366h
  dw 0055Bh,base+0322Fh
  dw 02A80h,base+001D9h
  dw 02A80h,base+001AFh
  dw 02A82h,base+00185h
  dw 02880h,base+00255h
  dw 00306h,base+02477h
  dw 00608h,base+02F52h
  dw 01A73h,base+0051Dh
  dw 00207h,base+01206h
  dw 00407h,base+00A02h
  dw 00B0Dh,base+0214Ah
  dw 00B65h,base+02155h
  dw 00212h,base+0000Fh
  dw 00809h,base+02A6Ch
  dw 00A77h,base+0259Dh
  dw 00506h,base+0322Ah
  dw 00204h,base+0025Ah
  dw 00876h,base+02A64h
  dw 0040Ah,base+034F1h
  dw 00777h,base+02C64h
  dw 0030Ah,base+00033h
  dw 00681h,base+02F4Ch
  dw 00580h,base+03225h
  dw 00481h,base+00894h
  dw 00300h,base+0000Ch

dhalsimPage2frame026:
  db 056h,026h,050h,03Dh
  db 090h
  db 04Eh,05Ch,012h,04Fh,05Ch
  db 0AAh,05Ah
  db 096h,066h
  dw 0067Fh,base+02F76h
  dw 0077Fh,base+02C87h
  dw 00980h,base+0283Ah
  dw 0097Fh,base+02843h
  dw 00A80h,base+025A7h
  dw 00A7Fh,base+025B1h
  dw 00B7Ah,base+0216Bh
  dw 00106h,base+0000Bh
  dw 00B79h,base+02176h
  dw 00307h,base+0042Dh
  dw 00B70h,base+02181h
  dw 00307h,base+003DCh
  dw 00809h,base+02A8Ch
  dw 00B6Eh,base+0218Ch
  dw 01C78h,base+00431h
  dw 00307h,base+003FCh
  dw 01D78h,base+00414h
  dw 02680h,base+0031Ah
  dw 02880h,base+0027Dh
  dw 0297Fh,base+00203h
  dw 02B80h,base+00083h
  dw 02B80h,base+000AEh
  dw 02B81h,base+000D9h
  dw 0060Bh,base+01EACh
  dw 01F75h,base+003F5h
  dw 0060Bh,base+01EACh
  dw 01F74h,base+003F5h
  dw 02B80h,base+00104h
  dw 02B80h,base+0012Fh
  dw 02B81h,base+0015Ah
  dw 02980h,base+0022Ch
  dw 02880h,base+002A5h
  dw 02680h,base+00340h
  dw 00408h,base+02310h
  dw 01D81h,base+00414h
  dw 01C82h,base+00431h
  dw 00307h,base+003DCh
  dw 00809h,base+02A8Ch
  dw 00B79h,base+0218Ch
  dw 00307h,base+0042Dh
  dw 00B7Ah,base+02181h
  dw 00106h,base+0000Bh
  dw 00B80h,base+02176h
  dw 00B81h,base+0216Bh
  dw 00A80h,base+025B1h
  dw 00A81h,base+025A7h
  dw 00980h,base+02843h
  dw 00981h,base+0283Ah
  dw 00781h,base+02C87h
  dw 00600h,base+02F76h

dhalsimPage2frame027:
  db 010h,010h,090h,04Ah
  db 096h
  db 000h,000h,0B6h,000h,000h
  db 000h,000h
  db 000h,000h
  dw 0027Fh,base+0001Fh
  dw 0047Fh,base+00517h
  dw 00680h,base+02F7Ch
  dw 00680h,base+01395h
  dw 0067Fh,base+004C8h
  dw 00880h,base+02A94h
  dw 00880h,base+02A9Ch
  dw 00880h,base+02A9Ch
  dw 00880h,base+02A9Ch
  dw 00880h,base+02A9Ch
  dw 00881h,base+02A94h
  dw 00680h,base+004C8h
  dw 00680h,base+01395h
  dw 00681h,base+02F7Ch
  dw 00481h,base+00517h
  dw 00200h,base+0001Fh

dhalsimPage2frame028:
  db 008h,016h,098h,047h
  db 09Ah
  db 000h,000h,0B9h,000h,000h
  db 000h,000h
  db 000h,000h
  dw 0017Fh,base+00004h
  dw 00281h,base+00003h
  dw 00280h,base+00012h
  dw 00280h,base+011F8h
  dw 0037Fh,base+0358Eh
  dw 00480h,base+034F9h
  dw 00481h,base+034FDh
  dw 0037Fh,base+03591h
  dw 00480h,base+03501h
  dw 00481h,base+006C4h
  dw 00380h,base+008D2h
  dw 0037Fh,base+008D2h
  dw 00480h,base+006C4h
  dw 00481h,base+03501h
  dw 0037Fh,base+03591h
  dw 00480h,base+034FDh
  dw 00481h,base+034F9h
  dw 00380h,base+0358Eh
  dw 00280h,base+011F8h
  dw 0027Fh,base+00012h
  dw 00281h,base+00003h
  dw 00100h,base+00004h

dhalsimPage2frame029:
  db 012h,01Ah,090h,045h
  db 094h
  db 000h,000h,0BBh,000h,000h
  db 000h,000h
  db 000h,000h
  dw 00102h,base+00002h
  dw 0017Eh,base+00002h
  dw 00102h,base+00004h
  dw 00102h,base+00004h
  dw 0017Eh,base+00004h
  dw 00103h,base+00000h
  dw 00180h,base+00002h
  dw 0017Fh,base+0000Dh
  dw 0027Ch,base+0095Dh
  dw 00104h,base+00002h
  dw 0027Fh,base+00444h
  dw 00381h,base+008EBh
  dw 0027Ah,base+00053h
  dw 00106h,base+00002h
  dw 0027Ah,base+03598h
  dw 00204h,base+00545h
  dw 00102h,base+00021h
  dw 0027Fh,base+0005Ch
  dw 00481h,base+03505h
  dw 0037Fh,base+01A02h
  dw 00480h,base+03509h
  dw 00481h,base+03509h
  dw 0037Fh,base+01A02h
  dw 0047Bh,base+03505h
  dw 00204h,base+00545h
  dw 00102h,base+00021h
  dw 0027Ah,base+0005Ch
  dw 00106h,base+00002h
  dw 00280h,base+03598h
  dw 0027Fh,base+00053h
  dw 0037Dh,base+008EBh
  dw 00104h,base+00002h
  dw 00280h,base+00444h
  dw 00281h,base+0095Dh
  dw 0017Dh,base+0000Dh
  dw 00103h,base+00000h
  dw 0017Bh,base+00002h
  dw 00102h,base+00004h
  dw 00102h,base+00004h
  dw 0017Ch,base+00004h
  dw 00102h,base+00002h
  dw 00100h,base+00002h

dhalsimPage2frame030:
  db 002h,001h,094h,052h
  db 094h
  db 000h,000h,0AEh,000h,000h
  db 000h,000h
  db 000h,000h
  dw 00100h,base+0000Bh

dhalsimPage2frame031:
  db 02Ch,042h,074h,01Bh
  db 086h
  db 000h,000h,0E5h,000h,000h
  db 000h,000h
  db 000h,000h
  dw 0027Fh,base+0003Ah
  dw 00380h,base+000ACh
  dw 00480h,base+033D9h
  dw 00480h,base+03251h
  dw 0047Fh,base+02201h
  dw 00580h,base+030E5h
  dw 00580h,base+030EAh
  dw 00580h,base+030EFh
  dw 00580h,base+030F4h
  dw 00581h,base+030F9h
  dw 00480h,base+003F8h
  dw 00480h,base+033DDh
  dw 00480h,base+00032h
  dw 0037Dh,base+00039h
  dw 00102h,base+00000h
  dw 0047Dh,base+00272h
  dw 00709h,base+02BBCh
  dw 00277h,base+00036h
  dw 00B7Fh,base+01F24h
  dw 00D80h,base+01791h
  dw 00D80h,base+0179Eh
  dw 00D80h,base+017ABh
  dw 00D80h,base+017B8h
  dw 00E80h,base+0159Ch
  dw 00E80h,base+015AAh
  dw 00E80h,base+015B8h
  dw 00E80h,base+015C6h
  dw 00F80h,base+01273h
  dw 00F80h,base+01282h
  dw 00F80h,base+01291h
  dw 00F80h,base+012A0h
  dw 00F80h,base+012AFh
  dw 00F81h,base+012BEh
  dw 00E82h,base+015D4h
  dw 00B81h,base+01F2Fh
  dw 00880h,base+0290Ch
  dw 0087Fh,base+02914h
  dw 00880h,base+0291Ch
  dw 00880h,base+02924h
  dw 00880h,base+0292Ch
  dw 00880h,base+02934h
  dw 00780h,base+02BC3h
  dw 00780h,base+02BCAh
  dw 00880h,base+0293Ch
  dw 00980h,base+026AEh
  dw 00A7Eh,base+02345h
  dw 00D80h,base+017C5h
  dw 00D7Fh,base+017D2h
  dw 00F80h,base+012CDh
  dw 00F80h,base+012DCh
  dw 01080h,base+0101Ch
  dw 01080h,base+0102Ch
  dw 0117Fh,base+00E1Ah
  dw 01280h,base+00C31h
  dw 01380h,base+00A2Bh
  dw 01380h,base+00A3Eh
  dw 0137Fh,base+00A51h
  dw 01480h,base+008B6h
  dw 01580h,base+007D2h
  dw 00A0Ch,base+0234Fh
  dw 00974h,base+026B7h
  dw 0090Dh,base+026C0h
  dw 00873h,base+02944h
  dw 0080Fh,base+0294Ch
  dw 00670h,base+02E26h
  dw 00812h,base+02954h
  dw 0046Eh,base+02B9Dh
  dw 00813h,base+0295Ch
  dw 0026Dh,base+0000Fh
  dw 00780h,base+02BD1h
  dw 00681h,base+02E2Ch
  dw 00480h,base+022E2h
  dw 00300h,base+0007Ah

dhalsimPage2frame032:
  db 02Ch,042h,074h,01Dh
  db 086h
  db 000h,000h,0E3h,000h,000h
  db 000h,000h
  db 000h,000h
  dw 0027Fh,base+0003Ah
  dw 00380h,base+000ACh
  dw 00480h,base+033D9h
  dw 00480h,base+03251h
  dw 0047Fh,base+02201h
  dw 00580h,base+030E5h
  dw 00580h,base+030EAh
  dw 00580h,base+030EFh
  dw 00580h,base+030F4h
  dw 00581h,base+030F9h
  dw 00480h,base+003F8h
  dw 00480h,base+033DDh
  dw 00480h,base+00032h
  dw 0037Dh,base+00039h
  dw 00102h,base+00000h
  dw 0047Dh,base+00272h
  dw 00709h,base+02BBCh
  dw 00277h,base+00036h
  dw 00B7Fh,base+01F24h
  dw 00D80h,base+01791h
  dw 00D80h,base+0179Eh
  dw 00D80h,base+017ABh
  dw 00D80h,base+017B8h
  dw 00E80h,base+0159Ch
  dw 00E80h,base+015AAh
  dw 00E80h,base+015B8h
  dw 00E80h,base+015C6h
  dw 00F80h,base+01273h
  dw 00F80h,base+01282h
  dw 00F80h,base+01291h
  dw 00F80h,base+012A0h
  dw 00F80h,base+012AFh
  dw 00F81h,base+012BEh
  dw 00E82h,base+015D4h
  dw 00B81h,base+01F2Fh
  dw 00880h,base+0290Ch
  dw 0087Fh,base+02914h
  dw 00880h,base+0291Ch
  dw 00880h,base+02924h
  dw 00880h,base+0292Ch
  dw 00880h,base+02934h
  dw 00780h,base+02BC3h
  dw 00780h,base+02BCAh
  dw 00880h,base+0293Ch
  dw 00980h,base+026AEh
  dw 00A7Eh,base+02345h
  dw 00D80h,base+017C5h
  dw 00D7Fh,base+017D2h
  dw 00F80h,base+012CDh
  dw 00F80h,base+012DCh
  dw 01080h,base+0101Ch
  dw 01080h,base+0102Ch
  dw 0117Fh,base+00E1Ah
  dw 01280h,base+00C31h
  dw 01380h,base+00A2Bh
  dw 01380h,base+00A3Eh
  dw 0137Fh,base+00A51h
  dw 01480h,base+008B6h
  dw 01580h,base+007D2h
  dw 00A0Ch,base+0234Fh
  dw 00974h,base+026B7h
  dw 0090Dh,base+026C0h
  dw 00873h,base+02944h
  dw 0080Fh,base+0294Ch
  dw 00670h,base+02E26h
  dw 00812h,base+02954h
  dw 0046Eh,base+02B9Dh
  dw 00813h,base+0295Ch
  dw 0026Dh,base+0000Fh
  dw 00780h,base+02BD1h
  dw 00681h,base+02E2Ch
  dw 00480h,base+022E2h
  dw 00300h,base+0007Ah

dhalsimPage2frame033:
  db 002h,079h,000h,088h
  db 0FFh
  db 000h,000h,078h,000h,000h
  db 000h,000h
  db 000h,000h


