  dw ehondaPage1frame000
  dw ehondaPage1frame001
  dw ehondaPage1frame002
  dw ehondaPage1frame003
  dw ehondaPage1frame004
  dw ehondaPage1frame005
  dw ehondaPage1frame006
  dw ehondaPage1frame007
  dw ehondaPage1frame008
  dw ehondaPage1frame009
  dw ehondaPage1frame010
  dw ehondaPage1frame011
  dw ehondaPage1frame012
  dw ehondaPage1frame013
  dw ehondaPage1frame014
  dw ehondaPage1frame015

ehondaPage1frame000:
  db 03Ah,052h,064h,035h
  db 07Ah
  db 068h,032h,025h,065h,038h
  db 000h,000h
  db 000h,000h
  dw 00180h,base+00009h
  dw 0017Eh,base+0018Bh
  dw 0047Fh,base+005A4h
  dw 00581h,base+038C6h
  dw 0057Fh,base+038CBh
  dw 00680h,base+033E0h
  dw 00680h,base+031ADh
  dw 00780h,base+0354Bh
  dw 00A80h,base+03318h
  dw 00B80h,base+03197h
  dw 00B80h,base+031A2h
  dw 00C80h,base+02F93h
  dw 00C7Fh,base+02F9Fh
  dw 00E80h,base+02BF4h
  dw 00E7Fh,base+02C02h
  dw 00F80h,base+029E7h
  dw 00F80h,base+029F6h
  dw 01080h,base+02737h
  dw 01080h,base+02747h
  dw 01080h,base+02757h
  dw 01080h,base+02767h
  dw 01080h,base+02777h
  dw 01180h,base+0235Dh
  dw 01180h,base+0236Eh
  dw 0117Fh,base+0237Fh
  dw 01480h,base+01A69h
  dw 01480h,base+01A7Dh
  dw 01480h,base+01A91h
  dw 01580h,base+0174Bh
  dw 01580h,base+01760h
  dw 01580h,base+01775h
  dw 01580h,base+0178Ah
  dw 01680h,base+01315h
  dw 01680h,base+0132Bh
  dw 0167Fh,base+01341h
  dw 01780h,base+010BFh
  dw 0177Fh,base+010D6h
  dw 01880h,base+00EAFh
  dw 01980h,base+009CDh
  dw 01980h,base+009E6h
  dw 01980h,base+009FFh
  dw 01980h,base+00A18h
  dw 01980h,base+00A31h
  dw 01980h,base+00A4Ah
  dw 01980h,base+00A63h
  dw 01A7Fh,base+006A7h
  dw 01B80h,base+0041Fh
  dw 01B7Fh,base+0043Ah
  dw 01C7Fh,base+0020Bh
  dw 01D80h,base+00197h
  dw 01C80h,base+00227h
  dw 01C80h,base+00243h
  dw 01C80h,base+0025Fh
  dw 01B80h,base+00455h
  dw 01B80h,base+00470h
  dw 00405h,base+03ACEh
  dw 00506h,base+038D0h
  dw 01075h,base+02787h
  dw 00305h,base+03CC2h
  dw 00506h,base+038D5h
  dw 00203h,base+0001Fh
  dw 00D73h,base+02D98h
  dw 00204h,base+00029h
  dw 00406h,base+03AD2h
  dw 00103h,base+00009h
  dw 00D77h,base+02DA5h
  dw 00409h,base+03AD6h
  dw 00D77h,base+02DB2h
  dw 0040Ah,base+03ADAh
  dw 00203h,base+00009h
  dw 00203h,base+00BE8h
  dw 00670h,base+0376Ah
  dw 0040Ah,base+03ADEh
  dw 00106h,base+00009h
  dw 00670h,base+03770h
  dw 0030Ah,base+0013Fh
  dw 00107h,base+00009h
  dw 0046Fh,base+03AE2h
  dw 00311h,base+0013Fh
  dw 0046Fh,base+03AE6h
  dw 00311h,base+0013Fh
  dw 0046Fh,base+03AEAh
  dw 00311h,base+0013Fh
  dw 0046Fh,base+03AEEh
  dw 00312h,base+03CC5h
  dw 0036Dh,base+032F4h
  dw 00413h,base+03AF2h
  dw 0036Dh,base+032F4h
  dw 00413h,base+03AF6h
  dw 0036Ch,base+032F4h
  dw 00614h,base+03776h
  dw 0036Bh,base+03CC8h
  dw 00715h,base+03613h
  dw 0036Ah,base+03CC8h
  dw 00816h,base+0351Bh
  dw 0036Ah,base+00CCEh
  dw 00816h,base+03523h
  dw 0036Ah,base+00CCEh
  dw 00715h,base+0361Ah
  dw 0046Dh,base+03AFAh
  dw 00213h,base+00029h
  dw 00480h,base+01B20h
  dw 00480h,base+03AFEh
  dw 00580h,base+01802h
  dw 00580h,base+038DAh
  dw 00581h,base+0386Ch
  dw 00480h,base+03B02h
  dw 00480h,base+03B06h
  dw 00480h,base+03B0Ah
  dw 00300h,base+026E2h

ehondaPage1frame001:
  db 03Eh,04Eh,060h,039h
  db 078h
  db 068h,032h,021h,065h,038h
  db 000h,000h
  db 000h,000h
  dw 0027Eh,base+0006Ch
  dw 00480h,base+0024Fh
  dw 00480h,base+01C59h
  dw 00680h,base+03354h
  dw 00680h,base+031E4h
  dw 00880h,base+0352Bh
  dw 00A7Fh,base+03322h
  dw 00C80h,base+02FABh
  dw 00C80h,base+02FB7h
  dw 00D80h,base+02DBFh
  dw 00D81h,base+02DCCh
  dw 00D80h,base+02DD9h
  dw 00D80h,base+02DE6h
  dw 00D7Fh,base+02DF3h
  dw 00F7Fh,base+02A05h
  dw 01080h,base+02797h
  dw 01080h,base+027A7h
  dw 01080h,base+027B7h
  dw 01180h,base+02390h
  dw 01180h,base+023A1h
  dw 01180h,base+023B2h
  dw 01280h,base+020E7h
  dw 01380h,base+01E15h
  dw 0137Fh,base+01E28h
  dw 01480h,base+01AA5h
  dw 01480h,base+01AB9h
  dw 0157Fh,base+0179Fh
  dw 01680h,base+01357h
  dw 01680h,base+0136Dh
  dw 01780h,base+010EDh
  dw 01780h,base+01104h
  dw 01780h,base+0111Bh
  dw 0177Fh,base+01132h
  dw 01880h,base+00EC7h
  dw 01880h,base+00EDFh
  dw 01980h,base+00A7Ch
  dw 01980h,base+00A95h
  dw 0197Fh,base+00AAEh
  dw 01A80h,base+006C1h
  dw 01A80h,base+006DBh
  dw 01B7Dh,base+0048Bh
  dw 01E80h,base+00101h
  dw 01E7Fh,base+0011Fh
  dw 01F80h,base+000E2h
  dw 01E80h,base+0013Dh
  dw 01E80h,base+0015Bh
  dw 00506h,base+0254Ah
  dw 0187Ah,base+00EF7h
  dw 00406h,base+00D51h
  dw 00506h,base+038DFh
  dw 01275h,base+020F9h
  dw 00305h,base+00B2Bh
  dw 00506h,base+038E4h
  dw 01276h,base+0210Bh
  dw 00104h,base+00009h
  dw 00506h,base+038E9h
  dw 0107Ah,base+027C7h
  dw 00506h,base+038E9h
  dw 0117Ah,base+023C3h
  dw 00507h,base+038E9h
  dw 01079h,base+027D7h
  dw 00507h,base+038EEh
  dw 0107Ah,base+027E7h
  dw 00406h,base+02FD7h
  dw 0107Ah,base+027F7h
  dw 00407h,base+03763h
  dw 00708h,base+03621h
  dw 00771h,base+03628h
  dw 00407h,base+01E62h
  dw 00102h,base+00009h
  dw 00507h,base+038F3h
  dw 00670h,base+0377Ch
  dw 00309h,base+000E2h
  dw 00407h,base+03B0Eh
  dw 00670h,base+03782h
  dw 0030Ah,base+0013Fh
  dw 00306h,base+00C7Ah
  dw 00570h,base+038F8h
  dw 0030Ah,base+0013Fh
  dw 00207h,base+00251h
  dw 0046Fh,base+03B12h
  dw 0030Ah,base+0013Fh
  dw 00107h,base+00009h
  dw 0046Fh,base+00D4Ah
  dw 00311h,base+000EAh
  dw 0046Fh,base+00D4Ah
  dw 00311h,base+000EAh
  dw 0046Eh,base+03B16h
  dw 00413h,base+03AF2h
  dw 0036Dh,base+00D4Bh
  dw 00413h,base+03AF6h
  dw 0036Ch,base+00D4Bh
  dw 00614h,base+03788h
  dw 0036Bh,base+02280h
  dw 00715h,base+03613h
  dw 0036Ah,base+02280h
  dw 00816h,base+0351Bh
  dw 0036Ah,base+00CCEh
  dw 00816h,base+03523h
  dw 0036Ah,base+0020Ch
  dw 00715h,base+0361Ah
  dw 0046Dh,base+00CCDh
  dw 00213h,base+00029h
  dw 00480h,base+01B20h
  dw 00480h,base+03AFEh
  dw 00580h,base+01802h
  dw 00580h,base+038DAh
  dw 00581h,base+0386Ch
  dw 00480h,base+03B02h
  dw 00480h,base+03B06h
  dw 00480h,base+03B0Ah
  dw 00300h,base+026E2h

ehondaPage1frame002:
  db 042h,04Ch,05Eh,03Bh
  db 078h
  db 068h,032h,01Fh,065h,038h
  db 000h,000h
  db 000h,000h
  dw 00180h,base+00009h
  dw 0017Eh,base+0018Bh
  dw 0047Fh,base+005A4h
  dw 00581h,base+038C6h
  dw 0057Fh,base+038CBh
  dw 00980h,base+033E0h
  dw 00B80h,base+031ADh
  dw 00C80h,base+02FC3h
  dw 00C80h,base+02FCFh
  dw 00D80h,base+02E00h
  dw 00D80h,base+02E0Dh
  dw 00D80h,base+02E1Ah
  dw 00E7Fh,base+02C10h
  dw 00F80h,base+02A14h
  dw 00F80h,base+02A23h
  dw 01080h,base+02807h
  dw 0107Fh,base+02817h
  dw 01180h,base+023D4h
  dw 01380h,base+01E3Bh
  dw 01380h,base+01E4Eh
  dw 01480h,base+01ACDh
  dw 01480h,base+01AE1h
  dw 0147Fh,base+01AF5h
  dw 01580h,base+017B4h
  dw 01680h,base+01383h
  dw 01680h,base+01399h
  dw 01680h,base+013AFh
  dw 01680h,base+013C5h
  dw 0177Fh,base+01149h
  dw 01880h,base+00F0Fh
  dw 0187Fh,base+00F27h
  dw 01A80h,base+006F5h
  dw 01A7Fh,base+0070Fh
  dw 01B7Ch,base+004A6h
  dw 02080h,base+00042h
  dw 02080h,base+00062h
  dw 02180h,base+00000h
  dw 02180h,base+00021h
  dw 02080h,base+00082h
  dw 02080h,base+000A2h
  dw 02080h,base+000C2h
  dw 00306h,base+0367Ah
  dw 0197Ah,base+00AC7h
  dw 00306h,base+003D7h
  dw 0197Bh,base+00AE0h
  dw 00105h,base+00009h
  dw 01A81h,base+00729h
  dw 01980h,base+00AF9h
  dw 01980h,base+00B12h
  dw 00405h,base+03B1Ah
  dw 0127Bh,base+0211Dh
  dw 01680h,base+013DBh
  dw 00506h,base+038FDh
  dw 0117Ah,base+023E5h
  dw 00506h,base+03902h
  dw 0117Ah,base+023F6h
  dw 00506h,base+03907h
  dw 0117Ah,base+02407h
  dw 00507h,base+0390Ch
  dw 01079h,base+02827h
  dw 00507h,base+03911h
  dw 0107Ah,base+02837h
  dw 00306h,base+03CCBh
  dw 00809h,base+03533h
  dw 00771h,base+0362Fh
  dw 00307h,base+000E2h
  dw 00102h,base+00009h
  dw 00507h,base+03916h
  dw 00670h,base+0378Eh
  dw 00307h,base+0395Eh
  dw 00102h,base+00009h
  dw 00407h,base+0205Ah
  dw 00670h,base+03794h
  dw 00309h,base+00FE9h
  dw 00407h,base+0193Fh
  dw 00570h,base+0391Bh
  dw 00309h,base+00FE9h
  dw 00308h,base+0004Ch
  dw 0046Fh,base+03B1Eh
  dw 00309h,base+0013Fh
  dw 00308h,base+0004Ch
  dw 0046Fh,base+03B22h
  dw 00311h,base+000EAh
  dw 0046Fh,base+03B22h
  dw 00311h,base+03CCEh
  dw 0046Eh,base+03B26h
  dw 00413h,base+03B2Ah
  dw 0036Ch,base+001D8h
  dw 00614h,base+03788h
  dw 0036Bh,base+00514h
  dw 00715h,base+03613h
  dw 0036Ah,base+00514h
  dw 00816h,base+0351Bh
  dw 0036Ah,base+00514h
  dw 00816h,base+03523h
  dw 0036Ah,base+0020Ch
  dw 00715h,base+0361Ah
  dw 0046Dh,base+0020Bh
  dw 00213h,base+00029h
  dw 00480h,base+03B2Eh
  dw 00480h,base+03AFEh
  dw 00580h,base+01802h
  dw 00580h,base+038DAh
  dw 00581h,base+0386Ch
  dw 00480h,base+03B02h
  dw 00480h,base+03B06h
  dw 00480h,base+03B0Ah
  dw 00300h,base+026E2h

ehondaPage1frame003:
  db 048h,04Dh,05Ch,03Ah
  db 078h
  db 066h,038h,02Ch,05Fh,043h
  db 000h,000h
  db 000h,000h
  dw 0027Eh,base+0006Ch
  dw 00480h,base+0024Fh
  dw 00480h,base+01C59h
  dw 00680h,base+03354h
  dw 00680h,base+031E4h
  dw 00680h,base+031EFh
  dw 0077Fh,base+03636h
  dw 00980h,base+033E9h
  dw 00A80h,base+0332Ch
  dw 00C80h,base+02FDBh
  dw 00C81h,base+02FE7h
  dw 00C80h,base+02FF3h
  dw 00C7Fh,base+02FFFh
  dw 00D80h,base+02E27h
  dw 00E80h,base+02C1Eh
  dw 00E7Fh,base+02C2Ch
  dw 00F80h,base+02A32h
  dw 00F80h,base+02A41h
  dw 00F80h,base+02A50h
  dw 01080h,base+02847h
  dw 01081h,base+02857h
  dw 00F80h,base+02A5Fh
  dw 01080h,base+02867h
  dw 01180h,base+02418h
  dw 01181h,base+02429h
  dw 01180h,base+0243Ah
  dw 01180h,base+0244Bh
  dw 0127Fh,base+0212Fh
  dw 01380h,base+01E61h
  dw 01380h,base+01E74h
  dw 0137Dh,base+01E87h
  dw 0177Fh,base+01160h
  dw 0187Fh,base+00F3Fh
  dw 01980h,base+00B2Bh
  dw 01980h,base+00B44h
  dw 01A80h,base+00743h
  dw 01A80h,base+0075Dh
  dw 01A80h,base+00777h
  dw 01A80h,base+00791h
  dw 01A80h,base+007ABh
  dw 01A80h,base+007C5h
  dw 01B80h,base+004C1h
  dw 01B80h,base+004DCh
  dw 01B7Fh,base+004F7h
  dw 01B80h,base+00512h
  dw 01B80h,base+0052Dh
  dw 01B80h,base+00548h
  dw 01B80h,base+00563h
  dw 00607h,base+0379Ah
  dw 01379h,base+01E9Ah
  dw 00607h,base+0379Ah
  dw 01479h,base+01B09h
  dw 00608h,base+037A0h
  dw 01378h,base+01EADh
  dw 00508h,base+03920h
  dw 01378h,base+01EC0h
  dw 00508h,base+03925h
  dw 00B0Dh,base+031B8h
  dw 0076Bh,base+0363Dh
  dw 00508h,base+0392Ah
  dw 00206h,base+000CFh
  dw 00507h,base+0392Fh
  dw 0076Bh,base+03644h
  dw 00409h,base+03B32h
  dw 00105h,base+00009h
  dw 00507h,base+03934h
  dw 0076Bh,base+0364Bh
  dw 00409h,base+010D7h
  dw 00105h,base+00009h
  dw 00407h,base+03B36h
  dw 0076Bh,base+03652h
  dw 0030Eh,base+00EC9h
  dw 00408h,base+03B3Ah
  dw 0066Ah,base+037A6h
  dw 0030Eh,base+00638h
  dw 00308h,base+0014Ah
  dw 00669h,base+037ACh
  dw 0030Fh,base+00995h
  dw 00308h,base+00804h
  dw 00669h,base+037B2h
  dw 00310h,base+0084Dh
  dw 00107h,base+00009h
  dw 00669h,base+037B8h
  dw 00318h,base+004AFh
  dw 00567h,base+03939h
  dw 00419h,base+03B3Eh
  dw 00567h,base+0393Eh
  dw 0051Ah,base+03943h
  dw 00465h,base+03B2Eh
  dw 0061Ch,base+037BEh
  dw 00362h,base+011BEh
  dw 0081Eh,base+0353Bh
  dw 00362h,base+00114h
  dw 0081Eh,base+03543h
  dw 00462h,base+01113h
  dw 0071Fh,base+03659h
  dw 00361h,base+0049Ch
  dw 0071Fh,base+03660h
  dw 00363h,base+001CEh
  dw 0011Dh,base+00001h
  dw 00380h,base+003B5h
  dw 0037Fh,base+00072h
  dw 00580h,base+038DAh
  dw 00580h,base+03948h
  dw 00580h,base+0394Dh
  dw 00681h,base+037C4h
  dw 00580h,base+03952h
  dw 00581h,base+03957h
  dw 00300h,base+00030h

ehondaPage1frame004:
  db 03Eh,04Eh,060h,039h
  db 078h
  db 068h,038h,028h,062h,03Dh
  db 000h,000h
  db 000h,000h
  dw 0027Eh,base+0006Ch
  dw 00480h,base+0024Fh
  dw 00480h,base+01C59h
  dw 00680h,base+03354h
  dw 00680h,base+031E4h
  dw 00880h,base+0352Bh
  dw 00A7Fh,base+03322h
  dw 00C80h,base+02FABh
  dw 00C80h,base+02FB7h
  dw 00D80h,base+02DBFh
  dw 00D81h,base+02DCCh
  dw 00D80h,base+02DD9h
  dw 00D80h,base+02DE6h
  dw 00D7Fh,base+02E34h
  dw 00F7Fh,base+02A6Eh
  dw 01080h,base+02877h
  dw 01080h,base+02887h
  dw 01080h,base+02897h
  dw 01180h,base+0245Ch
  dw 01180h,base+0246Dh
  dw 01180h,base+023B2h
  dw 01280h,base+020E7h
  dw 01380h,base+01E15h
  dw 0137Fh,base+01E28h
  dw 01480h,base+01AA5h
  dw 01480h,base+01AB9h
  dw 0157Fh,base+0179Fh
  dw 01680h,base+01357h
  dw 01680h,base+0136Dh
  dw 01780h,base+010EDh
  dw 01780h,base+01104h
  dw 01780h,base+0111Bh
  dw 0177Fh,base+01132h
  dw 01880h,base+00EC7h
  dw 01880h,base+00EDFh
  dw 01980h,base+00A7Ch
  dw 01980h,base+00A95h
  dw 0197Fh,base+00AAEh
  dw 01A80h,base+006C1h
  dw 01A80h,base+006DBh
  dw 01B7Dh,base+0048Bh
  dw 01E80h,base+00101h
  dw 01E7Fh,base+0011Fh
  dw 01F80h,base+000E2h
  dw 01E80h,base+0013Dh
  dw 01E80h,base+0015Bh
  dw 00506h,base+0254Ah
  dw 0187Ah,base+00EF7h
  dw 00406h,base+00D51h
  dw 00506h,base+038DFh
  dw 01275h,base+020F9h
  dw 00305h,base+00B2Bh
  dw 00506h,base+038E4h
  dw 01276h,base+0210Bh
  dw 00104h,base+00009h
  dw 00506h,base+038E9h
  dw 0107Ah,base+027C7h
  dw 00506h,base+038E9h
  dw 0117Ah,base+023C3h
  dw 00507h,base+038E9h
  dw 01079h,base+027D7h
  dw 00507h,base+038EEh
  dw 0107Ah,base+027E7h
  dw 00406h,base+02FD7h
  dw 0107Ah,base+027F7h
  dw 00407h,base+03763h
  dw 00708h,base+03621h
  dw 00771h,base+03628h
  dw 00407h,base+01E62h
  dw 00102h,base+00009h
  dw 00507h,base+038F3h
  dw 00670h,base+0377Ch
  dw 00309h,base+000E2h
  dw 00407h,base+03B0Eh
  dw 00670h,base+03782h
  dw 0030Ah,base+0013Fh
  dw 00306h,base+00C7Ah
  dw 00570h,base+038F8h
  dw 0030Ah,base+0013Fh
  dw 00207h,base+00251h
  dw 0046Fh,base+03B12h
  dw 0030Ah,base+0013Fh
  dw 00107h,base+00009h
  dw 0046Fh,base+00D4Ah
  dw 00311h,base+000EAh
  dw 0046Fh,base+00D4Ah
  dw 00311h,base+000EAh
  dw 0046Eh,base+03B16h
  dw 00413h,base+03AF2h
  dw 0036Dh,base+00D4Bh
  dw 00413h,base+03AF6h
  dw 0036Ch,base+00D4Bh
  dw 00614h,base+03788h
  dw 0036Bh,base+02280h
  dw 00715h,base+03613h
  dw 0036Ah,base+02280h
  dw 00816h,base+0351Bh
  dw 0036Ah,base+00CCEh
  dw 00816h,base+03523h
  dw 0036Ah,base+0020Ch
  dw 00715h,base+0361Ah
  dw 0046Dh,base+00CCDh
  dw 00213h,base+00029h
  dw 00480h,base+01B20h
  dw 00480h,base+03AFEh
  dw 00580h,base+01802h
  dw 00580h,base+038DAh
  dw 00581h,base+0386Ch
  dw 00480h,base+03B02h
  dw 00480h,base+03B06h
  dw 00480h,base+03B0Ah
  dw 00300h,base+026E2h

ehondaPage1frame005:
  db 038h,04Eh,064h,039h
  db 07Ch
  db 069h,038h,029h,065h,03Bh
  db 000h,000h
  db 000h,000h
  dw 00180h,base+00009h
  dw 0017Eh,base+0018Bh
  dw 0047Fh,base+005A4h
  dw 00581h,base+038C6h
  dw 0057Fh,base+038CBh
  dw 00680h,base+033E0h
  dw 00680h,base+031ADh
  dw 00880h,base+0354Bh
  dw 00A80h,base+03336h
  dw 00B80h,base+031C3h
  dw 00C80h,base+0300Bh
  dw 00C80h,base+03017h
  dw 00D80h,base+02E41h
  dw 00D80h,base+02E4Eh
  dw 00D7Fh,base+02E5Bh
  dw 00F80h,base+02A7Dh
  dw 00F7Fh,base+02A8Ch
  dw 01080h,base+028A7h
  dw 01080h,base+028B7h
  dw 01080h,base+028C7h
  dw 01080h,base+028D7h
  dw 01080h,base+028E7h
  dw 01180h,base+0247Eh
  dw 01180h,base+0248Fh
  dw 01180h,base+024A0h
  dw 01180h,base+024B1h
  dw 0127Fh,base+02141h
  dw 01480h,base+01B1Dh
  dw 01480h,base+01B31h
  dw 01480h,base+01B45h
  dw 0157Fh,base+017C9h
  dw 01680h,base+013F1h
  dw 01680h,base+01407h
  dw 01680h,base+0141Dh
  dw 0177Fh,base+01177h
  dw 01880h,base+00F57h
  dw 01880h,base+00F6Fh
  dw 0187Fh,base+00F87h
  dw 01980h,base+00B5Dh
  dw 01980h,base+00B76h
  dw 01980h,base+00B8Fh
  dw 01980h,base+00BA8h
  dw 01980h,base+00BC1h
  dw 0197Eh,base+00BDAh
  dw 01B7Fh,base+0057Eh
  dw 01C80h,base+0027Bh
  dw 01C80h,base+00297h
  dw 01C80h,base+002B3h
  dw 00405h,base+03B42h
  dw 0177Bh,base+0118Eh
  dw 00406h,base+03B46h
  dw 0167Ah,base+01433h
  dw 00406h,base+03B4Ah
  dw 0167Ah,base+01449h
  dw 00306h,base+03BC7h
  dw 0157Bh,base+017DEh
  dw 00206h,base+0008Bh
  dw 0137Ah,base+01ED3h
  dw 00106h,base+00009h
  dw 01180h,base+024C2h
  dw 00708h,base+03667h
  dw 00979h,base+033F2h
  dw 00607h,base+037CAh
  dw 00979h,base+033FBh
  dw 00405h,base+018C5h
  dw 00102h,base+00009h
  dw 00979h,base+03404h
  dw 00405h,base+00995h
  dw 00102h,base+00009h
  dw 0087Ah,base+03553h
  dw 00306h,base+00EC9h
  dw 00204h,base+0002Ah
  dw 00476h,base+008F9h
  dw 0030Ah,base+0097Ch
  dw 00476h,base+03B4Eh
  dw 0030Ah,base+0097Ch
  dw 00376h,base+033B0h
  dw 0030Ah,base+03CD1h
  dw 00376h,base+014B9h
  dw 0030Ah,base+03CD4h
  dw 00375h,base+0189Bh
  dw 0050Bh,base+0395Ch
  dw 00374h,base+01886h
  dw 0060Ch,base+037D0h
  dw 00373h,base+01886h
  dw 0070Dh,base+03613h
  dw 00372h,base+00870h
  dw 0080Dh,base+0351Bh
  dw 00473h,base+03B52h
  dw 0080Dh,base+03523h
  dw 00473h,base+03B56h
  dw 0070Dh,base+0361Ah
  dw 00475h,base+03B5Ah
  dw 0020Bh,base+00029h
  dw 00480h,base+011EBh
  dw 00480h,base+00D4Ah
  dw 00480h,base+03B5Eh
  dw 00480h,base+03B62h
  dw 00580h,base+03961h
  dw 00580h,base+03966h
  dw 00580h,base+0396Bh
  dw 00580h,base+03970h
  dw 00400h,base+03B66h

ehondaPage1frame006:
  db 03Ah,04Ch,064h,03Bh
  db 07Ch
  db 06Bh,0FFh,029h,09Fh,001h
  db 000h,000h
  db 000h,000h
  dw 0027Eh,base+0006Ch
  dw 00480h,base+0024Fh
  dw 00480h,base+01C59h
  dw 00680h,base+03354h
  dw 00680h,base+031E4h
  dw 00680h,base+031EFh
  dw 0057Fh,base+03053h
  dw 00980h,base+0340Dh
  dw 00A80h,base+03340h
  dw 00C80h,base+03023h
  dw 00C81h,base+0302Fh
  dw 00C80h,base+0303Bh
  dw 00C80h,base+03047h
  dw 00D80h,base+02E68h
  dw 00D7Fh,base+02E75h
  dw 00E7Fh,base+02C3Ah
  dw 00F80h,base+02A9Bh
  dw 00F80h,base+02AAAh
  dw 01080h,base+028F7h
  dw 0107Fh,base+02907h
  dw 01180h,base+024D3h
  dw 01180h,base+024E4h
  dw 01280h,base+02153h
  dw 01280h,base+02165h
  dw 01280h,base+02177h
  dw 01380h,base+01EE6h
  dw 01380h,base+01EF9h
  dw 0137Fh,base+01F0Ch
  dw 01580h,base+017F3h
  dw 01580h,base+01808h
  dw 01580h,base+0181Dh
  dw 01680h,base+0145Fh
  dw 01680h,base+01475h
  dw 0167Fh,base+0148Bh
  dw 01880h,base+00F9Fh
  dw 0187Fh,base+00FB7h
  dw 01980h,base+00BF3h
  dw 01980h,base+00C0Ch
  dw 01980h,base+00C25h
  dw 01980h,base+00C3Eh
  dw 01980h,base+00C57h
  dw 0197Fh,base+00C70h
  dw 01A80h,base+007DFh
  dw 01A80h,base+007F9h
  dw 01A7Fh,base+00813h
  dw 01B7Fh,base+00599h
  dw 01C80h,base+002CFh
  dw 00506h,base+01018h
  dw 01679h,base+014A1h
  dw 00507h,base+03975h
  dw 01679h,base+014B7h
  dw 00507h,base+0397Ah
  dw 01112h,base+024F5h
  dw 00267h,base+0001Fh
  dw 00508h,base+0397Fh
  dw 00F11h,base+02AB9h
  dw 00267h,base+0001Fh
  dw 00508h,base+0254Ah
  dw 00F11h,base+02AC8h
  dw 00267h,base+0001Fh
  dw 00409h,base+03B6Ah
  dw 00E78h,base+02C48h
  dw 00309h,base+00184h
  dw 00D77h,base+02E82h
  dw 00209h,base+00AD2h
  dw 00D81h,base+02E8Fh
  dw 00B80h,base+031CEh
  dw 00B81h,base+031D9h
  dw 00A80h,base+0334Ah
  dw 00406h,base+031CEh
  dw 0037Ah,base+00042h
  dw 00406h,base+01E3Bh
  dw 00379h,base+00042h
  dw 00407h,base+03B6Eh
  dw 00379h,base+03CD7h
  dw 00407h,base+017B4h
  dw 00377h,base+02280h
  dw 00709h,base+0366Eh
  dw 00377h,base+00249h
  dw 00709h,base+03613h
  dw 00376h,base+00097h
  dw 00809h,base+0351Bh
  dw 00477h,base+01084h
  dw 00809h,base+03523h
  dw 00477h,base+00813h
  dw 00709h,base+0361Ah
  dw 00479h,base+03B72h
  dw 00207h,base+00029h
  dw 00480h,base+02AF5h
  dw 0047Fh,base+00B87h
  dw 00580h,base+03984h
  dw 00580h,base+03989h
  dw 00581h,base+0398Eh
  dw 00480h,base+03B76h
  dw 00480h,base+03B7Ah
  dw 00480h,base+03B7Eh
  dw 00400h,base+03B82h

ehondaPage1frame007:
  db 036h,03Ch,064h,04Bh
  db 072h
  db 06Ah,02Ch,014h,065h,036h
  db 000h,000h
  db 000h,000h
  dw 0027Eh,base+0006Ch
  dw 00480h,base+0024Fh
  dw 00880h,base+0355Bh
  dw 00A80h,base+03354h
  dw 00B80h,base+031E4h
  dw 00B80h,base+031EFh
  dw 00C7Fh,base+03053h
  dw 00E80h,base+02C56h
  dw 01180h,base+02506h
  dw 01280h,base+02189h
  dw 01281h,base+0219Bh
  dw 01280h,base+021ADh
  dw 01280h,base+021BFh
  dw 0137Fh,base+01F1Fh
  dw 01480h,base+01B59h
  dw 01480h,base+01B6Dh
  dw 01580h,base+01832h
  dw 0157Fh,base+01847h
  dw 0167Fh,base+014CDh
  dw 01880h,base+00FCFh
  dw 0187Fh,base+00FE7h
  dw 01980h,base+00C89h
  dw 01980h,base+00CA2h
  dw 01980h,base+00CBBh
  dw 01980h,base+00CD4h
  dw 01A80h,base+0082Dh
  dw 01A81h,base+00847h
  dw 01980h,base+00CEDh
  dw 01980h,base+00D06h
  dw 01780h,base+011A5h
  dw 01780h,base+011BCh
  dw 01780h,base+011D3h
  dw 01781h,base+011EAh
  dw 01680h,base+014E3h
  dw 0167Fh,base+014F9h
  dw 0177Fh,base+01201h
  dw 01880h,base+00FFFh
  dw 00607h,base+037D6h
  dw 01178h,base+02517h
  dw 00709h,base+00D6Ah
  dw 01077h,base+02917h
  dw 00709h,base+03675h
  dw 01077h,base+02927h
  dw 0070Ah,base+0367Ch
  dw 00F76h,base+02AD7h
  dw 0070Ah,base+03683h
  dw 00F76h,base+02AE6h
  dw 0080Ah,base+03563h
  dw 0090Ah,base+03416h
  dw 0056Dh,base+03993h
  dw 00304h,base+03CDAh
  dw 00305h,base+0013Fh
  dw 0090Bh,base+0341Fh
  dw 0046Ch,base+0247Ch
  dw 00204h,base+000C8h
  dw 00306h,base+0171Fh
  dw 0080Ah,base+0356Bh
  dw 0046Fh,base+037C3h
  dw 00407h,base+03B86h
  dw 0070Bh,base+0368Ah
  dw 0036Dh,base+01084h
  dw 00608h,base+037DCh
  dw 0070Bh,base+03691h
  dw 0036Ch,base+00001h
  dw 0070Ah,base+03698h
  dw 0060Bh,base+01F91h
  dw 0026Ah,base+00002h
  dw 0080Bh,base+03573h
  dw 00102h,base+00009h
  dw 00309h,base+0066Fh
  dw 0036Ah,base+00514h
  dw 0080Bh,base+0357Bh
  dw 00103h,base+00009h
  dw 00108h,base+00009h
  dw 0036Ah,base+03020h
  dw 0070Eh,base+0369Fh
  dw 00108h,base+00009h
  dw 0036Ch,base+0189Bh
  dw 00213h,base+00030h
  dw 00480h,base+03B2Eh
  dw 00480h,base+03B8Ah
  dw 00580h,base+01802h
  dw 00581h,base+03989h
  dw 00480h,base+03B8Eh
  dw 00480h,base+03B92h
  dw 00480h,base+03B96h
  dw 00481h,base+03B9Ah
  dw 00200h,base+000C4h

ehondaPage1frame008:
  db 036h,050h,068h,035h
  db 07Ah
  db 06Dh,031h,026h,06Dh,02Fh
  db 000h,000h
  db 000h,000h
  dw 00180h,base+00009h
  dw 0017Eh,base+0018Bh
  dw 0047Fh,base+005A4h
  dw 00581h,base+038C6h
  dw 0057Fh,base+038CBh
  dw 00680h,base+033E0h
  dw 00680h,base+031ADh
  dw 00680h,base+02FC3h
  dw 00980h,base+03428h
  dw 00A80h,base+0335Eh
  dw 00B80h,base+031FAh
  dw 00C80h,base+0305Fh
  dw 00C80h,base+0306Bh
  dw 00D80h,base+02E9Ch
  dw 00D80h,base+02EA9h
  dw 00D7Fh,base+02EB6h
  dw 01180h,base+02528h
  dw 01280h,base+021D1h
  dw 01280h,base+021E3h
  dw 01380h,base+01F32h
  dw 01380h,base+01F45h
  dw 01480h,base+01B81h
  dw 01480h,base+01B95h
  dw 01480h,base+01BA9h
  dw 01480h,base+01BBDh
  dw 01480h,base+01BD1h
  dw 01580h,base+0185Ch
  dw 01580h,base+01871h
  dw 01580h,base+01886h
  dw 01580h,base+0189Bh
  dw 01580h,base+018B0h
  dw 0157Fh,base+018C5h
  dw 01680h,base+0150Fh
  dw 01780h,base+01218h
  dw 01780h,base+0122Fh
  dw 0177Fh,base+01246h
  dw 01880h,base+01017h
  dw 01880h,base+0102Fh
  dw 0187Fh,base+01047h
  dw 0197Fh,base+00D1Fh
  dw 01A80h,base+00861h
  dw 01A7Fh,base+0087Bh
  dw 01B80h,base+005B4h
  dw 01B80h,base+005CFh
  dw 01B80h,base+005EAh
  dw 01980h,base+00D38h
  dw 01981h,base+00D51h
  dw 00B0Ch,base+03205h
  dw 00C74h,base+03077h
  dw 00B0Ch,base+03210h
  dw 00B75h,base+0321Bh
  dw 00102h,base+00009h
  dw 00809h,base+03583h
  dw 00B77h,base+03226h
  dw 00709h,base+036A6h
  dw 00304h,base+000C0h
  dw 00673h,base+037E2h
  dw 00709h,base+036ADh
  dw 00204h,base+0001Fh
  dw 00773h,base+036B4h
  dw 0080Dh,base+0358Bh
  dw 00773h,base+036BBh
  dw 0080Eh,base+03593h
  dw 00672h,base+037E8h
  dw 0080Eh,base+0359Bh
  dw 00673h,base+037EEh
  dw 0070Dh,base+036C2h
  dw 00673h,base+037F4h
  dw 0080Dh,base+035A3h
  dw 00674h,base+037FAh
  dw 0080Ch,base+035ABh
  dw 00575h,base+03998h
  dw 0080Ch,base+035B3h
  dw 00476h,base+039C1h
  dw 0060Ah,base+03800h
  dw 00477h,base+03B9Eh
  dw 00509h,base+0399Dh
  dw 00477h,base+018B0h
  dw 00509h,base+039A2h
  dw 00378h,base+00B4Bh
  dw 00409h,base+03614h
  dw 00277h,base+000B7h
  dw 00409h,base+03BA2h
  dw 00377h,base+0395Eh
  dw 00409h,base+01132h
  dw 00377h,base+00FE9h
  dw 00309h,base+003DAh
  dw 00377h,base+03CDDh
  dw 00309h,base+0035Eh
  dw 00478h,base+010D6h
  dw 00208h,base+000B7h
  dw 00478h,base+03BA6h
  dw 00208h,base+0077Ah
  dw 00478h,base+03BAAh
  dw 00208h,base+00002h
  dw 00478h,base+03BAEh
  dw 00208h,base+00002h
  dw 00478h,base+03BB2h
  dw 00208h,base+00A7Ch
  dw 00478h,base+00F10h
  dw 00208h,base+00AB0h
  dw 00478h,base+03BB6h
  dw 00208h,base+00028h
  dw 00477h,base+03BB6h
  dw 00209h,base+00E8Bh
  dw 00477h,base+033CCh
  dw 00209h,base+000E2h
  dw 00477h,base+01047h
  dw 00109h,base+00001h
  dw 00480h,base+01047h
  dw 00480h,base+03BBAh
  dw 00480h,base+03BBEh
  dw 00400h,base+03BC2h

ehondaPage1frame009:
  db 036h,037h,06Ah,03Ah
  db 078h
  db 070h,02Fh,020h,070h,034h
  db 000h,000h
  db 000h,000h
  dw 0027Eh,base+0006Ch
  dw 00480h,base+0024Fh
  dw 00880h,base+0355Bh
  dw 00A80h,base+03354h
  dw 00B80h,base+031E4h
  dw 00B80h,base+031EFh
  dw 00C7Fh,base+03053h
  dw 00E80h,base+02C56h
  dw 01180h,base+02506h
  dw 01280h,base+02189h
  dw 01281h,base+0219Bh
  dw 01280h,base+021ADh
  dw 01280h,base+021BFh
  dw 0137Fh,base+01F1Fh
  dw 01480h,base+01B59h
  dw 01480h,base+01BE5h
  dw 01580h,base+018DAh
  dw 01580h,base+018EFh
  dw 01580h,base+01904h
  dw 01580h,base+01919h
  dw 01680h,base+01525h
  dw 01680h,base+0153Bh
  dw 01681h,base+01551h
  dw 01580h,base+0192Eh
  dw 01680h,base+01567h
  dw 01680h,base+0157Dh
  dw 01680h,base+01593h
  dw 0167Fh,base+015A9h
  dw 01680h,base+015BFh
  dw 01580h,base+01943h
  dw 01580h,base+01958h
  dw 01580h,base+0196Dh
  dw 0157Fh,base+01982h
  dw 01580h,base+01997h
  dw 00B0Ch,base+03231h
  dw 00973h,base+03431h
  dw 0177Fh,base+0125Dh
  dw 01880h,base+0105Fh
  dw 0187Fh,base+01077h
  dw 01980h,base+00D6Ah
  dw 01980h,base+00D83h
  dw 01112h,base+02539h
  dw 0076Eh,base+036C9h
  dw 01113h,base+0254Ah
  dw 0066Dh,base+03806h
  dw 01113h,base+0255Bh
  dw 0066Eh,base+0380Ch
  dw 00304h,base+03CDAh
  dw 00608h,base+03812h
  dw 00406h,base+03422h
  dw 0066Eh,base+03818h
  dw 00205h,base+000C8h
  dw 00407h,base+007D0h
  dw 00307h,base+0356Dh
  dw 00573h,base+039A7h
  dw 00206h,base+00030h
  dw 00308h,base+03105h
  dw 00478h,base+03BC6h
  dw 00308h,base+03693h
  dw 00478h,base+006E6h
  dw 00308h,base+0015Fh
  dw 00479h,base+03BCAh
  dw 00208h,base+00012h
  dw 00378h,base+00087h
  dw 00208h,base+00088h
  dw 00378h,base+00A3Ch
  dw 00208h,base+00075h
  dw 00378h,base+009C1h
  dw 00207h,base+00013h
  dw 00479h,base+03BCEh
  dw 00107h,base+00008h
  dw 00479h,base+03BD2h
  dw 00107h,base+00008h
  dw 00480h,base+03BD6h
  dw 00300h,base+00F40h

ehondaPage1frame010:
  db 046h,07Bh,056h,00Bh
  db 064h
  db 059h,038h,03Fh,06Ah,032h
  db 000h,000h
  db 000h,000h
  dw 0017Fh,base+0000Eh
  dw 00380h,base+03CE0h
  dw 00380h,base+0396Eh
  dw 00381h,base+03CE3h
  dw 00280h,base+03D3Dh
  dw 00280h,base+02446h
  dw 0027Fh,base+02A38h
  dw 00480h,base+03BDAh
  dw 00480h,base+03BDEh
  dw 00480h,base+03BE2h
  dw 00480h,base+03BE6h
  dw 0047Ch,base+03BEAh
  dw 00105h,base+00001h
  dw 0037Bh,base+00979h
  dw 00105h,base+0000Eh
  dw 0037Ah,base+006C1h
  dw 00206h,base+00469h
  dw 0047Ah,base+03B52h
  dw 00307h,base+03CE6h
  dw 00379h,base+03CE9h
  dw 00307h,base+03CECh
  dw 00478h,base+03BEEh
  dw 00409h,base+03BF2h
  dw 00378h,base+012C8h
  dw 00308h,base+03CEFh
  dw 00478h,base+03BF6h
  dw 00308h,base+03CF2h
  dw 00478h,base+03BFAh
  dw 00308h,base+03C03h
  dw 00477h,base+03BFEh
  dw 00409h,base+03C02h
  dw 00477h,base+03C06h
  dw 00409h,base+03C0Ah
  dw 00477h,base+03C0Eh
  dw 00309h,base+03CF5h
  dw 00577h,base+010E4h
  dw 00309h,base+03CF5h
  dw 00577h,base+039ACh
  dw 0030Ah,base+01084h
  dw 00477h,base+039B7h
  dw 00309h,base+03C67h
  dw 00577h,base+039B1h
  dw 00309h,base+0003Ah
  dw 00577h,base+039B6h
  dw 00409h,base+03C12h
  dw 00577h,base+039BBh
  dw 00508h,base+039C0h
  dw 00779h,base+036D0h
  dw 00406h,base+03C16h
  dw 0097Ah,base+0343Ah
  dw 00506h,base+039C5h
  dw 0097Ah,base+03443h
  dw 00506h,base+00F4Dh
  dw 0097Ah,base+0344Ch
  dw 00507h,base+039CAh
  dw 00979h,base+03455h
  dw 00607h,base+0381Eh
  dw 0097Ah,base+0345Eh
  dw 00F80h,base+02AF5h
  dw 00F80h,base+02B04h
  dw 00F81h,base+02B13h
  dw 00F80h,base+02B22h
  dw 00F81h,base+02B31h
  dw 00E80h,base+02C64h
  dw 00F81h,base+02B40h
  dw 00E80h,base+02C72h
  dw 00E80h,base+02C80h
  dw 00E81h,base+02C8Eh
  dw 00E80h,base+02C9Ch
  dw 00E80h,base+02CAAh
  dw 00E81h,base+02CB8h
  dw 00E80h,base+02CC6h
  dw 00E81h,base+02CD4h
  dw 00E81h,base+02CE2h
  dw 00D80h,base+02EC3h
  dw 00D80h,base+02ED0h
  dw 00D0Eh,base+02EDDh
  dw 00473h,base+00090h
  dw 01180h,base+0256Ch
  dw 01180h,base+0257Dh
  dw 01181h,base+0258Eh
  dw 01180h,base+0259Fh
  dw 01280h,base+021F5h
  dw 01480h,base+01BF9h
  dw 01480h,base+01C0Dh
  dw 01480h,base+01C21h
  dw 01480h,base+01C35h
  dw 01480h,base+01C49h
  dw 0147Eh,base+01C5Dh
  dw 00102h,base+00009h
  dw 0147Eh,base+01C71h
  dw 01680h,base+015D5h
  dw 01680h,base+015EBh
  dw 01680h,base+01601h
  dw 01680h,base+01617h
  dw 01680h,base+0162Dh
  dw 0157Fh,base+019ACh
  dw 0167Fh,base+01643h
  dw 01780h,base+01274h
  dw 01680h,base+01659h
  dw 01680h,base+0166Fh
  dw 01680h,base+01685h
  dw 01680h,base+0169Bh
  dw 01580h,base+019C1h
  dw 01480h,base+01C85h
  dw 01480h,base+01C99h
  dw 01380h,base+01F58h
  dw 01380h,base+01F6Bh
  dw 01480h,base+01CADh
  dw 01480h,base+01CC1h
  dw 01481h,base+01CD5h
  dw 0080Ch,base+035BBh
  dw 00774h,base+036D7h
  dw 0060Dh,base+0189Eh
  dw 00673h,base+03824h
  dw 0070Dh,base+036DEh
  dw 00673h,base+0382Ah
  dw 0070Dh,base+036E5h
  dw 00774h,base+036ECh
  dw 0060Ch,base+03830h
  dw 00874h,base+035C3h
  dw 0060Dh,base+03836h
  dw 00773h,base+036F3h
  dw 0060Eh,base+0383Ch
  dw 00773h,base+036FAh
  dw 0050Dh,base+039CFh
  dw 00873h,base+035CBh
  dw 0050Dh,base+039D4h
  dw 00873h,base+035D3h
  dw 0050Dh,base+039D9h
  dw 00873h,base+035DBh
  dw 0050Eh,base+039DEh
  dw 00773h,base+03701h
  dw 0050Dh,base+039E3h
  dw 00773h,base+03708h
  dw 0060Eh,base+03842h
  dw 00673h,base+03848h
  dw 0060Dh,base+0384Eh
  dw 00673h,base+03854h
  dw 0060Eh,base+0385Ah
  dw 00573h,base+039E8h
  dw 0050Dh,base+039EDh
  dw 00573h,base+039F2h
  dw 0050Dh,base+039F7h
  dw 00574h,base+039FCh
  dw 0040Ch,base+03C1Ah
  dw 00674h,base+03860h
  dw 0040Dh,base+01237h
  dw 00673h,base+03866h
  dw 0040Dh,base+03C1Eh
  dw 00674h,base+0386Ch
  dw 0030Dh,base+0003Ah
  dw 00673h,base+03872h
  dw 0040Dh,base+00F42h
  dw 00674h,base+03878h
  dw 0030Dh,base+002CFh
  dw 00573h,base+03A01h
  dw 0030Dh,base+03C12h
  dw 00574h,base+03A06h
  dw 0020Dh,base+000B7h
  dw 00373h,base+00051h
  dw 0020Dh,base+008C4h
  dw 00374h,base+00318h
  dw 0010Ch,base+00038h
  dw 00474h,base+03C22h
  dw 0010Ch,base+00001h
  dw 00474h,base+03C26h
  dw 0010Dh,base+0000Dh
  dw 00380h,base+03CF8h
  dw 00380h,base+03CF8h
  dw 00380h,base+00616h
  dw 00380h,base+002C5h
  dw 00380h,base+03CFBh
  dw 00380h,base+03CFBh
  dw 00380h,base+03AF6h
  dw 00380h,base+03CFEh
  dw 00200h,base+00030h

ehondaPage1frame011:
  db 03Ch,041h,062h,026h
  db 088h
  db 062h,038h,021h,061h,03Fh
  db 000h,000h
  db 000h,000h
  dw 00180h,base+00009h
  dw 0017Dh,base+00009h
  dw 00102h,base+00009h
  dw 0027Ch,base+000CFh
  dw 00304h,base+000C0h
  dw 0037Ch,base+000EDh
  dw 00304h,base+000C0h
  dw 0037Ch,base+00427h
  dw 00780h,base+010B7h
  dw 00780h,base+0370Fh
  dw 0070Ch,base+03716h
  dw 00173h,base+0003Ah
  dw 0080Dh,base+035E3h
  dw 00273h,base+00E8Bh
  dw 0090Dh,base+03467h
  dw 00272h,base+03CE4h
  dw 00A0Dh,base+03368h
  dw 00373h,base+03D01h
  dw 00B0Dh,base+0323Ch
  dw 00373h,base+0035Bh
  dw 00B0Dh,base+03247h
  dw 00373h,base+01A7Dh
  dw 00A0Dh,base+03372h
  dw 0036Fh,base+01886h
  dw 00E0Fh,base+02CF0h
  dw 0056Fh,base+03A0Bh
  dw 00F11h,base+02B4Fh
  dw 0056Eh,base+036D2h
  dw 01012h,base+02937h
  dw 0056Eh,base+03A10h
  dw 01012h,base+02947h
  dw 0056Dh,base+03A15h
  dw 01113h,base+025B0h
  dw 0046Dh,base+03C2Ah
  dw 01113h,base+025C1h
  dw 0046Ch,base+03C2Eh
  dw 01214h,base+02207h
  dw 0046Bh,base+03C32h
  dw 01415h,base+01CE9h
  dw 0046Bh,base+03C36h
  dw 01415h,base+01CFDh
  dw 0046Ah,base+03C3Ah
  dw 01A80h,base+00895h
  dw 01A80h,base+008AFh
  dw 0197Fh,base+00D9Ch
  dw 01A80h,base+008C9h
  dw 01A80h,base+008E3h
  dw 01A80h,base+008FDh
  dw 01A80h,base+00917h
  dw 01A80h,base+00931h
  dw 01A80h,base+0094Bh
  dw 01980h,base+00DB5h
  dw 01980h,base+00DCEh
  dw 0191Bh,base+00DE7h
  dw 00365h,base+0068Fh
  dw 01E81h,base+00179h
  dw 01D80h,base+001B4h
  dw 01D80h,base+001D1h
  dw 01C80h,base+002EBh
  dw 01C80h,base+00307h
  dw 01B80h,base+00605h
  dw 01B7Fh,base+00620h
  dw 01B80h,base+0063Bh
  dw 01A80h,base+00965h
  dw 01A80h,base+0097Fh
  dw 01980h,base+00E00h
  dw 00607h,base+0387Eh
  dw 01279h,base+02219h
  dw 00608h,base+03884h
  dw 01079h,base+02957h
  dw 00507h,base+03A1Ah
  dw 00F78h,base+02B5Eh
  dw 00509h,base+03A1Fh
  dw 00E77h,base+02CFEh
  dw 0050Ah,base+03A24h
  dw 00C76h,base+03083h
  dw 00102h,base+00009h
  dw 00208h,base+0164Fh
  dw 00B79h,base+03252h
  dw 00107h,base+00009h
  dw 00B81h,base+0325Dh
  dw 00980h,base+03470h
  dw 00981h,base+03479h
  dw 00781h,base+0371Dh
  dw 00681h,base+0388Ah
  dw 00581h,base+03A29h
  dw 00480h,base+03C3Eh
  dw 00480h,base+02CCAh
  dw 00480h,base+03C42h
  dw 00481h,base+03C46h
  dw 00280h,base+03D3Fh
  dw 00180h,base+00036h
  dw 00200h,base+0043Ah

ehondaPage1frame012:
  db 030h,044h,066h,025h
  db 080h
  db 067h,031h,021h,069h,02Dh
  db 000h,000h
  db 000h,000h
  dw 00280h,base+007E4h
  dw 0027Fh,base+0237Dh
  dw 00380h,base+00273h
  dw 00480h,base+03C4Ah
  dw 00480h,base+02C4Fh
  dw 00580h,base+03A2Eh
  dw 00580h,base+03A33h
  dw 00580h,base+03A38h
  dw 00578h,base+03A3Dh
  dw 00208h,base+0001Fh
  dw 00677h,base+03890h
  dw 0030Ah,base+000C0h
  dw 00576h,base+0225Ch
  dw 0040Ah,base+006E0h
  dw 00575h,base+03A42h
  dw 00507h,base+01A15h
  dw 00204h,base+000CFh
  dw 00575h,base+03A47h
  dw 00507h,base+03A4Ch
  dw 00204h,base+002A6h
  dw 00675h,base+03896h
  dw 0090Ah,base+03482h
  dw 00775h,base+03724h
  dw 01280h,base+0222Bh
  dw 01380h,base+01F7Eh
  dw 01381h,base+01F91h
  dw 01280h,base+0223Dh
  dw 01281h,base+0224Fh
  dw 0117Fh,base+025D2h
  dw 01380h,base+01FA4h
  dw 0137Fh,base+01FB7h
  dw 01480h,base+01D11h
  dw 0157Fh,base+019D6h
  dw 01681h,base+016B1h
  dw 01681h,base+016C7h
  dw 01680h,base+016DDh
  dw 01680h,base+016F3h
  dw 01680h,base+01709h
  dw 01580h,base+019EBh
  dw 01580h,base+01A00h
  dw 00102h,base+00009h
  dw 01381h,base+01FCAh
  dw 01180h,base+025E3h
  dw 01180h,base+025F4h
  dw 01180h,base+02605h
  dw 01180h,base+02616h
  dw 01180h,base+02627h
  dw 01180h,base+02638h
  dw 01180h,base+02649h
  dw 01080h,base+02967h
  dw 01080h,base+02977h
  dw 01080h,base+02987h
  dw 01080h,base+02997h
  dw 00F80h,base+02B6Dh
  dw 00F80h,base+02B7Ch
  dw 00F80h,base+02B8Bh
  dw 00E81h,base+02D0Ch
  dw 00D80h,base+02EEAh
  dw 00C80h,base+0308Fh
  dw 00C80h,base+0309Bh
  dw 00B80h,base+03268h
  dw 00C80h,base+030A7h
  dw 00D80h,base+02EF7h
  dw 00D81h,base+02F04h
  dw 00C80h,base+030B3h
  dw 00C80h,base+030BFh
  dw 00C80h,base+030CBh
  dw 00C81h,base+030D7h
  dw 00C80h,base+030E3h
  dw 00C81h,base+030EFh
  dw 00B81h,base+03273h
  dw 00981h,base+0348Bh
  dw 00304h,base+00030h
  dw 00480h,base+03C4Eh
  dw 00480h,base+0001Dh
  dw 00480h,base+01500h
  dw 00102h,base+00009h
  dw 00280h,base+0001Fh
  dw 00100h,base+00009h

ehondaPage1frame013:
  db 042h,04Bh,05Ah,01Fh
  db 072h
  db 05Ah,039h,021h,060h,038h
  db 000h,000h
  db 000h,000h
  dw 00380h,base+01F3Fh
  dw 00280h,base+00001h
  dw 0027Fh,base+00469h
  dw 00380h,base+003E7h
  dw 00380h,base+006F5h
  dw 00380h,base+03D04h
  dw 00380h,base+03D07h
  dw 0037Fh,base+0242Ah
  dw 00407h,base+03C52h
  dw 00179h,base+00000h
  dw 00407h,base+021CAh
  dw 00178h,base+00003h
  dw 00508h,base+03A51h
  dw 00170h,base+0000Eh
  dw 00108h,base+0000Dh
  dw 00507h,base+03A56h
  dw 00171h,base+00018h
  dw 00108h,base+00036h
  dw 00978h,base+03494h
  dw 00108h,base+00000h
  dw 00A78h,base+0337Ch
  dw 00108h,base+00001h
  dw 00A78h,base+03386h
  dw 00109h,base+00018h
  dw 00976h,base+0349Dh
  dw 0030Ah,base+00B2Ah
  dw 00976h,base+034A6h
  dw 0030Ch,base+03D0Ah
  dw 00874h,base+035EBh
  dw 0030Ch,base+0047Fh
  dw 00874h,base+035F3h
  dw 0030Ch,base+02DDDh
  dw 00974h,base+034AFh
  dw 0030Ch,base+03D0Dh
  dw 00974h,base+034B8h
  dw 0040Ch,base+03C56h
  dw 00975h,base+034C1h
  dw 00309h,base+019FAh
  dw 00B77h,base+0327Eh
  dw 00308h,base+010CEh
  dw 00C78h,base+030FBh
  dw 01480h,base+01D25h
  dw 00C0Eh,base+03107h
  dw 00671h,base+0389Ch
  dw 00E0Fh,base+02D1Ah
  dw 00671h,base+038A2h
  dw 00E0Fh,base+02D28h
  dw 00771h,base+0372Bh
  dw 00E0Fh,base+02D36h
  dw 00771h,base+03732h
  dw 00E0Fh,base+02D44h
  dw 00771h,base+03739h
  dw 01680h,base+0171Fh
  dw 00304h,base+00993h
  dw 0137Dh,base+01FDDh
  dw 00104h,base+00001h
  dw 01280h,base+02261h
  dw 01281h,base+02273h
  dw 01181h,base+0265Ah
  dw 01182h,base+0266Bh
  dw 0107Fh,base+029A7h
  dw 01115h,base+0267Ch
  dw 0016Ah,base+00009h
  dw 01214h,base+02285h
  dw 0046Ch,base+001C2h
  dw 01314h,base+01FF0h
  dw 0046Bh,base+03C5Ah
  dw 01980h,base+00E19h
  dw 0197Fh,base+00E32h
  dw 01A80h,base+00999h
  dw 01B80h,base+00656h
  dw 01C80h,base+00323h
  dw 01C80h,base+0033Fh
  dw 0191Ah,base+00E4Bh
  dw 00166h,base+00009h
  dw 01B80h,base+00671h
  dw 01980h,base+00E64h
  dw 01980h,base+00E7Dh
  dw 01980h,base+00E96h
  dw 01A80h,base+009B3h
  dw 01718h,base+0128Bh
  dw 00168h,base+00009h
  dw 01780h,base+012A2h
  dw 01780h,base+012B9h
  dw 01781h,base+012D0h
  dw 01580h,base+01A15h
  dw 01581h,base+01A2Ah
  dw 01480h,base+01D39h
  dw 01380h,base+02003h
  dw 01381h,base+02016h
  dw 01180h,base+0268Dh
  dw 01180h,base+0269Eh
  dw 01080h,base+029B7h
  dw 00E81h,base+02D52h
  dw 00C80h,base+03113h
  dw 00780h,base+03740h
  dw 00781h,base+03747h
  dw 00581h,base+03A5Bh
  dw 00480h,base+03C5Eh
  dw 00381h,base+00250h
  dw 00280h,base+0001Fh
  dw 00280h,base+0001Fh
  dw 00180h,base+00009h
  dw 00100h,base+00009h

ehondaPage1frame014:
  db 042h,052h,05Eh,01Eh
  db 084h
  db 07Bh,0E8h,019h,0A0h,0FEh
  db 000h,000h
  db 000h,000h
  dw 0017Fh,base+00018h
  dw 00307h,base+03D10h
  dw 00179h,base+00008h
  dw 00307h,base+03D13h
  dw 00179h,base+00018h
  dw 00307h,base+03D16h
  dw 00103h,base+0007Ah
  dw 00177h,base+00008h
  dw 00206h,base+00045h
  dw 00103h,base+0000Fh
  dw 00176h,base+00018h
  dw 00307h,base+03D19h
  dw 00304h,base+03D1Ch
  dw 00175h,base+00001h
  dw 00307h,base+03D1Fh
  dw 00579h,base+03A60h
  dw 00307h,base+03D22h
  dw 00579h,base+03A65h
  dw 00306h,base+03D25h
  dw 00579h,base+03A6Ah
  dw 00407h,base+03C62h
  dw 00579h,base+03A6Fh
  dw 00407h,base+03C66h
  dw 00579h,base+03A74h
  dw 00307h,base+02CA1h
  dw 00679h,base+038A8h
  dw 00307h,base+002B4h
  dw 00579h,base+03A79h
  dw 00307h,base+00281h
  dw 0047Ah,base+03C6Ah
  dw 00206h,base+0000Dh
  dw 0037Ah,base+00249h
  dw 00306h,base+00382h
  dw 0037Ah,base+00097h
  dw 00305h,base+00382h
  dw 0047Bh,base+03C6Eh
  dw 00305h,base+00EAFh
  dw 0047Bh,base+03C72h
  dw 00405h,base+03C76h
  dw 0047Bh,base+03C7Ah
  dw 00405h,base+00F42h
  dw 0047Bh,base+03C7Eh
  dw 00980h,base+034CAh
  dw 0090Ah,base+034D3h
  dw 00177h,base+00009h
  dw 00A80h,base+03390h
  dw 00B0Ch,base+03289h
  dw 00174h,base+00009h
  dw 00D80h,base+02F11h
  dw 00D80h,base+02F1Eh
  dw 00C80h,base+0311Fh
  dw 00D80h,base+02F2Bh
  dw 00D81h,base+02F38h
  dw 00C80h,base+0312Bh
  dw 00C80h,base+03137h
  dw 00D7Dh,base+02F45h
  dw 00103h,base+00009h
  dw 00C7Dh,base+03143h
  dw 00104h,base+0002Eh
  dw 00B6Eh,base+03294h
  dw 0010Ah,base+00042h
  dw 00104h,base+00001h
  dw 00104h,base+0002Eh
  dw 00A6Eh,base+0339Ah
  dw 00109h,base+00042h
  dw 00304h,base+0002Fh
  dw 00305h,base+001A2h
  dw 00A6Dh,base+033A4h
  dw 0030Ah,base+03D28h
  dw 00304h,base+00193h
  dw 00306h,base+00427h
  dw 0096Ch,base+034DCh
  dw 00309h,base+03D2Bh
  dw 0080Bh,base+035FBh
  dw 0096Ch,base+034E5h
  dw 00308h,base+03D2Eh
  dw 00A0Ch,base+033AEh
  dw 0096Ch,base+034EEh
  dw 00307h,base+00779h
  dw 00C0Dh,base+0314Fh
  dw 0096Ch,base+034F7h
  dw 00306h,base+00793h
  dw 0177Ah,base+012E7h
  dw 00405h,base+03C82h
  dw 0187Bh,base+0108Fh
  dw 01D81h,base+001EEh
  dw 01C80h,base+0035Bh
  dw 01C80h,base+00377h
  dw 01C80h,base+00393h
  dw 01C80h,base+003AFh
  dw 01C80h,base+003CBh
  dw 01C80h,base+003E7h
  dw 01C80h,base+00403h
  dw 00406h,base+03C86h
  dw 00203h,base+003F3h
  dw 01378h,base+02029h
  dw 00209h,base+00030h
  dw 01277h,base+02297h
  dw 00209h,base+003F3h
  dw 01280h,base+022A9h
  dw 01180h,base+026AFh
  dw 01180h,base+026C0h
  dw 0117Dh,base+026D1h
  dw 01480h,base+01D4Dh
  dw 0137Fh,base+0203Ch
  dw 01480h,base+01D61h
  dw 01480h,base+01D75h
  dw 0147Fh,base+01D89h
  dw 01480h,base+01D9Dh
  dw 0147Fh,base+01DB1h
  dw 01480h,base+01DC5h
  dw 01480h,base+01DD9h
  dw 0137Fh,base+0204Fh
  dw 01580h,base+01A3Fh
  dw 0167Ah,base+01735h
  dw 00106h,base+00001h
  dw 0177Ah,base+012FEh
  dw 00105h,base+0000Eh
  dw 0187Bh,base+010A7h
  dw 01B1Dh,base+0068Ch
  dw 00163h,base+00009h
  dw 00B0Dh,base+0329Fh
  dw 00D73h,base+02F52h
  dw 00B0Eh,base+032AAh
  dw 00C72h,base+0315Bh
  dw 00B0Fh,base+032B5h
  dw 00B71h,base+032C0h
  dw 00A0Fh,base+033B8h
  dw 00B72h,base+032CBh
  dw 0080Eh,base+03603h
  dw 00B72h,base+032D6h
  dw 0050Fh,base+03A7Eh
  dw 00304h,base+03D31h
  dw 0066Eh,base+038AEh
  dw 0040Eh,base+03AEEh
  dw 00204h,base+0000Bh
  dw 0056Fh,base+03A83h
  dw 0030Dh,base+0189Bh
  dw 00204h,base+002B0h
  dw 0056Fh,base+03A88h
  dw 0030Eh,base+0097Ch
  dw 00104h,base+0002Bh
  dw 0036Eh,base+00BC8h
  dw 0030Eh,base+03D34h
  dw 00104h,base+0002Bh
  dw 0036Fh,base+0004Ch
  dw 00112h,base+00001h
  dw 00100h,base+00009h

ehondaPage1frame015:
  db 03Ch,044h,046h,041h
  db 05Ah
  db 047h,039h,022h,04Eh,03Eh
  db 000h,000h
  db 000h,000h
  dw 0027Fh,base+00030h
  dw 00480h,base+011DCh
  dw 0057Fh,base+03A8Dh
  dw 0077Fh,base+0374Eh
  dw 00980h,base+03500h
  dw 0097Fh,base+03509h
  dw 00B80h,base+032E1h
  dw 00B80h,base+032ECh
  dw 00C7Fh,base+03167h
  dw 00D7Fh,base+02F5Fh
  dw 00F80h,base+02B9Ah
  dw 00F80h,base+02BA9h
  dw 0107Fh,base+029C7h
  dw 01280h,base+022BBh
  dw 01280h,base+022CDh
  dw 01280h,base+022DFh
  dw 0137Fh,base+02062h
  dw 01480h,base+01DEDh
  dw 01480h,base+01E01h
  dw 01580h,base+01A54h
  dw 00607h,base+038B4h
  dw 00E78h,base+02D60h
  dw 00608h,base+038BAh
  dw 00F78h,base+02BB8h
  dw 00508h,base+03A92h
  dw 00F77h,base+02BC7h
  dw 00509h,base+03A97h
  dw 00F77h,base+02BD6h
  dw 00409h,base+03C8Ah
  dw 00F77h,base+02BE5h
  dw 00509h,base+03A9Ch
  dw 01077h,base+029D7h
  dw 00508h,base+03AA1h
  dw 01178h,base+026E2h
  dw 00508h,base+03AA6h
  dw 01178h,base+026F3h
  dw 00508h,base+03AABh
  dw 01178h,base+02704h
  dw 00508h,base+03AB0h
  dw 01178h,base+02715h
  dw 00408h,base+03C8Eh
  dw 01179h,base+02726h
  dw 00306h,base+03D37h
  dw 0127Ah,base+022F1h
  dw 00306h,base+00D82h
  dw 01380h,base+02075h
  dw 01380h,base+02088h
  dw 01380h,base+0209Bh
  dw 01380h,base+020AEh
  dw 01280h,base+02303h
  dw 01280h,base+02315h
  dw 01280h,base+02327h
  dw 0127Fh,base+02339h
  dw 0127Fh,base+0234Bh
  dw 01380h,base+020C1h
  dw 0137Fh,base+020D4h
  dw 00506h,base+00086h
  dw 00E7Ah,base+02D6Eh
  dw 00506h,base+03AB5h
  dw 00E7Ah,base+02D7Ch
  dw 00507h,base+03ABAh
  dw 00D79h,base+02F6Ch
  dw 00507h,base+03ABFh
  dw 00D79h,base+02F79h
  dw 00407h,base+03C92h
  dw 00E79h,base+02D8Ah
  dw 00408h,base+03C96h
  dw 00D78h,base+02F86h
  dw 00408h,base+03C9Ah
  dw 00405h,base+0366Fh
  dw 00873h,base+0360Bh
  dw 00409h,base+03C9Eh
  dw 00304h,base+000EAh
  dw 0090Bh,base+03512h
  dw 00168h,base+00001h
  dw 00409h,base+03CA2h
  dw 00405h,base+01D2Dh
  dw 00C72h,base+03173h
  dw 00409h,base+0349Ah
  dw 00405h,base+03CA6h
  dw 00C73h,base+0317Fh
  dw 00308h,base+03D3Ah
  dw 00405h,base+03CAAh
  dw 00C7Bh,base+0318Bh
  dw 00506h,base+03AC4h
  dw 00B79h,base+032F7h
  dw 00607h,base+038C0h
  dw 00B78h,base+03302h
  dw 00708h,base+03755h
  dw 00B78h,base+0330Dh
  dw 00709h,base+0375Ch
  dw 00A77h,base+033C2h
  dw 00709h,base+03763h
  dw 00A77h,base+033CCh
  dw 00304h,base+00030h
  dw 00205h,base+00030h
  dw 00A81h,base+033D6h
  dw 00305h,base+02271h
  dw 0047Bh,base+03CAEh
  dw 00205h,base+00030h
  dw 00480h,base+03CB2h
  dw 00480h,base+03CB6h
  dw 0047Fh,base+03CB6h
  dw 00580h,base+03AC9h
  dw 00480h,base+03CBAh
  dw 00480h,base+03CBEh
  dw 00300h,base+00030h


