  dw guilePage3frame000
  dw guilePage3frame001
  dw guilePage3frame002
  dw guilePage3frame003
  dw guilePage3frame004
  dw guilePage3frame005
  dw guilePage3frame006
  dw guilePage3frame007
  dw guilePage3frame008
  dw guilePage3frame009
  dw guilePage3frame010
  dw guilePage3frame011
  dw guilePage3frame012
  dw guilePage3frame013
  dw guilePage3frame014
  dw guilePage3frame015
  dw guilePage3frame016
  dw guilePage3frame017
  dw guilePage3frame018
  dw guilePage3frame019
  dw guilePage3frame020
  dw guilePage3frame021
  dw guilePage3frame022
  dw guilePage3frame023
  dw guilePage3frame024
  dw guilePage3frame025
  dw guilePage3frame026
  dw guilePage3frame027
  dw guilePage3frame028
  dw guilePage3frame029
  dw guilePage3frame030
  dw guilePage3frame031
  dw guilePage3frame032
  dw guilePage3frame033

guilePage3frame000:
  db 022h,035h,066h,04Fh
  db 078h
  db 068h,031h,01Bh,06Ah,031h
  db 000h,000h
  db 000h,000h
  dw 0047Fh,base+03BAFh
  dw 0067Fh,base+03682h
  dw 00781h,base+03310h
  dw 00680h,base+03688h
  dw 00681h,base+0368Eh
  dw 00580h,base+038DAh
  dw 00480h,base+03BB3h
  dw 00480h,base+03BB7h
  dw 0057Eh,base+038DFh
  dw 0077Eh,base+03317h
  dw 00B7Dh,base+02322h
  dw 00102h,base+00001h
  dw 00D7Dh,base+01A9Ch
  dw 01080h,base+01121h
  dw 0107Fh,base+01131h
  dw 01180h,base+00E24h
  dw 01180h,base+00E35h
  dw 01181h,base+00E46h
  dw 01082h,base+01141h
  dw 00102h,base+00001h
  dw 00C81h,base+01F62h
  dw 00B80h,base+0232Dh
  dw 00B80h,base+02338h
  dw 00B80h,base+02343h
  dw 00B81h,base+0234Eh
  dw 00A80h,base+02758h
  dw 00A80h,base+02762h
  dw 00A80h,base+0276Ch
  dw 00A7Eh,base+02776h
  dw 00C7Fh,base+01F6Eh
  dw 00D80h,base+01AA9h
  dw 00C80h,base+01F7Ah
  dw 00C80h,base+01F86h
  dw 00B80h,base+02359h
  dw 00A80h,base+02780h
  dw 00A80h,base+0278Ah
  dw 00A81h,base+02794h
  dw 0097Fh,base+02B9Ah
  dw 00A80h,base+0279Eh
  dw 00B7Fh,base+02364h
  dw 00C80h,base+01F92h
  dw 00C80h,base+01F9Eh
  dw 00C7Fh,base+01FAAh
  dw 00D80h,base+01AB6h
  dw 00D80h,base+01AC3h
  dw 00E80h,base+016ACh
  dw 00E80h,base+016BAh
  dw 00E81h,base+016C8h
  dw 0070Bh,base+0331Eh
  dw 00275h,base+0004Ah
  dw 0060Bh,base+03694h
  dw 00276h,base+00FD6h
  dw 0050Ah,base+0075Fh
  dw 00277h,base+00A6Ah
  dw 00409h,base+00095h
  dw 00276h,base+00801h
  dw 0050Bh,base+038E4h
  dw 00175h,base+00020h
  dw 00580h,base+038E9h
  dw 00200h,base+00078h

guilePage3frame001:
  db 054h,032h,03Ch,052h
  db 080h
  db 058h,032h,016h,03Ch,051h
  db 040h,067h
  db 060h,066h
  dw 0027Fh,base+000C3h
  dw 0037Fh,base+03E2Bh
  dw 0057Fh,base+038EEh
  dw 00679h,base+0369Ah
  dw 00103h,base+00001h
  dw 00304h,base+00019h
  dw 00678h,base+036A0h
  dw 00709h,base+03325h
  dw 00574h,base+038F3h
  dw 00B0Ch,base+0236Fh
  dw 00672h,base+036A6h
  dw 0147Dh,base+00897h
  dw 01780h,base+00575h
  dw 0167Fh,base+006FCh
  dw 01680h,base+00712h
  dw 01680h,base+00728h
  dw 01680h,base+0073Eh
  dw 00809h,base+02F78h
  dw 00D77h,base+01AD0h
  dw 0040Ch,base+03BBBh
  dw 00B75h,base+0237Ah
  dw 0020Bh,base+00A58h
  dw 00B76h,base+02385h
  dw 0010Ah,base+00001h
  dw 00C80h,base+01FB6h
  dw 00C80h,base+01FC2h
  dw 00C80h,base+01FCEh
  dw 00D80h,base+01ADDh
  dw 00D78h,base+01AEAh
  dw 00508h,base+038F8h
  dw 00D77h,base+01AF7h
  dw 01678h,base+00754h
  dw 00607h,base+036ACh
  dw 01777h,base+0058Ch
  dw 02080h,base+00213h
  dw 0207Ah,base+00233h
  dw 00204h,base+01027h
  dw 0227Bh,base+00127h
  dw 02223h,base+00149h
  dw 0045Dh,base+03BBFh
  dw 02223h,base+0016Bh
  dw 0045Dh,base+03BC3h
  dw 02123h,base+001D1h
  dw 0045Dh,base+00FDAh
  dw 02024h,base+00253h
  dw 0035Ch,base+01E8Dh
  dw 01F24h,base+00293h
  dw 0035Ch,base+007CDh
  dw 01F24h,base+002B2h
  dw 0035Ch,base+03E2Eh
  dw 00207h,base+00002h
  dw 00103h,base+00002h
  dw 00507h,base+038FDh
  dw 00D13h,base+01B04h
  dw 0036Fh,base+03E31h
  dw 00B12h,base+02390h
  dw 00272h,base+0056Ah
  dw 0070Eh,base+0332Ch
  dw 00273h,base+00780h
  dw 0060Ch,base+036B2h
  dw 00375h,base+03E34h
  dw 0040Bh,base+03BC7h
  dw 00375h,base+01203h
  dw 0040Bh,base+00B51h
  dw 00376h,base+03E37h
  dw 0030Bh,base+00040h
  dw 00275h,base+00285h
  dw 0020Bh,base+00002h
  dw 00275h,base+00285h
  dw 0020Bh,base+00252h
  dw 00275h,base+023CDh
  dw 0020Bh,base+00252h
  dw 00275h,base+007B8h
  dw 0020Bh,base+03272h
  dw 00275h,base+002E5h
  dw 0030Bh,base+00095h
  dw 00275h,base+0005Ah
  dw 0040Bh,base+00095h
  dw 00275h,base+00DAFh
  dw 0050Ah,base+03902h
  dw 00476h,base+03BCBh
  dw 0050Ah,base+03907h
  dw 00477h,base+03BCFh
  dw 00408h,base+0304Bh
  dw 00678h,base+036B8h
  dw 00409h,base+03BD3h
  dw 00600h,base+036BEh

guilePage3frame002:
  db 02Ch,031h,060h,052h
  db 07Ch
  db 064h,035h,01Bh,065h,036h
  db 000h,000h
  db 000h,000h
  dw 00480h,base+03BD7h
  dw 0047Fh,base+03BDBh
  dw 00680h,base+036C4h
  dw 0067Ch,base+036CAh
  dw 00204h,base+00019h
  dw 0067Ah,base+036D0h
  dw 00507h,base+0390Ch
  dw 00678h,base+036D6h
  dw 00708h,base+03333h
  dw 00676h,base+036DCh
  dw 01080h,base+01151h
  dw 00F80h,base+01481h
  dw 00E80h,base+016D6h
  dw 00E81h,base+016E4h
  dw 00D7Bh,base+01B11h
  dw 00205h,base+00002h
  dw 00C7Bh,base+01FDAh
  dw 00407h,base+03BDFh
  dw 00A79h,base+027A8h
  dw 00508h,base+03911h
  dw 00978h,base+02BA3h
  dw 00508h,base+03916h
  dw 00A78h,base+027B2h
  dw 00508h,base+0391Bh
  dw 00A79h,base+027BCh
  dw 00507h,base+03920h
  dw 00B79h,base+0239Bh
  dw 00507h,base+03925h
  dw 00B79h,base+023A6h
  dw 00607h,base+036E2h
  dw 00B79h,base+023B1h
  dw 00607h,base+036E8h
  dw 00B79h,base+023BCh
  dw 01281h,base+00C3Eh
  dw 01180h,base+00E57h
  dw 01180h,base+00E68h
  dw 01181h,base+00E79h
  dw 01080h,base+01161h
  dw 01180h,base+00E8Ah
  dw 01181h,base+00E9Bh
  dw 01080h,base+01171h
  dw 01080h,base+01181h
  dw 01081h,base+01191h
  dw 00E80h,base+016F2h
  dw 00E80h,base+01700h
  dw 00F80h,base+01490h
  dw 00F81h,base+0149Fh
  dw 00E80h,base+0170Eh
  dw 00E80h,base+0171Ch
  dw 00E81h,base+0172Ah
  dw 00E80h,base+01738h
  dw 0090Bh,base+02BACh
  dw 00376h,base+019D5h
  dw 0080Ah,base+02F80h
  dw 00476h,base+03BE3h
  dw 0070Ah,base+0333Ah
  dw 00476h,base+03BE7h
  dw 0060Ah,base+036EEh
  dw 00476h,base+03BEBh
  dw 0050Ah,base+0392Ah
  dw 00476h,base+03BEFh
  dw 00409h,base+00095h
  dw 00102h,base+00048h
  dw 00275h,base+000DFh
  dw 00509h,base+0392Fh
  dw 00178h,base+00002h
  dw 00480h,base+03BF3h
  dw 00480h,base+0304Bh
  dw 00400h,base+034B3h

guilePage3frame003:
  db 020h,032h,06Ch,04Fh
  db 07Eh
  db 06Ah,034h,01Bh,06Bh,034h
  db 000h,000h
  db 000h,000h
  dw 0047Fh,base+03BF7h
  dw 00680h,base+036F4h
  dw 00680h,base+036FAh
  dw 00781h,base+03341h
  dw 00680h,base+03700h
  dw 0077Dh,base+03348h
  dw 00203h,base+00004h
  dw 0077Ch,base+0334Fh
  dw 00980h,base+02BB5h
  dw 0087Fh,base+02F88h
  dw 00980h,base+02BBEh
  dw 00980h,base+02BC7h
  dw 00980h,base+02BD0h
  dw 0097Fh,base+02BD9h
  dw 00980h,base+02BE2h
  dw 00980h,base+02BEBh
  dw 00980h,base+02BF4h
  dw 0097Fh,base+02BFDh
  dw 00B80h,base+023C7h
  dw 00B80h,base+023D2h
  dw 00B80h,base+023DDh
  dw 00B80h,base+023E8h
  dw 00B80h,base+023F3h
  dw 00A7Fh,base+027C6h
  dw 00B80h,base+023FEh
  dw 00B7Fh,base+02409h
  dw 00C80h,base+01FE6h
  dw 00C80h,base+01FF2h
  dw 00C80h,base+01FFEh
  dw 00D80h,base+01B1Eh
  dw 00D80h,base+01B2Bh
  dw 00D80h,base+01B38h
  dw 00D80h,base+01B45h
  dw 00D80h,base+01B52h
  dw 00E80h,base+01746h
  dw 00E80h,base+01754h
  dw 00E81h,base+01762h
  dw 00D80h,base+01B5Fh
  dw 00D81h,base+01B6Ch
  dw 0080Ah,base+02F90h
  dw 00277h,base+00145h
  dw 00609h,base+03706h
  dw 00277h,base+0002Ah
  dw 00509h,base+00293h
  dw 00177h,base+00004h
  dw 00680h,base+002B2h
  dw 00780h,base+03356h
  dw 00880h,base+02F98h
  dw 00880h,base+02FA0h
  dw 00880h,base+02FA8h
  dw 00881h,base+002B2h
  dw 00784h,base+002B2h
  dw 00381h,base+00095h
  dw 00100h,base+00002h

guilePage3frame004:
  db 052h,039h,03Ah,04Eh
  db 07Ch
  db 057h,032h,016h,03Bh,051h
  db 03Eh,06Ah
  db 05Eh,068h
  dw 0037Eh,base+00894h
  dw 0077Eh,base+0335Dh
  dw 00981h,base+02C06h
  dw 00881h,base+02FB0h
  dw 0067Ah,base+0370Ch
  dw 00506h,base+03934h
  dw 00678h,base+03712h
  dw 00709h,base+03364h
  dw 00575h,base+03939h
  dw 00A0Bh,base+027D0h
  dw 00575h,base+0393Eh
  dw 01080h,base+011A1h
  dw 01080h,base+011B1h
  dw 0107Fh,base+011C1h
  dw 01080h,base+011D1h
  dw 01080h,base+011E1h
  dw 01180h,base+00EACh
  dw 01180h,base+00EBDh
  dw 00405h,base+03BFBh
  dw 00D7Ch,base+01B79h
  dw 00306h,base+03E3Ah
  dw 00C7Ah,base+0200Ah
  dw 00206h,base+008A9h
  dw 00C7Ah,base+02016h
  dw 00206h,base+01920h
  dw 00C7Ah,base+02022h
  dw 00206h,base+002E5h
  dw 00C7Ah,base+0202Eh
  dw 00206h,base+002E5h
  dw 00C7Ah,base+0203Ah
  dw 00205h,base+0005Ah
  dw 00D7Ah,base+01B86h
  dw 00406h,base+03BFFh
  dw 00D79h,base+01B93h
  dw 00507h,base+03943h
  dw 00D79h,base+01BA0h
  dw 00506h,base+03948h
  dw 00E7Ah,base+01770h
  dw 00104h,base+000BFh
  dw 0107Ch,base+011F1h
  dw 0147Dh,base+008ABh
  dw 01780h,base+005A3h
  dw 0177Fh,base+005BAh
  dw 0187Ah,base+00515h
  dw 0191Ah,base+00402h
  dw 00464h,base+03C03h
  dw 0191Ch,base+0041Bh
  dw 00463h,base+03C07h
  dw 0191Dh,base+00434h
  dw 00461h,base+03C0Bh
  dw 01B20h,base+00364h
  dw 0035Dh,base+03E3Dh
  dw 01E23h,base+002F0h
  dw 0035Ch,base+014ACh
  dw 02024h,base+00273h
  dw 0035Ch,base+01718h
  dw 02125h,base+001F2h
  dw 0025Bh,base+00250h
  dw 02225h,base+0018Dh
  dw 0035Bh,base+00A73h
  dw 02224h,base+001AFh
  dw 0045Ch,base+03C0Fh
  dw 02324h,base+00104h
  dw 0045Ch,base+03C13h
  dw 00407h,base+00000h
  dw 01C1Dh,base+0032Ch
  dw 0045Dh,base+03C17h
  dw 00209h,base+00003h
  dw 00410h,base+02390h
  dw 0090Ah,base+02C0Fh
  dw 0045Dh,base+03C1Bh
  dw 0011Ah,base+00001h
  dw 00D80h,base+01BADh
  dw 00D81h,base+01BBAh
  dw 00B80h,base+02414h
  dw 00B80h,base+0241Fh
  dw 00809h,base+02FB8h
  dw 00277h,base+03C47h
  dw 00809h,base+02FC0h
  dw 00277h,base+00AD1h
  dw 00809h,base+02FC8h
  dw 00277h,base+029B6h
  dw 00809h,base+02FD0h
  dw 0037Ch,base+00FC7h
  dw 00204h,base+00067h
  dw 00380h,base+03E40h
  dw 00380h,base+03E43h
  dw 0047Fh,base+03C1Fh
  dw 00580h,base+0394Dh
  dw 00580h,base+03952h
  dw 00103h,base+000BFh
  dw 00280h,base+03EDFh
  dw 00200h,base+0214Ch

guilePage3frame005:
  db 03Ah,041h,05Ah,030h
  db 07Ch
  db 058h,03Bh,01Eh,072h,023h
  db 058h,04Eh
  db 078h,04Dh
  dw 0027Fh,base+0054Bh
  dw 00380h,base+03E46h
  dw 00407h,base+03C23h
  dw 00578h,base+03957h
  dw 00507h,base+0395Ch
  dw 00779h,base+0336Bh
  dw 00507h,base+03961h
  dw 00779h,base+03372h
  dw 00E7Fh,base+0177Eh
  dw 00F81h,base+014AEh
  dw 00E81h,base+0178Ch
  dw 00D80h,base+01BC7h
  dw 00C7Fh,base+02046h
  dw 00D7Fh,base+01BD4h
  dw 00D80h,base+01BE1h
  dw 00D7Fh,base+01BEEh
  dw 00D80h,base+01BFBh
  dw 00C7Fh,base+02052h
  dw 00D80h,base+01C08h
  dw 00D7Fh,base+01C15h
  dw 00E80h,base+0179Ah
  dw 00E7Fh,base+017A8h
  dw 00F7Eh,base+014BDh
  dw 0107Fh,base+01201h
  dw 0117Bh,base+00ECEh
  dw 00205h,base+005E2h
  dw 0117Bh,base+00EDFh
  dw 00304h,base+005FCh
  dw 0080Ah,base+02FD8h
  dw 00870h,base+02FE0h
  dw 00E10h,base+017B6h
  dw 00870h,base+02FE8h
  dw 00D11h,base+01C22h
  dw 0076Fh,base+017AFh
  dw 00B11h,base+0242Ah
  dw 0076Fh,base+03379h
  dw 00A11h,base+027DAh
  dw 0076Fh,base+00CD5h
  dw 00912h,base+02C18h
  dw 0066Fh,base+03718h
  dw 00311h,base+00480h
  dw 0067Bh,base+0371Eh
  dw 00B7Fh,base+02435h
  dw 00C7Fh,base+0205Eh
  dw 00D80h,base+01C2Fh
  dw 00D80h,base+01C3Ch
  dw 00D80h,base+01C49h
  dw 00D80h,base+01C56h
  dw 00D80h,base+01C63h
  dw 00D80h,base+01C70h
  dw 00D80h,base+01C7Dh
  dw 00D81h,base+01C8Ah
  dw 00C80h,base+0206Ah
  dw 00B81h,base+02440h
  dw 00A80h,base+027E4h
  dw 00A81h,base+027EEh
  dw 00981h,base+02C21h
  dw 0077Fh,base+03380h
  dw 00880h,base+02FF0h
  dw 00780h,base+03387h
  dw 00780h,base+0338Eh
  dw 0087Fh,base+02FF8h
  dw 00A80h,base+027F8h
  dw 00A80h,base+02802h
  dw 00A80h,base+0280Ch
  dw 00A80h,base+02816h
  dw 00980h,base+02C2Ah
  dw 00981h,base+02C33h
  dw 00880h,base+03000h
  dw 00880h,base+03008h
  dw 00406h,base+005B0h
  dw 0027Bh,base+00002h
  dw 00205h,base+00067h
  dw 00280h,base+00404h
  dw 00280h,base+0084Eh
  dw 00280h,base+0004Ah
  dw 00280h,base+000D4h
  dw 00280h,base+000BDh
  dw 00100h,base+00049h

guilePage3frame006:
  db 036h,054h,05Ch,02Eh
  db 066h
  db 059h,035h,02Bh,074h,023h
  db 065h,05Eh
  db 062h,043h
  dw 0017Fh,base+00045h
  dw 00380h,base+006AAh
  dw 0037Fh,base+03E49h
  dw 00380h,base+03E4Ch
  dw 00380h,base+03232h
  dw 0027Fh,base+0004Bh
  dw 00380h,base+00071h
  dw 0037Fh,base+00255h
  dw 0040Ah,base+03C27h
  dw 00776h,base+03395h
  dw 00408h,base+03C2Bh
  dw 00877h,base+03010h
  dw 00509h,base+03966h
  dw 00877h,base+03018h
  dw 0050Ah,base+0396Bh
  dw 00677h,base+03724h
  dw 0040Ah,base+03C2Fh
  dw 00576h,base+03970h
  dw 0040Ah,base+002D9h
  dw 00577h,base+03975h
  dw 0040Ah,base+03C33h
  dw 00477h,base+03C37h
  dw 00309h,base+00095h
  dw 00478h,base+03C3Bh
  dw 00308h,base+00385h
  dw 00406h,base+03C3Fh
  dw 00272h,base+003CFh
  dw 00308h,base+016B7h
  dw 00978h,base+02C3Ch
  dw 00408h,base+03C43h
  dw 00978h,base+02C45h
  dw 00508h,base+0397Ah
  dw 00A78h,base+02820h
  dw 00507h,base+0397Fh
  dw 00C7Ah,base+02076h
  dw 00506h,base+03984h
  dw 00C7Ah,base+02082h
  dw 01380h,base+00A63h
  dw 01380h,base+00A76h
  dw 01481h,base+008BFh
  dw 01380h,base+00A89h
  dw 01380h,base+00A9Ch
  dw 01381h,base+00AAFh
  dw 01380h,base+00AC2h
  dw 01380h,base+00AD5h
  dw 00E0Fh,base+017C4h
  dw 00472h,base+03C47h
  dw 00D0Eh,base+01C97h
  dw 00372h,base+03E4Fh
  dw 01181h,base+00EF0h
  dw 01081h,base+01211h
  dw 00E7Eh,base+017D2h
  dw 00102h,base+00004h
  dw 00E7Dh,base+017E0h
  dw 00304h,base+03E52h
  dw 00C7Ch,base+0208Eh
  dw 00304h,base+02DE6h
  dw 00C7Ch,base+0209Ah
  dw 01080h,base+01221h
  dw 00F80h,base+014CCh
  dw 00F81h,base+014DBh
  dw 00D80h,base+01CA4h
  dw 00D81h,base+01CB1h
  dw 00104h,base+0005Bh
  dw 00981h,base+02C4Eh
  dw 00880h,base+03020h
  dw 00880h,base+03028h
  dw 00881h,base+03030h
  dw 00780h,base+0339Ch
  dw 00780h,base+033A3h
  dw 00680h,base+0372Ah
  dw 00680h,base+03730h
  dw 00680h,base+03736h
  dw 00680h,base+0373Ch
  dw 0057Fh,base+03989h
  dw 00680h,base+03742h
  dw 00680h,base+03748h
  dw 00680h,base+0374Eh
  dw 00680h,base+03754h
  dw 00680h,base+0375Ah
  dw 00580h,base+0398Eh
  dw 00580h,base+03993h
  dw 00580h,base+03998h
  dw 00680h,base+03760h
  dw 00780h,base+033AAh
  dw 00880h,base+03038h
  dw 00880h,base+03040h
  dw 00980h,base+02C57h
  dw 00A80h,base+0282Ah
  dw 00C80h,base+020A6h
  dw 00C81h,base+020B2h
  dw 00B81h,base+0244Bh
  dw 00A82h,base+02834h
  dw 00882h,base+03048h
  dw 00682h,base+03766h
  dw 00482h,base+01D71h
  dw 00280h,base+000E0h
  dw 00380h,base+00002h
  dw 00380h,base+01F62h
  dw 00380h,base+00109h
  dw 00380h,base+00DC0h
  dw 00380h,base+00DC0h
  dw 00280h,base+000D4h
  dw 00280h,base+000BDh
  dw 00100h,base+00008h

guilePage3frame007:
  db 02Eh,030h,066h,043h
  db 082h
  db 071h,022h,01Bh,065h,030h
  db 062h,073h
  db 082h,072h
  dw 0067Fh,base+0376Ch
  dw 00880h,base+03050h
  dw 0077Bh,base+033B1h
  dw 00203h,base+00019h
  dw 00203h,base+00019h
  dw 00679h,base+03772h
  dw 00607h,base+03778h
  dw 00506h,base+0399Dh
  dw 00172h,base+00001h
  dw 00D0Eh,base+01CBEh
  dw 00272h,base+0005Bh
  dw 00C0Eh,base+020BEh
  dw 00372h,base+005FAh
  dw 00C0Dh,base+020CAh
  dw 00473h,base+03C4Bh
  dw 00C0Dh,base+020D6h
  dw 00473h,base+03C4Fh
  dw 00C0Dh,base+020E2h
  dw 00473h,base+03C53h
  dw 00C0Eh,base+020EEh
  dw 00372h,base+003CEh
  dw 00C0Eh,base+020FAh
  dw 00372h,base+01066h
  dw 00C0Eh,base+02106h
  dw 00372h,base+039FCh
  dw 00203h,base+0056Ch
  dw 0090Bh,base+02C60h
  dw 00372h,base+03BCBh
  dw 00203h,base+00540h
  dw 0090Ah,base+02C69h
  dw 00473h,base+03C57h
  dw 00203h,base+002E5h
  dw 00E7Dh,base+017EEh
  dw 01180h,base+00F01h
  dw 01180h,base+00F12h
  dw 01180h,base+00F23h
  dw 01180h,base+00F34h
  dw 01180h,base+00F45h
  dw 01180h,base+00F56h
  dw 01180h,base+00F67h
  dw 01081h,base+01231h
  dw 00E81h,base+017FCh
  dw 00708h,base+033B8h
  dw 00477h,base+00FDEh
  dw 00708h,base+033BFh
  dw 00577h,base+0339Dh
  dw 00708h,base+033C6h
  dw 00677h,base+0377Eh
  dw 00F7Eh,base+014EAh
  dw 0117Fh,base+00F78h
  dw 0127Fh,base+00C50h
  dw 0137Fh,base+00AE8h
  dw 01480h,base+008D3h
  dw 01480h,base+008E7h
  dw 01380h,base+00AFBh
  dw 01380h,base+00B0Eh
  dw 01280h,base+00C62h
  dw 01281h,base+00C74h
  dw 01080h,base+01241h
  dw 0070Ch,base+033CDh
  dw 00474h,base+01973h
  dw 0060Ch,base+03784h
  dw 00374h,base+00095h
  dw 0050Bh,base+039A2h
  dw 00476h,base+03C5Bh
  dw 0020Ah,base+0134Fh
  dw 0067Fh,base+0378Ah
  dw 00780h,base+033D4h
  dw 00780h,base+033DBh
  dw 00780h,base+033E2h
  dw 00781h,base+033E9h
  dw 00103h,base+00004h
  dw 00200h,base+00002h

guilePage3frame008:
  db 020h,032h,06Ch,03Dh
  db 07Eh
  db 06Bh,032h,01Bh,06Bh,032h
  db 000h,000h
  db 000h,000h
  dw 0047Fh,base+03BF7h
  dw 00680h,base+036F4h
  dw 00680h,base+036FAh
  dw 00781h,base+03341h
  dw 00680h,base+03700h
  dw 0077Dh,base+03348h
  dw 00203h,base+00004h
  dw 0077Ch,base+0334Fh
  dw 00980h,base+02BB5h
  dw 0087Fh,base+02F88h
  dw 00980h,base+02BBEh
  dw 00980h,base+02BC7h
  dw 00980h,base+02BD0h
  dw 0097Fh,base+02BD9h
  dw 00980h,base+02BE2h
  dw 00980h,base+02BEBh
  dw 00980h,base+02BF4h
  dw 0097Fh,base+02BFDh
  dw 00B80h,base+023C7h
  dw 00B80h,base+023D2h
  dw 00B80h,base+023DDh
  dw 00B80h,base+023E8h
  dw 00B80h,base+023F3h
  dw 00A7Fh,base+027C6h
  dw 00B80h,base+023FEh
  dw 00B7Fh,base+02409h
  dw 00C80h,base+01FE6h
  dw 00C80h,base+01FF2h
  dw 00C80h,base+01FFEh
  dw 00D80h,base+01B1Eh
  dw 00D80h,base+01B2Bh
  dw 00D80h,base+01B38h
  dw 00D80h,base+01B45h
  dw 00D80h,base+01B52h
  dw 00E80h,base+01746h
  dw 00E80h,base+01754h
  dw 00E81h,base+01762h
  dw 00D80h,base+01B5Fh
  dw 00D81h,base+01B6Ch
  dw 0080Ah,base+02F90h
  dw 00277h,base+00145h
  dw 00609h,base+03706h
  dw 00277h,base+0002Ah
  dw 00509h,base+00293h
  dw 00177h,base+00004h
  dw 00680h,base+002B2h
  dw 00780h,base+03356h
  dw 00880h,base+02F98h
  dw 00880h,base+02FA0h
  dw 00880h,base+02FA8h
  dw 00881h,base+002B2h
  dw 00784h,base+002B2h
  dw 00381h,base+00095h
  dw 00100h,base+00002h

guilePage3frame009:
  db 052h,039h,03Ah,03Ch
  db 07Ch
  db 058h,031h,016h,03Ch,051h
  db 03Dh,06Fh
  db 05Dh,06Eh
  dw 0037Eh,base+00894h
  dw 0077Eh,base+0335Dh
  dw 00981h,base+02C06h
  dw 00881h,base+02FB0h
  dw 0067Ah,base+0370Ch
  dw 00506h,base+03934h
  dw 00678h,base+03712h
  dw 00709h,base+03364h
  dw 00575h,base+03939h
  dw 00A0Bh,base+027D0h
  dw 00575h,base+0393Eh
  dw 01080h,base+011A1h
  dw 01080h,base+011B1h
  dw 0107Fh,base+011C1h
  dw 01080h,base+011D1h
  dw 01080h,base+011E1h
  dw 01180h,base+00EACh
  dw 01180h,base+00EBDh
  dw 00405h,base+03BFBh
  dw 00D7Ch,base+01B79h
  dw 00306h,base+03E3Ah
  dw 00C7Ah,base+0200Ah
  dw 00206h,base+008A9h
  dw 00C7Ah,base+02016h
  dw 00206h,base+01920h
  dw 00C7Ah,base+02022h
  dw 00206h,base+002E5h
  dw 00C7Ah,base+0202Eh
  dw 00206h,base+002E5h
  dw 00C7Ah,base+0203Ah
  dw 00205h,base+0005Ah
  dw 00D7Ah,base+01B86h
  dw 00406h,base+03BFFh
  dw 00D79h,base+01B93h
  dw 00507h,base+03943h
  dw 00D79h,base+01BA0h
  dw 00506h,base+03948h
  dw 00E7Ah,base+01770h
  dw 00104h,base+000BFh
  dw 0107Ch,base+011F1h
  dw 0147Dh,base+008ABh
  dw 01780h,base+005A3h
  dw 0177Fh,base+005BAh
  dw 0187Ah,base+00515h
  dw 0191Ah,base+00402h
  dw 00464h,base+03C03h
  dw 0191Ch,base+0041Bh
  dw 00463h,base+03C07h
  dw 0191Dh,base+00434h
  dw 00461h,base+03C0Bh
  dw 01B20h,base+00364h
  dw 0035Dh,base+03E3Dh
  dw 01E23h,base+002F0h
  dw 0035Ch,base+014ACh
  dw 02024h,base+00273h
  dw 0035Ch,base+01718h
  dw 02125h,base+001F2h
  dw 0025Bh,base+00250h
  dw 02225h,base+0018Dh
  dw 0035Bh,base+00A73h
  dw 02224h,base+001AFh
  dw 0045Ch,base+03C0Fh
  dw 02324h,base+00104h
  dw 0045Ch,base+03C13h
  dw 00407h,base+00000h
  dw 01C1Dh,base+0032Ch
  dw 0045Dh,base+03C17h
  dw 00209h,base+00003h
  dw 00410h,base+02390h
  dw 0090Ah,base+02C0Fh
  dw 0045Dh,base+03C1Bh
  dw 0011Ah,base+00001h
  dw 00D80h,base+01BADh
  dw 00D81h,base+01BBAh
  dw 00B80h,base+02414h
  dw 00B80h,base+0241Fh
  dw 00809h,base+02FB8h
  dw 00277h,base+03C47h
  dw 00809h,base+02FC0h
  dw 00277h,base+00AD1h
  dw 00809h,base+02FC8h
  dw 00277h,base+029B6h
  dw 00809h,base+02FD0h
  dw 0037Ch,base+00FC7h
  dw 00204h,base+00067h
  dw 00380h,base+03E40h
  dw 00380h,base+03E43h
  dw 0047Fh,base+03C1Fh
  dw 00580h,base+0394Dh
  dw 00580h,base+03952h
  dw 00103h,base+000BFh
  dw 00280h,base+03EDFh
  dw 00200h,base+0214Ch

guilePage3frame010:
  db 030h,047h,06Eh,03Eh
  db 09Ah
  db 080h,022h,022h,06Dh,037h
  db 000h,000h
  db 000h,000h
  dw 0017Fh,base+00049h
  dw 00380h,base+03E55h
  dw 00380h,base+03E58h
  dw 00380h,base+03E5Bh
  dw 0037Dh,base+03E5Eh
  dw 00203h,base+00071h
  dw 00279h,base+00C36h
  dw 0097Fh,base+02C72h
  dw 00A80h,base+0283Eh
  dw 00A7Fh,base+02848h
  dw 00B7Fh,base+02456h
  dw 00C81h,base+02112h
  dw 00B81h,base+02461h
  dw 00A81h,base+02852h
  dw 00980h,base+02C7Bh
  dw 0087Fh,base+03058h
  dw 00980h,base+02C84h
  dw 0097Fh,base+02C8Dh
  dw 00A80h,base+0285Ch
  dw 00A80h,base+02866h
  dw 00A7Fh,base+02870h
  dw 00A80h,base+0287Ah
  dw 00A80h,base+02884h
  dw 00A7Fh,base+0288Eh
  dw 00B80h,base+0246Ch
  dw 00B80h,base+02477h
  dw 00B80h,base+02482h
  dw 00A81h,base+02898h
  dw 00980h,base+02C96h
  dw 00980h,base+02C9Fh
  dw 00A80h,base+028A2h
  dw 00A80h,base+028ACh
  dw 00A7Fh,base+028B6h
  dw 00B80h,base+0248Dh
  dw 00C7Fh,base+0211Eh
  dw 00D80h,base+01CCBh
  dw 00D80h,base+01CD8h
  dw 00D7Fh,base+01CE5h
  dw 00E80h,base+0180Ah
  dw 00E80h,base+01818h
  dw 00E80h,base+01826h
  dw 00708h,base+033F0h
  dw 00678h,base+03790h
  dw 00609h,base+03796h
  dw 00576h,base+039A7h
  dw 0070Ah,base+033F7h
  dw 00576h,base+039ACh
  dw 0060Ah,base+0379Ch
  dw 00575h,base+039B1h
  dw 0070Bh,base+033FEh
  dw 00475h,base+03C5Fh
  dw 0060Bh,base+037A2h
  dw 00474h,base+0303Bh
  dw 0070Ch,base+03405h
  dw 00474h,base+01835h
  dw 0060Ch,base+037A8h
  dw 00474h,base+03C63h
  dw 0060Ch,base+037AEh
  dw 00474h,base+03C67h
  dw 0050Ch,base+039B6h
  dw 00474h,base+03C6Bh
  dw 0050Ch,base+039BBh
  dw 00473h,base+03C6Fh
  dw 0060Dh,base+037B4h
  dw 00473h,base+03C73h
  dw 0050Dh,base+039C0h
  dw 00473h,base+03C77h
  dw 0050Dh,base+039C5h
  dw 00472h,base+03C7Bh
  dw 0050Eh,base+039CAh
  dw 00472h,base+01872h
  dw 0050Eh,base+039CFh
  dw 00472h,base+0363Dh
  dw 0040Eh,base+00257h
  dw 00472h,base+03C7Fh
  dw 0040Eh,base+03C83h
  dw 00472h,base+03C87h
  dw 0030Fh,base+00002h
  dw 00370h,base+03295h
  dw 00410h,base+0313Bh
  dw 00270h,base+00100h
  dw 00310h,base+00095h
  dw 00270h,base+00002h
  dw 00310h,base+001D3h
  dw 00270h,base+000BEh
  dw 00210h,base+00002h
  dw 0026Fh,base+00002h
  dw 00311h,base+021ABh
  dw 0026Fh,base+000BEh
  dw 00311h,base+00095h
  dw 0026Fh,base+00004h
  dw 00311h,base+00404h
  dw 0026Eh,base+003CFh
  dw 00412h,base+03C8Bh
  dw 0026Eh,base+01920h
  dw 00312h,base+016FDh
  dw 0026Eh,base+003CFh
  dw 00312h,base+00095h
  dw 0026Eh,base+00019h
  dw 00312h,base+00250h
  dw 00280h,base+00002h
  dw 00200h,base+0054Bh

guilePage3frame011:
  db 024h,03Ah,070h,04Bh
  db 082h
  db 07Ch,02Fh,01Bh,070h,030h
  db 000h,000h
  db 000h,000h
  dw 0027Fh,base+00019h
  dw 00580h,base+039D4h
  dw 0097Fh,base+02CA8h
  dw 00B80h,base+02498h
  dw 00B80h,base+024A3h
  dw 00B80h,base+024AEh
  dw 00B80h,base+024B9h
  dw 00A80h,base+028C0h
  dw 00A80h,base+028CAh
  dw 00708h,base+0340Ch
  dw 00278h,base+0014Fh
  dw 00709h,base+03413h
  dw 00177h,base+00000h
  dw 00680h,base+037BAh
  dw 0067Fh,base+037C0h
  dw 00880h,base+03060h
  dw 00880h,base+03068h
  dw 00880h,base+03070h
  dw 00880h,base+03078h
  dw 00780h,base+0341Ah
  dw 00880h,base+03080h
  dw 00880h,base+03088h
  dw 00880h,base+03090h
  dw 00980h,base+02CB1h
  dw 00981h,base+02CBAh
  dw 00880h,base+03098h
  dw 00880h,base+030A0h
  dw 00880h,base+030A8h
  dw 0087Fh,base+030B0h
  dw 00980h,base+02CC3h
  dw 00A7Fh,base+028D4h
  dw 00C80h,base+0212Ah
  dw 00C80h,base+02136h
  dw 00C7Fh,base+02142h
  dw 00D80h,base+01CF2h
  dw 00C80h,base+0214Eh
  dw 00C7Fh,base+0215Ah
  dw 00C80h,base+02166h
  dw 00B80h,base+024C4h
  dw 00B80h,base+024CFh
  dw 00B80h,base+024DAh
  dw 00B80h,base+024E5h
  dw 00B80h,base+024F0h
  dw 00C7Fh,base+02172h
  dw 00D80h,base+01CFFh
  dw 00E80h,base+01834h
  dw 00405h,base+00BBEh
  dw 0097Bh,base+02CCCh
  dw 00406h,base+00C13h
  dw 0097Ah,base+02CD5h
  dw 00308h,base+00127h
  dw 00778h,base+03421h
  dw 00308h,base+03E61h
  dw 00777h,base+03428h
  dw 0030Ah,base+00095h
  dw 00676h,base+037C6h
  dw 0030Ah,base+028D1h
  dw 00776h,base+0342Fh
  dw 0030Ah,base+00095h
  dw 00776h,base+03436h
  dw 0020Ah,base+00D50h
  dw 00776h,base+0343Dh
  dw 0020Ah,base+000D4h
  dw 00775h,base+03444h
  dw 0030Bh,base+02A18h
  dw 00775h,base+0344Bh
  dw 0030Bh,base+00920h
  dw 00775h,base+03452h
  dw 0030Bh,base+00095h
  dw 00675h,base+037CCh
  dw 0030Ch,base+00629h
  dw 00580h,base+030CBh
  dw 00200h,base+0084Eh

guilePage3frame012:
  db 024h,04Ah,06Eh,03Bh
  db 07Ch
  db 06Dh,022h,031h,074h,022h
  db 000h,000h
  db 000h,000h
  dw 0017Fh,base+00092h
  dw 00280h,base+0055Bh
  dw 00204h,base+00EBEh
  dw 0037Bh,base+00271h
  dw 00304h,base+03E64h
  dw 0057Bh,base+039D9h
  dw 00B80h,base+024FBh
  dw 00B7Fh,base+02506h
  dw 00C80h,base+0217Eh
  dw 00D7Fh,base+01D0Ch
  dw 00E80h,base+01842h
  dw 00E80h,base+01850h
  dw 00F7Fh,base+014F9h
  dw 01080h,base+01251h
  dw 01082h,base+01261h
  dw 00E80h,base+0185Eh
  dw 00E7Fh,base+0186Ch
  dw 01080h,base+01271h
  dw 0107Fh,base+01281h
  dw 01180h,base+00F89h
  dw 01180h,base+00F9Ah
  dw 01180h,base+00FABh
  dw 00406h,base+03C8Fh
  dw 00B79h,base+02511h
  dw 00507h,base+039DEh
  dw 00B79h,base+0251Ch
  dw 00409h,base+03C93h
  dw 00977h,base+02CDEh
  dw 00409h,base+03C97h
  dw 00977h,base+02CE7h
  dw 00409h,base+03C9Bh
  dw 00877h,base+030B8h
  dw 00409h,base+03C9Fh
  dw 00877h,base+030C0h
  dw 00409h,base+03CA3h
  dw 00877h,base+030C8h
  dw 00409h,base+03CA7h
  dw 00877h,base+030D0h
  dw 00409h,base+03CABh
  dw 00978h,base+02CF0h
  dw 00307h,base+03E67h
  dw 00A79h,base+028DEh
  dw 00307h,base+03E6Ah
  dw 00A79h,base+028E8h
  dw 00407h,base+03CAFh
  dw 00A7Ah,base+028F2h
  dw 00305h,base+02C23h
  dw 00A7Bh,base+028FCh
  dw 00305h,base+02A22h
  dw 00A7Bh,base+02906h
  dw 00305h,base+015DDh
  dw 00A7Bh,base+02910h
  dw 00305h,base+03E6Dh
  dw 00A7Ch,base+0291Ah
  dw 00203h,base+00106h
  dw 00A80h,base+02924h
  dw 00A80h,base+0292Eh
  dw 00A80h,base+02938h
  dw 00980h,base+02CF9h
  dw 00980h,base+02D02h
  dw 00980h,base+02D0Bh
  dw 0087Fh,base+030D8h
  dw 00980h,base+02D14h
  dw 00980h,base+02D1Dh
  dw 00A80h,base+02942h
  dw 00A80h,base+0294Ch
  dw 00A80h,base+02956h
  dw 00405h,base+03CB3h
  dw 0057Bh,base+039E3h
  dw 00406h,base+03CB7h
  dw 0047Ah,base+03CBBh
  dw 00406h,base+03CBFh
  dw 0047Ah,base+03CC3h
  dw 00406h,base+03CC7h
  dw 0057Ah,base+039E8h
  dw 00406h,base+00DE6h
  dw 0057Ah,base+039EDh
  dw 00307h,base+00040h
  dw 00479h,base+03B74h
  dw 00307h,base+03E70h
  dw 00479h,base+03CCBh
  dw 00308h,base+00EC9h
  dw 00378h,base+00385h
  dw 00308h,base+00EC9h
  dw 00378h,base+00095h
  dw 00208h,base+00002h
  dw 00478h,base+03CCFh
  dw 00209h,base+0004Bh
  dw 00377h,base+00095h
  dw 00209h,base+00002h
  dw 00376h,base+00252h
  dw 0030Ah,base+01972h
  dw 00476h,base+00002h
  dw 0030Ah,base+00095h
  dw 00476h,base+03CD3h
  dw 0030Ah,base+00252h
  dw 00476h,base+03836h
  dw 0030Ah,base+00002h
  dw 00476h,base+03CD7h
  dw 0030Ah,base+03E73h
  dw 00375h,base+00095h
  dw 0040Bh,base+01973h
  dw 00375h,base+00252h
  dw 0040Bh,base+03CDBh
  dw 00375h,base+000BCh
  dw 0040Ah,base+00108h
  dw 00375h,base+00026h
  dw 0040Bh,base+00026h
  dw 00375h,base+017EBh
  dw 0030Bh,base+017EBh
  dw 00375h,base+03E76h
  dw 0030Bh,base+03E76h
  dw 00375h,base+018FAh
  dw 0030Bh,base+018FAh
  dw 00275h,base+00002h
  dw 0020Bh,base+00002h
  dw 00275h,base+0054Bh
  dw 00200h,base+003CFh

guilePage3frame013:
  db 032h,036h,06Ch,04Eh
  db 090h
  db 06Eh,02Eh,01Ah,06Bh,033h
  db 000h,000h
  db 000h,000h
  dw 00180h,base+00002h
  dw 00304h,base+03514h
  dw 0017Ch,base+00001h
  dw 00506h,base+039F2h
  dw 00178h,base+00103h
  dw 0087Bh,base+030E0h
  dw 00206h,base+005A0h
  dw 00778h,base+03459h
  dw 00607h,base+037D2h
  dw 00878h,base+030E8h
  dw 0117Fh,base+00FBCh
  dw 01180h,base+00FCDh
  dw 0107Fh,base+01291h
  dw 01280h,base+00C86h
  dw 0127Fh,base+00C98h
  dw 01280h,base+00CAAh
  dw 01280h,base+00CBCh
  dw 01280h,base+00CCEh
  dw 01280h,base+00CE0h
  dw 00305h,base+03E79h
  dw 00D7Bh,base+01D19h
  dw 00305h,base+03E7Ch
  dw 00D7Bh,base+01D26h
  dw 00305h,base+03E7Fh
  dw 00D7Bh,base+01D33h
  dw 00305h,base+03E82h
  dw 00D7Bh,base+01D40h
  dw 00305h,base+03E85h
  dw 00D7Bh,base+01D4Dh
  dw 00205h,base+007B8h
  dw 00D79h,base+01D5Ah
  dw 00407h,base+03CDFh
  dw 00C79h,base+0218Ah
  dw 00406h,base+03CE3h
  dw 00E7Ah,base+0187Ah
  dw 00406h,base+03CE7h
  dw 00D7Ah,base+01D67h
  dw 00406h,base+03CEBh
  dw 0090Ah,base+02D26h
  dw 0046Fh,base+03CEFh
  dw 00507h,base+039F7h
  dw 0080Ah,base+030F0h
  dw 0046Eh,base+03CF3h
  dw 00607h,base+037D8h
  dw 0080Bh,base+030F8h
  dw 0036Dh,base+00255h
  dw 01013h,base+012A1h
  dw 0046Dh,base+002E5h
  dw 00F13h,base+01508h
  dw 0046Dh,base+03CF7h
  dw 00F13h,base+01517h
  dw 0046Dh,base+03CFBh
  dw 01013h,base+012B1h
  dw 0046Dh,base+03CFFh
  dw 01013h,base+012C1h
  dw 0046Dh,base+03D03h
  dw 01013h,base+012D1h
  dw 0036Dh,base+0056Eh
  dw 01014h,base+012E1h
  dw 0026Ch,base+00019h
  dw 01014h,base+012F1h
  dw 0016Dh,base+00002h
  dw 00F80h,base+01526h
  dw 00F80h,base+01535h
  dw 00E80h,base+01888h
  dw 00E81h,base+01896h
  dw 00C80h,base+02196h
  dw 00F81h,base+01544h
  dw 00F80h,base+01553h
  dw 00F81h,base+01562h
  dw 00E80h,base+018A4h
  dw 00E81h,base+018B2h
  dw 00D80h,base+01D74h
  dw 00C7Fh,base+021A2h
  dw 00A0Bh,base+02960h
  dw 00274h,base+00002h
  dw 00A0Ch,base+0296Ah
  dw 00274h,base+000D4h
  dw 00405h,base+030C9h
  dw 00406h,base+00F5Ah
  dw 00374h,base+03E88h
  dw 0050Ch,base+039FCh
  dw 00374h,base+03E8Bh
  dw 0040Ch,base+03D07h
  dw 00374h,base+02E0Dh
  dw 0030Ch,base+0004Bh
  dw 00375h,base+00002h
  dw 0020Bh,base+00251h
  dw 00200h,base+00250h

guilePage3frame014:
  db 036h,04Bh,064h,03Bh
  db 07Ah
  db 06Ch,02Ch,022h,060h,036h
  db 000h,000h
  db 000h,000h
  dw 00881h,base+03100h
  dw 00880h,base+03108h
  dw 00981h,base+02D2Fh
  dw 00780h,base+03460h
  dw 00681h,base+037DEh
  dw 00580h,base+03A01h
  dw 00580h,base+03A06h
  dw 00480h,base+03D0Bh
  dw 0047Fh,base+03D0Fh
  dw 0067Fh,base+037E4h
  dw 00A80h,base+02974h
  dw 00B80h,base+02527h
  dw 00B80h,base+02532h
  dw 00B7Fh,base+0253Dh
  dw 00D80h,base+01D81h
  dw 00D77h,base+01D8Eh
  dw 00208h,base+00480h
  dw 00E78h,base+018C0h
  dw 00308h,base+0110Bh
  dw 00E78h,base+018CEh
  dw 01781h,base+005D1h
  dw 01781h,base+005E8h
  dw 01680h,base+0076Ah
  dw 0167Fh,base+00780h
  dw 01780h,base+005FFh
  dw 00204h,base+00019h
  dw 00507h,base+03A0Bh
  dw 00D7Ah,base+01D9Bh
  dw 00306h,base+00424h
  dw 00D80h,base+01DA8h
  dw 00708h,base+03467h
  dw 00578h,base+03A10h
  dw 00709h,base+0346Eh
  dw 00478h,base+03D13h
  dw 00608h,base+00B67h
  dw 00478h,base+03D17h
  dw 00608h,base+00B67h
  dw 00478h,base+03D1Bh
  dw 00608h,base+00B67h
  dw 00470h,base+03D1Fh
  dw 00207h,base+00063h
  dw 00609h,base+037EAh
  dw 0046Fh,base+03D23h
  dw 00E11h,base+018DCh
  dw 0036Eh,base+03E8Eh
  dw 00F11h,base+01571h
  dw 0046Fh,base+03D27h
  dw 00F11h,base+01580h
  dw 0036Fh,base+03E91h
  dw 00F11h,base+0158Fh
  dw 0036Eh,base+03E94h
  dw 01012h,base+01301h
  dw 0026Eh,base+005A0h
  dw 01480h,base+008FBh
  dw 01380h,base+00B21h
  dw 01480h,base+0090Fh
  dw 01012h,base+01311h
  dw 0026Eh,base+007D7h
  dw 01012h,base+01321h
  dw 0026Eh,base+00049h
  dw 00405h,base+03D2Bh
  dw 00B0Dh,base+02548h
  dw 0026Eh,base+00DC8h
  dw 00407h,base+02BE5h
  dw 0080Ch,base+03110h
  dw 0016Ch,base+000BFh
  dw 00507h,base+03A15h
  dw 00979h,base+02D38h
  dw 00507h,base+03A1Ah
  dw 00979h,base+02D41h
  dw 00506h,base+03A1Fh
  dw 0097Ah,base+02D4Ah
  dw 00506h,base+03A24h
  dw 0097Ah,base+02D53h
  dw 00506h,base+03A29h
  dw 0087Bh,base+03118h
  dw 00304h,base+00117h
  dw 0097Bh,base+02D5Ch
  dw 00405h,base+03D2Fh
  dw 0087Bh,base+03120h
  dw 00405h,base+03D33h
  dw 0077Bh,base+03475h
  dw 00305h,base+00403h
  dw 0067Bh,base+037F0h
  dw 00305h,base+0294Bh
  dw 0057Bh,base+03A2Eh
  dw 00305h,base+00095h
  dw 0057Bh,base+035B8h
  dw 00304h,base+000E0h
  dw 0057Ch,base+03A33h
  dw 00304h,base+00095h
  dw 0057Ch,base+03A38h
  dw 00304h,base+00072h
  dw 0057Ch,base+03A3Dh
  dw 00304h,base+00095h
  dw 0057Bh,base+03A42h
  dw 00405h,base+03A48h
  dw 00479h,base+01B14h
  dw 00B80h,base+02553h
  dw 00A80h,base+0297Eh
  dw 00506h,base+03A47h
  dw 0047Ah,base+03D37h
  dw 00306h,base+00002h
  dw 0037Ah,base+03930h
  dw 00206h,base+00251h
  dw 0037Fh,base+000E0h
  dw 00380h,base+00385h
  dw 00380h,base+014CCh
  dw 0037Fh,base+00071h
  dw 00380h,base+01D71h
  dw 0037Fh,base+022C8h
  dw 00480h,base+0349Bh
  dw 00480h,base+03D3Bh
  dw 00380h,base+018DFh
  dw 00380h,base+00FEFh
  dw 00380h,base+00002h
  dw 00200h,base+0084Eh

guilePage3frame015:
  db 03Ch,032h,060h,040h
  db 08Eh
  db 073h,02Fh,014h,05Fh,049h
  db 000h,000h
  db 000h,000h
  dw 00180h,base+00025h
  dw 00280h,base+0041Fh
  dw 00280h,base+0041Fh
  dw 00380h,base+03D3Fh
  dw 00380h,base+03D3Fh
  dw 00480h,base+03D3Fh
  dw 0047Fh,base+0335Dh
  dw 00680h,base+037F6h
  dw 0067Dh,base+037FCh
  dw 00A80h,base+02988h
  dw 00A7Fh,base+02992h
  dw 00C80h,base+021AEh
  dw 00880h,base+03128h
  dw 0087Fh,base+03130h
  dw 00980h,base+02D65h
  dw 00A80h,base+0299Ch
  dw 00A80h,base+029A6h
  dw 00B7Ah,base+0255Eh
  dw 00206h,base+00124h
  dw 00B79h,base+02569h
  dw 00307h,base+01780h
  dw 00C7Ah,base+021BAh
  dw 0127Fh,base+00CF2h
  dw 01381h,base+00B34h
  dw 0127Fh,base+00D04h
  dw 01381h,base+00B47h
  dw 0127Eh,base+00D16h
  dw 0147Fh,base+00923h
  dw 01580h,base+00804h
  dw 0167Fh,base+00796h
  dw 01780h,base+00616h
  dw 0177Fh,base+0062Dh
  dw 01314h,base+00B5Ah
  dw 0046Ch,base+03D43h
  dw 01315h,base+00B6Dh
  dw 0036Bh,base+03E97h
  dw 01214h,base+00D28h
  dw 0046Bh,base+01201h
  dw 01215h,base+00D3Ah
  dw 0046Bh,base+03D47h
  dw 01114h,base+00FDEh
  dw 0056Ch,base+03A4Ch
  dw 01214h,base+00D4Ch
  dw 0056Bh,base+03A51h
  dw 01A80h,base+0039Ah
  dw 01A80h,base+003B4h
  dw 00809h,base+03138h
  dw 00709h,base+0347Ch
  dw 0076Eh,base+03483h
  dw 00709h,base+0348Ah
  dw 00809h,base+03140h
  dw 0056Eh,base+03A56h
  dw 0070Ah,base+03491h
  dw 00B75h,base+02574h
  dw 0070Bh,base+03498h
  dw 00A75h,base+029B0h
  dw 0070Ch,base+0349Fh
  dw 00506h,base+03A5Bh
  dw 0036Eh,base+000BDh
  dw 00304h,base+00095h
  dw 00308h,base+01025h
  dw 00407h,base+00596h
  dw 0026Ch,base+00124h
  dw 00406h,base+03862h
  dw 00207h,base+001B9h
  dw 00407h,base+00FA1h
  dw 0016Bh,base+00001h
  dw 00507h,base+03A60h
  dw 00208h,base+00071h
  dw 00270h,base+00067h
  dw 00680h,base+03802h
  dw 00680h,base+0230Ah
  dw 00680h,base+00F6Eh
  dw 00300h,base+005FFh

guilePage3frame016:
  db 042h,026h,060h,05Fh
  db 090h
  db 05Fh,042h,017h,06Bh,038h
  db 000h,000h
  db 000h,000h
  dw 00372h,base+00742h
  dw 0020Dh,base+00067h
  dw 00471h,base+03D4Bh
  dw 0050Eh,base+03A65h
  dw 00671h,base+03808h
  dw 0060Dh,base+0380Eh
  dw 00873h,base+03148h
  dw 0070Ch,base+034A6h
  dw 00974h,base+02D6Eh
  dw 00709h,base+034ADh
  dw 00C77h,base+021C6h
  dw 01112h,base+00FEFh
  dw 0026Dh,base+005D3h
  dw 01113h,base+01000h
  dw 0046Dh,base+03D4Fh
  dw 01116h,base+01011h
  dw 00164h,base+00036h
  dw 00206h,base+00002h
  dw 01116h,base+01022h
  dw 00264h,base+0077Eh
  dw 00305h,base+001CFh
  dw 01517h,base+00819h
  dw 00264h,base+0077Eh
  dw 01A1Ch,base+003CEh
  dw 00264h,base+00A4Bh
  dw 01B1Ch,base+0037Fh
  dw 00364h,base+03E9Ah
  dw 01F81h,base+002D1h
  dw 00607h,base+03814h
  dw 0177Ah,base+00644h
  dw 00406h,base+021AAh
  dw 0187Ah,base+0052Dh
  dw 00306h,base+0004Ch
  dw 00C0Eh,base+021D2h
  dw 00A6Dh,base+029BAh
  dw 00205h,base+000D4h
  dw 00203h,base+000D4h
  dw 0090Bh,base+02D77h
  dw 00A6Dh,base+029C4h
  dw 00205h,base+00019h
  dw 00103h,base+00002h
  dw 0090Ah,base+02D80h
  dw 00B6Fh,base+0257Fh
  dw 00107h,base+00000h
  dw 01580h,base+0082Eh
  dw 01680h,base+007ACh
  dw 01681h,base+007C2h
  dw 01280h,base+00D5Eh
  dw 01280h,base+00D70h
  dw 01280h,base+00D82h
  dw 01381h,base+00B80h
  dw 01280h,base+00D94h
  dw 01281h,base+00DA6h
  dw 01180h,base+01033h
  dw 01181h,base+01044h
  dw 01081h,base+01331h
  dw 00F81h,base+0159Eh
  dw 00E81h,base+018EAh
  dw 00D81h,base+01DB5h
  dw 00B81h,base+0258Ah
  dw 00A81h,base+029CEh
  dw 00782h,base+034B4h
  dw 00300h,base+00019h

guilePage3frame017:
  db 052h,01Ch,056h,068h
  db 074h
  db 05Eh,03Eh,016h,06Ah,035h
  db 000h,000h
  db 000h,000h
  dw 0027Fh,base+0003Eh
  dw 00480h,base+03D53h
  dw 0047Fh,base+03D57h
  dw 00680h,base+0381Ah
  dw 0077Fh,base+034BBh
  dw 00880h,base+03150h
  dw 00975h,base+02D89h
  dw 0010Ah,base+00002h
  dw 00A0Eh,base+029D8h
  dw 00104h,base+00001h
  dw 00363h,base+00042h
  dw 0020Bh,base+00000h
  dw 00A0Dh,base+029E2h
  dw 00204h,base+00155h
  dw 00564h,base+03A6Ah
  dw 0030Bh,base+03E9Dh
  dw 00B0Ch,base+02595h
  dw 00B69h,base+025A0h
  dw 0030Ah,base+03EA0h
  dw 01976h,base+0044Dh
  dw 0030Ah,base+00656h
  dw 01977h,base+00466h
  dw 00306h,base+002D8h
  dw 01E7Ah,base+0030Eh
  dw 02580h,base+00026h
  dw 02581h,base+0004Bh
  dw 02580h,base+00070h
  dw 02580h,base+00095h
  dw 02580h,base+000BAh
  dw 02580h,base+000DFh
  dw 02680h,base+00000h
  dw 00205h,base+00001h
  dw 00607h,base+03820h
  dw 01A7Ch,base+003E8h
  dw 00206h,base+00067h
  dw 01880h,base+00545h
  dw 01980h,base+0047Fh
  dw 01780h,base+0065Bh
  dw 01780h,base+00672h
  dw 01113h,base+01055h
  dw 0036Fh,base+03EA3h
  dw 00103h,base+00002h
  dw 00C81h,base+021DEh
  dw 00708h,base+034C2h
  dw 00200h,base+000B4h

guilePage3frame018:
  db 02Eh,045h,074h,03Fh
  db 08Ah
  db 074h,022h,02Fh,074h,029h
  db 000h,000h
  db 000h,000h
  dw 0027Fh,base+005A0h
  dw 0047Fh,base+00001h
  dw 0057Eh,base+03A6Fh
  dw 00780h,base+034C9h
  dw 00680h,base+00295h
  dw 00580h,base+03564h
  dw 00580h,base+03A74h
  dw 00580h,base+00094h
  dw 00481h,base+001B3h
  dw 00380h,base+00095h
  dw 0037Fh,base+01025h
  dw 0047Fh,base+00095h
  dw 0057Fh,base+03A79h
  dw 00680h,base+03826h
  dw 00680h,base+0382Ch
  dw 00680h,base+03832h
  dw 00680h,base+03838h
  dw 00681h,base+0383Eh
  dw 00580h,base+03A7Eh
  dw 00580h,base+03A83h
  dw 00581h,base+03A88h
  dw 00480h,base+03D5Bh
  dw 00480h,base+03D5Fh
  dw 00480h,base+00B21h
  dw 00480h,base+03D63h
  dw 00480h,base+03D67h
  dw 00480h,base+03D6Bh
  dw 00480h,base+03D6Fh
  dw 0047Fh,base+03D73h
  dw 00680h,base+03844h
  dw 0067Fh,base+0384Ah
  dw 0077Fh,base+034D0h
  dw 00880h,base+03158h
  dw 0087Fh,base+03160h
  dw 00980h,base+02D92h
  dw 0087Fh,base+03168h
  dw 00980h,base+02D9Bh
  dw 0097Fh,base+02DA4h
  dw 00980h,base+02DADh
  dw 00980h,base+02DB6h
  dw 00880h,base+03170h
  dw 0087Fh,base+03178h
  dw 00880h,base+03180h
  dw 0080Eh,base+03188h
  dw 00272h,base+00019h
  dw 0070Eh,base+034D7h
  dw 00372h,base+004F0h
  dw 0070Dh,base+034DEh
  dw 00573h,base+03A8Dh
  dw 0070Dh,base+034E5h
  dw 00574h,base+03A92h
  dw 0070Bh,base+034ECh
  dw 00775h,base+034F3h
  dw 0080Bh,base+03190h
  dw 00775h,base+034FAh
  dw 01381h,base+00B93h
  dw 01480h,base+00937h
  dw 01581h,base+00843h
  dw 01481h,base+0094Bh
  dw 01380h,base+00BA6h
  dw 00F10h,base+015ADh
  dw 00370h,base+03BBBh
  dw 00F10h,base+015BCh
  dw 00371h,base+03EA6h
  dw 01280h,base+00DB8h
  dw 00F10h,base+015CBh
  dw 00271h,base+00346h
  dw 00B0Fh,base+025ABh
  dw 00271h,base+00818h
  dw 00A0Fh,base+029ECh
  dw 00271h,base+00818h
  dw 00A0Fh,base+029F6h
  dw 00272h,base+0257Ah
  dw 00880h,base+03198h
  dw 00880h,base+031A0h
  dw 00881h,base+031A8h
  dw 00780h,base+03501h
  dw 00681h,base+03850h
  dw 00580h,base+03A97h
  dw 00581h,base+03A9Ch
  dw 00300h,base+03EA9h

guilePage3frame019:
  db 010h,010h,060h,04Ah
  db 066h
  db 000h,000h,0B6h,000h,000h
  db 000h,000h
  db 000h,000h
  dw 0027Fh,base+00054h
  dw 0047Fh,base+00715h
  dw 00680h,base+00E01h
  dw 00680h,base+013E5h
  dw 0067Fh,base+00354h
  dw 00880h,base+031B0h
  dw 00880h,base+00353h
  dw 00880h,base+00353h
  dw 00880h,base+00353h
  dw 00880h,base+00353h
  dw 00881h,base+031B0h
  dw 00680h,base+00354h
  dw 00680h,base+013E5h
  dw 00681h,base+00E01h
  dw 00481h,base+00715h
  dw 00200h,base+00054h

guilePage3frame020:
  db 026h,052h,07Eh,032h
  db 08Ah
  db 080h,022h,030h,080h,024h
  db 000h,000h
  db 000h,000h
  dw 0037Fh,base+022AAh
  dw 0067Fh,base+03856h
  dw 0077Fh,base+03508h
  dw 00980h,base+02DBFh
  dw 00A80h,base+02A00h
  dw 00980h,base+02DC8h
  dw 0090Dh,base+02DD1h
  dw 00173h,base+00001h
  dw 0090Dh,base+02DDAh
  dw 00173h,base+00045h
  dw 0090Ch,base+02DE3h
  dw 00274h,base+0004Ah
  dw 00708h,base+0350Fh
  dw 00104h,base+00002h
  dw 00174h,base+00049h
  dw 0070Ch,base+03516h
  dw 00174h,base+00049h
  dw 0080Ch,base+031B8h
  dw 00274h,base+003CFh
  dw 0080Ch,base+031C0h
  dw 00374h,base+03AD0h
  dw 0090Ch,base+02DECh
  dw 00375h,base+0095Ch
  dw 0090Ah,base+02DF5h
  dw 00576h,base+03AA1h
  dw 00C0Dh,base+021EAh
  dw 00273h,base+00002h
  dw 00C81h,base+021F6h
  dw 00B80h,base+025B6h
  dw 00B80h,base+025C1h
  dw 00B80h,base+025CCh
  dw 00A80h,base+02A0Ah
  dw 00A80h,base+02A14h
  dw 00A80h,base+02A1Eh
  dw 00A80h,base+02A28h
  dw 00A80h,base+02A32h
  dw 00980h,base+02DFEh
  dw 00981h,base+02E07h
  dw 00780h,base+0351Dh
  dw 00780h,base+03524h
  dw 00780h,base+0352Bh
  dw 00780h,base+03532h
  dw 00780h,base+03539h
  dw 00681h,base+00B67h
  dw 00580h,base+0075Fh
  dw 00580h,base+0075Fh
  dw 00580h,base+03AA6h
  dw 00580h,base+03AA6h
  dw 0057Fh,base+03AABh
  dw 00780h,base+03540h
  dw 00780h,base+03547h
  dw 00780h,base+0354Eh
  dw 0077Fh,base+03555h
  dw 00880h,base+031C8h
  dw 0087Fh,base+031D0h
  dw 00980h,base+02E10h
  dw 0087Fh,base+031D8h
  dw 00980h,base+02E19h
  dw 0097Fh,base+02E22h
  dw 00A80h,base+02A3Ch
  dw 0097Fh,base+02E2Bh
  dw 00A80h,base+02A46h
  dw 00980h,base+02E34h
  dw 0097Fh,base+02E3Dh
  dw 00A80h,base+02A50h
  dw 00980h,base+02E46h
  dw 00980h,base+02E4Fh
  dw 00880h,base+031E0h
  dw 00880h,base+031E8h
  dw 00780h,base+0355Ch
  dw 00880h,base+031F0h
  dw 00880h,base+031F8h
  dw 00880h,base+03200h
  dw 00981h,base+02E58h
  dw 00880h,base+03208h
  dw 00881h,base+03210h
  dw 00880h,base+03218h
  dw 00880h,base+03220h
  dw 00881h,base+03228h
  dw 00880h,base+03230h
  dw 00881h,base+03238h
  dw 00781h,base+03563h
  dw 00780h,base+0356Ah
  dw 00781h,base+03571h
  dw 00580h,base+03AB0h
  dw 00580h,base+03904h
  dw 0037Fh,base+00003h
  dw 0047Fh,base+03D77h
  dw 00580h,base+03AB5h
  dw 00480h,base+03D7Bh
  dw 00380h,base+0004Ah
  dw 00380h,base+00002h
  dw 00200h,base+008A9h

guilePage3frame021:
  db 028h,032h,066h,052h
  db 068h
  db 066h,02Fh,01Bh,069h,02Eh
  db 000h,000h
  db 000h,000h
  dw 0070Ah,base+03578h
  dw 00475h,base+0157Ch
  dw 00709h,base+0357Fh
  dw 00777h,base+03586h
  dw 00608h,base+03019h
  dw 00878h,base+03240h
  dw 00608h,base+03724h
  dw 00879h,base+03248h
  dw 00507h,base+03970h
  dw 00879h,base+03250h
  dw 00F81h,base+015DAh
  dw 00E80h,base+018F8h
  dw 00E80h,base+01906h
  dw 00E80h,base+01914h
  dw 00E80h,base+01922h
  dw 00E80h,base+01930h
  dw 00D80h,base+01DC2h
  dw 00D80h,base+01DCFh
  dw 00D80h,base+01DDCh
  dw 00D80h,base+01DE9h
  dw 00C80h,base+02202h
  dw 00C80h,base+0220Eh
  dw 00C80h,base+0221Ah
  dw 00D80h,base+01DF6h
  dw 00D80h,base+01E03h
  dw 00E80h,base+0193Eh
  dw 00F80h,base+015E9h
  dw 00F80h,base+015F8h
  dw 01080h,base+01341h
  dw 01080h,base+01351h
  dw 00307h,base+03EACh
  dw 00979h,base+02E61h
  dw 00308h,base+004C3h
  dw 00878h,base+03258h
  dw 00307h,base+006AAh
  dw 00979h,base+02E6Ah
  dw 00307h,base+03EAFh
  dw 00979h,base+02E73h
  dw 00306h,base+011FFh
  dw 00A7Ah,base+02A5Ah
  dw 00306h,base+03EB2h
  dw 00A7Ah,base+02A64h
  dw 00305h,base+03EB5h
  dw 00B7Bh,base+025D7h
  dw 00305h,base+03C90h
  dw 00B7Bh,base+025E2h
  dw 00405h,base+03D7Fh
  dw 00A7Ch,base+02A6Eh
  dw 00E80h,base+0194Ch
  dw 01080h,base+01361h
  dw 01181h,base+01066h
  dw 01080h,base+01371h
  dw 01081h,base+01381h
  dw 00F80h,base+01607h
  dw 00E80h,base+0195Ah
  dw 00E80h,base+01968h
  dw 00E80h,base+01976h
  dw 00E80h,base+01984h
  dw 00E81h,base+01992h
  dw 00D80h,base+01E10h
  dw 0090Ah,base+02E7Ch
  dw 00379h,base+03EB8h
  dw 00507h,base+03ABAh
  dw 0037Ah,base+03EBBh
  dw 00306h,base+002B1h
  dw 00280h,base+00002h
  dw 00200h,base+0084Eh

guilePage3frame022:
  db 026h,061h,06Ch,027h
  db 07Ah
  db 06Ah,022h,032h,06Dh,021h
  db 000h,000h
  db 000h,000h
  dw 0057Eh,base+03ABFh
  dw 00981h,base+02E85h
  dw 00780h,base+0358Dh
  dw 00781h,base+03594h
  dw 00580h,base+03AC4h
  dw 00580h,base+03AC9h
  dw 00581h,base+03ACEh
  dw 00480h,base+03D83h
  dw 0047Fh,base+03D87h
  dw 00580h,base+03AD3h
  dw 00580h,base+03AD3h
  dw 00581h,base+03AD8h
  dw 0047Ch,base+03D8Bh
  dw 00B7Fh,base+025EDh
  dw 00C80h,base+02226h
  dw 00D80h,base+01E1Dh
  dw 00D7Fh,base+01E2Ah
  dw 00E80h,base+019A0h
  dw 00E80h,base+019AEh
  dw 00E7Fh,base+019BCh
  dw 01080h,base+01391h
  dw 01080h,base+013A1h
  dw 01080h,base+013B1h
  dw 01180h,base+01077h
  dw 0117Fh,base+01088h
  dw 01280h,base+00DCAh
  dw 01280h,base+00DDCh
  dw 01380h,base+00BB9h
  dw 00405h,base+03D8Fh
  dw 00E7Bh,base+019CAh
  dw 00405h,base+01DBAh
  dw 0090Ah,base+02E8Eh
  dw 00471h,base+03D93h
  dw 00406h,base+03D97h
  dw 00809h,base+02CC7h
  dw 00471h,base+03D9Bh
  dw 00506h,base+03ADDh
  dw 00709h,base+0359Bh
  dw 00471h,base+03D9Fh
  dw 00506h,base+03AE2h
  dw 00709h,base+035A2h
  dw 00472h,base+03DA3h
  dw 00C0Eh,base+02232h
  dw 00472h,base+03DA7h
  dw 01181h,base+01099h
  dw 01081h,base+013C1h
  dw 00E81h,base+019D8h
  dw 00C81h,base+0223Eh
  dw 00B81h,base+025F8h
  dw 00980h,base+02E97h
  dw 00980h,base+02EA0h
  dw 0087Fh,base+03260h
  dw 00980h,base+02EA9h
  dw 00980h,base+02EB2h
  dw 00980h,base+02EBBh
  dw 00980h,base+02EC4h
  dw 0097Fh,base+02ECDh
  dw 00A80h,base+02A78h
  dw 00A80h,base+02A82h
  dw 00A80h,base+02A8Ch
  dw 00A80h,base+02A96h
  dw 00A7Fh,base+02AA0h
  dw 00B80h,base+02603h
  dw 00B80h,base+0260Eh
  dw 00B80h,base+02619h
  dw 00B80h,base+02624h
  dw 00B80h,base+0262Fh
  dw 00B80h,base+0263Ah
  dw 00506h,base+03AE7h
  dw 0057Ah,base+03AECh
  dw 00506h,base+03AF1h
  dw 0057Ah,base+03AF6h
  dw 00507h,base+03AFBh
  dw 00479h,base+03DABh
  dw 00507h,base+03B00h
  dw 00479h,base+03DAFh
  dw 00507h,base+03B05h
  dw 00479h,base+03DB3h
  dw 00507h,base+03B0Ah
  dw 00479h,base+03DB7h
  dw 00507h,base+03B0Fh
  dw 00479h,base+00263h
  dw 00507h,base+03B14h
  dw 00479h,base+00B82h
  dw 00407h,base+03DBBh
  dw 00479h,base+0107Dh
  dw 00406h,base+03DBFh
  dw 00579h,base+03B19h
  dw 00507h,base+03B1Eh
  dw 00579h,base+03B23h
  dw 00507h,base+03B28h
  dw 00579h,base+03B2Dh
  dw 00507h,base+03B32h
  dw 00479h,base+03DC3h
  dw 00507h,base+03B37h
  dw 00479h,base+03DC7h
  dw 00407h,base+03DCBh
  dw 00478h,base+03DCFh
  dw 00508h,base+03B3Ch
  dw 00478h,base+03DD3h
  dw 00509h,base+03B41h
  dw 00377h,base+03EBEh
  dw 00509h,base+03B46h
  dw 00377h,base+00DEEh
  dw 00409h,base+03DD7h
  dw 00377h,base+004ACh
  dw 00409h,base+03DDBh
  dw 00377h,base+005B0h
  dw 00409h,base+03DDFh
  dw 00377h,base+00247h
  dw 00409h,base+03DE3h
  dw 00377h,base+00403h
  dw 00409h,base+01987h
  dw 00377h,base+00403h
  dw 0030Ah,base+03EC1h
  dw 00276h,base+000D4h
  dw 0030Ah,base+00FAFh
  dw 00276h,base+00003h
  dw 0030Ah,base+000E0h
  dw 00376h,base+00095h
  dw 0030Ah,base+03EC4h
  dw 00376h,base+000F9h
  dw 0030Ah,base+00003h
  dw 00376h,base+00095h
  dw 0020Ah,base+00A6Ah
  dw 00576h,base+03B4Bh
  dw 0020Ah,base+00002h
  dw 00676h,base+0385Ch
  dw 0020Ah,base+0004Ah
  dw 00676h,base+03862h
  dw 0020Ah,base+00002h
  dw 00675h,base+03868h
  dw 0030Bh,base+00EC9h
  dw 00675h,base+002B2h
  dw 0030Bh,base+00095h
  dw 00204h,base+00124h
  dw 00271h,base+0054Bh
  dw 00380h,base+021ABh
  dw 00380h,base+03EC7h
  dw 00380h,base+01056h
  dw 00381h,base+0004Bh
  dw 00100h,base+00008h

guilePage3frame023:
  db 038h,04Fh,06Ah,034h
  db 07Ch
  db 06Ch,022h,027h,06Ch,029h
  db 000h,000h
  db 000h,000h
  dw 0057Fh,base+03B50h
  dw 0047Fh,base+005B0h
  dw 00B7Fh,base+02645h
  dw 00A7Fh,base+02AAAh
  dw 00E7Fh,base+019E6h
  dw 01080h,base+013D1h
  dw 0117Fh,base+010AAh
  dw 0137Fh,base+00BCCh
  dw 0147Eh,base+0095Fh
  dw 00F14h,base+01616h
  dw 0036Ch,base+01C16h
  dw 00E16h,base+019F4h
  dw 0026Ah,base+001DDh
  dw 00A18h,base+02AB4h
  dw 00168h,base+0005Bh
  dw 00A80h,base+02ABEh
  dw 00B81h,base+02650h
  dw 00A80h,base+02AC8h
  dw 00A80h,base+02AD2h
  dw 00B81h,base+0265Bh
  dw 00A80h,base+02ADCh
  dw 00B80h,base+02666h
  dw 00B80h,base+02671h
  dw 00B80h,base+0267Ch
  dw 00C80h,base+0224Ah
  dw 00C80h,base+02256h
  dw 00D80h,base+01E37h
  dw 00D80h,base+01E44h
  dw 00D81h,base+01E51h
  dw 00C80h,base+02262h
  dw 00D81h,base+01E5Eh
  dw 00C80h,base+0226Eh
  dw 00D80h,base+01E6Bh
  dw 00D81h,base+01E78h
  dw 00D81h,base+01E85h
  dw 00C81h,base+0227Ah
  dw 00B0Fh,base+02687h
  dw 00105h,base+0000Ch
  dw 0016Dh,base+00017h
  dw 00A0Ch,base+02AE6h
  dw 00206h,base+0020Bh
  dw 0016Fh,base+00017h
  dw 00C10h,base+02286h
  dw 00270h,base+00143h
  dw 00B0Dh,base+02692h
  dw 00574h,base+03B55h
  dw 0107Fh,base+013E1h
  dw 01180h,base+010BBh
  dw 00F7Fh,base+01625h
  dw 0107Fh,base+013F1h
  dw 0157Fh,base+00858h
  dw 0147Fh,base+00973h
  dw 0147Fh,base+00987h
  dw 01480h,base+0099Bh
  dw 0117Fh,base+010CCh
  dw 01380h,base+00BDFh
  dw 0167Fh,base+007D8h
  dw 01380h,base+00BF2h
  dw 01280h,base+00DEEh
  dw 0147Fh,base+009AFh
  dw 00E80h,base+01A02h
  dw 00E80h,base+01A10h
  dw 00E80h,base+01A1Eh
  dw 00708h,base+035A9h
  dw 00679h,base+0386Eh
  dw 00507h,base+03B5Ah
  dw 00679h,base+03874h
  dw 00507h,base+03B5Fh
  dw 00679h,base+0387Ah
  dw 00507h,base+03B64h
  dw 00679h,base+03880h
  dw 00507h,base+03B69h
  dw 0077Ah,base+035B0h
  dw 00406h,base+03DE7h
  dw 0077Ah,base+035B7h
  dw 00506h,base+03B6Eh
  dw 0087Ah,base+03268h
  dw 00506h,base+03B73h
  dw 0087Bh,base+03270h
  dw 00406h,base+03DEBh
  dw 0077Ah,base+035BEh
  dw 00406h,base+03DEFh
  dw 0087Ah,base+03278h
  dw 00406h,base+03A73h
  dw 0087Bh,base+03280h
  dw 00306h,base+00072h
  dw 0087Ah,base+03288h
  dw 00307h,base+00095h
  dw 00879h,base+03290h
  dw 00308h,base+01972h
  dw 00779h,base+035C5h
  dw 00309h,base+00109h
  dw 00577h,base+03B78h
  dw 0030Ah,base+03ECAh
  dw 00476h,base+03DF3h
  dw 0030Bh,base+0137Dh
  dw 00375h,base+03ECDh
  dw 0030Bh,base+03ED0h
  dw 00374h,base+01972h
  dw 0040Ch,base+001D4h
  dw 00373h,base+00C81h
  dw 0050Dh,base+03B7Dh
  dw 00373h,base+00027h
  dw 0030Ch,base+03ED3h
  dw 00474h,base+03DF7h
  dw 0030Ch,base+03E49h
  dw 00474h,base+03DFBh
  dw 0030Ch,base+00127h
  dw 00374h,base+03E8Bh
  dw 0020Ch,base+007BEh
  dw 00380h,base+00002h
  dw 00200h,base+005E9h

guilePage3frame024:
  db 050h,04Ah,058h,039h
  db 07Ah
  db 06Bh,026h,02Ah,06Bh,02Dh
  db 000h,000h
  db 000h,000h
  dw 00B7Ah,base+0269Dh
  dw 00106h,base+00001h
  dw 0057Ah,base+03B82h
  dw 00106h,base+00001h
  dw 00102h,base+00001h
  dw 00177h,base+0005Bh
  dw 00306h,base+008E1h
  dw 00278h,base+0129Fh
  dw 00A7Fh,base+02AF0h
  dw 00A7Fh,base+02AFAh
  dw 00B7Fh,base+026A8h
  dw 00E7Fh,base+01A2Ch
  dw 0107Fh,base+01401h
  dw 0127Fh,base+00E00h
  dw 01380h,base+00C05h
  dw 0147Fh,base+009C3h
  dw 01780h,base+00689h
  dw 0177Fh,base+006A0h
  dw 01980h,base+00498h
  dw 00A0Ch,base+02B04h
  dw 00D74h,base+01E92h
  dw 0090Ch,base+02ED6h
  dw 00D74h,base+01E9Fh
  dw 0070Ch,base+035CCh
  dw 00D74h,base+01EACh
  dw 0080Dh,base+03298h
  dw 00C74h,base+02292h
  dw 01780h,base+006B7h
  dw 00A0Ch,base+02B0Eh
  dw 00102h,base+0005Bh
  dw 00973h,base+02EDFh
  dw 0070Bh,base+035D3h
  dw 00102h,base+00002h
  dw 00973h,base+02EE8h
  dw 0080Ch,base+032A0h
  dw 00A74h,base+02B18h
  dw 0080Bh,base+032A8h
  dw 00B74h,base+026B3h
  dw 0090Ch,base+02EF1h
  dw 00B74h,base+026BEh
  dw 01780h,base+006CEh
  dw 0187Fh,base+0055Dh
  dw 01980h,base+004B1h
  dw 01980h,base+004CAh
  dw 01980h,base+004E3h
  dw 01112h,base+010DDh
  dw 0076Fh,base+035DAh
  dw 01012h,base+01411h
  dw 0066Eh,base+03886h
  dw 00F12h,base+01634h
  dw 0066Fh,base+0388Ch
  dw 00F11h,base+01643h
  dw 0066Fh,base+03892h
  dw 01781h,base+006E5h
  dw 01681h,base+007EEh
  dw 01581h,base+0086Dh
  dw 01481h,base+009D7h
  dw 01482h,base+009EBh
  dw 01482h,base+009FFh
  dw 01482h,base+00A13h
  dw 01C80h,base+00348h
  dw 0197Fh,base+004FCh
  dw 00E80h,base+01A3Ah
  dw 00D80h,base+01EB9h
  dw 00D7Fh,base+01EC6h
  dw 00E80h,base+01A02h
  dw 00E80h,base+01A10h
  dw 00E80h,base+01A1Eh
  dw 00708h,base+035A9h
  dw 00679h,base+0386Eh
  dw 00507h,base+03B5Ah
  dw 00679h,base+03874h
  dw 00507h,base+03B5Fh
  dw 00679h,base+0387Ah
  dw 00507h,base+03B64h
  dw 00679h,base+03880h
  dw 00507h,base+03B69h
  dw 0077Ah,base+035B0h
  dw 00406h,base+03DE7h
  dw 0077Ah,base+035B7h
  dw 00506h,base+03B6Eh
  dw 0087Ah,base+03268h
  dw 00506h,base+03B73h
  dw 0087Bh,base+03270h
  dw 00406h,base+03DEBh
  dw 0077Ah,base+035BEh
  dw 00406h,base+03DEFh
  dw 0087Ah,base+03278h
  dw 00406h,base+03A73h
  dw 0087Bh,base+03280h
  dw 00306h,base+00072h
  dw 0087Ah,base+03288h
  dw 00307h,base+00095h
  dw 00879h,base+03290h
  dw 00308h,base+01972h
  dw 00779h,base+035C5h
  dw 00309h,base+00109h
  dw 00577h,base+03B78h
  dw 0030Ah,base+03ECAh
  dw 00476h,base+03DF3h
  dw 0030Bh,base+0137Dh
  dw 00375h,base+03ECDh
  dw 0030Bh,base+03ED0h
  dw 00374h,base+01972h
  dw 0040Ch,base+001D4h
  dw 00373h,base+00C81h
  dw 0050Dh,base+03B7Dh
  dw 00373h,base+00027h
  dw 0030Ch,base+03ED3h
  dw 00474h,base+03DF7h
  dw 0030Ch,base+03E49h
  dw 00474h,base+03DFBh
  dw 0030Ch,base+00127h
  dw 00374h,base+03E8Bh
  dw 0020Ch,base+007BEh
  dw 00380h,base+00002h
  dw 00200h,base+005E9h

guilePage3frame025:
  db 066h,05Eh,03Eh,01Fh
  db 05Ch
  db 070h,025h,03Bh,072h,02Ah
  db 069h,07Ch
  db 049h,07Ch
  dw 0057Fh,base+03B87h
  dw 0027Eh,base+003CFh
  dw 00304h,base+003E3h
  dw 0027Bh,base+00001h
  dw 0057Fh,base+03B8Ch
  dw 00480h,base+03DFFh
  dw 0067Fh,base+03898h
  dw 0067Fh,base+0389Eh
  dw 00607h,base+038A4h
  dw 00279h,base+000D4h
  dw 00506h,base+03B91h
  dw 00179h,base+00001h
  dw 00780h,base+035E1h
  dw 00623h,base+038AAh
  dw 0015Ch,base+00000h
  dw 00608h,base+038B0h
  dw 0021Ch,base+000D4h
  dw 0015Ch,base+00004h
  dw 00607h,base+038B6h
  dw 0011Eh,base+00001h
  dw 0015Ah,base+00000h
  dw 00607h,base+038BCh
  dw 0011Fh,base+00001h
  dw 0015Ah,base+00004h
  dw 0070Bh,base+035E8h
  dw 0011Ah,base+00002h
  dw 00102h,base+00002h
  dw 00158h,base+00000h
  dw 0070Ah,base+035EFh
  dw 0011Ch,base+00000h
  dw 00102h,base+00000h
  dw 00158h,base+00004h
  dw 00809h,base+032B0h
  dw 0011Eh,base+00000h
  dw 00259h,base+00003h
  dw 00708h,base+035F6h
  dw 0021Fh,base+000DAh
  dw 00102h,base+00000h
  dw 00156h,base+00001h
  dw 00809h,base+032B8h
  dw 00103h,base+00001h
  dw 0011Dh,base+0000Ch
  dw 00257h,base+00003h
  dw 00708h,base+035FDh
  dw 00103h,base+00001h
  dw 0011Fh,base+0003Eh
  dw 00256h,base+00026h
  dw 00809h,base+032C0h
  dw 0031Eh,base+0011Bh
  dw 00103h,base+00002h
  dw 00255h,base+000B4h
  dw 00C27h,base+0229Eh
  dw 00102h,base+00002h
  dw 00102h,base+00002h
  dw 00355h,base+000B4h
  dw 0090Ah,base+02EFAh
  dw 0011Eh,base+0003Eh
  dw 00203h,base+00002h
  dw 00355h,base+00127h
  dw 00708h,base+03604h
  dw 0031Eh,base+00112h
  dw 00102h,base+00002h
  dw 00102h,base+00002h
  dw 00456h,base+00096h
  dw 00708h,base+0360Bh
  dw 00305h,base+0113Ah
  dw 0011Ah,base+00014h
  dw 00102h,base+00002h
  dw 00656h,base+00295h
  dw 00E24h,base+01A48h
  dw 00104h,base+00018h
  dw 00102h,base+00002h
  dw 00102h,base+00002h
  dw 00454h,base+00108h
  dw 00B0Ch,base+026C9h
  dw 0010Fh,base+0003Eh
  dw 00109h,base+00017h
  dw 00105h,base+00006h
  dw 00757h,base+03612h
  dw 00A0Bh,base+02B22h
  dw 0020Eh,base+0003Eh
  dw 0030Ah,base+001C5h
  dw 00102h,base+00006h
  dw 00104h,base+00018h
  dw 00757h,base+03619h
  dw 00C19h,base+022AAh
  dw 0040Bh,base+03E03h
  dw 00206h,base+00246h
  dw 00656h,base+01ACBh
  dw 00D18h,base+01ED3h
  dw 0050Ch,base+03B96h
  dw 00102h,base+00006h
  dw 00104h,base+00018h
  dw 00756h,base+03620h
  dw 00D17h,base+01EE0h
  dw 0070Eh,base+03627h
  dw 00205h,base+024EEh
  dw 00756h,base+0362Eh
  dw 00809h,base+032C8h
  dw 0030Eh,base+0078Ch
  dw 0070Eh,base+03635h
  dw 00205h,base+001A6h
  dw 00756h,base+02B4Bh
  dw 00809h,base+032D0h
  dw 0030Dh,base+02805h
  dw 0080Fh,base+032D8h
  dw 00305h,base+00E2Eh
  dw 00756h,base+0363Ch
  dw 00C16h,base+022B6h
  dw 0090Ah,base+02F03h
  dw 00106h,base+00006h
  dw 00C59h,base+022C2h
  dw 00C16h,base+022CEh
  dw 00A0Ch,base+02B2Ch
  dw 00103h,base+00018h
  dw 00102h,base+00002h
  dw 00C59h,base+022DAh
  dw 00C16h,base+022E6h
  dw 00A0Ch,base+02B36h
  dw 00104h,base+00006h
  dw 00D5Ah,base+01EEDh
  dw 00C15h,base+022F2h
  dw 00B0Dh,base+026D4h
  dw 00204h,base+00C6Eh
  dw 00D5Ah,base+01EFAh
  dw 00B15h,base+026DFh
  dw 00C0Eh,base+022FEh
  dw 00103h,base+0000Ch
  dw 0090Bh,base+02F0Ch
  dw 0024Fh,base+00026h
  dw 00B0Fh,base+026EAh
  dw 00205h,base+00026h
  dw 00D0Fh,base+01F07h
  dw 00102h,base+00059h
  dw 0090Ch,base+02F15h
  dw 0024Fh,base+00920h
  dw 00B0Fh,base+026F5h
  dw 00C0Dh,base+0230Ah
  dw 00507h,base+03B9Bh
  dw 00A0Fh,base+02B40h
  dw 0014Eh,base+00048h
  dw 00B0Fh,base+02700h
  dw 00A0Dh,base+02B4Ah
  dw 00507h,base+03BA0h
  dw 0090Fh,base+02F1Eh
  dw 0014Eh,base+00001h
  dw 00B0Fh,base+02700h
  dw 0090Dh,base+02F27h
  dw 01064h,base+01421h
  dw 00B10h,base+0270Bh
  dw 0070Ch,base+002B2h
  dw 01064h,base+01431h
  dw 00B10h,base+02716h
  dw 0060Ch,base+00380h
  dw 00F64h,base+01652h
  dw 00A12h,base+006E8h
  dw 0040Ah,base+00002h
  dw 00E64h,base+01A56h
  dw 00A13h,base+02B54h
  dw 00309h,base+03ED6h
  dw 00E64h,base+01A64h
  dw 00A13h,base+02B54h
  dw 00209h,base+0004Fh
  dw 00D64h,base+01F14h
  dw 00A14h,base+02B54h
  dw 00108h,base+0005Bh
  dw 00C64h,base+02316h
  dw 00A1Ch,base+02B54h
  dw 00B64h,base+02721h
  dw 00A1Bh,base+006E8h
  dw 00B65h,base+0272Ch
  dw 00B1Bh,base+02716h
  dw 00B65h,base+02737h
  dw 00B1Bh,base+0270Bh
  dw 00A65h,base+02B5Eh
  dw 00B1Bh,base+02700h
  dw 00965h,base+02F30h
  dw 00B1Bh,base+02700h
  dw 00865h,base+032E0h
  dw 00B1Ch,base+026F5h
  dw 00764h,base+03643h
  dw 00B1Ch,base+026EAh
  dw 00864h,base+032E8h
  dw 00B1Ch,base+026DFh
  dw 00864h,base+032F0h
  dw 00C1Ch,base+022F2h
  dw 00964h,base+02F39h
  dw 00C1Ch,base+022E6h
  dw 00964h,base+02F42h
  dw 00C1Dh,base+022CEh
  dw 00764h,base+01D68h
  dw 00C1Ch,base+022B6h
  dw 00764h,base+01D68h
  dw 00809h,base+032D0h
  dw 00313h,base+02805h
  dw 00864h,base+032F8h
  dw 00809h,base+032C8h
  dw 00313h,base+0078Ch
  dw 00964h,base+02F4Bh
  dw 00D1Bh,base+01EE0h
  dw 00B65h,base+02742h
  dw 00D1Bh,base+01ED3h
  dw 00B65h,base+0274Dh
  dw 00C1Ah,base+022AAh
  dw 00D66h,base+01F21h
  dw 00A0Bh,base+02B22h
  dw 0020Fh,base+0003Eh
  dw 00D66h,base+01F2Eh
  dw 00B0Ch,base+026C9h
  dw 0010Dh,base+0003Eh
  dw 00E67h,base+01A72h
  dw 00E19h,base+01A48h
  dw 00E68h,base+01A80h
  dw 00708h,base+0360Bh
  dw 00305h,base+0113Ah
  dw 0010Ah,base+00014h
  dw 00F69h,base+01661h
  dw 00708h,base+03604h
  dw 0030Fh,base+00112h
  dw 01169h,base+010EEh
  dw 0090Ah,base+02EFAh
  dw 0010Dh,base+0003Eh
  dw 01369h,base+00C18h
  dw 00C16h,base+0229Eh
  dw 0146Bh,base+00A27h
  dw 00809h,base+032C0h
  dw 0030Ch,base+0011Bh
  dw 0156Bh,base+00882h
  dw 00708h,base+035FDh
  dw 00103h,base+00001h
  dw 0010Ah,base+0003Eh
  dw 0146Bh,base+00A3Bh
  dw 00809h,base+032B8h
  dw 00103h,base+00001h
  dw 00109h,base+0000Ch
  dw 0146Ch,base+00A4Fh
  dw 00708h,base+035F6h
  dw 0020Dh,base+000DAh
  dw 0136Bh,base+00C2Bh
  dw 00809h,base+032B0h
  dw 0010Ch,base+00000h
  dw 0126Bh,base+00E12h
  dw 0070Ah,base+035EFh
  dw 0010Ch,base+00000h
  dw 0116Bh,base+010FFh
  dw 0070Bh,base+035E8h
  dw 0010Ah,base+00002h
  dw 0116Bh,base+01110h
  dw 00607h,base+038BCh
  dw 0010Fh,base+00001h
  dw 00A0Ch,base+02B68h
  dw 0045Fh,base+03E07h
  dw 00607h,base+038B6h
  dw 0010Fh,base+00001h
  dw 0090Bh,base+02F54h
  dw 0045Fh,base+03E0Bh
  dw 00608h,base+038B0h
  dw 00210h,base+000D4h
  dw 00609h,base+038C2h
  dw 00360h,base+01661h
  dw 00618h,base+038AAh
  dw 00509h,base+03BA5h
  dw 0025Fh,base+00A28h
  dw 00719h,base+035E1h
  dw 00308h,base+003E3h
  dw 00260h,base+0055Bh
  dw 00506h,base+03B91h
  dw 0011Ah,base+00001h
  dw 00160h,base+00092h
  dw 00607h,base+038A4h
  dw 00219h,base+000D4h
  dw 00161h,base+00001h
  dw 00681h,base+0389Eh
  dw 00680h,base+03898h
  dw 00481h,base+03DFFh
  dw 00581h,base+03B8Ch
  dw 00304h,base+003E3h
  dw 0027Eh,base+00001h
  dw 00281h,base+003CFh
  dw 00500h,base+03B87h

guilePage3frame026:
  db 008h,016h,060h,047h
  db 064h
  db 000h,000h,0B9h,000h,000h
  db 000h,000h
  db 000h,000h
  dw 00180h,base+0005Bh
  dw 0027Fh,base+0005Bh
  dw 00280h,base+0001Dh
  dw 0027Fh,base+0077Fh
  dw 00380h,base+03ED9h
  dw 00480h,base+03E0Fh
  dw 00480h,base+03E13h
  dw 00380h,base+0314Ah
  dw 00480h,base+0083Eh
  dw 00480h,base+0249Ch
  dw 00380h,base+01127h
  dw 00380h,base+01127h
  dw 00480h,base+0249Ch
  dw 00480h,base+0083Eh
  dw 00380h,base+0314Ah
  dw 00480h,base+03E13h
  dw 00480h,base+03E0Fh
  dw 00381h,base+03ED9h
  dw 00280h,base+0077Fh
  dw 00281h,base+0001Dh
  dw 00280h,base+0005Bh
  dw 00100h,base+0005Bh

guilePage3frame027:
  db 012h,01Ah,05Eh,045h
  db 066h
  db 000h,000h,0BBh,000h,000h
  db 000h,000h
  db 000h,000h
  dw 00102h,base+00049h
  dw 0017Ch,base+00049h
  dw 00102h,base+0005Bh
  dw 00102h,base+0005Bh
  dw 0017Bh,base+0005Bh
  dw 00103h,base+00049h
  dw 0017Dh,base+00001h
  dw 00180h,base+0002Fh
  dw 00280h,base+00557h
  dw 00205h,base+00DAFh
  dw 0017Bh,base+00049h
  dw 00380h,base+01261h
  dw 00280h,base+00605h
  dw 00207h,base+011C3h
  dw 00179h,base+00049h
  dw 00203h,base+004C1h
  dw 00103h,base+00045h
  dw 00279h,base+007BEh
  dw 00480h,base+03E17h
  dw 00380h,base+017A8h
  dw 00480h,base+03E1Bh
  dw 00480h,base+03E1Bh
  dw 00380h,base+017A8h
  dw 00481h,base+03E17h
  dw 00203h,base+004C1h
  dw 00103h,base+00045h
  dw 0027Ah,base+007BEh
  dw 00207h,base+011C3h
  dw 00179h,base+00049h
  dw 00280h,base+00605h
  dw 00380h,base+01261h
  dw 00205h,base+00DAFh
  dw 0017Bh,base+00049h
  dw 00280h,base+00557h
  dw 00180h,base+0002Fh
  dw 00103h,base+00049h
  dw 0017Eh,base+00001h
  dw 00102h,base+0005Bh
  dw 00102h,base+0005Bh
  dw 0017Eh,base+0005Bh
  dw 00102h,base+00049h
  dw 00100h,base+00049h

guilePage3frame028:
  db 016h,01Ch,05Eh,044h
  db 064h
  db 000h,000h,0BCh,000h,000h
  db 000h,000h
  db 000h,000h
  dw 00102h,base+00049h
  dw 00102h,base+00049h
  dw 00179h,base+00001h
  dw 00105h,base+00001h
  dw 0017Bh,base+0005Bh
  dw 00102h,base+00049h
  dw 00105h,base+0005Bh
  dw 00179h,base+00020h
  dw 00106h,base+00048h
  dw 0017Ah,base+00001h
  dw 00108h,base+00001h
  dw 0017Ch,base+0005Bh
  dw 0017Fh,base+00001h
  dw 00180h,base+00049h
  dw 00102h,base+0005Bh
  dw 00104h,base+0005Bh
  dw 00178h,base+0005Bh
  dw 00107h,base+00001h
  dw 00178h,base+00048h
  dw 0010Ah,base+00048h
  dw 00176h,base+00001h
  dw 00206h,base+0001Dh
  dw 0017Ah,base+0005Bh
  dw 00203h,base+00022h
  dw 00102h,base+00049h
  dw 0017Bh,base+00048h
  dw 00207h,base+00404h
  dw 0017Ah,base+00001h
  dw 00180h,base+00000h
  dw 0017Fh,base+00000h
  dw 00207h,base+00404h
  dw 00179h,base+00001h
  dw 00203h,base+00022h
  dw 00102h,base+00049h
  dw 0017Bh,base+00048h
  dw 00206h,base+0001Dh
  dw 0017Ah,base+0005Bh
  dw 0010Ah,base+00048h
  dw 00177h,base+00001h
  dw 00107h,base+00001h
  dw 0017Bh,base+00048h
  dw 00102h,base+0005Bh
  dw 00104h,base+0005Bh
  dw 0017Ah,base+0005Bh
  dw 00181h,base+00049h
  dw 0017Ch,base+00001h
  dw 00108h,base+00001h
  dw 00178h,base+0005Bh
  dw 00106h,base+00048h
  dw 0017Ah,base+00001h
  dw 00102h,base+00049h
  dw 00105h,base+0005Bh
  dw 00179h,base+00020h
  dw 00105h,base+00001h
  dw 0017Eh,base+0005Bh
  dw 00102h,base+00049h
  dw 00102h,base+00049h
  dw 00100h,base+00001h

guilePage3frame029:
  db 026h,010h,04Eh,048h
  db 05Ah
  db 000h,000h,0B8h,000h,000h
  db 064h,052h
  db 000h,000h
  dw 00A7Eh,base+02B72h
  dw 00F7Fh,base+01670h
  dw 00D7Fh,base+01F3Bh
  dw 00A7Fh,base+02B7Ch
  dw 00980h,base+02F5Dh
  dw 00780h,base+0364Ah
  dw 0067Fh,base+038C8h
  dw 00780h,base+03651h
  dw 00780h,base+03651h
  dw 00781h,base+03651h
  dw 00680h,base+03652h
  dw 00780h,base+03658h
  dw 00781h,base+0365Fh
  dw 00681h,base+038CEh
  dw 00581h,base+03BAAh
  dw 00300h,base+00775h

guilePage3frame030:
  db 024h,008h,056h,053h
  db 056h
  db 000h,000h,0ADh,000h,000h
  db 064h,052h
  db 000h,000h
  dw 00181h,base+00017h
  dw 00280h,base+03C73h
  dw 00481h,base+03E1Fh
  dw 01080h,base+01441h
  dw 01081h,base+01451h
  dw 00F82h,base+0167Fh
  dw 00D83h,base+01F48h
  dw 00900h,base+02F66h

guilePage3frame031:
  db 026h,010h,05Ch,049h
  db 074h
  db 000h,000h,0B7h,000h,000h
  db 064h,052h
  db 000h,000h
  dw 00380h,base+00776h
  dw 0047Fh,base+03E23h
  dw 00680h,base+038D4h
  dw 00781h,base+03666h
  dw 00780h,base+0366Dh
  dw 00781h,base+03674h
  dw 00680h,base+03675h
  dw 0067Fh,base+03675h
  dw 00780h,base+03674h
  dw 0077Fh,base+0367Bh
  dw 0087Fh,base+03300h
  dw 0087Eh,base+03308h
  dw 0097Bh,base+02F6Fh
  dw 00D7Dh,base+01F55h
  dw 00F83h,base+0168Eh
  dw 00A00h,base+02B86h

guilePage3frame032:
  db 024h,007h,058h,046h
  db 05Ah
  db 000h,000h,0BAh,000h,000h
  db 064h,052h
  db 000h,000h
  dw 00A7Fh,base+02B90h
  dw 00E80h,base+01A8Eh
  dw 00F80h,base+0169Dh
  dw 01081h,base+01461h
  dw 0108Ch,base+01471h
  dw 00482h,base+03E27h
  dw 00300h,base+03EDCh

guilePage3frame033:
  db 066h,05Eh,03Eh,01Fh
  db 05Ch
  db 070h,025h,03Bh,072h,02Ah
  db 063h,033h
  db 043h,033h
  dw 0057Fh,base+03B87h
  dw 0027Eh,base+003CFh
  dw 00304h,base+003E3h
  dw 0027Bh,base+00001h
  dw 0057Fh,base+03B8Ch
  dw 00480h,base+03DFFh
  dw 0067Fh,base+03898h
  dw 0067Fh,base+0389Eh
  dw 00607h,base+038A4h
  dw 00279h,base+000D4h
  dw 00506h,base+03B91h
  dw 00179h,base+00001h
  dw 00780h,base+035E1h
  dw 00623h,base+038AAh
  dw 0015Ch,base+00000h
  dw 00608h,base+038B0h
  dw 0021Ch,base+000D4h
  dw 0015Ch,base+00004h
  dw 00607h,base+038B6h
  dw 0011Eh,base+00001h
  dw 0015Ah,base+00000h
  dw 00607h,base+038BCh
  dw 0011Fh,base+00001h
  dw 0015Ah,base+00004h
  dw 0070Bh,base+035E8h
  dw 0011Ah,base+00002h
  dw 00102h,base+00002h
  dw 00158h,base+00000h
  dw 0070Ah,base+035EFh
  dw 0011Ch,base+00000h
  dw 00102h,base+00000h
  dw 00158h,base+00004h
  dw 00809h,base+032B0h
  dw 0011Eh,base+00000h
  dw 00259h,base+00003h
  dw 00708h,base+035F6h
  dw 0021Fh,base+000DAh
  dw 00102h,base+00000h
  dw 00156h,base+00001h
  dw 00809h,base+032B8h
  dw 00103h,base+00001h
  dw 0011Dh,base+0000Ch
  dw 00257h,base+00003h
  dw 00708h,base+035FDh
  dw 00103h,base+00001h
  dw 0011Fh,base+0003Eh
  dw 00256h,base+00026h
  dw 00809h,base+032C0h
  dw 0031Eh,base+0011Bh
  dw 00103h,base+00002h
  dw 00255h,base+000B4h
  dw 00C27h,base+0229Eh
  dw 00102h,base+00002h
  dw 00102h,base+00002h
  dw 00355h,base+000B4h
  dw 0090Ah,base+02EFAh
  dw 0011Eh,base+0003Eh
  dw 00203h,base+00002h
  dw 00355h,base+00127h
  dw 00708h,base+03604h
  dw 0031Eh,base+00112h
  dw 00102h,base+00002h
  dw 00102h,base+00002h
  dw 00456h,base+00096h
  dw 00708h,base+0360Bh
  dw 00305h,base+0113Ah
  dw 0011Ah,base+00014h
  dw 00102h,base+00002h
  dw 00656h,base+00295h
  dw 00E24h,base+01A48h
  dw 00104h,base+00018h
  dw 00102h,base+00002h
  dw 00102h,base+00002h
  dw 00454h,base+00108h
  dw 00B0Ch,base+026C9h
  dw 0010Fh,base+0003Eh
  dw 00109h,base+00017h
  dw 00105h,base+00006h
  dw 00757h,base+03612h
  dw 00A0Bh,base+02B22h
  dw 0020Eh,base+0003Eh
  dw 0030Ah,base+001C5h
  dw 00102h,base+00006h
  dw 00104h,base+00018h
  dw 00757h,base+03619h
  dw 00C19h,base+022AAh
  dw 0040Bh,base+03E03h
  dw 00206h,base+00246h
  dw 00656h,base+01ACBh
  dw 00D18h,base+01ED3h
  dw 0050Ch,base+03B96h
  dw 00102h,base+00006h
  dw 00104h,base+00018h
  dw 00756h,base+03620h
  dw 00D17h,base+01EE0h
  dw 0070Eh,base+03627h
  dw 00205h,base+024EEh
  dw 00756h,base+0362Eh
  dw 00809h,base+032C8h
  dw 0030Eh,base+0078Ch
  dw 0070Eh,base+03635h
  dw 00205h,base+001A6h
  dw 00756h,base+02B4Bh
  dw 00809h,base+032D0h
  dw 0030Dh,base+02805h
  dw 0080Fh,base+032D8h
  dw 00305h,base+00E2Eh
  dw 00756h,base+0363Ch
  dw 00C16h,base+022B6h
  dw 0090Ah,base+02F03h
  dw 00106h,base+00006h
  dw 00C59h,base+022C2h
  dw 00C16h,base+022CEh
  dw 00A0Ch,base+02B2Ch
  dw 00103h,base+00018h
  dw 00102h,base+00002h
  dw 00C59h,base+022DAh
  dw 00C16h,base+022E6h
  dw 00A0Ch,base+02B36h
  dw 00104h,base+00006h
  dw 00D5Ah,base+01EEDh
  dw 00C15h,base+022F2h
  dw 00B0Dh,base+026D4h
  dw 00204h,base+00C6Eh
  dw 00D5Ah,base+01EFAh
  dw 00B15h,base+026DFh
  dw 00C0Eh,base+022FEh
  dw 00103h,base+0000Ch
  dw 0090Bh,base+02F0Ch
  dw 0024Fh,base+00026h
  dw 00B0Fh,base+026EAh
  dw 00205h,base+00026h
  dw 00D0Fh,base+01F07h
  dw 00102h,base+00059h
  dw 0090Ch,base+02F15h
  dw 0024Fh,base+00920h
  dw 00B0Fh,base+026F5h
  dw 00C0Dh,base+0230Ah
  dw 00507h,base+03B9Bh
  dw 00A0Fh,base+02B40h
  dw 0014Eh,base+00048h
  dw 00B0Fh,base+02700h
  dw 00A0Dh,base+02B4Ah
  dw 00507h,base+03BA0h
  dw 0090Fh,base+02F1Eh
  dw 0014Eh,base+00001h
  dw 00B0Fh,base+02700h
  dw 0090Dh,base+02F27h
  dw 01064h,base+01421h
  dw 00B10h,base+0270Bh
  dw 0070Ch,base+002B2h
  dw 01064h,base+01431h
  dw 00B10h,base+02716h
  dw 0060Ch,base+00380h
  dw 00F64h,base+01652h
  dw 00A12h,base+006E8h
  dw 0040Ah,base+00002h
  dw 00E64h,base+01A56h
  dw 00A13h,base+02B54h
  dw 00309h,base+03ED6h
  dw 00E64h,base+01A64h
  dw 00A13h,base+02B54h
  dw 00209h,base+0004Fh
  dw 00D64h,base+01F14h
  dw 00A14h,base+02B54h
  dw 00108h,base+0005Bh
  dw 00C64h,base+02316h
  dw 00A1Ch,base+02B54h
  dw 00B64h,base+02721h
  dw 00A1Bh,base+006E8h
  dw 00B65h,base+0272Ch
  dw 00B1Bh,base+02716h
  dw 00B65h,base+02737h
  dw 00B1Bh,base+0270Bh
  dw 00A65h,base+02B5Eh
  dw 00B1Bh,base+02700h
  dw 00965h,base+02F30h
  dw 00B1Bh,base+02700h
  dw 00865h,base+032E0h
  dw 00B1Ch,base+026F5h
  dw 00764h,base+03643h
  dw 00B1Ch,base+026EAh
  dw 00864h,base+032E8h
  dw 00B1Ch,base+026DFh
  dw 00864h,base+032F0h
  dw 00C1Ch,base+022F2h
  dw 00964h,base+02F39h
  dw 00C1Ch,base+022E6h
  dw 00964h,base+02F42h
  dw 00C1Dh,base+022CEh
  dw 00764h,base+01D68h
  dw 00C1Ch,base+022B6h
  dw 00764h,base+01D68h
  dw 00809h,base+032D0h
  dw 00313h,base+02805h
  dw 00864h,base+032F8h
  dw 00809h,base+032C8h
  dw 00313h,base+0078Ch
  dw 00964h,base+02F4Bh
  dw 00D1Bh,base+01EE0h
  dw 00B65h,base+02742h
  dw 00D1Bh,base+01ED3h
  dw 00B65h,base+0274Dh
  dw 00C1Ah,base+022AAh
  dw 00D66h,base+01F21h
  dw 00A0Bh,base+02B22h
  dw 0020Fh,base+0003Eh
  dw 00D66h,base+01F2Eh
  dw 00B0Ch,base+026C9h
  dw 0010Dh,base+0003Eh
  dw 00E67h,base+01A72h
  dw 00E19h,base+01A48h
  dw 00E68h,base+01A80h
  dw 00708h,base+0360Bh
  dw 00305h,base+0113Ah
  dw 0010Ah,base+00014h
  dw 00F69h,base+01661h
  dw 00708h,base+03604h
  dw 0030Fh,base+00112h
  dw 01169h,base+010EEh
  dw 0090Ah,base+02EFAh
  dw 0010Dh,base+0003Eh
  dw 01369h,base+00C18h
  dw 00C16h,base+0229Eh
  dw 0146Bh,base+00A27h
  dw 00809h,base+032C0h
  dw 0030Ch,base+0011Bh
  dw 0156Bh,base+00882h
  dw 00708h,base+035FDh
  dw 00103h,base+00001h
  dw 0010Ah,base+0003Eh
  dw 0146Bh,base+00A3Bh
  dw 00809h,base+032B8h
  dw 00103h,base+00001h
  dw 00109h,base+0000Ch
  dw 0146Ch,base+00A4Fh
  dw 00708h,base+035F6h
  dw 0020Dh,base+000DAh
  dw 0136Bh,base+00C2Bh
  dw 00809h,base+032B0h
  dw 0010Ch,base+00000h
  dw 0126Bh,base+00E12h
  dw 0070Ah,base+035EFh
  dw 0010Ch,base+00000h
  dw 0116Bh,base+010FFh
  dw 0070Bh,base+035E8h
  dw 0010Ah,base+00002h
  dw 0116Bh,base+01110h
  dw 00607h,base+038BCh
  dw 0010Fh,base+00001h
  dw 00A0Ch,base+02B68h
  dw 0045Fh,base+03E07h
  dw 00607h,base+038B6h
  dw 0010Fh,base+00001h
  dw 0090Bh,base+02F54h
  dw 0045Fh,base+03E0Bh
  dw 00608h,base+038B0h
  dw 00210h,base+000D4h
  dw 00609h,base+038C2h
  dw 00360h,base+01661h
  dw 00618h,base+038AAh
  dw 00509h,base+03BA5h
  dw 0025Fh,base+00A28h
  dw 00719h,base+035E1h
  dw 00308h,base+003E3h
  dw 00260h,base+0055Bh
  dw 00506h,base+03B91h
  dw 0011Ah,base+00001h
  dw 00160h,base+00092h
  dw 00607h,base+038A4h
  dw 00219h,base+000D4h
  dw 00161h,base+00001h
  dw 00681h,base+0389Eh
  dw 00680h,base+03898h
  dw 00481h,base+03DFFh
  dw 00581h,base+03B8Ch
  dw 00304h,base+003E3h
  dw 0027Eh,base+00001h
  dw 00281h,base+003CFh
  dw 00500h,base+03B87h


