  dw VegaPage1frame000
  dw VegaPage1frame001
  dw VegaPage1frame002
  dw VegaPage1frame003
  dw VegaPage1frame004
  dw VegaPage1frame005
  dw VegaPage1frame006
  dw VegaPage1frame007
  dw VegaPage1frame008
  dw VegaPage1frame009
  dw VegaPage1frame010
  dw VegaPage1frame011
  dw VegaPage1frame012
  dw VegaPage1frame013
  dw VegaPage1frame014
  dw VegaPage1frame015
  dw VegaPage1frame016
  dw VegaPage1frame017
  dw VegaPage1frame018
  dw VegaPage1frame019
  dw VegaPage1frame020
  dw VegaPage1frame021
  dw VegaPage1frame022
  dw VegaPage1frame023
  dw VegaPage1frame024
  dw VegaPage1frame025
  dw VegaPage1frame026
  dw VegaPage1frame027
  dw VegaPage1frame028

VegaPage1frame000:
  db 028h,05Fh,062h,027h
  db 074h
  db 000h,000h,0D9h,000h,000h
  db 000h,000h
  db 000h,000h
  dw 0017Fh,base+000BAh
  dw 0037Fh,base+0146Eh
  dw 0047Ah,base+03A20h
  dw 00106h,base+00013h
  dw 00579h,base+0369Ch
  dw 00307h,base+03DC0h
  dw 0057Ah,base+036A1h
  dw 00206h,base+03A88h
  dw 00579h,base+036A6h
  dw 00407h,base+03A24h
  dw 0057Ah,base+036ABh
  dw 00306h,base+03DC3h
  dw 0067Ah,base+03294h
  dw 00406h,base+03A28h
  dw 00607h,base+025DDh
  dw 00374h,base+00306h
  dw 00305h,base+03DC3h
  dw 00A7Bh,base+02063h
  dw 00406h,base+03A2Ch
  dw 0097Bh,base+0253Bh
  dw 00405h,base+03A30h
  dw 00A7Bh,base+0206Dh
  dw 00F81h,base+00AA7h
  dw 00E80h,base+00EB2h
  dw 00405h,base+0148Fh
  dw 0097Ch,base+02544h
  dw 00304h,base+0093Ch
  dw 0097Ch,base+0254Dh
  dw 00D80h,base+0134Ah
  dw 00D81h,base+01357h
  dw 00C80h,base+0182Ah
  dw 00C81h,base+01836h
  dw 00B7Eh,base+01BF6h
  dw 00102h,base+0000Ah
  dw 00B7Dh,base+01C01h
  dw 00203h,base+00238h
  dw 00B7Dh,base+01C0Ch
  dw 00304h,base+03DC6h
  dw 00A7Bh,base+02077h
  dw 00F80h,base+00AB6h
  dw 00E81h,base+00EC0h
  dw 00D80h,base+01364h
  dw 00D81h,base+01371h
  dw 00D80h,base+0137Eh
  dw 00D80h,base+0138Bh
  dw 00D81h,base+01398h
  dw 00C80h,base+01842h
  dw 00405h,base+01FE6h
  dw 0077Bh,base+02E57h
  dw 00306h,base+002FFh
  dw 0067Ah,base+0329Ah
  dw 00306h,base+00894h
  dw 0067Bh,base+032A0h
  dw 00205h,base+00C0Dh
  dw 0077Bh,base+02E5Eh
  dw 00105h,base+000B9h
  dw 00780h,base+02E65h
  dw 00780h,base+02E6Ch
  dw 0077Fh,base+02E73h
  dw 00880h,base+02997h
  dw 00880h,base+0299Fh
  dw 00880h,base+029A7h
  dw 00880h,base+029AFh
  dw 0087Fh,base+029B7h
  dw 00980h,base+02556h
  dw 0097Fh,base+0255Fh
  dw 00A80h,base+02081h
  dw 00A7Fh,base+0208Bh
  dw 00B80h,base+01C17h
  dw 00B7Fh,base+01C22h
  dw 00C80h,base+0184Eh
  dw 00B7Fh,base+01C2Dh
  dw 00C80h,base+0185Ah
  dw 00C7Fh,base+01866h
  dw 00D80h,base+013A5h
  dw 00D80h,base+013B2h
  dw 00D7Fh,base+013BFh
  dw 00D80h,base+013CCh
  dw 00506h,base+036B0h
  dw 0077Ah,base+02E7Ah
  dw 00406h,base+03A34h
  dw 0077Ah,base+02E81h
  dw 00406h,base+03A38h
  dw 0077Ah,base+02E88h
  dw 00406h,base+03A3Ch
  dw 0077Ah,base+02E8Fh
  dw 00406h,base+02F4Fh
  dw 0077Ah,base+02E96h
  dw 00406h,base+01400h
  dw 0077Ah,base+02E9Dh
  dw 00408h,base+03A40h
  dw 00478h,base+03A44h
  dw 00409h,base+0122Eh
  dw 00377h,base+0249Dh
  dw 00309h,base+03DC9h
  dw 00377h,base+0249Dh
  dw 00309h,base+00F37h
  dw 00477h,base+03A48h
  dw 00309h,base+00F37h
  dw 00477h,base+03A4Ch
  dw 00309h,base+0042Eh
  dw 00477h,base+03A50h
  dw 00309h,base+03DCCh
  dw 00477h,base+03A54h
  dw 00309h,base+01170h
  dw 00477h,base+03A58h
  dw 00209h,base+0035Ah
  dw 00477h,base+03A5Ch
  dw 0020Ah,base+00521h
  dw 00475h,base+03A60h
  dw 0020Bh,base+00D1Dh
  dw 00475h,base+03A64h
  dw 0020Bh,base+001ACh
  dw 00475h,base+03A68h
  dw 0020Ch,base+0000Bh
  dw 00374h,base+00F37h
  dw 0020Ch,base+00059h
  dw 00373h,base+03DCFh
  dw 0040Eh,base+03A6Ch
  dw 00272h,base+00086h
  dw 0040Eh,base+03A70h
  dw 00272h,base+001D9h
  dw 0040Eh,base+0392Dh
  dw 00272h,base+00DEFh
  dw 0040Fh,base+03383h
  dw 00271h,base+00389h
  dw 0030Fh,base+000B9h
  dw 00270h,base+00030h
  dw 00410h,base+0295Fh
  dw 00370h,base+00A9Dh
  dw 00310h,base+01020h
  dw 0036Fh,base+02AB1h
  dw 00410h,base+03A74h
  dw 00470h,base+0101Fh
  dw 00310h,base+003A9h
  dw 00470h,base+03A78h
  dw 00310h,base+0012Eh
  dw 00481h,base+03A7Ch
  dw 00280h,base+01BBFh
  dw 00280h,base+001BDh
  dw 0027Fh,base+00115h
  dw 00380h,base+00116h
  dw 00380h,base+0287Dh
  dw 00380h,base+02B2Dh
  dw 00200h,base+000BCh

VegaPage1frame001:
  db 02Ah,05Eh,060h,028h
  db 072h
  db 000h,000h,0D8h,000h,000h
  db 000h,000h
  db 000h,000h
  dw 0027Fh,base+000BCh
  dw 00380h,base+013EBh
  dw 0047Ah,base+03A80h
  dw 00106h,base+00009h
  dw 00479h,base+03472h
  dw 00206h,base+00629h
  dw 0057Ah,base+036B5h
  dw 00306h,base+03DD2h
  dw 00679h,base+032A6h
  dw 00407h,base+03A84h
  dw 0067Ah,base+032ACh
  dw 00406h,base+03A88h
  dw 0067Bh,base+032B2h
  dw 00306h,base+03DC3h
  dw 00607h,base+032B8h
  dw 00173h,base+00033h
  dw 00406h,base+03A28h
  dw 0097Bh,base+02568h
  dw 00305h,base+03DC3h
  dw 00A7Bh,base+02095h
  dw 00405h,base+03A8Ch
  dw 00A7Ch,base+0209Fh
  dw 00E80h,base+00ECEh
  dw 00E81h,base+00EDCh
  dw 00304h,base+0140Dh
  dw 0097Ch,base+01493h
  dw 00405h,base+014B6h
  dw 0087Bh,base+029BFh
  dw 00405h,base+03A90h
  dw 0087Bh,base+029C7h
  dw 00D81h,base+013D9h
  dw 00C81h,base+01872h
  dw 00B80h,base+01C38h
  dw 00B7Eh,base+01C43h
  dw 00203h,base+009B7h
  dw 00A7Dh,base+020A9h
  dw 00203h,base+0039Ah
  dw 00A7Ch,base+020B3h
  dw 00305h,base+0353Bh
  dw 0097Bh,base+02571h
  dw 00305h,base+03DD5h
  dw 0097Bh,base+0257Ah
  dw 00305h,base+00955h
  dw 0097Ch,base+02583h
  dw 00304h,base+03DD8h
  dw 0097Ch,base+0258Ch
  dw 00304h,base+00209h
  dw 0097Dh,base+02595h
  dw 00C80h,base+0187Eh
  dw 00C80h,base+0188Ah
  dw 00C81h,base+01896h
  dw 00C80h,base+018A2h
  dw 00405h,base+02000h
  dw 0077Bh,base+02EA4h
  dw 00406h,base+00FFAh
  dw 0067Bh,base+032BEh
  dw 00305h,base+00B8Ch
  dw 0067Bh,base+032C4h
  dw 00204h,base+009B7h
  dw 0077Dh,base+02EABh
  dw 00103h,base+000BAh
  dw 00780h,base+02EB2h
  dw 00780h,base+02EB9h
  dw 00880h,base+029CFh
  dw 0087Fh,base+029D7h
  dw 00980h,base+0259Eh
  dw 00980h,base+025A7h
  dw 00980h,base+025B0h
  dw 00980h,base+025B9h
  dw 0097Fh,base+025C2h
  dw 00A80h,base+020BDh
  dw 00A7Fh,base+020C7h
  dw 00B7Fh,base+01C4Eh
  dw 00B80h,base+01C59h
  dw 00B7Fh,base+01C64h
  dw 00C80h,base+018AEh
  dw 00C7Fh,base+018BAh
  dw 00708h,base+018AEh
  dw 00578h,base+03250h
  dw 00708h,base+02EC0h
  dw 00577h,base+00EF3h
  dw 00E80h,base+00EEAh
  dw 00E80h,base+00EF8h
  dw 00D80h,base+013E6h
  dw 00D80h,base+013F3h
  dw 00D7Fh,base+01400h
  dw 00506h,base+036BAh
  dw 0087Ah,base+029DFh
  dw 00405h,base+03A94h
  dw 0097Bh,base+025CBh
  dw 00405h,base+03A98h
  dw 0097Bh,base+025D4h
  dw 00407h,base+03A9Ch
  dw 00779h,base+02EC7h
  dw 00407h,base+03AA0h
  dw 00679h,base+032CAh
  dw 00409h,base+03AA4h
  dw 00477h,base+029FAh
  dw 0040Ah,base+03AA8h
  dw 00376h,base+00C08h
  dw 0040Ah,base+03AACh
  dw 00376h,base+029ACh
  dw 0040Ah,base+03AB0h
  dw 00476h,base+03AB4h
  dw 0040Ah,base+03AB8h
  dw 00476h,base+03ABCh
  dw 0030Ah,base+03DCFh
  dw 00476h,base+03AC0h
  dw 0030Ah,base+03DDBh
  dw 00576h,base+036BFh
  dw 0030Ah,base+02B1Ch
  dw 00576h,base+036C4h
  dw 0020Ah,base+001D9h
  dw 00576h,base+036C9h
  dw 0020Bh,base+002D4h
  dw 00475h,base+03AC4h
  dw 0020Bh,base+00386h
  dw 00475h,base+03AC8h
  dw 0020Bh,base+00386h
  dw 00474h,base+03ACCh
  dw 0030Dh,base+03DDEh
  dw 00373h,base+03DE1h
  dw 0030Dh,base+01BB1h
  dw 00373h,base+01F77h
  dw 0030Eh,base+03DE4h
  dw 00272h,base+00343h
  dw 0030Eh,base+000B9h
  dw 00272h,base+009FAh
  dw 0030Eh,base+00133h
  dw 00371h,base+02478h
  dw 00410h,base+009E9h
  dw 00270h,base+00389h
  dw 00310h,base+000BBh
  dw 00370h,base+00A9Dh
  dw 00310h,base+00133h
  dw 0036Fh,base+03DE7h
  dw 00310h,base+01020h
  dw 00470h,base+03AD0h
  dw 00310h,base+0053Eh
  dw 00470h,base+03AD4h
  dw 00210h,base+000BCh
  dw 00381h,base+03AD2h
  dw 00280h,base+001BDh
  dw 00280h,base+00117h
  dw 0027Fh,base+000BAh
  dw 00380h,base+03DEAh
  dw 00380h,base+00CB5h
  dw 00280h,base+0074Dh
  dw 00200h,base+000BCh

VegaPage1frame002:
  db 02Ah,061h,060h,025h
  db 072h
  db 000h,000h,0DBh,000h,000h
  db 000h,000h
  db 000h,000h
  dw 0017Fh,base+000BAh
  dw 0037Fh,base+0146Eh
  dw 0047Bh,base+03A20h
  dw 00105h,base+00009h
  dw 0057Ah,base+0369Ch
  dw 00206h,base+00629h
  dw 0057Ah,base+036A1h
  dw 00306h,base+03DD2h
  dw 00579h,base+036A6h
  dw 00407h,base+03A84h
  dw 0057Ah,base+036ABh
  dw 00406h,base+03A88h
  dw 0067Bh,base+03294h
  dw 00305h,base+03DC3h
  dw 0097Bh,base+025DDh
  dw 00405h,base+03A28h
  dw 00A7Ch,base+020D1h
  dw 00305h,base+03DC3h
  dw 00A7Bh,base+020DBh
  dw 00405h,base+03A8Ch
  dw 00A7Ch,base+020E5h
  dw 00E80h,base+00F06h
  dw 00E81h,base+00F14h
  dw 00D80h,base+0140Dh
  dw 00304h,base+014B6h
  dw 0097Ch,base+025E6h
  dw 00304h,base+03DEDh
  dw 0097Ch,base+025EFh
  dw 00D81h,base+0141Ah
  dw 00C80h,base+018C6h
  dw 00C81h,base+018D2h
  dw 00B80h,base+01C6Fh
  dw 00B80h,base+01C7Ah
  dw 00B7Eh,base+01C85h
  dw 00103h,base+00188h
  dw 00A7Dh,base+020EFh
  dw 00203h,base+016FBh
  dw 00A7Ch,base+020F9h
  dw 00304h,base+0024Ah
  dw 00A7Ch,base+02103h
  dw 00305h,base+03DF0h
  dw 0097Bh,base+025F8h
  dw 00305h,base+025F1h
  dw 0097Bh,base+02601h
  dw 00405h,base+03AD8h
  dw 0097Ch,base+0260Ah
  dw 00D80h,base+01427h
  dw 00D81h,base+01434h
  dw 00D80h,base+01441h
  dw 00D81h,base+0144Eh
  dw 00405h,base+03ADCh
  dw 0077Bh,base+02ECEh
  dw 00405h,base+03AE0h
  dw 0077Ch,base+02ED5h
  dw 00304h,base+014C3h
  dw 0077Ch,base+02EDCh
  dw 00304h,base+0072Bh
  dw 0077Dh,base+02EE3h
  dw 00103h,base+00029h
  dw 00780h,base+02EEAh
  dw 00880h,base+029E7h
  dw 0087Fh,base+029EFh
  dw 00980h,base+02613h
  dw 00980h,base+0261Ch
  dw 00980h,base+02625h
  dw 00980h,base+0262Eh
  dw 0097Fh,base+02637h
  dw 00A80h,base+0210Dh
  dw 00A7Fh,base+02117h
  dw 00A80h,base+02121h
  dw 00A7Fh,base+0212Bh
  dw 00B80h,base+01C90h
  dw 00B80h,base+01C9Bh
  dw 00B7Fh,base+01CA6h
  dw 00C80h,base+018DEh
  dw 00C7Fh,base+018EAh
  dw 00D80h,base+0145Bh
  dw 00C80h,base+018F6h
  dw 00C7Fh,base+01902h
  dw 00D80h,base+01468h
  dw 00D80h,base+01475h
  dw 00506h,base+036CEh
  dw 0077Ah,base+02EF1h
  dw 00405h,base+0215Dh
  dw 0087Bh,base+029F7h
  dw 00405h,base+03AE4h
  dw 0077Bh,base+02EF8h
  dw 00405h,base+03AE8h
  dw 0077Ah,base+02EFFh
  dw 00406h,base+03AECh
  dw 0077Ah,base+02F06h
  dw 00408h,base+01E62h
  dw 00578h,base+036D3h
  dw 00409h,base+01E62h
  dw 00477h,base+03AF0h
  dw 00409h,base+03AF4h
  dw 00478h,base+03AF0h
  dw 00308h,base+03DF3h
  dw 00478h,base+03AF8h
  dw 00308h,base+03AB1h
  dw 00578h,base+036D8h
  dw 00208h,base+01170h
  dw 00577h,base+036DDh
  dw 0030Ah,base+03DF6h
  dw 00476h,base+03AFCh
  dw 0030Ah,base+03DF9h
  dw 00476h,base+03B00h
  dw 0030Ah,base+03DFCh
  dw 00476h,base+03B04h
  dw 0020Ah,base+001D9h
  dw 00476h,base+03B08h
  dw 0020Ah,base+005A5h
  dw 00476h,base+03B0Ch
  dw 0020Bh,base+0026Fh
  dw 00475h,base+03B10h
  dw 0020Bh,base+00386h
  dw 00475h,base+03B14h
  dw 0020Ch,base+00248h
  dw 00374h,base+03DDBh
  dw 0020Ch,base+0032Fh
  dw 00373h,base+03DFFh
  dw 0030Eh,base+03E02h
  dw 00272h,base+00086h
  dw 0030Eh,base+00132h
  dw 00272h,base+002D4h
  dw 0030Eh,base+02AD2h
  dw 00272h,base+00D1Dh
  dw 0030Fh,base+01B99h
  dw 00271h,base+01DC9h
  dw 0030Fh,base+00133h
  dw 00270h,base+00595h
  dw 00310h,base+0166Dh
  dw 00370h,base+01DDFh
  dw 0030Fh,base+00133h
  dw 00471h,base+03B18h
  dw 0030Fh,base+00131h
  dw 00470h,base+03B1Ch
  dw 00310h,base+02BF2h
  dw 00470h,base+03B20h
  dw 00310h,base+0031Eh
  dw 00370h,base+00116h
  dw 00211h,base+000BCh
  dw 00280h,base+000BAh
  dw 00280h,base+000BAh
  dw 0027Fh,base+00116h
  dw 00380h,base+00302h
  dw 00380h,base+00336h
  dw 00280h,base+0172Fh
  dw 00280h,base+00132h
  dw 00100h,base+000BAh

VegaPage1frame003:
  db 026h,060h,060h,023h
  db 072h
  db 000h,000h,0DDh,000h,000h
  db 000h,000h
  db 000h,000h
  dw 0017Fh,base+000BAh
  dw 0037Fh,base+0146Eh
  dw 0047Bh,base+03A20h
  dw 00105h,base+00009h
  dw 0057Ah,base+0369Ch
  dw 00206h,base+00629h
  dw 0057Ah,base+036A1h
  dw 00306h,base+03DD2h
  dw 00579h,base+036A6h
  dw 00407h,base+03A84h
  dw 0057Ah,base+036ABh
  dw 00406h,base+03A88h
  dw 0067Bh,base+03294h
  dw 00305h,base+03DC3h
  dw 0097Bh,base+025DDh
  dw 00405h,base+03A28h
  dw 00A7Ch,base+020D1h
  dw 00305h,base+03DC3h
  dw 00A7Bh,base+020DBh
  dw 00405h,base+03A8Ch
  dw 00A7Ch,base+020E5h
  dw 00E80h,base+00F06h
  dw 00E81h,base+00F14h
  dw 00D80h,base+0140Dh
  dw 00304h,base+014B6h
  dw 0097Ch,base+025E6h
  dw 00304h,base+03DEDh
  dw 0097Ch,base+025EFh
  dw 00D81h,base+0141Ah
  dw 00C80h,base+018C6h
  dw 00C81h,base+018D2h
  dw 00B80h,base+01C6Fh
  dw 00B80h,base+01C7Ah
  dw 00B7Eh,base+01C85h
  dw 00103h,base+00188h
  dw 00A7Dh,base+020EFh
  dw 00203h,base+016FBh
  dw 00A7Ch,base+020F9h
  dw 00304h,base+0024Ah
  dw 00A7Ch,base+02103h
  dw 00305h,base+03DF0h
  dw 0097Bh,base+025F8h
  dw 00305h,base+025F1h
  dw 0097Bh,base+02601h
  dw 00405h,base+03AD8h
  dw 0097Ch,base+0260Ah
  dw 00D80h,base+01427h
  dw 00D81h,base+01434h
  dw 00D80h,base+01441h
  dw 00D81h,base+0144Eh
  dw 00405h,base+03ADCh
  dw 0077Bh,base+02ECEh
  dw 00405h,base+03AE0h
  dw 0077Ch,base+02ED5h
  dw 00304h,base+014C3h
  dw 0077Ch,base+02EDCh
  dw 00304h,base+0072Bh
  dw 0077Dh,base+02EE3h
  dw 00103h,base+00029h
  dw 00780h,base+02EEAh
  dw 0077Fh,base+029E7h
  dw 00880h,base+029FFh
  dw 0087Fh,base+02A07h
  dw 00980h,base+02640h
  dw 00980h,base+02649h
  dw 00980h,base+02652h
  dw 0097Fh,base+0265Bh
  dw 00A80h,base+02135h
  dw 00A80h,base+0213Fh
  dw 00A80h,base+02149h
  dw 00A80h,base+02153h
  dw 00A7Fh,base+0215Dh
  dw 00B80h,base+01CB1h
  dw 00A80h,base+02167h
  dw 00A7Fh,base+02171h
  dw 00B80h,base+01CBCh
  dw 00B80h,base+01CC7h
  dw 00B80h,base+01CD2h
  dw 00A80h,base+0217Bh
  dw 00A80h,base+02185h
  dw 00A80h,base+0218Fh
  dw 00A80h,base+02199h
  dw 00980h,base+02664h
  dw 00405h,base+03B24h
  dw 0047Bh,base+03B28h
  dw 00405h,base+00D9Eh
  dw 0047Bh,base+0263Ch
  dw 00405h,base+03B2Ch
  dw 0047Bh,base+029FBh
  dw 00405h,base+03B30h
  dw 0037Bh,base+00C08h
  dw 00405h,base+03B34h
  dw 0037Ch,base+029ACh
  dw 00304h,base+03706h
  dw 0047Ch,base+03B38h
  dw 00304h,base+03E05h
  dw 0047Ch,base+03B3Ch
  dw 00304h,base+03E08h
  dw 0047Ch,base+03B40h
  dw 00304h,base+005E8h
  dw 0047Dh,base+03B44h
  dw 00203h,base+00086h
  dw 0047Dh,base+03B48h
  dw 00203h,base+0041Bh
  dw 0047Dh,base+03B4Ch
  dw 00203h,base+002D4h
  dw 0047Dh,base+03B50h
  dw 00204h,base+00373h
  dw 0037Ch,base+03E0Bh
  dw 00204h,base+00D1Dh
  dw 0037Ch,base+03E0Eh
  dw 00204h,base+005E8h
  dw 0037Ch,base+03E11h
  dw 00304h,base+03E14h
  dw 0037Ch,base+01618h
  dw 00304h,base+03E17h
  dw 0027Ch,base+00D1Dh
  dw 00304h,base+01439h
  dw 0027Ch,base+00DEFh
  dw 00305h,base+0199Fh
  dw 0017Bh,base+00008h
  dw 00305h,base+01B99h
  dw 0017Bh,base+00008h
  dw 00205h,base+000B9h
  dw 0017Bh,base+00085h
  dw 00205h,base+000BAh
  dw 0017Bh,base+00020h
  dw 00205h,base+00116h
  dw 0027Ah,base+0129Bh
  dw 00305h,base+00131h
  dw 0037Bh,base+02B07h
  dw 00205h,base+00169h
  dw 0037Bh,base+03E1Ah
  dw 00205h,base+00303h
  dw 0037Bh,base+03E1Dh
  dw 00105h,base+000BAh
  dw 00380h,base+03E20h
  dw 00380h,base+00115h
  dw 00380h,base+000FBh
  dw 00280h,base+000FBh
  dw 00280h,base+000BAh
  dw 0027Fh,base+0014Eh
  dw 00380h,base+03C50h
  dw 00280h,base+001BEh
  dw 00200h,base+000BCh

VegaPage1frame004:
  db 026h,05Dh,060h,022h
  db 06Eh
  db 000h,000h,0DEh,000h,000h
  db 000h,000h
  db 000h,000h
  dw 00380h,base+013EBh
  dw 0047Ah,base+03A80h
  dw 00106h,base+00013h
  dw 00479h,base+03472h
  dw 00306h,base+03DC0h
  dw 0057Bh,base+036B5h
  dw 00205h,base+03A88h
  dw 0067Ah,base+032A6h
  dw 00406h,base+03A24h
  dw 0067Bh,base+032ACh
  dw 00305h,base+03DC3h
  dw 0067Bh,base+032B2h
  dw 00406h,base+03A28h
  dw 00607h,base+032B8h
  dw 00174h,base+00033h
  dw 00305h,base+03DC3h
  dw 0097Bh,base+02568h
  dw 00405h,base+03A2Ch
  dw 00A7Ch,base+02095h
  dw 00304h,base+03A30h
  dw 00A7Ch,base+0209Fh
  dw 00E81h,base+00F22h
  dw 00D80h,base+01482h
  dw 00D80h,base+0148Fh
  dw 00405h,base+03B54h
  dw 0087Bh,base+029BFh
  dw 00405h,base+01279h
  dw 0087Bh,base+029C7h
  dw 00D81h,base+0149Ch
  dw 00C81h,base+0190Eh
  dw 00B80h,base+01C38h
  dw 00B7Eh,base+01C43h
  dw 00203h,base+009B7h
  dw 00A7Dh,base+020A9h
  dw 00203h,base+0039Ah
  dw 00A7Ch,base+020B3h
  dw 00305h,base+0353Bh
  dw 0097Bh,base+02571h
  dw 00305h,base+03DD5h
  dw 0097Bh,base+0257Ah
  dw 00305h,base+00955h
  dw 0097Ch,base+02583h
  dw 00304h,base+03DD8h
  dw 0097Ch,base+0258Ch
  dw 00304h,base+00209h
  dw 0097Dh,base+02595h
  dw 00C80h,base+0187Eh
  dw 00C80h,base+0188Ah
  dw 00C81h,base+01896h
  dw 00C80h,base+018A2h
  dw 00405h,base+02000h
  dw 0077Bh,base+02EA4h
  dw 00406h,base+00FFAh
  dw 0067Bh,base+032BEh
  dw 00305h,base+00B8Ch
  dw 0067Bh,base+032C4h
  dw 00205h,base+009B7h
  dw 0067Ch,base+02EACh
  dw 00104h,base+000BAh
  dw 0067Fh,base+032D0h
  dw 00780h,base+02F0Dh
  dw 00880h,base+02A0Fh
  dw 00880h,base+02A17h
  dw 00880h,base+02A1Fh
  dw 00880h,base+02A27h
  dw 00880h,base+02A2Fh
  dw 00880h,base+02A37h
  dw 0087Fh,base+02A3Fh
  dw 00980h,base+0266Dh
  dw 0097Fh,base+02676h
  dw 00980h,base+0267Fh
  dw 0097Fh,base+02688h
  dw 00A80h,base+021A3h
  dw 00A7Fh,base+021ADh
  dw 00A80h,base+021B7h
  dw 00A7Fh,base+021C1h
  dw 00B80h,base+01CDDh
  dw 00A80h,base+021CBh
  dw 00A7Fh,base+021D5h
  dw 00B81h,base+01CE8h
  dw 00980h,base+02691h
  dw 00980h,base+0269Ah
  dw 00880h,base+02A47h
  dw 00881h,base+02A4Fh
  dw 00680h,base+032D6h
  dw 00680h,base+032DCh
  dw 00580h,base+036E2h
  dw 00580h,base+036E7h
  dw 00680h,base+032E2h
  dw 00680h,base+032E8h
  dw 00681h,base+032EEh
  dw 00580h,base+036ECh
  dw 00581h,base+036F1h
  dw 00480h,base+03B58h
  dw 00480h,base+03B5Ch
  dw 00481h,base+03B60h
  dw 00380h,base+03E23h
  dw 00380h,base+0072Eh
  dw 00380h,base+03E26h
  dw 00381h,base+00601h
  dw 00280h,base+0041Bh
  dw 00280h,base+00373h
  dw 00380h,base+03C0Ah
  dw 00380h,base+0369Ch
  dw 00380h,base+014C3h
  dw 00380h,base+03E29h
  dw 00380h,base+03E2Ch
  dw 00380h,base+03E2Fh
  dw 00380h,base+018A5h
  dw 00380h,base+03A7Bh
  dw 00380h,base+00302h
  dw 00280h,base+00131h
  dw 0027Fh,base+01960h
  dw 00380h,base+02BF2h
  dw 00280h,base+0045Bh
  dw 00280h,base+0014Eh
  dw 00100h,base+000BAh

VegaPage1frame005:
  db 02Ah,037h,05Eh,04Fh
  db 062h
  db 000h,000h,0B1h,000h,000h
  db 000h,000h
  db 000h,000h
  dw 00109h,base+00009h
  dw 00276h,base+000BCh
  dw 0020Ah,base+00629h
  dw 00276h,base+000B9h
  dw 00309h,base+03DD2h
  dw 00476h,base+03B64h
  dw 0040Ah,base+03A84h
  dw 00477h,base+03B68h
  dw 00408h,base+03A88h
  dw 00579h,base+036F6h
  dw 00307h,base+03DC3h
  dw 00579h,base+036FBh
  dw 00407h,base+03A28h
  dw 0067Ah,base+032F4h
  dw 00306h,base+03DC3h
  dw 0067Ah,base+02F23h
  dw 00406h,base+03A8Ch
  dw 0087Bh,base+02A57h
  dw 00405h,base+00ECEh
  dw 0087Bh,base+02A5Fh
  dw 00E81h,base+00F30h
  dw 00D80h,base+014A9h
  dw 00D81h,base+014B6h
  dw 00C80h,base+0191Ah
  dw 00D80h,base+014C3h
  dw 00D81h,base+014D0h
  dw 00C80h,base+01926h
  dw 00C7Fh,base+01932h
  dw 00D7Fh,base+014DDh
  dw 00E80h,base+00F3Eh
  dw 00E7Fh,base+00F4Ch
  dw 00F80h,base+00AC5h
  dw 00F80h,base+00AD4h
  dw 00F80h,base+00AE3h
  dw 00F81h,base+00AF2h
  dw 00E80h,base+00F5Ah
  dw 00E80h,base+00F68h
  dw 00E80h,base+00F76h
  dw 00E80h,base+00F84h
  dw 00E81h,base+00F92h
  dw 00D80h,base+014EAh
  dw 00D80h,base+014F7h
  dw 00D80h,base+01504h
  dw 00304h,base+01524h
  dw 0097Ch,base+026A3h
  dw 00304h,base+01BF6h
  dw 0097Ch,base+026ACh
  dw 00304h,base+03E32h
  dw 0097Ch,base+026B5h
  dw 00205h,base+005F3h
  dw 0087Ch,base+02A67h
  dw 00104h,base+00002h
  dw 0087Ch,base+02A6Fh
  dw 00104h,base+00001h
  dw 0087Ch,base+02A77h
  dw 00103h,base+00001h
  dw 0087Dh,base+02A7Fh
  dw 00103h,base+00184h
  dw 0087Ch,base+02A87h
  dw 00304h,base+03E35h
  dw 0087Ch,base+02A8Fh
  dw 00304h,base+00377h
  dw 0077Bh,base+02F14h
  dw 00C0Dh,base+0193Eh
  dw 00172h,base+000BAh
  dw 00C0Eh,base+0194Ah
  dw 00272h,base+00132h
  dw 0107Fh,base+00777h
  dw 00405h,base+03B6Ch
  dw 00C7Bh,base+01956h
  dw 00305h,base+0012Eh
  dw 00C80h,base+01962h
  dw 00D80h,base+01511h
  dw 00D80h,base+0151Eh
  dw 0080Ah,base+02A97h
  dw 00376h,base+02F71h
  dw 0070Bh,base+02F1Bh
  dw 00275h,base+000BAh
  dw 0060Ah,base+032FAh
  dw 00376h,base+00D81h
  dw 0050Ah,base+03700h
  dw 00277h,base+000C8h
  dw 00209h,base+000BCh
  dw 00200h,base+000BCh

VegaPage1frame006:
  db 022h,064h,06Ah,022h
  db 07Ah
  db 000h,000h,0DEh,000h,000h
  db 000h,000h
  db 000h,000h
  dw 00280h,base+000BCh
  dw 0027Fh,base+000B9h
  dw 00480h,base+03B64h
  dw 00479h,base+03B68h
  dw 00207h,base+00002h
  dw 00479h,base+036F7h
  dw 00206h,base+00032h
  dw 0057Bh,base+036FBh
  dw 00205h,base+00065h
  dw 0057Ch,base+032F4h
  dw 00103h,base+00033h
  dw 0077Eh,base+02F22h
  dw 00980h,base+026BEh
  dw 0097Eh,base+026C7h
  dw 00D80h,base+0152Bh
  dw 00E7Fh,base+00FA0h
  dw 00F80h,base+00B01h
  dw 01080h,base+00787h
  dw 01080h,base+00797h
  dw 01080h,base+007A7h
  dw 01080h,base+007B7h
  dw 01081h,base+007C7h
  dw 00E81h,base+00FAEh
  dw 00D80h,base+01538h
  dw 00D81h,base+01545h
  dw 00C80h,base+0196Eh
  dw 00C81h,base+0197Ah
  dw 00203h,base+0024Ah
  dw 0087Dh,base+02A9Fh
  dw 00104h,base+00009h
  dw 00780h,base+02F29h
  dw 00780h,base+02F30h
  dw 00680h,base+03300h
  dw 00607h,base+03306h
  dw 00179h,base+000BAh
  dw 00607h,base+0330Ch
  dw 00179h,base+000BAh
  dw 0067Ch,base+03312h
  dw 00304h,base+03E38h
  dw 0067Bh,base+03318h
  dw 00B80h,base+01CF3h
  dw 00B80h,base+01CFEh
  dw 00B80h,base+01D09h
  dw 00B0Dh,base+01D14h
  dw 00173h,base+000B9h
  dw 00B0Dh,base+01D1Fh
  dw 00173h,base+000B9h
  dw 00B0Dh,base+01D2Ah
  dw 00173h,base+000BAh
  dw 00B81h,base+01D35h
  dw 00A80h,base+021DFh
  dw 00A80h,base+021E9h
  dw 00A81h,base+021F3h
  dw 00980h,base+026D0h
  dw 00980h,base+026D9h
  dw 00981h,base+026E2h
  dw 00880h,base+02AA7h
  dw 00780h,base+02F37h
  dw 00780h,base+02F3Eh
  dw 00780h,base+02F45h
  dw 00780h,base+02F4Ch
  dw 0077Fh,base+02F53h
  dw 00780h,base+02F5Ah
  dw 00780h,base+02F61h
  dw 00780h,base+02F68h
  dw 00780h,base+02F6Fh
  dw 0077Fh,base+02F76h
  dw 00880h,base+02AAFh
  dw 00880h,base+02AB7h
  dw 00880h,base+02ABFh
  dw 00880h,base+02AC7h
  dw 00880h,base+02ACFh
  dw 00780h,base+02F7Dh
  dw 00781h,base+02F84h
  dw 00680h,base+0331Eh
  dw 00203h,base+0003Ah
  dw 0037Dh,base+00339h
  dw 00203h,base+003AAh
  dw 0047Dh,base+03B70h
  dw 00103h,base+00029h
  dw 0047Dh,base+03B74h
  dw 00103h,base+00029h
  dw 00480h,base+03B74h
  dw 00481h,base+03B78h
  dw 00380h,base+03E3Bh
  dw 00380h,base+03E3Eh
  dw 00380h,base+03E41h
  dw 00481h,base+03B7Ch
  dw 00380h,base+03E44h
  dw 00380h,base+03E47h
  dw 00380h,base+01B51h
  dw 00380h,base+0086Ah
  dw 00380h,base+0086Ah
  dw 00380h,base+03E4Ah
  dw 00380h,base+01975h
  dw 00381h,base+00BE6h
  dw 00280h,base+00389h
  dw 00280h,base+00862h
  dw 00280h,base+00862h
  dw 00280h,base+00EB4h
  dw 00280h,base+00C0Dh
  dw 00280h,base+00C0Dh
  dw 00380h,base+03E4Dh
  dw 00380h,base+030F0h
  dw 00380h,base+00131h
  dw 00280h,base+00304h
  dw 00280h,base+00117h
  dw 00280h,base+000BAh
  dw 00281h,base+000BAh
  dw 00180h,base+000BAh
  dw 00180h,base+000BAh
  dw 0017Fh,base+000B9h
  dw 00280h,base+00116h
  dw 00280h,base+000FCh
  dw 00180h,base+000BAh
  dw 00100h,base+000BAh

VegaPage1frame007:
  db 02Ch,04Ah,066h,021h
  db 08Eh
  db 000h,000h,0DFh,000h,000h
  db 000h,000h
  db 000h,000h
  dw 0027Fh,base+00115h
  dw 00380h,base+01002h
  dw 0017Fh,base+000FBh
  dw 00180h,base+000B9h
  dw 00179h,base+000FBh
  dw 00106h,base+000BAh
  dw 00179h,base+000B9h
  dw 00306h,base+0012Eh
  dw 0027Ah,base+001BDh
  dw 00305h,base+000FCh
  dw 0027Bh,base+000B9h
  dw 0067Fh,base+03324h
  dw 00780h,base+02F8Bh
  dw 00780h,base+02F92h
  dw 00780h,base+02F99h
  dw 00779h,base+02FA0h
  dw 00103h,base+00029h
  dw 00104h,base+00029h
  dw 00B78h,base+01D40h
  dw 01480h,base+0038Bh
  dw 0157Fh,base+002CEh
  dw 01680h,base+00234h
  dw 01680h,base+0024Ah
  dw 01683h,base+00260h
  dw 01382h,base+00403h
  dw 01081h,base+007D7h
  dw 00F81h,base+00B10h
  dw 00C82h,base+01986h
  dw 00980h,base+026EBh
  dw 00981h,base+026F4h
  dw 00880h,base+02AD7h
  dw 00880h,base+02ADFh
  dw 00881h,base+02AE7h
  dw 00680h,base+0332Ah
  dw 00681h,base+03330h
  dw 0057Eh,base+03705h
  dw 0077Fh,base+02FA7h
  dw 00880h,base+02AEFh
  dw 0097Ah,base+026FDh
  dw 00206h,base+00029h
  dw 00979h,base+02706h
  dw 00407h,base+00029h
  dw 00979h,base+0270Fh
  dw 01080h,base+007E7h
  dw 0107Fh,base+007F7h
  dw 01280h,base+004D4h
  dw 01280h,base+004E6h
  dw 01281h,base+004F8h
  dw 01180h,base+005ACh
  dw 01180h,base+005BDh
  dw 00609h,base+03336h
  dw 00879h,base+02AF7h
  dw 00306h,base+004E9h
  dw 0097Ah,base+02718h
  dw 00206h,base+00259h
  dw 0097Ah,base+02721h
  dw 00105h,base+00029h
  dw 00980h,base+0272Ah
  dw 0097Fh,base+02733h
  dw 00A80h,base+021FDh
  dw 0097Fh,base+0273Ch
  dw 00A80h,base+02207h
  dw 00A80h,base+02211h
  dw 00607h,base+008B8h
  dw 00378h,base+0031Eh
  dw 00609h,base+0333Ch
  dw 00277h,base+000B9h
  dw 00609h,base+03342h
  dw 00277h,base+000BCh
  dw 00509h,base+03348h
  dw 00277h,base+000B9h
  dw 00609h,base+03348h
  dw 00277h,base+00117h
  dw 00609h,base+0334Eh
  dw 00277h,base+00117h
  dw 00709h,base+02FAEh
  dw 00278h,base+019B6h
  dw 00608h,base+03354h
  dw 00278h,base+000BAh
  dw 00A81h,base+0221Bh
  dw 00880h,base+02AFFh
  dw 00884h,base+02B07h
  dw 00481h,base+03B80h
  dw 00380h,base+02218h
  dw 00381h,base+0031Eh
  dw 00280h,base+000BCh
  dw 00380h,base+0166Dh
  dw 00381h,base+0166Dh
  dw 00280h,base+000FCh
  dw 00280h,base+000FCh
  dw 00180h,base+000FBh
  dw 00180h,base+000BAh
  dw 00100h,base+000BAh

VegaPage1frame008:
  db 028h,054h,062h,032h
  db 078h
  db 000h,000h,0CEh,000h,000h
  db 000h,000h
  db 000h,000h
  dw 0017Fh,base+000BAh
  dw 0037Fh,base+00D81h
  dw 00480h,base+03B84h
  dw 00480h,base+03B88h
  dw 0057Ah,base+0370Ah
  dw 00106h,base+00009h
  dw 00579h,base+0370Fh
  dw 00207h,base+00629h
  dw 00579h,base+03714h
  dw 00307h,base+03DD2h
  dw 00578h,base+03719h
  dw 00408h,base+03A84h
  dw 00579h,base+0371Eh
  dw 00407h,base+03A88h
  dw 0057Ah,base+03723h
  dw 00306h,base+03DC3h
  dw 0087Ah,base+02B0Fh
  dw 00406h,base+03A28h
  dw 0097Bh,base+02745h
  dw 00306h,base+03DC3h
  dw 0087Ah,base+02B17h
  dw 00405h,base+03A8Ch
  dw 0097Ch,base+0274Eh
  dw 00E80h,base+00FBCh
  dw 00E81h,base+00FCAh
  dw 00D80h,base+01552h
  dw 00D80h,base+0155Fh
  dw 00D80h,base+0156Ch
  dw 00D81h,base+01579h
  dw 00C81h,base+01992h
  dw 00B80h,base+01D4Bh
  dw 00A81h,base+02225h
  dw 00A7Eh,base+0222Fh
  dw 00102h,base+00027h
  dw 00A7Dh,base+02239h
  dw 00304h,base+03E50h
  dw 0087Ch,base+02B1Fh
  dw 00304h,base+03E53h
  dw 0087Ch,base+02B27h
  dw 00C80h,base+0199Eh
  dw 00C0Dh,base+019AAh
  dw 00173h,base+000BAh
  dw 00C0Dh,base+019B6h
  dw 00174h,base+000BAh
  dw 00B81h,base+01D56h
  dw 00A81h,base+02243h
  dw 00980h,base+02757h
  dw 00981h,base+02760h
  dw 00881h,base+02B2Fh
  dw 00881h,base+02B37h
  dw 0077Fh,base+02FB5h
  dw 00880h,base+02B3Fh
  dw 0087Fh,base+02B47h
  dw 0097Fh,base+02769h
  dw 00A7Fh,base+0224Dh
  dw 00B7Fh,base+01D61h
  dw 00C80h,base+019C2h
  dw 00C7Fh,base+019CEh
  dw 00D7Fh,base+01586h
  dw 00E7Fh,base+00FD8h
  dw 00F80h,base+00B1Fh
  dw 00E7Fh,base+00FE6h
  dw 00F80h,base+00B2Eh
  dw 0090Ah,base+02772h
  dw 00576h,base+03728h
  dw 0090Ah,base+0277Bh
  dw 00576h,base+0372Dh
  dw 0090Ah,base+02784h
  dw 00576h,base+03732h
  dw 00507h,base+03737h
  dw 00879h,base+02B4Fh
  dw 00407h,base+03B8Ch
  dw 00879h,base+02B57h
  dw 00407h,base+03B90h
  dw 00779h,base+02FBCh
  dw 00407h,base+03B94h
  dw 00779h,base+02FC3h
  dw 00407h,base+03B98h
  dw 00779h,base+02FCAh
  dw 00306h,base+02C2Ah
  dw 0087Ah,base+02B5Fh
  dw 00306h,base+0095Eh
  dw 0087Ah,base+02B67h
  dw 00306h,base+03E56h
  dw 0087Ah,base+02B6Fh
  dw 00306h,base+03E59h
  dw 0077Ah,base+02FD1h
  dw 00306h,base+03DCFh
  dw 0077Ah,base+02FD8h
  dw 00307h,base+00ED8h
  dw 00679h,base+0335Ah
  dw 00307h,base+03AB0h
  dw 00679h,base+03360h
  dw 00309h,base+03507h
  dw 00577h,base+0373Ch
  dw 00209h,base+009FAh
  dw 00577h,base+03741h
  dw 00209h,base+00D1Dh
  dw 00577h,base+03746h
  dw 00209h,base+00373h
  dw 00677h,base+03366h
  dw 00209h,base+00420h
  dw 00677h,base+0336Ch
  dw 00309h,base+03E5Ch
  dw 00677h,base+03372h
  dw 0030Ah,base+01B99h
  dw 00575h,base+0374Bh
  dw 0040Bh,base+03B9Ch
  dw 00675h,base+03378h
  dw 0040Ch,base+00130h
  dw 00674h,base+0337Eh
  dw 0030Eh,base+0012Eh
  dw 00471h,base+03BA0h
  dw 00310h,base+01020h
  dw 0036Fh,base+03E5Fh
  dw 00411h,base+03BA4h
  dw 0036Fh,base+02BF5h
  dw 00311h,base+0012Eh
  dw 00380h,base+02C90h
  dw 00380h,base+01660h
  dw 00380h,base+0012Eh
  dw 00280h,base+00132h
  dw 0027Fh,base+000BAh
  dw 00380h,base+03E62h
  dw 00380h,base+01443h
  dw 00200h,base+000BCh

VegaPage1frame009:
  db 032h,04Ah,068h,014h
  db 084h
  db 000h,000h,0ECh,000h,000h
  db 000h,000h
  db 000h,000h
  dw 00280h,base+001BDh
  dw 00180h,base+000BAh
  dw 0017Fh,base+000FBh
  dw 00180h,base+000B9h
  dw 00180h,base+00029h
  dw 00180h,base+000B9h
  dw 00180h,base+000B9h
  dw 00180h,base+000FBh
  dw 00180h,base+000B9h
  dw 00180h,base+000BAh
  dw 0017Fh,base+000B9h
  dw 00280h,base+00279h
  dw 00180h,base+000B9h
  dw 00180h,base+000B9h
  dw 00180h,base+000B9h
  dw 00180h,base+000BAh
  dw 0017Dh,base+000B9h
  dw 00480h,base+00114h
  dw 0067Fh,base+03384h
  dw 0077Eh,base+02FDFh
  dw 00A80h,base+02257h
  dw 00A7Bh,base+02261h
  dw 00205h,base+001F0h
  dw 00A7Ah,base+0226Bh
  dw 00405h,base+00B3Dh
  dw 00B7Bh,base+01D6Ch
  dw 01016h,base+00807h
  dw 0036Ah,base+00029h
  dw 01016h,base+00817h
  dw 0026Bh,base+00033h
  dw 00F14h,base+00B3Dh
  dw 0036Dh,base+009ABh
  dw 00E12h,base+00FF4h
  dw 0046Fh,base+00B6Ah
  dw 00D11h,base+01593h
  dw 00470h,base+009BAh
  dw 00C0Fh,base+019DAh
  dw 00572h,base+03750h
  dw 00B0Eh,base+01D77h
  dw 00571h,base+02FE6h
  dw 00C0Fh,base+019E6h
  dw 00571h,base+03755h
  dw 00C0Eh,base+019F2h
  dw 00772h,base+02FE6h
  dw 00C0Eh,base+019FEh
  dw 00772h,base+02FEDh
  dw 00C0Dh,base+01A0Ah
  dw 00873h,base+02B77h
  dw 01580h,base+002E3h
  dw 01580h,base+002F8h
  dw 01480h,base+0039Fh
  dw 00F12h,base+00B4Ch
  dw 0026Eh,base+000BCh
  dw 00304h,base+00D28h
  dw 0097Ch,base+0278Dh
  dw 00204h,base+000BCh
  dw 00980h,base+02796h
  dw 00980h,base+0279Fh
  dw 00981h,base+027A8h
  dw 0087Fh,base+02B7Fh
  dw 0097Fh,base+027B1h
  dw 00A80h,base+02275h
  dw 00A7Fh,base+0227Fh
  dw 00B80h,base+01D82h
  dw 00B80h,base+01D8Dh
  dw 00B80h,base+01D98h
  dw 00A80h,base+02289h
  dw 00A80h,base+02293h
  dw 00980h,base+027BAh
  dw 00405h,base+03BA8h
  dw 0027Bh,base+00341h
  dw 00781h,base+02FF4h
  dw 00780h,base+02FFBh
  dw 00405h,base+03BACh
  dw 0027Ch,base+00595h
  dw 00680h,base+0338Ah
  dw 00781h,base+03002h
  dw 00680h,base+03390h
  dw 00681h,base+03396h
  dw 00581h,base+0375Ah
  dw 00480h,base+03864h
  dw 00381h,base+00348h
  dw 00280h,base+00115h
  dw 00280h,base+001BDh
  dw 00280h,base+001BDh
  dw 00280h,base+00321h
  dw 00280h,base+00321h
  dw 00281h,base+00115h
  dw 00180h,base+000BAh
  dw 00180h,base+000BAh
  dw 00180h,base+000BAh
  dw 00100h,base+000BAh

VegaPage1frame010:
  db 02Ch,037h,072h,01Fh
  db 086h
  db 000h,000h,0E1h,000h,000h
  db 000h,000h
  db 000h,000h
  dw 00180h,base+000BAh
  dw 00180h,base+000B9h
  dw 00180h,base+0016Ah
  dw 00280h,base+0108Ch
  dw 00280h,base+00117h
  dw 00280h,base+00117h
  dw 00279h,base+000BCh
  dw 00207h,base+000BCh
  dw 00276h,base+00115h
  dw 00D80h,base+015A0h
  dw 00E80h,base+01002h
  dw 00E81h,base+01010h
  dw 00D80h,base+015ADh
  dw 00E10h,base+0101Eh
  dw 00172h,base+00029h
  dw 00304h,base+00D81h
  dw 0087Dh,base+02B87h
  dw 00105h,base+000BAh
  dw 0087Dh,base+02B8Fh
  dw 00B7Fh,base+01DA3h
  dw 00D7Fh,base+015BAh
  dw 00E7Fh,base+0102Ch
  dw 00F80h,base+00B5Bh
  dw 0107Fh,base+00827h
  dw 01180h,base+005CEh
  dw 01180h,base+005DFh
  dw 01080h,base+00837h
  dw 01080h,base+00847h
  dw 01080h,base+00857h
  dw 00F80h,base+00B6Ah
  dw 00F80h,base+00B79h
  dw 00F7Fh,base+00B88h
  dw 00F80h,base+00B97h
  dw 00F80h,base+00BA6h
  dw 00F80h,base+00BB5h
  dw 00F80h,base+00BC4h
  dw 00F80h,base+00BD3h
  dw 00F81h,base+00BE2h
  dw 00E80h,base+0103Ah
  dw 0090Ah,base+027C3h
  dw 00376h,base+00125h
  dw 0090Bh,base+027CCh
  dw 00275h,base+000BCh
  dw 00980h,base+027D5h
  dw 00980h,base+027DEh
  dw 00A80h,base+0229Dh
  dw 00A80h,base+022A7h
  dw 00B80h,base+01DAEh
  dw 00B0Fh,base+01DB9h
  dw 00471h,base+00DAAh
  dw 00B0Eh,base+01DC4h
  dw 00204h,base+00132h
  dw 0026Eh,base+000FCh
  dw 00B0Eh,base+01DCFh
  dw 00172h,base+000BAh
  dw 00B0Dh,base+01DDAh
  dw 00273h,base+001BDh
  dw 00B0Ch,base+01DE5h
  dw 00274h,base+000B9h
  dw 00A0Ch,base+022B1h
  dw 00274h,base+000FBh
  dw 00A0Ch,base+022BBh
  dw 00175h,base+000BAh
  dw 00B80h,base+01DF0h
  dw 00B81h,base+01DFBh
  dw 00880h,base+02B97h
  dw 00506h,base+0375Fh
  dw 0027Bh,base+000BCh
  dw 00381h,base+0040Bh
  dw 00200h,base+000BCh

VegaPage1frame011:
  db 03Ch,02Fh,06Ch,028h
  db 094h
  db 000h,000h,0D8h,000h,000h
  db 000h,000h
  db 000h,000h
  dw 00180h,base+00009h
  dw 0027Fh,base+006ABh
  dw 00380h,base+03E65h
  dw 0047Fh,base+03BB0h
  dw 00480h,base+03BB4h
  dw 0037Fh,base+03C6Dh
  dw 00479h,base+03BB8h
  dw 00207h,base+00120h
  dw 0030Ch,base+03C6Dh
  dw 0016Ch,base+000FBh
  dw 00306h,base+02796h
  dw 0050Dh,base+03764h
  dw 0026Ch,base+000FBh
  dw 00B13h,base+01E06h
  dw 0026Dh,base+000BCh
  dw 00C12h,base+01A16h
  dw 0016Ah,base+000B9h
  dw 01116h,base+005F0h
  dw 0016Ah,base+000FBh
  dw 01215h,base+0050Ah
  dw 0026Bh,base+001BDh
  dw 01215h,base+0051Ch
  dw 0016Ah,base+000B9h
  dw 01316h,base+00416h
  dw 0016Ah,base+000B9h
  dw 01316h,base+00429h
  dw 0016Ah,base+000FBh
  dw 01315h,base+0043Ch
  dw 0016Bh,base+000B9h
  dw 01315h,base+0044Fh
  dw 0016Bh,base+000B9h
  dw 01315h,base+00462h
  dw 0016Bh,base+000BAh
  dw 01314h,base+00475h
  dw 0016Ch,base+000B9h
  dw 0157Fh,base+0030Dh
  dw 01580h,base+00322h
  dw 0157Fh,base+00337h
  dw 0157Fh,base+0034Ch
  dw 01580h,base+00361h
  dw 01580h,base+00376h
  dw 00204h,base+000BCh
  dw 01180h,base+00601h
  dw 01180h,base+00612h
  dw 01181h,base+00623h
  dw 01080h,base+00867h
  dw 01080h,base+00877h
  dw 01080h,base+00887h
  dw 01080h,base+00897h
  dw 00F80h,base+00BF1h
  dw 00F80h,base+00C00h
  dw 00E80h,base+01048h
  dw 00E80h,base+01056h
  dw 00D80h,base+015C7h
  dw 00C80h,base+01A22h
  dw 00B80h,base+01E11h
  dw 00980h,base+027E7h
  dw 00880h,base+02B9Fh
  dw 00780h,base+03009h
  dw 00203h,base+000BAh
  dw 0037Dh,base+0012Eh
  dw 0027Fh,base+00132h
  dw 00280h,base+00116h
  dw 00200h,base+000BCh

VegaPage1frame012:
  db 050h,05Eh,03Ch,028h
  db 06Eh
  db 000h,000h,0D8h,000h,000h
  db 000h,000h
  db 000h,000h
  dw 0017Fh,base+000BAh
  dw 00380h,base+00133h
  dw 0037Fh,base+03E68h
  dw 00580h,base+03769h
  dw 00580h,base+0376Eh
  dw 00580h,base+03773h
  dw 00580h,base+03778h
  dw 00680h,base+0339Ch
  dw 00681h,base+033A2h
  dw 00580h,base+0377Dh
  dw 00680h,base+033A8h
  dw 00680h,base+033AEh
  dw 00779h,base+03010h
  dw 00205h,base+00029h
  dw 0096Bh,base+027F0h
  dw 0090Eh,base+027F9h
  dw 00506h,base+03782h
  dw 00A6Bh,base+022C5h
  dw 02086h,base+000BEh
  dw 01A80h,base+00184h
  dw 01A80h,base+0019Eh
  dw 01A81h,base+001B8h
  dw 00308h,base+00206h
  dw 01178h,base+00634h
  dw 0020Ah,base+00420h
  dw 00F84h,base+00C0Fh
  dw 00A81h,base+022CFh
  dw 00A80h,base+022D9h
  dw 00A80h,base+022E3h
  dw 0090Ah,base+02802h
  dw 00275h,base+01DF6h
  dw 00102h,base+00029h
  dw 0070Ah,base+03017h
  dw 00273h,base+000FCh
  dw 00203h,base+001B8h
  dw 0070Bh,base+0301Eh
  dw 00272h,base+01960h
  dw 00204h,base+01292h
  dw 0060Bh,base+033B4h
  dw 00171h,base+000FBh
  dw 00304h,base+03E6Bh
  dw 0067Ch,base+033BAh
  dw 00304h,base+03E6Eh
  dw 0057Dh,base+03787h
  dw 00880h,base+02BA7h
  dw 00881h,base+02BAFh
  dw 00881h,base+02BB7h
  dw 00781h,base+03025h
  dw 00681h,base+033C0h
  dw 00580h,base+0378Ch
  dw 00580h,base+03791h
  dw 00580h,base+03796h
  dw 00580h,base+0379Bh
  dw 00580h,base+037A0h
  dw 0057Fh,base+037A5h
  dw 00780h,base+0302Ch
  dw 0077Fh,base+03033h
  dw 00880h,base+02BBFh
  dw 0087Fh,base+02BC7h
  dw 00880h,base+02BCFh
  dw 0087Fh,base+02BD7h
  dw 00A80h,base+022EDh
  dw 00A80h,base+022F7h
  dw 00A7Fh,base+02301h
  dw 00B80h,base+01E1Ch
  dw 00B80h,base+01E27h
  dw 00B80h,base+01E32h
  dw 00405h,base+03BBCh
  dw 0067Ah,base+033C6h
  dw 00506h,base+037AAh
  dw 0067Ah,base+033CCh
  dw 00406h,base+03BC0h
  dw 0067Ah,base+033D2h
  dw 00406h,base+009D3h
  dw 0067Ah,base+033D8h
  dw 00405h,base+03BC4h
  dw 0077Bh,base+0303Ah
  dw 00405h,base+03BC8h
  dw 0077Bh,base+03041h
  dw 00C80h,base+01A2Eh
  dw 00507h,base+037AFh
  dw 0057Ah,base+037B4h
  dw 00306h,base+009C0h
  dw 00102h,base+00029h
  dw 00378h,base+03E71h
  dw 00308h,base+03E74h
  dw 00378h,base+03E77h
  dw 00308h,base+001E1h
  dw 00478h,base+03BCCh
  dw 00309h,base+03E7Ah
  dw 00478h,base+03BD0h
  dw 00208h,base+0000Ch
  dw 00478h,base+03BD4h
  dw 00208h,base+00761h
  dw 00578h,base+037B9h
  dw 00208h,base+000EAh
  dw 00578h,base+037BEh
  dw 00208h,base+001D9h
  dw 00578h,base+037C3h
  dw 00209h,base+001D9h
  dw 00477h,base+03BD8h
  dw 00209h,base+0008Ch
  dw 00478h,base+03BDCh
  dw 00108h,base+00024h
  dw 00578h,base+037C8h
  dw 00209h,base+00120h
  dw 00477h,base+03BE0h
  dw 00209h,base+00669h
  dw 00477h,base+03BE4h
  dw 0020Ah,base+0026Fh
  dw 00376h,base+012A2h
  dw 0020Ah,base+00373h
  dw 00376h,base+03E7Dh
  dw 0020Bh,base+007C9h
  dw 00274h,base+00852h
  dw 0030Ch,base+0046Fh
  dw 00374h,base+03E80h
  dw 0040Dh,base+03BE8h
  dw 00274h,base+000AFh
  dw 0030Ch,base+03769h
  dw 00274h,base+00FA1h
  dw 0030Ch,base+03E83h
  dw 00374h,base+02497h
  dw 0030Dh,base+01F7Dh
  dw 00272h,base+002D4h
  dw 0040Eh,base+03BECh
  dw 00372h,base+02E17h
  dw 0040Fh,base+03BF0h
  dw 00270h,base+002D5h
  dw 00410h,base+0012Eh
  dw 0036Fh,base+03E86h
  dw 00410h,base+00CB5h
  dw 00470h,base+03BF4h
  dw 00311h,base+0012Eh
  dw 00380h,base+03E89h
  dw 00480h,base+03BF8h
  dw 00480h,base+03BFCh
  dw 0037Fh,base+02362h
  dw 00380h,base+03DEAh
  dw 0037Fh,base+00115h
  dw 00380h,base+03E8Ch
  dw 00300h,base+0012Eh

VegaPage1frame013:
  db 06Ch,051h,026h,036h
  db 05Ah
  db 000h,000h,0CAh,000h,000h
  db 000h,000h
  db 000h,000h
  dw 0017Fh,base+000BAh
  dw 00280h,base+00131h
  dw 0037Fh,base+03E8Fh
  dw 00480h,base+03C00h
  dw 0040Fh,base+03C04h
  dw 00270h,base+000BAh
  dw 0060Fh,base+033DEh
  dw 00271h,base+0003Ch
  dw 0070Fh,base+03048h
  dw 00271h,base+00116h
  dw 0080Eh,base+02BDFh
  dw 00172h,base+000B9h
  dw 0080Dh,base+02BE7h
  dw 00174h,base+000B9h
  dw 0080Ah,base+02BEFh
  dw 00276h,base+00116h
  dw 00B7Fh,base+01E3Dh
  dw 00C7Dh,base+01A3Ah
  dw 0107Bh,base+008A7h
  dw 0167Eh,base+00276h
  dw 01974h,base+001D2h
  dw 0267Fh,base+00077h
  dw 02780h,base+00050h
  dw 02880h,base+00000h
  dw 02880h,base+00028h
  dw 0090Fh,base+0280Bh
  dw 00306h,base+000E3h
  dw 0136Ch,base+00488h
  dw 0081Ah,base+02BF7h
  dw 00D6Ah,base+015D4h
  dw 00316h,base+03E92h
  dw 00D6Bh,base+015E1h
  dw 00215h,base+02C4Fh
  dw 00C6Ch,base+01A46h
  dw 00115h,base+00009h
  dw 00A80h,base+0230Bh
  dw 00882h,base+02BFFh
  dw 00680h,base+033E4h
  dw 00681h,base+033EAh
  dw 00580h,base+037CDh
  dw 00681h,base+033F0h
  dw 00580h,base+037D2h
  dw 00580h,base+037D7h
  dw 00580h,base+037DCh
  dw 00580h,base+037E1h
  dw 0067Fh,base+033F6h
  dw 0077Fh,base+0304Fh
  dw 0087Fh,base+02C07h
  dw 00A7Fh,base+02315h
  dw 00B7Fh,base+01E48h
  dw 00C7Fh,base+01A52h
  dw 00E7Fh,base+01064h
  dw 01080h,base+008B7h
  dw 0117Fh,base+00645h
  dw 01280h,base+0052Eh
  dw 0137Fh,base+0049Bh
  dw 0090Bh,base+02814h
  dw 00975h,base+0281Dh
  dw 0070Bh,base+03056h
  dw 00975h,base+02826h
  dw 0050Bh,base+037E6h
  dw 00975h,base+0282Fh
  dw 0050Bh,base+037EBh
  dw 00976h,base+02838h
  dw 0040Ah,base+03C08h
  dw 00876h,base+02C0Fh
  dw 0040Bh,base+03C0Ch
  dw 00775h,base+0305Dh
  dw 0050Bh,base+01E5Dh
  dw 00676h,base+033FCh
  dw 0040Ah,base+03C10h
  dw 00576h,base+037F0h
  dw 0040Ah,base+03C14h
  dw 00576h,base+037F5h
  dw 0040Bh,base+03C18h
  dw 00475h,base+03C1Ch
  dw 0040Bh,base+03C20h
  dw 00476h,base+03C24h
  dw 0030Ah,base+006A4h
  dw 00476h,base+03C28h
  dw 0030Ah,base+004F0h
  dw 00477h,base+03C2Ch
  dw 0020Ah,base+002D7h
  dw 00476h,base+03C30h
  dw 0020Ah,base+0023Eh
  dw 00677h,base+03402h
  dw 00209h,base+00389h
  dw 00777h,base+03064h
  dw 00209h,base+00386h
  dw 00777h,base+0306Bh
  dw 0020Ah,base+00907h
  dw 00776h,base+03072h
  dw 0030Ah,base+03E95h
  dw 00777h,base+03079h
  dw 00209h,base+030E1h
  dw 00877h,base+02C17h
  dw 0030Ah,base+03E98h
  dw 00775h,base+03080h
  dw 0040Ch,base+03C34h
  dw 00774h,base+03087h
  dw 0040Dh,base+03C38h
  dw 00673h,base+03408h
  dw 0040Eh,base+03C3Ch
  dw 00673h,base+0340Eh
  dw 0020Eh,base+000FBh
  dw 00608h,base+03414h
  dw 0016Ah,base+000BAh
  dw 0020Fh,base+000B9h
  dw 00971h,base+02841h
  dw 00110h,base+0016Ah
  dw 0086Eh,base+02C1Fh
  dw 00314h,base+03C43h
  dw 0066Ch,base+0341Ah
  dw 00315h,base+0318Fh
  dw 0056Bh,base+037FAh
  dw 00216h,base+000BCh
  dw 00480h,base+03C40h
  dw 00480h,base+03C44h
  dw 00480h,base+03C48h
  dw 00482h,base+03C4Ch
  dw 00381h,base+022B7h
  dw 0027Eh,base+00337h
  dw 00480h,base+03C50h
  dw 00300h,base+0012Eh

VegaPage1frame014:
  db 048h,065h,042h,019h
  db 05Eh
  db 000h,000h,0E7h,000h,000h
  db 000h,000h
  db 000h,000h
  dw 0017Fh,base+000BAh
  dw 0037Fh,base+03E9Bh
  dw 0047Fh,base+03C54h
  dw 00680h,base+03420h
  dw 0067Fh,base+03426h
  dw 0077Fh,base+0308Eh
  dw 0087Eh,base+02C27h
  dw 00B7Fh,base+01E53h
  dw 00D15h,base+015EEh
  dw 0016Bh,base+00029h
  dw 00506h,base+037FFh
  dw 0070Eh,base+03095h
  dw 0036Bh,base+0287Dh
  dw 00506h,base+024D1h
  dw 0080Fh,base+02C2Fh
  dw 0026Bh,base+000B9h
  dw 00E14h,base+01072h
  dw 0016Ch,base+000BAh
  dw 00E13h,base+01080h
  dw 0016Dh,base+000BAh
  dw 00E13h,base+0108Eh
  dw 0016Dh,base+000B9h
  dw 01112h,base+00656h
  dw 0016Eh,base+000B9h
  dw 01282h,base+00540h
  dw 00F81h,base+00C1Eh
  dw 00E81h,base+0109Ch
  dw 00D81h,base+015FBh
  dw 00D81h,base+01608h
  dw 00C81h,base+01A5Eh
  dw 00C80h,base+01A6Ah
  dw 00C80h,base+01A76h
  dw 00C80h,base+01A82h
  dw 00D80h,base+01615h
  dw 00D80h,base+01622h
  dw 00809h,base+02C37h
  dw 00577h,base+03804h
  dw 00809h,base+02C3Fh
  dw 00577h,base+03809h
  dw 0080Ah,base+02C47h
  dw 00576h,base+0380Eh
  dw 0070Ah,base+0309Ch
  dw 00576h,base+03813h
  dw 0070Bh,base+030A3h
  dw 00575h,base+03818h
  dw 0060Ch,base+0342Ch
  dw 00474h,base+03C58h
  dw 0060Ch,base+03432h
  dw 00473h,base+03C5Ch
  dw 0060Eh,base+03438h
  dw 00372h,base+03E9Eh
  dw 0060Eh,base+0343Eh
  dw 0036Bh,base+020ADh
  dw 00507h,base+0381Dh
  dw 0050Eh,base+03822h
  dw 0036Ah,base+03EA1h
  dw 00D16h,base+0162Fh
  dw 00369h,base+03EA4h
  dw 00E17h,base+010AAh
  dw 00468h,base+03C60h
  dw 00F19h,base+00C2Dh
  dw 00366h,base+03EA7h
  dw 0101Ah,base+008C7h
  dw 00366h,base+03EAAh
  dw 00F1Ah,base+00C3Ch
  dw 00366h,base+03EADh
  dw 00F1Ah,base+00C4Bh
  dw 00366h,base+008A4h
  dw 00F1Bh,base+00C5Ah
  dw 00266h,base+002E1h
  dw 00E1Ah,base+010B8h
  dw 00266h,base+00064h
  dw 00D1Ah,base+0163Ch
  dw 00267h,base+0072Ch
  dw 00C19h,base+01A8Eh
  dw 00267h,base+00585h
  dw 00506h,base+03827h
  dw 00613h,base+03444h
  dw 00268h,base+00E17h
  dw 00506h,base+0382Ch
  dw 00612h,base+0344Ah
  dw 00269h,base+00E27h
  dw 00405h,base+03C64h
  dw 00612h,base+03450h
  dw 00269h,base+000B9h
  dw 00B17h,base+01E5Eh
  dw 0036Ah,base+003ACh
  dw 00B17h,base+01E69h
  dw 00269h,base+0003Fh
  dw 00B17h,base+01E74h
  dw 0036Ah,base+00527h
  dw 00A16h,base+0231Fh
  dw 0036Ah,base+00515h
  dw 00607h,base+03456h
  dw 0040Fh,base+01404h
  dw 0036Bh,base+005FBh
  dw 00507h,base+03831h
  dw 0030Eh,base+0003Ch
  dw 0046Bh,base+01A1Dh
  dw 00507h,base+03836h
  dw 0030Eh,base+00032h
  dw 0046Ch,base+03C68h
  dw 00506h,base+0383Bh
  dw 0040Eh,base+000E2h
  dw 0056Ch,base+03840h
  dw 00506h,base+03845h
  dw 0040Fh,base+009AAh
  dw 0046Bh,base+03C6Ch
  dw 00506h,base+0384Ah
  dw 00410h,base+01EC8h
  dw 0046Ah,base+03BB8h
  dw 00506h,base+0384Fh
  dw 00311h,base+005BDh
  dw 00369h,base+03C6Dh
  dw 00506h,base+03854h
  dw 00211h,base+000C8h
  dw 00468h,base+03BB4h
  dw 00607h,base+0345Ch
  dw 00212h,base+000C8h
  dw 00467h,base+03BB0h
  dw 00607h,base+03462h
  dw 00212h,base+000C8h
  dw 00367h,base+03E65h
  dw 00607h,base+03468h
  dw 00213h,base+000C8h
  dw 00266h,base+006ABh
  dw 00405h,base+03C70h
  dw 00102h,base+00018h
  dw 00213h,base+000C8h
  dw 00166h,base+00009h
  dw 00405h,base+02733h
  dw 00102h,base+00013h
  dw 00279h,base+00259h
  dw 00405h,base+03C74h
  dw 0017Ch,base+001A2h
  dw 00580h,base+03859h
  dw 00580h,base+0385Eh
  dw 00480h,base+03C78h
  dw 00480h,base+03A9Ch
  dw 00480h,base+03C7Ch
  dw 00480h,base+03C80h
  dw 00481h,base+01E72h
  dw 00380h,base+007A7h
  dw 00380h,base+03EB0h
  dw 00381h,base+00ADFh
  dw 00280h,base+0001Ah
  dw 00280h,base+00852h
  dw 00280h,base+0026Fh
  dw 00280h,base+007C9h
  dw 00281h,base+00DEFh
  dw 00180h,base+00008h
  dw 00180h,base+00008h
  dw 00180h,base+00020h
  dw 00280h,base+00852h
  dw 00280h,base+02B1Ah
  dw 00280h,base+007C9h
  dw 00280h,base+00341h
  dw 00380h,base+03EB3h
  dw 00380h,base+03C43h
  dw 00480h,base+03C84h
  dw 00481h,base+03C88h
  dw 00380h,base+00CB3h
  dw 0037Fh,base+0199Fh
  dw 00380h,base+00116h
  dw 00380h,base+03EB6h
  dw 0027Fh,base+00321h
  dw 00380h,base+02BF5h
  dw 00380h,base+01843h
  dw 00200h,base+000BCh

VegaPage1frame015:
  db 038h,05Fh,060h,020h
  db 064h
  db 000h,000h,0E0h,000h,000h
  db 000h,000h
  db 000h,000h
  dw 0017Eh,base+00026h
  dw 00280h,base+017EFh
  dw 0020Eh,base+03F3Dh
  dw 00172h,base+000BAh
  dw 0020Dh,base+03F3Fh
  dw 00374h,base+00CB5h
  dw 0020Ch,base+03F41h
  dw 00374h,base+0053Eh
  dw 0020Bh,base+03DBFh
  dw 00409h,base+03C8Ch
  dw 0026Ch,base+019B6h
  dw 0020Bh,base+03F43h
  dw 00508h,base+03863h
  dw 0046Dh,base+03C90h
  dw 00203h,base+03F3Fh
  dw 00108h,base+00018h
  dw 00C76h,base+01A9Ah
  dw 0030Ah,base+03EB9h
  dw 0090Bh,base+0284Ah
  dw 0026Bh,base+000BAh
  dw 0040Ah,base+03C94h
  dw 0080Ch,base+02C4Fh
  dw 0016Ah,base+000BAh
  dw 0040Ah,base+03C98h
  dw 00876h,base+02C57h
  dw 0040Ah,base+03C9Ch
  dw 0070Dh,base+030AAh
  dw 0016Ah,base+000BAh
  dw 00309h,base+03EBCh
  dw 0070Dh,base+030B1h
  dw 0026Ah,base+00322h
  dw 00309h,base+03EBFh
  dw 0060Eh,base+0346Eh
  dw 00269h,base+0082Dh
  dw 00308h,base+0024Ah
  dw 0070Fh,base+030B8h
  dw 0016Ah,base+000FBh
  dw 00207h,base+0076Bh
  dw 00879h,base+02C5Fh
  dw 00207h,base+00E27h
  dw 00979h,base+02853h
  dw 00306h,base+03EC2h
  dw 00A7Bh,base+02329h
  dw 00205h,base+0078Fh
  dw 00B7Bh,base+01E7Fh
  dw 00304h,base+007D4h
  dw 00C7Ch,base+01AA6h
  dw 00304h,base+03EC5h
  dw 00C7Ch,base+01AB2h
  dw 01080h,base+008D7h
  dw 01181h,base+00667h
  dw 01080h,base+008E7h
  dw 01080h,base+008F7h
  dw 00507h,base+03868h
  dw 00A79h,base+02333h
  dw 00507h,base+0386Dh
  dw 00A7Ah,base+0233Dh
  dw 00307h,base+01FE6h
  dw 00979h,base+0285Ch
  dw 00308h,base+03EC8h
  dw 00879h,base+02C67h
  dw 00107h,base+00013h
  dw 00880h,base+02C6Fh
  dw 0077Fh,base+030BFh
  dw 00579h,base+03872h
  dw 00407h,base+00036h
  dw 00577h,base+03877h
  dw 00E7Fh,base+010C6h
  dw 00F80h,base+00C69h
  dw 00F7Fh,base+00C78h
  dw 01080h,base+00907h
  dw 01080h,base+00917h
  dw 01080h,base+00927h
  dw 00F80h,base+00C87h
  dw 00F80h,base+00C96h
  dw 00F81h,base+00CA5h
  dw 00405h,base+02E23h
  dw 0097Bh,base+02865h
  dw 00407h,base+03CA0h
  dw 0077Ah,base+030C6h
  dw 00306h,base+01295h
  dw 0077Ah,base+030CDh
  dw 00305h,base+00AB1h
  dw 0087Ch,base+02C77h
  dw 00304h,base+01E69h
  dw 0087Ch,base+02C7Fh
  dw 00C81h,base+01ABEh
  dw 00A80h,base+02347h
  dw 00981h,base+0286Eh
  dw 00880h,base+02C87h
  dw 00881h,base+02C8Fh
  dw 0077Fh,base+030D4h
  dw 00780h,base+030DBh
  dw 00780h,base+030E2h
  dw 00780h,base+030E9h
  dw 00780h,base+030F0h
  dw 00781h,base+030F7h
  dw 00580h,base+0387Ch
  dw 00580h,base+03881h
  dw 00581h,base+03886h
  dw 00480h,base+03CA4h
  dw 00480h,base+03CA8h
  dw 00480h,base+03CACh
  dw 00480h,base+03CB0h
  dw 00580h,base+0388Bh
  dw 00581h,base+03890h
  dw 00480h,base+03CB4h
  dw 00480h,base+03CB8h
  dw 00480h,base+03CBCh
  dw 00480h,base+03CC0h
  dw 00480h,base+03CC4h
  dw 00480h,base+03CC8h
  dw 00481h,base+02006h
  dw 00380h,base+008FFh
  dw 00380h,base+019B0h
  dw 00380h,base+01702h
  dw 00380h,base+03ECBh
  dw 00280h,base+009FAh
  dw 00280h,base+009FAh
  dw 00281h,base+00DEFh
  dw 00180h,base+00008h
  dw 00180h,base+00008h
  dw 00180h,base+00008h
  dw 00180h,base+00026h
  dw 00180h,base+00011h
  dw 00180h,base+00012h
  dw 00180h,base+000FBh
  dw 0027Fh,base+0072Ch
  dw 00380h,base+03ECEh
  dw 00380h,base+0146Eh
  dw 00380h,base+0146Eh
  dw 00380h,base+03CECh
  dw 00381h,base+00131h
  dw 00100h,base+00018h

VegaPage1frame016:
  db 05Ah,060h,04Eh,01Fh
  db 050h
  db 000h,000h,0E1h,000h,000h
  db 000h,000h
  db 000h,000h
  dw 0017Fh,base+000BAh
  dw 00380h,base+00336h
  dw 00480h,base+03CCCh
  dw 00781h,base+030FEh
  dw 0061Fh,base+03474h
  dw 00261h,base+00132h
  dw 0051Fh,base+0101Eh
  dw 00362h,base+01399h
  dw 0051Ch,base+03895h
  dw 0060Ch,base+0347Ah
  dw 00259h,base+00131h
  dw 0041Ah,base+03CD0h
  dw 0070Ch,base+03105h
  dw 00102h,base+000BAh
  dw 00259h,base+01960h
  dw 00418h,base+03CD4h
  dw 0080Ch,base+02C97h
  dw 00104h,base+000BAh
  dw 00159h,base+000BAh
  dw 00417h,base+03CD8h
  dw 0080Ch,base+02C9Fh
  dw 0015Fh,base+000B9h
  dw 00414h,base+03CDCh
  dw 0090Ch,base+02877h
  dw 00160h,base+000BAh
  dw 00514h,base+0389Ah
  dw 0090Ch,base+02880h
  dw 00161h,base+0016Ah
  dw 00513h,base+0389Fh
  dw 00A0Bh,base+02351h
  dw 00162h,base+000BAh
  dw 00613h,base+03480h
  dw 00A0Bh,base+0235Bh
  dw 00163h,base+0016Ah
  dw 00512h,base+038A4h
  dw 00C6Eh,base+01ACAh
  dw 00612h,base+03486h
  dw 00C6Fh,base+01AD6h
  dw 00611h,base+0348Ch
  dw 00C6Fh,base+01AE2h
  dw 00611h,base+03492h
  dw 00D6Fh,base+01649h
  dw 00811h,base+02CA7h
  dw 00709h,base+0310Ch
  dw 00567h,base+038A9h
  dw 00710h,base+03113h
  dw 00809h,base+02CAFh
  dw 00667h,base+03498h
  dw 00810h,base+02CB7h
  dw 0080Ah,base+02CBFh
  dw 00567h,base+038AEh
  dw 0080Eh,base+02CC7h
  dw 00A0Dh,base+02365h
  dw 00466h,base+03CE0h
  dw 0070Dh,base+0311Ah
  dw 00A0Eh,base+0236Fh
  dw 00366h,base+03ED1h
  dw 0070Ch,base+03121h
  dw 00A0Fh,base+02379h
  dw 00366h,base+038B0h
  dw 00709h,base+03128h
  dw 00C11h,base+01AEEh
  dw 00366h,base+01521h
  dw 00809h,base+02CCFh
  dw 00C12h,base+01AFAh
  dw 00366h,base+03ED4h
  dw 0141Bh,base+003B3h
  dw 00265h,base+03F45h
  dw 0141Bh,base+003C7h
  dw 00266h,base+03F47h
  dw 0131Bh,base+004AEh
  dw 00165h,base+00027h
  dw 0131Bh,base+004C1h
  dw 00166h,base+00027h
  dw 01281h,base+00552h
  dw 01180h,base+00678h
  dw 00A0Bh,base+02383h
  dw 00676h,base+0349Eh
  dw 0080Ah,base+02CD7h
  dw 00677h,base+034A4h
  dw 00609h,base+034AAh
  dw 00577h,base+038B3h
  dw 00609h,base+034B0h
  dw 00577h,base+038B8h
  dw 00609h,base+034B6h
  dw 00478h,base+03CE4h
  dw 00608h,base+034BCh
  dw 00478h,base+03CE8h
  dw 00608h,base+034C2h
  dw 00378h,base+01C80h
  dw 00608h,base+034C8h
  dw 00378h,base+034D0h
  dw 00608h,base+034CEh
  dw 00277h,base+001BEh
  dw 00880h,base+02CDFh
  dw 00880h,base+02CE7h
  dw 00880h,base+02CEFh
  dw 00880h,base+02CF7h
  dw 00880h,base+02CFFh
  dw 00780h,base+0312Fh
  dw 00780h,base+03136h
  dw 00780h,base+0313Dh
  dw 0077Fh,base+03144h
  dw 00781h,base+0314Bh
  dw 00680h,base+034D4h
  dw 0057Fh,base+038BDh
  dw 00580h,base+038C2h
  dw 00580h,base+038C7h
  dw 00582h,base+038CCh
  dw 00280h,base+03A60h
  dw 00280h,base+026B2h
  dw 00280h,base+02C68h
  dw 00280h,base+01685h
  dw 0027Fh,base+0022Fh
  dw 00380h,base+03ED7h
  dw 00380h,base+03EDAh
  dw 00380h,base+03EDDh
  dw 00380h,base+03EE0h
  dw 00380h,base+00DB1h
  dw 00380h,base+03EE3h
  dw 00380h,base+03EE6h
  dw 00380h,base+0116Fh
  dw 00380h,base+03EE9h
  dw 00380h,base+039BDh
  dw 00380h,base+0054Bh
  dw 00380h,base+03D29h
  dw 00380h,base+00037h
  dw 00380h,base+00037h
  dw 00280h,base+0023Eh
  dw 00280h,base+0023Eh
  dw 00280h,base+00DEFh
  dw 00280h,base+009FAh
  dw 00280h,base+00D1Dh
  dw 00280h,base+00D1Dh
  dw 00280h,base+02CA9h
  dw 00280h,base+03376h
  dw 00280h,base+01096h
  dw 00280h,base+01096h
  dw 00280h,base+01096h
  dw 00280h,base+00852h
  dw 00280h,base+00583h
  dw 00280h,base+019B6h
  dw 0027Fh,base+009C6h
  dw 00380h,base+03EECh
  dw 00480h,base+03CECh
  dw 00480h,base+03CF0h
  dw 00580h,base+038D1h
  dw 00581h,base+038D6h
  dw 00300h,base+0012Eh

VegaPage1frame017:
  db 05Ch,03Eh,030h,042h
  db 05Eh
  db 000h,000h,0BEh,000h,000h
  db 000h,000h
  db 000h,000h
  dw 0027Fh,base+000BCh
  dw 00380h,base+02F95h
  dw 0047Fh,base+03CF4h
  dw 00580h,base+038DBh
  dw 00580h,base+038E0h
  dw 00580h,base+038E5h
  dw 00580h,base+038EAh
  dw 00581h,base+038EFh
  dw 00580h,base+038F4h
  dw 00580h,base+038F9h
  dw 00580h,base+038FEh
  dw 0077Ch,base+03152h
  dw 00B7Bh,base+01E8Ah
  dw 0117Ch,base+00689h
  dw 01678h,base+0028Ch
  dw 02180h,base+0009Dh
  dw 01D20h,base+000DEh
  dw 0015Fh,base+000FBh
  dw 00106h,base+00027h
  dw 01980h,base+001EBh
  dw 01980h,base+00204h
  dw 00307h,base+01B36h
  dw 00304h,base+00029h
  dw 00F76h,base+00CB4h
  dw 0010Ch,base+00009h
  dw 00103h,base+000BAh
  dw 00A80h,base+0238Dh
  dw 00B80h,base+01E95h
  dw 00B81h,base+01EA0h
  dw 00A80h,base+02397h
  dw 00A81h,base+023A1h
  dw 0087Ah,base+02D07h
  dw 00206h,base+0010Bh
  dw 0087Ah,base+02D0Fh
  dw 00307h,base+008B7h
  dw 00678h,base+034DAh
  dw 00508h,base+03903h
  dw 00678h,base+034E0h
  dw 00608h,base+034E6h
  dw 00578h,base+00832h
  dw 00E80h,base+010D4h
  dw 00E80h,base+010E2h
  dw 00E80h,base+010F0h
  dw 00F80h,base+00CC3h
  dw 00F80h,base+00CD2h
  dw 01080h,base+00937h
  dw 01081h,base+00947h
  dw 00F80h,base+00CE1h
  dw 00F80h,base+00CF0h
  dw 01081h,base+00957h
  dw 00F80h,base+00CFFh
  dw 00305h,base+006A4h
  dw 00B7Bh,base+01EABh
  dw 00306h,base+03EEFh
  dw 00B7Ah,base+01EB6h
  dw 00307h,base+01073h
  dw 00B7Ah,base+01EC1h
  dw 00206h,base+00086h
  dw 00B7Ah,base+01ECCh
  dw 00207h,base+0041Bh
  dw 00A79h,base+023ABh
  dw 00207h,base+002D4h
  dw 00979h,base+02889h
  dw 00208h,base+009FAh
  dw 00878h,base+02D17h
  dw 00208h,base+009FAh
  dw 00879h,base+02D1Fh
  dw 00107h,base+00008h
  dw 00879h,base+02D27h
  dw 00107h,base+00011h
  dw 00879h,base+02D2Fh
  dw 00208h,base+006A6h
  dw 00778h,base+03159h
  dw 00208h,base+00301h
  dw 00778h,base+03160h
  dw 00208h,base+00375h
  dw 00677h,base+034ECh
  dw 0040Ah,base+03CF8h
  dw 0060Ah,base+034F2h
  dw 0026Ch,base+000BCh
  dw 0040Ah,base+0165Fh
  dw 0070Ah,base+03167h
  dw 0026Ch,base+000FCh
  dw 0040Ah,base+03CFCh
  dw 00D76h,base+01656h
  dw 0030Bh,base+038D2h
  dw 00E75h,base+010FEh
  dw 0030Bh,base+000BAh
  dw 00E74h,base+0110Ch
  dw 0030Ch,base+0100Ch
  dw 00F74h,base+00D0Eh
  dw 0030Dh,base+0053Eh
  dw 00E73h,base+0111Ah
  dw 0020Eh,base+000BCh
  dw 00507h,base+03908h
  dw 00300h,base+0012Eh

VegaPage1frame018:
  db 056h,04Fh,036h,032h
  db 036h
  db 000h,000h,0CEh,000h,000h
  db 000h,000h
  db 000h,000h
  dw 00380h,base+03EF2h
  dw 00381h,base+03EF5h
  dw 00381h,base+03EF8h
  dw 00281h,base+00459h
  dw 00281h,base+03ED2h
  dw 00180h,base+0008Ch
  dw 00281h,base+0244Bh
  dw 00180h,base+00066h
  dw 00281h,base+0078Ch
  dw 00180h,base+00066h
  dw 00280h,base+001EAh
  dw 0027Fh,base+001CBh
  dw 00480h,base+03D00h
  dw 00480h,base+03D04h
  dw 00580h,base+0390Dh
  dw 00681h,base+034F8h
  dw 0060Eh,base+034FEh
  dw 00273h,base+000BCh
  dw 0060Ch,base+03504h
  dw 00476h,base+03D08h
  dw 0050Ah,base+03912h
  dw 00476h,base+03D0Ch
  dw 0060Ah,base+0350Ah
  dw 00577h,base+03917h
  dw 00609h,base+03510h
  dw 00578h,base+0391Ch
  dw 00608h,base+03516h
  dw 00578h,base+03921h
  dw 00D81h,base+01663h
  dw 00C81h,base+01B06h
  dw 00B81h,base+01ED7h
  dw 00A80h,base+023B5h
  dw 00B81h,base+01EE2h
  dw 00B81h,base+01EEDh
  dw 00B81h,base+01EF8h
  dw 00A80h,base+023BFh
  dw 00C81h,base+01B12h
  dw 00D81h,base+01670h
  dw 0090Ch,base+02892h
  dw 00174h,base+000B9h
  dw 00980h,base+0289Bh
  dw 00A80h,base+023C9h
  dw 00A80h,base+023D3h
  dw 00B81h,base+01F03h
  dw 00A80h,base+023DDh
  dw 00A80h,base+023E7h
  dw 00A81h,base+023F1h
  dw 00980h,base+028A4h
  dw 0097Bh,base+028ADh
  dw 00106h,base+0004Ch
  dw 00779h,base+0316Eh
  dw 00407h,base+03D10h
  dw 00779h,base+03175h
  dw 00507h,base+03926h
  dw 00678h,base+0351Ch
  dw 00708h,base+0317Ch
  dw 00678h,base+03522h
  dw 00E80h,base+01128h
  dw 00F80h,base+00D1Dh
  dw 00F80h,base+00D2Ch
  dw 00F81h,base+00D3Bh
  dw 00F80h,base+00D4Ah
  dw 00F80h,base+00D59h
  dw 01080h,base+00967h
  dw 01080h,base+00977h
  dw 01081h,base+00987h
  dw 00F80h,base+00D68h
  dw 01081h,base+00997h
  dw 00304h,base+008ADh
  dw 00B7Ch,base+01F0Eh
  dw 00305h,base+03EFBh
  dw 00B7Bh,base+01F19h
  dw 00306h,base+01D86h
  dw 00B7Ah,base+01F24h
  dw 00307h,base+01524h
  dw 00A79h,base+023FBh
  dw 00308h,base+03EFEh
  dw 00979h,base+028B6h
  dw 00207h,base+00120h
  dw 00979h,base+028BFh
  dw 00207h,base+00094h
  dw 00879h,base+02D37h
  dw 00207h,base+00094h
  dw 00879h,base+02D3Fh
  dw 00208h,base+00386h
  dw 00778h,base+03183h
  dw 00208h,base+00CC3h
  dw 00778h,base+0318Ah
  dw 00208h,base+03EC0h
  dw 00778h,base+03191h
  dw 00308h,base+03F01h
  dw 00778h,base+03198h
  dw 00309h,base+02742h
  dw 00677h,base+03528h
  dw 00309h,base+01DF5h
  dw 0070Bh,base+0319Fh
  dw 0016Ch,base+000BAh
  dw 0030Ah,base+01B27h
  dw 0060Ah,base+0352Eh
  dw 0026Ch,base+000B9h
  dw 0030Ah,base+001BCh
  dw 00C76h,base+01B1Eh
  dw 0030Ah,base+03DEAh
  dw 00E76h,base+01136h
  dw 0020Ah,base+000FCh
  dw 00F75h,base+00D77h
  dw 0030Ch,base+01B27h
  dw 00E73h,base+01144h
  dw 0030Dh,base+02BF2h
  dw 00E73h,base+01152h
  dw 0030Eh,base+0012Eh
  dw 00508h,base+0115Eh
  dw 00280h,base+000BCh
  dw 00100h,base+000BAh

VegaPage1frame019:
  db 042h,030h,042h,058h
  db 068h
  db 000h,000h,0A8h,000h,000h
  db 000h,000h
  db 000h,000h
  dw 00480h,base+003AEh
  dw 00584h,base+0392Bh
  dw 00181h,base+000BAh
  dw 00205h,base+00131h
  dw 0037Bh,base+0012Eh
  dw 00205h,base+000BCh
  dw 0037Dh,base+0014Dh
  dw 00780h,base+031A6h
  dw 0077Fh,base+031ADh
  dw 00880h,base+02D47h
  dw 0087Fh,base+02D4Fh
  dw 00980h,base+028C8h
  dw 00980h,base+028D1h
  dw 00980h,base+028DAh
  dw 00980h,base+028E3h
  dw 0097Fh,base+028ECh
  dw 00A80h,base+02405h
  dw 00A80h,base+0240Fh
  dw 00A7Fh,base+02419h
  dw 00A80h,base+02423h
  dw 00A7Fh,base+0242Dh
  dw 00B80h,base+01F2Fh
  dw 00B7Fh,base+01F3Ah
  dw 00C80h,base+01B2Ah
  dw 00C7Fh,base+01B36h
  dw 00D80h,base+0167Dh
  dw 00D7Fh,base+0168Ah
  dw 00E7Fh,base+01160h
  dw 00F7Fh,base+00D86h
  dw 0107Fh,base+009A7h
  dw 0107Fh,base+009B7h
  dw 0117Fh,base+0069Ah
  dw 01180h,base+006ABh
  dw 0117Dh,base+006BCh
  dw 0147Eh,base+003DBh
  dw 0167Fh,base+002A2h
  dw 0177Fh,base+0021Dh
  dw 00E12h,base+0116Eh
  dw 0066Ah,base+03534h
  dw 00203h,base+000BCh
  dw 00E13h,base+0117Ch
  dw 00669h,base+0353Ah
  dw 01117h,base+006CDh
  dw 00668h,base+03540h
  dw 01018h,base+009C7h
  dw 00668h,base+03546h
  dw 00F18h,base+00D95h
  dw 00668h,base+0354Ch
  dw 00C18h,base+01B42h
  dw 00668h,base+03552h
  dw 00407h,base+03D14h
  dw 00212h,base+00029h
  dw 00203h,base+00115h
  dw 00264h,base+0354Ah
  dw 00419h,base+0031Eh
  dw 00567h,base+03930h
  dw 00319h,base+0012Eh
  dw 00581h,base+03935h
  dw 00482h,base+03D18h
  dw 00280h,base+0024Eh
  dw 00280h,base+0024Eh
  dw 00100h,base+00027h

VegaPage1frame020:
  db 04Ch,055h,046h,029h
  db 076h
  db 000h,000h,0D7h,000h,000h
  db 000h,000h
  db 000h,000h
  dw 0017Fh,base+000BAh
  dw 0020Bh,base+0014Eh
  dw 00274h,base+000BCh
  dw 0040Ah,base+03D1Ch
  dw 00575h,base+0393Ah
  dw 00509h,base+0393Fh
  dw 00777h,base+031B4h
  dw 01180h,base+006DEh
  dw 01080h,base+009D7h
  dw 01080h,base+009E7h
  dw 00F80h,base+00DA4h
  dw 00F81h,base+00DB3h
  dw 00E80h,base+0118Ah
  dw 00D80h,base+01697h
  dw 00D81h,base+016A4h
  dw 00B7Fh,base+01F45h
  dw 00B80h,base+01F50h
  dw 00B80h,base+01F5Bh
  dw 00A7Eh,base+02437h
  dw 00C7Fh,base+01B4Eh
  dw 00D7Fh,base+016B1h
  dw 00E80h,base+01198h
  dw 00E7Fh,base+011A6h
  dw 00F7Fh,base+00DC2h
  dw 0107Fh,base+009F7h
  dw 00809h,base+02D57h
  dw 00876h,base+02D5Fh
  dw 0080Ah,base+02D67h
  dw 00875h,base+02D6Fh
  dw 0080Ch,base+02D77h
  dw 00774h,base+031BBh
  dw 0060Dh,base+03558h
  dw 00672h,base+0355Eh
  dw 0060Fh,base+03564h
  dw 00570h,base+03944h
  dw 00610h,base+0356Ah
  dw 0056Fh,base+03949h
  dw 00611h,base+03570h
  dw 0056Eh,base+0394Eh
  dw 00612h,base+03576h
  dw 0056Eh,base+03953h
  dw 00512h,base+03958h
  dw 0056Dh,base+0343Eh
  dw 0040Dh,base+03D20h
  dw 00406h,base+01353h
  dw 0066Bh,base+0357Ch
  dw 0050Eh,base+0395Dh
  dw 00D71h,base+016BEh
  dw 0050Eh,base+03962h
  dw 00E71h,base+011B4h
  dw 0050Fh,base+03967h
  dw 00E71h,base+011C2h
  dw 0050Fh,base+0396Ch
  dw 00E70h,base+011D0h
  dw 00510h,base+03971h
  dw 00E6Fh,base+011DEh
  dw 00611h,base+03582h
  dw 00E6Fh,base+011ECh
  dw 00304h,base+03F04h
  dw 0010Dh,base+000BAh
  dw 00E6Eh,base+011FAh
  dw 00312h,base+03F07h
  dw 00E6Eh,base+01208h
  dw 00312h,base+03583h
  dw 00E6Dh,base+01216h
  dw 00313h,base+00DFCh
  dw 00506h,base+03976h
  dw 00867h,base+02D7Fh
  dw 00214h,base+0021Bh
  dw 00406h,base+03D24h
  dw 00766h,base+031C2h
  dw 00214h,base+027C5h
  dw 00407h,base+03D28h
  dw 00665h,base+03588h
  dw 00114h,base+00025h
  dw 00407h,base+03D2Ch
  dw 00565h,base+0397Bh
  dw 00115h,base+00012h
  dw 00305h,base+02CACh
  dw 00666h,base+0358Eh
  dw 00115h,base+00012h
  dw 00B80h,base+01F66h
  dw 00B81h,base+01F71h
  dw 00A80h,base+02441h
  dw 00203h,base+001D9h
  dw 0077Dh,base+031C9h
  dw 00203h,base+009FAh
  dw 0067Eh,base+03594h
  dw 00103h,base+00008h
  dw 0057Dh,base+03980h
  dw 00203h,base+00389h
  dw 0057Dh,base+03985h
  dw 00203h,base+03F49h
  dw 0057Dh,base+0398Ah
  dw 00781h,base+031D0h
  dw 0067Fh,base+0359Ah
  dw 00780h,base+031D7h
  dw 00881h,base+02D87h
  dw 00780h,base+031DEh
  dw 00880h,base+02D8Fh
  dw 00880h,base+02D97h
  dw 00881h,base+02D9Fh
  dw 00203h,base+00337h
  dw 0047Dh,base+03D30h
  dw 00203h,base+00337h
  dw 0057Ch,base+0398Fh
  dw 00204h,base+01960h
  dw 0057Ch,base+03994h
  dw 00205h,base+00322h
  dw 0047Bh,base+03D34h
  dw 00206h,base+01DF6h
  dw 0037Ah,base+00AB1h
  dw 00107h,base+000B9h
  dw 00379h,base+0231Fh
  dw 00107h,base+000BAh
  dw 00381h,base+03F0Ah
  dw 00381h,base+03ECBh
  dw 00480h,base+03D38h
  dw 00481h,base+03D3Ch
  dw 0047Fh,base+03D40h
  dw 00580h,base+03999h
  dw 00581h,base+0399Eh
  dw 00480h,base+03D44h
  dw 00380h,base+03F0Dh
  dw 00381h,base+03851h
  dw 00280h,base+01DF6h
  dw 00280h,base+00322h
  dw 00280h,base+02742h
  dw 00280h,base+000FBh
  dw 00280h,base+001BEh
  dw 00280h,base+00116h
  dw 00200h,base+00116h

VegaPage1frame021:
  db 040h,040h,056h,02Bh
  db 08Eh
  db 000h,000h,0D5h,000h,000h
  db 000h,000h
  db 000h,000h
  dw 00378h,base+00130h
  dw 00207h,base+000BCh
  dw 00102h,base+000BAh
  dw 00377h,base+000BBh
  dw 00306h,base+00377h
  dw 00179h,base+000B9h
  dw 00406h,base+03D48h
  dw 0027Ah,base+001BDh
  dw 00709h,base+031E5h
  dw 00277h,base+00029h
  dw 00B7Fh,base+01F7Ch
  dw 00D80h,base+016CBh
  dw 00D80h,base+016D8h
  dw 00D80h,base+016E5h
  dw 00D81h,base+016F2h
  dw 00C80h,base+01B5Ah
  dw 00B80h,base+01F87h
  dw 00A81h,base+0244Bh
  dw 00980h,base+028F5h
  dw 00880h,base+02DA7h
  dw 00880h,base+02DAFh
  dw 00880h,base+02DB7h
  dw 00880h,base+02DBFh
  dw 00880h,base+02DC7h
  dw 00881h,base+02DCFh
  dw 00780h,base+031ECh
  dw 00780h,base+031F3h
  dw 00781h,base+031FAh
  dw 00680h,base+035A0h
  dw 0067Ch,base+035A6h
  dw 00304h,base+03F10h
  dw 0067Ch,base+035ACh
  dw 00304h,base+03973h
  dw 0067Ch,base+035B2h
  dw 00A80h,base+02455h
  dw 00A80h,base+0245Fh
  dw 00A80h,base+02469h
  dw 00A81h,base+02473h
  dw 0097Eh,base+028FEh
  dw 00B7Fh,base+01F92h
  dw 00C7Dh,base+01B66h
  dw 00F75h,base+00DD1h
  dw 00208h,base+000BCh
  dw 01278h,base+00564h
  dw 00306h,base+02BF2h
  dw 01479h,base+003EFh
  dw 00405h,base+0012Eh
  dw 0167Bh,base+002B8h
  dw 01B7Fh,base+00133h
  dw 01C80h,base+000FBh
  dw 01C80h,base+00117h
  dw 01B80h,base+0014Eh
  dw 01B80h,base+00169h
  dw 00E11h,base+01224h
  dw 0096Fh,base+02907h
  dw 00308h,base+000BAh
  dw 00409h,base+003ACh
  dw 0086Fh,base+02DD7h
  dw 00211h,base+000BCh
  dw 00680h,base+035B8h
  dw 0067Fh,base+035BEh
  dw 00780h,base+03201h
  dw 00304h,base+005BDh
  dw 0037Ch,base+03DCFh
  dw 00104h,base+00029h
  dw 00481h,base+03D4Ch
  dw 00480h,base+03D50h
  dw 00481h,base+03BF9h
  dw 00380h,base+01A31h
  dw 00380h,base+00362h
  dw 00380h,base+00362h
  dw 00380h,base+0012Eh
  dw 00380h,base+0012Eh
  dw 00380h,base+0012Eh
  dw 00380h,base+0012Eh
  dw 00380h,base+000BAh
  dw 00380h,base+03221h
  dw 00380h,base+01F7Dh
  dw 00280h,base+00080h
  dw 00200h,base+000BCh

VegaPage1frame022:
  db 042h,051h,058h,02Dh
  db 098h
  db 000h,000h,0D3h,000h,000h
  db 000h,000h
  db 000h,000h
  dw 00180h,base+000B9h
  dw 00180h,base+000BAh
  dw 00180h,base+000BAh
  dw 0017Fh,base+000FBh
  dw 00180h,base+000BAh
  dw 0017Ah,base+000FBh
  dw 00205h,base+000BCh
  dw 0017Ah,base+000B9h
  dw 00305h,base+00302h
  dw 0027Bh,base+00279h
  dw 00405h,base+00114h
  dw 0027Bh,base+001BDh
  dw 00405h,base+03D54h
  dw 0017Bh,base+000B9h
  dw 00405h,base+03D58h
  dw 0017Bh,base+000B9h
  dw 00405h,base+03D5Ch
  dw 0017Bh,base+000BAh
  dw 0067Dh,base+035C4h
  dw 00203h,base+000C8h
  dw 0067Ch,base+035CAh
  dw 00A80h,base+0247Dh
  dw 0097Fh,base+02910h
  dw 00A80h,base+02487h
  dw 0097Fh,base+02919h
  dw 00A80h,base+02491h
  dw 00A7Fh,base+0249Bh
  dw 00D80h,base+016FFh
  dw 00D7Fh,base+0170Ch
  dw 00E80h,base+01232h
  dw 00F80h,base+00DE0h
  dw 00F80h,base+00DEFh
  dw 00F81h,base+00DFEh
  dw 00E80h,base+01240h
  dw 00E81h,base+0124Eh
  dw 00D81h,base+01719h
  dw 00B7Fh,base+01F9Dh
  dw 00C7Fh,base+01B72h
  dw 00D7Fh,base+01726h
  dw 00E80h,base+0125Ch
  dw 00E7Fh,base+0126Ah
  dw 00F80h,base+00E0Dh
  dw 00F80h,base+00E1Ch
  dw 00F7Fh,base+00E2Bh
  dw 00B0Dh,base+01FA8h
  dw 00373h,base+03E9Bh
  dw 00B0Dh,base+01FB3h
  dw 00273h,base+00262h
  dw 00A0Eh,base+024A5h
  dw 00171h,base+00000h
  dw 00D0Fh,base+01733h
  dw 00171h,base+000FBh
  dw 00E80h,base+01278h
  dw 00F80h,base+00E3Ah
  dw 01080h,base+00A07h
  dw 01080h,base+00A17h
  dw 01080h,base+00A27h
  dw 0107Fh,base+00A37h
  dw 01180h,base+006EFh
  dw 01180h,base+00700h
  dw 0117Fh,base+00711h
  dw 00708h,base+03208h
  dw 00978h,base+02922h
  dw 00608h,base+035D0h
  dw 00978h,base+0292Bh
  dw 00508h,base+039A3h
  dw 00877h,base+02DDFh
  dw 00609h,base+035D6h
  dw 00576h,base+039A8h
  dw 0060Ah,base+035DCh
  dw 00375h,base+03DE4h
  dw 0070Bh,base+0320Fh
  dw 00375h,base+000B9h
  dw 0060Bh,base+035E2h
  dw 00274h,base+00115h
  dw 0060Ch,base+035E8h
  dw 00274h,base+000BAh
  dw 0060Bh,base+035EEh
  dw 00275h,base+000BAh
  dw 0050Bh,base+039ADh
  dw 00275h,base+00116h
  dw 0050Bh,base+039B2h
  dw 00274h,base+00116h
  dw 0050Ch,base+039B7h
  dw 00274h,base+0100Dh
  dw 0050Ch,base+039BCh
  dw 00174h,base+00080h
  dw 0040Ch,base+03D60h
  dw 00174h,base+000FBh
  dw 0040Ch,base+03D64h
  dw 00174h,base+000BAh
  dw 0037Fh,base+017FDh
  dw 00380h,base+03AB0h
  dw 0027Fh,base+001D9h
  dw 00380h,base+00B63h
  dw 00280h,base+002D7h
  dw 0027Fh,base+002D4h
  dw 00380h,base+02497h
  dw 0027Fh,base+0001Ch
  dw 00480h,base+0012Eh
  dw 0047Fh,base+03D68h
  dw 00580h,base+039C1h
  dw 0057Fh,base+00360h
  dw 00680h,base+0017Eh
  dw 00680h,base+035F4h
  dw 00580h,base+035F4h
  dw 00200h,base+000BCh

VegaPage1frame023:
  db 02Ah,063h,064h,023h
  db 088h
  db 000h,000h,0DDh,000h,000h
  db 000h,000h
  db 000h,000h
  dw 00180h,base+00009h
  dw 0027Fh,base+006ABh
  dw 00380h,base+03E65h
  dw 0047Fh,base+03BB0h
  dw 00480h,base+03BB4h
  dw 0037Fh,base+03C6Dh
  dw 00480h,base+03BB8h
  dw 0037Fh,base+03C6Dh
  dw 00480h,base+03765h
  dw 0037Fh,base+01E0Eh
  dw 00480h,base+01A1Dh
  dw 00380h,base+005FBh
  dw 0037Fh,base+00515h
  dw 00480h,base+0134Ah
  dw 00480h,base+03D6Ch
  dw 00480h,base+003ACh
  dw 0047Fh,base+03D70h
  dw 00480h,base+03D74h
  dw 00380h,base+03F13h
  dw 0027Fh,base+00B76h
  dw 00380h,base+02B87h
  dw 00380h,base+03F16h
  dw 0057Fh,base+039C6h
  dw 00680h,base+035FAh
  dw 00780h,base+03216h
  dw 00780h,base+0321Dh
  dw 00780h,base+03224h
  dw 0077Fh,base+0322Bh
  dw 00880h,base+02DE7h
  dw 00980h,base+02934h
  dw 00981h,base+0293Dh
  dw 0087Fh,base+02DEFh
  dw 00A80h,base+024AFh
  dw 00B7Fh,base+01FBEh
  dw 00C80h,base+01B7Eh
  dw 00C7Fh,base+01B8Ah
  dw 00D80h,base+01740h
  dw 00D7Fh,base+0174Dh
  dw 00E80h,base+01286h
  dw 00E80h,base+01294h
  dw 00E80h,base+012A2h
  dw 00D80h,base+0175Ah
  dw 00D81h,base+01767h
  dw 00C81h,base+01B96h
  dw 00B83h,base+01FC9h
  dw 00780h,base+03232h
  dw 00680h,base+03600h
  dw 00680h,base+03606h
  dw 00680h,base+0360Ch
  dw 00680h,base+03612h
  dw 00680h,base+03618h
  dw 00680h,base+0361Eh
  dw 00680h,base+03624h
  dw 0067Fh,base+0362Ah
  dw 00780h,base+03239h
  dw 0077Fh,base+03240h
  dw 0087Eh,base+02DF7h
  dw 00A7Fh,base+024B9h
  dw 00B7Eh,base+01FD4h
  dw 00D7Fh,base+01774h
  dw 00E7Fh,base+012B0h
  dw 00F80h,base+00E49h
  dw 00F7Fh,base+00E58h
  dw 01080h,base+00A47h
  dw 01080h,base+00A57h
  dw 01080h,base+00A67h
  dw 01080h,base+00A77h
  dw 00F80h,base+00E67h
  dw 00F81h,base+00E76h
  dw 00307h,base+02F56h
  dw 00779h,base+03247h
  dw 00307h,base+03F19h
  dw 00779h,base+0324Eh
  dw 00406h,base+03D78h
  dw 0087Ah,base+02DFFh
  dw 00406h,base+03D7Ch
  dw 0087Ah,base+02E07h
  dw 00406h,base+03D80h
  dw 0087Ah,base+02E0Fh
  dw 00406h,base+03D84h
  dw 0077Bh,base+03255h
  dw 00305h,base+03F1Ch
  dw 0077Bh,base+0325Ch
  dw 00305h,base+03F1Fh
  dw 0077Bh,base+03263h
  dw 00305h,base+03F22h
  dw 0067Ch,base+03630h
  dw 00204h,base+001DFh
  dw 0067Ch,base+03636h
  dw 00204h,base+0013Ch
  dw 0067Ch,base+0363Ch
  dw 00204h,base+00852h
  dw 0067Ch,base+03642h
  dw 00205h,base+00373h
  dw 0047Bh,base+03D88h
  dw 00205h,base+00D1Dh
  dw 0057Bh,base+039CBh
  dw 00205h,base+002E3h
  dw 0067Bh,base+03648h
  dw 00205h,base+006DDh
  dw 0067Bh,base+0364Eh
  dw 00205h,base+006A7h
  dw 0077Bh,base+0326Ah
  dw 00305h,base+01BB1h
  dw 0097Bh,base+02946h
  dw 00305h,base+01020h
  dw 0097Ah,base+0294Fh
  dw 00407h,base+031A6h
  dw 00978h,base+02958h
  dw 00508h,base+039D0h
  dw 00978h,base+02961h
  dw 0050Eh,base+00776h
  dw 00371h,base+03F25h
  dw 0040Fh,base+00D81h
  dw 00371h,base+0012Eh
  dw 0030Fh,base+0012Eh
  dw 00380h,base+0193Dh
  dw 00381h,base+0031Eh
  dw 0027Fh,base+000BAh
  dw 00380h,base+01020h
  dw 00380h,base+03CFDh
  dw 00380h,base+00881h
  dw 00200h,base+000BCh

VegaPage1frame024:
  db 024h,04Ah,064h,03Ch
  db 06Ch
  db 000h,000h,0C4h,000h,000h
  db 000h,000h
  db 000h,000h
  dw 0017Fh,base+00000h
  dw 00280h,base+016FAh
  dw 00280h,base+016FAh
  dw 00280h,base+016FAh
  dw 00280h,base+01088h
  dw 00280h,base+01088h
  dw 00280h,base+01088h
  dw 00280h,base+01088h
  dw 00280h,base+01088h
  dw 00280h,base+01088h
  dw 00280h,base+016FAh
  dw 00280h,base+007E3h
  dw 00280h,base+00C2Bh
  dw 00380h,base+03B52h
  dw 00380h,base+03F28h
  dw 00380h,base+024B5h
  dw 00380h,base+03F2Bh
  dw 00204h,base+002E3h
  dw 0037Ch,base+000BBh
  dw 00204h,base+002E3h
  dw 0037Ch,base+02D96h
  dw 00203h,base+002E3h
  dw 0057Dh,base+039D5h
  dw 00203h,base+0038Eh
  dw 0057Dh,base+039DAh
  dw 00203h,base+00470h
  dw 0057Dh,base+039DFh
  dw 00203h,base+005F3h
  dw 0057Dh,base+039E4h
  dw 00880h,base+02E17h
  dw 00980h,base+0296Ah
  dw 00A80h,base+024C3h
  dw 00B80h,base+01FDFh
  dw 00B80h,base+01FEAh
  dw 00B80h,base+01FF5h
  dw 00C81h,base+01BA2h
  dw 00B80h,base+02000h
  dw 00B81h,base+0200Bh
  dw 00B81h,base+02016h
  dw 00A7Fh,base+024CDh
  dw 00A80h,base+024D7h
  dw 00A80h,base+024E1h
  dw 00B7Eh,base+02021h
  dw 00D7Fh,base+01781h
  dw 00E80h,base+012BEh
  dw 00607h,base+03654h
  dw 00778h,base+03271h
  dw 00608h,base+0365Ah
  dw 00778h,base+03278h
  dw 00609h,base+03660h
  dw 00677h,base+03666h
  dw 00709h,base+0327Fh
  dw 00677h,base+0366Ch
  dw 00709h,base+03286h
  dw 00678h,base+03672h
  dw 00E80h,base+012CCh
  dw 00E80h,base+012DAh
  dw 00E80h,base+012E8h
  dw 00E80h,base+00F84h
  dw 00E81h,base+00F92h
  dw 00D80h,base+014EAh
  dw 00D80h,base+014F7h
  dw 00D80h,base+01504h
  dw 00304h,base+01524h
  dw 0097Ch,base+026A3h
  dw 00304h,base+01BF6h
  dw 0097Ch,base+026ACh
  dw 00304h,base+03E32h
  dw 0097Ch,base+026B5h
  dw 00205h,base+005F3h
  dw 0087Ch,base+02A67h
  dw 00104h,base+00002h
  dw 0087Ch,base+02A6Fh
  dw 00104h,base+00001h
  dw 0087Ch,base+02A77h
  dw 00103h,base+00001h
  dw 0087Dh,base+02A7Fh
  dw 00103h,base+00184h
  dw 0087Ch,base+02A87h
  dw 00304h,base+03E35h
  dw 0087Ch,base+02A8Fh
  dw 00304h,base+00377h
  dw 0077Bh,base+02F14h
  dw 00C0Dh,base+0193Eh
  dw 00172h,base+000BAh
  dw 00C0Eh,base+0194Ah
  dw 00272h,base+00132h
  dw 0107Fh,base+00777h
  dw 00405h,base+03B6Ch
  dw 00C7Bh,base+01956h
  dw 00305h,base+0012Eh
  dw 00C80h,base+01962h
  dw 00D80h,base+01511h
  dw 00D80h,base+0151Eh
  dw 0080Ah,base+02A97h
  dw 00376h,base+02F71h
  dw 0070Bh,base+02F1Bh
  dw 00275h,base+000BAh
  dw 0060Ah,base+032FAh
  dw 00376h,base+00D81h
  dw 0050Ah,base+03700h
  dw 00277h,base+000C8h
  dw 00209h,base+000BCh
  dw 00200h,base+000BCh

VegaPage1frame025:
  db 028h,053h,06Ah,033h
  db 07Ch
  db 000h,000h,0CDh,000h,000h
  db 000h,000h
  db 000h,000h
  dw 0027Fh,base+000BCh
  dw 00380h,base+00302h
  dw 0037Fh,base+02970h
  dw 00580h,base+039E9h
  dw 00580h,base+039EEh
  dw 00580h,base+02F93h
  dw 00680h,base+03678h
  dw 00607h,base+0367Eh
  dw 00179h,base+00029h
  dw 00981h,base+02973h
  dw 0087Fh,base+02E1Fh
  dw 00A80h,base+024EBh
  dw 00A80h,base+024F5h
  dw 00A80h,base+024FFh
  dw 00A80h,base+02509h
  dw 00B80h,base+0202Ch
  dw 00B80h,base+02037h
  dw 00B81h,base+02042h
  dw 00A0Bh,base+02513h
  dw 00175h,base+000B9h
  dw 00A0Bh,base+0251Dh
  dw 00175h,base+000FBh
  dw 00A81h,base+02527h
  dw 00980h,base+0297Ch
  dw 00981h,base+02985h
  dw 00877h,base+02E27h
  dw 01180h,base+00722h
  dw 01180h,base+00733h
  dw 01180h,base+00744h
  dw 01180h,base+00755h
  dw 01280h,base+00576h
  dw 01287h,base+00588h
  dw 00B83h,base+0204Dh
  dw 00880h,base+02E2Fh
  dw 00880h,base+02E37h
  dw 00880h,base+02E3Fh
  dw 0087Eh,base+02E47h
  dw 00A7Eh,base+02531h
  dw 00C7Fh,base+01BAEh
  dw 00D7Fh,base+0178Eh
  dw 00E7Fh,base+012F6h
  dw 00F80h,base+00E85h
  dw 00F80h,base+00E94h
  dw 00F81h,base+00EA3h
  dw 00E80h,base+01304h
  dw 00D80h,base+0179Bh
  dw 00D80h,base+017A8h
  dw 00D80h,base+017B5h
  dw 00D80h,base+017C2h
  dw 00607h,base+03684h
  dw 00579h,base+039F3h
  dw 00607h,base+0368Ah
  dw 00579h,base+039F8h
  dw 00507h,base+039FDh
  dw 00579h,base+03A02h
  dw 00406h,base+03D8Ch
  dw 0057Ah,base+03A07h
  dw 00406h,base+03D90h
  dw 0057Ah,base+0214Eh
  dw 00306h,base+02689h
  dw 0057Ah,base+03A0Ch
  dw 00306h,base+00B58h
  dw 0047Ah,base+03D94h
  dw 00305h,base+0012Ch
  dw 0057Bh,base+03A11h
  dw 00305h,base+0012Ch
  dw 0047Bh,base+03D98h
  dw 00305h,base+003E3h
  dw 0047Bh,base+03D9Ch
  dw 00205h,base+03F4Bh
  dw 0047Ah,base+03DA0h
  dw 00306h,base+03F2Eh
  dw 0047Ah,base+03DA4h
  dw 00306h,base+03F2Eh
  dw 0047Ah,base+03DA8h
  dw 00306h,base+0372Fh
  dw 0047Ah,base+03DACh
  dw 00207h,base+002D4h
  dw 00479h,base+03DB0h
  dw 00207h,base+00917h
  dw 00479h,base+03DB4h
  dw 00207h,base+00389h
  dw 00479h,base+03DB8h
  dw 00107h,base+00008h
  dw 00479h,base+03DBCh
  dw 00108h,base+00008h
  dw 00377h,base+03F31h
  dw 00209h,base+03F4Dh
  dw 00377h,base+03F34h
  dw 00209h,base+00304h
  dw 00376h,base+03AB0h
  dw 0030Bh,base+0031Eh
  dw 00275h,base+00024h
  dw 0030Bh,base+03CFDh
  dw 00275h,base+00917h
  dw 0030Bh,base+00115h
  dw 00275h,base+00917h
  dw 0030Bh,base+000BAh
  dw 00274h,base+00D1Dh
  dw 0030Ch,base+00133h
  dw 00273h,base+001CCh
  dw 0030Dh,base+02BF2h
  dw 00373h,base+01041h
  dw 0030Dh,base+0012Eh
  dw 00380h,base+01020h
  dw 00380h,base+0080Fh
  dw 00380h,base+0375Ch
  dw 00380h,base+0118Fh
  dw 00280h,base+000B9h
  dw 00280h,base+000BCh
  dw 0027Fh,base+000BAh
  dw 00380h,base+00D81h
  dw 00280h,base+0030Bh
  dw 00200h,base+000BCh

VegaPage1frame026:
  db 02Ch,03Bh,064h,04Bh
  db 06Eh
  db 000h,000h,0B5h,000h,000h
  db 000h,000h
  db 000h,000h
  dw 0017Fh,base+00013h
  dw 00381h,base+03DC0h
  dw 0027Fh,base+03A88h
  dw 00481h,base+03A24h
  dw 00380h,base+03DC3h
  dw 00481h,base+03A28h
  dw 00380h,base+03DC3h
  dw 0040Ch,base+03A2Ch
  dw 00175h,base+000BAh
  dw 0030Ah,base+03A30h
  dw 00376h,base+03F37h
  dw 0040Ah,base+00AA7h
  dw 00377h,base+00643h
  dw 00308h,base+00EB2h
  dw 00578h,base+03A16h
  dw 00405h,base+0148Fh
  dw 00103h,base+0012Dh
  dw 00579h,base+03A1Bh
  dw 00C80h,base+01BBAh
  dw 00C80h,base+01BC6h
  dw 00C81h,base+01BD2h
  dw 00B7Fh,base+02058h
  dw 00C7Fh,base+01BDEh
  dw 00C7Fh,base+01BEAh
  dw 00D80h,base+017CFh
  dw 00D80h,base+017DCh
  dw 00D80h,base+017E9h
  dw 00D7Ch,base+017F6h
  dw 00104h,base+000BAh
  dw 00D7Bh,base+01803h
  dw 00305h,base+03F3Ah
  dw 00D7Bh,base+01810h
  dw 0127Fh,base+0059Ah
  dw 01112h,base+00766h
  dw 0016Eh,base+000FBh
  dw 01012h,base+00A87h
  dw 0016Eh,base+000FBh
  dw 01012h,base+00A97h
  dw 0016Eh,base+000B9h
  dw 00809h,base+02E4Fh
  dw 00678h,base+03690h
  dw 00708h,base+0328Dh
  dw 0060Ah,base+03696h
  dw 0016Eh,base+000BAh
  dw 00E12h,base+01312h
  dw 0016Eh,base+000FBh
  dw 00E12h,base+01320h
  dw 0016Eh,base+000B9h
  dw 00E80h,base+0132Eh
  dw 00E13h,base+0133Ch
  dw 0016Eh,base+000FBh
  dw 00D12h,base+0181Dh
  dw 0016Eh,base+000BAh
  dw 00304h,base+014F7h
  dw 0090Eh,base+0298Eh
  dw 0016Eh,base+000FBh
  dw 00304h,base+01504h
  dw 0090Eh,base+01508h
  dw 0016Eh,base+000B9h
  dw 00304h,base+01524h
  dw 0090Eh,base+026A3h
  dw 0016Eh,base+000B9h
  dw 00304h,base+01BF6h
  dw 0097Ch,base+026ACh
  dw 00305h,base+03E32h
  dw 0087Bh,base+026B6h
  dw 00205h,base+005F3h
  dw 0087Ch,base+02A67h
  dw 00105h,base+00002h
  dw 0077Bh,base+02A70h
  dw 00104h,base+00001h
  dw 0087Ch,base+02A77h
  dw 00103h,base+00001h
  dw 0087Dh,base+02A7Fh
  dw 00103h,base+00184h
  dw 0087Ch,base+02A87h
  dw 00204h,base+000FCh
  dw 0087Ch,base+02A8Fh
  dw 00304h,base+00377h
  dw 0077Ch,base+02F14h
  dw 00B0Ch,base+0193Fh
  dw 00172h,base+000BAh
  dw 00C0Eh,base+0194Ah
  dw 00272h,base+00132h
  dw 0107Fh,base+00777h
  dw 00405h,base+03B6Ch
  dw 00C7Bh,base+01956h
  dw 00305h,base+0012Eh
  dw 00C80h,base+01962h
  dw 00D80h,base+01511h
  dw 00D80h,base+0151Eh
  dw 0080Ah,base+02A97h
  dw 00376h,base+02F71h
  dw 0070Bh,base+02F1Bh
  dw 00275h,base+000BAh
  dw 0060Ah,base+032FAh
  dw 00376h,base+00D81h
  dw 0050Ah,base+03700h
  dw 00277h,base+000C8h
  dw 00209h,base+000BCh
  dw 00200h,base+000BCh

VegaPage1frame027:
  db 03Ch,02Fh,066h,059h
  db 08Eh
  db 000h,000h,0A7h,000h,000h
  db 000h,000h
  db 000h,000h
  dw 00180h,base+00009h
  dw 0027Fh,base+006ABh
  dw 00380h,base+03E65h
  dw 0047Fh,base+03BB0h
  dw 00480h,base+03BB4h
  dw 0037Fh,base+03C6Dh
  dw 00479h,base+03BB8h
  dw 00207h,base+00120h
  dw 0030Ch,base+03C6Dh
  dw 0016Ch,base+000FBh
  dw 00306h,base+02796h
  dw 0050Dh,base+03764h
  dw 0026Ch,base+000FBh
  dw 00B13h,base+01E06h
  dw 0026Dh,base+000BCh
  dw 00C12h,base+01A16h
  dw 0016Ah,base+000B9h
  dw 01116h,base+005F0h
  dw 0016Ah,base+000FBh
  dw 01215h,base+0050Ah
  dw 0026Bh,base+001BDh
  dw 01215h,base+0051Ch
  dw 0016Ah,base+000B9h
  dw 01316h,base+00416h
  dw 0016Ah,base+000B9h
  dw 01316h,base+00429h
  dw 0016Ah,base+000FBh
  dw 01315h,base+0043Ch
  dw 0016Bh,base+000B9h
  dw 01315h,base+0044Fh
  dw 0016Bh,base+000B9h
  dw 01315h,base+00462h
  dw 0016Bh,base+000BAh
  dw 01314h,base+00475h
  dw 0016Ch,base+000B9h
  dw 0157Fh,base+0030Dh
  dw 01580h,base+00322h
  dw 0157Fh,base+00337h
  dw 0157Fh,base+0034Ch
  dw 01580h,base+00361h
  dw 01580h,base+00376h
  dw 00204h,base+000BCh
  dw 01180h,base+00601h
  dw 01180h,base+00612h
  dw 01181h,base+00623h
  dw 01080h,base+00867h
  dw 01080h,base+00877h
  dw 01080h,base+00887h
  dw 01080h,base+00897h
  dw 00F80h,base+00BF1h
  dw 00F80h,base+00C00h
  dw 00E80h,base+01048h
  dw 00E80h,base+01056h
  dw 00D80h,base+015C7h
  dw 00C80h,base+01A22h
  dw 00B80h,base+01E11h
  dw 00980h,base+027E7h
  dw 00880h,base+02B9Fh
  dw 00780h,base+03009h
  dw 00203h,base+000BAh
  dw 0037Dh,base+0012Eh
  dw 0027Fh,base+00132h
  dw 00280h,base+00116h
  dw 00200h,base+000BCh

VegaPage1frame028:
  db 02Ch,037h,06Eh,04Fh
  db 082h
  db 000h,000h,0B1h,000h,000h
  db 000h,000h
  db 000h,000h
  dw 00180h,base+000BAh
  dw 00180h,base+000B9h
  dw 00180h,base+0016Ah
  dw 00280h,base+0108Ch
  dw 00280h,base+00117h
  dw 00280h,base+00117h
  dw 00279h,base+000BCh
  dw 00207h,base+000BCh
  dw 00276h,base+00115h
  dw 00D80h,base+015A0h
  dw 00E80h,base+01002h
  dw 00E81h,base+01010h
  dw 00D80h,base+015ADh
  dw 00E10h,base+0101Eh
  dw 00172h,base+00029h
  dw 00304h,base+00D81h
  dw 0087Dh,base+02B87h
  dw 00105h,base+000BAh
  dw 0087Dh,base+02B8Fh
  dw 00B7Fh,base+01DA3h
  dw 00D7Fh,base+015BAh
  dw 00E7Fh,base+0102Ch
  dw 00F80h,base+00B5Bh
  dw 0107Fh,base+00827h
  dw 01180h,base+005CEh
  dw 01180h,base+005DFh
  dw 01080h,base+00837h
  dw 01080h,base+00847h
  dw 01080h,base+00857h
  dw 00F80h,base+00B6Ah
  dw 00F80h,base+00B79h
  dw 00F7Fh,base+00B88h
  dw 00F80h,base+00B97h
  dw 00F80h,base+00BA6h
  dw 00F80h,base+00BB5h
  dw 00F80h,base+00BC4h
  dw 00F80h,base+00BD3h
  dw 00F81h,base+00BE2h
  dw 00E80h,base+0103Ah
  dw 0090Ah,base+027C3h
  dw 00376h,base+00125h
  dw 0090Bh,base+027CCh
  dw 00275h,base+000BCh
  dw 00980h,base+027D5h
  dw 00980h,base+027DEh
  dw 00A80h,base+0229Dh
  dw 00A80h,base+022A7h
  dw 00B80h,base+01DAEh
  dw 00B0Fh,base+01DB9h
  dw 00471h,base+00DAAh
  dw 00B0Eh,base+01DC4h
  dw 00204h,base+00132h
  dw 0026Eh,base+000FCh
  dw 00B0Eh,base+01DCFh
  dw 00172h,base+000BAh
  dw 00B0Dh,base+01DDAh
  dw 00273h,base+001BDh
  dw 00B0Ch,base+01DE5h
  dw 00274h,base+000B9h
  dw 00A0Ch,base+022B1h
  dw 00274h,base+000FBh
  dw 00A0Ch,base+022BBh
  dw 00175h,base+000BAh
  dw 00B80h,base+01DF0h
  dw 00B81h,base+01DFBh
  dw 00880h,base+02B97h
  dw 00506h,base+0375Fh
  dw 0027Bh,base+000BCh
  dw 00381h,base+0040Bh
  dw 00200h,base+000BCh


