  dw chunliPage3frame000
  dw chunliPage3frame001
  dw chunliPage3frame002
  dw chunliPage3frame003
  dw chunliPage3frame004
  dw chunliPage3frame005
  dw chunliPage3frame006
  dw chunliPage3frame007
  dw chunliPage3frame008
  dw chunliPage3frame009
  dw chunliPage3frame010
  dw chunliPage3frame011
  dw chunliPage3frame012
  dw chunliPage3frame013
  dw chunliPage3frame014
  dw chunliPage3frame015
  dw chunliPage3frame016
  dw chunliPage3frame017
  dw chunliPage3frame018
  dw chunliPage3frame019
  dw chunliPage3frame020
  dw chunliPage3frame021
  dw chunliPage3frame022

chunliPage3frame000:
  db 028h,042h,076h,042h
  db 084h
  dw base+00000h
  dw 0027Eh
  dw 00480h
  dw 0057Fh
  dw 00A80h
  dw 00A80h
  dw 00B80h
  dw 00B80h
  dw 00C80h
  dw 00C82h
  dw 00A80h
  dw 00B80h
  dw 00B80h
  dw 00C7Eh
  dw 00102h
  dw 00C7Bh
  dw 00405h
  dw 00D7Bh
  dw 00306h
  dw 00C79h
  dw 00506h
  dw 00D7Ah
  dw 00406h
  dw 00E7Ah
  dw 00406h
  dw 00E7Bh
  dw 00405h
  dw 00203h
  dw 00102h
  dw 00976h
  dw 0070Ah
  dw 00976h
  dw 0070Ah
  dw 00976h
  dw 0070Ah
  dw 00979h
  dw 00306h
  dw 00A7Ah
  dw 00306h
  dw 00A7Bh
  dw 00204h
  dw 00B7Ch
  dw 00204h
  dw 00B7Fh
  dw 00C80h
  dw 00C80h
  dw 00C7Fh
  dw 00D80h
  dw 00D80h
  dw 00D7Fh
  dw 00E80h
  dw 00D80h
  dw 00D80h
  dw 00D7Fh
  dw 00E80h
  dw 00405h
  dw 0087Bh
  dw 00305h
  dw 0087Bh
  dw 00305h
  dw 0077Bh
  dw 00305h
  dw 0077Bh
  dw 00305h
  dw 0067Bh
  dw 00305h
  dw 0047Ah
  dw 00406h
  dw 0047Ah
  dw 00406h
  dw 0047Ah
  dw 00407h
  dw 00379h
  dw 00307h
  dw 00379h
  dw 00307h
  dw 00379h
  dw 00307h
  dw 00379h
  dw 00307h
  dw 00379h
  dw 00307h
  dw 00379h
  dw 00207h
  dw 00379h
  dw 00207h
  dw 00379h
  dw 00207h
  dw 00378h
  dw 00308h
  dw 00378h
  dw 00209h
  dw 00277h
  dw 00209h
  dw 00276h
  dw 0030Ah
  dw 00275h
  dw 0040Bh
  dw 00375h
  dw 0040Ah
  dw 00475h
  dw 0050Bh
  dw 00475h
  dw 00304h
  dw 00107h
  dw 00375h
  dw 0020Ah
  dw 00480h
  dw 00380h
  dw 00300h

chunliPage3frame001:
  db 034h,034h,06Ah,050h
  db 080h
  dw base+0029Bh
  dw 00380h
  dw 00309h
  dw 00176h
  dw 00405h
  dw 00105h
  dw 00276h
  dw 00709h
  dw 00304h
  dw 00172h
  dw 0090Ah
  dw 00676h
  dw 01080h
  dw 01180h
  dw 01081h
  dw 00F83h
  dw 00C80h
  dw 00C7Fh
  dw 00E80h
  dw 00E80h
  dw 00D80h
  dw 00D80h
  dw 00C81h
  dw 00A7Fh
  dw 00980h
  dw 00980h
  dw 00980h
  dw 0097Fh
  dw 00A79h
  dw 00107h
  dw 00978h
  dw 00408h
  dw 00878h
  dw 00509h
  dw 00577h
  dw 00609h
  dw 00477h
  dw 00709h
  dw 00577h
  dw 00809h
  dw 00577h
  dw 00F80h
  dw 00F80h
  dw 00F80h
  dw 01080h
  dw 01080h
  dw 01080h
  dw 01080h
  dw 00304h
  dw 00C7Ch
  dw 00305h
  dw 00B7Bh
  dw 00205h
  dw 00B7Ah
  dw 00407h
  dw 00A79h
  dw 00407h
  dw 00A7Ah
  dw 00206h
  dw 00A7Ah
  dw 00206h
  dw 00B7Ah
  dw 00205h
  dw 00C7Bh
  dw 00205h
  dw 00C7Bh
  dw 00204h
  dw 00D7Bh
  dw 00305h
  dw 00D7Bh
  dw 00305h
  dw 00D7Ah
  dw 00409h
  dw 00A76h
  dw 0050Bh
  dw 00975h
  dw 0050Bh
  dw 00405h
  dw 00470h
  dw 00510h
  dw 00470h
  dw 00310h
  dw 00300h

chunliPage3frame002:
  db 030h,034h,066h,03Dh
  db 082h
  dw base+00527h
  dw 0017Dh
  dw 00580h
  dw 0057Eh
  dw 00781h
  dw 0067Fh
  dw 00780h
  dw 00780h
  dw 00780h
  dw 00781h
  dw 00680h
  dw 00581h
  dw 00407h
  dw 00179h
  dw 00507h
  dw 0027Ah
  dw 00880h
  dw 0087Eh
  dw 00A80h
  dw 00B80h
  dw 00B80h
  dw 00B80h
  dw 00A80h
  dw 00A80h
  dw 00A80h
  dw 00A7Eh
  dw 00C80h
  dw 00E7Fh
  dw 00F80h
  dw 00F80h
  dw 0107Dh
  dw 00103h
  dw 0117Dh
  dw 0147Fh
  dw 0157Fh
  dw 01581h
  dw 01480h
  dw 0147Fh
  dw 01581h
  dw 01480h
  dw 00607h
  dw 00B7Ah
  dw 00407h
  dw 00A79h
  dw 00407h
  dw 00A76h
  dw 00103h
  dw 00408h
  dw 00874h
  dw 0070Ch
  dw 00304h
  dw 00470h
  dw 0060Dh
  dw 00204h
  dw 0036Fh
  dw 00611h
  dw 0036Fh
  dw 00611h
  dw 00370h
  dw 00510h
  dw 00372h
  dw 0030Eh
  dw 00374h
  dw 0010Ch
  dw 00380h
  dw 00480h
  dw 00480h
  dw 00480h
  dw 00380h
  dw 00200h

chunliPage3frame003:
  db 036h,03Eh,06Eh,046h
  db 07Ch
  dw base+00746h
  dw 00180h
  dw 00280h
  dw 00280h
  dw 00280h
  dw 00280h
  dw 0027Ah
  dw 00106h
  dw 0027Ah
  dw 00106h
  dw 00279h
  dw 00207h
  dw 00279h
  dw 00206h
  dw 0037Ah
  dw 00206h
  dw 0037Ah
  dw 00206h
  dw 0037Ah
  dw 00206h
  dw 0037Ah
  dw 00207h
  dw 00279h
  dw 00207h
  dw 00279h
  dw 00207h
  dw 00279h
  dw 00307h
  dw 00379h
  dw 00308h
  dw 00278h
  dw 00308h
  dw 00279h
  dw 00207h
  dw 0027Ah
  dw 00206h
  dw 0037Ah
  dw 00206h
  dw 0037Ah
  dw 00306h
  dw 0037Ah
  dw 00306h
  dw 0037Ah
  dw 00406h
  dw 0047Ah
  dw 00406h
  dw 0047Ah
  dw 00506h
  dw 0047Ah
  dw 00506h
  dw 0047Bh
  dw 00405h
  dw 00408h
  dw 00173h
  dw 00A0Ch
  dw 00304h
  dw 00170h
  dw 00A0Ch
  dw 00574h
  dw 00A0Ch
  dw 00675h
  dw 0090Bh
  dw 00675h
  dw 0090Bh
  dw 00675h
  dw 00A0Bh
  dw 00576h
  dw 0090Ah
  dw 00576h
  dw 00F80h
  dw 01080h
  dw 01080h
  dw 01180h
  dw 01180h
  dw 0117Fh
  dw 01280h
  dw 01280h
  dw 01280h
  dw 0137Fh
  dw 01481h
  dw 00F10h
  dw 00370h
  dw 00F11h
  dw 0046Eh
  dw 01012h
  dw 0046Eh
  dw 01012h
  dw 0066Eh
  dw 00F12h
  dw 0066Dh
  dw 00203h
  dw 00D11h
  dw 0056Dh
  dw 00103h
  dw 00B10h
  dw 0046Fh
  dw 00102h
  dw 00A0Fh
  dw 0046Fh
  dw 00102h
  dw 00A0Eh
  dw 00670h
  dw 00203h
  dw 0090Eh
  dw 0046Fh
  dw 00C11h
  dw 0046Fh
  dw 00B11h
  dw 00570h
  dw 00A10h
  dw 00571h
  dw 00203h
  dw 0050Dh
  dw 00373h
  dw 0040Dh
  dw 00200h

chunliPage3frame004:
  db 036h,03Bh,06Ch,04Ah
  db 076h
  dw base+009EDh
  dw 00280h
  dw 00280h
  dw 0027Bh
  dw 00205h
  dw 0027Bh
  dw 00205h
  dw 0027Bh
  dw 00205h
  dw 0027Bh
  dw 00305h
  dw 0027Bh
  dw 00305h
  dw 0027Bh
  dw 00305h
  dw 0027Ch
  dw 00204h
  dw 0027Ch
  dw 00203h
  dw 0047Dh
  dw 00780h
  dw 00780h
  dw 00880h
  dw 00304h
  dw 0057Ch
  dw 00305h
  dw 0047Bh
  dw 00406h
  dw 0037Bh
  dw 00305h
  dw 0047Bh
  dw 00305h
  dw 0047Ch
  dw 00305h
  dw 0047Bh
  dw 00305h
  dw 0047Bh
  dw 00405h
  dw 0057Bh
  dw 00405h
  dw 0057Ch
  dw 00405h
  dw 0057Bh
  dw 00405h
  dw 0057Bh
  dw 00405h
  dw 0067Bh
  dw 00506h
  dw 0057Ah
  dw 00506h
  dw 0057Bh
  dw 00506h
  dw 0047Ah
  dw 00506h
  dw 0047Bh
  dw 00405h
  dw 0047Bh
  dw 00405h
  dw 0057Ch
  dw 00304h
  dw 0057Ch
  dw 00980h
  dw 00980h
  dw 00980h
  dw 00980h
  dw 00980h
  dw 00980h
  dw 00980h
  dw 00A7Eh
  dw 00C80h
  dw 00F80h
  dw 01012h
  dw 0026Fh
  dw 01011h
  dw 0026Fh
  dw 01011h
  dw 0036Fh
  dw 01481h
  dw 01380h
  dw 01480h
  dw 01481h
  dw 01380h
  dw 01381h
  dw 01280h
  dw 01181h
  dw 00F81h
  dw 00E81h
  dw 00C81h
  dw 00103h
  dw 00781h
  dw 00400h

chunliPage3frame005:
  db 050h,01Ch,056h,06Bh
  db 078h
  dw base+00C35h
  dw 00280h
  dw 0037Fh
  dw 00580h
  dw 00680h
  dw 0070Fh
  dw 00270h
  dw 00910h
  dw 00270h
  dw 0090Fh
  dw 00471h
  dw 00A0Eh
  dw 00508h
  dw 0026Ah
  dw 00C0Dh
  dw 00708h
  dw 0036Ah
  dw 01980h
  dw 0197Fh
  dw 01B7Dh
  dw 01E80h
  dw 01E77h
  dw 00108h
  dw 01F77h
  dw 00307h
  dw 02079h
  dw 00405h
  dw 0227Bh
  dw 02781h
  dw 02580h
  dw 02223h
  dw 0025Eh
  dw 01A1Bh
  dw 00607h
  dw 0025Fh
  dw 00B0Ch
  dw 00C0Eh
  dw 00666h
  dw 00405h
  dw 00509h
  dw 0090Ch
  dw 00667h
  dw 00204h
  dw 00304h
  dw 00105h
  dw 0080Dh
  dw 0046Ah
  dw 00308h
  dw 0080Eh
  dw 00480h
  dw 00480h
  dw 00480h
  dw 00300h

chunliPage3frame006:
  db 03Ch,02Fh,062h,059h
  db 08Ah
  dw base+00E72h
  dw 0017Dh
  dw 00580h
  dw 0057Fh
  dw 00680h
  dw 0067Fh
  dw 00780h
  dw 00780h
  dw 00780h
  dw 00781h
  dw 00680h
  dw 00581h
  dw 00480h
  dw 00480h
  dw 0077Fh
  dw 00880h
  dw 00981h
  dw 0087Fh
  dw 00A80h
  dw 00A77h
  dw 00208h
  dw 00B78h
  dw 00308h
  dw 00A77h
  dw 00508h
  dw 00B78h
  dw 00607h
  dw 00C79h
  dw 01380h
  dw 00A0Ch
  dw 00874h
  dw 0090Bh
  dw 00974h
  dw 00A0Ch
  dw 00974h
  dw 00A0Bh
  dw 00A75h
  dw 01213h
  dw 0026Dh
  dw 01113h
  dw 0026Ch
  dw 01214h
  dw 0026Ch
  dw 00406h
  dw 00C0Eh
  dw 0026Ch
  dw 00406h
  dw 00D0Eh
  dw 0036Ch
  dw 00306h
  dw 00D0Eh
  dw 0036Ch
  dw 00306h
  dw 00D0Eh
  dw 0036Ch
  dw 00207h
  dw 00C0Eh
  dw 0036Ah
  dw 00308h
  dw 00D0Eh
  dw 0036Ah
  dw 00209h
  dw 00C0Dh
  dw 00369h
  dw 00308h
  dw 00E0Fh
  dw 00468h
  dw 00409h
  dw 01376h
  dw 00509h
  dw 01577h
  dw 00509h
  dw 01477h
  dw 00509h
  dw 00E10h
  dw 00367h
  dw 00203h
  dw 00207h
  dw 00D0Fh
  dw 00476h
  dw 0050Ah
  dw 00480h
  dw 00482h
  dw 00200h

chunliPage3frame007:
  db 02Ah,053h,068h,035h
  db 086h
  dw base+010DBh
  dw 0017Bh
  dw 00104h
  dw 0037Ch
  dw 00203h
  dw 0047Dh
  dw 00780h
  dw 0077Fh
  dw 0087Eh
  dw 00A7Fh
  dw 00708h
  dw 00278h
  dw 00708h
  dw 00277h
  dw 00B7Fh
  dw 00C81h
  dw 00B80h
  dw 00B80h
  dw 00B80h
  dw 00B82h
  dw 00980h
  dw 00981h
  dw 00880h
  dw 00881h
  dw 00780h
  dw 0077Fh
  dw 00880h
  dw 00980h
  dw 00980h
  dw 00980h
  dw 00880h
  dw 00880h
  dw 00980h
  dw 00980h
  dw 00204h
  dw 0057Ch
  dw 00205h
  dw 00477h
  dw 00103h
  dw 00306h
  dw 00477h
  dw 00103h
  dw 00306h
  dw 00576h
  dw 00204h
  dw 00306h
  dw 00574h
  dw 0080Ch
  dw 00574h
  dw 0080Bh
  dw 00774h
  dw 0090Bh
  dw 00875h
  dw 0080Ah
  dw 00977h
  dw 00709h
  dw 00977h
  dw 00408h
  dw 00A79h
  dw 00307h
  dw 00A7Bh
  dw 00104h
  dw 00C7Ch
  dw 00104h
  dw 00C7Fh
  dw 00D80h
  dw 00D7Fh
  dw 00E80h
  dw 00E80h
  dw 00E7Fh
  dw 00F80h
  dw 00F80h
  dw 00607h
  dw 00879h
  dw 00507h
  dw 00879h
  dw 00307h
  dw 00879h
  dw 00307h
  dw 00879h
  dw 00307h
  dw 00878h
  dw 00408h
  dw 00778h
  dw 00408h
  dw 00678h
  dw 00409h
  dw 00577h
  dw 00409h
  dw 00577h
  dw 00409h
  dw 00576h
  dw 0050Ah
  dw 00576h
  dw 0040Bh
  dw 00475h
  dw 0040Bh
  dw 00475h
  dw 0040Ch
  dw 00374h
  dw 0040Ch
  dw 00474h
  dw 0030Ch
  dw 00474h
  dw 0030Dh
  dw 00373h
  dw 0030Dh
  dw 00373h
  dw 0020Eh
  dw 00272h
  dw 0020Eh
  dw 00372h
  dw 0020Fh
  dw 00270h
  dw 00310h
  dw 00370h
  dw 00310h
  dw 00370h
  dw 00310h
  dw 0036Fh
  dw 00410h
  dw 00470h
  dw 00410h
  dw 0046Fh
  dw 00411h
  dw 0036Fh
  dw 00211h
  dw 0036Fh
  dw 00111h
  dw 00380h
  dw 00380h
  dw 00380h
  dw 00380h
  dw 00200h

chunliPage3frame008:
  db 040h,02Fh,050h,055h
  db 056h
  dw base+013CFh
  dw 00106h
  dw 00279h
  dw 00307h
  dw 00279h
  dw 00307h
  dw 00779h
  dw 00306h
  dw 0097Ah
  dw 00406h
  dw 00A7Ah
  dw 01080h
  dw 0107Fh
  dw 01180h
  dw 00B0Dh
  dw 00573h
  dw 00B0Dh
  dw 00672h
  dw 00D0Eh
  dw 00573h
  dw 00C0Eh
  dw 00472h
  dw 00C0Eh
  dw 00372h
  dw 00C0Eh
  dw 00372h
  dw 01281h
  dw 00304h
  dw 00E7Dh
  dw 00103h
  dw 00F7Fh
  dw 01080h
  dw 0117Dh
  dw 00103h
  dw 0117Dh
  dw 01580h
  dw 00709h
  dw 00C77h
  dw 00508h
  dw 00E77h
  dw 00609h
  dw 00E77h
  dw 00508h
  dw 01078h
  dw 00607h
  dw 00F10h
  dw 0016Ah
  dw 00406h
  dw 0107Ah
  dw 00405h
  dw 00E0Fh
  dw 0026Ch
  dw 00405h
  dw 00E10h
  dw 0026Bh
  dw 00104h
  dw 00F80h
  dw 00F80h
  dw 0080Ah
  dw 00576h
  dw 0060Ah
  dw 0050Eh
  dw 00168h
  dw 0070Ah
  dw 0050Eh
  dw 00268h
  dw 0070Bh
  dw 00408h
  dw 00104h
  dw 00369h
  dw 0080Bh
  dw 00406h
  dw 00970h
  dw 0070Ah
  dw 00F77h
  dw 00809h
  dw 00F77h
  dw 0090Ah
  dw 00E79h
  dw 01582h
  dw 00405h
  dw 00A0Ch
  dw 00270h
  dw 00304h
  dw 0090Ch
  dw 0026Fh
  dw 00406h
  dw 0070Bh
  dw 0026Eh
  dw 00407h
  dw 0050Bh
  dw 0026Eh
  dw 00308h
  dw 0030Ah
  dw 0026Eh
  dw 00308h
  dw 0020Ah
  dw 0026Eh
  dw 00212h
  dw 00100h

chunliPage3frame009:
  db 028h,052h,06Ah,033h
  db 07Ch
  dw base+016B4h
  dw 00280h
  dw 0037Eh
  dw 00680h
  dw 00780h
  dw 00780h
  dw 00780h
  dw 00780h
  dw 00780h
  dw 00680h
  dw 00680h
  dw 00680h
  dw 0067Fh
  dw 0097Fh
  dw 00B80h
  dw 00B80h
  dw 00B80h
  dw 00B80h
  dw 00B80h
  dw 00B80h
  dw 00B7Fh
  dw 00C80h
  dw 00C80h
  dw 00C81h
  dw 00B80h
  dw 00B81h
  dw 00981h
  dw 00881h
  dw 00480h
  dw 00580h
  dw 0057Fh
  dw 00680h
  dw 00780h
  dw 0077Fh
  dw 00880h
  dw 00880h
  dw 00980h
  dw 00980h
  dw 0097Fh
  dw 00A80h
  dw 00A80h
  dw 00A80h
  dw 00B80h
  dw 00B80h
  dw 00B80h
  dw 00B80h
  dw 00B80h
  dw 00B80h
  dw 00B80h
  dw 00B80h
  dw 00B80h
  dw 00B80h
  dw 00506h
  dw 0057Ah
  dw 00506h
  dw 0057Ah
  dw 00506h
  dw 00579h
  dw 00607h
  dw 00579h
  dw 00304h
  dw 00103h
  dw 00102h
  dw 00377h
  dw 00307h
  dw 00102h
  dw 00477h
  dw 00309h
  dw 00476h
  dw 0040Ah
  dw 00476h
  dw 0040Ah
  dw 00476h
  dw 0040Ah
  dw 00476h
  dw 0040Ah
  dw 00476h
  dw 0040Ah
  dw 00476h
  dw 0040Ah
  dw 00476h
  dw 0040Bh
  dw 00375h
  dw 0040Bh
  dw 00375h
  dw 0030Bh
  dw 00375h
  dw 0030Bh
  dw 00375h
  dw 0030Bh
  dw 00375h
  dw 0030Ch
  dw 00274h
  dw 0020Ch
  dw 00274h
  dw 0020Ch
  dw 00374h
  dw 0020Ch
  dw 00374h
  dw 0020Dh
  dw 00272h
  dw 0030Eh
  dw 00272h
  dw 0030Eh
  dw 00371h
  dw 0030Fh
  dw 00371h
  dw 0030Fh
  dw 00471h
  dw 0030Fh
  dw 00470h
  dw 00410h
  dw 00470h
  dw 00410h
  dw 00470h
  dw 00312h
  dw 00200h

chunliPage3frame010:
  db 038h,04Bh,06Eh,02Eh
  db 094h
  dw base+0194Fh
  dw 00103h
  dw 0017Dh
  dw 0047Fh
  dw 0067Fh
  dw 00780h
  dw 0077Ch
  dw 00103h
  dw 00B7Dh
  dw 00E7Fh
  dw 01080h
  dw 0080Ah
  dw 00675h
  dw 0080Ch
  dw 00574h
  dw 0080Ch
  dw 00573h
  dw 0080Dh
  dw 00572h
  dw 0090Eh
  dw 00572h
  dw 0090Eh
  dw 0056Ah
  dw 00308h
  dw 0080Fh
  dw 00469h
  dw 00407h
  dw 00A10h
  dw 00468h
  dw 00508h
  dw 00B11h
  dw 00267h
  dw 00204h
  dw 00203h
  dw 00C79h
  dw 00205h
  dw 00F7Bh
  dw 00206h
  dw 00E7Bh
  dw 00105h
  dw 00E0Fh
  dw 0016Ch
  dw 00105h
  dw 0107Fh
  dw 00A0Bh
  dw 00675h
  dw 00A0Bh
  dw 00774h
  dw 00B0Ch
  dw 00573h
  dw 01280h
  dw 0127Fh
  dw 01380h
  dw 0127Fh
  dw 01380h
  dw 01280h
  dw 00C0Dh
  dw 00472h
  dw 00D0Eh
  dw 00203h
  dw 0016Fh
  dw 00D0Eh
  dw 00172h
  dw 00C80h
  dw 00507h
  dw 00579h
  dw 00307h
  dw 00579h
  dw 00407h
  dw 00579h
  dw 00407h
  dw 0057Ah
  dw 00307h
  dw 00479h
  dw 00307h
  dw 00479h
  dw 00307h
  dw 00479h
  dw 00307h
  dw 0047Ah
  dw 00207h
  dw 00379h
  dw 00307h
  dw 00379h
  dw 00307h
  dw 00379h
  dw 00307h
  dw 00479h
  dw 00307h
  dw 0047Ah
  dw 00206h
  dw 0047Ah
  dw 00206h
  dw 0047Ah
  dw 00207h
  dw 00379h
  dw 00207h
  dw 0037Ah
  dw 00106h
  dw 0037Ah
  dw 00306h
  dw 0037Ah
  dw 00307h
  dw 00279h
  dw 00307h
  dw 00279h
  dw 00307h
  dw 0037Ah
  dw 00206h
  dw 0037Ah
  dw 00207h
  dw 00279h
  dw 00306h
  dw 0037Bh
  dw 00205h
  dw 0037Bh
  dw 00206h
  dw 0027Ah
  dw 00207h
  dw 00179h
  dw 00207h
  dw 00379h
  dw 00207h
  dw 00379h
  dw 00107h
  dw 00380h
  dw 00381h
  dw 00280h
  dw 00280h
  dw 00280h
  dw 00381h
  dw 00280h
  dw 00280h
  dw 00280h
  dw 00200h

chunliPage3frame011:
  db 03Eh,04Bh,05Eh,039h
  db 094h
  dw base+01C0Eh
  dw 0017Fh
  dw 00102h
  dw 0027Dh
  dw 00580h
  dw 0057Fh
  dw 00680h
  dw 0067Fh
  dw 00780h
  dw 0077Fh
  dw 00880h
  dw 00773h
  dw 0050Ch
  dw 00874h
  dw 0050Ch
  dw 00774h
  dw 0060Bh
  dw 00874h
  dw 0070Ch
  dw 00674h
  dw 0060Ch
  dw 00474h
  dw 0060Ch
  dw 0056Dh
  dw 00107h
  dw 0070Bh
  dw 0066Dh
  dw 00209h
  dw 0070Ah
  dw 0076Dh
  dw 00209h
  dw 0070Ah
  dw 0076Dh
  dw 00209h
  dw 0080Ah
  dw 0076Dh
  dw 00209h
  dw 0090Ah
  dw 0076Dh
  dw 00203h
  dw 00103h
  dw 00204h
  dw 01076h
  dw 01A80h
  dw 01A80h
  dw 01A80h
  dw 01A80h
  dw 01A80h
  dw 0090Ch
  dw 00D75h
  dw 00406h
  dw 00105h
  dw 00D77h
  dw 00109h
  dw 00E81h
  dw 00E80h
  dw 00304h
  dw 00A7Dh
  dw 00203h
  dw 00B80h
  dw 00809h
  dw 00377h
  dw 0070Ah
  dw 00275h
  dw 0080Bh
  dw 00375h
  dw 0080Ch
  dw 00274h
  dw 0080Dh
  dw 00273h
  dw 0080Dh
  dw 00273h
  dw 00780h
  dw 00304h
  dw 0037Ch
  dw 00304h
  dw 0037Ch
  dw 00204h
  dw 0037Bh
  dw 00305h
  dw 0037Bh
  dw 00305h
  dw 0037Bh
  dw 00305h
  dw 0037Ah
  dw 00406h
  dw 0037Ah
  dw 00406h
  dw 0037Ah
  dw 00406h
  dw 0037Ah
  dw 00306h
  dw 00379h
  dw 00407h
  dw 00379h
  dw 00307h
  dw 00379h
  dw 00407h
  dw 00379h
  dw 00406h
  dw 0037Ah
  dw 00306h
  dw 0037Ah
  dw 00206h
  dw 0037Ah
  dw 00206h
  dw 0037Ah
  dw 00106h
  dw 00279h
  dw 00207h
  dw 00279h
  dw 00207h
  dw 00279h
  dw 00207h
  dw 00179h
  dw 00207h
  dw 00178h
  dw 00307h
  dw 00279h
  dw 00307h
  dw 00279h
  dw 00307h
  dw 00279h
  dw 00307h
  dw 00278h
  dw 00408h
  dw 00278h
  dw 00308h
  dw 00277h
  dw 00308h
  dw 00378h
  dw 00308h
  dw 00378h
  dw 00208h
  dw 00378h
  dw 00108h
  dw 00280h
  dw 00280h
  dw 00280h
  dw 00100h

chunliPage3frame012:
  db 022h,018h,070h,051h
  db 07Ah
  dw base+01ECBh
  dw 0077Fh
  dw 0097Fh
  dw 00B7Fh
  dw 00D7Fh
  dw 00E80h
  dw 00F7Fh
  dw 01080h
  dw 01080h
  dw 01180h
  dw 01180h
  dw 00709h
  dw 00305h
  dw 00372h
  dw 0070Ah
  dw 00176h
  dw 00780h
  dw 00780h
  dw 00780h
  dw 00780h
  dw 00780h
  dw 00781h
  dw 00680h
  dw 00680h
  dw 00781h
  dw 00981h
  dw 00981h
  dw 00500h

chunliPage3frame013:
  db 024h,017h,070h,058h
  db 078h
  dw base+01FBBh
  dw 0077Fh
  dw 00A7Fh
  dw 00B80h
  dw 00D7Fh
  dw 00F80h
  dw 01080h
  dw 0107Fh
  dw 01280h
  dw 01280h
  dw 01280h
  dw 00E80h
  dw 00D80h
  dw 00D80h
  dw 00D80h
  dw 00D80h
  dw 00E80h
  dw 00708h
  dw 00779h
  dw 00607h
  dw 00779h
  dw 00608h
  dw 00678h
  dw 00709h
  dw 00478h
  dw 00B80h
  dw 00981h
  dw 00700h

chunliPage3frame014:
  db 00Eh,018h,074h,058h
  db 07Ah
  dw base+020E6h
  dw 00100h

chunliPage3frame015:
  db 052h,03Dh,056h,02Bh
  db 05Ch
  dw base+020E7h
  dw 0017Fh
  dw 00226h
  dw 0015Ah
  dw 00326h
  dw 0015Ah
  dw 00425h
  dw 0025Bh
  dw 00625h
  dw 0025Ah
  dw 00925h
  dw 0035Bh
  dw 00A24h
  dw 0045Ch
  dw 00B1Ah
  dw 00D65h
  dw 00305h
  dw 00809h
  dw 01A72h
  dw 00206h
  dw 0227Ah
  dw 00106h
  dw 02182h
  dw 01F80h
  dw 01C1Dh
  dw 00264h
  dw 01A1Ch
  dw 00266h
  dw 01314h
  dw 0026Dh
  dw 01181h
  dw 00F81h
  dw 00D81h
  dw 00D81h
  dw 00D7Fh
  dw 00E80h
  dw 00E7Fh
  dw 00F80h
  dw 00F80h
  dw 01081h
  dw 00F80h
  dw 00F80h
  dw 00203h
  dw 00C7Eh
  dw 00102h
  dw 00C7Eh
  dw 00102h
  dw 00507h
  dw 00203h
  dw 00274h
  dw 00809h
  dw 00203h
  dw 00275h
  dw 00709h
  dw 00102h
  dw 00174h
  dw 0090Ah
  dw 00102h
  dw 00175h
  dw 0080Bh
  dw 00175h
  dw 00880h
  dw 00980h
  dw 00980h
  dw 00A81h
  dw 00980h
  dw 0097Eh
  dw 00B80h
  dw 00B80h
  dw 00305h
  dw 0067Ah
  dw 00406h
  dw 0067Ah
  dw 00506h
  dw 0057Ah
  dw 00506h
  dw 0057Bh
  dw 00405h
  dw 0047Bh
  dw 00405h
  dw 0047Bh
  dw 00305h
  dw 0037Bh
  dw 00305h
  dw 0047Bh
  dw 00304h
  dw 0057Eh
  dw 00780h
  dw 00781h
  dw 00680h
  dw 00680h
  dw 00780h
  dw 00781h
  dw 00680h
  dw 00681h
  dw 00480h
  dw 00102h
  dw 00200h

chunliPage3frame016:
  db 01Ah,03Ch,074h,02Ah
  db 088h
  dw base+023D8h
  dw 00180h
  dw 00280h
  dw 0027Fh
  dw 00380h
  dw 00379h
  dw 00207h
  dw 00379h
  dw 00207h
  dw 00379h
  dw 00207h
  dw 00379h
  dw 00206h
  dw 0047Ah
  dw 00306h
  dw 0057Bh
  dw 00205h
  dw 0057Bh
  dw 00204h
  dw 0067Ch
  dw 00203h
  dw 0077Dh
  dw 00A7Fh
  dw 00A80h
  dw 00A80h
  dw 00A80h
  dw 00980h
  dw 00980h
  dw 00980h
  dw 00980h
  dw 00980h
  dw 00880h
  dw 00880h
  dw 00880h
  dw 00881h
  dw 00780h
  dw 00680h
  dw 00681h
  dw 00580h
  dw 00580h
  dw 0047Fh
  dw 0097Fh
  dw 00B80h
  dw 00B80h
  dw 00B81h
  dw 00A80h
  dw 00A80h
  dw 00A80h
  dw 00A80h
  dw 0097Dh
  dw 00C80h
  dw 00C80h
  dw 00C80h
  dw 00C80h
  dw 00C81h
  dw 00809h
  dw 00277h
  dw 00709h
  dw 00178h
  dw 00682h
  dw 00580h
  dw 00580h
  dw 00580h
  dw 00580h
  dw 00580h
  dw 0067Fh
  dw 00780h
  dw 00780h
  dw 00780h
  dw 00782h
  dw 00102h
  dw 00102h
  dw 00100h

chunliPage3frame017:
  db 054h,03Dh,05Ah,02Dh
  db 0A4h
  dw base+0259Bh
  dw 0015Bh
  dw 00125h
  dw 0025Bh
  dw 00124h
  dw 0035Ch
  dw 00223h
  dw 0045Dh
  dw 00221h
  dw 0065Fh
  dw 0031Fh
  dw 00961h
  dw 0041Eh
  dw 00A63h
  dw 00D1Ch
  dw 00B64h
  dw 01A1Bh
  dw 0080Ah
  dw 0035Bh
  dw 02226h
  dw 0035Bh
  dw 02126h
  dw 0015Ah
  dw 01F80h
  dw 00203h
  dw 01C7Dh
  dw 00204h
  dw 01A82h
  dw 00203h
  dw 01381h
  dw 01181h
  dw 00F81h
  dw 00D7Fh
  dw 00D7Fh
  dw 00D80h
  dw 00E80h
  dw 00E80h
  dw 00F80h
  dw 00F7Fh
  dw 01080h
  dw 00F80h
  dw 00F80h
  dw 00C0Dh
  dw 00273h
  dw 00C0Dh
  dw 00173h
  dw 00203h
  dw 00204h
  dw 00506h
  dw 00173h
  dw 00203h
  dw 00203h
  dw 0087Bh
  dw 00102h
  dw 00103h
  dw 0077Bh
  dw 00102h
  dw 00102h
  dw 0097Ch
  dw 00104h
  dw 00880h
  dw 0087Fh
  dw 00980h
  dw 0097Fh
  dw 00A80h
  dw 00980h
  dw 00980h
  dw 00B80h
  dw 00B80h
  dw 00608h
  dw 00378h
  dw 00608h
  dw 00479h
  dw 00506h
  dw 0057Ah
  dw 00506h
  dw 0057Bh
  dw 00405h
  dw 0047Bh
  dw 00405h
  dw 0047Ch
  dw 00305h
  dw 0037Ah
  dw 00406h
  dw 0037Ah
  dw 00506h
  dw 0037Ah
  dw 00780h
  dw 00780h
  dw 00680h
  dw 0067Fh
  dw 00780h
  dw 00780h
  dw 00680h
  dw 00681h
  dw 00480h
  dw 00203h
  dw 00100h

chunliPage3frame018:
  db 01Eh,03Eh,072h,02Dh
  db 088h
  dw base+0288Dh
  dw 00180h
  dw 0027Fh
  dw 00380h
  dw 00380h
  dw 00380h
  dw 00380h
  dw 00378h
  dw 00108h
  dw 00377h
  dw 00307h
  dw 00579h
  dw 00306h
  dw 0067Bh
  dw 00203h
  dw 0087Dh
  dw 00B80h
  dw 00B7Fh
  dw 00C80h
  dw 00C80h
  dw 00C80h
  dw 00C80h
  dw 00B80h
  dw 00B80h
  dw 00B80h
  dw 00B80h
  dw 00B80h
  dw 00B80h
  dw 00B80h
  dw 00B81h
  dw 00A80h
  dw 00980h
  dw 00981h
  dw 00780h
  dw 00880h
  dw 0087Fh
  dw 00980h
  dw 00980h
  dw 00980h
  dw 0097Eh
  dw 00B80h
  dw 00A80h
  dw 00A80h
  dw 00A80h
  dw 00A80h
  dw 00304h
  dw 0067Ch
  dw 00B80h
  dw 00C80h
  dw 00E80h
  dw 00E81h
  dw 00E80h
  dw 00E80h
  dw 00E81h
  dw 00C80h
  dw 00C83h
  dw 00780h
  dw 00680h
  dw 00780h
  dw 00780h
  dw 0057Fh
  dw 00580h
  dw 0057Fh
  dw 00780h
  dw 00780h
  dw 00781h
  dw 00580h
  dw 00104h
  dw 00100h

chunliPage3frame019:
  db 03Ch,051h,052h,033h
  db 07Ah
  dw base+02AAAh
  dw 00102h
  dw 0027Eh
  dw 0047Fh
  dw 00680h
  dw 0067Fh
  dw 00780h
  dw 00780h
  dw 00780h
  dw 00780h
  dw 00780h
  dw 00607h
  dw 0027Ah
  dw 00506h
  dw 0037Ah
  dw 00406h
  dw 00379h
  dw 00102h
  dw 00305h
  dw 00378h
  dw 00203h
  dw 00405h
  dw 00378h
  dw 00708h
  dw 00578h
  dw 00708h
  dw 00478h
  dw 00C80h
  dw 00B7Fh
  dw 00C80h
  dw 0090Ah
  dw 00275h
  dw 00D80h
  dw 00D7Ch
  dw 00103h
  dw 00E7Dh
  dw 00103h
  dw 00304h
  dw 00A79h
  dw 00102h
  dw 00F7Eh
  dw 00D0Eh
  dw 00371h
  dw 00D10h
  dw 00270h
  dw 00D11h
  dw 0016Eh
  dw 00D80h
  dw 00C7Fh
  dw 00D80h
  dw 00E80h
  dw 00E82h
  dw 00C7Fh
  dw 00102h
  dw 00C7Fh
  dw 00D7Bh
  dw 00103h
  dw 00F7Ch
  dw 00102h
  dw 0127Ch
  dw 00204h
  dw 0127Ch
  dw 00102h
  dw 0157Dh
  dw 00102h
  dw 0167Eh
  dw 01880h
  dw 01880h
  dw 00B0Ch
  dw 00B73h
  dw 00B0Dh
  dw 00B73h
  dw 00B0Dh
  dw 00B73h
  dw 00A0Dh
  dw 00B73h
  dw 00405h
  dw 00508h
  dw 00A74h
  dw 0090Ch
  dw 00A74h
  dw 0080Ch
  dw 00A76h
  dw 0060Bh
  dw 00874h
  dw 0060Ch
  dw 00873h
  dw 0060Eh
  dw 00671h
  dw 00711h
  dw 0036Fh
  dw 00711h
  dw 0036Fh
  dw 00611h
  dw 0036Fh
  dw 00511h
  dw 0036Fh
  dw 00511h
  dw 0046Fh
  dw 00611h
  dw 0046Fh
  dw 00611h
  dw 0046Fh
  dw 00511h
  dw 0046Fh
  dw 00511h
  dw 0046Fh
  dw 00411h
  dw 0046Fh
  dw 00312h
  dw 0036Fh
  dw 00111h
  dw 00480h
  dw 00480h
  dw 00480h
  dw 00380h
  dw 00380h
  dw 00380h
  dw 00381h
  dw 00280h
  dw 00280h
  dw 00280h
  dw 00280h
  dw 00280h
  dw 00280h
  dw 0027Fh
  dw 00380h
  dw 00380h
  dw 00300h

chunliPage3frame020:
  db 04Ch,053h,040h,031h
  db 080h
  dw base+02E05h
  dw 0017Dh
  dw 00580h
  dw 0057Fh
  dw 00780h
  dw 0077Fh
  dw 00880h
  dw 00880h
  dw 00880h
  dw 00881h
  dw 00708h
  dw 00178h
  dw 00981h
  dw 0087Eh
  dw 00102h
  dw 0087Dh
  dw 00304h
  dw 0067Ch
  dw 00A80h
  dw 00B80h
  dw 00708h
  dw 00378h
  dw 00709h
  dw 00277h
  dw 00C79h
  dw 00206h
  dw 00D79h
  dw 00407h
  dw 00D79h
  dw 00506h
  dw 00E7Ah
  dw 01480h
  dw 01480h
  dw 0080Ah
  dw 00A76h
  dw 0147Dh
  dw 00103h
  dw 01080h
  dw 0107Fh
  dw 01080h
  dw 01081h
  dw 00F7Eh
  dw 00102h
  dw 00E7Fh
  dw 00405h
  dw 0097Bh
  dw 00406h
  dw 0087Bh
  dw 00305h
  dw 0087Bh
  dw 00306h
  dw 0087Ah
  dw 00405h
  dw 0097Ah
  dw 00506h
  dw 00A7Bh
  dw 00304h
  dw 00B7Ch
  dw 00304h
  dw 00B7Eh
  dw 00E82h
  dw 00C80h
  dw 00C80h
  dw 00D80h
  dw 00C80h
  dw 00C6Fh
  dw 00111h
  dw 00C6Eh
  dw 00112h
  dw 00B6Dh
  dw 00102h
  dw 00103h
  dw 0010Eh
  dw 00B6Ch
  dw 00305h
  dw 0010Fh
  dw 00B6Bh
  dw 00608h
  dw 0010Dh
  dw 00B6Bh
  dw 00507h
  dw 0010Fh
  dw 00969h
  dw 00507h
  dw 00110h
  dw 00969h
  dw 00718h
  dw 00768h
  dw 00618h
  dw 00668h
  dw 0051Bh
  dw 00365h
  dw 0041Bh
  dw 00365h
  dw 0031Bh
  dw 00366h
  dw 0011Ah
  dw 00380h
  dw 00380h
  dw 00380h
  dw 0036Ch
  dw 00114h
  dw 00369h
  dw 00317h
  dw 00368h
  dw 00418h
  dw 00367h
  dw 00507h
  dw 00112h
  dw 00367h
  dw 00406h
  dw 00113h
  dw 00466h
  dw 0071Ah
  dw 00466h
  dw 0061Ah
  dw 00466h
  dw 0051Ah
  dw 00366h
  dw 0061Ah
  dw 00367h
  dw 00419h
  dw 00367h
  dw 00419h
  dw 00368h
  dw 00219h
  dw 00280h
  dw 00280h
  dw 00280h
  dw 00280h
  dw 00280h
  dw 00280h
  dw 0027Fh
  dw 00380h
  dw 00380h
  dw 00300h

chunliPage3frame021:
  db 03Eh,057h,04Eh,02Dh
  db 058h
  dw base+03141h
  dw 0027Eh
  dw 00205h
  dw 0017Ah
  dw 00405h
  dw 0037Ah
  dw 00980h
  dw 00818h
  dw 00168h
  dw 00406h
  dw 0030Fh
  dw 0056Ah
  dw 00A16h
  dw 0056Ah
  dw 00B15h
  dw 0076Bh
  dw 00C15h
  dw 0076Bh
  dw 00C14h
  dw 0086Ch
  dw 00D14h
  dw 0086Dh
  dw 00B13h
  dw 0086Dh
  dw 00C13h
  dw 0086Dh
  dw 00C14h
  dw 00708h
  dw 00165h
  dw 00203h
  dw 00910h
  dw 0096Dh
  dw 00103h
  dw 00911h
  dw 0086Dh
  dw 00103h
  dw 0080Eh
  dw 00102h
  dw 0086Dh
  dw 00104h
  dw 0080Ch
  dw 00304h
  dw 00670h
  dw 0080Ch
  dw 00A75h
  dw 0080Bh
  dw 00B75h
  dw 0070Bh
  dw 00708h
  dw 0036Ch
  dw 00102h
  dw 0050Ah
  dw 00709h
  dw 0026Dh
  dw 0060Ah
  dw 00C77h
  dw 00608h
  dw 00D79h
  dw 00607h
  dw 00D79h
  dw 01481h
  dw 01380h
  dw 01381h
  dw 00608h
  dw 00A78h
  dw 0127Fh
  dw 00102h
  dw 00D7Fh
  dw 00E80h
  dw 00D81h
  dw 00C80h
  dw 00C81h
  dw 00A81h
  dw 00880h
  dw 00880h
  dw 00880h
  dw 00981h
  dw 0087Fh
  dw 00A80h
  dw 00A80h
  dw 00A80h
  dw 00B80h
  dw 00B80h
  dw 00B7Fh
  dw 00D80h
  dw 00C80h
  dw 00C80h
  dw 00C80h
  dw 00B80h
  dw 00B80h
  dw 00B80h
  dw 00B81h
  dw 00980h
  dw 00981h
  dw 00780h
  dw 00683h
  dw 00380h
  dw 00380h
  dw 00380h
  dw 00380h
  dw 00380h
  dw 00380h
  dw 00380h
  dw 00380h
  dw 00380h
  dw 00380h
  dw 00380h
  dw 00480h
  dw 00480h
  dw 00480h
  dw 00380h
  dw 00380h
  dw 00380h
  dw 00381h
  dw 00280h
  dw 00280h
  dw 00280h
  dw 00280h
  dw 00280h
  dw 00280h
  dw 0027Fh
  dw 00380h
  dw 00380h
  dw 00300h

chunliPage3frame022:
  db 046h,059h,046h,02Bh
  db 04Ch
  dw base+034A5h
  dw 00280h
  dw 0037Fh
  dw 00480h
  dw 00480h
  dw 00580h
  dw 00680h
  dw 0061Bh
  dw 00165h
  dw 00718h
  dw 00568h
  dw 00718h
  dw 00569h
  dw 00516h
  dw 0076Ah
  dw 00616h
  dw 0076Bh
  dw 00102h
  dw 00212h
  dw 00871h
  dw 0010Fh
  dw 00880h
  dw 00880h
  dw 00881h
  dw 00708h
  dw 00178h
  dw 00981h
  dw 00867h
  dw 00217h
  dw 00102h
  dw 00867h
  dw 00216h
  dw 00304h
  dw 00665h
  dw 00417h
  dw 00A69h
  dw 00517h
  dw 00B69h
  dw 00617h
  dw 00708h
  dw 00361h
  dw 00617h
  dw 00709h
  dw 00260h
  dw 00717h
  dw 00C6Ah
  dw 00506h
  dw 0010Fh
  dw 00D6Bh
  dw 00304h
  dw 00111h
  dw 00D6Dh
  dw 00103h
  dw 00110h
  dw 00D71h
  dw 0010Eh
  dw 00E80h
  dw 00E71h
  dw 0010Eh
  dw 00305h
  dw 00A6Eh
  dw 0010Dh
  dw 00F74h
  dw 0010Ch
  dw 00B80h
  dw 00B7Fh
  dw 00B7Fh
  dw 00C80h
  dw 00C7Fh
  dw 00C80h
  dw 00B7Fh
  dw 00C80h
  dw 00C80h
  dw 00D80h
  dw 00D7Fh
  dw 00F80h
  dw 00F80h
  dw 00F80h
  dw 01080h
  dw 01080h
  dw 01080h
  dw 01180h
  dw 01080h
  dw 01080h
  dw 01081h
  dw 00E7Fh
  dw 00204h
  dw 00B7Bh
  dw 00405h
  dw 00B7Eh
  dw 00D81h
  dw 00B81h
  dw 00A81h
  dw 00881h
  dw 00683h
  dw 00380h
  dw 00380h
  dw 00380h
  dw 00380h
  dw 00380h
  dw 00380h
  dw 00380h
  dw 00380h
  dw 00380h
  dw 00380h
  dw 00380h
  dw 00480h
  dw 00480h
  dw 00480h
  dw 00380h
  dw 00380h
  dw 00380h
  dw 00381h
  dw 00280h
  dw 00280h
  dw 00280h
  dw 00280h
  dw 00280h
  dw 00280h
  dw 0027Fh
  dw 00380h
  dw 00380h
  dw 00300h


