  dw chunliPage3frame000
  dw chunliPage3frame001
  dw chunliPage3frame002
  dw chunliPage3frame003
  dw chunliPage3frame004
  dw chunliPage3frame005
  dw chunliPage3frame006
  dw chunliPage3frame007
  dw chunliPage3frame008
  dw chunliPage3frame009
  dw chunliPage3frame010
  dw chunliPage3frame011
  dw chunliPage3frame012
  dw chunliPage3frame013
  dw chunliPage3frame014
  dw chunliPage3frame015
  dw chunliPage3frame016
  dw chunliPage3frame017
  dw chunliPage3frame018
  dw chunliPage3frame019
  dw chunliPage3frame020
  dw chunliPage3frame021
  dw chunliPage3frame022
  dw chunliPage3frame023
  dw chunliPage3frame024
  dw chunliPage3frame025
  dw chunliPage3frame026
  dw chunliPage3frame027
  dw chunliPage3frame028
  dw chunliPage3frame029
  dw chunliPage3frame030

chunliPage3frame000:
  db 02Ah,042h,074h,042h
  db 082h
  db 075h,02Ah,01Ah,074h,02Ah
  db 000h,000h
  db 000h,000h
  dw 0027Fh,base+00238h
  dw 0047Fh,base+03290h
  dw 00580h,base+02FC0h
  dw 00980h,base+0226Fh
  dw 00A80h,base+01F09h
  dw 00A80h,base+01F13h
  dw 00B7Fh,base+01A9Ch
  dw 00C81h,base+016ACh
  dw 00C81h,base+016B8h
  dw 00B81h,base+01AA7h
  dw 00A80h,base+01F1Dh
  dw 00B7Fh,base+01AB2h
  dw 00C7Eh,base+016C4h
  dw 00102h,base+00067h
  dw 00D7Ch,base+01352h
  dw 00305h,base+03568h
  dw 00C7Ah,base+016D0h
  dw 00406h,base+03294h
  dw 00D7Ah,base+0135Fh
  dw 00406h,base+03298h
  dw 00D7Ah,base+0136Ch
  dw 00406h,base+0329Ch
  dw 00D7Ah,base+01379h
  dw 00405h,base+032A0h
  dw 00E7Bh,base+0107Ah
  dw 00405h,base+032A4h
  dw 00304h,base+0123Ah
  dw 00102h,base+0000Eh
  dw 00976h,base+02278h
  dw 0070Ah,base+029BFh
  dw 00976h,base+02281h
  dw 0060Ah,base+02D0Eh
  dw 00976h,base+0228Ah
  dw 00609h,base+02D14h
  dw 00A77h,base+01F27h
  dw 00102h,base+00015h
  dw 00407h,base+004E7h
  dw 00A7Ah,base+01F31h
  dw 00305h,base+0356Bh
  dw 00B7Bh,base+01ABDh
  dw 00205h,base+00147h
  dw 00B7Ch,base+01AC8h
  dw 00103h,base+00000h
  dw 00C7Dh,base+016DCh
  dw 00103h,base+0000Eh
  dw 00C7Fh,base+016E8h
  dw 00D80h,base+01386h
  dw 00D80h,base+01393h
  dw 00D7Fh,base+013A0h
  dw 00D80h,base+013ADh
  dw 00D80h,base+013BAh
  dw 00D80h,base+013C7h
  dw 00D7Fh,base+013D4h
  dw 00E80h,base+01088h
  dw 00D80h,base+013E1h
  dw 00D80h,base+013EEh
  dw 00304h,base+02113h
  dw 0097Ch,base+02293h
  dw 00304h,base+00059h
  dw 0087Bh,base+0265Fh
  dw 00405h,base+032A8h
  dw 0087Bh,base+02667h
  dw 00406h,base+032ACh
  dw 0067Ah,base+02D1Ah
  dw 00406h,base+032B0h
  dw 0057Ah,base+02FC5h
  dw 00406h,base+032B4h
  dw 0047Ah,base+032B8h
  dw 00406h,base+032BCh
  dw 0047Ah,base+032C0h
  dw 00306h,base+013C7h
  dw 0047Ah,base+032C4h
  dw 00306h,base+01F9Ch
  dw 00379h,base+00DAAh
  dw 00407h,base+032C8h
  dw 00379h,base+00DAAh
  dw 00407h,base+032CCh
  dw 00379h,base+0356Eh
  dw 00408h,base+032D0h
  dw 00278h,base+00163h
  dw 00307h,base+00345h
  dw 00479h,base+032D4h
  dw 00307h,base+03571h
  dw 00379h,base+03574h
  dw 00308h,base+03577h
  dw 00278h,base+00005h
  dw 00308h,base+018DDh
  dw 00278h,base+015CFh
  dw 00208h,base+00689h
  dw 00278h,base+0008Ch
  dw 00208h,base+002D2h
  dw 00278h,base+0008Ch
  dw 00208h,base+00117h
  dw 00277h,base+0017Ah
  dw 00309h,base+018DDh
  dw 00277h,base+0017Ah
  dw 00309h,base+0357Ah
  dw 00376h,base+0357Dh
  dw 0040Ah,base+032D8h
  dw 00375h,base+03580h
  dw 0050Bh,base+02FCAh
  dw 00375h,base+01FFFh
  dw 0050Bh,base+02FCFh
  dw 00374h,base+03583h
  dw 0030Bh,base+03586h
  dw 00375h,base+00433h
  dw 0030Bh,base+0007Ch
  dw 0037Fh,base+011C0h
  dw 00480h,base+032DCh
  dw 00300h,base+002FBh

chunliPage3frame001:
  db 034h,034h,068h,050h
  db 080h
  db 07Ah,022h,015h,068h,02Ch
  db 000h,000h
  db 000h,000h
  dw 00280h,base+003F3h
  dw 00208h,base+001C4h
  dw 00277h,base+00026h
  dw 00409h,base+032E0h
  dw 00476h,base+032E4h
  dw 0080Ah,base+0266Fh
  dw 00476h,base+032E8h
  dw 0080Ah,base+02677h
  dw 00575h,base+02FD4h
  dw 01080h,base+00B6Dh
  dw 01181h,base+0094Dh
  dw 01080h,base+00B7Dh
  dw 00F84h,base+00D7Dh
  dw 00C7Fh,base+016F4h
  dw 00D80h,base+013FBh
  dw 00D80h,base+01408h
  dw 00D80h,base+01415h
  dw 00C80h,base+01700h
  dw 00C80h,base+0170Ch
  dw 00B80h,base+01AD3h
  dw 00A80h,base+01F3Bh
  dw 00980h,base+0229Ch
  dw 0097Fh,base+022A5h
  dw 00A80h,base+01F45h
  dw 00A80h,base+01F4Fh
  dw 00978h,base+022AEh
  dw 00208h,base+000A8h
  dw 00978h,base+022B7h
  dw 00308h,base+005C8h
  dw 00877h,base+0267Fh
  dw 00509h,base+009C8h
  dw 00677h,base+02D20h
  dw 00609h,base+02D26h
  dw 00577h,base+02FD9h
  dw 0070Ah,base+029C6h
  dw 00476h,base+032ECh
  dw 00809h,base+02687h
  dw 00677h,base+02D2Ch
  dw 00F80h,base+00D8Ch
  dw 01080h,base+00B8Dh
  dw 01080h,base+00B9Dh
  dw 01080h,base+00BADh
  dw 01080h,base+00BBDh
  dw 01080h,base+00BCDh
  dw 01180h,base+0095Eh
  dw 00305h,base+00DE9h
  dw 00C7Bh,base+01718h
  dw 00305h,base+0037Eh
  dw 00C7Bh,base+01724h
  dw 00306h,base+00662h
  dw 00B7Ah,base+01ADEh
  dw 00306h,base+00945h
  dw 00B7Ah,base+01AE9h
  dw 00307h,base+03589h
  dw 00A79h,base+01F59h
  dw 00307h,base+0358Ch
  dw 00A79h,base+01F63h
  dw 00306h,base+0358Fh
  dw 00B7Ah,base+01AF4h
  dw 00306h,base+0358Fh
  dw 00C7Ah,base+01730h
  dw 00205h,base+015A3h
  dw 00D7Bh,base+01422h
  dw 00204h,base+005ECh
  dw 00E7Ch,base+01096h
  dw 00204h,base+00428h
  dw 00E7Ch,base+010A4h
  dw 00305h,base+03592h
  dw 00C7Ah,base+0173Ch
  dw 00409h,base+032F0h
  dw 00976h,base+022C0h
  dw 0050Ah,base+02FDEh
  dw 00975h,base+022C9h
  dw 0060Ch,base+02D32h
  dw 00405h,base+00081h
  dw 0036Fh,base+00B33h
  dw 00511h,base+02FE3h
  dw 0036Fh,base+033D9h
  dw 00311h,base+00080h
  dw 00300h,base+013C7h

chunliPage3frame002:
  db 030h,034h,066h,03Dh
  db 082h
  db 074h,022h,015h,064h,031h
  db 000h,000h
  db 000h,000h
  dw 0017Dh,base+00022h
  dw 00580h,base+02FE8h
  dw 0057Eh,base+02FEDh
  dw 00781h,base+029CDh
  dw 0067Fh,base+02C04h
  dw 00780h,base+0286Fh
  dw 00780h,base+029D4h
  dw 00780h,base+029DBh
  dw 00781h,base+029E2h
  dw 00680h,base+02D38h
  dw 00581h,base+02FF2h
  dw 00407h,base+02487h
  dw 00179h,base+00022h
  dw 00507h,base+02FF7h
  dw 0027Ah,base+004E5h
  dw 00880h,base+0268Fh
  dw 0087Eh,base+02697h
  dw 00A80h,base+01F6Dh
  dw 00B80h,base+01AFFh
  dw 00B80h,base+01B0Ah
  dw 00B80h,base+01B15h
  dw 00A80h,base+01F77h
  dw 00A80h,base+01F81h
  dw 00A80h,base+01F8Bh
  dw 00A7Eh,base+01F95h
  dw 00C80h,base+01748h
  dw 00E7Fh,base+010B2h
  dw 00F80h,base+00D9Bh
  dw 00F80h,base+00DAAh
  dw 0107Dh,base+00BDDh
  dw 00103h,base+00067h
  dw 0117Dh,base+0096Fh
  dw 0147Fh,base+00487h
  dw 0157Fh,base+003B5h
  dw 01581h,base+003CAh
  dw 01480h,base+0049Bh
  dw 0147Fh,base+004AFh
  dw 01581h,base+003DFh
  dw 01480h,base+004C3h
  dw 00607h,base+02D3Eh
  dw 00B7Ah,base+01B20h
  dw 00407h,base+032F4h
  dw 00A79h,base+01F9Fh
  dw 00407h,base+032F8h
  dw 00A76h,base+01FA9h
  dw 00103h,base+00022h
  dw 00408h,base+032FCh
  dw 00874h,base+0269Fh
  dw 0070Ch,base+029E9h
  dw 00304h,base+00796h
  dw 00470h,base+03300h
  dw 0060Dh,base+02D44h
  dw 00204h,base+00044h
  dw 0036Fh,base+03595h
  dw 00611h,base+02D4Ah
  dw 0036Fh,base+03595h
  dw 00611h,base+02D50h
  dw 00370h,base+03595h
  dw 00510h,base+02FFCh
  dw 00372h,base+03598h
  dw 0030Eh,base+000D3h
  dw 00374h,base+0359Bh
  dw 0010Ch,base+00014h
  dw 00380h,base+00345h
  dw 00480h,base+0303Eh
  dw 00480h,base+03304h
  dw 00480h,base+00081h
  dw 00380h,base+00058h
  dw 00200h,base+00044h

chunliPage3frame003:
  db 038h,03Eh,06Ch,046h
  db 07Ch
  db 06Ch,022h,01Ch,071h,032h
  db 000h,000h
  db 000h,000h
  dw 0017Fh,base+0001Ch
  dw 00280h,base+00046h
  dw 00280h,base+01BD6h
  dw 00280h,base+003B3h
  dw 00280h,base+003B3h
  dw 0027Ah,base+003B3h
  dw 00106h,base+00015h
  dw 0027Ah,base+03736h
  dw 00106h,base+00015h
  dw 0027Ah,base+01017h
  dw 00206h,base+03180h
  dw 0027Ah,base+01017h
  dw 00206h,base+02BB5h
  dw 0027Ah,base+0125Bh
  dw 00206h,base+02BB5h
  dw 0037Ah,base+0359Eh
  dw 00206h,base+01266h
  dw 0037Ah,base+035A1h
  dw 00206h,base+0210Eh
  dw 0037Ah,base+035A4h
  dw 00206h,base+0210Eh
  dw 0037Ah,base+035A7h
  dw 00207h,base+008CDh
  dw 00278h,base+00005h
  dw 00308h,base+035AAh
  dw 00278h,base+00092h
  dw 00308h,base+035ADh
  dw 00278h,base+0008Ch
  dw 00308h,base+035ADh
  dw 00279h,base+0040Ah
  dw 00307h,base+035B0h
  dw 00379h,base+035B3h
  dw 00307h,base+035B6h
  dw 0037Ah,base+01AADh
  dw 00306h,base+035B9h
  dw 0037Ah,base+035BCh
  dw 00306h,base+035BFh
  dw 0037Ah,base+02982h
  dw 00307h,base+035C2h
  dw 00379h,base+035C5h
  dw 00407h,base+03308h
  dw 00379h,base+001EEh
  dw 00407h,base+0330Ch
  dw 0037Ah,base+001EEh
  dw 00406h,base+03310h
  dw 0037Ah,base+0014Ch
  dw 00406h,base+03314h
  dw 0047Ah,base+03318h
  dw 00406h,base+007F8h
  dw 0047Ah,base+00325h
  dw 00506h,base+03001h
  dw 00407h,base+00086h
  dw 00273h,base+00044h
  dw 00A0Dh,base+01FB3h
  dw 00374h,base+00044h
  dw 0090Ch,base+022D2h
  dw 00574h,base+03006h
  dw 0090Ch,base+022DBh
  dw 00574h,base+0300Bh
  dw 00A0Ch,base+01FBDh
  dw 00574h,base+03010h
  dw 00A0Ch,base+01FC7h
  dw 00575h,base+03015h
  dw 0090Ah,base+022E4h
  dw 00676h,base+02D56h
  dw 0090Ah,base+022EDh
  dw 00577h,base+0301Ah
  dw 00E80h,base+010C0h
  dw 00F80h,base+00DB9h
  dw 01080h,base+00BEDh
  dw 01080h,base+00BFDh
  dw 0117Fh,base+00980h
  dw 01280h,base+007E5h
  dw 01280h,base+007F7h
  dw 01180h,base+00991h
  dw 01280h,base+00809h
  dw 0127Fh,base+0081Bh
  dw 01480h,base+004D7h
  dw 01011h,base+00C0Dh
  dw 0036Fh,base+001EEh
  dw 01011h,base+00C1Dh
  dw 0046Fh,base+0331Ch
  dw 00F11h,base+00DC8h
  dw 0056Fh,base+0301Fh
  dw 00F12h,base+00DD7h
  dw 0056Dh,base+002BDh
  dw 01013h,base+00C2Dh
  dw 0066Dh,base+02D5Ch
  dw 00203h,base+01439h
  dw 00C10h,base+01754h
  dw 0056Dh,base+03024h
  dw 00104h,base+0018Eh
  dw 00B0Fh,base+01B2Bh
  dw 00571h,base+03029h
  dw 00B0Fh,base+01B36h
  dw 0056Fh,base+0302Eh
  dw 00203h,base+03738h
  dw 00A0Eh,base+01FD1h
  dw 0056Fh,base+03033h
  dw 00203h,base+012CDh
  dw 00A0Eh,base+01FDBh
  dw 0056Fh,base+03038h
  dw 00C12h,base+01760h
  dw 0046Fh,base+0010Ah
  dw 00B11h,base+01B41h
  dw 0046Fh,base+03320h
  dw 00A11h,base+01FE5h
  dw 00470h,base+03324h
  dw 00203h,base+000B1h
  dw 0060Eh,base+02D62h
  dw 00273h,base+00C2Eh
  dw 0040Dh,base+02D62h
  dw 00100h,base+0000Fh

chunliPage3frame004:
  db 034h,03Ch,06Ch,049h
  db 076h
  db 06Bh,022h,01Eh,074h,02Ch
  db 000h,000h
  db 000h,000h
  dw 00180h,base+000B7h
  dw 00180h,base+00653h
  dw 0027Bh,base+01CC0h
  dw 00104h,base+000B7h
  dw 0037Ch,base+035C8h
  dw 00104h,base+0000Fh
  dw 0037Ch,base+035C8h
  dw 00204h,base+00B69h
  dw 0037Ch,base+035CBh
  dw 00204h,base+0373Ah
  dw 0037Ch,base+035CBh
  dw 00204h,base+0051Eh
  dw 0037Ch,base+035CEh
  dw 00204h,base+02B48h
  dw 0037Ch,base+035CEh
  dw 00304h,base+035D1h
  dw 0037Ch,base+035D4h
  dw 00304h,base+035D7h
  dw 0037Ch,base+035DAh
  dw 00304h,base+035DDh
  dw 0037Ch,base+035E0h
  dw 00781h,base+029F0h
  dw 00780h,base+029F7h
  dw 00780h,base+029FEh
  dw 00203h,base+00D54h
  dw 0057Dh,base+0303Dh
  dw 00305h,base+035E3h
  dw 0047Bh,base+03328h
  dw 00305h,base+002F3h
  dw 0047Bh,base+0332Ch
  dw 00406h,base+03330h
  dw 0037Bh,base+035E6h
  dw 00305h,base+0193Dh
  dw 0047Bh,base+03334h
  dw 00305h,base+035E9h
  dw 0047Bh,base+03338h
  dw 00406h,base+0333Ch
  dw 0047Ah,base+01734h
  dw 00406h,base+03340h
  dw 0047Bh,base+03344h
  dw 00405h,base+0049Eh
  dw 0057Bh,base+03042h
  dw 00405h,base+03348h
  dw 0057Bh,base+03047h
  dw 00405h,base+00851h
  dw 0067Bh,base+02D68h
  dw 00506h,base+01FB3h
  dw 0057Bh,base+0304Ch
  dw 00405h,base+00606h
  dw 0057Bh,base+03051h
  dw 00506h,base+03056h
  dw 0057Ah,base+0305Bh
  dw 00506h,base+03060h
  dw 0057Bh,base+03065h
  dw 00406h,base+00640h
  dw 0047Ah,base+0334Ch
  dw 00506h,base+0306Ah
  dw 0047Bh,base+03350h
  dw 00405h,base+03354h
  dw 0047Bh,base+03358h
  dw 00405h,base+0335Ch
  dw 0047Bh,base+03360h
  dw 00980h,base+022F6h
  dw 00980h,base+022FFh
  dw 00980h,base+02308h
  dw 00980h,base+02311h
  dw 00A81h,base+01FEFh
  dw 00980h,base+0231Ah
  dw 0097Dh,base+02323h
  dw 00103h,base+0003Bh
  dw 0097Dh,base+0232Ch
  dw 00D80h,base+0142Fh
  dw 00F13h,base+00DE6h
  dw 0016Eh,base+00015h
  dw 00F12h,base+00DF5h
  dw 0016Eh,base+00015h
  dw 01011h,base+00C3Dh
  dw 0036Fh,base+01606h
  dw 01112h,base+009A2h
  dw 0026Fh,base+0039Bh
  dw 01380h,base+0068Fh
  dw 01480h,base+004EBh
  dw 01481h,base+004FFh
  dw 01380h,base+006A2h
  dw 01381h,base+006B5h
  dw 01280h,base+0082Dh
  dw 01281h,base+0083Fh
  dw 01180h,base+009B3h
  dw 00F81h,base+00E04h
  dw 00E81h,base+010CEh
  dw 00D82h,base+0143Ch
  dw 00102h,base+00022h
  dw 00881h,base+026A7h
  dw 00500h,base+0143Ch

chunliPage3frame005:
  db 04Eh,01Ch,056h,06Bh
  db 078h
  db 070h,022h,005h,055h,04Fh
  db 000h,000h
  db 000h,000h
  dw 0017Fh,base+00015h
  dw 00480h,base+032B0h
  dw 0057Fh,base+0306Fh
  dw 00780h,base+02A05h
  dw 00710h,base+02A0Ch
  dw 00170h,base+00022h
  dw 0080Fh,base+026AFh
  dw 00371h,base+035ECh
  dw 0090Fh,base+02335h
  dw 00370h,base+035EFh
  dw 00B0Fh,base+01B4Ch
  dw 00507h,base+03074h
  dw 0026Ah,base+00044h
  dw 00C0Eh,base+0176Ch
  dw 00708h,base+02A13h
  dw 0026Ah,base+00044h
  dw 0197Fh,base+00325h
  dw 01A80h,base+00221h
  dw 01A7Dh,base+0023Bh
  dw 01D7Fh,base+001B3h
  dw 01E77h,base+00195h
  dw 00108h,base+00022h
  dw 01F78h,base+00176h
  dw 00206h,base+00D66h
  dw 0217Ah,base+000B2h
  dw 00405h,base+03364h
  dw 0227Bh,base+0004Ch
  dw 02680h,base+00000h
  dw 02681h,base+00026h
  dw 02122h,base+000D3h
  dw 0035Fh,base+00044h
  dw 0191Ah,base+0033Eh
  dw 00608h,base+02D6Eh
  dw 0015Fh,base+00015h
  dw 00A0Ch,base+01FF9h
  dw 00B0Dh,base+01B57h
  dw 00767h,base+02A1Ah
  dw 00405h,base+03368h
  dw 00508h,base+03079h
  dw 00A0Dh,base+02003h
  dw 00567h,base+0307Eh
  dw 00103h,base+00015h
  dw 00409h,base+0336Ch
  dw 0090Eh,base+0233Eh
  dw 00369h,base+035F2h
  dw 00409h,base+00081h
  dw 0070Dh,base+02A21h
  dw 00480h,base+03370h
  dw 00581h,base+03083h
  dw 00380h,base+035F5h
  dw 00300h,base+035F8h

chunliPage3frame006:
  db 03Ch,02Fh,060h,059h
  db 084h
  db 07Dh,022h,012h,060h,03Bh
  db 000h,000h
  db 000h,000h
  dw 00102h,base+00022h
  dw 0027Dh,base+000B1h
  dw 00580h,base+03088h
  dw 00680h,base+02D74h
  dw 0067Fh,base+02D7Ah
  dw 00780h,base+02A28h
  dw 00780h,base+02A2Fh
  dw 00780h,base+02A36h
  dw 00780h,base+02A3Dh
  dw 00780h,base+02A44h
  dw 00781h,base+02A4Bh
  dw 00581h,base+0308Dh
  dw 0047Fh,base+03374h
  dw 00580h,base+03092h
  dw 00780h,base+02A52h
  dw 00880h,base+026B7h
  dw 00880h,base+026BFh
  dw 00980h,base+02347h
  dw 0097Fh,base+02350h
  dw 00A78h,base+0200Dh
  dw 00208h,base+00044h
  dw 00A77h,base+02017h
  dw 00408h,base+01502h
  dw 00B78h,base+01B62h
  dw 00507h,base+03097h
  dw 00C79h,base+01778h
  dw 00607h,base+02D80h
  dw 00C78h,base+01784h
  dw 01480h,base+00513h
  dw 00B0Ch,base+01B6Dh
  dw 00874h,base+026C7h
  dw 00A0Ch,base+02021h
  dw 00874h,base+026CFh
  dw 0090Bh,base+02359h
  dw 00975h,base+02362h
  dw 00A0Bh,base+0202Bh
  dw 00975h,base+0236Bh
  dw 01112h,base+009C4h
  dw 0026Dh,base+001EEh
  dw 01213h,base+00851h
  dw 0026Dh,base+0135Ah
  dw 01213h,base+00863h
  dw 0036Dh,base+035FBh
  dw 00405h,base+03378h
  dw 00D0Fh,base+01449h
  dw 0026Ch,base+0010Ch
  dw 00305h,base+035FEh
  dw 00D0Fh,base+01456h
  dw 0026Ch,base+0010Ch
  dw 00306h,base+03601h
  dw 00C0Eh,base+01790h
  dw 0026Bh,base+000ACh
  dw 00307h,base+03604h
  dw 00D0Eh,base+01463h
  dw 0026Bh,base+0373Ch
  dw 00307h,base+029EDh
  dw 00D0Eh,base+01470h
  dw 0046Bh,base+0337Ch
  dw 00208h,base+00429h
  dw 00C0Eh,base+0179Ch
  dw 00369h,base+009E3h
  dw 00309h,base+03607h
  dw 00C0Eh,base+017A8h
  dw 00369h,base+00044h
  dw 00308h,base+01B0Fh
  dw 00D0Eh,base+0147Dh
  dw 00469h,base+002BDh
  dw 00408h,base+03380h
  dw 01477h,base+00527h
  dw 00509h,base+0309Ch
  dw 01476h,base+0053Bh
  dw 0060Ah,base+02D86h
  dw 01476h,base+0054Fh
  dw 0060Ah,base+02D8Ch
  dw 00E10h,base+010DCh
  dw 00366h,base+00695h
  dw 00304h,base+0007Ch
  dw 00106h,base+0000Eh
  dw 00D10h,base+0148Ah
  dw 00375h,base+0360Ah
  dw 0050Ah,base+0102Fh
  dw 00580h,base+030A1h
  dw 00482h,base+03384h
  dw 00200h,base+00C2Eh

chunliPage3frame007:
  db 036h,04Bh,068h,039h
  db 090h
  db 07Ch,022h,017h,074h,02Ah
  db 000h,000h
  db 000h,000h
  dw 00180h,base+00065h
  dw 0017Fh,base+00065h
  dw 00280h,base+00044h
  dw 0047Eh,base+03388h
  dw 0077Fh,base+02A59h
  dw 00880h,base+026D7h
  dw 0087Fh,base+026DFh
  dw 00980h,base+02374h
  dw 00880h,base+026E7h
  dw 00880h,base+026EFh
  dw 0077Fh,base+02A60h
  dw 00880h,base+026F7h
  dw 00708h,base+02A67h
  dw 00378h,base+0360Dh
  dw 00709h,base+02A6Eh
  dw 00277h,base+0005Fh
  dw 00709h,base+02A75h
  dw 00277h,base+003DBh
  dw 00203h,base+00109h
  dw 00405h,base+0338Ch
  dw 00378h,base+03610h
  dw 00304h,base+00559h
  dw 00304h,base+02CA5h
  dw 00304h,base+03613h
  dw 00174h,base+00015h
  dw 00709h,base+02A7Ch
  dw 00477h,base+03390h
  dw 00709h,base+02A83h
  dw 00477h,base+03394h
  dw 00C80h,base+017B4h
  dw 00C80h,base+017C0h
  dw 00B81h,base+01B78h
  dw 00809h,base+021BDh
  dw 00177h,base+00029h
  dw 00A80h,base+0192Ah
  dw 00B80h,base+0122Fh
  dw 00B80h,base+0123Dh
  dw 00B80h,base+01B83h
  dw 00B80h,base+00F8Eh
  dw 00B80h,base+01B8Eh
  dw 00608h,base+02D92h
  dw 00378h,base+018E7h
  dw 00609h,base+02D98h
  dw 00177h,base+0000Eh
  dw 0057Fh,base+030A6h
  dw 00680h,base+02D9Eh
  dw 00580h,base+030ABh
  dw 00580h,base+030B0h
  dw 00580h,base+030B5h
  dw 0067Fh,base+02DA4h
  dw 0087Fh,base+026FFh
  dw 00980h,base+0237Dh
  dw 00A7Fh,base+02035h
  dw 00B7Fh,base+01B99h
  dw 00C7Fh,base+017CCh
  dw 00D80h,base+01497h
  dw 00D7Fh,base+014A4h
  dw 00E7Fh,base+010EAh
  dw 00F80h,base+00E13h
  dw 00F7Fh,base+00E22h
  dw 01080h,base+00C4Dh
  dw 01080h,base+00C5Dh
  dw 01080h,base+00C6Dh
  dw 00607h,base+02DAAh
  dw 00979h,base+02386h
  dw 00407h,base+03398h
  dw 00978h,base+0238Fh
  dw 00408h,base+032ACh
  dw 00978h,base+02398h
  dw 00408h,base+00E9Bh
  dw 00978h,base+023A1h
  dw 00407h,base+00E9Bh
  dw 00A79h,base+0203Fh
  dw 00407h,base+0339Ch
  dw 00A79h,base+02049h
  dw 00407h,base+033A0h
  dw 00A79h,base+02053h
  dw 00407h,base+033A4h
  dw 00A79h,base+0205Dh
  dw 00307h,base+0123Ah
  dw 00A79h,base+02067h
  dw 00308h,base+01F9Ch
  dw 00877h,base+02707h
  dw 00409h,base+033A8h
  dw 00777h,base+02A8Ah
  dw 0040Ah,base+033ACh
  dw 00576h,base+0000Fh
  dw 0040Bh,base+033B0h
  dw 00575h,base+030BAh
  dw 0030Bh,base+01352h
  dw 00575h,base+030BFh
  dw 0030Ch,base+029EDh
  dw 00474h,base+033B4h
  dw 0030Dh,base+022A2h
  dw 00373h,base+03616h
  dw 0020Dh,base+00429h
  dw 00473h,base+033B8h
  dw 0020Dh,base+00031h
  dw 00472h,base+033BCh
  dw 0030Fh,base+03619h
  dw 00471h,base+033C0h
  dw 00310h,base+017EBh
  dw 0036Fh,base+00428h
  dw 00412h,base+033C4h
  dw 0026Dh,base+000DCh
  dw 00512h,base+030C4h
  dw 0036Eh,base+00345h
  dw 00511h,base+030C9h
  dw 0046Eh,base+033C8h
  dw 00512h,base+030CEh
  dw 0046Eh,base+033CCh
  dw 00312h,base+0007Ch
  dw 00400h,base+00CB5h

chunliPage3frame008:
  db 040h,030h,050h,054h
  db 062h
  db 04Eh,02Ch,013h,050h,040h
  db 000h,000h
  db 000h,000h
  dw 00179h,base+00022h
  dw 00207h,base+000B1h
  dw 00179h,base+00007h
  dw 00206h,base+002D2h
  dw 0037Ah,base+0361Ch
  dw 00206h,base+0002Bh
  dw 0087Ah,base+0270Fh
  dw 00306h,base+0361Fh
  dw 0087Ah,base+02717h
  dw 00306h,base+000D3h
  dw 00A79h,base+02071h
  dw 01180h,base+009D5h
  dw 01180h,base+009E6h
  dw 01180h,base+009F7h
  dw 00A0Dh,base+0207Bh
  dw 00573h,base+030D3h
  dw 00B0Ch,base+01BA4h
  dw 00673h,base+02DB0h
  dw 00C0Eh,base+017D8h
  dw 00572h,base+030D8h
  dw 00D0Eh,base+014B1h
  dw 00472h,base+033D0h
  dw 00D0Fh,base+014BEh
  dw 00372h,base+03622h
  dw 00C0Dh,base+017E4h
  dw 00473h,base+033D4h
  dw 01181h,base+00A08h
  dw 00203h,base+01373h
  dw 00E7Dh,base+010F8h
  dw 00103h,base+00015h
  dw 00F80h,base+00E31h
  dw 0107Fh,base+00C7Dh
  dw 01180h,base+00A19h
  dw 0127Dh,base+00875h
  dw 01580h,base+003F4h
  dw 00709h,base+02A91h
  dw 00D78h,base+014CBh
  dw 00508h,base+030DDh
  dw 00D77h,base+014D8h
  dw 00508h,base+030E2h
  dw 00F77h,base+00E40h
  dw 00608h,base+02DB6h
  dw 01079h,base+00C8Dh
  dw 00507h,base+030E7h
  dw 00F79h,base+00E4Fh
  dw 00506h,base+030ECh
  dw 0107Ah,base+00C9Dh
  dw 00406h,base+02A91h
  dw 00D0Eh,base+014E5h
  dw 0036Ch,base+021A1h
  dw 00405h,base+003F4h
  dw 00E10h,base+01106h
  dw 0026Eh,base+00010h
  dw 00102h,base+00015h
  dw 00E7Fh,base+01114h
  dw 01080h,base+00CADh
  dw 0090Ah,base+023AAh
  dw 00676h,base+02DBCh
  dw 0070Bh,base+02A98h
  dw 0050Eh,base+030F1h
  dw 00167h,base+00022h
  dw 0070Bh,base+02A9Fh
  dw 0050Dh,base+01FB3h
  dw 00268h,base+00B31h
  dw 0080Bh,base+0271Fh
  dw 00509h,base+01FB3h
  dw 00104h,base+00022h
  dw 00369h,base+03625h
  dw 0070Ah,base+02AA6h
  dw 00506h,base+030F6h
  dw 00A70h,base+02085h
  dw 0080Bh,base+02727h
  dw 00F76h,base+00E5Eh
  dw 0090Ah,base+023B3h
  dw 00F77h,base+00E6Dh
  dw 00809h,base+0272Fh
  dw 00E7Ah,base+01122h
  dw 01482h,base+00563h
  dw 00405h,base+033D8h
  dw 0090Bh,base+023BCh
  dw 00270h,base+0018Bh
  dw 00405h,base+033DCh
  dw 0080Ch,base+02737h
  dw 0026Fh,base+0045Fh
  dw 00305h,base+03628h
  dw 0080Ch,base+0273Fh
  dw 0026Eh,base+02A16h
  dw 00407h,base+033E0h
  dw 0050Ah,base+01EB1h
  dw 0036Eh,base+0362Bh
  dw 00408h,base+033E4h
  dw 0040Ah,base+01D41h
  dw 0036Eh,base+0362Eh
  dw 00309h,base+01C6Ah
  dw 00209h,base+00044h
  dw 0026Eh,base+00877h
  dw 00212h,base+00026h
  dw 00200h,base+00026h

chunliPage3frame009:
  db 028h,052h,06Ah,033h
  db 07Ch
  db 071h,022h,01Eh,069h,027h
  db 000h,000h
  db 000h,000h
  dw 0027Fh,base+00044h
  dw 0037Fh,base+00044h
  dw 0067Fh,base+02DC2h
  dw 00780h,base+02AADh
  dw 00880h,base+02747h
  dw 00880h,base+0274Fh
  dw 00880h,base+02757h
  dw 00781h,base+02AB4h
  dw 00680h,base+02DC8h
  dw 00680h,base+02DCEh
  dw 00680h,base+02DD4h
  dw 0067Eh,base+02DDAh
  dw 00A80h,base+0208Fh
  dw 00A7Fh,base+02099h
  dw 00B80h,base+01BAFh
  dw 00B80h,base+01BBAh
  dw 00B80h,base+01BC5h
  dw 00B80h,base+01BD0h
  dw 00B80h,base+01BDBh
  dw 00B80h,base+01BE6h
  dw 00B80h,base+01BF1h
  dw 00B80h,base+01BFCh
  dw 00B80h,base+01C07h
  dw 00B81h,base+01C12h
  dw 00A81h,base+020A3h
  dw 00980h,base+023C5h
  dw 00882h,base+0275Fh
  dw 0047Fh,base+033E8h
  dw 00580h,base+030FBh
  dw 00580h,base+03100h
  dw 0067Fh,base+02DE0h
  dw 00780h,base+02ABBh
  dw 00780h,base+02AC2h
  dw 00880h,base+02767h
  dw 0087Fh,base+0276Fh
  dw 00980h,base+023CEh
  dw 00980h,base+023D7h
  dw 00980h,base+023E0h
  dw 00A80h,base+020ADh
  dw 00A80h,base+020B7h
  dw 00A7Fh,base+020C1h
  dw 00B80h,base+01C1Dh
  dw 00B80h,base+01C1Dh
  dw 00B80h,base+01C28h
  dw 00B80h,base+01C33h
  dw 00B80h,base+01C33h
  dw 00B80h,base+01C3Eh
  dw 00B80h,base+01C3Eh
  dw 00B80h,base+01C49h
  dw 00B80h,base+01C54h
  dw 00B80h,base+01C5Fh
  dw 00506h,base+01C5Fh
  dw 0057Ah,base+03105h
  dw 00506h,base+01C5Fh
  dw 0057Ah,base+03105h
  dw 00506h,base+0310Ah
  dw 0057Ah,base+0310Fh
  dw 00506h,base+01D98h
  dw 0067Ah,base+02DE6h
  dw 00304h,base+00270h
  dw 00102h,base+00008h
  dw 00203h,base+0373Eh
  dw 00376h,base+032A0h
  dw 00405h,base+01C54h
  dw 00102h,base+0000Fh
  dw 00103h,base+00009h
  dw 00376h,base+00EECh
  dw 0040Ah,base+033ECh
  dw 00376h,base+0000Fh
  dw 0040Ah,base+033F0h
  dw 00476h,base+033F4h
  dw 0040Ah,base+006DCh
  dw 00476h,base+033F8h
  dw 0040Ah,base+01959h
  dw 00476h,base+033FCh
  dw 0040Ah,base+03400h
  dw 00476h,base+03404h
  dw 0040Ah,base+00312h
  dw 00476h,base+00312h
  dw 0040Ah,base+03400h
  dw 00476h,base+03404h
  dw 0030Ah,base+002CAh
  dw 00476h,base+0335Ch
  dw 0030Ah,base+00423h
  dw 00476h,base+03408h
  dw 0030Bh,base+03631h
  dw 00375h,base+03634h
  dw 0030Bh,base+03637h
  dw 00375h,base+0363Ah
  dw 0030Bh,base+0024Fh
  dw 00375h,base+01FFFh
  dw 0020Bh,base+00429h
  dw 00375h,base+0363Dh
  dw 0020Ch,base+00190h
  dw 00273h,base+002B5h
  dw 0030Dh,base+03577h
  dw 00273h,base+0008Ch
  dw 0030Dh,base+022A2h
  dw 00273h,base+0040Ah
  dw 0020Dh,base+0008Ch
  dw 00273h,base+00153h
  dw 0020Dh,base+00092h
  dw 00372h,base+022B8h
  dw 0030Eh,base+01DC0h
  dw 00372h,base+01DC0h
  dw 0030Fh,base+035B3h
  dw 00370h,base+03640h
  dw 00410h,base+0340Ch
  dw 00370h,base+03643h
  dw 00410h,base+03410h
  dw 00370h,base+02B4Ah
  dw 00410h,base+03414h
  dw 00470h,base+03418h
  dw 00410h,base+0341Ch
  dw 00470h,base+03420h
  dw 00211h,base+00147h
  dw 00300h,base+03646h

chunliPage3frame010:
  db 03Ah,04Ch,06Ch,02Eh
  db 094h
  db 071h,034h,015h,06Ch,02Fh
  db 000h,000h
  db 000h,000h
  dw 00102h,base+0000Eh
  dw 0017Dh,base+0001Ah
  dw 00580h,base+03114h
  dw 0057Fh,base+03119h
  dw 0077Fh,base+02AC9h
  dw 00809h,base+02777h
  dw 00174h,base+0000Eh
  dw 00103h,base+00022h
  dw 00A7Ch,base+020CBh
  dw 00F80h,base+00E7Ch
  dw 00F7Fh,base+00E8Bh
  dw 0090Ah,base+023E9h
  dw 00676h,base+02DECh
  dw 0080Bh,base+0277Fh
  dw 00674h,base+02DF2h
  dw 0080Ch,base+02787h
  dw 00674h,base+02DF8h
  dw 0080Ch,base+0278Fh
  dw 00673h,base+02DFEh
  dw 0090Dh,base+023F2h
  dw 00673h,base+02E04h
  dw 0080Dh,base+02797h
  dw 0066Bh,base+02E0Ah
  dw 00307h,base+03649h
  dw 0090Fh,base+023FBh
  dw 00469h,base+00207h
  dw 00408h,base+03424h
  dw 00910h,base+02404h
  dw 00368h,base+0000Eh
  dw 00507h,base+0311Eh
  dw 00B11h,base+01C6Ah
  dw 00368h,base+0007Ch
  dw 00204h,base+03740h
  dw 00203h,base+0088Ah
  dw 00C79h,base+017F0h
  dw 00104h,base+0065Dh
  dw 00F7Ch,base+00E9Ah
  dw 00105h,base+0033Ah
  dw 00F7Bh,base+00EA9h
  dw 00106h,base+00008h
  dw 00E0Fh,base+01130h
  dw 0016Ch,base+00015h
  dw 00104h,base+00272h
  dw 0107Ch,base+00CBDh
  dw 00104h,base+00033h
  dw 0090Ah,base+0240Dh
  dw 00775h,base+02AD0h
  dw 00A0Ch,base+020D5h
  dw 00673h,base+02E10h
  dw 00C0Dh,base+017FCh
  dw 00573h,base+03123h
  dw 0127Fh,base+00887h
  dw 01380h,base+006C8h
  dw 0127Fh,base+00899h
  dw 01380h,base+006DBh
  dw 0127Fh,base+008ABh
  dw 01280h,base+008BDh
  dw 00C0Dh,base+01808h
  dw 00573h,base+03128h
  dw 00C0Dh,base+01814h
  dw 00372h,base+0364Ch
  dw 00D0Fh,base+014F2h
  dw 00171h,base+00009h
  dw 00D80h,base+014FFh
  dw 00607h,base+02E16h
  dw 00679h,base+02E1Ch
  dw 00408h,base+03428h
  dw 00578h,base+02E1Dh
  dw 00408h,base+0342Ch
  dw 00579h,base+02E1Dh
  dw 00307h,base+004A2h
  dw 00479h,base+03430h
  dw 00407h,base+03434h
  dw 00479h,base+01FBDh
  dw 00407h,base+00E9Bh
  dw 0047Ah,base+0194Ch
  dw 00307h,base+013C7h
  dw 00379h,base+005F5h
  dw 00307h,base+013C7h
  dw 00379h,base+0364Fh
  dw 00307h,base+000F0h
  dw 00379h,base+03652h
  dw 00307h,base+0037Eh
  dw 0037Ah,base+03655h
  dw 00306h,base+03658h
  dw 0047Ah,base+03438h
  dw 00307h,base+0365Bh
  dw 00379h,base+000C2h
  dw 00307h,base+000B9h
  dw 00479h,base+0343Ch
  dw 00307h,base+0365Eh
  dw 00479h,base+03440h
  dw 00307h,base+0359Bh
  dw 0047Ah,base+03444h
  dw 00206h,base+00E8Ch
  dw 0047Ah,base+00606h
  dw 00206h,base+00265h
  dw 0047Ah,base+000BCh
  dw 00206h,base+002D2h
  dw 0047Ah,base+004DAh
  dw 00307h,base+016C9h
  dw 0037Ah,base+00144h
  dw 00306h,base+03661h
  dw 0037Ah,base+03646h
  dw 00306h,base+03664h
  dw 0037Ah,base+03667h
  dw 00307h,base+0366Ah
  dw 00279h,base+00BABh
  dw 00307h,base+0366Dh
  dw 00379h,base+03670h
  dw 00307h,base+03673h
  dw 0037Ah,base+03676h
  dw 00206h,base+003AAh
  dw 0037Ah,base+03640h
  dw 00206h,base+007ADh
  dw 0037Ah,base+0365Eh
  dw 00207h,base+005ABh
  dw 00279h,base+00E8Ch
  dw 00207h,base+0075Ch
  dw 0027Ah,base+00265h
  dw 00106h,base+00003h
  dw 0037Ah,base+03679h
  dw 00107h,base+00006h
  dw 00379h,base+0367Ch
  dw 00107h,base+0019Bh
  dw 00380h,base+0367Fh
  dw 00380h,base+03682h
  dw 00380h,base+03685h
  dw 00381h,base+03685h
  dw 00280h,base+00154h
  dw 00280h,base+001C9h
  dw 00280h,base+0024Eh
  dw 00281h,base+0024Eh
  dw 00180h,base+00003h
  dw 00180h,base+0000Ch
  dw 00100h,base+00033h

chunliPage3frame011:
  db 040h,04Bh,05Ch,039h
  db 092h
  db 05Ch,03Dh,020h,06Eh,028h
  db 000h,000h
  db 000h,000h
  dw 0017Fh,base+0000Eh
  dw 00203h,base+01465h
  dw 0017Dh,base+0000Fh
  dw 0057Fh,base+0312Dh
  dw 00680h,base+02E22h
  dw 0057Fh,base+03132h
  dw 00680h,base+02E28h
  dw 0067Fh,base+02E2Eh
  dw 00780h,base+02AD7h
  dw 0077Fh,base+02ADEh
  dw 00874h,base+0279Fh
  dw 0040Ch,base+03448h
  dw 00774h,base+02AE5h
  dw 0050Bh,base+03137h
  dw 00874h,base+027A7h
  dw 0060Ch,base+02E34h
  dw 00774h,base+02AECh
  dw 0060Ch,base+02E3Ah
  dw 00573h,base+0313Ch
  dw 0070Ch,base+02AF3h
  dw 00574h,base+03141h
  dw 0070Ch,base+02AFAh
  dw 0056Dh,base+03146h
  dw 00107h,base+0000Eh
  dw 0070Ch,base+02B01h
  dw 0066Dh,base+02E40h
  dw 00208h,base+0185Fh
  dw 0070Bh,base+02B08h
  dw 0066Ch,base+02E46h
  dw 0030Ah,base+03688h
  dw 00709h,base+02B0Fh
  dw 0086Dh,base+027AFh
  dw 0030Ah,base+03688h
  dw 00709h,base+02B16h
  dw 0086Dh,base+027B7h
  dw 0030Ah,base+03688h
  dw 00809h,base+027BFh
  dw 0086Eh,base+027C7h
  dw 00203h,base+00360h
  dw 00102h,base+00015h
  dw 00304h,base+005C8h
  dw 01177h,base+00A2Ah
  dw 01A7Fh,base+00255h
  dw 01B80h,base+001D0h
  dw 01A80h,base+0026Fh
  dw 01A80h,base+00289h
  dw 01A81h,base+002A3h
  dw 0090Bh,base+02416h
  dw 00E75h,base+0113Eh
  dw 00407h,base+00A03h
  dw 00104h,base+0000Eh
  dw 00E78h,base+0114Ch
  dw 00109h,base+00015h
  dw 00D80h,base+0150Ch
  dw 00E81h,base+0115Ah
  dw 00304h,base+0368Bh
  dw 00A7Dh,base+020DFh
  dw 00102h,base+00033h
  dw 00C80h,base+01820h
  dw 00809h,base+027CFh
  dw 00377h,base+0368Eh
  dw 0080Ah,base+027CFh
  dw 00376h,base+03691h
  dw 0080Bh,base+027D7h
  dw 00275h,base+03742h
  dw 0080Ch,base+027DFh
  dw 00274h,base+0115Ch
  dw 0070Ch,base+02B1Dh
  dw 00274h,base+020E6h
  dw 0070Dh,base+02B24h
  dw 00273h,base+00012h
  dw 0077Fh,base+02B2Bh
  dw 00405h,base+00662h
  dw 0037Bh,base+0020Eh
  dw 00305h,base+014FFh
  dw 0027Bh,base+0010Ch
  dw 00305h,base+02C94h
  dw 0027Bh,base+00149h
  dw 00205h,base+0003Ch
  dw 0027Ah,base+00109h
  dw 00306h,base+0017Eh
  dw 0027Ah,base+00038h
  dw 00306h,base+0017Eh
  dw 0027Ah,base+018CAh
  dw 00306h,base+03694h
  dw 0037Ah,base+03459h
  dw 00305h,base+0093Fh
  dw 0047Bh,base+0344Ch
  dw 00305h,base+002CAh
  dw 0047Ah,base+03450h
  dw 00406h,base+03454h
  dw 0047Ah,base+03458h
  dw 00306h,base+0197Bh
  dw 0047Ah,base+01C54h
  dw 00306h,base+03697h
  dw 0037Ah,base+0369Ah
  dw 00306h,base+0369Dh
  dw 0037Ah,base+036A0h
  dw 00306h,base+00429h
  dw 00379h,base+036A3h
  dw 00407h,base+0345Ch
  dw 00379h,base+036A6h
  dw 00307h,base+018DDh
  dw 00379h,base+00566h
  dw 00207h,base+00689h
  dw 00279h,base+002B5h
  dw 00206h,base+00265h
  dw 0037Ah,base+022B8h
  dw 00106h,base+00002h
  dw 0027Ah,base+00153h
  dw 00106h,base+00003h
  dw 00279h,base+00689h
  dw 00207h,base+00442h
  dw 00279h,base+008A7h
  dw 00207h,base+00442h
  dw 00279h,base+01350h
  dw 00307h,base+01BC8h
  dw 00179h,base+0000Ch
  dw 00307h,base+00552h
  dw 00178h,base+00003h
  dw 00407h,base+03460h
  dw 00279h,base+00B31h
  dw 00407h,base+03464h
  dw 00279h,base+00153h
  dw 00307h,base+01410h
  dw 00278h,base+0018Bh
  dw 00308h,base+036A9h
  dw 00278h,base+0040Ah
  dw 00308h,base+033D9h
  dw 00277h,base+000DCh
  dw 00309h,base+00333h
  dw 00277h,base+00002h
  dw 00308h,base+036ACh
  dw 00379h,base+03604h
  dw 00107h,base+0000Eh
  dw 00380h,base+03595h
  dw 00381h,base+036AFh
  dw 00180h,base+0001Ch
  dw 00100h,base+0000Eh

chunliPage3frame012:
  db 024h,018h,054h,046h
  db 05Ch
  db 000h,000h,0BAh,000h,000h
  db 063h,052h
  db 000h,000h
  dw 0067Fh,base+01832h
  dw 00A7Fh,base+020E9h
  dw 00980h,base+0241Fh
  dw 0077Fh,base+02B32h
  dw 00780h,base+02B39h
  dw 00708h,base+02B40h
  dw 00178h,base+0000Eh
  dw 00708h,base+02B47h
  dw 00178h,base+00009h
  dw 0070Ch,base+02B4Eh
  dw 00173h,base+00015h
  dw 00880h,base+027E7h
  dw 00780h,base+027EFh
  dw 0070Bh,base+027EFh
  dw 00175h,base+00009h
  dw 00711h,base+027EFh
  dw 0016Fh,base+00022h
  dw 0070Ah,base+027EFh
  dw 00207h,base+000B1h
  dw 0016Fh,base+00022h
  dw 00809h,base+027EFh
  dw 00406h,base+00F0Ch
  dw 00371h,base+01207h
  dw 01180h,base+00A3Bh
  dw 01181h,base+00A4Ch
  dw 01080h,base+00CCDh
  dw 01080h,base+00CDDh
  dw 00F81h,base+00EB8h
  dw 00E80h,base+01168h
  dw 00D81h,base+01519h
  dw 00C81h,base+0182Ch
  dw 00A81h,base+020F3h
  dw 00800h,base+02551h

chunliPage3frame013:
  db 026h,017h,054h,046h
  db 05Eh
  db 000h,000h,0BAh,000h,000h
  db 063h,051h
  db 000h,000h
  dw 0077Fh,base+02B55h
  dw 0097Fh,base+02428h
  dw 00B7Fh,base+01C75h
  dw 00E80h,base+01176h
  dw 00F7Fh,base+00EC7h
  dw 01080h,base+00CEDh
  dw 01180h,base+00A5Dh
  dw 01180h,base+00A6Eh
  dw 0117Fh,base+00A7Fh
  dw 01380h,base+006EEh
  dw 00E12h,base+01184h
  dw 0016Eh,base+0004Ch
  dw 00E12h,base+01192h
  dw 0016Eh,base+00022h
  dw 00E12h,base+011A0h
  dw 0016Eh,base+00022h
  dw 00E12h,base+011AEh
  dw 0016Eh,base+00022h
  dw 00E81h,base+011BCh
  dw 00E80h,base+011CAh
  dw 00607h,base+02E4Ch
  dw 00779h,base+02B5Ch
  dw 00608h,base+02E52h
  dw 00778h,base+02B63h
  dw 00709h,base+02B6Ah
  dw 00578h,base+0314Bh
  dw 00709h,base+02B71h
  dw 00477h,base+03468h
  dw 00B81h,base+01C80h
  dw 00981h,base+02431h
  dw 00600h,base+01C84h

chunliPage3frame014:
  db 016h,01Ch,05Eh,044h
  db 064h
  db 000h,000h,0BCh,000h,000h
  db 000h,000h
  db 000h,000h
  dw 00102h,base+00030h
  dw 00102h,base+00030h
  dw 00179h,base+00022h
  dw 00105h,base+00022h
  dw 0017Bh,base+0001Ch
  dw 00102h,base+00030h
  dw 00105h,base+0001Ch
  dw 00179h,base+0006Fh
  dw 00106h,base+0004Ch
  dw 0017Ah,base+00022h
  dw 00108h,base+00022h
  dw 0017Ch,base+0001Ch
  dw 0017Fh,base+00022h
  dw 00180h,base+00030h
  dw 00102h,base+0001Ch
  dw 00104h,base+0001Ch
  dw 00178h,base+0001Ch
  dw 00107h,base+00022h
  dw 00178h,base+0004Ch
  dw 0010Ah,base+0004Ch
  dw 00176h,base+00022h
  dw 00206h,base+00485h
  dw 0017Ah,base+0001Ch
  dw 00203h,base+00158h
  dw 00102h,base+00030h
  dw 0017Bh,base+0004Ch
  dw 00207h,base+00974h
  dw 0017Ah,base+00022h
  dw 00180h,base+0003Bh
  dw 0017Fh,base+0003Bh
  dw 00207h,base+00974h
  dw 00179h,base+00022h
  dw 00203h,base+00158h
  dw 00102h,base+00030h
  dw 0017Bh,base+0004Ch
  dw 00206h,base+00485h
  dw 0017Ah,base+0001Ch
  dw 0010Ah,base+0004Ch
  dw 00177h,base+00022h
  dw 00107h,base+00022h
  dw 0017Bh,base+0004Ch
  dw 00102h,base+0001Ch
  dw 00104h,base+0001Ch
  dw 0017Ah,base+0001Ch
  dw 00181h,base+00030h
  dw 0017Ch,base+00022h
  dw 00108h,base+00022h
  dw 00178h,base+0001Ch
  dw 00106h,base+0004Ch
  dw 0017Ah,base+00022h
  dw 00102h,base+00030h
  dw 00105h,base+0001Ch
  dw 00179h,base+0006Fh
  dw 00105h,base+00022h
  dw 0017Eh,base+0001Ch
  dw 00102h,base+00030h
  dw 00102h,base+00030h
  dw 00100h,base+00022h

chunliPage3frame015:
  db 054h,03Dh,054h,02Bh
  db 05Ah
  db 053h,054h,015h,071h,023h
  db 051h,03Fh
  db 06Fh,042h
  dw 00180h,base+000B7h
  dw 00226h,base+00157h
  dw 00159h,base+00022h
  dw 00326h,base+029F4h
  dw 0025Ah,base+00A4Ch
  dw 00426h,base+0346Ch
  dw 0025Ah,base+02A16h
  dw 00625h,base+02E58h
  dw 0035Bh,base+036B2h
  dw 00924h,base+0243Ah
  dw 0035Bh,base+00563h
  dw 00B24h,base+01C8Bh
  dw 0045Ch,base+03470h
  dw 00C1Bh,base+01838h
  dw 00D64h,base+01526h
  dw 00405h,base+03474h
  dw 0090Ah,base+02443h
  dw 01A71h,base+002BDh
  dw 00206h,base+007C3h
  dw 0227Ah,base+0006Eh
  dw 00107h,base+00022h
  dw 02181h,base+000F4h
  dw 02081h,base+00136h
  dw 01B1Dh,base+001EBh
  dw 00264h,base+013FFh
  dw 01A1Ch,base+002D7h
  dw 00165h,base+00022h
  dw 01315h,base+00701h
  dw 0026Dh,base+00044h
  dw 01181h,base+00A90h
  dw 00F81h,base+00ED6h
  dw 00D81h,base+01533h
  dw 00D81h,base+01540h
  dw 00C7Fh,base+01844h
  dw 00E7Fh,base+011D8h
  dw 00F80h,base+00EE5h
  dw 00F80h,base+00EF4h
  dw 00F80h,base+00F03h
  dw 00F80h,base+00F12h
  dw 00F81h,base+00F21h
  dw 00E80h,base+011E6h
  dw 00103h,base+0008Bh
  dw 00B7Dh,base+01C96h
  dw 00102h,base+0004Ch
  dw 00C7Eh,base+01850h
  dw 00102h,base+0004Ch
  dw 00607h,base+02E5Eh
  dw 00304h,base+036B5h
  dw 00174h,base+00007h
  dw 00709h,base+02B78h
  dw 00203h,base+0114Eh
  dw 00174h,base+00007h
  dw 00809h,base+027F7h
  dw 00203h,base+03744h
  dw 00174h,base+000ADh
  dw 0080Ah,base+027FFh
  dw 00102h,base+0008Fh
  dw 00174h,base+000ADh
  dw 0090Ch,base+0244Ch
  dw 00175h,base+000ADh
  dw 00880h,base+02807h
  dw 00880h,base+0280Fh
  dw 00980h,base+02455h
  dw 00980h,base+0245Eh
  dw 00980h,base+02467h
  dw 00A7Fh,base+020FDh
  dw 00B80h,base+01CA1h
  dw 00B80h,base+01CACh
  dw 00B7Fh,base+01CB7h
  dw 00B7Fh,base+01CC2h
  dw 00C81h,base+0185Ch
  dw 00A80h,base+02107h
  dw 00A80h,base+02111h
  dw 00980h,base+02470h
  dw 00980h,base+02479h
  dw 00980h,base+02482h
  dw 00982h,base+0248Bh
  dw 00881h,base+02817h
  dw 00780h,base+02B7Fh
  dw 00780h,base+02B86h
  dw 00780h,base+029D4h
  dw 00781h,base+0286Fh
  dw 00680h,base+02C04h
  dw 00681h,base+029CEh
  dw 00580h,base+02FEDh
  dw 00583h,base+02FE8h
  dw 00100h,base+00022h

chunliPage3frame016:
  db 01Ch,03Ch,072h,02Ah
  db 088h
  db 075h,022h,01Fh,072h,022h
  db 000h,000h
  db 000h,000h
  dw 0017Fh,base+00015h
  dw 00280h,base+0003Ch
  dw 00280h,base+00461h
  dw 00279h,base+0005Fh
  dw 00107h,base+00022h
  dw 00279h,base+006D9h
  dw 00107h,base+00004h
  dw 00279h,base+006D9h
  dw 00207h,base+00236h
  dw 00279h,base+015C0h
  dw 00206h,base+00250h
  dw 0047Ah,base+03183h
  dw 00206h,base+00777h
  dw 0047Ah,base+03478h
  dw 00206h,base+00480h
  dw 0047Ah,base+0347Ch
  dw 00205h,base+00349h
  dw 0057Bh,base+03150h
  dw 00305h,base+008B7h
  dw 0057Bh,base+03155h
  dw 00304h,base+00044h
  dw 0067Ch,base+02E64h
  dw 00A80h,base+0211Bh
  dw 00A80h,base+02125h
  dw 0097Fh,base+02494h
  dw 00A80h,base+0212Fh
  dw 00A80h,base+02139h
  dw 00980h,base+0249Dh
  dw 00980h,base+024A6h
  dw 00980h,base+024AFh
  dw 00980h,base+024B8h
  dw 00981h,base+024C1h
  dw 00880h,base+0281Fh
  dw 00780h,base+02B8Dh
  dw 00780h,base+02B94h
  dw 00780h,base+02B9Bh
  dw 00781h,base+02BA2h
  dw 00580h,base+0315Ah
  dw 00581h,base+0315Fh
  dw 00480h,base+03480h
  dw 0047Eh,base+03484h
  dw 00980h,base+024CAh
  dw 00A80h,base+02143h
  dw 00B80h,base+01CCDh
  dw 00B80h,base+01CD8h
  dw 00B81h,base+01CE3h
  dw 00A80h,base+0214Dh
  dw 00980h,base+024D3h
  dw 00980h,base+024DCh
  dw 0097Dh,base+024E5h
  dw 00C7Fh,base+01868h
  dw 00D80h,base+0154Dh
  dw 00D80h,base+0155Ah
  dw 00D81h,base+01567h
  dw 00C80h,base+01874h
  dw 00809h,base+02827h
  dw 00278h,base+00F80h
  dw 00609h,base+02E6Ah
  dw 00178h,base+00022h
  dw 00681h,base+02E70h
  dw 00580h,base+03164h
  dw 00580h,base+03169h
  dw 00681h,base+02E76h
  dw 00580h,base+0316Eh
  dw 0057Fh,base+03173h
  dw 00680h,base+02E7Ch
  dw 00780h,base+02BA9h
  dw 00780h,base+02BB0h
  dw 00780h,base+02BB7h
  dw 00780h,base+02BBEh
  dw 00102h,base+00022h
  dw 00103h,base+00015h
  dw 00100h,base+00022h

chunliPage3frame017:
  db 054h,03Dh,058h,02Dh
  db 0A4h
  db 058h,055h,00Fh,06Eh,026h
  db 056h,03Bh
  db 06Ch,041h
  dw 0015Ah,base+00033h
  dw 00125h,base+00022h
  dw 0025Bh,base+00153h
  dw 00225h,base+035C9h
  dw 0035Bh,base+033D9h
  dw 00224h,base+0084Dh
  dw 0045Ch,base+03488h
  dw 00322h,base+035A1h
  dw 0065Fh,base+02E82h
  dw 0031Eh,base+00484h
  dw 00962h,base+024EEh
  dw 0041Dh,base+0348Ch
  dw 00B63h,base+01CEEh
  dw 00D1Ch,base+01574h
  dw 00C64h,base+01880h
  dw 01A1Bh,base+002F1h
  dw 0090Ah,base+024F7h
  dw 0045Ch,base+03490h
  dw 02226h,base+00090h
  dw 0025Ah,base+001C7h
  dw 02127h,base+00115h
  dw 00159h,base+00022h
  dw 02080h,base+00156h
  dw 00204h,base+004F8h
  dw 01B7Dh,base+00206h
  dw 00103h,base+00022h
  dw 01A82h,base+0030Bh
  dw 00204h,base+00044h
  dw 01380h,base+00714h
  dw 01181h,base+00AA1h
  dw 00F81h,base+00F30h
  dw 00D7Fh,base+01581h
  dw 00D80h,base+0158Eh
  dw 00C7Fh,base+0188Ch
  dw 00E80h,base+011F4h
  dw 00F80h,base+00F3Fh
  dw 00F80h,base+00F4Eh
  dw 00F80h,base+00F5Dh
  dw 00F80h,base+00F6Ch
  dw 00F80h,base+00F7Bh
  dw 00E80h,base+01202h
  dw 00B0Dh,base+01CF9h
  dw 00173h,base+00006h
  dw 00C0Dh,base+01898h
  dw 00173h,base+0001Ch
  dw 00102h,base+00003h
  dw 00304h,base+036B8h
  dw 00607h,base+02E88h
  dw 00173h,base+0001Ch
  dw 00102h,base+00003h
  dw 00204h,base+01217h
  dw 0077Ah,base+02BC5h
  dw 00102h,base+00029h
  dw 00203h,base+03746h
  dw 0087Bh,base+0282Fh
  dw 00102h,base+00029h
  dw 00103h,base+00090h
  dw 0087Bh,base+02837h
  dw 00104h,base+00029h
  dw 00980h,base+02500h
  dw 00880h,base+0283Fh
  dw 0087Fh,base+02847h
  dw 00980h,base+02509h
  dw 00980h,base+02512h
  dw 0097Fh,base+0251Bh
  dw 00A80h,base+02157h
  dw 00B80h,base+01D04h
  dw 00B80h,base+01D0Fh
  dw 00B81h,base+01D1Ah
  dw 00B80h,base+01D25h
  dw 00C81h,base+018A4h
  dw 00A80h,base+02161h
  dw 00A81h,base+0216Bh
  dw 00980h,base+02524h
  dw 00980h,base+0252Dh
  dw 00980h,base+02536h
  dw 0097Fh,base+0253Fh
  dw 00880h,base+0284Fh
  dw 00780h,base+02BCCh
  dw 00780h,base+02BD3h
  dw 00780h,base+02BDAh
  dw 00780h,base+02BE1h
  dw 00680h,base+02E8Eh
  dw 00680h,base+02E94h
  dw 00580h,base+03178h
  dw 00581h,base+0317Dh
  dw 00100h,base+00022h

chunliPage3frame018:
  db 01Eh,03Eh,070h,02Dh
  db 088h
  db 070h,022h,01Eh,06Fh,022h
  db 000h,000h
  db 000h,000h
  dw 0017Fh,base+0000Eh
  dw 00280h,base+00E39h
  dw 00380h,base+036BBh
  dw 00380h,base+036BEh
  dw 00380h,base+0347Dh
  dw 00380h,base+0347Dh
  dw 00377h,base+0179Eh
  dw 00209h,base+000B1h
  dw 00377h,base+036C1h
  dw 00207h,base+0008Ch
  dw 00579h,base+03182h
  dw 00306h,base+00F25h
  dw 0057Ah,base+03187h
  dw 00304h,base+036C4h
  dw 0077Ch,base+02BE8h
  dw 00B80h,base+01D30h
  dw 00C80h,base+018B0h
  dw 00C7Fh,base+018BCh
  dw 00D80h,base+0159Bh
  dw 00D80h,base+015A8h
  dw 00C80h,base+018C8h
  dw 00C80h,base+018D4h
  dw 00C80h,base+018E0h
  dw 00C80h,base+018ECh
  dw 00C80h,base+018F8h
  dw 00C80h,base+01904h
  dw 00C81h,base+01910h
  dw 00B80h,base+01D3Bh
  dw 00A80h,base+02175h
  dw 00A80h,base+0217Fh
  dw 00A81h,base+02189h
  dw 00880h,base+02857h
  dw 00880h,base+0285Fh
  dw 00880h,base+02867h
  dw 00980h,base+02548h
  dw 00980h,base+02551h
  dw 00980h,base+0255Ah
  dw 00980h,base+02563h
  dw 0097Eh,base+0256Ch
  dw 00A7Fh,base+02193h
  dw 00B80h,base+01D46h
  dw 00A80h,base+0219Dh
  dw 00A80h,base+021A7h
  dw 00B81h,base+01D51h
  dw 00203h,base+00D4Ah
  dw 0077Dh,base+02BEFh
  dw 00A80h,base+021B1h
  dw 00B80h,base+01D5Ch
  dw 00D80h,base+015B5h
  dw 00E80h,base+01210h
  dw 00E81h,base+0121Eh
  dw 00D80h,base+015C2h
  dw 00D80h,base+015CFh
  dw 00D81h,base+015DCh
  dw 00B83h,base+01D67h
  dw 00680h,base+02E9Ah
  dw 0067Fh,base+02EA0h
  dw 00780h,base+02BF6h
  dw 00780h,base+02BFDh
  dw 00506h,base+0318Ch
  dw 0017Ah,base+00015h
  dw 0047Fh,base+03494h
  dw 00680h,base+02EA6h
  dw 00680h,base+02EACh
  dw 00680h,base+02EB2h
  dw 00680h,base+02EB8h
  dw 00681h,base+02EBEh
  dw 00100h,base+00022h

chunliPage3frame019:
  db 03Ch,051h,050h,033h
  db 07Eh
  db 068h,024h,01Fh,050h,035h
  db 04Fh,067h
  db 05Fh,053h
  dw 0017Dh,base+00022h
  dw 00580h,base+02FE8h
  dw 0057Fh,base+02FEDh
  dw 00680h,base+029CEh
  dw 0077Fh,base+02C04h
  dw 00880h,base+0286Fh
  dw 00780h,base+029D4h
  dw 00780h,base+02C0Bh
  dw 00781h,base+02B7Fh
  dw 00506h,base+02819h
  dw 0037Ah,base+0360Dh
  dw 00507h,base+0248Fh
  dw 0027Ah,base+0005Fh
  dw 00406h,base+02487h
  dw 00278h,base+003DBh
  dw 00102h,base+00022h
  dw 00405h,base+0338Ch
  dw 00379h,base+03610h
  dw 00203h,base+000D1h
  dw 00304h,base+02CA5h
  dw 00304h,base+03613h
  dw 00175h,base+00015h
  dw 00608h,base+02EC4h
  dw 00477h,base+03390h
  dw 00709h,base+02C12h
  dw 00477h,base+03394h
  dw 00C80h,base+0191Ch
  dw 00C80h,base+017C0h
  dw 00B7Fh,base+01B78h
  dw 00A0Bh,base+021BBh
  dw 00175h,base+00029h
  dw 00C7Fh,base+01928h
  dw 00E7Dh,base+0122Ch
  dw 00103h,base+0001Dh
  dw 00E7Dh,base+0123Ah
  dw 00102h,base+00065h
  dw 00304h,base+004A8h
  dw 00B79h,base+01B83h
  dw 00203h,base+00044h
  dw 00F7Dh,base+00F8Ah
  dw 00D0Eh,base+015E9h
  dw 00472h,base+01B95h
  dw 00D0Fh,base+015F6h
  dw 00371h,base+018E7h
  dw 00C10h,base+01934h
  dw 0016Fh,base+0000Eh
  dw 00C7Fh,base+01940h
  dw 00D80h,base+01603h
  dw 00D80h,base+01610h
  dw 00D80h,base+0161Dh
  dw 00D82h,base+0162Ah
  dw 00C80h,base+0194Ch
  dw 00C7Fh,base+01958h
  dw 00E7Fh,base+01248h
  dw 00F7Eh,base+00F99h
  dw 0117Ch,base+00AB2h
  dw 00103h,base+0000Ch
  dw 0137Ch,base+00727h
  dw 00103h,base+0000Ch
  dw 0147Dh,base+00577h
  dw 00102h,base+0000Ch
  dw 0157Eh,base+00409h
  dw 0187Fh,base+00357h
  dw 01880h,base+0036Fh
  dw 00B0Ch,base+01D72h
  dw 00C74h,base+01964h
  dw 00B0Ch,base+01D7Dh
  dw 00C74h,base+01970h
  dw 00A0Ch,base+021C5h
  dw 00B74h,base+01D88h
  dw 00A0Ch,base+021CFh
  dw 00B74h,base+01D93h
  dw 00304h,base+036C7h
  dw 00608h,base+02ECAh
  dw 00B74h,base+01D9Eh
  dw 0090Ch,base+02575h
  dw 00B75h,base+01DA9h
  dw 0080Ch,base+02877h
  dw 00975h,base+0257Eh
  dw 0060Bh,base+02ED0h
  dw 00973h,base+02587h
  dw 00102h,base+0000Ch
  dw 0050Ch,base+03191h
  dw 00772h,base+02C19h
  dw 00607h,base+02ED6h
  dw 00107h,base+0000Ch
  dw 00672h,base+02EDCh
  dw 00711h,base+02C20h
  dw 0036Fh,base+036CAh
  dw 00611h,base+02EE2h
  dw 0036Eh,base+036CDh
  dw 00612h,base+02EE8h
  dw 0036Eh,base+00270h
  dw 00612h,base+02EEEh
  dw 0036Eh,base+00F44h
  dw 00612h,base+02EF4h
  dw 0036Eh,base+036D0h
  dw 00712h,base+02C27h
  dw 0036Eh,base+003D8h
  dw 00612h,base+02EFAh
  dw 0036Eh,base+03498h
  dw 00612h,base+02F00h
  dw 0046Eh,base+03498h
  dw 00512h,base+03196h
  dw 0046Eh,base+0349Ch
  dw 00512h,base+0319Bh
  dw 0046Fh,base+0095Eh
  dw 00311h,base+036D3h
  dw 0046Fh,base+0095Eh
  dw 00211h,base+00429h
  dw 00480h,base+034A0h
  dw 00480h,base+034A4h
  dw 00481h,base+034A8h
  dw 00380h,base+01D01h
  dw 00380h,base+00566h
  dw 00380h,base+022A2h
  dw 00380h,base+022A2h
  dw 00280h,base+0040Ah
  dw 00280h,base+007ADh
  dw 00280h,base+0022Fh
  dw 00280h,base+00030h
  dw 00380h,base+029E9h
  dw 00380h,base+022A2h
  dw 00380h,base+035A7h
  dw 00380h,base+036D6h
  dw 00380h,base+01C6Bh
  dw 00300h,base+013C7h

chunliPage3frame020:
  db 04Eh,053h,03Eh,031h
  db 07Ah
  db 05Bh,030h,02Ch,03Eh,047h
  db 03Eh,05Ch
  db 05Eh,058h
  dw 00102h,base+00022h
  dw 0027Eh,base+000B1h
  dw 0047Fh,base+03089h
  dw 00680h,base+02D74h
  dw 0067Fh,base+02D7Ah
  dw 00780h,base+02A28h
  dw 00780h,base+02C2Eh
  dw 00780h,base+02C35h
  dw 00780h,base+02C3Ch
  dw 00780h,base+02C43h
  dw 00809h,base+0287Fh
  dw 00178h,base+00015h
  dw 00981h,base+02590h
  dw 0087Dh,base+02887h
  dw 00203h,base+000B1h
  dw 0077Dh,base+02C4Ah
  dw 00203h,base+0004Ch
  dw 0077Dh,base+02C51h
  dw 00A7Fh,base+021D9h
  dw 00B80h,base+01DB4h
  dw 00708h,base+02C58h
  dw 00478h,base+034ACh
  dw 00809h,base+0288Fh
  dw 00377h,base+036D9h
  dw 00C7Ah,base+0197Ch
  dw 00206h,base+00026h
  dw 00C79h,base+01988h
  dw 00406h,base+002FBh
  dw 00E7Ah,base+01256h
  dw 00506h,base+031A0h
  dw 00E7Ah,base+005B9h
  dw 0147Fh,base+0058Bh
  dw 01580h,base+0041Eh
  dw 0090Ah,base+02599h
  dw 00B76h,base+01DBFh
  dw 01480h,base+0059Fh
  dw 0117Eh,base+00AC3h
  dw 00102h,base+00009h
  dw 0107Fh,base+00CFDh
  dw 01081h,base+00D0Dh
  dw 00F7Eh,base+00FA8h
  dw 00102h,base+00009h
  dw 00F80h,base+00FB7h
  dw 00F7Fh,base+00FC6h
  dw 00506h,base+031A5h
  dw 0097Bh,base+025A2h
  dw 00405h,base+034B0h
  dw 0087Bh,base+02897h
  dw 00406h,base+034B4h
  dw 0087Ah,base+0289Fh
  dw 00406h,base+034B8h
  dw 0087Ah,base+028A7h
  dw 00406h,base+034BCh
  dw 0097Ah,base+025ABh
  dw 00405h,base+034C0h
  dw 00A7Bh,base+021E3h
  dw 00304h,base+036DCh
  dw 00B7Dh,base+01DCAh
  dw 00304h,base+036DFh
  dw 00B7Dh,base+01DD5h
  dw 00E82h,base+01264h
  dw 00D80h,base+01637h
  dw 00D81h,base+01644h
  dw 00C80h,base+01994h
  dw 00C80h,base+019A0h
  dw 00B71h,base+01DE0h
  dw 0010Fh,base+00004h
  dw 00B70h,base+01DEBh
  dw 00110h,base+00004h
  dw 00B6Fh,base+01DF6h
  dw 00103h,base+00004h
  dw 0010Eh,base+00004h
  dw 00B6Ch,base+01E01h
  dw 00305h,base+01C70h
  dw 0010Fh,base+00004h
  dw 00A6Bh,base+021EDh
  dw 00615h,base+02F06h
  dw 00A6Ah,base+021F7h
  dw 00507h,base+031AAh
  dw 0010Fh,base+00118h
  dw 00A6Ah,base+02201h
  dw 00506h,base+031AFh
  dw 00111h,base+0000Ch
  dw 00868h,base+025E2h
  dw 00718h,base+02C5Fh
  dw 00868h,base+028AFh
  dw 00619h,base+02F0Ch
  dw 00667h,base+02F12h
  dw 0061Bh,base+02F18h
  dw 00365h,base+0356Eh
  dw 0051Bh,base+031B4h
  dw 00366h,base+036E2h
  dw 0031Ah,base+00002h
  dw 00366h,base+01C1Dh
  dw 0011Ah,base+00004h
  dw 00380h,base+003B8h
  dw 00480h,base+034C4h
  dw 0046Dh,base+034C8h
  dw 00113h,base+00004h
  dw 0046Ch,base+034CCh
  dw 00103h,base+00004h
  dw 00111h,base+00004h
  dw 0046Ah,base+034CCh
  dw 00304h,base+00262h
  dw 00112h,base+00004h
  dw 00469h,base+0265Fh
  dw 00304h,base+017EAh
  dw 00113h,base+00004h
  dw 00468h,base+0095Eh
  dw 00506h,base+031B9h
  dw 00212h,base+001DFh
  dw 00467h,base+034D0h
  dw 00506h,base+031BEh
  dw 00213h,base+001DFh
  dw 00467h,base+034A0h
  dw 00719h,base+02C66h
  dw 00467h,base+034A4h
  dw 00619h,base+01186h
  dw 00467h,base+034A8h
  dw 0051Ah,base+01187h
  dw 00366h,base+01D01h
  dw 0061Ah,base+02F1Eh
  dw 00366h,base+00566h
  dw 0051Ah,base+02F18h
  dw 00366h,base+022A2h
  dw 0041Ah,base+00371h
  dw 00367h,base+022A2h
  dw 00219h,base+001DFh
  dw 00280h,base+0040Ah
  dw 00280h,base+007ADh
  dw 00280h,base+0022Fh
  dw 00280h,base+00030h
  dw 00380h,base+029E9h
  dw 00380h,base+022A2h
  dw 00380h,base+035A7h
  dw 00380h,base+036D6h
  dw 00380h,base+01C6Bh
  dw 00300h,base+013C7h

chunliPage3frame021:
  db 03Eh,057h,04Eh,02Dh
  db 056h
  db 04Dh,03Eh,024h,06Ah,023h
  db 04Ch,035h
  db 060h,045h
  dw 0037Eh,base+007D3h
  dw 00306h,base+007D3h
  dw 00179h,base+0000Ch
  dw 00406h,base+031B0h
  dw 0037Ah,base+007D3h
  dw 00809h,base+028B7h
  dw 00176h,base+0000Ch
  dw 00816h,base+028BFh
  dw 00102h,base+00022h
  dw 00268h,base+000B1h
  dw 00506h,base+031C3h
  dw 00310h,base+002F4h
  dw 0046Ah,base+03089h
  dw 00A15h,base+0220Bh
  dw 0066Bh,base+02D74h
  dw 00B15h,base+01E0Ch
  dw 0066Bh,base+02D7Ah
  dw 00B14h,base+01E17h
  dw 0076Ch,base+02A28h
  dw 00C14h,base+019ACh
  dw 0076Ch,base+02C2Eh
  dw 00C14h,base+019B8h
  dw 0076Ch,base+02C35h
  dw 00C14h,base+019C4h
  dw 0076Ch,base+02C3Ch
  dw 00C14h,base+019D0h
  dw 0076Dh,base+02C43h
  dw 00C13h,base+019DCh
  dw 00809h,base+0287Fh
  dw 00164h,base+00015h
  dw 00203h,base+000DCh
  dw 00911h,base+025B4h
  dw 0096Dh,base+02590h
  dw 00103h,base+00003h
  dw 00811h,base+028C7h
  dw 0086Ch,base+02887h
  dw 00104h,base+00007h
  dw 0080Dh,base+028CFh
  dw 00203h,base+000B1h
  dw 00770h,base+02C4Ah
  dw 0080Dh,base+028D7h
  dw 00203h,base+0004Ch
  dw 00771h,base+02C51h
  dw 0080Ch,base+028DFh
  dw 00A74h,base+021D9h
  dw 0080Bh,base+028E7h
  dw 00B76h,base+01DB4h
  dw 00607h,base+02F24h
  dw 00103h,base+00009h
  dw 00708h,base+02C58h
  dw 0046Eh,base+034ACh
  dw 0050Ah,base+031C8h
  dw 00809h,base+0288Fh
  dw 0036Ch,base+036D9h
  dw 00102h,base+0000Ch
  dw 00509h,base+031CDh
  dw 00C77h,base+0197Ch
  dw 00609h,base+02F2Ah
  dw 00C78h,base+01988h
  dw 00607h,base+02F30h
  dw 00E7Ah,base+01256h
  dw 01480h,base+005B3h
  dw 01481h,base+005C7h
  dw 01380h,base+0073Ah
  dw 00708h,base+02C6Dh
  dw 00B79h,base+01DBFh
  dw 01180h,base+00AD4h
  dw 00E7Fh,base+01272h
  dw 00E81h,base+01280h
  dw 00C81h,base+019E8h
  dw 00B80h,base+01E22h
  dw 00B81h,base+01E2Dh
  dw 00A80h,base+02215h
  dw 0097Fh,base+025BDh
  dw 00102h,base+0001Dh
  dw 0077Fh,base+02C74h
  dw 00981h,base+025C6h
  dw 00880h,base+028EFh
  dw 00980h,base+025CFh
  dw 0097Fh,base+025D8h
  dw 00A80h,base+0221Fh
  dw 00B80h,base+01E38h
  dw 00B80h,base+01E43h
  dw 00C80h,base+019F4h
  dw 00C80h,base+01A00h
  dw 00C80h,base+01994h
  dw 00C80h,base+019A0h
  dw 00B80h,base+01DE0h
  dw 00B80h,base+01DEBh
  dw 00B80h,base+01DF6h
  dw 00B80h,base+01E01h
  dw 00A80h,base+021EDh
  dw 00A80h,base+021F7h
  dw 00A81h,base+02201h
  dw 00880h,base+025E2h
  dw 00881h,base+028AFh
  dw 00682h,base+02F12h
  dw 00380h,base+0356Eh
  dw 00380h,base+036E2h
  dw 00380h,base+01C1Dh
  dw 00380h,base+003B8h
  dw 00480h,base+034C4h
  dw 00480h,base+034C8h
  dw 00480h,base+034CCh
  dw 00480h,base+034CCh
  dw 00480h,base+0265Fh
  dw 00480h,base+0095Eh
  dw 00480h,base+034D0h
  dw 00480h,base+034A0h
  dw 00480h,base+034A4h
  dw 00481h,base+034A8h
  dw 00380h,base+01D01h
  dw 00380h,base+00566h
  dw 00380h,base+022A2h
  dw 00380h,base+022A2h
  dw 00280h,base+0040Ah
  dw 00280h,base+007ADh
  dw 00280h,base+0022Fh
  dw 00280h,base+00030h
  dw 00380h,base+029E9h
  dw 00380h,base+022A2h
  dw 00380h,base+035A7h
  dw 00380h,base+036D6h
  dw 00380h,base+01C6Bh
  dw 00300h,base+013C7h

chunliPage3frame022:
  db 046h,059h,046h,02Bh
  db 04Ch
  db 045h,047h,021h,062h,022h
  db 044h,047h
  db 062h,041h
  dw 0027Fh,base+001DFh
  dw 00480h,base+034D4h
  dw 00304h,base+0177Ch
  dw 0017Ch,base+00004h
  dw 00405h,base+034D8h
  dw 0017Ah,base+00004h
  dw 00680h,base+02F36h
  dw 00680h,base+02F3Ch
  dw 00719h,base+02C7Bh
  dw 00102h,base+00022h
  dw 00266h,base+000B1h
  dw 00618h,base+02F42h
  dw 00468h,base+03089h
  dw 00617h,base+02F48h
  dw 00669h,base+02D74h
  dw 00617h,base+02F4Eh
  dw 0066Ah,base+02D7Ah
  dw 00515h,base+031D2h
  dw 0076Ch,base+02A28h
  dw 00102h,base+00004h
  dw 00102h,base+00019h
  dw 00110h,base+00060h
  dw 0076Eh,base+02C2Eh
  dw 00112h,base+00009h
  dw 00780h,base+02C35h
  dw 00780h,base+02C3Ch
  dw 00780h,base+02C43h
  dw 00809h,base+0287Fh
  dw 00178h,base+00015h
  dw 00981h,base+02590h
  dw 00867h,base+02887h
  dw 00216h,base+001DFh
  dw 00203h,base+000B1h
  dw 00767h,base+02C4Ah
  dw 00216h,base+00002h
  dw 00203h,base+0004Ch
  dw 00766h,base+02C51h
  dw 00417h,base+031B4h
  dw 00A69h,base+021D9h
  dw 00516h,base+02F18h
  dw 00B6Ah,base+01DB4h
  dw 00616h,base+02F54h
  dw 00708h,base+02C58h
  dw 00462h,base+034ACh
  dw 00616h,base+02F5Ah
  dw 00809h,base+0288Fh
  dw 00361h,base+036D9h
  dw 00716h,base+02C82h
  dw 00C6Bh,base+0197Ch
  dw 00506h,base+031D7h
  dw 0010Fh,base+00004h
  dw 00C6Bh,base+01988h
  dw 00304h,base+010DEh
  dw 00111h,base+00004h
  dw 00D6Dh,base+01257h
  dw 00103h,base+0000Ch
  dw 0010Fh,base+00004h
  dw 00E72h,base+0128Eh
  dw 0010Eh,base+00004h
  dw 00E7Fh,base+0129Ch
  dw 00F72h,base+00FD5h
  dw 0010Eh,base+00004h
  dw 00304h,base+036E5h
  dw 00B6Fh,base+01DBFh
  dw 0010Dh,base+00004h
  dw 00E74h,base+012AAh
  dw 0010Bh,base+00004h
  dw 00C80h,base+01A0Ch
  dw 00B7Fh,base+01E4Eh
  dw 00B80h,base+01E59h
  dw 00B7Fh,base+01E64h
  dw 00C80h,base+01A18h
  dw 00C7Fh,base+01A24h
  dw 00C80h,base+01A30h
  dw 00B80h,base+01E6Fh
  dw 00C7Fh,base+01A3Ch
  dw 00D80h,base+01651h
  dw 00E80h,base+012B8h
  dw 00E80h,base+012C6h
  dw 00E80h,base+012D4h
  dw 00F7Fh,base+00FE4h
  dw 01080h,base+00D1Dh
  dw 01180h,base+00AE5h
  dw 01180h,base+00AF6h
  dw 01180h,base+00B07h
  dw 01180h,base+00B18h
  dw 01081h,base+00D2Dh
  dw 00F80h,base+00FF3h
  dw 00F80h,base+01002h
  dw 00203h,base+00276h
  dw 00C7Ch,base+01A48h
  dw 00405h,base+002DCh
  dw 00A7Dh,base+02229h
  dw 00D82h,base+0165Eh
  dw 00B81h,base+01E7Ah
  dw 00981h,base+025E1h
  dw 00881h,base+028AFh
  dw 00682h,base+02F12h
  dw 00380h,base+0356Eh
  dw 00380h,base+036E2h
  dw 00380h,base+01C1Dh
  dw 00380h,base+003B8h
  dw 00480h,base+034C4h
  dw 00480h,base+034C8h
  dw 00480h,base+034CCh
  dw 00480h,base+034CCh
  dw 00480h,base+0265Fh
  dw 00480h,base+0095Eh
  dw 00480h,base+034D0h
  dw 00480h,base+034A0h
  dw 00480h,base+034A4h
  dw 00481h,base+034A8h
  dw 00380h,base+01D01h
  dw 00380h,base+00566h
  dw 00380h,base+022A2h
  dw 00380h,base+022A2h
  dw 00280h,base+0040Ah
  dw 00280h,base+007ADh
  dw 00280h,base+0022Fh
  dw 00280h,base+00030h
  dw 00380h,base+029E9h
  dw 00380h,base+022A2h
  dw 00380h,base+035A7h
  dw 00380h,base+036D6h
  dw 00380h,base+01C6Bh
  dw 00300h,base+013C7h

chunliPage3frame023:
  db 010h,010h,060h,04Ah
  db 066h
  db 000h,000h,0B6h,000h,000h
  db 000h,000h
  db 000h,000h
  dw 0027Fh,base+006F8h
  dw 0047Fh,base+01E9Bh
  dw 00680h,base+02F60h
  dw 00680h,base+02F0Ch
  dw 0067Fh,base+028F8h
  dw 00880h,base+028F7h
  dw 00880h,base+028FFh
  dw 00880h,base+028FFh
  dw 00880h,base+028FFh
  dw 00880h,base+028FFh
  dw 00881h,base+028F7h
  dw 00680h,base+028F8h
  dw 00680h,base+02F0Ch
  dw 00681h,base+02F60h
  dw 00481h,base+01E9Bh
  dw 00200h,base+006F8h

chunliPage3frame024:
  db 008h,016h,060h,047h
  db 064h
  db 000h,000h,0B9h,000h,000h
  db 000h,000h
  db 000h,000h
  dw 00180h,base+0001Ch
  dw 0027Fh,base+00331h
  dw 00280h,base+00485h
  dw 0027Fh,base+02D8Bh
  dw 00380h,base+036E8h
  dw 00480h,base+034DCh
  dw 00480h,base+034E0h
  dw 00380h,base+036EBh
  dw 00480h,base+034E4h
  dw 00480h,base+01170h
  dw 00380h,base+02E61h
  dw 00380h,base+02E61h
  dw 00480h,base+01170h
  dw 00480h,base+034E4h
  dw 00380h,base+036EBh
  dw 00480h,base+034E0h
  dw 00480h,base+034DCh
  dw 00381h,base+036E8h
  dw 00280h,base+02D8Bh
  dw 00281h,base+00485h
  dw 00280h,base+00331h
  dw 00100h,base+0001Ch

chunliPage3frame025:
  db 012h,01Ah,05Eh,045h
  db 066h
  db 000h,000h,0BBh,000h,000h
  db 000h,000h
  db 000h,000h
  dw 00102h,base+00030h
  dw 0017Ch,base+00030h
  dw 00102h,base+0001Ch
  dw 00102h,base+0001Ch
  dw 0017Bh,base+0001Ch
  dw 00103h,base+00030h
  dw 0017Dh,base+00022h
  dw 00180h,base+00004h
  dw 00280h,base+01E99h
  dw 00205h,base+00A32h
  dw 0017Bh,base+00030h
  dw 00380h,base+01D29h
  dw 00280h,base+00B4Fh
  dw 00207h,base+032FEh
  dw 00179h,base+00030h
  dw 00203h,base+0068Dh
  dw 00103h,base+0000Bh
  dw 00279h,base+000B0h
  dw 00480h,base+034E8h
  dw 00380h,base+036EEh
  dw 00480h,base+034ECh
  dw 00480h,base+034ECh
  dw 00380h,base+036EEh
  dw 00481h,base+034E8h
  dw 00203h,base+0068Dh
  dw 00103h,base+0000Bh
  dw 0027Ah,base+000B0h
  dw 00207h,base+032FEh
  dw 00179h,base+00030h
  dw 00280h,base+00B4Fh
  dw 00380h,base+01D29h
  dw 00205h,base+00A32h
  dw 0017Bh,base+00030h
  dw 00280h,base+01E99h
  dw 00180h,base+00004h
  dw 00103h,base+00030h
  dw 0017Eh,base+00022h
  dw 00102h,base+0001Ch
  dw 00102h,base+0001Ch
  dw 0017Eh,base+0001Ch
  dw 00102h,base+00030h
  dw 00100h,base+00030h

chunliPage3frame026:
  db 002h,001h,06Ah,052h
  db 06Ah
  db 000h,000h,0AEh,000h,000h
  db 000h,000h
  db 000h,000h
  dw 00100h,base+00015h

chunliPage3frame027:
  db 02Ah,036h,062h,04Bh
  db 07Eh
  db 069h,022h,00Fh,069h,024h
  db 000h,000h
  db 000h,000h
  dw 00203h,base+0030Bh
  dw 0017Dh,base+00015h
  dw 00480h,base+034F0h
  dw 00580h,base+031DCh
  dw 00680h,base+02F66h
  dw 00680h,base+02F6Ch
  dw 0067Fh,base+02F72h
  dw 0077Ah,base+02C89h
  dw 00105h,base+00067h
  dw 0087Bh,base+02907h
  dw 00105h,base+00067h
  dw 00879h,base+0290Fh
  dw 00102h,base+00015h
  dw 00105h,base+00015h
  dw 00878h,base+02917h
  dw 00F80h,base+01011h
  dw 00F80h,base+01020h
  dw 00E80h,base+012E2h
  dw 00E81h,base+012F0h
  dw 00E7Ch,base+012FEh
  dw 00203h,base+000B1h
  dw 00708h,base+02C90h
  dw 00875h,base+0291Fh
  dw 0137Fh,base+0074Dh
  dw 01580h,base+00433h
  dw 01581h,base+00448h
  dw 01481h,base+005DBh
  dw 01382h,base+00760h
  dw 01180h,base+00B29h
  dw 01181h,base+00B3Ah
  dw 00F81h,base+0102Fh
  dw 00E83h,base+0130Ch
  dw 00A81h,base+02233h
  dw 00980h,base+025EAh
  dw 00980h,base+025F3h
  dw 00980h,base+025FCh
  dw 00981h,base+02605h
  dw 0087Fh,base+02927h
  dw 0097Eh,base+0260Eh
  dw 00102h,base+00022h
  dw 0097Dh,base+02617h
  dw 00C80h,base+01A54h
  dw 00C7Fh,base+01A60h
  dw 00D80h,base+0166Bh
  dw 00D7Fh,base+01678h
  dw 00E80h,base+0131Ah
  dw 00E80h,base+01328h
  dw 00D80h,base+01685h
  dw 00D80h,base+01692h
  dw 00203h,base+00236h
  dw 00506h,base+031E1h
  dw 00377h,base+036F1h
  dw 00103h,base+00022h
  dw 00406h,base+00F44h
  dw 0057Bh,base+031E6h
  dw 00205h,base+000A8h
  dw 00580h,base+031EBh
  dw 00581h,base+031F0h
  dw 0037Fh,base+036F4h
  dw 00480h,base+034F4h
  dw 00380h,base+01382h
  dw 00481h,base+034F8h
  dw 00380h,base+036F7h
  dw 00380h,base+036FAh
  dw 00380h,base+036FDh
  dw 00281h,base+01439h
  dw 00100h,base+00000h

chunliPage3frame028:
  db 03Ch,04Ah,058h,039h
  db 078h
  db 069h,022h,01Ch,067h,026h
  db 000h,000h
  db 000h,000h
  dw 0017Dh,base+00022h
  dw 00580h,base+02FE8h
  dw 0057Fh,base+02FEDh
  dw 00680h,base+029CEh
  dw 0067Fh,base+02C04h
  dw 00780h,base+0286Fh
  dw 00780h,base+029D4h
  dw 00780h,base+029DBh
  dw 00781h,base+02B7Fh
  dw 00580h,base+02819h
  dw 00507h,base+031F5h
  dw 0017Ah,base+00022h
  dw 00781h,base+02C97h
  dw 00780h,base+02C9Eh
  dw 00780h,base+02CA5h
  dw 00780h,base+02CACh
  dw 0077Fh,base+02CB3h
  dw 00880h,base+0292Fh
  dw 00881h,base+02937h
  dw 00780h,base+02CBAh
  dw 0067Fh,base+02F78h
  dw 00780h,base+02CC1h
  dw 00780h,base+02CC8h
  dw 00880h,base+0293Fh
  dw 00880h,base+02947h
  dw 00880h,base+0294Fh
  dw 00880h,base+02957h
  dw 00881h,base+0295Fh
  dw 00781h,base+02CCFh
  dw 00680h,base+02F7Eh
  dw 00580h,base+031FAh
  dw 00480h,base+034FCh
  dw 00480h,base+01851h
  dw 00480h,base+00A44h
  dw 00580h,base+031FFh
  dw 0057Fh,base+03204h
  dw 0077Eh,base+02CD6h
  dw 0097Fh,base+02620h
  dw 00B7Eh,base+01E85h
  dw 00D7Fh,base+0169Fh
  dw 00F7Fh,base+0103Eh
  dw 0107Fh,base+00D3Dh
  dw 01280h,base+008CFh
  dw 0127Fh,base+008E1h
  dw 01480h,base+005EFh
  dw 01480h,base+00603h
  dw 01480h,base+00617h
  dw 01480h,base+0062Bh
  dw 01480h,base+0063Fh
  dw 00405h,base+004A2h
  dw 00306h,base+000E8h
  dw 00975h,base+02629h
  dw 00406h,base+03400h
  dw 00105h,base+00015h
  dw 00975h,base+02632h
  dw 0040Bh,base+03500h
  dw 00975h,base+0263Bh
  dw 0040Bh,base+03400h
  dw 00975h,base+02644h
  dw 0040Bh,base+00766h
  dw 00875h,base+02967h
  dw 0030Bh,base+00097h
  dw 00875h,base+0296Fh
  dw 0030Bh,base+00852h
  dw 00875h,base+02977h
  dw 0030Bh,base+00B9Eh
  dw 00875h,base+0297Fh
  dw 0030Ch,base+00864h
  dw 00873h,base+02987h
  dw 0030Dh,base+03700h
  dw 00873h,base+0298Fh
  dw 0030Fh,base+03703h
  dw 00671h,base+02F84h
  dw 00311h,base+00597h
  dw 0056Fh,base+03209h
  dw 00312h,base+03706h
  dw 0046Eh,base+03504h
  dw 00313h,base+0193Dh
  dw 0036Dh,base+03709h
  dw 00313h,base+023B8h
  dw 0036Dh,base+0370Ch
  dw 00213h,base+0044Ah
  dw 0036Ch,base+0370Fh
  dw 00315h,base+03712h
  dw 00369h,base+03715h
  dw 00517h,base+0320Eh
  dw 00368h,base+03718h
  dw 00619h,base+02F8Ah
  dw 00267h,base+0040Ah
  dw 00619h,base+02F90h
  dw 00368h,base+022B8h
  dw 00519h,base+03213h
  dw 00269h,base+00092h
  dw 00317h,base+0371Bh
  dw 0036Ah,base+022A2h
  dw 00116h,base+00015h
  dw 00380h,base+01B0Eh
  dw 00480h,base+03508h
  dw 00480h,base+0350Ch
  dw 00400h,base+032ACh

chunliPage3frame029:
  db 02Ah,04Fh,060h,034h
  db 07Ch
  db 069h,022h,029h,067h,026h
  db 000h,000h
  db 000h,000h
  dw 00180h,base+00015h
  dw 0027Fh,base+003F4h
  dw 00480h,base+003B3h
  dw 00580h,base+03218h
  dw 00580h,base+0321Dh
  dw 00580h,base+03222h
  dw 0047Fh,base+03510h
  dw 00580h,base+03227h
  dw 0057Fh,base+0322Ch
  dw 00580h,base+03231h
  dw 00380h,base+00DEEh
  dw 00380h,base+004B2h
  dw 00381h,base+0021Bh
  dw 00380h,base+004E8h
  dw 00380h,base+00695h
  dw 00380h,base+00E81h
  dw 00481h,base+03514h
  dw 00380h,base+019DFh
  dw 0047Ch,base+03518h
  dw 00204h,base+000F8h
  dw 00479h,base+0351Ch
  dw 00507h,base+03236h
  dw 00478h,base+03520h
  dw 00B80h,base+01E90h
  dw 00B0Dh,base+01E9Bh
  dw 00172h,base+00022h
  dw 01080h,base+00D4Dh
  dw 0107Fh,base+00D5Dh
  dw 01180h,base+00B4Bh
  dw 0117Fh,base+00B5Ch
  dw 01280h,base+008F3h
  dw 01280h,base+00905h
  dw 0137Fh,base+00773h
  dw 01480h,base+00653h
  dw 01380h,base+00786h
  dw 01381h,base+00799h
  dw 0127Fh,base+00917h
  dw 01380h,base+007ACh
  dw 0137Fh,base+007BFh
  dw 01481h,base+00667h
  dw 01280h,base+00929h
  dw 01381h,base+007D2h
  dw 01283h,base+0093Bh
  dw 00F80h,base+0104Dh
  dw 00506h,base+0323Bh
  dw 0077Ah,base+02CDDh
  dw 00506h,base+03240h
  dw 0077Ah,base+02CE4h
  dw 00507h,base+03245h
  dw 00679h,base+02F96h
  dw 00507h,base+0324Ah
  dw 00579h,base+0324Fh
  dw 00508h,base+03254h
  dw 00478h,base+03524h
  dw 00508h,base+03259h
  dw 00478h,base+03528h
  dw 00509h,base+0325Eh
  dw 00377h,base+01A4Dh
  dw 00509h,base+03263h
  dw 00378h,base+01E8Ch
  dw 00380h,base+0058Bh
  dw 00380h,base+00AC9h
  dw 0037Fh,base+0371Eh
  dw 00480h,base+0352Ch
  dw 00480h,base+03530h
  dw 00480h,base+03534h
  dw 0037Fh,base+03721h
  dw 00480h,base+03538h
  dw 00480h,base+0353Ch
  dw 00480h,base+03540h
  dw 00480h,base+03544h
  dw 00480h,base+03548h
  dw 00481h,base+03548h
  dw 00380h,base+03724h
  dw 0037Fh,base+03727h
  dw 00480h,base+0354Ch
  dw 00481h,base+03508h
  dw 00280h,base+00338h
  dw 00280h,base+0002Ah
  dw 00280h,base+00116h
  dw 00280h,base+00031h
  dw 00280h,base+00031h
  dw 0027Fh,base+00190h
  dw 00380h,base+0372Ah
  dw 00380h,base+02EF8h
  dw 00480h,base+03550h
  dw 00480h,base+00CF7h
  dw 00580h,base+03268h
  dw 00680h,base+02F9Ch
  dw 00103h,base+0000Eh
  dw 00300h,base+002CEh

chunliPage3frame030:
  db 03Ah,049h,058h,03Bh
  db 078h
  db 06Ah,022h,01Eh,068h,026h
  db 000h,000h
  db 000h,000h
  dw 00180h,base+0006Bh
  dw 0017Dh,base+00067h
  dw 0047Fh,base+01B33h
  dw 00580h,base+0326Dh
  dw 00580h,base+03272h
  dw 0060Bh,base+02FA2h
  dw 00175h,base+00022h
  dw 0070Ah,base+02CEBh
  dw 00377h,base+0372Dh
  dw 00608h,base+02FA8h
  dw 00406h,base+03554h
  dw 00272h,base+000B1h
  dw 00102h,base+0000Eh
  dw 00E80h,base+01336h
  dw 00102h,base+00065h
  dw 00C7Eh,base+01A6Ch
  dw 00102h,base+0001Dh
  dw 00C77h,base+01A78h
  dw 0020Ah,base+00026h
  dw 00B75h,base+01EA6h
  dw 0050Bh,base+03277h
  dw 00B75h,base+01EB1h
  dw 0060Dh,base+02FAEh
  dw 00973h,base+0264Dh
  dw 0080Ch,base+02997h
  dw 00A73h,base+0223Dh
  dw 00A0Dh,base+02247h
  dw 00A73h,base+02251h
  dw 00B0Dh,base+01EBCh
  dw 00A73h,base+0225Bh
  dw 01780h,base+00387h
  dw 0177Fh,base+0039Eh
  dw 01516h,base+0045Dh
  dw 0026Ah,base+02BB5h
  dw 0157Bh,base+00472h
  dw 00105h,base+00004h
  dw 0147Bh,base+0067Bh
  dw 00204h,base+008CDh
  dw 00506h,base+0327Ch
  dw 00F76h,base+0105Ch
  dw 0080Ah,base+0299Fh
  dw 01076h,base+00D6Dh
  dw 0070Bh,base+02CF2h
  dw 00F75h,base+0106Bh
  dw 0060Ch,base+02FB4h
  dw 00E75h,base+01344h
  dw 0050Ch,base+03281h
  dw 00C74h,base+01A84h
  dw 0050Bh,base+03286h
  dw 00809h,base+029A7h
  dw 0046Dh,base+03558h
  dw 00409h,base+0355Ch
  dw 00978h,base+02656h
  dw 00207h,base+0001Fh
  dw 00A79h,base+02265h
  dw 00206h,base+00413h
  dw 00B7Fh,base+01EC7h
  dw 00C81h,base+01A90h
  dw 00B80h,base+01ED2h
  dw 00B80h,base+01EDDh
  dw 00B80h,base+01EE8h
  dw 00B80h,base+01EF3h
  dw 00B80h,base+01EFEh
  dw 00203h,base+0007Bh
  dw 00880h,base+029AFh
  dw 00880h,base+029B7h
  dw 00780h,base+02CF9h
  dw 00780h,base+02D00h
  dw 00780h,base+02D07h
  dw 00405h,base+03560h
  dw 0027Bh,base+008F8h
  dw 00304h,base+00098h
  dw 0037Ch,base+01A64h
  dw 00304h,base+004D2h
  dw 0027Ch,base+00FA2h
  dw 00304h,base+03730h
  dw 0027Ch,base+03748h
  dw 00380h,base+03733h
  dw 00380h,base+0123Ah
  dw 00380h,base+035FBh
  dw 00380h,base+0082Ah
  dw 00380h,base+0032Ch
  dw 00380h,base+0005Fh
  dw 00380h,base+00387h
  dw 00380h,base+02C1Ch
  dw 00380h,base+013C7h
  dw 00380h,base+013C7h
  dw 00280h,base+00268h
  dw 0027Fh,base+00268h
  dw 00480h,base+00F0Ch
  dw 00480h,base+033B0h
  dw 00381h,base+02694h
  dw 00280h,base+0002Ch
  dw 00280h,base+0017Bh
  dw 00280h,base+00031h
  dw 00280h,base+00031h
  dw 0027Fh,base+00031h
  dw 00380h,base+0075Ch
  dw 0037Fh,base+03715h
  dw 0047Fh,base+03564h
  dw 00580h,base+0328Bh
  dw 0057Fh,base+02F18h
  dw 00680h,base+02FBAh
  dw 00304h,base+0007Ch
  dw 00200h,base+00026h


