  dw chunliPage1frame000
  dw chunliPage1frame001
  dw chunliPage1frame002
  dw chunliPage1frame003
  dw chunliPage1frame004
  dw chunliPage1frame005
  dw chunliPage1frame006
  dw chunliPage1frame007
  dw chunliPage1frame008
  dw chunliPage1frame009
  dw chunliPage1frame010
  dw chunliPage1frame011
  dw chunliPage1frame012
  dw chunliPage1frame013
  dw chunliPage1frame014
  dw chunliPage1frame015
  dw chunliPage1frame016
  dw chunliPage1frame017
  dw chunliPage1frame018
  dw chunliPage1frame019
  dw chunliPage1frame020
  dw chunliPage1frame021
  dw chunliPage1frame022
  dw chunliPage1frame023
  dw chunliPage1frame024
  dw chunliPage1frame025
  dw chunliPage1frame026
  dw chunliPage1frame027
  dw chunliPage1frame028

chunliPage1frame000:
  db 02Ah,04Bh,068h,039h
  db 082h
  db 076h,022h,022h,071h,024h
  db 000h,000h
  db 000h,000h
  dw 0017Dh,base+00001h
  dw 00580h,base+02219h
  dw 00580h,base+01D47h
  dw 0057Fh,base+02223h
  dw 00680h,base+0267Ah
  dw 00680h,base+02F61h
  dw 00680h,base+02F68h
  dw 00680h,base+02695h
  dw 00680h,base+03087h
  dw 00581h,base+036F1h
  dw 00480h,base+026A8h
  dw 00480h,base+02C6Eh
  dw 00880h,base+02A3Ah
  dw 00880h,base+02A42h
  dw 00980h,base+02368h
  dw 00981h,base+02371h
  dw 00880h,base+02A4Ah
  dw 00880h,base+02A52h
  dw 0087Ah,base+02A5Ah
  dw 00106h,base+0016Ch
  dw 00879h,base+02A62h
  dw 00407h,base+03A66h
  dw 00879h,base+02A6Ah
  dw 00407h,base+03A6Ah
  dw 00879h,base+02A72h
  dw 00407h,base+03A6Eh
  dw 00879h,base+02A7Ah
  dw 00306h,base+03DCAh
  dw 0097Ah,base+0237Ah
  dw 00406h,base+03A72h
  dw 0097Bh,base+02383h
  dw 00305h,base+03DCDh
  dw 0097Bh,base+0238Ch
  dw 00E81h,base+00F13h
  dw 00D81h,base+011A5h
  dw 00C81h,base+01540h
  dw 00B80h,base+01900h
  dw 00B80h,base+0190Bh
  dw 00B81h,base+01916h
  dw 00103h,base+00005h
  dw 0087Dh,base+02A82h
  dw 00103h,base+0000Dh
  dw 00880h,base+02A8Ah
  dw 00880h,base+02A92h
  dw 0097Fh,base+02395h
  dw 00A80h,base+01E54h
  dw 00A7Fh,base+01E5Eh
  dw 00B80h,base+01921h
  dw 00B7Fh,base+0192Ch
  dw 00C80h,base+0154Ch
  dw 00C7Fh,base+01558h
  dw 00D80h,base+011B2h
  dw 00D7Fh,base+011BFh
  dw 00E80h,base+00F21h
  dw 00E80h,base+00F2Fh
  dw 00E80h,base+00F3Dh
  dw 00E7Fh,base+00F4Bh
  dw 00607h,base+033F1h
  dw 00879h,base+02A9Ah
  dw 00506h,base+036F6h
  dw 0097Ah,base+0239Eh
  dw 00406h,base+03A76h
  dw 0097Ah,base+023A7h
  dw 00306h,base+00215h
  dw 0097Ah,base+023B0h
  dw 00306h,base+039D4h
  dw 0097Ah,base+023B9h
  dw 00306h,base+009E9h
  dw 0097Ah,base+023C2h
  dw 00307h,base+008C7h
  dw 00778h,base+02F1Ah
  dw 00408h,base+0147Eh
  dw 00678h,base+033F7h
  dw 00409h,base+00F03h
  dw 00577h,base+036FBh
  dw 00409h,base+00F03h
  dw 00477h,base+0051Ah
  dw 00409h,base+01119h
  dw 00577h,base+03700h
  dw 00309h,base+03AC6h
  dw 00577h,base+03705h
  dw 0030Ah,base+03DD0h
  dw 00475h,base+03A7Ah
  dw 0040Bh,base+03A7Eh
  dw 00476h,base+03A82h
  dw 0030Bh,base+03DD3h
  dw 00375h,base+03DD6h
  dw 0030Bh,base+00E45h
  dw 00375h,base+03DD9h
  dw 0020Bh,base+00E59h
  dw 00475h,base+03A86h
  dw 0020Ch,base+01066h
  dw 00374h,base+03DDCh
  dw 0010Dh,base+00088h
  dw 00272h,base+00071h
  dw 0020Eh,base+000A5h
  dw 00271h,base+0030Fh
  dw 0030Fh,base+03DDFh
  dw 00271h,base+0017Dh
  dw 0030Fh,base+03DE2h
  dw 00370h,base+033E4h
  dw 00410h,base+03A8Ah
  dw 0036Fh,base+03DE5h
  dw 00511h,base+0370Ah
  dw 0036Fh,base+03DE8h
  dw 00510h,base+03608h
  dw 0046Fh,base+03A8Eh
  dw 00611h,base+033FDh
  dw 0046Fh,base+03A92h
  dw 00304h,base+003D3h
  dw 0010Dh,base+0002Dh
  dw 00400h,base+03191h

chunliPage1frame001:
  db 02Ah,04Ch,068h,038h
  db 082h
  db 076h,022h,022h,071h,024h
  db 000h,000h
  db 000h,000h
  dw 0017Dh,base+00001h
  dw 00580h,base+02219h
  dw 00580h,base+01D47h
  dw 0057Fh,base+02223h
  dw 00680h,base+0267Ah
  dw 00680h,base+02F61h
  dw 00680h,base+02F68h
  dw 00680h,base+02695h
  dw 00680h,base+03403h
  dw 00581h,base+036F1h
  dw 00480h,base+026A8h
  dw 00407h,base+028E4h
  dw 00179h,base+00001h
  dw 00880h,base+02AA2h
  dw 00980h,base+023CBh
  dw 00980h,base+023D4h
  dw 00981h,base+023DDh
  dw 00880h,base+02AAAh
  dw 00880h,base+02AB2h
  dw 0087Ah,base+02642h
  dw 00106h,base+0016Ch
  dw 00879h,base+02ABAh
  dw 00407h,base+03A66h
  dw 00879h,base+02AC2h
  dw 00407h,base+03A6Ah
  dw 00879h,base+02ACAh
  dw 00406h,base+03A6Eh
  dw 0097Ah,base+023E6h
  dw 00306h,base+03DCAh
  dw 0097Ah,base+023EFh
  dw 00406h,base+03A72h
  dw 0097Bh,base+023F8h
  dw 00304h,base+03DCDh
  dw 00A7Ch,base+01E68h
  dw 00E81h,base+00F59h
  dw 00D81h,base+011CCh
  dw 00C81h,base+01564h
  dw 00B80h,base+01937h
  dw 00B81h,base+01942h
  dw 00102h,base+00005h
  dw 0087Eh,base+02AD2h
  dw 00103h,base+0000Dh
  dw 00780h,base+02F21h
  dw 00881h,base+02ADAh
  dw 0077Fh,base+02F28h
  dw 00880h,base+02AE2h
  dw 0097Fh,base+02401h
  dw 00A80h,base+01E54h
  dw 00A7Fh,base+01E5Eh
  dw 00B80h,base+01921h
  dw 00B7Fh,base+0192Ch
  dw 00C80h,base+0154Ch
  dw 00C7Fh,base+01558h
  dw 00D80h,base+011B2h
  dw 00D7Fh,base+011BFh
  dw 00E80h,base+00F21h
  dw 00E80h,base+00F2Fh
  dw 00E80h,base+00F3Dh
  dw 00E7Fh,base+00F4Bh
  dw 00607h,base+033F1h
  dw 00879h,base+02A9Ah
  dw 00506h,base+036F6h
  dw 0097Ah,base+0239Eh
  dw 00406h,base+03A76h
  dw 0097Ah,base+023A7h
  dw 00306h,base+00215h
  dw 0097Ah,base+023B0h
  dw 00306h,base+039D4h
  dw 0097Ah,base+023B9h
  dw 00306h,base+009E9h
  dw 0097Ah,base+023C2h
  dw 00307h,base+008C7h
  dw 00778h,base+02F1Ah
  dw 00408h,base+0147Eh
  dw 00678h,base+033F7h
  dw 00409h,base+00F03h
  dw 00577h,base+036FBh
  dw 00409h,base+00F03h
  dw 00477h,base+0051Ah
  dw 00409h,base+01119h
  dw 00577h,base+03700h
  dw 00309h,base+03AC6h
  dw 00577h,base+03705h
  dw 0030Ah,base+03DD0h
  dw 00475h,base+03A7Ah
  dw 0040Bh,base+03A7Eh
  dw 00476h,base+03A82h
  dw 0030Bh,base+03DD3h
  dw 00375h,base+03DD6h
  dw 0030Bh,base+00E45h
  dw 00375h,base+03DD9h
  dw 0020Bh,base+00E59h
  dw 00475h,base+03A86h
  dw 0020Ch,base+01066h
  dw 00374h,base+03DDCh
  dw 0010Dh,base+00088h
  dw 00272h,base+00071h
  dw 0020Eh,base+000A5h
  dw 00271h,base+0030Fh
  dw 0030Fh,base+03DDFh
  dw 00271h,base+0017Dh
  dw 0030Fh,base+03DE2h
  dw 00370h,base+033E4h
  dw 00410h,base+03A8Ah
  dw 0036Fh,base+03DE5h
  dw 00511h,base+0370Ah
  dw 0036Fh,base+03DE8h
  dw 00510h,base+03608h
  dw 0046Fh,base+03A8Eh
  dw 00611h,base+033FDh
  dw 0046Fh,base+03A92h
  dw 00304h,base+003D3h
  dw 0010Dh,base+0002Dh
  dw 00400h,base+03191h

chunliPage1frame002:
  db 02Ah,04Dh,068h,037h
  db 07Eh
  db 076h,022h,022h,071h,024h
  db 000h,000h
  db 000h,000h
  dw 00102h,base+00001h
  dw 0027Eh,base+00001h
  dw 0047Fh,base+0387Dh
  dw 00680h,base+03409h
  dw 00680h,base+032B0h
  dw 0067Fh,base+03025h
  dw 00780h,base+02F2Fh
  dw 00780h,base+02F36h
  dw 00680h,base+03032h
  dw 00780h,base+02F3Dh
  dw 00681h,base+0340Fh
  dw 00507h,base+02002h
  dw 00179h,base+00001h
  dw 00506h,base+0370Fh
  dw 0037Ah,base+03DEBh
  dw 00980h,base+0240Ah
  dw 00A81h,base+01E72h
  dw 00980h,base+02413h
  dw 00980h,base+0241Ch
  dw 00980h,base+02425h
  dw 00980h,base+0242Eh
  dw 0087Ah,base+02AEAh
  dw 00206h,base+0143Ah
  dw 00879h,base+02AF2h
  dw 00407h,base+03A96h
  dw 00879h,base+02AFAh
  dw 00407h,base+03A9Ah
  dw 00879h,base+02B02h
  dw 00406h,base+03A9Eh
  dw 0097Ah,base+02437h
  dw 00406h,base+03AA2h
  dw 0097Bh,base+02440h
  dw 00305h,base+03DEEh
  dw 0097Bh,base+02449h
  dw 00F80h,base+00C9Dh
  dw 00F81h,base+00CACh
  dw 00E82h,base+00F67h
  dw 00C80h,base+01570h
  dw 00C81h,base+0157Ch
  dw 00203h,base+0001Ah
  dw 00780h,base+02F44h
  dw 00680h,base+03415h
  dw 00781h,base+02F4Bh
  dw 00680h,base+0341Bh
  dw 00780h,base+02F52h
  dw 0077Fh,base+02F59h
  dw 00880h,base+02B0Ah
  dw 0097Fh,base+02401h
  dw 00A80h,base+01E54h
  dw 00A7Fh,base+01E5Eh
  dw 00B80h,base+01921h
  dw 00B7Fh,base+0192Ch
  dw 00C80h,base+0154Ch
  dw 00C7Fh,base+01558h
  dw 00D80h,base+011B2h
  dw 00D7Fh,base+011BFh
  dw 00E80h,base+00F21h
  dw 00E80h,base+00F2Fh
  dw 00E80h,base+00F3Dh
  dw 00E7Fh,base+00F4Bh
  dw 00607h,base+033F1h
  dw 00879h,base+02A9Ah
  dw 00506h,base+036F6h
  dw 0097Ah,base+0239Eh
  dw 00406h,base+03A76h
  dw 0097Ah,base+023A7h
  dw 00306h,base+00215h
  dw 0097Ah,base+023B0h
  dw 00306h,base+039D4h
  dw 0097Ah,base+023B9h
  dw 00306h,base+009E9h
  dw 0097Ah,base+023C2h
  dw 00307h,base+008C7h
  dw 00778h,base+02F1Ah
  dw 00408h,base+0147Eh
  dw 00678h,base+033F7h
  dw 00409h,base+00F03h
  dw 00577h,base+036FBh
  dw 00409h,base+00F03h
  dw 00477h,base+0051Ah
  dw 00409h,base+01119h
  dw 00577h,base+03700h
  dw 00309h,base+03AC6h
  dw 00577h,base+03705h
  dw 0030Ah,base+03DD0h
  dw 00475h,base+03A7Ah
  dw 0040Bh,base+03A7Eh
  dw 00476h,base+03A82h
  dw 0030Bh,base+03DD3h
  dw 00375h,base+03DD6h
  dw 0030Bh,base+00E45h
  dw 00375h,base+03DD9h
  dw 0020Bh,base+00E59h
  dw 00475h,base+03A86h
  dw 0020Ch,base+01066h
  dw 00374h,base+03DDCh
  dw 0010Dh,base+00088h
  dw 00272h,base+00071h
  dw 0020Eh,base+000A5h
  dw 00271h,base+0030Fh
  dw 0030Fh,base+03DDFh
  dw 00271h,base+0017Dh
  dw 0030Fh,base+03DE2h
  dw 00370h,base+033E4h
  dw 00410h,base+03A8Ah
  dw 0036Fh,base+03DE5h
  dw 00511h,base+0370Ah
  dw 0036Fh,base+03DE8h
  dw 00510h,base+03608h
  dw 0046Fh,base+03A8Eh
  dw 00611h,base+033FDh
  dw 0046Fh,base+03A92h
  dw 00304h,base+003D3h
  dw 0010Dh,base+0002Dh
  dw 00400h,base+03191h

chunliPage1frame003:
  db 02Eh,04Ah,066h,03Ah
  db 070h
  db 066h,023h,022h,069h,02Ah
  db 000h,000h
  db 000h,000h
  dw 00102h,base+00001h
  dw 0017Dh,base+00001h
  dw 00580h,base+02219h
  dw 0057Fh,base+01D47h
  dw 00680h,base+02C64h
  dw 0067Fh,base+0267Ah
  dw 00780h,base+02F60h
  dw 00780h,base+02F67h
  dw 00780h,base+02F6Eh
  dw 00781h,base+01FD3h
  dw 00680h,base+03421h
  dw 00581h,base+03714h
  dw 00780h,base+02F75h
  dw 00881h,base+02B12h
  dw 00880h,base+02B1Ah
  dw 00880h,base+02B22h
  dw 00880h,base+02B2Ah
  dw 00102h,base+0000Dh
  dw 00780h,base+02F7Ch
  dw 00780h,base+02F83h
  dw 0077Ah,base+02F8Ah
  dw 00103h,base+00007h
  dw 00102h,base+005ABh
  dw 0087Ah,base+02B32h
  dw 00407h,base+03AA6h
  dw 00779h,base+02F91h
  dw 00407h,base+03AAAh
  dw 00779h,base+02F98h
  dw 00407h,base+03AAEh
  dw 00779h,base+02F9Fh
  dw 00406h,base+03AB2h
  dw 0087Bh,base+02B3Ah
  dw 00405h,base+03AB6h
  dw 0087Bh,base+02B42h
  dw 00D80h,base+011D9h
  dw 00D83h,base+011E6h
  dw 00405h,base+03ABAh
  dw 0067Bh,base+03427h
  dw 00B80h,base+0194Dh
  dw 00C7Fh,base+01588h
  dw 00D80h,base+011F3h
  dw 00E81h,base+00F75h
  dw 00D80h,base+01200h
  dw 00102h,base+0002Dh
  dw 00104h,base+0002Eh
  dw 0077Ch,base+02FA6h
  dw 00103h,base+0002Dh
  dw 0097Dh,base+02452h
  dw 00103h,base+0002Eh
  dw 0097Dh,base+0245Bh
  dw 00102h,base+0002Eh
  dw 00A80h,base+01E7Ch
  dw 00A7Fh,base+01E86h
  dw 00B80h,base+01958h
  dw 00B7Fh,base+01963h
  dw 00C80h,base+01594h
  dw 00C7Fh,base+015A0h
  dw 00D80h,base+0120Dh
  dw 00D7Fh,base+0121Ah
  dw 00E80h,base+00F83h
  dw 00E80h,base+00F91h
  dw 00E80h,base+00F9Fh
  dw 00506h,base+03719h
  dw 0087Ah,base+02B4Ah
  dw 00506h,base+0371Eh
  dw 0087Ah,base+02B52h
  dw 00406h,base+03ABEh
  dw 0087Ah,base+02B52h
  dw 00306h,base+000B0h
  dw 0087Ah,base+02B5Ah
  dw 00308h,base+000B0h
  dw 00678h,base+0342Dh
  dw 00308h,base+009D4h
  dw 00678h,base+03433h
  dw 00408h,base+03AC2h
  dw 00678h,base+03439h
  dw 00408h,base+03AC2h
  dw 00678h,base+0343Fh
  dw 00408h,base+03AC2h
  dw 00678h,base+03445h
  dw 00409h,base+03AC2h
  dw 00577h,base+01DE6h
  dw 00409h,base+03AC6h
  dw 00677h,base+01AA6h
  dw 0030Ah,base+03AC6h
  dw 00677h,base+0344Bh
  dw 0020Ah,base+00CC4h
  dw 00575h,base+03723h
  dw 0030Ch,base+00364h
  dw 00474h,base+03ACAh
  dw 0030Dh,base+03DF1h
  dw 00474h,base+03ACEh
  dw 0020Ch,base+00165h
  dw 00574h,base+03728h
  dw 0020Ch,base+00775h
  dw 00574h,base+0372Dh
  dw 0020Dh,base+00775h
  dw 00573h,base+03732h
  dw 0020Fh,base+006BAh
  dw 00371h,base+03DF4h
  dw 0020Fh,base+00038h
  dw 00371h,base+0114Dh
  dw 0020Fh,base+00377h
  dw 00370h,base+03DF7h
  dw 00310h,base+03DFAh
  dw 0036Fh,base+03DFDh
  dw 00411h,base+03AD2h
  dw 0026Eh,base+00107h
  dw 00511h,base+000D7h
  dw 0036Fh,base+03E00h
  dw 00510h,base+03737h
  dw 00370h,base+02597h
  dw 00510h,base+0373Ch
  dw 00370h,base+010D4h
  dw 00204h,base+000AFh
  dw 0010Ch,base+00000h
  dw 00300h,base+01D27h

chunliPage1frame004:
  db 028h,04Dh,066h,037h
  db 070h
  db 065h,025h,024h,070h,022h
  db 000h,000h
  db 000h,000h
  dw 00102h,base+00001h
  dw 0017Dh,base+00001h
  dw 00580h,base+02219h
  dw 0057Fh,base+01D47h
  dw 00680h,base+02C64h
  dw 0067Fh,base+0267Ah
  dw 00780h,base+02F60h
  dw 00780h,base+02F67h
  dw 00780h,base+02F6Eh
  dw 00781h,base+01FD3h
  dw 00680h,base+03421h
  dw 00507h,base+03714h
  dw 0017Ah,base+00001h
  dw 00580h,base+03741h
  dw 00607h,base+01F30h
  dw 0017Ah,base+00020h
  dw 00780h,base+02FADh
  dw 00780h,base+02FB4h
  dw 00880h,base+02B62h
  dw 00881h,base+02B6Ah
  dw 00780h,base+02FBBh
  dw 0077Ah,base+02FC2h
  dw 00206h,base+00186h
  dw 0087Ah,base+02B72h
  dw 00203h,base+00116h
  dw 00103h,base+000D4h
  dw 0087Ah,base+02B7Ah
  dw 00407h,base+03AD6h
  dw 00779h,base+02FC9h
  dw 00406h,base+03ADAh
  dw 0087Ah,base+02B82h
  dw 00406h,base+03ADEh
  dw 0087Ah,base+02B8Ah
  dw 00406h,base+01B2Eh
  dw 0087Bh,base+02B92h
  dw 00C80h,base+015ACh
  dw 00D7Fh,base+01227h
  dw 00E80h,base+00FADh
  dw 00103h,base+005ABh
  dw 00C81h,base+015B8h
  dw 00B80h,base+0196Eh
  dw 00C81h,base+015C4h
  dw 00B80h,base+01979h
  dw 00B81h,base+01984h
  dw 00B82h,base+0198Fh
  dw 00980h,base+02464h
  dw 00980h,base+0246Dh
  dw 00980h,base+02476h
  dw 00980h,base+0247Fh
  dw 00980h,base+02488h
  dw 0097Fh,base+02491h
  dw 00A80h,base+01E90h
  dw 00A80h,base+01E9Ah
  dw 00A80h,base+01EA4h
  dw 00A7Fh,base+01EAEh
  dw 00B80h,base+0199Ah
  dw 00B80h,base+019A5h
  dw 00B80h,base+019B0h
  dw 00B80h,base+019BBh
  dw 00B7Fh,base+019C6h
  dw 00C80h,base+015D0h
  dw 00C80h,base+015DCh
  dw 00C80h,base+015E8h
  dw 00C80h,base+015F4h
  dw 00405h,base+00A0Bh
  dw 0067Ch,base+03451h
  dw 00A80h,base+01EB8h
  dw 00980h,base+0249Ah
  dw 00A80h,base+01EC2h
  dw 00405h,base+019B0h
  dw 0057Bh,base+03746h
  dw 00405h,base+019B0h
  dw 0057Ch,base+0374Bh
  dw 00305h,base+00B7Fh
  dw 0057Bh,base+03750h
  dw 00305h,base+03E03h
  dw 0067Bh,base+03457h
  dw 00306h,base+03E03h
  dw 0057Ah,base+03755h
  dw 00307h,base+03E06h
  dw 00479h,base+03AE2h
  dw 00307h,base+03E09h
  dw 00479h,base+03AE6h
  dw 00308h,base+03BB2h
  dw 00379h,base+03E0Ch
  dw 00207h,base+0017Eh
  dw 00479h,base+03AEAh
  dw 00207h,base+00312h
  dw 00379h,base+03380h
  dw 00208h,base+01817h
  dw 00478h,base+03AEEh
  dw 00209h,base+000CAh
  dw 00377h,base+03E0Fh
  dw 00209h,base+000CAh
  dw 00377h,base+03AEEh
  dw 0020Ah,base+004A6h
  dw 00276h,base+000D9h
  dw 00309h,base+03E12h
  dw 00376h,base+010CEh
  dw 0040Ah,base+03AF2h
  dw 00375h,base+00D1Fh
  dw 0050Ah,base+0375Ah
  dw 00475h,base+03AF6h
  dw 0060Ah,base+0345Dh
  dw 00576h,base+0375Fh
  dw 0040Ah,base+03AFAh
  dw 00476h,base+03AFEh
  dw 0030Ah,base+000AFh
  dw 00300h,base+000AFh

chunliPage1frame005:
  db 024h,04Eh,064h,036h
  db 070h
  db 064h,023h,021h,074h,022h
  db 000h,000h
  db 000h,000h
  dw 00102h,base+00001h
  dw 0017Dh,base+00001h
  dw 00580h,base+02219h
  dw 0057Fh,base+01D47h
  dw 00680h,base+02C64h
  dw 0067Fh,base+0267Ah
  dw 00780h,base+02F60h
  dw 00780h,base+02F67h
  dw 00780h,base+02F6Eh
  dw 00781h,base+01FD3h
  dw 00680h,base+03421h
  dw 00508h,base+03714h
  dw 00279h,base+00001h
  dw 00507h,base+03741h
  dw 00279h,base+00166h
  dw 00A81h,base+01ECCh
  dw 00980h,base+024A3h
  dw 00980h,base+024ACh
  dw 00980h,base+024B5h
  dw 00980h,base+024BEh
  dw 00980h,base+024C7h
  dw 0097Bh,base+024D0h
  dw 00103h,base+00007h
  dw 00102h,base+0011Ah
  dw 0097Ah,base+024D9h
  dw 00407h,base+03B02h
  dw 00879h,base+02B9Ah
  dw 00407h,base+03B06h
  dw 00879h,base+02BA2h
  dw 00407h,base+03B0Ah
  dw 00879h,base+02BAAh
  dw 00407h,base+03B0Eh
  dw 0087Ah,base+02BB2h
  dw 00305h,base+01315h
  dw 0097Bh,base+024E2h
  dw 00405h,base+03B12h
  dw 0097Bh,base+024EBh
  dw 00E80h,base+00FBBh
  dw 00E7Fh,base+00FC9h
  dw 00104h,base+0014Bh
  dw 00C80h,base+01600h
  dw 00C81h,base+0160Ch
  dw 00203h,base+0000Bh
  dw 0097Dh,base+024F4h
  dw 00203h,base+009DBh
  dw 00981h,base+024FDh
  dw 00881h,base+02BBAh
  dw 00880h,base+02BC2h
  dw 00880h,base+02BCAh
  dw 00880h,base+02BD2h
  dw 00880h,base+02BDAh
  dw 0087Fh,base+02BE2h
  dw 00980h,base+02506h
  dw 00980h,base+0250Fh
  dw 00980h,base+02518h
  dw 00980h,base+02521h
  dw 00980h,base+0252Ah
  dw 00980h,base+02533h
  dw 0097Fh,base+0253Ch
  dw 00A80h,base+01ED6h
  dw 00A80h,base+01EE0h
  dw 00A80h,base+01EEAh
  dw 00A80h,base+01EF4h
  dw 00A80h,base+01EFEh
  dw 00A80h,base+01F08h
  dw 00A80h,base+01F12h
  dw 00A80h,base+01F1Ch
  dw 00A80h,base+01F26h
  dw 00607h,base+03463h
  dw 00379h,base+0101Ah
  dw 00607h,base+03469h
  dw 0027Ah,base+00094h
  dw 00580h,base+03764h
  dw 00680h,base+0346Fh
  dw 00681h,base+03475h
  dw 00580h,base+03769h
  dw 00580h,base+0376Eh
  dw 00581h,base+03773h
  dw 00580h,base+03778h
  dw 00580h,base+0377Dh
  dw 00480h,base+03B16h
  dw 00480h,base+03B1Ah
  dw 00481h,base+03B1Eh
  dw 00380h,base+03E15h
  dw 00481h,base+03B22h
  dw 00380h,base+03E18h
  dw 00380h,base+03E1Bh
  dw 00380h,base+03E1Eh
  dw 0047Eh,base+03B26h
  dw 00680h,base+0347Bh
  dw 0067Fh,base+03481h
  dw 00780h,base+02FD0h
  dw 00780h,base+02FD7h
  dw 00700h,base+007DFh

chunliPage1frame006:
  db 028h,04Dh,064h,037h
  db 070h
  db 063h,025h,021h,073h,022h
  db 000h,000h
  db 000h,000h
  dw 00102h,base+00001h
  dw 0017Dh,base+00001h
  dw 00580h,base+02219h
  dw 0057Fh,base+01D47h
  dw 00680h,base+02C64h
  dw 0067Fh,base+0267Ah
  dw 00780h,base+02F60h
  dw 00780h,base+02F67h
  dw 00780h,base+02F6Eh
  dw 00781h,base+01FD3h
  dw 00680h,base+03421h
  dw 00508h,base+03714h
  dw 00279h,base+00001h
  dw 00507h,base+03741h
  dw 00279h,base+0033Bh
  dw 00A81h,base+01F30h
  dw 00980h,base+02545h
  dw 00980h,base+0254Eh
  dw 00980h,base+02557h
  dw 00980h,base+02560h
  dw 00980h,base+02569h
  dw 0097Ah,base+02572h
  dw 00206h,base+00186h
  dw 0097Ah,base+0257Bh
  dw 00203h,base+00019h
  dw 00103h,base+000D4h
  dw 0097Ah,base+02584h
  dw 00406h,base+03B2Ah
  dw 0097Ah,base+0258Dh
  dw 00406h,base+03ADAh
  dw 0097Ah,base+02596h
  dw 00406h,base+03B2Eh
  dw 00A7Ah,base+01F3Ah
  dw 00406h,base+03B32h
  dw 00A7Bh,base+01F44h
  dw 00304h,base+003ECh
  dw 00B7Ch,base+019D1h
  dw 00F80h,base+00CBBh
  dw 00608h,base+03487h
  dw 00777h,base+02FDEh
  dw 00203h,base+00FADh
  dw 00406h,base+00572h
  dw 00777h,base+02FE5h
  dw 00103h,base+005ABh
  dw 00406h,base+03B36h
  dw 0077Bh,base+02FECh
  dw 00305h,base+03E21h
  dw 0087Bh,base+02BEAh
  dw 00206h,base+001CDh
  dw 0077Bh,base+02FF3h
  dw 00105h,base+0000Ch
  dw 00881h,base+02BF2h
  dw 00780h,base+02FFAh
  dw 00780h,base+03001h
  dw 0077Fh,base+03008h
  dw 00980h,base+0259Fh
  dw 00980h,base+025A8h
  dw 00980h,base+025B1h
  dw 00980h,base+025BAh
  dw 00980h,base+025C3h
  dw 00980h,base+025CCh
  dw 00980h,base+025D5h
  dw 00980h,base+025DEh
  dw 0097Fh,base+025E7h
  dw 00A80h,base+01F4Eh
  dw 00A80h,base+01F58h
  dw 00A80h,base+01F62h
  dw 00A7Fh,base+01F6Ch
  dw 00B80h,base+019DCh
  dw 00B80h,base+019E7h
  dw 00B80h,base+019F2h
  dw 00B80h,base+019FDh
  dw 00B80h,base+01A08h
  dw 00A80h,base+01F76h
  dw 00981h,base+025F0h
  dw 00780h,base+0300Fh
  dw 00780h,base+03016h
  dw 00880h,base+02BFAh
  dw 00881h,base+02C02h
  dw 00780h,base+0301Dh
  dw 00880h,base+02C0Ah
  dw 00304h,base+0143Ch
  dw 0037Ch,base+03E24h
  dw 00304h,base+03E27h
  dw 0037Ch,base+03E2Ah
  dw 00304h,base+03E2Dh
  dw 0047Ch,base+03B3Ah
  dw 00305h,base+03BB2h
  dw 0047Ch,base+03B3Eh
  dw 00205h,base+0017Dh
  dw 0037Bh,base+0217Eh
  dw 00206h,base+00020h
  dw 0037Ah,base+029A2h
  dw 00206h,base+00020h
  dw 0037Ah,base+03E30h
  dw 00206h,base+00AD9h
  dw 0037Ah,base+010CEh
  dw 00206h,base+0030Ch
  dw 00379h,base+03E33h
  dw 00307h,base+03DF1h
  dw 00379h,base+03E36h
  dw 00406h,base+03B42h
  dw 00378h,base+0352Bh
  dw 00608h,base+0348Dh
  dw 00378h,base+00253h
  dw 00608h,base+03493h
  dw 00378h,base+03E39h
  dw 00608h,base+03499h
  dw 00278h,base+00049h
  dw 00304h,base+003D3h
  dw 00100h,base+0002Dh

chunliPage1frame007:
  db 030h,04Ch,064h,038h
  db 070h
  db 063h,008h,047h,093h,06Dh
  db 000h,000h
  db 000h,000h
  dw 00102h,base+00001h
  dw 0027Eh,base+00001h
  dw 0047Fh,base+0387Dh
  dw 00680h,base+03409h
  dw 0067Fh,base+032B0h
  dw 00780h,base+03024h
  dw 00780h,base+0302Bh
  dw 00680h,base+02F36h
  dw 00780h,base+03032h
  dw 00780h,base+03039h
  dw 00709h,base+03040h
  dw 00178h,base+00001h
  dw 00508h,base+01DC5h
  dw 00278h,base+00322h
  dw 00607h,base+0349Fh
  dw 0037Ah,base+02CCAh
  dw 00A80h,base+01F80h
  dw 00A80h,base+01F8Ah
  dw 00A81h,base+01F94h
  dw 00980h,base+025F9h
  dw 00980h,base+02602h
  dw 0097Fh,base+0260Bh
  dw 00B80h,base+01A13h
  dw 00B7Bh,base+01A1Eh
  dw 00103h,base+00007h
  dw 00102h,base+0011Ah
  dw 00B7Ah,base+01A29h
  dw 00406h,base+03B02h
  dw 00B7Ah,base+01A34h
  dw 00407h,base+03B06h
  dw 00B79h,base+01A3Fh
  dw 00406h,base+03B46h
  dw 00C7Ah,base+01618h
  dw 00406h,base+03B4Ah
  dw 00C7Bh,base+01624h
  dw 00305h,base+01315h
  dw 00C7Bh,base+01630h
  dw 00405h,base+03B4Eh
  dw 00C7Bh,base+0163Ch
  dw 00708h,base+03047h
  dw 00878h,base+02C12h
  dw 00709h,base+0304Eh
  dw 00776h,base+03055h
  dw 00104h,base+0014Bh
  dw 00307h,base+0004Dh
  dw 00679h,base+034A5h
  dw 00307h,base+03166h
  dw 0077Ah,base+0305Ch
  dw 00206h,base+00530h
  dw 0077Ah,base+03063h
  dw 00106h,base+0001Ah
  dw 00780h,base+0306Ah
  dw 00880h,base+02C1Ah
  dw 00880h,base+02C22h
  dw 00880h,base+02C2Ah
  dw 00880h,base+02C32h
  dw 00880h,base+02C3Ah
  dw 00880h,base+02C42h
  dw 0087Fh,base+02C4Ah
  dw 00980h,base+02614h
  dw 0097Fh,base+0261Dh
  dw 00A80h,base+01F9Eh
  dw 00A7Fh,base+01FA8h
  dw 00B80h,base+01A4Ah
  dw 00B7Fh,base+01A55h
  dw 00C80h,base+01648h
  dw 00C7Fh,base+01654h
  dw 00D80h,base+01234h
  dw 00D80h,base+01241h
  dw 00D80h,base+0124Eh
  dw 00D80h,base+0125Bh
  dw 00406h,base+03B52h
  dw 0077Ah,base+03071h
  dw 00406h,base+03B56h
  dw 0077Ah,base+03078h
  dw 00407h,base+03B5Ah
  dw 0067Ah,base+00200h
  dw 00306h,base+0162Fh
  dw 0067Ah,base+034ABh
  dw 00306h,base+0162Fh
  dw 0077Ah,base+0307Fh
  dw 00307h,base+03D76h
  dw 00679h,base+034B1h
  dw 00307h,base+00643h
  dw 00679h,base+034B7h
  dw 00308h,base+01039h
  dw 00678h,base+034BDh
  dw 00309h,base+01714h
  dw 00577h,base+03782h
  dw 0030Ah,base+03E3Ch
  dw 00476h,base+03B5Eh
  dw 0030Bh,base+03E3Fh
  dw 00475h,base+03B62h
  dw 0030Bh,base+03DE2h
  dw 00575h,base+03787h
  dw 0030Ch,base+03E42h
  dw 00474h,base+03B66h
  dw 0030Dh,base+03E12h
  dw 00473h,base+03B6Ah
  dw 0030Eh,base+03E45h
  dw 00372h,base+02ED5h
  dw 0020Eh,base+0093Bh
  dw 00372h,base+03E48h
  dw 0020Eh,base+0093Bh
  dw 00373h,base+03E4Bh
  dw 0010Dh,base+00023h
  dw 00372h,base+03E4Eh
  dw 0020Eh,base+00444h
  dw 00271h,base+000CDh
  dw 0040Eh,base+03B6Eh
  dw 00371h,base+02719h
  dw 0050Fh,base+0378Ch
  dw 00370h,base+0172Dh
  dw 00610h,base+034C3h
  dw 00370h,base+01523h
  dw 00610h,base+034C9h
  dw 00370h,base+000AFh
  dw 00304h,base+000AFh
  dw 00100h,base+00015h

chunliPage1frame008:
  db 02Ah,040h,068h,044h
  db 07Ch
  db 06Fh,01Bh,01Ch,06Dh,024h
  db 000h,000h
  db 000h,000h
  dw 0017Dh,base+00001h
  dw 00580h,base+02219h
  dw 00580h,base+01D47h
  dw 0057Fh,base+02223h
  dw 0067Fh,base+0267Ah
  dw 00780h,base+02F60h
  dw 00780h,base+02F67h
  dw 00780h,base+02694h
  dw 00781h,base+03086h
  dw 00580h,base+036F1h
  dw 00581h,base+026A7h
  dw 00407h,base+02C6Eh
  dw 00179h,base+00001h
  dw 00880h,base+02AA2h
  dw 00980h,base+02626h
  dw 00980h,base+0262Fh
  dw 00981h,base+02638h
  dw 00880h,base+02C52h
  dw 0087Fh,base+02AB2h
  dw 0097Bh,base+02641h
  dw 00106h,base+0016Ch
  dw 00879h,base+02ABAh
  dw 00407h,base+03A66h
  dw 00879h,base+02AC2h
  dw 00407h,base+03A6Ah
  dw 00879h,base+02ACAh
  dw 00406h,base+03A6Eh
  dw 0097Ah,base+023E6h
  dw 00306h,base+03DCAh
  dw 0097Ah,base+023EFh
  dw 00406h,base+03A72h
  dw 0097Bh,base+023F8h
  dw 00304h,base+03DCDh
  dw 00A7Ch,base+01E68h
  dw 00E81h,base+00F59h
  dw 00D81h,base+011CCh
  dw 00C81h,base+01564h
  dw 00B80h,base+01937h
  dw 00B81h,base+01942h
  dw 00102h,base+00005h
  dw 00881h,base+02AD2h
  dw 0077Ah,base+0308Dh
  dw 00406h,base+003D3h
  dw 0077Ah,base+03094h
  dw 00E7Fh,base+00FD7h
  dw 00F80h,base+00CCAh
  dw 00F80h,base+00CD9h
  dw 01080h,base+00A6Dh
  dw 01080h,base+00A7Dh
  dw 01081h,base+00A8Dh
  dw 00F80h,base+00CE8h
  dw 00F80h,base+00CF7h
  dw 01080h,base+00A9Dh
  dw 01080h,base+00AADh
  dw 00304h,base+00092h
  dw 00C7Ch,base+01660h
  dw 00305h,base+00111h
  dw 00B7Bh,base+01A60h
  dw 00305h,base+00B61h
  dw 00B7Bh,base+01A6Bh
  dw 00306h,base+037B4h
  dw 00A7Ah,base+01FB2h
  dw 00307h,base+03E51h
  dw 00979h,base+0264Ah
  dw 00307h,base+00E4Bh
  dw 00979h,base+02653h
  dw 00307h,base+03734h
  dw 00979h,base+0265Ch
  dw 00307h,base+00D27h
  dw 00979h,base+02665h
  dw 00307h,base+03E54h
  dw 00979h,base+0266Eh
  dw 00307h,base+03E57h
  dw 00A79h,base+01FBCh
  dw 00307h,base+03E5Ah
  dw 00B79h,base+01A76h
  dw 00308h,base+03E5Dh
  dw 00A78h,base+01FC6h
  dw 0030Ah,base+03E60h
  dw 00876h,base+02C5Ah
  dw 0030Bh,base+03E63h
  dw 00775h,base+0309Bh
  dw 0030Dh,base+03E66h
  dw 00572h,base+03791h
  dw 0040Eh,base+03B72h
  dw 00102h,base+00001h
  dw 0036Fh,base+03E69h
  dw 00511h,base+0370Ah
  dw 0036Fh,base+03E6Ch
  dw 00510h,base+03608h
  dw 0046Fh,base+03B76h
  dw 00611h,base+033FDh
  dw 0036Fh,base+03E6Fh
  dw 00304h,base+003D3h
  dw 0010Dh,base+0002Dh
  dw 00300h,base+009D4h

chunliPage1frame009:
  db 01Ch,05Fh,070h,024h
  db 084h
  db 074h,022h,028h,071h,022h
  db 000h,000h
  db 000h,000h
  dw 0017Dh,base+00001h
  dw 0057Dh,base+02219h
  dw 00103h,base+0000Dh
  dw 0057Dh,base+01D47h
  dw 0087Fh,base+02C62h
  dw 00980h,base+02677h
  dw 00980h,base+02680h
  dw 00980h,base+02689h
  dw 0097Fh,base+02692h
  dw 00A81h,base+01FD0h
  dw 00980h,base+0269Bh
  dw 00980h,base+026A4h
  dw 00809h,base+02C6Ah
  dw 00177h,base+00001h
  dw 00B81h,base+01A81h
  dw 00A81h,base+01FDAh
  dw 00980h,base+026ADh
  dw 00980h,base+026B6h
  dw 00981h,base+026BFh
  dw 00880h,base+02C72h
  dw 0087Fh,base+02C7Ah
  dw 00980h,base+026C8h
  dw 00880h,base+02C82h
  dw 00880h,base+02C8Ah
  dw 00881h,base+02C92h
  dw 00780h,base+030A2h
  dw 00780h,base+030A9h
  dw 00680h,base+034CFh
  dw 00680h,base+034D5h
  dw 0067Eh,base+034DBh
  dw 00780h,base+030B0h
  dw 00780h,base+030B7h
  dw 00780h,base+030BEh
  dw 00780h,base+030C5h
  dw 00782h,base+030CCh
  dw 00580h,base+03796h
  dw 0067Fh,base+034E1h
  dw 00780h,base+030D3h
  dw 00880h,base+02C9Ah
  dw 00880h,base+02CA2h
  dw 00880h,base+02CAAh
  dw 00880h,base+02CB2h
  dw 0097Fh,base+026D1h
  dw 00A80h,base+01FE4h
  dw 00A80h,base+01FEEh
  dw 00A7Fh,base+01FF8h
  dw 00B80h,base+01A8Ch
  dw 00B80h,base+01A97h
  dw 00B7Fh,base+01AA2h
  dw 00C80h,base+0166Ch
  dw 00C80h,base+01678h
  dw 00C7Fh,base+01684h
  dw 00D80h,base+01268h
  dw 00D80h,base+01275h
  dw 00D7Fh,base+01282h
  dw 00607h,base+034E7h
  dw 00779h,base+030DAh
  dw 00507h,base+0379Bh
  dw 00779h,base+030E1h
  dw 00407h,base+03B7Ah
  dw 00779h,base+030E8h
  dw 00407h,base+03B7Eh
  dw 0077Ah,base+030EFh
  dw 00306h,base+001D3h
  dw 0077Ah,base+030F6h
  dw 00406h,base+01558h
  dw 0077Ah,base+030FDh
  dw 00407h,base+0147Eh
  dw 0067Ah,base+034EDh
  dw 00306h,base+001E7h
  dw 0057Ah,base+037A0h
  dw 00406h,base+03B82h
  dw 0057Ah,base+037A5h
  dw 00406h,base+019B0h
  dw 0047Ah,base+03B86h
  dw 00407h,base+019B0h
  dw 0037Ah,base+01536h
  dw 00306h,base+00B61h
  dw 0037Ah,base+0011Fh
  dw 00406h,base+03B8Ah
  dw 0037Ah,base+02716h
  dw 00406h,base+03B8Eh
  dw 0037Ah,base+03E72h
  dw 00306h,base+03E75h
  dw 0037Ah,base+03E78h
  dw 00306h,base+03DF1h
  dw 0037Bh,base+00A4Fh
  dw 00205h,base+00220h
  dw 0037Bh,base+00601h
  dw 00205h,base+00312h
  dw 0037Bh,base+01601h
  dw 00305h,base+03E7Bh
  dw 0037Ch,base+008B4h
  dw 00304h,base+03E7Eh
  dw 0037Ch,base+008B4h
  dw 00304h,base+03E81h
  dw 0037Ch,base+03E84h
  dw 00304h,base+03E87h
  dw 0037Ch,base+03E8Ah
  dw 00204h,base+00220h
  dw 0037Ch,base+03E8Dh
  dw 00204h,base+0093Bh
  dw 0037Ch,base+006FBh
  dw 00204h,base+0093Bh
  dw 0037Ch,base+026E5h
  dw 00204h,base+0093Bh
  dw 0027Ch,base+03DABh
  dw 00204h,base+01DD4h
  dw 0027Ch,base+03DABh
  dw 00204h,base+006B5h
  dw 0027Ch,base+00312h
  dw 00204h,base+0169Ch
  dw 0037Ch,base+03E12h
  dw 00204h,base+03F8Fh
  dw 0037Ch,base+016D3h
  dw 00104h,base+00001h
  dw 00380h,base+02746h
  dw 00381h,base+03E90h
  dw 00280h,base+0013Dh
  dw 00280h,base+00020h
  dw 00280h,base+03F91h
  dw 00280h,base+003A9h
  dw 0027Fh,base+02DE0h
  dw 00380h,base+03E93h
  dw 00280h,base+00283h
  dw 00280h,base+03F93h
  dw 00180h,base+00001h
  dw 00100h,base+00005h

chunliPage1frame010:
  db 022h,03Ah,06Ch,025h
  db 072h
  db 06Dh,022h,015h,06Bh,022h
  db 000h,000h
  db 000h,000h
  dw 00102h,base+00001h
  dw 0027Eh,base+00001h
  dw 0047Fh,base+0387Dh
  dw 00680h,base+03409h
  dw 0067Fh,base+032B0h
  dw 00780h,base+03024h
  dw 00780h,base+0302Bh
  dw 00780h,base+03104h
  dw 00708h,base+0310Bh
  dw 00278h,base+00001h
  dw 00B80h,base+01AADh
  dw 00607h,base+03040h
  dw 0047Ah,base+02A6Ah
  dw 00A80h,base+02002h
  dw 00A81h,base+0200Ch
  dw 0097Fh,base+026DAh
  dw 00A80h,base+02016h
  dw 00B80h,base+01AB8h
  dw 00B80h,base+01AC3h
  dw 00C80h,base+01690h
  dw 00C81h,base+0169Ch
  dw 00C80h,base+016A8h
  dw 00C81h,base+016B4h
  dw 00708h,base+03112h
  dw 00378h,base+00FB6h
  dw 00B80h,base+01ACEh
  dw 00B80h,base+01AD9h
  dw 00B80h,base+01AE4h
  dw 00B80h,base+01AEFh
  dw 00A80h,base+02020h
  dw 00A80h,base+0202Ah
  dw 00B81h,base+01AFAh
  dw 00A7Fh,base+02034h
  dw 00C7Fh,base+016C0h
  dw 00D7Fh,base+0128Fh
  dw 00E7Fh,base+00FE5h
  dw 00F80h,base+00D06h
  dw 0107Fh,base+00ABDh
  dw 01180h,base+0086Fh
  dw 01180h,base+00880h
  dw 01180h,base+00891h
  dw 01180h,base+008A2h
  dw 01180h,base+008B3h
  dw 01180h,base+008C4h
  dw 01181h,base+008D5h
  dw 01081h,base+00ACDh
  dw 00F82h,base+00D15h
  dw 00D81h,base+0129Ch
  dw 00C81h,base+016CCh
  dw 00102h,base+00001h
  dw 00980h,base+026E3h
  dw 00980h,base+026ECh
  dw 00980h,base+026F5h
  dw 00980h,base+026FEh
  dw 00880h,base+02CBAh
  dw 00880h,base+02CC2h
  dw 00304h,base+03E96h
  dw 0047Ch,base+03B92h
  dw 00304h,base+01F68h
  dw 0047Ch,base+03B96h
  dw 00304h,base+03E99h
  dw 0037Dh,base+0101Ah
  dw 00203h,base+00F3Bh
  dw 0037Dh,base+01487h
  dw 00203h,base+03F95h
  dw 0027Dh,base+00D6Dh
  dw 00203h,base+00A63h
  dw 00280h,base+00146h
  dw 00100h,base+0000Dh

chunliPage1frame011:
  db 046h,03Eh,054h,03Dh
  db 08Ch
  db 066h,033h,01Bh,053h,02Eh
  db 000h,000h
  db 000h,000h
  dw 0017Ch,base+0019Ch
  dw 00204h,base+000AFh
  dw 0027Ch,base+00C9Eh
  dw 00304h,base+002D0h
  dw 0027Ch,base+00049h
  dw 00680h,base+034F3h
  dw 00680h,base+034F9h
  dw 00780h,base+03119h
  dw 00780h,base+03120h
  dw 00780h,base+03127h
  dw 00708h,base+0312Eh
  dw 00177h,base+0002Dh
  dw 0077Fh,base+03135h
  dw 00809h,base+02CCAh
  dw 00102h,base+0002Dh
  dw 00175h,base+0002Dh
  dw 0080Ah,base+02CD2h
  dw 00272h,base+00049h
  dw 0107Fh,base+00ADDh
  dw 0117Fh,base+008E6h
  dw 01380h,base+006FFh
  dw 0137Fh,base+00712h
  dw 0147Fh,base+00583h
  dw 0157Fh,base+00487h
  dw 0157Fh,base+0049Ch
  dw 01680h,base+0033Dh
  dw 0167Fh,base+00353h
  dw 00C0Dh,base+016D8h
  dw 00A73h,base+0203Eh
  dw 00C0Eh,base+016E4h
  dw 00405h,base+03B9Ah
  dw 0046Ch,base+03B32h
  dw 00D0Fh,base+012A9h
  dw 00405h,base+03B9Eh
  dw 0036Ch,base+0065Bh
  dw 00C0Fh,base+016F0h
  dw 00406h,base+03BA2h
  dw 0026Ch,base+00049h
  dw 00B0Fh,base+01B05h
  dw 00205h,base+0017Dh
  dw 0026Bh,base+00049h
  dw 00C10h,base+016FCh
  dw 00270h,base+00001h
  dw 00C7Fh,base+01708h
  dw 00D80h,base+012B6h
  dw 00D80h,base+012C3h
  dw 00C7Fh,base+01714h
  dw 00D80h,base+012D0h
  dw 00809h,base+02CDAh
  dw 00477h,base+03BA6h
  dw 00809h,base+02CE2h
  dw 00477h,base+03BAAh
  dw 00709h,base+0313Ch
  dw 00376h,base+03E9Ch
  dw 00809h,base+02CEAh
  dw 00477h,base+03BAEh
  dw 00709h,base+03143h
  dw 00376h,base+03E9Fh
  dw 0080Bh,base+02CF2h
  dw 00175h,base+0011Ah
  dw 0080Bh,base+02CFAh
  dw 00174h,base+000A3h
  dw 00980h,base+02707h
  dw 00980h,base+02710h
  dw 00305h,base+03EA2h
  dw 0047Bh,base+0272Bh
  dw 00305h,base+03913h
  dw 0047Ah,base+00095h
  dw 00406h,base+03BB2h
  dw 0047Ah,base+01932h
  dw 00306h,base+03DE8h
  dw 00479h,base+02129h
  dw 00306h,base+01C93h
  dw 00479h,base+03BB6h
  dw 00407h,base+03926h
  dw 00477h,base+03BBAh
  dw 00609h,base+034FFh
  dw 00377h,base+03E87h
  dw 00609h,base+03505h
  dw 00377h,base+03EA5h
  dw 00608h,base+0350Bh
  dw 00478h,base+03BBEh
  dw 00508h,base+037AAh
  dw 0037Bh,base+033E4h
  dw 00205h,base+00204h
  dw 0027Fh,base+000CEh
  dw 00380h,base+02185h
  dw 00280h,base+00058h
  dw 0027Fh,base+023F3h
  dw 00480h,base+03BC2h
  dw 00480h,base+03BC6h
  dw 0047Fh,base+03BCAh
  dw 0057Fh,base+037AFh
  dw 00380h,base+02597h
  dw 00380h,base+02B3Bh
  dw 00200h,base+00029h

chunliPage1frame012:
  db 03Eh,047h,04Eh,020h
  db 056h
  db 04Eh,02Dh,019h,064h,028h
  db 000h,000h
  db 000h,000h
  dw 0037Fh,base+000AFh
  dw 00481h,base+03BCEh
  dw 00480h,base+008B5h
  dw 00581h,base+037B4h
  dw 00480h,base+03BD2h
  dw 00481h,base+03BD6h
  dw 0037Eh,base+0017Fh
  dw 00102h,base+0002Dh
  dw 0047Dh,base+03BC2h
  dw 00304h,base+037BBh
  dw 0047Ah,base+0336Bh
  dw 00507h,base+037B9h
  dw 00378h,base+03EA8h
  dw 00608h,base+03511h
  dw 00479h,base+03BDAh
  dw 00508h,base+037BEh
  dw 00478h,base+03BDEh
  dw 00C81h,base+01720h
  dw 00C81h,base+0172Ch
  dw 00B82h,base+01B10h
  dw 00981h,base+02719h
  dw 00881h,base+02D02h
  dw 00880h,base+02D0Ah
  dw 00982h,base+02722h
  dw 00980h,base+0272Bh
  dw 00A81h,base+02048h
  dw 00A80h,base+02052h
  dw 00A81h,base+0205Ch
  dw 00A80h,base+02066h
  dw 00B81h,base+01B1Bh
  dw 00B80h,base+01B26h
  dw 00B81h,base+01B31h
  dw 00B80h,base+01B3Ch
  dw 00B81h,base+01B47h
  dw 00A80h,base+02070h
  dw 00A81h,base+0207Ah
  dw 00980h,base+02734h
  dw 0090Bh,base+0273Dh
  dw 00376h,base+0003Ah
  dw 00E80h,base+00FF3h
  dw 00E81h,base+01001h
  dw 00E81h,base+0100Fh
  dw 00D80h,base+012DDh
  dw 00709h,base+0314Ah
  dw 00203h,base+00168h
  dw 00175h,base+00001h
  dw 00609h,base+03517h
  dw 00102h,base+00001h
  dw 00175h,base+00000h
  dw 00509h,base+037C3h
  dw 00102h,base+00000h
  dw 00175h,base+00000h
  dw 00509h,base+037C8h
  dw 00176h,base+00000h
  dw 0067Ch,base+0351Dh
  dw 00104h,base+000DEh
  dw 0067Ch,base+03523h
  dw 00104h,base+00014h
  dw 0067Ch,base+03529h
  dw 00204h,base+00480h
  dw 0077Ch,base+03151h
  dw 00204h,base+00039h
  dw 0087Ch,base+02D12h
  dw 00506h,base+037CDh
  dw 0067Ah,base+0352Fh
  dw 00506h,base+037D2h
  dw 0077Bh,base+03158h
  dw 00405h,base+037D3h
  dw 0087Bh,base+02D1Ah
  dw 00305h,base+03EABh
  dw 0087Ch,base+02D22h
  dw 00104h,base+00005h
  dw 00980h,base+02746h
  dw 00981h,base+0274Fh
  dw 00880h,base+02D2Ah
  dw 00880h,base+02D32h
  dw 0077Fh,base+0315Fh
  dw 0087Fh,base+02D3Ah
  dw 00980h,base+02758h
  dw 00C80h,base+01738h
  dw 00C7Dh,base+01744h
  dw 00507h,base+037D7h
  dw 0087Ah,base+02D42h
  dw 00307h,base+00FB5h
  dw 00779h,base+03166h
  dw 00307h,base+0065Fh
  dw 0077Ah,base+0316Dh
  dw 00307h,base+03EAEh
  dw 00678h,base+03535h
  dw 00408h,base+0174Ch
  dw 00678h,base+0353Bh
  dw 00508h,base+037DCh
  dw 00677h,base+03541h
  dw 0050Ah,base+037E1h
  dw 00477h,base+03BE2h
  dw 00409h,base+03BE6h
  dw 00478h,base+03BEAh
  dw 00308h,base+03EB1h
  dw 00378h,base+02E0Eh
  dw 00209h,base+00897h
  dw 00278h,base+0029Ah
  dw 00107h,base+0002Dh
  dw 00280h,base+02E3Bh
  dw 00100h,base+0002Dh

chunliPage1frame013:
  db 01Eh,05Ch,072h,00Fh
  db 084h
  db 077h,022h,030h,071h,022h
  db 000h,000h
  db 000h,000h
  dw 00180h,base+00001h
  dw 0017Ch,base+00057h
  dw 00204h,base+0178Dh
  dw 0027Ch,base+00157h
  dw 00204h,base+03BD6h
  dw 0027Ch,base+00CA6h
  dw 00204h,base+003CAh
  dw 0027Dh,base+003CAh
  dw 00103h,base+00023h
  dw 0027Dh,base+000CCh
  dw 00103h,base+0001Eh
  dw 0027Dh,base+0013Bh
  dw 00103h,base+0001Eh
  dw 0027Dh,base+000F0h
  dw 00203h,base+0107Bh
  dw 0027Dh,base+000F0h
  dw 00203h,base+000CDh
  dw 0027Dh,base+000A6h
  dw 00680h,base+03547h
  dw 00680h,base+0354Dh
  dw 00203h,base+00548h
  dw 0037Dh,base+01131h
  dw 00203h,base+00C0Ah
  dw 0027Dh,base+00C0Ah
  dw 00580h,base+037E6h
  dw 00480h,base+03BEEh
  dw 00480h,base+03BF2h
  dw 0047Fh,base+03BF6h
  dw 00680h,base+03553h
  dw 00680h,base+03559h
  dw 00580h,base+037EBh
  dw 00580h,base+037EBh
  dw 00580h,base+037F0h
  dw 00580h,base+037F5h
  dw 00580h,base+037FAh
  dw 00580h,base+037FFh
  dw 00580h,base+03804h
  dw 00580h,base+03809h
  dw 0057Fh,base+0380Eh
  dw 00580h,base+03813h
  dw 00580h,base+03818h
  dw 00580h,base+0381Dh
  dw 00480h,base+03BFAh
  dw 00480h,base+03BFEh
  dw 00580h,base+03822h
  dw 00580h,base+03827h
  dw 00580h,base+0382Ch
  dw 00580h,base+03831h
  dw 0057Fh,base+03836h
  dw 00680h,base+0355Fh
  dw 00680h,base+0355Fh
  dw 00680h,base+03565h
  dw 00680h,base+0356Bh
  dw 00680h,base+0356Bh
  dw 00780h,base+03174h
  dw 00780h,base+03174h
  dw 00780h,base+0317Bh
  dw 00780h,base+03182h
  dw 00708h,base+03189h
  dw 00178h,base+0000Dh
  dw 00A80h,base+02084h
  dw 00B7Eh,base+01B52h
  dw 00102h,base+00001h
  dw 00B7Eh,base+01B5Dh
  dw 00D7Fh,base+012EAh
  dw 00E80h,base+0101Dh
  dw 00E80h,base+0102Bh
  dw 00F80h,base+00D24h
  dw 00F80h,base+00D33h
  dw 00F80h,base+00D42h
  dw 00203h,base+00763h
  dw 00C7Eh,base+01750h
  dw 00102h,base+00013h
  dw 00C7Eh,base+0175Ch
  dw 00102h,base+00013h
  dw 00507h,base+0383Bh
  dw 00203h,base+00106h
  dw 00274h,base+03F97h
  dw 00809h,base+02D4Ah
  dw 00203h,base+022ABh
  dw 00275h,base+03F97h
  dw 00709h,base+03190h
  dw 00102h,base+00023h
  dw 00174h,base+00053h
  dw 0090Ah,base+02761h
  dw 00102h,base+00053h
  dw 00175h,base+00053h
  dw 0080Bh,base+02D52h
  dw 00175h,base+00053h
  dw 00880h,base+02D5Ah
  dw 00980h,base+0276Ah
  dw 00980h,base+02773h
  dw 00A81h,base+0208Eh
  dw 00980h,base+0277Ch
  dw 0097Eh,base+02785h
  dw 00B80h,base+01B68h
  dw 00B80h,base+01B73h
  dw 00B7Fh,base+01B7Eh
  dw 00C80h,base+01768h
  dw 00B80h,base+01B89h
  dw 00B81h,base+01B94h
  dw 00980h,base+0278Eh
  dw 00980h,base+02797h
  dw 00880h,base+02D62h
  dw 00980h,base+027A0h
  dw 00982h,base+027A9h
  dw 00780h,base+03197h
  dw 00781h,base+0319Eh
  dw 00680h,base+03032h
  dw 00680h,base+02F36h
  dw 00780h,base+0302Bh
  dw 00781h,base+03024h
  dw 00680h,base+032B0h
  dw 00681h,base+03409h
  dw 00480h,base+0387Dh
  dw 00102h,base+00001h
  dw 00200h,base+00001h

chunliPage1frame014:
  db 03Eh,04Dh,06Ah,023h
  db 098h
  db 074h,033h,02Ch,069h,024h
  db 000h,000h
  db 000h,000h
  dw 0017Fh,base+0017Ch
  dw 00280h,base+0001Dh
  dw 00280h,base+000A6h
  dw 00280h,base+0067Eh
  dw 0027Fh,base+017A9h
  dw 00380h,base+03EB4h
  dw 0037Fh,base+03EB7h
  dw 00380h,base+03EB4h
  dw 0037Fh,base+03EBAh
  dw 00480h,base+03C02h
  dw 0037Fh,base+02131h
  dw 0037Fh,base+03381h
  dw 0047Fh,base+03C06h
  dw 00580h,base+03840h
  dw 0047Fh,base+03C0Ah
  dw 00580h,base+03845h
  dw 00580h,base+0384Ah
  dw 0047Fh,base+03C0Eh
  dw 00580h,base+0115Fh
  dw 0057Fh,base+00DF6h
  dw 0067Fh,base+03571h
  dw 00611h,base+03577h
  dw 0016Eh,base+0000Dh
  dw 00711h,base+031A5h
  dw 0036Eh,base+00B4Ah
  dw 00710h,base+031ACh
  dw 0056Fh,base+0384Fh
  dw 00711h,base+031B3h
  dw 0056Fh,base+03854h
  dw 0070Fh,base+031BAh
  dw 00770h,base+031C1h
  dw 0080Dh,base+02D6Ah
  dw 00973h,base+027B2h
  dw 0070Ch,base+031C8h
  dw 00873h,base+02D72h
  dw 0080Dh,base+02D7Ah
  dw 00773h,base+031CFh
  dw 0070Ch,base+031D6h
  dw 00774h,base+031DDh
  dw 0070Bh,base+031E4h
  dw 00875h,base+02D82h
  dw 00709h,base+031EBh
  dw 00976h,base+027BBh
  dw 00709h,base+031F2h
  dw 00977h,base+027C4h
  dw 00708h,base+031F9h
  dw 00978h,base+027CDh
  dw 00607h,base+0357Dh
  dw 00979h,base+027D6h
  dw 00F80h,base+00D51h
  dw 00E80h,base+01039h
  dw 00E80h,base+01047h
  dw 00D80h,base+012F7h
  dw 00D80h,base+01304h
  dw 00C80h,base+01774h
  dw 00C80h,base+01780h
  dw 00B80h,base+01B9Fh
  dw 00B80h,base+01BAAh
  dw 00B7Ch,base+01BB5h
  dw 00104h,base+0000Dh
  dw 00B7Bh,base+01BC0h
  dw 00304h,base+00319h
  dw 00D7Ch,base+01311h
  dw 01180h,base+008F7h
  dw 01180h,base+00908h
  dw 01180h,base+00919h
  dw 01180h,base+0092Ah
  dw 00B0Ch,base+01BCBh
  dw 00574h,base+03859h
  dw 00B0Ch,base+01BD6h
  dw 00574h,base+0385Eh
  dw 00B0Ch,base+01BE1h
  dw 00574h,base+03863h
  dw 00A0Ch,base+02098h
  dw 00573h,base+03868h
  dw 00B0Dh,base+01BECh
  dw 00203h,base+002EAh
  dw 00270h,base+011EDh
  dw 00B0Dh,base+01BF7h
  dw 00104h,base+00001h
  dw 0016Fh,base+000D1h
  dw 00B0Dh,base+01C02h
  dw 00173h,base+002CAh
  dw 00B80h,base+01C0Dh
  dw 00B80h,base+01C18h
  dw 00A81h,base+020A2h
  dw 00A80h,base+020ACh
  dw 00203h,base+00322h
  dw 0077Dh,base+03200h
  dw 00102h,base+00001h
  dw 00880h,base+02D8Ah
  dw 0077Fh,base+03207h
  dw 00405h,base+03C12h
  dw 0037Bh,base+03EBDh
  dw 00406h,base+03C16h
  dw 0017Ah,base+00058h
  dw 00406h,base+03C1Ah
  dw 0017Ah,base+00001h
  dw 00480h,base+03C1Eh
  dw 0047Fh,base+03C22h
  dw 00680h,base+03583h
  dw 00680h,base+03589h
  dw 00780h,base+0320Eh
  dw 00780h,base+03215h
  dw 00780h,base+0321Ch
  dw 00683h,base+0358Fh
  dw 00300h,base+021F3h

chunliPage1frame015:
  db 032h,04Ah,062h,03Ch
  db 072h
  db 060h,02Eh,01Fh,07Ah,022h
  db 000h,000h
  db 000h,000h
  dw 0017Fh,base+00001h
  dw 00380h,base+022DAh
  dw 0037Fh,base+026CDh
  dw 00580h,base+0386Dh
  dw 00580h,base+03872h
  dw 00580h,base+03877h
  dw 00680h,base+03595h
  dw 00680h,base+0359Bh
  dw 00708h,base+03223h
  dw 00174h,base+00001h
  dw 00204h,base+01311h
  dw 00A7Ch,base+020B6h
  dw 00203h,base+002EAh
  dw 00C7Ch,base+0178Ch
  dw 01180h,base+0093Bh
  dw 01280h,base+00797h
  dw 0127Fh,base+007A9h
  dw 01480h,base+00597h
  dw 01480h,base+005ABh
  dw 01580h,base+004B1h
  dw 01580h,base+004C6h
  dw 01581h,base+004DBh
  dw 01480h,base+005BFh
  dw 01480h,base+005D3h
  dw 01481h,base+005E7h
  dw 00304h,base+0321Eh
  dw 0107Dh,base+00AEDh
  dw 00103h,base+0000Dh
  dw 0107Fh,base+00AFDh
  dw 01180h,base+0094Ch
  dw 00708h,base+0322Ah
  dw 00978h,base+027DFh
  dw 00608h,base+035A1h
  dw 00978h,base+027E8h
  dw 00405h,base+03C26h
  dw 00103h,base+0019Ch
  dw 00978h,base+027F1h
  dw 00305h,base+00942h
  dw 00103h,base+000D4h
  dw 00978h,base+027FAh
  dw 00208h,base+001A6h
  dw 00979h,base+02803h
  dw 00107h,base+0000Dh
  dw 00980h,base+0280Ch
  dw 00980h,base+02815h
  dw 00880h,base+02D92h
  dw 00880h,base+02D9Ah
  dw 00881h,base+02DA2h
  dw 00780h,base+03231h
  dw 00780h,base+03231h
  dw 00780h,base+03238h
  dw 00880h,base+02DAAh
  dw 00304h,base+01BBBh
  dw 0047Ch,base+03C2Ah
  dw 00304h,base+03EC0h
  dw 0047Ch,base+03C2Eh
  dw 00305h,base+03EC3h
  dw 0037Bh,base+00319h
  dw 00305h,base+00C91h
  dw 0037Bh,base+002D4h
  dw 00305h,base+0010Ah
  dw 0047Bh,base+03C32h
  dw 00405h,base+03C36h
  dw 0047Ch,base+03C3Ah
  dw 00304h,base+013EEh
  dw 0047Ch,base+03C3Eh
  dw 00304h,base+00F4Bh
  dw 0047Ch,base+03C42h
  dw 00405h,base+03C46h
  dw 0037Bh,base+03EC6h
  dw 00405h,base+03C4Ah
  dw 0037Bh,base+01717h
  dw 00405h,base+03C4Eh
  dw 0037Bh,base+03C52h
  dw 00405h,base+03C4Eh
  dw 0047Ch,base+03C52h
  dw 00305h,base+0001Ah
  dw 0037Bh,base+03EC9h
  dw 00305h,base+0001Ah
  dw 0037Bh,base+03DE8h
  dw 00305h,base+03ECCh
  dw 0037Bh,base+03ECFh
  dw 00405h,base+03C56h
  dw 0037Ch,base+0353Eh
  dw 00304h,base+03ED2h
  dw 0037Ch,base+02185h
  dw 00305h,base+03ED5h
  dw 0027Bh,base+00C0Ah
  dw 00305h,base+03ED8h
  dw 0027Bh,base+0001Eh
  dw 00305h,base+03EDBh
  dw 0037Ch,base+03EDEh
  dw 00204h,base+000EEh
  dw 0037Ch,base+01516h
  dw 00304h,base+03EE1h
  dw 0037Ch,base+03EE4h
  dw 00304h,base+0030Fh
  dw 0037Ch,base+03EE7h
  dw 00305h,base+000CCh
  dw 0027Bh,base+00562h
  dw 00305h,base+01CA9h
  dw 0027Ch,base+0008Bh
  dw 00204h,base+00775h
  dw 0027Ch,base+00071h
  dw 00204h,base+01132h
  dw 0027Ch,base+00058h
  dw 00204h,base+0107Bh
  dw 0027Ch,base+016A9h
  dw 00204h,base+0107Bh
  dw 0027Ch,base+006B5h
  dw 00204h,base+0107Bh
  dw 0027Ch,base+00BD4h
  dw 00205h,base+00610h
  dw 0017Bh,base+00013h
  dw 00205h,base+02DE0h
  dw 0017Bh,base+00273h
  dw 00280h,base+0071Eh
  dw 00180h,base+00001h
  dw 00100h,base+0000Dh

chunliPage1frame016:
  db 03Ah,04Eh,05Ah,036h
  db 076h
  db 059h,031h,019h,062h,032h
  db 059h,046h
  db 06Ch,044h
  dw 00102h,base+00001h
  dw 0027Dh,base+00001h
  dw 00580h,base+0387Ch
  dw 00680h,base+03409h
  dw 0067Fh,base+032B0h
  dw 00780h,base+03024h
  dw 00780h,base+0302Bh
  dw 00780h,base+0323Fh
  dw 00780h,base+03032h
  dw 00780h,base+03246h
  dw 00681h,base+03040h
  dw 00581h,base+03881h
  dw 00577h,base+03886h
  dw 00109h,base+005ABh
  dw 00574h,base+0388Bh
  dw 00103h,base+00008h
  dw 00107h,base+0002Eh
  dw 00975h,base+0281Eh
  dw 00506h,base+03890h
  dw 00105h,base+0000Dh
  dw 00974h,base+02827h
  dw 01680h,base+00369h
  dw 01680h,base+0037Fh
  dw 01681h,base+00395h
  dw 01580h,base+004F0h
  dw 01583h,base+00505h
  dw 01280h,base+007BBh
  dw 00203h,base+00049h
  dw 00206h,base+0011Eh
  dw 00978h,base+02830h
  dw 00108h,base+0002Eh
  dw 00A78h,base+020C0h
  dw 00108h,base+005ABh
  dw 00A81h,base+020CAh
  dw 00980h,base+02839h
  dw 00981h,base+02842h
  dw 00880h,base+02DB2h
  dw 00506h,base+03895h
  dw 0037Bh,base+0074Dh
  dw 00405h,base+03495h
  dw 0037Bh,base+03451h
  dw 00406h,base+03C5Ah
  dw 0017Ah,base+0000Eh
  dw 00580h,base+0389Ah
  dw 00680h,base+035A7h
  dw 00780h,base+0324Dh
  dw 00780h,base+03254h
  dw 0087Fh,base+02DBAh
  dw 00980h,base+0284Bh
  dw 00A7Fh,base+020D4h
  dw 00B80h,base+01C23h
  dw 00C7Fh,base+01798h
  dw 00D80h,base+0131Eh
  dw 00E7Fh,base+01055h
  dw 00F80h,base+00D60h
  dw 0107Fh,base+00B0Dh
  dw 01180h,base+0095Dh
  dw 0117Fh,base+0096Eh
  dw 01280h,base+007CDh
  dw 01180h,base+0097Fh
  dw 0117Fh,base+00990h
  dw 00708h,base+0325Bh
  dw 00A78h,base+020DEh
  dw 00608h,base+035ADh
  dw 00607h,base+035B3h
  dw 00371h,base+03EEAh
  dw 00509h,base+0000Ah
  dw 00607h,base+035B9h
  dw 00270h,base+03F99h
  dw 00409h,base+00EFAh
  dw 00607h,base+035BFh
  dw 00170h,base+00104h
  dw 00309h,base+03EEDh
  dw 00677h,base+035C5h
  dw 0020Ah,base+000AFh
  dw 00476h,base+035C6h
  dw 0030Ah,base+00229h
  dw 00476h,base+03C5Eh
  dw 0030Bh,base+00EFAh
  dw 00374h,base+03EF0h
  dw 0040Ch,base+01EC2h
  dw 00474h,base+03C62h
  dw 0040Ch,base+019B0h
  dw 00474h,base+03C66h
  dw 0040Ch,base+035C6h
  dw 00574h,base+0389Fh
  dw 0040Ch,base+03C4Eh
  dw 00574h,base+038A4h
  dw 0030Dh,base+03755h
  dw 00573h,base+038A9h
  dw 0030Dh,base+01F1Eh
  dw 00573h,base+038AEh
  dw 0030Dh,base+00E39h
  dw 00573h,base+038B3h
  dw 0030Eh,base+03EF3h
  dw 00472h,base+03C6Ah
  dw 0030Eh,base+02EC3h
  dw 00572h,base+038B8h
  dw 0030Fh,base+033E7h
  dw 00471h,base+03C6Eh
  dw 00310h,base+03E12h
  dw 00370h,base+03EF6h
  dw 00310h,base+03E45h
  dw 00370h,base+0019Eh
  dw 00210h,base+00312h
  dw 00470h,base+03C72h
  dw 00211h,base+00312h
  dw 0036Fh,base+01C93h
  dw 00212h,base+01817h
  dw 0036Eh,base+033B4h
  dw 00212h,base+0001Eh
  dw 0036Dh,base+03AEBh
  dw 00313h,base+03EF9h
  dw 0036Ch,base+03CA7h
  dw 00413h,base+03C76h
  dw 0046Ch,base+03C72h
  dw 00514h,base+038BDh
  dw 0046Ch,base+03C7Ah
  dw 00513h,base+038C2h
  dw 0046Ch,base+03C7Eh
  dw 00614h,base+035CBh
  dw 0046Ch,base+03C82h
  dw 00304h,base+003D3h
  dw 00110h,base+0002Dh
  dw 00300h,base+00029h

chunliPage1frame017:
  db 04Ah,043h,048h,042h
  db 04Ch
  db 047h,030h,015h,04Dh,046h
  db 048h,044h
  db 062h,059h
  dw 0017Fh,base+00057h
  dw 0040Dh,base+03C86h
  dw 00473h,base+03C8Ah
  dw 0050Ch,base+038C7h
  dw 00573h,base+038CCh
  dw 0070Ch,base+03262h
  dw 00774h,base+03269h
  dw 0070Ch,base+03270h
  dw 00774h,base+03277h
  dw 0060Ch,base+035D1h
  dw 00774h,base+0327Eh
  dw 0060Ch,base+035D7h
  dw 00774h,base+03285h
  dw 0060Ch,base+035DDh
  dw 00774h,base+0328Ch
  dw 0070Ch,base+03293h
  dw 00674h,base+035E3h
  dw 0080Ch,base+02DC2h
  dw 00607h,base+035E9h
  dw 0026Eh,base+0056Ch
  dw 0090Bh,base+02854h
  dw 00507h,base+038D1h
  dw 0026Fh,base+0048Fh
  dw 01480h,base+005FBh
  dw 01480h,base+0060Fh
  dw 00203h,base+0005Ah
  dw 0117Dh,base+009A1h
  dw 00205h,base+002FBh
  dw 00F81h,base+00D6Fh
  dw 00E81h,base+01063h
  dw 00C81h,base+017A4h
  dw 00B82h,base+01C2Eh
  dw 00980h,base+0285Dh
  dw 00980h,base+02866h
  dw 00881h,base+02DCAh
  dw 00980h,base+0286Fh
  dw 00A81h,base+020E8h
  dw 00980h,base+02878h
  dw 00980h,base+02881h
  dw 00981h,base+0288Ah
  dw 00881h,base+02DD2h
  dw 00680h,base+035EFh
  dw 00680h,base+035F5h
  dw 0077Fh,base+0329Ah
  dw 00780h,base+032A1h
  dw 0077Eh,base+032A8h
  dw 00A7Eh,base+020F2h
  dw 00D7Eh,base+0132Bh
  dw 0107Fh,base+00B1Dh
  dw 0127Fh,base+007DFh
  dw 01480h,base+00623h
  dw 0157Fh,base+0051Ah
  dw 01680h,base+003ABh
  dw 01780h,base+001CDh
  dw 01780h,base+001E4h
  dw 01780h,base+001FBh
  dw 01780h,base+00212h
  dw 01780h,base+00229h
  dw 00304h,base+001FFh
  dw 0127Ch,base+007F1h
  dw 00305h,base+001E7h
  dw 00306h,base+003D3h
  dw 00B75h,base+01C39h
  dw 0040Bh,base+03C8Eh
  dw 00B75h,base+01C44h
  dw 0040Ch,base+03B82h
  dw 00974h,base+02893h
  dw 0040Ch,base+03C92h
  dw 00A74h,base+020FCh
  dw 0040Ch,base+03C96h
  dw 00B74h,base+01C4Fh
  dw 0040Dh,base+03C9Ah
  dw 00A73h,base+02106h
  dw 0040Dh,base+03755h
  dw 00B73h,base+01C5Ah
  dw 0040Eh,base+03C9Eh
  dw 00A72h,base+02110h
  dw 0040Eh,base+03CA2h
  dw 00506h,base+038D6h
  dw 0056Ch,base+038DBh
  dw 0030Fh,base+0017Fh
  dw 00305h,base+03EFCh
  dw 0056Ch,base+038E0h
  dw 0030Fh,base+03DF1h
  dw 00206h,base+000AFh
  dw 0056Bh,base+038E5h
  dw 00315h,base+03E63h
  dw 0056Bh,base+038EAh
  dw 00316h,base+03EFFh
  dw 0056Ah,base+038EFh
  dw 00317h,base+03F02h
  dw 00569h,base+038F4h
  dw 00217h,base+00312h
  dw 00669h,base+035FBh
  dw 00218h,base+0030Bh
  dw 00668h,base+03601h
  dw 0031Ah,base+031D3h
  dw 00565h,base+038F9h
  dw 0041Bh,base+03CA6h
  dw 00564h,base+038FEh
  dw 0051Dh,base+03903h
  dw 00462h,base+035FCh
  dw 0061Eh,base+03607h
  dw 00462h,base+03CAAh
  dw 0051Fh,base+03908h
  dw 00261h,base+000AFh
  dw 00500h,base+003D3h

chunliPage1frame018:
  db 032h,03Bh,05Eh,04Ah
  db 068h
  db 05Eh,022h,019h,05Fh,030h
  db 000h,000h
  db 000h,000h
  dw 00102h,base+00001h
  dw 0027Eh,base+00001h
  dw 0047Fh,base+0387Dh
  dw 0067Fh,base+03409h
  dw 00780h,base+032AFh
  dw 00780h,base+03024h
  dw 00780h,base+0302Bh
  dw 00780h,base+02F36h
  dw 00780h,base+0310Bh
  dw 00780h,base+032B6h
  dw 00609h,base+03040h
  dw 00178h,base+00001h
  dw 00607h,base+0360Dh
  dw 0027Ah,base+0003Dh
  dw 00980h,base+0289Ch
  dw 00980h,base+028A5h
  dw 00981h,base+028AEh
  dw 00980h,base+028B7h
  dw 0087Fh,base+02DDAh
  dw 0097Ch,base+028C0h
  dw 00D80h,base+01338h
  dw 00D7Fh,base+01345h
  dw 00E80h,base+01071h
  dw 00E81h,base+0107Fh
  dw 00405h,base+03CAEh
  dw 0087Bh,base+02DE2h
  dw 00405h,base+03890h
  dw 0087Bh,base+02DEAh
  dw 00E80h,base+0108Dh
  dw 00E80h,base+0109Bh
  dw 00E81h,base+010A9h
  dw 00102h,base+0019Ch
  dw 00B81h,base+01C65h
  dw 00A81h,base+0211Ah
  dw 00980h,base+028C9h
  dw 00983h,base+028D2h
  dw 0067Ah,base+03613h
  dw 00306h,base+003D3h
  dw 00579h,base+0390Dh
  dw 00507h,base+007F1h
  dw 00679h,base+03619h
  dw 00D7Fh,base+01352h
  dw 00F80h,base+00D7Eh
  dw 00F80h,base+00D8Dh
  dw 01080h,base+00B2Dh
  dw 01080h,base+00B3Dh
  dw 01180h,base+009B2h
  dw 01180h,base+009C3h
  dw 01181h,base+009D4h
  dw 01180h,base+009E5h
  dw 01180h,base+009F6h
  dw 01180h,base+00A07h
  dw 01215h,base+00803h
  dw 0016Ch,base+00001h
  dw 01580h,base+0052Fh
  dw 00405h,base+03CB2h
  dw 0117Bh,base+00A18h
  dw 00405h,base+03CB6h
  dw 0117Bh,base+00A29h
  dw 00406h,base+03CBAh
  dw 0107Bh,base+00B4Dh
  dw 00306h,base+030C1h
  dw 00F7Ah,base+00D9Ch
  dw 00306h,base+03F05h
  dw 00F7Ah,base+00DABh
  dw 00306h,base+03F08h
  dw 00E7Bh,base+010B7h
  dw 00205h,base+023F3h
  dw 00B0Ch,base+01C70h
  dw 0026Fh,base+000A6h
  dw 00306h,base+03508h
  dw 00A0Bh,base+02124h
  dw 0026Eh,base+000F0h
  dw 00407h,base+03CBEh
  dw 0090Bh,base+028DBh
  dw 0026Dh,base+000D9h
  dw 0050Ah,base+03903h
  dw 00508h,base+034ADh
  dw 0036Eh,base+01CA9h
  dw 0050Bh,base+03912h
  dw 00207h,base+000AFh
  dw 0036Eh,base+03A48h
  dw 00512h,base+03917h
  dw 0036Eh,base+0069Bh
  dw 00200h,base+000AFh

chunliPage1frame019:
  db 048h,03Bh,044h,04Ah
  db 062h
  db 043h,038h,01Ah,05Eh,02Eh
  db 042h,05Ch
  db 05Eh,060h
  dw 00102h,base+00001h
  dw 0017Dh,base+00001h
  dw 00580h,base+02219h
  dw 0057Fh,base+01D47h
  dw 00680h,base+02C64h
  dw 0067Fh,base+0267Ah
  dw 00780h,base+02F60h
  dw 00780h,base+02F67h
  dw 00709h,base+02694h
  dw 00177h,base+00001h
  dw 00708h,base+032BDh
  dw 00279h,base+000ECh
  dw 00506h,base+03421h
  dw 0047Ah,base+03CC2h
  dw 00506h,base+026A7h
  dw 0047Bh,base+03CC6h
  dw 00981h,base+028E4h
  dw 00874h,base+02DF2h
  dw 0010Ch,base+005ABh
  dw 00874h,base+02DFAh
  dw 0010Ah,base+0002Eh
  dw 00102h,base+00001h
  dw 00872h,base+02E02h
  dw 00102h,base+00005h
  dw 00109h,base+0002Dh
  dw 00B74h,base+01C7Bh
  dw 00405h,base+03CCAh
  dw 00304h,base+001E6h
  dw 00E77h,base+010C5h
  dw 01780h,base+00240h
  dw 01780h,base+00257h
  dw 01880h,base+0016Dh
  dw 01819h,base+00185h
  dw 00168h,base+0019Ch
  dw 01982h,base+000BEh
  dw 00102h,base+0002Dh
  dw 00309h,base+000AFh
  dw 00D75h,base+0135Fh
  dw 0010Bh,base+0002Eh
  dw 00E75h,base+010D3h
  dw 0010Dh,base+005ABh
  dw 00B80h,base+01C86h
  dw 00B81h,base+01C91h
  dw 00506h,base+0391Ch
  dw 0047Ah,base+03CCEh
  dw 00A81h,base+0212Eh
  dw 00981h,base+028EDh
  dw 00880h,base+02E0Ah
  dw 00680h,base+0361Fh
  dw 00680h,base+03625h
  dw 0077Bh,base+032C4h
  dw 00304h,base+00FDBh
  dw 0087Ch,base+02E12h
  dw 00D80h,base+0136Ch
  dw 00D7Fh,base+01379h
  dw 00F80h,base+00DBAh
  dw 00F80h,base+00DC9h
  dw 00F80h,base+00DD8h
  dw 01080h,base+00B5Dh
  dw 01081h,base+00B6Dh
  dw 00F80h,base+00DE7h
  dw 00F80h,base+00DF6h
  dw 00F80h,base+00E05h
  dw 01081h,base+00B7Dh
  dw 00F80h,base+00E14h
  dw 01011h,base+00B8Dh
  dw 0016Fh,base+00014h
  dw 01481h,base+00637h
  dw 01380h,base+00725h
  dw 01381h,base+00738h
  dw 00304h,base+0352Ch
  dw 00F7Dh,base+00E23h
  dw 00204h,base+0001Eh
  dw 00405h,base+03CD2h
  dw 00977h,base+028F6h
  dw 00205h,base+02E06h
  dw 00304h,base+02E13h
  dw 00977h,base+028FFh
  dw 00206h,base+0005Ah
  dw 00304h,base+00580h
  dw 00875h,base+02E1Ah
  dw 00307h,base+00B59h
  dw 00304h,base+00000h
  dw 00875h,base+02E22h
  dw 0030Ch,base+00BF7h
  dw 00773h,base+032CBh
  dw 0040Dh,base+03CD6h
  dw 00204h,base+00049h
  dw 0036Fh,base+0107Ah
  dw 00311h,base+03E6Fh
  dw 0026Fh,base+000AFh
  dw 00300h,base+002FFh

chunliPage1frame020:
  db 03Eh,055h,044h,02Fh
  db 070h
  db 044h,03Dh,026h,060h,024h
  db 045h,052h
  db 065h,05Ah
  dw 00102h,base+00001h
  dw 0027Eh,base+00001h
  dw 0047Fh,base+0387Dh
  dw 00680h,base+03409h
  dw 0067Fh,base+0362Bh
  dw 00980h,base+02908h
  dw 00980h,base+02911h
  dw 00880h,base+02E2Ah
  dw 00880h,base+02E32h
  dw 00780h,base+032D2h
  dw 00881h,base+02E3Ah
  dw 00881h,base+02E42h
  dw 00780h,base+032D9h
  dw 00880h,base+02E4Ah
  dw 00405h,base+03CDAh
  dw 00379h,base+03F0Bh
  dw 00102h,base+00001h
  dw 00405h,base+03CDEh
  dw 00479h,base+03CE2h
  dw 00102h,base+00014h
  dw 0097Dh,base+0291Ah
  dw 00C80h,base+017B0h
  dw 00B80h,base+01C9Ch
  dw 00B7Fh,base+01CA7h
  dw 00B80h,base+01CB2h
  dw 00A81h,base+02138h
  dw 00980h,base+02923h
  dw 00980h,base+0292Ch
  dw 00880h,base+02E52h
  dw 00880h,base+02E5Ah
  dw 00203h,base+00007h
  dw 0057Ch,base+03921h
  dw 00304h,base+00528h
  dw 0057Ch,base+03926h
  dw 00977h,base+02935h
  dw 00206h,base+00049h
  dw 00B78h,base+01CBDh
  dw 00506h,base+0392Bh
  dw 00D76h,base+01386h
  dw 0177Eh,base+0026Eh
  dw 0197Fh,base+000D7h
  dw 01A80h,base+00056h
  dw 01A81h,base+00070h
  dw 01980h,base+000F0h
  dw 01A81h,base+0008Ah
  dw 00205h,base+02768h
  dw 00102h,base+00001h
  dw 01279h,base+00815h
  dw 0010Ch,base+0000Dh
  dw 00D81h,base+01393h
  dw 00C80h,base+017BCh
  dw 00D7Fh,base+013A0h
  dw 00405h,base+03CE6h
  dw 0097Bh,base+0293Eh
  dw 00405h,base+03CEAh
  dw 00A7Bh,base+02142h
  dw 00F80h,base+00E32h
  dw 00203h,base+004E0h
  dw 00203h,base+0109Dh
  dw 00A7Ah,base+0214Ch
  dw 00206h,base+002A3h
  dw 00A7Ah,base+02156h
  dw 00106h,base+0002Dh
  dw 00A80h,base+02160h
  dw 00A81h,base+0216Ah
  dw 00880h,base+02E62h
  dw 00881h,base+02E6Ah
  dw 00781h,base+032E0h
  dw 00580h,base+03930h
  dw 00480h,base+011FCh
  dw 00480h,base+001E6h
  dw 00480h,base+00F2Fh
  dw 00480h,base+03CEEh
  dw 00481h,base+03CEEh
  dw 00380h,base+0052Fh
  dw 00380h,base+03F0Eh
  dw 00481h,base+03CF2h
  dw 00380h,base+03F11h
  dw 00380h,base+03F14h
  dw 00380h,base+00DD9h
  dw 00480h,base+03CF6h
  dw 00480h,base+03CFAh
  dw 00480h,base+03CFEh
  dw 00480h,base+03D02h
  dw 00481h,base+035C6h
  dw 00380h,base+00C5Eh
  dw 00380h,base+03F17h
  dw 00380h,base+03F1Ah
  dw 00380h,base+03F1Dh
  dw 00380h,base+03F20h
  dw 00380h,base+03E30h
  dw 00381h,base+02597h
  dw 00380h,base+006FBh
  dw 00380h,base+03F20h
  dw 00380h,base+02185h
  dw 00381h,base+03F08h
  dw 00280h,base+0033Bh
  dw 00280h,base+00054h
  dw 0027Fh,base+000CEh
  dw 00380h,base+0352Bh
  dw 00380h,base+01419h
  dw 00380h,base+0017Fh
  dw 00300h,base+002FFh

chunliPage1frame021:
  db 048h,056h,04Ah,02Eh
  db 04Ah
  db 04Eh,044h,020h,064h,02Eh
  db 04Dh,03Eh
  db 06Ah,050h
  dw 00280h,base+03F9Bh
  dw 00280h,base+00920h
  dw 00380h,base+03F23h
  dw 00380h,base+03F26h
  dw 00481h,base+03D06h
  dw 00480h,base+03D0Ah
  dw 00581h,base+03935h
  dw 00512h,base+0393Ah
  dw 0016Fh,base+0002Dh
  dw 00511h,base+0393Fh
  dw 00170h,base+00023h
  dw 0040Dh,base+03D0Eh
  dw 00473h,base+03617h
  dw 0050Ch,base+03944h
  dw 00575h,base+03949h
  dw 0050Bh,base+0394Eh
  dw 00575h,base+03953h
  dw 0060Bh,base+03631h
  dw 00676h,base+03637h
  dw 0050Ah,base+03958h
  dw 00776h,base+032E7h
  dw 0060Bh,base+0363Dh
  dw 00776h,base+032EEh
  dw 0050Bh,base+0395Dh
  dw 00203h,base+0094Dh
  dw 00472h,base+03D12h
  dw 0050Bh,base+03962h
  dw 00103h,base+0001Eh
  dw 00472h,base+03D16h
  dw 0070Bh,base+032F5h
  dw 00104h,base+0002Dh
  dw 00472h,base+00600h
  dw 0070Eh,base+032FCh
  dw 00772h,base+03303h
  dw 0080Fh,base+02E72h
  dw 00772h,base+0330Ah
  dw 0080Eh,base+02E7Ah
  dw 0080Ah,base+02E82h
  dw 0016Ah,base+0002Dh
  dw 0070Eh,base+03311h
  dw 00607h,base+03643h
  dw 0036Bh,base+0293Eh
  dw 0070Fh,base+03318h
  dw 00507h,base+03967h
  dw 0026Ah,base+03F9Dh
  dw 00810h,base+02E8Ah
  dw 00405h,base+03D1Ah
  dw 0046Bh,base+03D1Eh
  dw 0090Fh,base+02947h
  dw 00A72h,base+02174h
  dw 0090Eh,base+02950h
  dw 00A72h,base+0217Eh
  dw 00A0Dh,base+02188h
  dw 00A74h,base+02192h
  dw 00A0Bh,base+0219Ch
  dw 00C75h,base+017C8h
  dw 01781h,base+00285h
  dw 01680h,base+003C1h
  dw 01681h,base+003D7h
  dw 01581h,base+00544h
  dw 01480h,base+0064Bh
  dw 01481h,base+0065Fh
  dw 00F10h,base+00E41h
  dw 0036Fh,base+03F29h
  dw 00F12h,base+00E50h
  dw 0016Eh,base+00023h
  dw 00F12h,base+00E5Fh
  dw 0016Dh,base+00001h
  dw 01080h,base+00B9Dh
  dw 01080h,base+00BADh
  dw 0090Ah,base+02959h
  dw 00676h,base+03649h
  dw 0090Ch,base+02962h
  dw 00473h,base+03D22h
  dw 00B0Eh,base+01CC8h
  dw 00372h,base+02185h
  dw 00B0Eh,base+01CD3h
  dw 00272h,base+00001h
  dw 00B80h,base+01CDEh
  dw 00B7Fh,base+01CE9h
  dw 00C80h,base+017D4h
  dw 00C80h,base+017E0h
  dw 00C80h,base+017ECh
  dw 00C80h,base+017F8h
  dw 0090Ah,base+0296Bh
  dw 00277h,base+00322h
  dw 00709h,base+0331Fh
  dw 00278h,base+00322h
  dw 00608h,base+0364Fh
  dw 0027Ah,base+00322h
  dw 00405h,base+03D26h
  dw 0037Bh,base+03F2Ch
  dw 00405h,base+03D2Ah
  dw 0037Ch,base+03F2Fh
  dw 00304h,base+011A1h
  dw 0027Ch,base+03F9Fh
  dw 00304h,base+00B7Ah
  dw 0017Ch,base+00007h
  dw 00580h,base+0396Ch
  dw 00380h,base+03F32h
  dw 00380h,base+00530h
  dw 00380h,base+00530h
  dw 00380h,base+03F35h
  dw 00380h,base+02982h
  dw 00380h,base+018F6h
  dw 00380h,base+018F6h
  dw 00380h,base+0000Ah
  dw 00380h,base+00083h
  dw 00380h,base+002FFh
  dw 00380h,base+009C5h
  dw 00380h,base+000B0h
  dw 00280h,base+000AFh
  dw 00380h,base+0003Ah
  dw 00380h,base+03DE8h
  dw 00380h,base+00D27h
  dw 00280h,base+000F0h
  dw 00280h,base+0013Bh
  dw 00280h,base+0013Bh
  dw 00280h,base+000F0h
  dw 00280h,base+00058h
  dw 00280h,base+00058h
  dw 0027Fh,base+00054h
  dw 00480h,base+03D2Eh
  dw 0047Fh,base+03D32h
  dw 00580h,base+03971h
  dw 0057Fh,base+03976h
  dw 00680h,base+03655h
  dw 00304h,base+000AFh
  dw 00200h,base+00B9Ch

chunliPage1frame022:
  db 03Eh,029h,050h,05Dh
  db 074h
  db 06Eh,022h,014h,050h,03Eh
  db 04Fh,075h
  db 063h,070h
  dw 00580h,base+0397Bh
  dw 00580h,base+03980h
  dw 00680h,base+0365Bh
  dw 00680h,base+03661h
  dw 0067Fh,base+03667h
  dw 00780h,base+03326h
  dw 00680h,base+0366Dh
  dw 00780h,base+0332Dh
  dw 00980h,base+02974h
  dw 00A80h,base+021A6h
  dw 00B80h,base+01CF4h
  dw 00B7Fh,base+01CFFh
  dw 00C80h,base+01804h
  dw 00C80h,base+01810h
  dw 00C81h,base+0181Ch
  dw 00A80h,base+021B0h
  dw 00A80h,base+021BAh
  dw 00A80h,base+021C4h
  dw 00B80h,base+01D0Ah
  dw 00B7Fh,base+01D15h
  dw 00D7Fh,base+013ADh
  dw 00E7Fh,base+010E1h
  dw 0107Fh,base+00BBDh
  dw 0117Fh,base+00A3Ah
  dw 01280h,base+00827h
  dw 0137Fh,base+0074Bh
  dw 0147Eh,base+00673h
  dw 0167Fh,base+003EDh
  dw 0177Eh,base+0029Ch
  dw 01980h,base+00109h
  dw 0197Ch,base+00122h
  dw 01D7Fh,base+00000h
  dw 00F12h,base+00E6Eh
  dw 00B6Eh,base+01D20h
  dw 00A11h,base+021CEh
  dw 00C6Fh,base+01828h
  dw 00A11h,base+021D8h
  dw 00B6Eh,base+01D2Bh
  dw 00A11h,base+021E2h
  dw 00A6Fh,base+021ECh
  dw 00711h,base+03334h
  dw 00A6Fh,base+021F6h
  dw 00311h,base+03F38h
  dw 00506h,base+03985h
  dw 00569h,base+0398Ah
  dw 00312h,base+03F3Bh
  dw 00304h,base+0010Dh
  dw 0036Ah,base+00560h
  dw 00211h,base+02783h
  dw 00203h,base+0020Ch
  dw 00304h,base+03F3Eh
  dw 00268h,base+007B0h
  dw 00111h,base+00000h
  dw 00205h,base+00049h
  dw 00103h,base+0002Dh
  dw 00100h,base+0002Dh

chunliPage1frame023:
  db 04Ah,03Bh,040h,04Bh
  db 062h
  db 040h,04Bh,011h,055h,036h
  db 042h,054h
  db 062h,05Ch
  dw 0017Eh,base+0019Ch
  dw 0047Fh,base+03D36h
  dw 00575h,base+0398Fh
  dw 0020Bh,base+00001h
  dw 00773h,base+0333Bh
  dw 00608h,base+03673h
  dw 00205h,base+000AFh
  dw 00872h,base+02E92h
  dw 01821h,base+0019Dh
  dw 0015Fh,base+00001h
  dw 0191Bh,base+0013Bh
  dw 00105h,base+00001h
  dw 00260h,base+0208Fh
  dw 01D1Fh,base+0001Dh
  dw 00462h,base+003D3h
  dw 01C1Eh,base+0003Ah
  dw 00467h,base+03D3Ah
  dw 01819h,base+001B5h
  dw 00568h,base+03994h
  dw 01718h,base+002B3h
  dw 00568h,base+03999h
  dw 01718h,base+002CAh
  dw 0056Ah,base+0399Eh
  dw 00204h,base+00049h
  dw 00B0Dh,base+01D36h
  dw 00405h,base+03D3Eh
  dw 0056Eh,base+039A3h
  dw 01781h,base+002E1h
  dw 01681h,base+00403h
  dw 01682h,base+00419h
  dw 01481h,base+00687h
  dw 0137Fh,base+0075Eh
  dw 01480h,base+0069Bh
  dw 0147Bh,base+006AFh
  dw 00204h,base+00001h
  dw 01213h,base+00839h
  dw 00168h,base+00001h
  dw 00405h,base+03D42h
  dw 0107Ah,base+00BCDh
  dw 01680h,base+0042Fh
  dw 01680h,base+00445h
  dw 01780h,base+002F8h
  dw 01780h,base+0030Fh
  dw 01785h,base+00326h
  dw 00A0Bh,base+02200h
  dw 00775h,base+03342h
  dw 00A0Ch,base+0220Ah
  dw 00675h,base+03679h
  dw 0090Bh,base+0297Dh
  dw 00203h,base+00E4Fh
  dw 00372h,base+03F41h
  dw 0090Eh,base+02986h
  dw 00373h,base+03F44h
  dw 0080Dh,base+02E9Ah
  dw 00374h,base+03F47h
  dw 0070Ch,base+03349h
  dw 00376h,base+03F4Ah
  dw 0050Ah,base+039A8h
  dw 00376h,base+02A7Fh
  dw 0050Ah,base+039ADh
  dw 00376h,base+0012Dh
  dw 0050Ah,base+039B2h
  dw 00376h,base+0012Dh
  dw 0050Ah,base+039B7h
  dw 00377h,base+00B4Ah
  dw 00102h,base+00001h
  dw 00207h,base+03FA1h
  dw 00377h,base+03F4Dh
  dw 00103h,base+0001Ah
  dw 00106h,base+0034Bh
  dw 0037Ah,base+024A0h
  dw 00106h,base+00091h
  dw 00380h,base+03F50h
  dw 0037Bh,base+01528h
  dw 00105h,base+002CAh
  dw 00380h,base+00FB6h
  dw 00380h,base+03F53h
  dw 00380h,base+03F53h
  dw 00381h,base+03F53h
  dw 00280h,base+0005Fh
  dw 00280h,base+00006h
  dw 00280h,base+00006h
  dw 00380h,base+02C15h
  dw 0047Fh,base+03D46h
  dw 0067Fh,base+0367Fh
  dw 00681h,base+03685h
  dw 00580h,base+039BCh
  dw 00481h,base+03D4Ah
  dw 00381h,base+003D3h
  dw 00380h,base+03F56h
  dw 00381h,base+03F59h
  dw 00381h,base+03F5Ch
  dw 00100h,base+0016Ch

chunliPage1frame024:
  db 026h,056h,068h,02Dh
  db 074h
  db 068h,023h,01Fh,073h,022h
  db 067h,039h
  db 069h,04Fh
  dw 0027Fh,base+00B9Ch
  dw 0037Fh,base+03F5Fh
  dw 0047Eh,base+03D4Eh
  dw 00580h,base+039C1h
  dw 00580h,base+03608h
  dw 00507h,base+039C6h
  dw 00178h,base+00001h
  dw 00A7Fh,base+02214h
  dw 00B81h,base+01D41h
  dw 00A81h,base+0221Eh
  dw 00980h,base+0298Fh
  dw 00980h,base+02998h
  dw 00980h,base+029A1h
  dw 00980h,base+029AAh
  dw 00980h,base+029B3h
  dw 00880h,base+02EA2h
  dw 00980h,base+029BCh
  dw 0090Ah,base+029C5h
  dw 00276h,base+00001h
  dw 00C80h,base+01834h
  dw 00D80h,base+013BAh
  dw 00D80h,base+013C7h
  dw 00D80h,base+013D4h
  dw 00D80h,base+013E1h
  dw 00D80h,base+013EEh
  dw 00D81h,base+013FBh
  dw 00C80h,base+01840h
  dw 00C81h,base+0184Ch
  dw 00C80h,base+01858h
  dw 00C81h,base+01864h
  dw 00B80h,base+01D4Ch
  dw 00B81h,base+01D57h
  dw 00A80h,base+02228h
  dw 00708h,base+03350h
  dw 00378h,base+00006h
  dw 00708h,base+03357h
  dw 00378h,base+00528h
  dw 00809h,base+02EAAh
  dw 00277h,base+005BDh
  dw 00B81h,base+01D62h
  dw 00A80h,base+02232h
  dw 00A80h,base+0223Ch
  dw 00A80h,base+02246h
  dw 00A80h,base+02250h
  dw 00A80h,base+0225Ah
  dw 00A81h,base+02264h
  dw 00A80h,base+0226Eh
  dw 00B80h,base+01D6Dh
  dw 00A80h,base+02278h
  dw 00A80h,base+02282h
  dw 00A7Fh,base+0228Ch
  dw 00B80h,base+01D78h
  dw 00B80h,base+01D83h
  dw 00B80h,base+01D8Eh
  dw 00B80h,base+01D99h
  dw 00B80h,base+01DA4h
  dw 00B80h,base+01DAFh
  dw 00B7Fh,base+01DBAh
  dw 00C80h,base+01870h
  dw 00C80h,base+0187Ch
  dw 00607h,base+0368Bh
  dw 00579h,base+039CBh
  dw 00607h,base+03691h
  dw 00203h,base+002C9h
  dw 00276h,base+03E9Fh
  dw 00607h,base+03697h
  dw 00203h,base+005DDh
  dw 00276h,base+000B8h
  dw 00608h,base+0369Dh
  dw 00102h,base+0002Dh
  dw 00276h,base+00434h
  dw 0070Ah,base+0335Eh
  dw 00276h,base+002EAh
  dw 0060Ah,base+036A3h
  dw 00176h,base+000A3h
  dw 0050Ah,base+039D0h
  dw 00176h,base+0002Dh
  dw 00580h,base+039D5h
  dw 00580h,base+039DAh
  dw 00581h,base+002B3h
  dw 00581h,base+039DFh
  dw 00480h,base+0044Eh
  dw 00581h,base+039E4h
  dw 00480h,base+03D52h
  dw 00481h,base+03D56h
  dw 00480h,base+03D5Ah
  dw 00481h,base+03D5Eh
  dw 00481h,base+03D62h
  dw 00480h,base+03D66h
  dw 00481h,base+03D6Ah
  dw 00380h,base+00D1Fh
  dw 00380h,base+03F62h
  dw 00380h,base+01731h
  dw 00280h,base+0013Dh
  dw 00280h,base+00020h
  dw 00280h,base+023F3h
  dw 00280h,base+00054h
  dw 00280h,base+03FA3h
  dw 00280h,base+03FA5h
  dw 00180h,base+00284h
  dw 00100h,base+00273h

chunliPage1frame025:
  db 034h,043h,05Ch,03Ch
  db 074h
  db 06Eh,022h,01Ah,060h,030h
  db 05Bh,063h
  db 066h,073h
  dw 00102h,base+00001h
  dw 0027Eh,base+00001h
  dw 0047Fh,base+0387Dh
  dw 0067Fh,base+03409h
  dw 00780h,base+032AFh
  dw 00780h,base+03024h
  dw 00780h,base+0302Bh
  dw 00780h,base+02F36h
  dw 00780h,base+0310Bh
  dw 00709h,base+032B6h
  dw 00277h,base+00BD4h
  dw 00708h,base+03365h
  dw 00379h,base+03F65h
  dw 00B81h,base+01DC5h
  dw 00A80h,base+02296h
  dw 00A80h,base+022A0h
  dw 00981h,base+029CEh
  dw 00880h,base+02EB2h
  dw 0087Fh,base+02EBAh
  dw 0097Fh,base+029D7h
  dw 00B80h,base+01DD0h
  dw 00C7Fh,base+01888h
  dw 00D80h,base+01408h
  dw 00D80h,base+01415h
  dw 00F80h,base+00E7Dh
  dw 00F80h,base+00E8Ch
  dw 00F80h,base+00E9Bh
  dw 00E80h,base+010EFh
  dw 00304h,base+03F68h
  dw 00A7Bh,base+022AAh
  dw 00407h,base+03D6Eh
  dw 00879h,base+02EC2h
  dw 00307h,base+01B55h
  dw 00878h,base+02ECAh
  dw 00409h,base+03D72h
  dw 00776h,base+0336Ch
  dw 0050Ah,base+039E9h
  dw 00676h,base+036A9h
  dw 00407h,base+03D76h
  dw 00A78h,base+022B4h
  dw 00507h,base+039EEh
  dw 00B79h,base+01DDBh
  dw 00407h,base+03376h
  dw 00B79h,base+01DE6h
  dw 00407h,base+03D7Ah
  dw 00C75h,base+01894h
  dw 00103h,base+0002Eh
  dw 00407h,base+03D7Eh
  dw 00D76h,base+01422h
  dw 0070Ah,base+03373h
  dw 00D77h,base+0142Fh
  dw 00509h,base+039F3h
  dw 00D77h,base+0143Ch
  dw 00409h,base+03D82h
  dw 00D77h,base+01449h
  dw 00309h,base+00FDBh
  dw 00E76h,base+010FDh
  dw 0040Bh,base+03D86h
  dw 00D75h,base+01456h
  dw 0040Bh,base+03D8Ah
  dw 00D75h,base+01463h
  dw 0040Bh,base+03D8Eh
  dw 00D74h,base+01470h
  dw 0050Ch,base+039F8h
  dw 00D74h,base+0147Dh
  dw 0060Ch,base+036AFh
  dw 00D73h,base+0148Ah
  dw 00406h,base+03D92h
  dw 00107h,base+0002Dh
  dw 00D74h,base+01497h
  dw 0030Bh,base+02A7Fh
  dw 00E75h,base+0110Bh
  dw 0020Bh,base+02289h
  dw 00E75h,base+01119h
  dw 0020Bh,base+001E4h
  dw 00E80h,base+01127h
  dw 00E80h,base+01135h
  dw 00E80h,base+01143h
  dw 00E80h,base+01151h
  dw 00E81h,base+0115Fh
  dw 00708h,base+0337Ah
  dw 00579h,base+039FDh
  dw 00607h,base+036B5h
  dw 0047Ah,base+03D96h
  dw 00506h,base+03A02h
  dw 0047Bh,base+03D9Ah
  dw 00881h,base+02ED2h
  dw 00780h,base+03381h
  dw 00506h,base+03A07h
  dw 0017Ch,base+00004h
  dw 00280h,base+000D9h
  dw 00280h,base+000F0h
  dw 00381h,base+03F6Bh
  dw 00280h,base+0107Bh
  dw 00280h,base+01132h
  dw 00280h,base+00846h
  dw 00280h,base+00846h
  dw 00280h,base+01BE8h
  dw 00100h,base+00003h

chunliPage1frame026:
  db 040h,031h,050h,033h
  db 084h
  db 061h,02Eh,019h,050h,040h
  db 051h,054h
  db 060h,063h
  dw 00102h,base+0002Dh
  dw 0017Dh,base+0002Dh
  dw 00480h,base+003D3h
  dw 0057Fh,base+03A0Ch
  dw 00780h,base+03388h
  dw 0077Fh,base+0338Fh
  dw 00881h,base+02EDAh
  dw 00780h,base+03396h
  dw 00780h,base+0339Dh
  dw 0077Dh,base+033A4h
  dw 00203h,base+00001h
  dw 0077Dh,base+033ABh
  dw 00204h,base+0006Ch
  dw 0067Bh,base+036BBh
  dw 0090Ah,base+029E0h
  dw 00176h,base+000EFh
  dw 0097Fh,base+029E9h
  dw 00A78h,base+022BEh
  dw 00104h,base+005ABh
  dw 00E7Ch,base+0116Dh
  dw 00103h,base+0002Eh
  dw 0107Ch,base+00BDDh
  dw 0157Fh,base+00559h
  dw 01680h,base+0045Bh
  dw 00A0Ch,base+022C8h
  dw 00A74h,base+022D2h
  dw 00B0Ch,base+01DF1h
  dw 00A74h,base+022DCh
  dw 00307h,base+03F6Eh
  dw 00F79h,base+00EAAh
  dw 00306h,base+03F71h
  dw 0107Ah,base+00BEDh
  dw 00305h,base+024FDh
  dw 0117Ch,base+00A4Bh
  dw 00204h,base+01339h
  dw 0107Dh,base+00BFDh
  dw 00102h,base+000D4h
  dw 0107Fh,base+00C0Dh
  dw 0117Dh,base+00A5Ch
  dw 0147Fh,base+006C3h
  dw 0147Fh,base+006D7h
  dw 0157Eh,base+0056Eh
  dw 00102h,base+00001h
  dw 0147Eh,base+006EBh
  dw 0167Dh,base+00471h
  dw 0197Fh,base+00154h
  dw 01A80h,base+000A4h
  dw 00A0Ch,base+022E6h
  dw 00304h,base+003D3h
  dw 00A70h,base+022F0h
  dw 00A10h,base+022FAh
  dw 00A70h,base+02304h
  dw 00910h,base+029F2h
  dw 00B6Fh,base+01DFCh
  dw 00708h,base+033B2h
  dw 00105h,base+0002Dh
  dw 00104h,base+00001h
  dw 00F6Fh,base+00EB9h
  dw 0030Dh,base+03F74h
  dw 00205h,base+00914h
  dw 00E6Eh,base+0117Bh
  dw 0020Dh,base+020BAh
  dw 00204h,base+0008Bh
  dw 00E6Fh,base+01189h
  dw 0020Ch,base+020BAh
  dw 01374h,base+00771h
  dw 0020Ch,base+00511h
  dw 01274h,base+0084Bh
  dw 0020Ch,base+0241Ah
  dw 01274h,base+0085Dh
  dw 0010Bh,base+00363h
  dw 01375h,base+00784h
  dw 0010Bh,base+00000h
  dw 00F10h,base+00EC8h
  dw 00270h,base+0004Ch
  dw 00204h,base+0008Bh
  dw 00B0Dh,base+01E07h
  dw 0016Fh,base+0000Dh
  dw 00206h,base+00548h
  dw 0097Ah,base+029FBh
  dw 00106h,base+00020h
  dw 00102h,base+00001h
  dw 00778h,base+033B9h
  dw 00109h,base+00001h
  dw 00581h,base+03A11h
  dw 00400h,base+003D3h

chunliPage1frame027:
  db 030h,04Ah,068h,03Ah
  db 088h
  db 07Ch,022h,01Dh,071h,024h
  db 000h,000h
  db 000h,000h
  dw 00102h,base+00001h
  dw 0027Eh,base+00001h
  dw 0047Fh,base+0387Dh
  dw 00680h,base+03409h
  dw 0067Fh,base+032B0h
  dw 00780h,base+03024h
  dw 00780h,base+0302Bh
  dw 00780h,base+02F36h
  dw 00780h,base+0310Bh
  dw 00780h,base+033C0h
  dw 00681h,base+036C1h
  dw 0057Fh,base+03A16h
  dw 0067Fh,base+036C7h
  dw 0077Fh,base+033C7h
  dw 00809h,base+02EE2h
  dw 00276h,base+0006Ch
  dw 00C80h,base+018A0h
  dw 00D80h,base+014A4h
  dw 00D80h,base+014B1h
  dw 00D80h,base+014BEh
  dw 00D81h,base+014CBh
  dw 00C7Fh,base+018ACh
  dw 00D80h,base+014D8h
  dw 00C7Fh,base+018B8h
  dw 00D80h,base+014E5h
  dw 00C80h,base+018C4h
  dw 00C81h,base+018D0h
  dw 00B81h,base+01E12h
  dw 00102h,base+0002Dh
  dw 00880h,base+02EEAh
  dw 00880h,base+02EF2h
  dw 00781h,base+033CEh
  dw 00680h,base+036CDh
  dw 0057Fh,base+03A1Bh
  dw 00680h,base+036D3h
  dw 00580h,base+03A20h
  dw 00580h,base+03A25h
  dw 00580h,base+03A2Ah
  dw 0067Fh,base+036D9h
  dw 0087Fh,base+02EFAh
  dw 00980h,base+02A04h
  dw 00A7Fh,base+0230Eh
  dw 00B7Fh,base+01E1Dh
  dw 00C7Fh,base+018DCh
  dw 00D80h,base+014F2h
  dw 00D7Fh,base+014FFh
  dw 00E7Fh,base+01197h
  dw 00F80h,base+00ED7h
  dw 00F7Fh,base+00EE6h
  dw 01080h,base+00C1Dh
  dw 01080h,base+00C2Dh
  dw 01080h,base+00C3Dh
  dw 00607h,base+036DFh
  dw 00979h,base+02A0Dh
  dw 00407h,base+03D9Eh
  dw 00978h,base+02A16h
  dw 00408h,base+01119h
  dw 00978h,base+02A1Fh
  dw 00408h,base+019B0h
  dw 00978h,base+02A28h
  dw 00407h,base+019B0h
  dw 00A79h,base+02318h
  dw 00407h,base+03697h
  dw 00A79h,base+02322h
  dw 00407h,base+0044Eh
  dw 00A79h,base+0232Ch
  dw 00407h,base+015F9h
  dw 00A79h,base+02336h
  dw 00307h,base+013BCh
  dw 00A79h,base+02340h
  dw 00308h,base+03E03h
  dw 00877h,base+02F02h
  dw 00409h,base+03DA2h
  dw 00777h,base+033D5h
  dw 0040Ah,base+030C7h
  dw 00576h,base+00538h
  dw 0040Bh,base+03926h
  dw 00575h,base+03A2Fh
  dw 0030Bh,base+03F77h
  dw 00575h,base+03A34h
  dw 0030Ch,base+033E4h
  dw 00474h,base+03DA6h
  dw 0030Dh,base+03F20h
  dw 00373h,base+03F7Ah
  dw 0020Dh,base+00071h
  dw 00473h,base+03DAAh
  dw 0020Dh,base+00020h
  dw 00472h,base+03DAEh
  dw 0030Fh,base+03F7Dh
  dw 00471h,base+03DB2h
  dw 00310h,base+021B6h
  dw 0036Fh,base+0075Eh
  dw 00412h,base+03DB6h
  dw 0026Dh,base+000CDh
  dw 00512h,base+03903h
  dw 0036Eh,base+02597h
  dw 00511h,base+03A39h
  dw 0046Eh,base+03DBAh
  dw 00512h,base+03A3Eh
  dw 0046Eh,base+03DBEh
  dw 00312h,base+000AFh
  dw 00400h,base+03DC2h

chunliPage1frame028:
  db 02Ah,03Bh,06Ah,049h
  db 084h
  db 078h,022h,01Dh,06Dh,025h
  db 000h,000h
  db 000h,000h
  dw 00102h,base+00001h
  dw 0027Eh,base+00001h
  dw 0047Fh,base+0387Dh
  dw 00680h,base+03409h
  dw 0067Fh,base+032B0h
  dw 00780h,base+03024h
  dw 00780h,base+0302Bh
  dw 00780h,base+02F36h
  dw 00780h,base+0310Bh
  dw 00780h,base+033C0h
  dw 00681h,base+036C1h
  dw 0057Fh,base+03A16h
  dw 0067Fh,base+036C7h
  dw 0077Fh,base+033C7h
  dw 00809h,base+02EE2h
  dw 00276h,base+0006Ch
  dw 00C80h,base+018A0h
  dw 00D80h,base+014A4h
  dw 00D80h,base+014B1h
  dw 00D80h,base+014BEh
  dw 00D81h,base+014CBh
  dw 00C7Fh,base+018ACh
  dw 00D80h,base+014D8h
  dw 00C7Fh,base+018B8h
  dw 00D80h,base+014E5h
  dw 00C80h,base+018C4h
  dw 00C81h,base+018D0h
  dw 00B81h,base+01E12h
  dw 00102h,base+0002Dh
  dw 00880h,base+02F0Ah
  dw 00778h,base+033DCh
  dw 00208h,base+00049h
  dw 00777h,base+033E3h
  dw 00409h,base+02058h
  dw 00677h,base+036E5h
  dw 00509h,base+03A43h
  dw 00577h,base+03A48h
  dw 00609h,base+036EBh
  dw 00577h,base+03A4Dh
  dw 00709h,base+033EAh
  dw 00577h,base+03A52h
  dw 00809h,base+02F12h
  dw 00577h,base+03A57h
  dw 00F80h,base+00EF5h
  dw 00F80h,base+00F04h
  dw 01080h,base+00C4Dh
  dw 01080h,base+00C5Dh
  dw 01080h,base+00C6Dh
  dw 01080h,base+00C7Dh
  dw 01080h,base+00C8Dh
  dw 00304h,base+0069Bh
  dw 00C7Ch,base+018E8h
  dw 00305h,base+03F80h
  dw 00B7Bh,base+01E28h
  dw 00305h,base+03F83h
  dw 00B7Bh,base+01E33h
  dw 00306h,base+028F2h
  dw 00A7Ah,base+0234Ah
  dw 00306h,base+00773h
  dw 00A7Ah,base+02354h
  dw 00306h,base+03F86h
  dw 00A7Ah,base+0235Eh
  dw 00306h,base+03F89h
  dw 00B7Ah,base+01E3Eh
  dw 00306h,base+02185h
  dw 00C7Ah,base+018F4h
  dw 00305h,base+03ED2h
  dw 00D7Bh,base+0150Ch
  dw 00305h,base+03ED2h
  dw 00D7Bh,base+01519h
  dw 00305h,base+03E42h
  dw 00D7Bh,base+01526h
  dw 00305h,base+03F05h
  dw 00D7Bh,base+01533h
  dw 00306h,base+000CDh
  dw 00B79h,base+01E49h
  dw 00409h,base+03DC6h
  dw 00976h,base+02A31h
  dw 0050Ah,base+03A5Ch
  dw 00507h,base+00216h
  dw 0026Fh,base+000A6h
  dw 0050Ch,base+03A61h
  dw 00204h,base+000AFh
  dw 00370h,base+03F8Ch
  dw 00203h,base+00358h
  dw 0010Dh,base+0000Dh
  dw 00370h,base+02B3Bh
  dw 00210h,base+000AFh
  dw 00200h,base+0001Ah


