  dw chunliPage1frame000
  dw chunliPage1frame001
  dw chunliPage1frame002
  dw chunliPage1frame003
  dw chunliPage1frame004
  dw chunliPage1frame005
  dw chunliPage1frame006
  dw chunliPage1frame007
  dw chunliPage1frame008
  dw chunliPage1frame009
  dw chunliPage1frame010
  dw chunliPage1frame011
  dw chunliPage1frame012
  dw chunliPage1frame013
  dw chunliPage1frame014
  dw chunliPage1frame015
  dw chunliPage1frame016
  dw chunliPage1frame017
  dw chunliPage1frame018
  dw chunliPage1frame019
  dw chunliPage1frame020
  dw chunliPage1frame021
  dw chunliPage1frame022
  dw chunliPage1frame023
  dw chunliPage1frame024
  dw chunliPage1frame025
  dw chunliPage1frame026
  dw chunliPage1frame027
  dw chunliPage1frame028

chunliPage1frame000:
  db 028h,04Bh,06Ah,039h
  db 07Eh
  dw base+00000h
  dw 00102h
  dw 0027Eh
  dw 0047Fh
  dw 00680h
  dw 0067Fh
  dw 00780h
  dw 00780h
  dw 00780h
  dw 00680h
  dw 00780h
  dw 00681h
  dw 00581h
  dw 00480h
  dw 00780h
  dw 00881h
  dw 00780h
  dw 00880h
  dw 0087Fh
  dw 00981h
  dw 00879h
  dw 00207h
  dw 00879h
  dw 00306h
  dw 0087Ah
  dw 00306h
  dw 0087Ah
  dw 00306h
  dw 0087Ah
  dw 00306h
  dw 0087Ah
  dw 00305h
  dw 0097Bh
  dw 00405h
  dw 0097Bh
  dw 00E81h
  dw 00E82h
  dw 00C80h
  dw 00C80h
  dw 00C81h
  dw 00B80h
  dw 00203h
  dw 00881h
  dw 00880h
  dw 0087Fh
  dw 00980h
  dw 0097Fh
  dw 00A80h
  dw 00A7Fh
  dw 00B80h
  dw 00B7Fh
  dw 00C80h
  dw 00C7Fh
  dw 00D80h
  dw 00D80h
  dw 00D7Fh
  dw 00E80h
  dw 00E80h
  dw 00506h
  dw 0087Ah
  dw 00406h
  dw 0087Ah
  dw 00306h
  dw 0087Ah
  dw 00306h
  dw 00879h
  dw 00407h
  dw 00879h
  dw 00407h
  dw 00506h
  dw 00273h
  dw 00407h
  dw 00506h
  dw 00273h
  dw 00408h
  dw 00678h
  dw 00408h
  dw 00578h
  dw 00308h
  dw 00578h
  dw 00309h
  dw 00477h
  dw 00309h
  dw 00476h
  dw 0040Ah
  dw 00576h
  dw 0030Bh
  dw 00475h
  dw 0040Bh
  dw 00476h
  dw 0020Bh
  dw 00274h
  dw 0030Ch
  dw 00274h
  dw 0020Ch
  dw 00374h
  dw 0020Dh
  dw 00272h
  dw 0030Fh
  dw 00271h
  dw 0020Fh
  dw 00270h
  dw 00410h
  dw 00270h
  dw 00410h
  dw 0026Fh
  dw 00510h
  dw 0036Fh
  dw 00511h
  dw 0036Fh
  dw 00511h
  dw 0036Fh
  dw 00204h
  dw 0010Dh
  dw 00300h

chunliPage1frame001:
  db 028h,04Ch,06Ah,038h
  db 07Eh
  dw base+0029Dh
  dw 00102h
  dw 0027Eh
  dw 0047Fh
  dw 00680h
  dw 0067Fh
  dw 00780h
  dw 00780h
  dw 00780h
  dw 00680h
  dw 00780h
  dw 00681h
  dw 00581h
  dw 00406h
  dw 0017Ah
  dw 00880h
  dw 00881h
  dw 00880h
  dw 0087Fh
  dw 00980h
  dw 00980h
  dw 0097Ah
  dw 00206h
  dw 0087Ah
  dw 00306h
  dw 0087Ah
  dw 00306h
  dw 0087Ah
  dw 00306h
  dw 0087Ah
  dw 00305h
  dw 0097Bh
  dw 00305h
  dw 0097Bh
  dw 00405h
  dw 0097Bh
  dw 00F81h
  dw 00E82h
  dw 00C80h
  dw 00C81h
  dw 00B80h
  dw 00203h
  dw 00780h
  dw 00881h
  dw 00780h
  dw 00880h
  dw 0087Fh
  dw 00980h
  dw 0097Fh
  dw 00A80h
  dw 00A7Fh
  dw 00B80h
  dw 00B7Fh
  dw 00C80h
  dw 00C7Fh
  dw 00D80h
  dw 00D80h
  dw 00D7Fh
  dw 00E80h
  dw 00E80h
  dw 00506h
  dw 0087Ah
  dw 00406h
  dw 0087Ah
  dw 00306h
  dw 0087Ah
  dw 00306h
  dw 00879h
  dw 00407h
  dw 00879h
  dw 00407h
  dw 00506h
  dw 00273h
  dw 00407h
  dw 00506h
  dw 00273h
  dw 00408h
  dw 00678h
  dw 00408h
  dw 00578h
  dw 00308h
  dw 00578h
  dw 00309h
  dw 00477h
  dw 00309h
  dw 00476h
  dw 0040Ah
  dw 00576h
  dw 0030Bh
  dw 00475h
  dw 0040Bh
  dw 00476h
  dw 0020Bh
  dw 00274h
  dw 0030Ch
  dw 00274h
  dw 0020Ch
  dw 00374h
  dw 0020Dh
  dw 00272h
  dw 0030Fh
  dw 00271h
  dw 0020Fh
  dw 00270h
  dw 00410h
  dw 00270h
  dw 00410h
  dw 0026Fh
  dw 00510h
  dw 0036Fh
  dw 00511h
  dw 0036Fh
  dw 00511h
  dw 0036Fh
  dw 00204h
  dw 0010Dh
  dw 00300h

chunliPage1frame002:
  db 028h,04Dh,06Ah,037h
  db 084h
  dw base+00543h
  dw 0017Dh
  dw 00580h
  dw 00580h
  dw 0057Fh
  dw 0067Fh
  dw 00780h
  dw 00780h
  dw 00780h
  dw 00781h
  dw 00580h
  dw 00508h
  dw 00179h
  dw 00406h
  dw 0027Bh
  dw 00880h
  dw 00880h
  dw 00880h
  dw 00880h
  dw 00880h
  dw 0087Fh
  dw 0097Bh
  dw 00105h
  dw 0097Ah
  dw 00406h
  dw 0097Ah
  dw 00406h
  dw 0097Ah
  dw 00406h
  dw 0097Ah
  dw 00306h
  dw 0097Ah
  dw 00405h
  dw 00A7Ch
  dw 00E80h
  dw 00E81h
  dw 00D81h
  dw 00C81h
  dw 00B80h
  dw 00203h
  dw 0087Eh
  dw 00102h
  dw 00781h
  dw 00680h
  dw 00781h
  dw 0067Fh
  dw 00880h
  dw 0087Fh
  dw 00980h
  dw 0097Fh
  dw 00A80h
  dw 00A7Fh
  dw 00B80h
  dw 00B7Fh
  dw 00C80h
  dw 00C7Fh
  dw 00D80h
  dw 00D80h
  dw 00D7Fh
  dw 00E80h
  dw 00E80h
  dw 00506h
  dw 0087Ah
  dw 00406h
  dw 0087Ah
  dw 00306h
  dw 0087Ah
  dw 00306h
  dw 00879h
  dw 00407h
  dw 00879h
  dw 00407h
  dw 00506h
  dw 00273h
  dw 00407h
  dw 00506h
  dw 00273h
  dw 00408h
  dw 00678h
  dw 00408h
  dw 00578h
  dw 00308h
  dw 00578h
  dw 00309h
  dw 00477h
  dw 00309h
  dw 00476h
  dw 0040Ah
  dw 00576h
  dw 0030Bh
  dw 00475h
  dw 0040Bh
  dw 00476h
  dw 0020Bh
  dw 00274h
  dw 0030Ch
  dw 00274h
  dw 0020Ch
  dw 00374h
  dw 0020Dh
  dw 00272h
  dw 0030Fh
  dw 00271h
  dw 0020Fh
  dw 00270h
  dw 00410h
  dw 00270h
  dw 00410h
  dw 0026Fh
  dw 00510h
  dw 0036Fh
  dw 00511h
  dw 0036Fh
  dw 00511h
  dw 0036Fh
  dw 00204h
  dw 0010Dh
  dw 00300h

chunliPage1frame003:
  db 02Ch,04Ah,068h,03Ah
  db 070h
  dw base+007EDh
  dw 00102h
  dw 0027Eh
  dw 0047Fh
  dw 00680h
  dw 0067Fh
  dw 00780h
  dw 00780h
  dw 00680h
  dw 00780h
  dw 00780h
  dw 00781h
  dw 00580h
  dw 00881h
  dw 00880h
  dw 00880h
  dw 00981h
  dw 00882h
  dw 00680h
  dw 00680h
  dw 00779h
  dw 00203h
  dw 00103h
  dw 0087Ah
  dw 00406h
  dw 0087Ah
  dw 00406h
  dw 0087Ah
  dw 00406h
  dw 0077Ah
  dw 00406h
  dw 0077Ah
  dw 00506h
  dw 0077Bh
  dw 00D7Fh
  dw 00E80h
  dw 00103h
  dw 00406h
  dw 0057Ah
  dw 00C80h
  dw 00C80h
  dw 00D80h
  dw 00D80h
  dw 00E82h
  dw 00104h
  dw 0087Ch
  dw 00104h
  dw 0087Ch
  dw 00103h
  dw 0097Dh
  dw 00103h
  dw 00A7Fh
  dw 00B80h
  dw 00B7Fh
  dw 00C80h
  dw 00C7Fh
  dw 00D80h
  dw 00D7Fh
  dw 00E80h
  dw 00E80h
  dw 00E7Fh
  dw 00F80h
  dw 00607h
  dw 00879h
  dw 00507h
  dw 00879h
  dw 00407h
  dw 00879h
  dw 00307h
  dw 00879h
  dw 00408h
  dw 00779h
  dw 00308h
  dw 00578h
  dw 00308h
  dw 00578h
  dw 00308h
  dw 00578h
  dw 00308h
  dw 00678h
  dw 00308h
  dw 00678h
  dw 00309h
  dw 00577h
  dw 00309h
  dw 00677h
  dw 0030Ah
  dw 00576h
  dw 0030Bh
  dw 00575h
  dw 0030Ch
  dw 00574h
  dw 0030Ch
  dw 00574h
  dw 0020Ch
  dw 00674h
  dw 0020Eh
  dw 00472h
  dw 0020Fh
  dw 00371h
  dw 0020Fh
  dw 00371h
  dw 0020Fh
  dw 00371h
  dw 0020Fh
  dw 00370h
  dw 00410h
  dw 0026Fh
  dw 00510h
  dw 0036Fh
  dw 00511h
  dw 0036Fh
  dw 00511h
  dw 0036Fh
  dw 00304h
  dw 0010Dh
  dw 00200h

chunliPage1frame004:
  db 02Ah,04Dh,066h,037h
  db 070h
  dw base+00A9Ah
  dw 00102h
  dw 0027Eh
  dw 0047Fh
  dw 00680h
  dw 0067Fh
  dw 00780h
  dw 00780h
  dw 00680h
  dw 00780h
  dw 00780h
  dw 00681h
  dw 00507h
  dw 00179h
  dw 00581h
  dw 00506h
  dw 0017Ah
  dw 00780h
  dw 00881h
  dw 00880h
  dw 00880h
  dw 00880h
  dw 0087Bh
  dw 00105h
  dw 0087Ah
  dw 00304h
  dw 00102h
  dw 0087Ah
  dw 00407h
  dw 00779h
  dw 00407h
  dw 00779h
  dw 00406h
  dw 0087Ah
  dw 00406h
  dw 0087Bh
  dw 00D80h
  dw 00D80h
  dw 00E7Fh
  dw 00104h
  dw 00B80h
  dw 00C81h
  dw 00B80h
  dw 00C81h
  dw 00B80h
  dw 00B82h
  dw 00980h
  dw 00A81h
  dw 00980h
  dw 0097Fh
  dw 00A80h
  dw 00A80h
  dw 00A80h
  dw 00A7Fh
  dw 00B80h
  dw 00B80h
  dw 00B80h
  dw 00B7Fh
  dw 00C80h
  dw 00C80h
  dw 00C80h
  dw 00C80h
  dw 00C80h
  dw 00B80h
  dw 00B80h
  dw 00304h
  dw 0077Ch
  dw 00A80h
  dw 00A81h
  dw 00980h
  dw 00304h
  dw 0057Ch
  dw 00305h
  dw 0057Bh
  dw 00305h
  dw 0067Bh
  dw 00306h
  dw 0057Ah
  dw 00407h
  dw 0047Ah
  dw 00306h
  dw 0047Ah
  dw 00307h
  dw 00479h
  dw 00307h
  dw 00479h
  dw 00307h
  dw 00479h
  dw 00308h
  dw 00378h
  dw 00309h
  dw 00378h
  dw 00208h
  dw 00478h
  dw 00209h
  dw 00377h
  dw 00209h
  dw 00377h
  dw 00209h
  dw 00376h
  dw 00309h
  dw 00475h
  dw 0050Ah
  dw 00576h
  dw 0050Ah
  dw 00576h
  dw 00304h
  dw 00106h
  dw 00376h
  dw 0030Ah
  dw 00300h

chunliPage1frame005:
  db 024h,04Eh,066h,036h
  db 070h
  dw base+00D45h
  dw 00102h
  dw 0027Eh
  dw 0047Fh
  dw 00680h
  dw 0067Fh
  dw 00780h
  dw 00780h
  dw 00680h
  dw 00780h
  dw 00780h
  dw 00681h
  dw 00508h
  dw 00178h
  dw 00607h
  dw 0037Ah
  dw 00980h
  dw 00A80h
  dw 00A81h
  dw 00980h
  dw 00880h
  dw 00880h
  dw 0087Ah
  dw 00203h
  dw 00103h
  dw 0097Ah
  dw 00406h
  dw 0097Ah
  dw 00407h
  dw 00879h
  dw 00407h
  dw 00879h
  dw 00406h
  dw 0087Ah
  dw 00406h
  dw 0087Bh
  dw 00405h
  dw 0087Bh
  dw 00D7Fh
  dw 00F80h
  dw 00103h
  dw 00C81h
  dw 00C80h
  dw 00304h
  dw 0087Dh
  dw 00103h
  dw 0097Dh
  dw 00103h
  dw 00981h
  dw 00880h
  dw 00881h
  dw 0087Fh
  dw 00980h
  dw 00980h
  dw 00980h
  dw 00980h
  dw 0097Fh
  dw 00A80h
  dw 00A80h
  dw 00A80h
  dw 00A80h
  dw 00A80h
  dw 00A80h
  dw 00A80h
  dw 00A80h
  dw 00A80h
  dw 00A80h
  dw 00A80h
  dw 00A80h
  dw 00980h
  dw 00506h
  dw 0037Ah
  dw 00507h
  dw 00279h
  dw 00680h
  dw 00681h
  dw 00580h
  dw 00680h
  dw 00681h
  dw 00580h
  dw 00580h
  dw 00581h
  dw 00380h
  dw 00480h
  dw 00480h
  dw 00481h
  dw 00480h
  dw 00381h
  dw 00280h
  dw 0027Fh
  dw 0047Fh
  dw 0067Fh
  dw 00780h
  dw 00780h
  dw 00780h
  dw 00600h

chunliPage1frame006:
  db 02Ah,04Dh,064h,037h
  db 070h
  dw base+00FB6h
  dw 00102h
  dw 0027Eh
  dw 0047Fh
  dw 00680h
  dw 0067Fh
  dw 00780h
  dw 00780h
  dw 00680h
  dw 00780h
  dw 00780h
  dw 00781h
  dw 00508h
  dw 00178h
  dw 00607h
  dw 0037Ah
  dw 00980h
  dw 00A80h
  dw 00A81h
  dw 00980h
  dw 00980h
  dw 0087Fh
  dw 0097Bh
  dw 00105h
  dw 0097Ah
  dw 00304h
  dw 00102h
  dw 00A7Ah
  dw 00407h
  dw 00979h
  dw 00407h
  dw 00979h
  dw 00406h
  dw 00A7Bh
  dw 00305h
  dw 00A7Ch
  dw 00304h
  dw 00A7Bh
  dw 01080h
  dw 00709h
  dw 00777h
  dw 00102h
  dw 00507h
  dw 00776h
  dw 00104h
  dw 00306h
  dw 0077Ah
  dw 00306h
  dw 0077Bh
  dw 00205h
  dw 0087Bh
  dw 00106h
  dw 00781h
  dw 0067Fh
  dw 00880h
  dw 00880h
  dw 00880h
  dw 0087Fh
  dw 00980h
  dw 00980h
  dw 00980h
  dw 00980h
  dw 00980h
  dw 00980h
  dw 00980h
  dw 00980h
  dw 0097Fh
  dw 00A80h
  dw 00A80h
  dw 00A80h
  dw 00A80h
  dw 00A80h
  dw 00A80h
  dw 00A80h
  dw 00A80h
  dw 00980h
  dw 00880h
  dw 00881h
  dw 00780h
  dw 00880h
  dw 00880h
  dw 00881h
  dw 00304h
  dw 0037Ch
  dw 00204h
  dw 0027Ch
  dw 00304h
  dw 0047Ch
  dw 00304h
  dw 0047Ch
  dw 00305h
  dw 0047Bh
  dw 00306h
  dw 0037Ah
  dw 00207h
  dw 00379h
  dw 00207h
  dw 00379h
  dw 00207h
  dw 00379h
  dw 00306h
  dw 00379h
  dw 00407h
  dw 00378h
  dw 00507h
  dw 00478h
  dw 00608h
  dw 00378h
  dw 00608h
  dw 00378h
  dw 00405h
  dw 00100h

chunliPage1frame007:
  db 030h,04Ch,064h,038h
  db 070h
  dw base+0124Dh
  dw 00102h
  dw 0027Eh
  dw 0047Fh
  dw 00680h
  dw 0067Fh
  dw 00780h
  dw 00780h
  dw 00680h
  dw 00780h
  dw 00780h
  dw 00709h
  dw 00178h
  dw 00508h
  dw 00278h
  dw 00607h
  dw 0037Ah
  dw 00A80h
  dw 00A80h
  dw 00A81h
  dw 00980h
  dw 00980h
  dw 0097Fh
  dw 00B80h
  dw 00B7Bh
  dw 00103h
  dw 00102h
  dw 00B7Ah
  dw 00406h
  dw 00B7Ah
  dw 00407h
  dw 00B79h
  dw 00406h
  dw 00C7Ah
  dw 00406h
  dw 00C7Bh
  dw 00305h
  dw 00C7Bh
  dw 00405h
  dw 00C7Bh
  dw 00708h
  dw 00878h
  dw 00709h
  dw 00776h
  dw 00104h
  dw 00307h
  dw 00679h
  dw 00307h
  dw 0077Ah
  dw 00206h
  dw 0077Ah
  dw 00106h
  dw 00780h
  dw 00880h
  dw 00880h
  dw 00880h
  dw 00880h
  dw 00880h
  dw 00880h
  dw 0087Fh
  dw 00980h
  dw 0097Fh
  dw 00A80h
  dw 00A7Fh
  dw 00B80h
  dw 00B7Fh
  dw 00C80h
  dw 00C7Fh
  dw 00D80h
  dw 00D80h
  dw 00D80h
  dw 00D80h
  dw 00406h
  dw 0077Ah
  dw 00406h
  dw 0077Ah
  dw 00407h
  dw 0067Ah
  dw 00306h
  dw 0067Ah
  dw 00306h
  dw 0077Ah
  dw 00307h
  dw 00679h
  dw 00307h
  dw 00679h
  dw 00308h
  dw 00678h
  dw 00309h
  dw 00577h
  dw 0030Ah
  dw 00476h
  dw 0030Bh
  dw 00475h
  dw 0030Bh
  dw 00575h
  dw 0030Ch
  dw 00474h
  dw 0030Dh
  dw 00473h
  dw 0030Eh
  dw 00372h
  dw 0020Eh
  dw 00372h
  dw 0020Eh
  dw 00373h
  dw 0010Dh
  dw 00372h
  dw 0020Eh
  dw 00271h
  dw 0040Eh
  dw 00371h
  dw 0050Fh
  dw 00370h
  dw 00610h
  dw 00370h
  dw 00610h
  dw 00370h
  dw 00304h
  dw 00100h

chunliPage1frame008:
  db 02Ah,040h,06Ah,044h
  db 078h
  dw base+0150Ch
  dw 00102h
  dw 0027Eh
  dw 0047Fh
  dw 00680h
  dw 0067Fh
  dw 00780h
  dw 00780h
  dw 00780h
  dw 00680h
  dw 00780h
  dw 00681h
  dw 00581h
  dw 00406h
  dw 0017Ah
  dw 00880h
  dw 00881h
  dw 00880h
  dw 0087Fh
  dw 00980h
  dw 00980h
  dw 0097Ah
  dw 00206h
  dw 0087Ah
  dw 00306h
  dw 0087Ah
  dw 00306h
  dw 0087Ah
  dw 00306h
  dw 0087Ah
  dw 00305h
  dw 0097Bh
  dw 00305h
  dw 0097Bh
  dw 00405h
  dw 0097Bh
  dw 00F81h
  dw 00E82h
  dw 00C80h
  dw 00C81h
  dw 00B80h
  dw 00203h
  dw 0077Eh
  dw 00102h
  dw 0077Bh
  dw 00406h
  dw 00779h
  dw 00E80h
  dw 00F80h
  dw 00F80h
  dw 00F80h
  dw 00F80h
  dw 01080h
  dw 01080h
  dw 01080h
  dw 01080h
  dw 01080h
  dw 00405h
  dw 00B7Bh
  dw 00405h
  dw 00B7Bh
  dw 00306h
  dw 00A7Ah
  dw 00307h
  dw 0097Ah
  dw 00306h
  dw 00980h
  dw 0097Ah
  dw 00206h
  dw 00980h
  dw 0097Bh
  dw 00105h
  dw 0097Ah
  dw 00206h
  dw 0090Ah
  dw 00170h
  dw 00207h
  dw 00809h
  dw 00270h
  dw 00207h
  dw 00809h
  dw 00270h
  dw 00209h
  dw 00607h
  dw 00270h
  dw 0020Bh
  dw 00774h
  dw 0030Eh
  dw 00572h
  dw 00410h
  dw 0026Fh
  dw 00510h
  dw 0036Fh
  dw 00511h
  dw 0036Fh
  dw 00511h
  dw 0036Fh
  dw 00204h
  dw 0010Dh
  dw 00200h

chunliPage1frame009:
  db 01Ch,05Eh,072h,024h
  db 080h
  dw base+0179Eh
  dw 00102h
  dw 0027Eh
  dw 0047Fh
  dw 0067Dh
  dw 00980h
  dw 00980h
  dw 00980h
  dw 00980h
  dw 0097Fh
  dw 00A80h
  dw 00A81h
  dw 0087Fh
  dw 00809h
  dw 00277h
  dw 00B82h
  dw 00A80h
  dw 00A80h
  dw 00A81h
  dw 00980h
  dw 00980h
  dw 00980h
  dw 00880h
  dw 00880h
  dw 00780h
  dw 00780h
  dw 00781h
  dw 00680h
  dw 00680h
  dw 0067Eh
  dw 00102h
  dw 0057Eh
  dw 0077Fh
  dw 00880h
  dw 00880h
  dw 00881h
  dw 00681h
  dw 00680h
  dw 00680h
  dw 00780h
  dw 00780h
  dw 00780h
  dw 00880h
  dw 0087Fh
  dw 00980h
  dw 00980h
  dw 00A7Fh
  dw 00B80h
  dw 00B80h
  dw 00B7Fh
  dw 00C80h
  dw 00C80h
  dw 00C7Fh
  dw 00D80h
  dw 00D80h
  dw 00D7Fh
  dw 00E80h
  dw 00506h
  dw 0087Ah
  dw 00506h
  dw 0087Ah
  dw 00406h
  dw 0087Ah
  dw 00306h
  dw 0087Ah
  dw 00406h
  dw 0087Ah
  dw 00407h
  dw 0077Ah
  dw 00406h
  dw 0067Ah
  dw 00406h
  dw 0067Ah
  dw 00407h
  dw 0047Ah
  dw 00306h
  dw 0047Ah
  dw 00306h
  dw 0047Ah
  dw 00406h
  dw 0047Ah
  dw 00406h
  dw 0047Ah
  dw 00406h
  dw 0047Ah
  dw 00406h
  dw 0047Bh
  dw 00305h
  dw 0047Bh
  dw 00305h
  dw 0047Ch
  dw 00204h
  dw 0037Ch
  dw 00304h
  dw 0037Ch
  dw 00304h
  dw 0037Ch
  dw 00304h
  dw 0047Ch
  dw 00304h
  dw 0047Dh
  dw 00203h
  dw 0037Dh
  dw 00203h
  dw 0037Dh
  dw 00204h
  dw 0027Ch
  dw 00204h
  dw 0027Ch
  dw 00204h
  dw 0027Ch
  dw 00204h
  dw 0027Ch
  dw 00204h
  dw 0027Ch
  dw 00104h
  dw 0037Ch
  dw 00104h
  dw 00380h
  dw 00380h
  dw 00380h
  dw 00380h
  dw 00280h
  dw 00280h
  dw 00280h
  dw 0027Fh
  dw 00380h
  dw 00280h
  dw 00200h

chunliPage1frame010:
  db 022h,03Ah,06Ch,025h
  db 078h
  dw base+01A68h
  dw 0017Dh
  dw 00580h
  dw 0057Fh
  dw 00680h
  dw 0067Fh
  dw 00780h
  dw 00780h
  dw 00809h
  dw 00277h
  dw 00B81h
  dw 00507h
  dw 00479h
  dw 00B81h
  dw 00A80h
  dw 00A80h
  dw 00A7Fh
  dw 00B80h
  dw 00C80h
  dw 00C81h
  dw 00C80h
  dw 00C81h
  dw 00B80h
  dw 00708h
  dw 00479h
  dw 00B80h
  dw 00B7Fh
  dw 00C80h
  dw 00B80h
  dw 00B80h
  dw 00B81h
  dw 00A80h
  dw 00B80h
  dw 00B7Fh
  dw 00C7Fh
  dw 00E7Fh
  dw 00F7Fh
  dw 01080h
  dw 0107Fh
  dw 01180h
  dw 01180h
  dw 01180h
  dw 01180h
  dw 01181h
  dw 01080h
  dw 01082h
  dw 00E81h
  dw 00D82h
  dw 00B82h
  dw 00980h
  dw 00980h
  dw 00980h
  dw 00980h
  dw 00980h
  dw 00980h
  dw 00304h
  dw 0047Dh
  dw 00203h
  dw 0047Dh
  dw 00203h
  dw 0047Dh
  dw 00203h
  dw 0037Dh
  dw 00203h
  dw 0037Eh
  dw 00102h
  dw 0027Eh
  dw 00102h
  dw 00100h

chunliPage1frame011:
  db 046h,03Eh,054h,03Dh
  db 08Eh
  dw base+01CC4h
  dw 0017Ch
  dw 00204h
  dw 0017Bh
  dw 00405h
  dw 0017Bh
  dw 00680h
  dw 00780h
  dw 00781h
  dw 00680h
  dw 0067Fh
  dw 0077Fh
  dw 0080Ah
  dw 00176h
  dw 00709h
  dw 00176h
  dw 0080Ah
  dw 00273h
  dw 0107Fh
  dw 0117Fh
  dw 0127Fh
  dw 0137Fh
  dw 0147Fh
  dw 01580h
  dw 0157Fh
  dw 0167Fh
  dw 01780h
  dw 00B0Ch
  dw 00B73h
  dw 00C0Eh
  dw 00405h
  dw 0046Dh
  dw 00C0Fh
  dw 00305h
  dw 0036Ch
  dw 00C0Fh
  dw 00305h
  dw 0036Ch
  dw 00C0Fh
  dw 00306h
  dw 0016Bh
  dw 00C10h
  dw 0016Fh
  dw 00D80h
  dw 00C80h
  dw 00C7Fh
  dw 00D80h
  dw 00D80h
  dw 00809h
  dw 00376h
  dw 00809h
  dw 00477h
  dw 00809h
  dw 00477h
  dw 00709h
  dw 00377h
  dw 00708h
  dw 00476h
  dw 0090Bh
  dw 00275h
  dw 0090Bh
  dw 00175h
  dw 00980h
  dw 0097Fh
  dw 00406h
  dw 0047Ah
  dw 00406h
  dw 0047Ah
  dw 00305h
  dw 0047Ah
  dw 00306h
  dw 00479h
  dw 00407h
  dw 00478h
  dw 00408h
  dw 00377h
  dw 00508h
  dw 00477h
  dw 00609h
  dw 00477h
  dw 00609h
  dw 00378h
  dw 00508h
  dw 0027Bh
  dw 00104h
  dw 00380h
  dw 00280h
  dw 0027Fh
  dw 00380h
  dw 00380h
  dw 0037Fh
  dw 0047Fh
  dw 00580h
  dw 00380h
  dw 00280h
  dw 00200h

chunliPage1frame012:
  db 03Eh,047h,050h,020h
  db 056h
  dw base+01F3Ah
  dw 00380h
  dw 00480h
  dw 00581h
  dw 00480h
  dw 00481h
  dw 00480h
  dw 0047Eh
  dw 00203h
  dw 0037Ch
  dw 00305h
  dw 00379h
  dw 00507h
  dw 00479h
  dw 00508h
  dw 00478h
  dw 00608h
  dw 00478h
  dw 00D81h
  dw 00C82h
  dw 00A81h
  dw 00A81h
  dw 00981h
  dw 00881h
  dw 00981h
  dw 00981h
  dw 00980h
  dw 00A81h
  dw 00A80h
  dw 00A81h
  dw 00A80h
  dw 00B81h
  dw 00B80h
  dw 00B81h
  dw 00A80h
  dw 00B81h
  dw 00A80h
  dw 00A81h
  dw 0090Ah
  dw 00476h
  dw 00E81h
  dw 00E81h
  dw 00D80h
  dw 00D81h
  dw 00709h
  dw 00102h
  dw 00275h
  dw 00609h
  dw 00103h
  dw 00174h
  dw 0060Ah
  dw 00102h
  dw 0016Fh
  dw 00105h
  dw 0050Ah
  dw 00102h
  dw 0016Fh
  dw 00105h
  dw 0050Ah
  dw 00102h
  dw 0016Fh
  dw 00105h
  dw 0050Ah
  dw 00171h
  dw 00205h
  dw 0057Bh
  dw 00205h
  dw 0077Bh
  dw 00305h
  dw 0077Bh
  dw 00607h
  dw 0067Ah
  dw 00506h
  dw 0067Ah
  dw 00406h
  dw 0077Bh
  dw 00305h
  dw 0087Ch
  dw 00104h
  dw 00880h
  dw 00880h
  dw 00880h
  dw 00880h
  dw 0087Fh
  dw 00880h
  dw 0080Ah
  dw 00175h
  dw 00C7Eh
  dw 00102h
  dw 00D7Eh
  dw 00507h
  dw 00879h
  dw 00408h
  dw 00779h
  dw 00307h
  dw 00679h
  dw 00307h
  dw 00679h
  dw 00407h
  dw 00678h
  dw 00509h
  dw 00577h
  dw 00509h
  dw 00577h
  dw 00409h
  dw 00478h
  dw 00309h
  dw 00377h
  dw 00309h
  dw 00278h
  dw 00107h
  dw 00281h
  dw 00100h

chunliPage1frame013:
  db 01Eh,05Bh,072h,010h
  db 07Eh
  dw base+021B6h
  dw 00103h
  dw 0027Dh
  dw 00103h
  dw 0027Dh
  dw 00204h
  dw 0027Ch
  dw 00204h
  dw 0027Ch
  dw 00204h
  dw 0027Ch
  dw 00204h
  dw 0027Ch
  dw 00204h
  dw 0027Ch
  dw 00204h
  dw 0027Ch
  dw 00304h
  dw 0027Ch
  dw 00680h
  dw 00680h
  dw 00203h
  dw 0037Dh
  dw 00203h
  dw 0037Dh
  dw 00580h
  dw 00580h
  dw 00580h
  dw 00580h
  dw 00580h
  dw 00580h
  dw 00580h
  dw 0057Fh
  dw 00680h
  dw 00680h
  dw 00680h
  dw 00680h
  dw 00680h
  dw 00580h
  dw 00580h
  dw 00580h
  dw 00580h
  dw 00480h
  dw 00480h
  dw 0047Fh
  dw 00580h
  dw 00580h
  dw 00580h
  dw 00580h
  dw 00580h
  dw 00680h
  dw 00680h
  dw 00680h
  dw 00680h
  dw 00680h
  dw 00680h
  dw 00680h
  dw 00680h
  dw 00680h
  dw 00607h
  dw 00279h
  dw 00A80h
  dw 00A7Eh
  dw 00102h
  dw 00B7Dh
  dw 00E80h
  dw 00E7Fh
  dw 00F80h
  dw 00F80h
  dw 00F81h
  dw 00E80h
  dw 00103h
  dw 00B7Dh
  dw 00102h
  dw 00C7Eh
  dw 00102h
  dw 00607h
  dw 00304h
  dw 00174h
  dw 00709h
  dw 00203h
  dw 00174h
  dw 00809h
  dw 00203h
  dw 00174h
  dw 0080Ah
  dw 00102h
  dw 00174h
  dw 0090Ch
  dw 00175h
  dw 00880h
  dw 00880h
  dw 00980h
  dw 00980h
  dw 00980h
  dw 00A7Fh
  dw 00B80h
  dw 00B80h
  dw 00304h
  dw 0077Bh
  dw 00406h
  dw 00579h
  dw 00507h
  dw 0057Ah
  dw 00406h
  dw 0047Ah
  dw 00406h
  dw 0047Ah
  dw 00406h
  dw 0037Ah
  dw 00405h
  dw 0047Bh
  dw 00305h
  dw 0047Bh
  dw 00304h
  dw 0057Eh
  dw 00881h
  dw 00780h
  dw 00780h
  dw 00780h
  dw 00781h
  dw 00680h
  dw 00681h
  dw 00580h
  dw 00583h
  dw 00100h

chunliPage1frame014:
  db 040h,04Dh,06Ah,023h
  db 098h
  dw base+02441h
  dw 00280h
  dw 00280h
  dw 0027Fh
  dw 00380h
  dw 00380h
  dw 0037Fh
  dw 00380h
  dw 0037Fh
  dw 00380h
  dw 0037Fh
  dw 0037Fh
  dw 00480h
  dw 0047Fh
  dw 0047Fh
  dw 00580h
  dw 00580h
  dw 0047Fh
  dw 00580h
  dw 0057Fh
  dw 0057Fh
  dw 0067Fh
  dw 00711h
  dw 0026Eh
  dw 00712h
  dw 0026Eh
  dw 00610h
  dw 0056Fh
  dw 00710h
  dw 0066Fh
  dw 0070Fh
  dw 00871h
  dw 0070Dh
  dw 00972h
  dw 0080Dh
  dw 00873h
  dw 0070Ch
  dw 00774h
  dw 0070Ch
  dw 00773h
  dw 0080Ch
  dw 00774h
  dw 00709h
  dw 00A77h
  dw 00708h
  dw 00978h
  dw 00607h
  dw 00A79h
  dw 00607h
  dw 00978h
  dw 01080h
  dw 00F80h
  dw 00E80h
  dw 00E80h
  dw 00D81h
  dw 00C80h
  dw 00B80h
  dw 00B80h
  dw 00A7Fh
  dw 00B7Ch
  dw 00104h
  dw 00C7Ch
  dw 00304h
  dw 00C7Bh
  dw 01180h
  dw 01180h
  dw 01180h
  dw 01180h
  dw 00B0Ch
  dw 00574h
  dw 00B0Ch
  dw 00574h
  dw 00B0Ch
  dw 00574h
  dw 00B0Ch
  dw 00574h
  dw 00B0Ch
  dw 00204h
  dw 0016Fh
  dw 00C0Dh
  dw 00204h
  dw 0016Fh
  dw 00C0Dh
  dw 00173h
  dw 00B0Dh
  dw 00174h
  dw 00A80h
  dw 00A80h
  dw 00A80h
  dw 00203h
  dw 0077Eh
  dw 00102h
  dw 0077Fh
  dw 00880h
  dw 00405h
  dw 0027Bh
  dw 00405h
  dw 0027Ah
  dw 00506h
  dw 0017Ah
  dw 00580h
  dw 00580h
  dw 0057Fh
  dw 00780h
  dw 00780h
  dw 00780h
  dw 00781h
  dw 00680h
  dw 00103h
  dw 00200h

chunliPage1frame015:
  db 032h,04Ah,062h,03Ch
  db 072h
  dw base+02724h
  dw 0017Fh
  dw 00380h
  dw 0037Fh
  dw 00580h
  dw 00580h
  dw 00580h
  dw 00680h
  dw 00680h
  dw 00708h
  dw 00174h
  dw 00204h
  dw 00A7Ch
  dw 00203h
  dw 00C7Ch
  dw 01180h
  dw 01280h
  dw 0127Fh
  dw 01480h
  dw 01480h
  dw 01580h
  dw 01580h
  dw 01581h
  dw 01480h
  dw 01480h
  dw 01481h
  dw 00304h
  dw 0107Dh
  dw 00103h
  dw 0107Fh
  dw 01180h
  dw 00708h
  dw 00978h
  dw 00608h
  dw 00978h
  dw 00405h
  dw 00103h
  dw 00978h
  dw 00305h
  dw 00103h
  dw 00978h
  dw 00208h
  dw 00979h
  dw 00107h
  dw 00980h
  dw 00980h
  dw 00880h
  dw 00880h
  dw 00881h
  dw 00780h
  dw 00780h
  dw 00780h
  dw 00880h
  dw 00304h
  dw 0047Ch
  dw 00304h
  dw 0047Ch
  dw 00305h
  dw 0037Bh
  dw 00305h
  dw 0037Bh
  dw 00305h
  dw 0047Bh
  dw 00405h
  dw 0047Ch
  dw 00304h
  dw 0047Ch
  dw 00304h
  dw 0047Ch
  dw 00405h
  dw 0037Bh
  dw 00405h
  dw 0037Bh
  dw 00405h
  dw 0037Bh
  dw 00405h
  dw 0047Ch
  dw 00305h
  dw 0037Bh
  dw 00305h
  dw 0037Bh
  dw 00305h
  dw 0037Bh
  dw 00405h
  dw 0037Ch
  dw 00304h
  dw 0037Ch
  dw 00305h
  dw 0027Bh
  dw 00305h
  dw 0027Bh
  dw 00305h
  dw 0037Ch
  dw 00204h
  dw 0037Ch
  dw 00304h
  dw 0037Ch
  dw 00304h
  dw 0037Ch
  dw 00305h
  dw 0027Bh
  dw 00305h
  dw 0027Ch
  dw 00204h
  dw 0027Ch
  dw 00204h
  dw 0027Ch
  dw 00204h
  dw 0027Ch
  dw 00204h
  dw 0027Ch
  dw 00204h
  dw 0027Ch
  dw 00205h
  dw 0017Bh
  dw 00205h
  dw 0017Bh
  dw 00280h
  dw 00180h
  dw 00100h

chunliPage1frame016:
  db 03Ah,04Eh,05Ah,036h
  db 07Ch
  dw base+029BEh
  dw 0017Dh
  dw 00580h
  dw 0057Fh
  dw 00680h
  dw 0067Fh
  dw 00780h
  dw 00780h
  dw 00780h
  dw 00781h
  dw 00580h
  dw 00681h
  dw 00577h
  dw 00109h
  dw 00674h
  dw 00203h
  dw 00108h
  dw 00874h
  dw 00506h
  dw 00205h
  dw 00A74h
  dw 01681h
  dw 0157Fh
  dw 01681h
  dw 01581h
  dw 01483h
  dw 01280h
  dw 00102h
  dw 00306h
  dw 00A78h
  dw 00108h
  dw 00A78h
  dw 00109h
  dw 00980h
  dw 00A81h
  dw 00980h
  dw 00981h
  dw 00405h
  dw 0037Bh
  dw 00406h
  dw 0027Ah
  dw 00506h
  dw 0027Bh
  dw 00580h
  dw 00580h
  dw 0067Fh
  dw 00880h
  dw 00880h
  dw 0097Fh
  dw 00A80h
  dw 00B7Fh
  dw 00C80h
  dw 00D7Fh
  dw 00E80h
  dw 00F7Fh
  dw 01080h
  dw 0117Fh
  dw 01280h
  dw 0127Fh
  dw 01280h
  dw 01280h
  dw 00608h
  dw 00A78h
  dw 00608h
  dw 00607h
  dw 00370h
  dw 00609h
  dw 00607h
  dw 00270h
  dw 00509h
  dw 00608h
  dw 0016Fh
  dw 0030Ah
  dw 00676h
  dw 0030Bh
  dw 00304h
  dw 00171h
  dw 0030Bh
  dw 00375h
  dw 0030Bh
  dw 00475h
  dw 0030Bh
  dw 00475h
  dw 0030Bh
  dw 00575h
  dw 0030Ch
  dw 00474h
  dw 0030Ch
  dw 00574h
  dw 0030Ch
  dw 00574h
  dw 0030Ch
  dw 00573h
  dw 0040Eh
  dw 00572h
  dw 0040Eh
  dw 00572h
  dw 0040Fh
  dw 00472h
  dw 0020Fh
  dw 00371h
  dw 0020Fh
  dw 00471h
  dw 0020Fh
  dw 00471h
  dw 00210h
  dw 00370h
  dw 00211h
  dw 0036Fh
  dw 00211h
  dw 0036Eh
  dw 00312h
  dw 0036Eh
  dw 00312h
  dw 0036Dh
  dw 00413h
  dw 0036Ch
  dw 00513h
  dw 0046Ch
  dw 00614h
  dw 0046Ch
  dw 00514h
  dw 0036Ch
  dw 00304h
  dw 00110h
  dw 00300h

chunliPage1frame017:
  db 04Ch,043h,048h,042h
  db 04Ch
  dw base+02CC3h
  dw 00180h
  dw 0040Ch
  dw 00473h
  dw 0050Ch
  dw 00674h
  dw 0060Ch
  dw 00673h
  dw 0080Ch
  dw 00774h
  dw 0070Ch
  dw 00774h
  dw 0060Ch
  dw 00774h
  dw 0070Ch
  dw 00775h
  dw 0070Bh
  dw 00775h
  dw 0070Ch
  dw 00507h
  dw 0016Dh
  dw 0090Bh
  dw 00607h
  dw 0036Fh
  dw 01480h
  dw 01480h
  dw 00204h
  dw 0107Dh
  dw 00205h
  dw 00E80h
  dw 00E81h
  dw 00D82h
  dw 00A81h
  dw 00981h
  dw 00880h
  dw 00880h
  dw 00A81h
  dw 00980h
  dw 00980h
  dw 00981h
  dw 00980h
  dw 00881h
  dw 00780h
  dw 00780h
  dw 00780h
  dw 00780h
  dw 0077Eh
  dw 00A7Dh
  dw 00E7Fh
  dw 0107Fh
  dw 0127Fh
  dw 0147Fh
  dw 01580h
  dw 0167Fh
  dw 01780h
  dw 01780h
  dw 01780h
  dw 01780h
  dw 01780h
  dw 00405h
  dw 0127Bh
  dw 00406h
  dw 00305h
  dw 00C75h
  dw 0040Ch
  dw 00A74h
  dw 0040Ch
  dw 00A74h
  dw 0040Dh
  dw 00973h
  dw 0040Dh
  dw 00A73h
  dw 0040Dh
  dw 00B74h
  dw 0030Dh
  dw 00A72h
  dw 0040Eh
  dw 00B72h
  dw 0040Fh
  dw 00405h
  dw 0066Ch
  dw 0040Fh
  dw 00306h
  dw 0056Ch
  dw 0030Fh
  dw 00105h
  dw 0056Ch
  dw 00215h
  dw 0056Bh
  dw 00215h
  dw 0056Bh
  dw 00216h
  dw 0056Ah
  dw 00217h
  dw 00569h
  dw 00217h
  dw 00768h
  dw 0031Bh
  dw 00564h
  dw 0041Ch
  dw 00563h
  dw 0051Dh
  dw 00563h
  dw 0051Eh
  dw 00361h
  dw 00620h
  dw 00260h
  dw 00500h

chunliPage1frame018:
  db 030h,03Bh,060h,04Ah
  db 06Ah
  dw base+03018h
  dw 00102h
  dw 0017Dh
  dw 00580h
  dw 0057Fh
  dw 00680h
  dw 0067Fh
  dw 00780h
  dw 00780h
  dw 00780h
  dw 00781h
  dw 00508h
  dw 00178h
  dw 00708h
  dw 00279h
  dw 00981h
  dw 00980h
  dw 00980h
  dw 00980h
  dw 0097Eh
  dw 00102h
  dw 0087Ch
  dw 00C7Fh
  dw 00D80h
  dw 00D80h
  dw 00E80h
  dw 00405h
  dw 0097Ch
  dw 00304h
  dw 0097Ch
  dw 00D7Fh
  dw 00E81h
  dw 00D81h
  dw 00102h
  dw 00B80h
  dw 00B81h
  dw 00A81h
  dw 00982h
  dw 0067Bh
  dw 00205h
  dw 0067Ah
  dw 00406h
  dw 00679h
  dw 00E80h
  dw 00E80h
  dw 00F80h
  dw 00F80h
  dw 01080h
  dw 01080h
  dw 01180h
  dw 01180h
  dw 01180h
  dw 01181h
  dw 01080h
  dw 01180h
  dw 01680h
  dw 00405h
  dw 0117Ch
  dw 00305h
  dw 0107Bh
  dw 00305h
  dw 0107Bh
  dw 00306h
  dw 00F7Bh
  dw 00206h
  dw 00E7Ah
  dw 00206h
  dw 00E7Ah
  dw 00306h
  dw 00B0Ch
  dw 0026Eh
  dw 00306h
  dw 00A0Ch
  dw 0026Eh
  dw 00307h
  dw 0090Ah
  dw 0036Eh
  dw 0040Ah
  dw 00508h
  dw 0036Dh
  dw 0050Bh
  dw 00208h
  dw 0036Dh
  dw 00513h
  dw 0026Dh
  dw 00300h

chunliPage1frame019:
  db 048h,03Bh,044h,04Ah
  db 062h
  dw base+032D8h
  dw 00102h
  dw 0027Eh
  dw 0047Fh
  dw 0067Fh
  dw 00780h
  dw 00780h
  dw 00780h
  dw 00780h
  dw 00708h
  dw 00178h
  dw 00708h
  dw 00278h
  dw 00607h
  dw 0037Ah
  dw 00506h
  dw 0047Bh
  dw 00980h
  dw 00974h
  dw 0010Ch
  dw 00974h
  dw 0010Ah
  dw 00203h
  dw 00871h
  dw 00102h
  dw 00109h
  dw 00C74h
  dw 00506h
  dw 00204h
  dw 00E76h
  dw 01880h
  dw 01880h
  dw 01880h
  dw 0191Ah
  dw 00167h
  dw 01A82h
  dw 00203h
  dw 00308h
  dw 00E75h
  dw 0010Ch
  dw 00D74h
  dw 0010Dh
  dw 00C81h
  dw 00A80h
  dw 00607h
  dw 0037Ah
  dw 00A80h
  dw 00A81h
  dw 00981h
  dw 0067Fh
  dw 00780h
  dw 0077Ch
  dw 00204h
  dw 0087Bh
  dw 00D80h
  dw 00E80h
  dw 00E80h
  dw 00F80h
  dw 00F80h
  dw 00F80h
  dw 00F80h
  dw 01080h
  dw 01081h
  dw 00F80h
  dw 00F80h
  dw 00F80h
  dw 01113h
  dw 0016Eh
  dw 01380h
  dw 01481h
  dw 01380h
  dw 00304h
  dw 00F7Dh
  dw 00204h
  dw 00405h
  dw 00977h
  dw 00306h
  dw 00304h
  dw 00876h
  dw 00306h
  dw 00304h
  dw 00876h
  dw 00307h
  dw 00304h
  dw 00774h
  dw 0040Ch
  dw 00774h
  dw 0030Dh
  dw 00203h
  dw 00370h
  dw 00310h
  dw 00370h
  dw 00200h

chunliPage1frame020:
  db 03Ch,055h,046h,02Fh
  db 076h
  dw base+035C9h
  dw 0017Dh
  dw 00580h
  dw 0057Fh
  dw 00607h
  dw 00179h
  dw 0087Fh
  dw 00980h
  dw 00980h
  dw 00880h
  dw 00881h
  dw 00780h
  dw 00881h
  dw 00881h
  dw 00780h
  dw 00304h
  dw 0047Ch
  dw 00305h
  dw 00378h
  dw 00203h
  dw 0087Dh
  dw 00B7Fh
  dw 00C80h
  dw 00B80h
  dw 00B80h
  dw 00A80h
  dw 00A80h
  dw 00980h
  dw 00980h
  dw 00980h
  dw 00203h
  dw 0067Dh
  dw 00203h
  dw 0067Dh
  dw 00876h
  dw 00207h
  dw 00B78h
  dw 00406h
  dw 00D76h
  dw 0167Dh
  dw 01980h
  dw 01980h
  dw 01980h
  dw 01A81h
  dw 01980h
  dw 00207h
  dw 01285h
  dw 00E81h
  dw 00D80h
  dw 00D80h
  dw 00305h
  dw 0097Ah
  dw 00506h
  dw 0097Ah
  dw 01080h
  dw 00304h
  dw 00102h
  dw 00A7Bh
  dw 00103h
  dw 00102h
  dw 00B7Bh
  dw 00106h
  dw 00A80h
  dw 00980h
  dw 00981h
  dw 00880h
  dw 00781h
  dw 00680h
  dw 00580h
  dw 00581h
  dw 00480h
  dw 00480h
  dw 00480h
  dw 00480h
  dw 00481h
  dw 00380h
  dw 00380h
  dw 00480h
  dw 00481h
  dw 00380h
  dw 00380h
  dw 00380h
  dw 00380h
  dw 00380h
  dw 00380h
  dw 00481h
  dw 0037Fh
  dw 00480h
  dw 00481h
  dw 00380h
  dw 00380h
  dw 00380h
  dw 00381h
  dw 00280h
  dw 00280h
  dw 00380h
  dw 00380h
  dw 00380h
  dw 0037Fh
  dw 00480h
  dw 00480h
  dw 00400h

chunliPage1frame021:
  db 046h,056h,04Ch,02Eh
  db 04Ch
  dw base+03888h
  dw 00180h
  dw 00280h
  dw 00280h
  dw 00380h
  dw 00480h
  dw 00481h
  dw 00480h
  dw 00582h
  dw 00410h
  dw 00270h
  dw 0050Dh
  dw 00574h
  dw 0050Ch
  dw 00474h
  dw 0060Ch
  dw 00575h
  dw 0050Bh
  dw 00675h
  dw 0060Bh
  dw 00776h
  dw 0050Ah
  dw 00876h
  dw 0050Bh
  dw 00203h
  dw 00473h
  dw 0050Ah
  dw 00204h
  dw 00472h
  dw 0060Eh
  dw 00572h
  dw 0080Fh
  dw 00672h
  dw 0080Eh
  dw 00773h
  dw 0080Eh
  dw 00773h
  dw 0070Eh
  dw 00708h
  dw 0026Ah
  dw 0080Fh
  dw 00607h
  dw 0036Bh
  dw 0070Fh
  dw 00506h
  dw 0036Bh
  dw 0080Fh
  dw 00971h
  dw 0090Eh
  dw 00A73h
  dw 0090Dh
  dw 00A73h
  dw 00A0Ch
  dw 00B75h
  dw 01680h
  dw 01681h
  dw 01581h
  dw 01480h
  dw 01481h
  dw 01380h
  dw 00F10h
  dw 00370h
  dw 00F11h
  dw 0026Eh
  dw 01080h
  dw 01080h
  dw 0107Fh
  dw 00A0Bh
  dw 00675h
  dw 00A0Dh
  dw 00473h
  dw 00A0Dh
  dw 00373h
  dw 00A0Eh
  dw 00271h
  dw 00B80h
  dw 00B80h
  dw 00B80h
  dw 00B7Fh
  dw 00C80h
  dw 00C81h
  dw 00809h
  dw 00277h
  dw 00809h
  dw 00278h
  dw 00708h
  dw 00279h
  dw 00102h
  dw 00405h
  dw 0027Bh
  dw 00405h
  dw 0027Bh
  dw 00405h
  dw 0017Bh
  dw 00405h
  dw 0017Bh
  dw 00580h
  dw 00304h
  dw 0017Ch
  dw 00380h
  dw 00380h
  dw 00380h
  dw 00380h
  dw 00480h
  dw 00480h
  dw 00480h
  dw 00480h
  dw 00480h
  dw 00380h
  dw 00380h
  dw 00380h
  dw 00380h
  dw 00380h
  dw 00381h
  dw 00280h
  dw 00280h
  dw 00280h
  dw 00280h
  dw 0027Fh
  dw 00380h
  dw 00380h
  dw 0037Fh
  dw 00480h
  dw 0047Fh
  dw 00580h
  dw 00580h
  dw 00304h
  dw 00100h

chunliPage1frame022:
  db 03Ch,02Ah,052h,05Ch
  db 07Ch
  dw base+03B95h
  dw 0017Dh
  dw 0047Fh
  dw 00680h
  dw 00680h
  dw 00680h
  dw 00680h
  dw 00680h
  dw 00680h
  dw 00780h
  dw 00980h
  dw 00A7Fh
  dw 00B80h
  dw 00B80h
  dw 00B80h
  dw 00B80h
  dw 00B80h
  dw 00B81h
  dw 00980h
  dw 00A80h
  dw 00A7Fh
  dw 00C7Fh
  dw 00D7Fh
  dw 00F7Fh
  dw 01080h
  dw 0117Fh
  dw 0127Fh
  dw 01380h
  dw 0137Dh
  dw 0167Fh
  dw 0177Fh
  dw 0187Fh
  dw 0197Ch
  dw 01D80h
  dw 00F11h
  dw 00C6Eh
  dw 00B12h
  dw 00B6Eh
  dw 00A11h
  dw 00B6Fh
  dw 00A11h
  dw 0096Fh
  dw 00710h
  dw 00B70h
  dw 00211h
  dw 00405h
  dw 0056Ah
  dw 00212h
  dw 00304h
  dw 0036Ah
  dw 00111h
  dw 00203h
  dw 00304h
  dw 00268h
  dw 00111h
  dw 00103h
  dw 00104h
  dw 00100h

chunliPage1frame023:
  db 04Ah,03Bh,042h,04Bh
  db 064h
  dw base+03DBDh
  dw 0017Dh
  dw 00480h
  dw 00474h
  dw 0030Ch
  dw 00772h
  dw 00708h
  dw 00306h
  dw 00872h
  dw 01780h
  dw 0191Fh
  dw 00361h
  dw 01C1Fh
  dw 00361h
  dw 01D1Eh
  dw 00567h
  dw 01819h
  dw 00568h
  dw 01718h
  dw 00569h
  dw 01617h
  dw 0066Bh
  dw 00203h
  dw 00B0Eh
  dw 00304h
  dw 0066Fh
  dw 00B0Ch
  dw 00B75h
  dw 01681h
  dw 01581h
  dw 01581h
  dw 01480h
  dw 0147Fh
  dw 0147Ch
  dw 00204h
  dw 01213h
  dw 00167h
  dw 00406h
  dw 0107Ah
  dw 0167Fh
  dw 01780h
  dw 01780h
  dw 01881h
  dw 01784h
  dw 00A0Ch
  dw 00775h
  dw 00A0Bh
  dw 00775h
  dw 00A0Ch
  dw 00103h
  dw 00372h
  dw 0090Eh
  dw 00273h
  dw 0080Dh
  dw 00274h
  dw 0070Ch
  dw 00276h
  dw 0050Ah
  dw 00275h
  dw 0060Bh
  dw 00275h
  dw 0050Bh
  dw 00276h
  dw 0040Ah
  dw 00276h
  dw 00203h
  dw 00107h
  dw 00279h
  dw 00107h
  dw 00280h
  dw 0027Ah
  dw 00106h
  dw 00380h
  dw 00380h
  dw 00380h
  dw 00380h
  dw 00380h
  dw 00380h
  dw 00380h
  dw 00381h
  dw 00380h
  dw 0047Eh
  dw 00680h
  dw 00680h
  dw 00581h
  dw 00480h
  dw 00481h
  dw 00381h
  dw 00380h
  dw 00382h
  dw 00100h

chunliPage1frame024:
  db 024h,055h,06Ah,02Dh
  db 076h
  dw base+040A6h
  dw 0017Fh
  dw 0027Fh
  dw 0037Eh
  dw 0057Fh
  dw 00580h
  dw 00607h
  dw 00278h
  dw 00A80h
  dw 00B80h
  dw 00B81h
  dw 00A81h
  dw 00980h
  dw 00980h
  dw 00980h
  dw 00980h
  dw 00880h
  dw 00880h
  dw 0090Ah
  dw 00176h
  dw 00C80h
  dw 00C80h
  dw 00D80h
  dw 00D80h
  dw 00D80h
  dw 00D80h
  dw 00C80h
  dw 00D81h
  dw 00C80h
  dw 00C81h
  dw 00B80h
  dw 00C81h
  dw 00B80h
  dw 00B81h
  dw 00708h
  dw 00278h
  dw 00708h
  dw 00278h
  dw 00708h
  dw 00278h
  dw 00A80h
  dw 00A80h
  dw 00A80h
  dw 00A81h
  dw 00A80h
  dw 00A80h
  dw 00A80h
  dw 00B80h
  dw 00B80h
  dw 00B80h
  dw 00A80h
  dw 00A80h
  dw 00A80h
  dw 00A80h
  dw 00A7Fh
  dw 00B80h
  dw 00C80h
  dw 00C80h
  dw 00C80h
  dw 00C80h
  dw 00C80h
  dw 00506h
  dw 0067Ah
  dw 00506h
  dw 00203h
  dw 00376h
  dw 00708h
  dw 00102h
  dw 00376h
  dw 0070Ah
  dw 00376h
  dw 0070Ah
  dw 00276h
  dw 0070Bh
  dw 00175h
  dw 00680h
  dw 00580h
  dw 00681h
  dw 00580h
  dw 00581h
  dw 00581h
  dw 00480h
  dw 00481h
  dw 00480h
  dw 00481h
  dw 00480h
  dw 00581h
  dw 00481h
  dw 00480h
  dw 00480h
  dw 00480h
  dw 00380h
  dw 00380h
  dw 00380h
  dw 00380h
  dw 00380h
  dw 00280h
  dw 00280h
  dw 00200h

chunliPage1frame025:
  db 034h,043h,05Eh,03Ch
  db 07Ah
  dw base+04364h
  dw 0017Dh
  dw 00580h
  dw 0057Fh
  dw 00680h
  dw 0067Fh
  dw 00780h
  dw 00780h
  dw 0070Ah
  dw 00176h
  dw 00709h
  dw 00278h
  dw 00708h
  dw 00378h
  dw 00B81h
  dw 00A81h
  dw 00980h
  dw 00980h
  dw 00880h
  dw 0097Fh
  dw 00A80h
  dw 00A7Fh
  dw 00D80h
  dw 00D80h
  dw 00C80h
  dw 00E80h
  dw 00F80h
  dw 00E80h
  dw 00D7Fh
  dw 00405h
  dw 0097Bh
  dw 00306h
  dw 00979h
  dw 00408h
  dw 00878h
  dw 00309h
  dw 00676h
  dw 0040Ah
  dw 00675h
  dw 00508h
  dw 00978h
  dw 00407h
  dw 00B78h
  dw 00507h
  dw 00C75h
  dw 00104h
  dw 00407h
  dw 00C75h
  dw 00104h
  dw 00407h
  dw 00C76h
  dw 0060Ah
  dw 00D76h
  dw 0060Ah
  dw 00D76h
  dw 0050Ah
  dw 00D76h
  dw 0040Ah
  dw 00D76h
  dw 0040Ah
  dw 00D75h
  dw 0040Ch
  dw 00C74h
  dw 0040Ch
  dw 00C74h
  dw 0050Ch
  dw 00D73h
  dw 0060Ch
  dw 00E74h
  dw 0040Ch
  dw 00E74h
  dw 0030Ch
  dw 00E74h
  dw 0030Ch
  dw 00E74h
  dw 0020Bh
  dw 00F80h
  dw 00F80h
  dw 00F80h
  dw 00F81h
  dw 00D80h
  dw 00809h
  dw 00478h
  dw 00708h
  dw 00479h
  dw 00607h
  dw 0037Ah
  dw 00981h
  dw 00881h
  dw 00405h
  dw 0017Ch
  dw 00381h
  dw 00280h
  dw 00280h
  dw 00280h
  dw 00281h
  dw 00180h
  dw 00180h
  dw 00180h
  dw 00100h

chunliPage1frame026:
  db 040h,031h,052h,033h
  db 088h
  dw base+0463Ah
  dw 0017Eh
  dw 0047Fh
  dw 00680h
  dw 0067Fh
  dw 00880h
  dw 00880h
  dw 00880h
  dw 00880h
  dw 0087Eh
  dw 00103h
  dw 0077Ch
  dw 00304h
  dw 0067Ch
  dw 0097Fh
  dw 0097Fh
  dw 00A78h
  dw 00104h
  dw 00E7Ch
  dw 00103h
  dw 0117Dh
  dw 0147Fh
  dw 0167Fh
  dw 00A0Dh
  dw 00A73h
  dw 00B0Ch
  dw 00B74h
  dw 00407h
  dw 01079h
  dw 00406h
  dw 0117Bh
  dw 00305h
  dw 0107Bh
  dw 00304h
  dw 0117Eh
  dw 00102h
  dw 0107Eh
  dw 0117Eh
  dw 0137Fh
  dw 0147Fh
  dw 0147Fh
  dw 0157Eh
  dw 0177Dh
  dw 01A80h
  dw 01A80h
  dw 00A0Bh
  dw 00305h
  dw 0096Fh
  dw 00A11h
  dw 0096Fh
  dw 00A11h
  dw 00B6Fh
  dw 00608h
  dw 00109h
  dw 00F6Fh
  dw 0030Ch
  dw 00205h
  dw 00E6Fh
  dw 0020Ch
  dw 00304h
  dw 00F70h
  dw 0020Ch
  dw 01274h
  dw 0010Ch
  dw 01274h
  dw 0010Bh
  dw 01375h
  dw 0010Bh
  dw 01275h
  dw 0010Ah
  dw 01011h
  dw 0026Fh
  dw 00305h
  dw 00B7Bh
  dw 00206h
  dw 00A7Ah
  dw 00208h
  dw 00778h
  dw 0010Ah
  dw 00581h
  dw 00300h

chunliPage1frame027:
  db 030h,04Ah,06Ah,03Ah
  db 08Ah
  dw base+0492Ah
  dw 00102h
  dw 0017Dh
  dw 00580h
  dw 0057Fh
  dw 00680h
  dw 0067Fh
  dw 00780h
  dw 00780h
  dw 00780h
  dw 00781h
  dw 00580h
  dw 00680h
  dw 0067Eh
  dw 0087Fh
  dw 0090Ah
  dw 00176h
  dw 00C7Fh
  dw 00D80h
  dw 00E80h
  dw 00E81h
  dw 00D80h
  dw 00D80h
  dw 00C7Fh
  dw 00D80h
  dw 00C80h
  dw 00C80h
  dw 00C80h
  dw 00C81h
  dw 00102h
  dw 00880h
  dw 00881h
  dw 00780h
  dw 00680h
  dw 00680h
  dw 00580h
  dw 00580h
  dw 00580h
  dw 0057Fh
  dw 00780h
  dw 0077Fh
  dw 0097Fh
  dw 00A7Fh
  dw 00B80h
  dw 00C7Fh
  dw 00D7Fh
  dw 00E7Fh
  dw 00F80h
  dw 00F7Fh
  dw 01080h
  dw 01080h
  dw 0107Fh
  dw 01180h
  dw 00708h
  dw 00978h
  dw 00507h
  dw 00A79h
  dw 00307h
  dw 00A79h
  dw 00307h
  dw 00A79h
  dw 00307h
  dw 00A78h
  dw 00408h
  dw 00A78h
  dw 00408h
  dw 00A78h
  dw 00408h
  dw 00A78h
  dw 00408h
  dw 00978h
  dw 00408h
  dw 00978h
  dw 00309h
  dw 00777h
  dw 00309h
  dw 00677h
  dw 0030Ah
  dw 00576h
  dw 0030Bh
  dw 00475h
  dw 0020Bh
  dw 00575h
  dw 0020Ch
  dw 00474h
  dw 0020Dh
  dw 00372h
  dw 0030Eh
  dw 00472h
  dw 0020Eh
  dw 00471h
  dw 00310h
  dw 00470h
  dw 00311h
  dw 0036Eh
  dw 00411h
  dw 0046Eh
  dw 00512h
  dw 0046Eh
  dw 00512h
  dw 0046Eh
  dw 00212h
  dw 00400h

chunliPage1frame028:
  db 02Ch,03Bh,06Ah,049h
  db 086h
  dw base+04BFBh
  dw 00102h
  dw 0017Dh
  dw 00580h
  dw 0057Fh
  dw 00680h
  dw 0067Fh
  dw 00780h
  dw 00780h
  dw 00780h
  dw 00781h
  dw 00580h
  dw 00680h
  dw 0067Eh
  dw 0087Fh
  dw 0090Ah
  dw 00176h
  dw 00C7Fh
  dw 00D80h
  dw 00E80h
  dw 00E81h
  dw 00D80h
  dw 00D80h
  dw 00C7Fh
  dw 00D80h
  dw 00C80h
  dw 00C80h
  dw 00C80h
  dw 00C81h
  dw 00102h
  dw 00880h
  dw 00878h
  dw 00309h
  dw 00677h
  dw 00409h
  dw 00676h
  dw 0060Ah
  dw 00576h
  dw 0070Ah
  dw 00476h
  dw 0080Ah
  dw 00476h
  dw 0080Ah
  dw 00576h
  dw 00F80h
  dw 01081h
  dw 00F80h
  dw 00F80h
  dw 01080h
  dw 01080h
  dw 01080h
  dw 00304h
  dw 00C7Ch
  dw 00304h
  dw 00C7Ch
  dw 00205h
  dw 00B7Bh
  dw 00205h
  dw 00B7Ah
  dw 00407h
  dw 00A79h
  dw 00407h
  dw 00A7Ah
  dw 00205h
  dw 00C7Bh
  dw 00205h
  dw 00C7Bh
  dw 00205h
  dw 00C7Bh
  dw 00205h
  dw 00C7Bh
  dw 00205h
  dw 00C7Bh
  dw 00205h
  dw 00C7Ah
  dw 00406h
  dw 00C7Ah
  dw 00408h
  dw 00A77h
  dw 0050Ah
  dw 00406h
  dw 0036Fh
  dw 0050Ch
  dw 00205h
  dw 0036Fh
  dw 00304h
  dw 0010Dh
  dw 0026Fh
  dw 00210h
  dw 00300h


